travis_fold:start:worker_info
[0K[33;1mWorker information[0m
hostname: 9620d711-268a-4b11-9804-3fb26c88a814@1.worker-org-854d76759-7vsnd.gce-production-3
version: v6.2.5 https://github.com/travis-ci/worker/tree/0bd72df572e7d08bf9338416c9db10866fed0617
instance: travis-job-619329c6-4600-4ff3-9688-57de5550d280 travis-ci-sardonyx-xenial-1553530528-f909ac5 (via amqp)
startup: 6.53325884s
travis_fold:end:worker_info
[0Ktravis_time:start:00ff582a
[0Ktravis_time:end:00ff582a:start=1574093073408453152,finish=1574093073581718057,duration=173264905,event=no_world_writable_dirs
[0Ktravis_time:start:0334824c
[0Ktravis_time:end:0334824c:start=1574093073585022657,finish=1574093073592373834,duration=7351177,event=setup_filter
[0Ktravis_time:start:08f03068
[0Ktravis_time:end:08f03068:start=1574093073597020422,finish=1574093073605932904,duration=8912482,event=agent
[0Ktravis_time:start:08daa82c
[0Ktravis_time:end:08daa82c:start=1574093073609045310,finish=1574093073611475866,duration=2430556,event=check_unsupported
[0Ktravis_time:start:0e24fc70
[0Ktravis_fold:start:system_info
[0K[33;1mBuild system information[0m

Build language: go

Build group: stable

Build dist: xenial

Build id: 613571359

Job id: 613571360

Runtime kernel version: 4.15.0-1028-gcp

travis-build version: 5eb41481e

[34m[1mBuild image provisioning date and time[0m

Mon Mar 25 16:43:24 UTC 2019

[34m[1mOperating System Details[0m

Distributor ID:	Ubuntu

Description:	Ubuntu 16.04.6 LTS

Release:	16.04

Codename:	xenial

[34m[1mSystemd Version[0m

systemd 229

[34m[1mCookbooks Version[0m

42e42e4 https://github.com/travis-ci/travis-cookbooks/tree/42e42e4

[34m[1mgit version[0m

git version 2.21.0

[34m[1mbash version[0m

GNU bash, version 4.3.48(1)-release (x86_64-pc-linux-gnu)

[34m[1mgcc version[0m

gcc (Ubuntu 5.4.0-6ubuntu1~16.04.11) 5.4.0 20160609

[34m[1mdocker version[0m

Client:

 Version:           18.06.0-ce

 API version:       1.38

 Go version:        go1.10.3

 Git commit:        0ffa825

 Built:             Wed Jul 18 19:11:02 2018

 OS/Arch:           linux/amd64

 Experimental:      false



Server:

 Engine:

  Version:          18.06.0-ce

  API version:      1.38 (minimum version 1.12)

  Go version:       go1.10.3

  Git commit:       0ffa825

  Built:            Wed Jul 18 19:09:05 2018

  OS/Arch:          linux/amd64

  Experimental:     false

[34m[1mclang version[0m

clang version 7.0.0 (tags/RELEASE_700/final)

[34m[1mjq version[0m

jq-1.5

[34m[1mbats version[0m

Bats 0.4.0

[34m[1mshellcheck version[0m

0.6.0

[34m[1mshfmt version[0m

v2.6.3

[34m[1mccache version[0m

3.2.4

[34m[1mcmake version[0m

cmake version 3.12.4

[34m[1mheroku version[0m

heroku/7.22.7 linux-x64 node-v11.10.1

[34m[1mimagemagick version[0m

Version: ImageMagick 6.8.9-9 Q16 x86_64 2018-09-28 http://www.imagemagick.org

[34m[1mmd5deep version[0m

4.4

[34m[1mmercurial version[0m

version 4.8

[34m[1mmysql version[0m

mysql  Ver 14.14 Distrib 5.7.25, for Linux (x86_64) using  EditLine wrapper

[34m[1mopenssl version[0m

OpenSSL 1.0.2g  1 Mar 2016

[34m[1mpacker version[0m

1.3.3

[34m[1mpostgresql client version[0m

psql (PostgreSQL) 10.7 (Ubuntu 10.7-1.pgdg16.04+1)

[34m[1mragel version[0m

Ragel State Machine Compiler version 6.8 Feb 2013

[34m[1msudo version[0m

1.8.16

[34m[1mgzip version[0m

gzip 1.6

[34m[1mzip version[0m

Zip 3.0

[34m[1mvim version[0m

VIM - Vi IMproved 7.4 (2013 Aug 10, compiled Nov 24 2016 16:44:48)

[34m[1miptables version[0m

iptables v1.6.0

[34m[1mcurl version[0m

curl 7.47.0 (x86_64-pc-linux-gnu) libcurl/7.47.0 GnuTLS/3.4.10 zlib/1.2.8 libidn/1.32 librtmp/2.3

[34m[1mwget version[0m

GNU Wget 1.17.1 built on linux-gnu.

[34m[1mrsync version[0m

rsync  version 3.1.1  protocol version 31

[34m[1mgimme version[0m

v1.5.3

[34m[1mnvm version[0m

0.34.0

[34m[1mperlbrew version[0m

/home/travis/perl5/perlbrew/bin/perlbrew  - App::perlbrew/0.86

[34m[1mphpenv version[0m

rbenv 1.1.2

[34m[1mrvm version[0m

rvm 1.29.7 (latest) by Michal Papis, Piotr Kuczynski, Wayne E. Seguin [https://rvm.io]

[34m[1mdefault ruby version[0m

ruby 2.5.3p105 (2018-10-18 revision 65156) [x86_64-linux]

[34m[1mCouchDB version[0m

couchdb 1.6.1

[34m[1mElasticSearch version[0m

5.5.0

[34m[1mInstalled Firefox version[0m

firefox 63.0.1

[34m[1mMongoDB version[0m

MongoDB 4.0.7

[34m[1mPhantomJS version[0m

2.1.1

[34m[1mPre-installed PostgreSQL versions[0m

9.4.21

9.5.16

9.6.12

[34m[1mRedis version[0m

redis-server 5.0.4

[34m[1mPre-installed Go versions[0m

1.11.1

[34m[1mmvn version[0m

Apache Maven 3.6.0 (97c98ec64a1fdfee7767ce5ffb20918da4f719f3; 2018-10-24T18:41:47Z)

[34m[1mgradle version[0m

Gradle 4.10.2!

[34m[1mlein version[0m

Leiningen 2.9.1 on Java 11.0.2 OpenJDK 64-Bit Server VM

[34m[1mPre-installed Node.js versions[0m

v10.15.3

v11.0.0

v4.9.1

v6.17.0

v8.12.0

v8.15.1

v8.9

[34m[1mphpenv versions[0m

  system

  5.6

  5.6.40

  7.1

  7.1.27

  7.2

* 7.2.15 (set by /home/travis/.phpenv/version)

  hhvm

  hhvm-stable

[34m[1mcomposer --version[0m

Composer version 1.8.4 2019-02-11 10:52:10

[34m[1mPre-installed Ruby versions[0m

ruby-2.3.8

ruby-2.4.5

ruby-2.5.3

travis_fold:end:system_info
[0K

travis_time:end:0e24fc70:start=1574093073614605930,finish=1574093073621766060,duration=7160130,event=show_system_info
[0Ktravis_time:start:1316eba5
[0Ktravis_time:end:1316eba5:start=1574093073625084688,finish=1574093073651182361,duration=26097673,event=rm_riak_source
[0Ktravis_time:start:1b71cc1c
[0Ktravis_time:end:1b71cc1c:start=1574093073656707746,finish=1574093073664989437,duration=8281691,event=fix_rwky_redis
[0Ktravis_time:start:189b1d45
[0Ktravis_time:end:189b1d45:start=1574093073678712747,finish=1574093074099009269,duration=420296522,event=wait_for_network
[0Ktravis_time:start:0ef7a244
[0Ktravis_time:end:0ef7a244:start=1574093074125594968,finish=1574093074398193457,duration=272598489,event=update_apt_keys
[0Ktravis_time:start:397a2d7e
[0Ktravis_time:end:397a2d7e:start=1574093074405114823,finish=1574093074465221180,duration=60106357,event=fix_hhvm_source
[0Ktravis_time:start:0d24b123
[0Ktravis_time:end:0d24b123:start=1574093074471067866,finish=1574093074474372986,duration=3305120,event=update_mongo_arch
[0Ktravis_time:start:0a427c8b
[0Ktravis_time:end:0a427c8b:start=1574093074480996819,finish=1574093074527887532,duration=46890713,event=fix_sudo_enabled_trusty
[0Ktravis_time:start:00ec0d8d
[0Ktravis_time:end:00ec0d8d:start=1574093074534783351,finish=1574093074537398111,duration=2614760,event=update_glibc
[0Ktravis_time:start:0e795307
[0Ktravis_time:end:0e795307:start=1574093074543060063,finish=1574093074553291221,duration=10231158,event=clean_up_path
[0Ktravis_time:start:01497b73
[0Ktravis_time:end:01497b73:start=1574093074557504058,finish=1574093074567214456,duration=9710398,event=fix_resolv_conf
[0Ktravis_time:start:1dfe0f60
[0Ktravis_time:end:1dfe0f60:start=1574093074573113155,finish=1574093074583838873,duration=10725718,event=fix_etc_hosts
[0Ktravis_time:start:02676266
[0Ktravis_time:end:02676266:start=1574093074589793981,finish=1574093074600384406,duration=10590425,event=fix_mvn_settings_xml
[0Ktravis_time:start:1019c88c
[0Ktravis_time:end:1019c88c:start=1574093074609776466,finish=1574093074621752256,duration=11975790,event=no_ipv6_localhost
[0Ktravis_time:start:1b7656fc
[0Ktravis_time:end:1b7656fc:start=1574093074630598427,finish=1574093074634325611,duration=3727184,event=fix_etc_mavenrc
[0Ktravis_time:start:01852601
[0Ktravis_time:end:01852601:start=1574093074642675744,finish=1574093074647068160,duration=4392416,event=fix_wwdr_certificate
[0Ktravis_time:start:174c630c
[0Ktravis_time:end:174c630c:start=1574093074656055931,finish=1574093074684729546,duration=28673615,event=put_localhost_first
[0Ktravis_time:start:0fa4c857
[0Ktravis_time:end:0fa4c857:start=1574093074693825419,finish=1574093074697528301,duration=3702882,event=home_paths
[0Ktravis_time:start:27c36618
[0Ktravis_time:end:27c36618:start=1574093074704252102,finish=1574093074718845189,duration=14593087,event=disable_initramfs
[0Ktravis_time:start:014bb94a
[0Ktravis_time:end:014bb94a:start=1574093074723546381,finish=1574093075102632808,duration=379086427,event=disable_ssh_roaming
[0Ktravis_time:start:10b9e70d
[0Ktravis_time:end:10b9e70d:start=1574093075108537795,finish=1574093075111313325,duration=2775530,event=debug_tools
[0Ktravis_time:start:1101fd9b
[0Ktravis_time:end:1101fd9b:start=1574093075117572205,finish=1574093075121610428,duration=4038223,event=uninstall_oclint
[0Ktravis_time:start:29b9e73a
[0Ktravis_time:end:29b9e73a:start=1574093075127616392,finish=1574093075131293284,duration=3676892,event=rvm_use
[0Ktravis_time:start:05400a2c
[0Ktravis_time:end:05400a2c:start=1574093075137601715,finish=1574093075146562699,duration=8960984,event=rm_etc_boto_cfg
[0Ktravis_time:start:0733c88a
[0Ktravis_time:end:0733c88a:start=1574093075153528712,finish=1574093075157175614,duration=3646902,event=rm_oraclejdk8_symlink
[0Ktravis_time:start:01b48d74
[0Ktravis_time:end:01b48d74:start=1574093075163778657,finish=1574093075275542267,duration=111763610,event=enable_i386
[0Ktravis_time:start:03c06ea0
[0Ktravis_time:end:03c06ea0:start=1574093075281302154,finish=1574093075289594895,duration=8292741,event=update_rubygems
[0Ktravis_time:start:249700e7
[0Ktravis_time:end:249700e7:start=1574093075297169708,finish=1574093076307213407,duration=1010043699,event=ensure_path_components
[0Ktravis_time:start:0460c950
[0Ktravis_time:end:0460c950:start=1574093076313416378,finish=1574093076316325705,duration=2909327,event=redefine_curl
[0Ktravis_time:start:050217cc
[0Ktravis_time:end:050217cc:start=1574093076322459926,finish=1574093076430974476,duration=108514550,event=nonblock_pipe
[0Ktravis_time:start:02f3481c
[0Ktravis_time:end:02f3481c:start=1574093076436798510,finish=1574093079492964894,duration=3056166384,event=apt_get_update
[0Ktravis_time:start:07c9ba56
[0Ktravis_time:end:07c9ba56:start=1574093079498480785,finish=1574093079502058708,duration=3577923,event=deprecate_xcode_64
[0Ktravis_time:start:053152e4
[0Ktravis_time:end:053152e4:start=1574093079506649447,finish=1574093082256302772,duration=2749653325,event=update_heroku
[0Ktravis_time:start:067719d2
[0Ktravis_time:end:067719d2:start=1574093082263596235,finish=1574093082266983776,duration=3387541,event=shell_session_update
[0Ktravis_time:start:07dc9680
[0Ktravis_fold:start:docker_mtu
[0Ktravis_fold:end:docker_mtu
[0Ktravis_time:end:07dc9680:start=1574093082273617629,finish=1574093084416550938,duration=2142933309,event=set_docker_mtu
[0Ktravis_time:start:1ea9a1da
[0Ktravis_fold:start:resolvconf
[0Ktravis_fold:end:resolvconf
[0Ktravis_time:end:1ea9a1da:start=1574093084424053135,finish=1574093084503621774,duration=79568639,event=resolvconf
[0Ktravis_time:start:0c638c04
[0Ktravis_time:end:0c638c04:start=1574093084516614775,finish=1574093084662821050,duration=146206275,event=maven_central_mirror
[0Ktravis_time:start:00731284
[0Ktravis_time:end:00731284:start=1574093084670210798,finish=1574093084673439802,duration=3229004,event=fix_ps4
[0KUpdating gimme

travis_time:start:00db6397
[0K

travis_fold:start:git.checkout
[0Ktravis_time:start:2a706db6
[0K$ git clone --depth=50 --branch=master https://github.com/ethereum/go-ethereum.git ethereum/go-ethereum

Cloning into 'ethereum/go-ethereum'...

travis_time:end:2a706db6:start=1574093090433397774,finish=1574093093843070242,duration=3409672468,event=checkout
[0K$ cd ethereum/go-ethereum

$ git checkout -qf 3f4a875bf6a74defd6e5e5a9cf121a5adc6e6c86

travis_fold:end:git.checkout
[0K

travis_time:end:2a706db6:start=1574093090433397774,finish=1574093094900627841,duration=4467230067,event=checkout
[0K$ travis_export_go 1.13.x github.com/ethereum/go-ethereum

travis_time:start:31f589a0
[0K

[33;1mSetting environment variables from repository settings[0m

$ export IOS_SIGNING_KEY=[secure]

$ export LINUX_SIGNING_KEY=[secure]

$ export OSX_SIGNING_KEY=[secure]

$ export ANDROID_SIGNING_KEY=[secure]

$ export AZURE_BLOBSTORE_TOKEN=[secure]

$ export ANDROID_SONATYPE_USERNAME=[secure]

$ export ANDROID_SONATYPE_PASSWORD=[secure]

$ export COCOAPODS_TRUNK_TOKEN=[secure]

$ export PPA_SIGNING_KEY=[secure]

$ export PPA_SSH_KEY=[secure]



travis_time:end:31f589a0:start=1574093094909648887,finish=1574093094934862591,duration=25213704,event=env
[0Ktravis_time:start:22549090
[0K$ travis_setup_go

go version go1.13.4 linux/amd64

$ export GOPATH="/home/travis/gopath"

$ export PATH="/home/travis/gopath/bin:/home/travis/.gimme/versions/go1.13.4.linux.amd64/bin:/home/travis/bin:/home/travis/bin:/home/travis/.local/bin:/usr/local/lib/jvm/openjdk11/bin:/opt/pyenv/shims:/home/travis/.phpenv/shims:/home/travis/perl5/perlbrew/bin:/home/travis/.nvm/versions/node/v8.12.0/bin:/home/travis/.rvm/gems/ruby-2.5.3/bin:/home/travis/.rvm/gems/ruby-2.5.3@global/bin:/home/travis/.rvm/rubies/ruby-2.5.3/bin:/home/travis/gopath/bin:/home/travis/.gimme/versions/go1.11.1.linux.amd64/bin:/usr/local/maven-3.6.0/bin:/usr/local/cmake-3.12.4/bin:/usr/local/clang-7.0.0/bin:/usr/local/sbin:/usr/local/bin:/usr/sbin:/usr/bin:/sbin:/bin:/snap/bin:/home/travis/.rvm/bin:/home/travis/.phpenv/bin:/opt/pyenv/bin:/home/travis/.yarn/bin"

$ export GO111MODULE="auto"

travis_time:end:22549090:start=1574093094940977865,finish=1574093103318055288,duration=8377077423,event=
[0K$ gimme version

v1.5.3

$ go version

go version go1.13.4 linux/amd64

travis_fold:start:go.env
[0K$ go env

GO111MODULE="auto"

GOARCH="amd64"

GOBIN=""

GOCACHE="/home/travis/.cache/go-build"

GOENV="/home/travis/.config/go/env"

GOEXE=""

GOFLAGS=""

GOHOSTARCH="amd64"

GOHOSTOS="linux"

GONOPROXY=""

GONOSUMDB=""

GOOS="linux"

GOPATH="/home/travis/gopath"

GOPRIVATE=""

GOPROXY="https://proxy.golang.org,direct"

GOROOT="/home/travis/.gimme/versions/go1.13.4.linux.amd64"

GOSUMDB="sum.golang.org"

GOTMPDIR=""

GOTOOLDIR="/home/travis/.gimme/versions/go1.13.4.linux.amd64/pkg/tool/linux_amd64"

GCCGO="gccgo"

AR="ar"

CC="gcc"

CXX="g++"

CGO_ENABLED="1"

GOMOD=""

CGO_CFLAGS="-g -O2"

CGO_CPPFLAGS=""

CGO_CXXFLAGS="-g -O2"

CGO_FFLAGS="-g -O2"

CGO_LDFLAGS="-g -O2"

PKG_CONFIG="pkg-config"

GOGCCFLAGS="-fPIC -m64 -pthread -fmessage-length=0 -fdebug-prefix-map=/tmp/go-build435854547=/tmp/go-build -gno-record-gcc-switches"

travis_fold:end:go.env
[0Ktravis_fold:start:install
[0Ktravis_time:start:1141da66
[0K$ travis_install_go_dependencies 1.13.x -v

Makefile detected

travis_time:end:1141da66:start=1574093103640316119,finish=1574093103644660918,duration=4344799,event=install
[0Ktravis_fold:end:install
[0Ktravis_time:start:04449cb0
[0K$ go run build/ci.go lint

build/cache/golangci-lint-1.21.0-linux-amd64.tar.gz is stale

downloading from https://github.com/golangci/golangci-lint/releases/download/v1.21.0/golangci-lint-1.21.0-linux-amd64.tar.gz

10%...20%...30%...40%...50%...60%...70%...80%...90%...100%

>>> build/cache/golangci-lint-1.21.0-linux-amd64/golangci-lint run --config .golangci.yml ./...

consensus/clique/api.go:125:2: structtag: struct field tag `json:"sealerActivity""` not compatible with reflect.StructTag.Get: key:"value" pairs not separated by spaces (govet)

	SigningStatus map[common.Address]int `json:"sealerActivity""`

	^

util.go:45: exit status 1

exit status 1

travis_time:end:04449cb0:start=1574093103652079378,finish=1574093219628211196,duration=115976131818,event=script
[0K[31;1mThe command "go run build/ci.go lint" exited with 1.[0m





Done. Your build exited with 1.

