travis_fold:start:worker_info
[0K[33;1mWorker information[0m
hostname: fcc69ec5-0a3f-4782-8923-e8f04a8896de@1.worker-org-7f6cdc984-hxjs7.macstadium-prod-1
version: v6.2.0 https://github.com/travis-ci/worker/tree/5e5476e01646095f48eec13196fdb3faf8f5cbf7
instance: 0e7e8324-04c5-4d4d-8f81-f22c2b5c59ca travis-ci-macos-10.13-xcode9.4.1-1529955246 (via amqp)
startup: 1m17.91297438s
travis_fold:end:worker_info
[0Ktravis_time:start:09cda9d0
[0Ktravis_time:end:09cda9d0:start=1574184867125794000,finish=1574184867653640000,duration=527846000,event=no_world_writable_dirs
[0Ktravis_time:start:0348273e
[0Ktravis_time:end:0348273e:start=1574184867662533000,finish=1574184867671860000,duration=9327000,event=setup_filter
[0Ktravis_time:start:2f8b48de
[0Ktravis_time:end:2f8b48de:start=1574184867681973000,finish=1574184867688553000,duration=6580000,event=check_unsupported
[0Ktravis_time:start:0cd5cdf8
[0Ktravis_fold:start:system_info
[0K[33;1mBuild system information[0m


Build language: go


Build id: 614089387


Job id: 614089392


Runtime kernel version: 17.4.0


travis-build version: 0c31473bb


[34m[1mBuild image provisioning date and time[0m


Mon Jun 25 21:55:14 GMT 2018


[34m[1mOperating System Details[0m


ProductName:	Mac OS X


ProductVersion:	10.13.3


BuildVersion:	17D102


[34m[1mGit version[0m


git version 2.18.0


[34m[1mbash version[0m


GNU bash, version 3.2.57(1)-release (x86_64-apple-darwin17)


Copyright (C) 2007 Free Software Foundation, Inc.


[34m[1mGCC version[0m


Apple LLVM version 9.1.0 (clang-902.0.39.2)


Target: x86_64-apple-darwin17.4.0


Thread model: posix


InstalledDir: /Applications/Xcode-9.4.1.app/Contents/Developer/Toolchains/XcodeDefault.xctoolchain/usr/bin


[34m[1mLLVM version[0m


Apple LLVM version 9.1.0 (clang-902.0.39.2)


Target: x86_64-apple-darwin17.4.0


Thread model: posix


InstalledDir: /Applications/Xcode-9.4.1.app/Contents/Developer/Toolchains/XcodeDefault.xctoolchain/usr/bin


[34m[1mPre-installed Ruby versions[0m


ruby-2.3.5


ruby-2.4.3


[34m[1mPre-installed Node.js versions[0m


v4.9.1


v5.12.0


v6.14.3


v8.11.3


[34m[1mmvn -version[0m


Apache Maven 3.5.4 (1edded0938998edf8bf061f1ceb3cfdeccf443fe; 2018-06-17T18:33:14Z)


Maven home: /usr/local/Cellar/maven/3.5.4/libexec


Java version: 10.0.1, vendor: Oracle Corporation, runtime: /Library/Java/JavaVirtualMachines/jdk-10.0.1.jdk/Contents/Home


Default locale: en_US, platform encoding: UTF-8


OS name: "mac os x", version: "10.13.3", arch: "x86_64", family: "mac"


travis_fold:end:system_info
[0K


travis_time:end:0cd5cdf8:start=1574184867697467000,finish=1574184867712763000,duration=15296000,event=show_system_info
[0Ktravis_time:start:00474e84
[0Ktravis_time:end:00474e84:start=1574184867720495000,finish=1574184867727530000,duration=7035000,event=rm_riak_source
[0Ktravis_time:start:1ba5fe3f
[0Ktravis_time:end:1ba5fe3f:start=1574184867735363000,finish=1574184867744966000,duration=9603000,event=fix_rwky_redis
[0Ktravis_time:start:03cab0b5
[0Ktravis_time:end:03cab0b5:start=1574184867758838000,finish=1574184868143911000,duration=385073000,event=wait_for_network
[0Ktravis_time:start:00cbd738
[0Ktravis_time:end:00cbd738:start=1574184868165910000,finish=1574184868183027000,duration=17117000,event=update_apt_keys
[0Ktravis_time:start:2110128d
[0Ktravis_time:end:2110128d:start=1574184868204289000,finish=1574184868219050000,duration=14761000,event=fix_hhvm_source
[0Ktravis_time:start:05574946
[0Ktravis_time:end:05574946:start=1574184868233465000,finish=1574184868255585000,duration=22120000,event=update_mongo_arch
[0Ktravis_time:start:01975a94
[0Ktravis_time:end:01975a94:start=1574184868268951000,finish=1574184868280771000,duration=11820000,event=fix_sudo_enabled_trusty
[0Ktravis_time:start:08758a16
[0Ktravis_time:end:08758a16:start=1574184868293303000,finish=1574184868301456000,duration=8153000,event=update_glibc
[0Ktravis_time:start:14365450
[0Ktravis_time:end:14365450:start=1574184868314615000,finish=1574184868391118000,duration=76503000,event=clean_up_path
[0Ktravis_time:start:022176c3
[0Ktravis_time:end:022176c3:start=1574184868406369000,finish=1574184868466641000,duration=60272000,event=fix_resolv_conf
[0Ktravis_time:start:077842a4
[0Ktravis_time:end:077842a4:start=1574184868488255000,finish=1574184868564735000,duration=76480000,event=fix_etc_hosts
[0Ktravis_time:start:0f253368
[0Ktravis_time:end:0f253368:start=1574184868584107000,finish=1574184868597932000,duration=13825000,event=fix_mvn_settings_xml
[0Ktravis_time:start:16fd5bc4
[0Ktravis_time:end:16fd5bc4:start=1574184868608680000,finish=1574184868652815000,duration=44135000,event=no_ipv6_localhost
[0Ktravis_time:start:03328ecc
[0Ktravis_time:end:03328ecc:start=1574184868664807000,finish=1574184868671515000,duration=6708000,event=fix_etc_mavenrc
[0Ktravis_time:start:026ebd80
[0Ktravis_time:end:026ebd80:start=1574184868681036000,finish=1574184868948190000,duration=267154000,event=fix_wwdr_certificate
[0Ktravis_time:start:138d0cbc
[0Ktravis_time:end:138d0cbc:start=1574184868960029000,finish=1574184869139416000,duration=179387000,event=put_localhost_first
[0Ktravis_time:start:0b9dcaaa
[0Ktravis_time:end:0b9dcaaa:start=1574184869156554000,finish=1574184869167078000,duration=10524000,event=home_paths
[0Ktravis_time:start:04233a60
[0Ktravis_time:end:04233a60:start=1574184869176315000,finish=1574184869190229000,duration=13914000,event=disable_initramfs
[0Ktravis_time:start:0181c5c0
[0Ktravis_time:end:0181c5c0:start=1574184869199504000,finish=1574184869224176000,duration=24672000,event=disable_ssh_roaming
[0Ktravis_time:start:057d5d74
[0Ktravis_time:end:057d5d74:start=1574184869234049000,finish=1574184869240776000,duration=6727000,event=debug_tools
[0Ktravis_time:start:316cee1e
[0KUninstalled oclint to prevent interference with other packages.


If you need oclint, you must explicitly install it.





travis_time:end:316cee1e:start=1574184869250065000,finish=1574184873543272000,duration=4293207000,event=uninstall_oclint
[0Ktravis_time:start:06109a82
[0Ktravis_time:end:06109a82:start=1574184873553894000,finish=1574184874597486000,duration=1043592000,event=rvm_use
[0Ktravis_time:start:0c08c1a8
[0Ktravis_time:end:0c08c1a8:start=1574184874613771000,finish=1574184874659045000,duration=45274000,event=rm_etc_boto_cfg
[0Ktravis_time:start:1b4a97cc
[0Ktravis_time:end:1b4a97cc:start=1574184874669371000,finish=1574184874678049000,duration=8678000,event=rm_oraclejdk8_symlink
[0Ktravis_time:start:0323c064
[0Ktravis_time:end:0323c064:start=1574184874688409000,finish=1574184874702360000,duration=13951000,event=enable_i386
[0Ktravis_time:start:30560600
[0Ktravis_time:end:30560600:start=1574184874714013000,finish=1574184874737172000,duration=23159000,event=update_rubygems
[0Ktravis_time:start:036da0c6
[0Ktravis_time:end:036da0c6:start=1574184874749450000,finish=1574184874763046000,duration=13596000,event=ensure_path_components
[0Ktravis_time:start:00ac4688
[0Ktravis_time:end:00ac4688:start=1574184874773750000,finish=1574184874781763000,duration=8013000,event=redefine_curl
[0Ktravis_time:start:1f78ae70
[0Ktravis_time:end:1f78ae70:start=1574184874794762000,finish=1574184874974030000,duration=179268000,event=nonblock_pipe
[0Ktravis_time:start:2d2834e8
[0Ktravis_time:end:2d2834e8:start=1574184874985523000,finish=1574184874995589000,duration=10066000,event=apt_get_update
[0Ktravis_time:start:38f50540
[0Ktravis_time:end:38f50540:start=1574184875015854000,finish=1574184875023131000,duration=7277000,event=deprecate_xcode_64
[0Ktravis_time:start:11e7174f
[0Ktravis_time:end:11e7174f:start=1574184875036291000,finish=1574184875047706000,duration=11415000,event=update_heroku
[0Ktravis_time:start:197fbcc5
[0Ktravis_time:end:197fbcc5:start=1574184875059979000,finish=1574184875067596000,duration=7617000,event=shell_session_update
[0Ktravis_time:start:02d0cab6
[0Ktravis_time:end:02d0cab6:start=1574184875077832000,finish=1574184875085154000,duration=7322000,event=maven_central_mirror
[0Ktravis_time:start:2914c61c
[0Ktravis_time:end:2914c61c:start=1574184875096532000,finish=1574184875105394000,duration=8862000,event=fix_ps4
[0KUpdating gimme


travis_time:start:12f50468
[0K


travis_fold:start:git.checkout
[0Ktravis_time:start:008ba587
[0K$ git clone --depth=50 --branch=master https://github.com/ethereum/go-ethereum.git ethereum/go-ethereum


Cloning into 'ethereum/go-ethereum'...


Checking out files:  56% (1535/2709)   
Checking out files:  57% (1545/2709)   
Checking out files:  58% (1572/2709)   
Checking out files:  59% (1599/2709)   
Checking out files:  60% (1626/2709)   
Checking out files:  61% (1653/2709)   
Checking out files:  62% (1680/2709)   
Checking out files:  63% (1707/2709)   
Checking out files:  64% (1734/2709)   
Checking out files:  65% (1761/2709)   
Checking out files:  66% (1788/2709)   
Checking out files:  67% (1816/2709)   
Checking out files:  68% (1843/2709)   
Checking out files:  69% (1870/2709)   
Checking out files:  70% (1897/2709)   
Checking out files:  71% (1924/2709)   
Checking out files:  72% (1951/2709)   
Checking out files:  73% (1978/2709)   
Checking out files:  74% (2005/2709)   
Checking out files:  75% (2032/2709)   
Checking out files:  76% (2059/2709)   
Checking out files:  77% (2086/2709)   
Checking out files:  78% (2114/2709)   
Checking out files:  79% (2141/2709)   
Checking out files:  80% (2168/2709)   
Checking out files:  81% (2195/2709)   
Checking out files:  82% (2222/2709)   
Checking out files:  83% (2249/2709)   
Checking out files:  84% (2276/2709)   
Checking out files:  85% (2303/2709)   
Checking out files:  86% (2330/2709)   
Checking out files:  87% (2357/2709)   
Checking out files:  88% (2384/2709)   
Checking out files:  89% (2412/2709)   
Checking out files:  90% (2439/2709)   
Checking out files:  91% (2466/2709)   
Checking out files:  92% (2493/2709)   
Checking out files:  93% (2520/2709)   
Checking out files:  94% (2547/2709)   
Checking out files:  95% (2574/2709)   
Checking out files:  96% (2601/2709)   
Checking out files:  97% (2628/2709)   
Checking out files:  98% (2655/2709)   
Checking out files:  99% (2682/2709)   
Checking out files: 100% (2709/2709)   
Checking out files: 100% (2709/2709), done.


travis_time:end:008ba587:start=1574184889923077000,finish=1574184894542823000,duration=4619746000,event=checkout
[0K$ cd ethereum/go-ethereum


$ git checkout -qf df206d25138078ffda04764412b248eaf4c4e9ba


travis_fold:end:git.checkout
[0K


travis_fold:start:git.submodule
[0Ktravis_time:start:0fe0c856
[0K$ git submodule update --init --recursive


Submodule 'tests' (https://github.com/ethereum/tests) registered for path 'tests/testdata'


Cloning into '/Users/travis/build/ethereum/go-ethereum/tests/testdata'...


Submodule path 'tests/testdata': checked out 'b5eb9900ee2147b40d3e681fe86efa4fd693959a'


travis_time:end:0fe0c856:start=1574184894954214000,finish=1574184973034742000,duration=78080528000,event=checkout
[0Ktravis_fold:end:git.submodule
[0Ktravis_time:end:0fe0c856:start=1574184894954214000,finish=1574184973045875000,duration=78091661000,event=checkout
[0K$ travis_export_go 1.13.x github.com/ethereum/go-ethereum


travis_time:start:0a652258
[0K


[33;1mSetting environment variables from repository settings[0m


$ export IOS_SIGNING_KEY=[secure]


$ export LINUX_SIGNING_KEY=[secure]


$ export OSX_SIGNING_KEY=[secure]


$ export ANDROID_SIGNING_KEY=[secure]


$ export AZURE_BLOBSTORE_TOKEN=[secure]


$ export ANDROID_SONATYPE_USERNAME=[secure]


$ export ANDROID_SONATYPE_PASSWORD=[secure]


$ export COCOAPODS_TRUNK_TOKEN=[secure]


$ export PPA_SIGNING_KEY=[secure]


$ export PPA_SSH_KEY=[secure]





travis_time:end:0a652258:start=1574184973141959000,finish=1574184973188168000,duration=46209000,event=env
[0Ktravis_time:start:15906576
[0K$ travis_setup_go


go version go1.13.4 darwin/amd64


$ export GOPATH="/Users/travis/gopath"


$ export PATH="/Users/travis/gopath/bin:/Users/travis/.gimme/versions/go1.13.4.darwin.amd64/bin:/Users/travis/bin:/Users/travis/.rvm/gems/ruby-2.4.3/bin:/Users/travis/.rvm/gems/ruby-2.4.3@global/bin:/Users/travis/.rvm/rubies/ruby-2.4.3/bin:/Users/travis/.rvm/bin:/Users/travis/bin:/Users/travis/.local/bin:/Users/travis/.nvm/versions/node/v6.14.3/bin:/usr/local/bin:/usr/bin:/bin:/usr/sbin:/sbin:/opt/X11/bin"


$ export GO111MODULE="auto"


travis_time:end:15906576:start=1574184973201896000,finish=1574185047763504000,duration=74561608000,event=
[0K$ gimme version


v1.5.3


$ go version


go version go1.13.4 darwin/amd64


travis_fold:start:go.env
[0K$ go env


GO111MODULE="auto"


GOARCH="amd64"


GOBIN=""


GOCACHE="/Users/travis/Library/Caches/go-build"


GOENV="/Users/travis/Library/Application Support/go/env"


GOEXE=""


GOFLAGS=""


GOHOSTARCH="amd64"


GOHOSTOS="darwin"


GONOPROXY=""


GONOSUMDB=""


GOOS="darwin"


GOPATH="/Users/travis/gopath"


GOPRIVATE=""


GOPROXY="https://proxy.golang.org,direct"


GOROOT="/Users/travis/.gimme/versions/go1.13.4.darwin.amd64"


GOSUMDB="sum.golang.org"


GOTMPDIR=""


GOTOOLDIR="/Users/travis/.gimme/versions/go1.13.4.darwin.amd64/pkg/tool/darwin_amd64"


GCCGO="gccgo"


AR="ar"


CC="clang"


CXX="clang++"


CGO_ENABLED="1"


GOMOD=""


CGO_CFLAGS="-g -O2"


CGO_CPPFLAGS=""


CGO_CXXFLAGS="-g -O2"


CGO_FFLAGS="-g -O2"


CGO_LDFLAGS="-g -O2"


PKG_CONFIG="pkg-config"


GOGCCFLAGS="-fPIC -m64 -pthread -fno-caret-diagnostics -Qunused-arguments -fmessage-length=0 -fdebug-prefix-map=/var/folders/nz/vv4_9tw56nv9k3tkvyszvwg80000gn/T/go-build361559177=/tmp/go-build -gno-record-gcc-switches -fno-common"


travis_fold:end:go.env
[0Ktravis_fold:start:install
[0Ktravis_time:start:12e5cb6f
[0K$ travis_install_go_dependencies 1.13.x -v


Makefile detected


travis_time:end:12e5cb6f:start=1574185048551249000,finish=1574185048563839000,duration=12590000,event=install
[0Ktravis_fold:end:install
[0Ktravis_time:start:0ce296fc
[0K$ echo "Increase the maximum number of open file descriptors on macOS"


Increase the maximum number of open file descriptors on macOS


travis_time:end:0ce296fc:start=1574185048582003000,finish=1574185048601642000,duration=19639000,event=script
[0K[32;1mThe command "echo "Increase the maximum number of open file descriptors on macOS"" exited with 0.[0m


travis_time:start:18b3db36
[0K$ NOFILE=20480


travis_time:end:18b3db36:start=1574185048627354000,finish=1574185048648407000,duration=21053000,event=script
[0K[32;1mThe command "NOFILE=20480" exited with 0.[0m


travis_time:start:02097e30
[0K$ sudo sysctl -w kern.maxfiles=$NOFILE


kern.maxfiles: 12288 -> 20480


travis_time:end:02097e30:start=1574185048677619000,finish=1574185048772868000,duration=95249000,event=script
[0K[32;1mThe command "sudo sysctl -w kern.maxfiles=$NOFILE" exited with 0.[0m


travis_time:start:2d197f4c
[0K$ sudo sysctl -w kern.maxfilesperproc=$NOFILE


kern.maxfilesperproc: 10240 -> 20480


travis_time:end:2d197f4c:start=1574185048786347000,finish=1574185048839866000,duration=53519000,event=script
[0K[32;1mThe command "sudo sysctl -w kern.maxfilesperproc=$NOFILE" exited with 0.[0m


travis_time:start:0d780872
[0K$ sudo launchctl limit maxfiles $NOFILE $NOFILE


travis_time:end:0d780872:start=1574185048862724000,finish=1574185048940193000,duration=77469000,event=script
[0K[32;1mThe command "sudo launchctl limit maxfiles $NOFILE $NOFILE" exited with 0.[0m


travis_time:start:0031565a
[0K$ sudo launchctl limit maxfiles


	maxfiles    20480          20480          


travis_time:end:0031565a:start=1574185048955499000,finish=1574185049005334000,duration=49835000,event=script
[0K[32;1mThe command "sudo launchctl limit maxfiles" exited with 0.[0m


travis_time:start:032a8de0
[0K$ ulimit -S -n $NOFILE


travis_time:end:032a8de0:start=1574185049019394000,finish=1574185049028071000,duration=8677000,event=script
[0K[32;1mThe command "ulimit -S -n $NOFILE" exited with 0.[0m


travis_time:start:2a3897d8
[0K$ ulimit -n


20480


travis_time:end:2a3897d8:start=1574185049043894000,finish=1574185049053656000,duration=9762000,event=script
[0K[32;1mThe command "ulimit -n" exited with 0.[0m


travis_time:start:0a2c0090
[0K$ unset -f cd


travis_time:end:0a2c0090:start=1574185049068162000,finish=1574185049076600000,duration=8438000,event=script
[0K[32;1mThe command "unset -f cd" exited with 0.[0m


travis_time:start:3e13c8fd
[0K$ go run build/ci.go install


>>> /Users/travis/.gimme/versions/go1.13.4.darwin.amd64/bin/go install -ldflags -X main.gitCommit=df206d25138078ffda04764412b248eaf4c4e9ba -X main.gitDate=20191119 -s -v ./...


github.com/ethereum/go-ethereum/vendor/github.com/allegro/bigcache/queue


github.com/ethereum/go-ethereum/vendor/github.com/aristanetworks/goarista/monotime


github.com/ethereum/go-ethereum/vendor/github.com/allegro/bigcache


github.com/ethereum/go-ethereum/common/mclock


github.com/ethereum/go-ethereum/common/prque


github.com/ethereum/go-ethereum/ethdb


github.com/ethereum/go-ethereum/vendor/github.com/go-stack/stack


github.com/ethereum/go-ethereum/vendor/golang.org/x/sys/unix


github.com/ethereum/go-ethereum/log


github.com/ethereum/go-ethereum/vendor/github.com/steakknife/hamming


github.com/ethereum/go-ethereum/vendor/github.com/elastic/gosigar


github.com/ethereum/go-ethereum/vendor/github.com/steakknife/bloomfilter


github.com/ethereum/go-ethereum/event


github.com/ethereum/go-ethereum/accounts/abi


github.com/ethereum/go-ethereum/vendor/github.com/davecgh/go-spew/spew


github.com/ethereum/go-ethereum/vendor/github.com/deckarep/golang-set


github.com/ethereum/go-ethereum/vendor/github.com/pborman/uuid


github.com/ethereum/go-ethereum/vendor/github.com/rjeczalik/notify


github.com/ethereum/go-ethereum/metrics


github.com/ethereum/go-ethereum/trie


github.com/ethereum/go-ethereum/core/types


github.com/ethereum/go-ethereum


github.com/ethereum/go-ethereum/accounts


github.com/ethereum/go-ethereum/vendor/golang.org/x/crypto/pbkdf2


github.com/ethereum/go-ethereum/vendor/golang.org/x/crypto/scrypt


github.com/ethereum/go-ethereum/vendor/github.com/gballet/go-libpcsclite


github.com/ethereum/go-ethereum/vendor/github.com/status-im/keycard-go/derivationpath


github.com/ethereum/go-ethereum/vendor/golang.org/x/crypto/curve25519


github.com/ethereum/go-ethereum/vendor/github.com/wsddn/go-ecdh


github.com/ethereum/go-ethereum/vendor/golang.org/x/text/transform


github.com/ethereum/go-ethereum/vendor/golang.org/x/text/unicode/norm


github.com/ethereum/go-ethereum/accounts/scwallet


github.com/ethereum/go-ethereum/vendor/github.com/hashicorp/golang-lru/simplelru


github.com/ethereum/go-ethereum/vendor/github.com/hashicorp/golang-lru


github.com/ethereum/go-ethereum/core/state


github.com/ethereum/go-ethereum/p2p/netutil


github.com/ethereum/go-ethereum/vendor/github.com/gorilla/websocket


github.com/ethereum/go-ethereum/vendor/golang.org/x/net/context


github.com/ethereum/go-ethereum/vendor/github.com/rs/xhandler


github.com/ethereum/go-ethereum/vendor/github.com/rs/cors


github.com/ethereum/go-ethereum/rpc


github.com/ethereum/go-ethereum/consensus


github.com/ethereum/go-ethereum/consensus/misc


github.com/ethereum/go-ethereum/consensus/clique


github.com/ethereum/go-ethereum/vendor/github.com/edsrzf/mmap-go


github.com/ethereum/go-ethereum/common/bitutil


github.com/ethereum/go-ethereum/consensus/ethash


github.com/ethereum/go-ethereum/vendor/github.com/syndtr/goleveldb/leveldb/util


github.com/ethereum/go-ethereum/vendor/github.com/syndtr/goleveldb/leveldb/cache


github.com/ethereum/go-ethereum/vendor/github.com/syndtr/goleveldb/leveldb/comparer


github.com/ethereum/go-ethereum/vendor/github.com/syndtr/goleveldb/leveldb/storage


github.com/ethereum/go-ethereum/accounts/keystore


github.com/ethereum/go-ethereum/vendor/github.com/syndtr/goleveldb/leveldb/errors


github.com/ethereum/go-ethereum/vendor/github.com/syndtr/goleveldb/leveldb/filter


github.com/ethereum/go-ethereum/vendor/github.com/syndtr/goleveldb/leveldb/iterator


github.com/ethereum/go-ethereum/vendor/github.com/syndtr/goleveldb/leveldb/journal


github.com/ethereum/go-ethereum/vendor/github.com/syndtr/goleveldb/leveldb/memdb


github.com/ethereum/go-ethereum/vendor/github.com/syndtr/goleveldb/leveldb/opt


github.com/ethereum/go-ethereum/vendor/github.com/golang/snappy


github.com/ethereum/go-ethereum/ethdb/memorydb


github.com/ethereum/go-ethereum/vendor/github.com/mattn/go-runewidth


github.com/ethereum/go-ethereum/vendor/github.com/syndtr/goleveldb/leveldb/table


github.com/ethereum/go-ethereum/vendor/github.com/olekukonko/tablewriter


github.com/ethereum/go-ethereum/vendor/github.com/pkg/errors


github.com/ethereum/go-ethereum/vendor/github.com/prometheus/tsdb/fileutil


github.com/ethereum/go-ethereum/vendor/golang.org/x/sys/cpu


github.com/ethereum/go-ethereum/vendor/github.com/syndtr/goleveldb/leveldb


github.com/ethereum/go-ethereum/crypto/blake2b


github.com/ethereum/go-ethereum/crypto/bn256/cloudflare


github.com/ethereum/go-ethereum/crypto/bn256


github.com/ethereum/go-ethereum/vendor/golang.org/x/crypto/ripemd160


github.com/ethereum/go-ethereum/core/vm


github.com/ethereum/go-ethereum/core/bloombits


github.com/ethereum/go-ethereum/ethdb/leveldb


github.com/ethereum/go-ethereum/core/rawdb


github.com/ethereum/go-ethereum/crypto/ecies


github.com/ethereum/go-ethereum/p2p/enr


github.com/ethereum/go-ethereum/p2p/enode


github.com/ethereum/go-ethereum/p2p/discover


github.com/ethereum/go-ethereum/core


github.com/ethereum/go-ethereum/vendor/github.com/huin/goupnp/httpu


github.com/ethereum/go-ethereum/vendor/github.com/huin/goupnp/scpd


github.com/ethereum/go-ethereum/vendor/github.com/huin/goupnp/soap


github.com/ethereum/go-ethereum/vendor/github.com/huin/goupnp/ssdp


github.com/ethereum/go-ethereum/vendor/golang.org/x/net/html/atom


github.com/ethereum/go-ethereum/vendor/golang.org/x/net/html


github.com/ethereum/go-ethereum/vendor/golang.org/x/text/encoding/internal/identifier


github.com/ethereum/go-ethereum/vendor/golang.org/x/text/encoding


github.com/ethereum/go-ethereum/vendor/golang.org/x/text/encoding/internal


github.com/ethereum/go-ethereum/vendor/golang.org/x/text/encoding/charmap


github.com/ethereum/go-ethereum/eth/downloader


github.com/ethereum/go-ethereum/vendor/golang.org/x/text/encoding/japanese


github.com/ethereum/go-ethereum/vendor/golang.org/x/text/encoding/korean


github.com/ethereum/go-ethereum/vendor/golang.org/x/text/encoding/simplifiedchinese


github.com/ethereum/go-ethereum/vendor/golang.org/x/text/encoding/traditionalchinese


github.com/ethereum/go-ethereum/vendor/golang.org/x/text/internal/utf8internal


github.com/ethereum/go-ethereum/vendor/golang.org/x/text/runes


github.com/ethereum/go-ethereum/vendor/golang.org/x/text/encoding/unicode


github.com/ethereum/go-ethereum/vendor/golang.org/x/text/internal/tag


github.com/ethereum/go-ethereum/vendor/golang.org/x/text/internal/language


github.com/ethereum/go-ethereum/vendor/github.com/jackpal/go-nat-pmp


github.com/ethereum/go-ethereum/vendor/github.com/tyler-smith/go-bip39/wordlists


github.com/ethereum/go-ethereum/vendor/github.com/tyler-smith/go-bip39


github.com/ethereum/go-ethereum/vendor/github.com/golang/protobuf/proto


github.com/ethereum/go-ethereum/vendor/golang.org/x/text/internal/language/compact


github.com/ethereum/go-ethereum/vendor/golang.org/x/text/language


github.com/ethereum/go-ethereum/vendor/golang.org/x/text/encoding/htmlindex


github.com/ethereum/go-ethereum/vendor/golang.org/x/net/html/charset


github.com/ethereum/go-ethereum/vendor/github.com/huin/goupnp


github.com/ethereum/go-ethereum/vendor/github.com/huin/goupnp/dcps/internetgateway1


github.com/ethereum/go-ethereum/vendor/github.com/huin/goupnp/dcps/internetgateway2


github.com/ethereum/go-ethereum/p2p/nat


github.com/ethereum/go-ethereum/p2p/discv5


github.com/ethereum/go-ethereum/vendor/github.com/golang/protobuf/protoc-gen-go/descriptor


github.com/ethereum/go-ethereum/p2p


github.com/ethereum/go-ethereum/accounts/usbwallet/trezor


github.com/ethereum/go-ethereum/internal/ethapi


github.com/ethereum/go-ethereum/vendor/github.com/[secure]/usb


github.com/ethereum/go-ethereum/signer/storage


github.com/ethereum/go-ethereum/vendor/golang.org/x/crypto/ssh/terminal


github.com/ethereum/go-ethereum/eth/filters


github.com/ethereum/go-ethereum/common/fdlimit


github.com/ethereum/go-ethereum/core/forkid


github.com/ethereum/go-ethereum/eth/fetcher


github.com/ethereum/go-ethereum/eth/gasprice


github.com/ethereum/go-ethereum/eth/tracers/internal/tracers


github.com/ethereum/go-ethereum/vendor/gopkg.in/olebedev/go-duktape.v3


github.com/ethereum/go-ethereum/accounts/usbwallet


github.com/ethereum/go-ethereum/signer/core


github.com/ethereum/go-ethereum/accounts/external


github.com/ethereum/go-ethereum/accounts/abi/bind


github.com/ethereum/go-ethereum/accounts/abi/bind/backends


github.com/ethereum/go-ethereum/miner


github.com/ethereum/go-ethereum/metrics/prometheus


github.com/ethereum/go-ethereum/metrics/exp


github.com/ethereum/go-ethereum/vendor/github.com/fjl/memsize


github.com/ethereum/go-ethereum/vendor/github.com/fjl/memsize/memsizeui


github.com/ethereum/go-ethereum/vendor/github.com/mattn/go-isatty


github.com/ethereum/go-ethereum/vendor/github.com/mattn/go-colorable


github.com/ethereum/go-ethereum/vendor/gopkg.in/urfave/cli.v1


github.com/ethereum/go-ethereum/internal/debug


github.com/ethereum/go-ethereum/node


github.com/ethereum/go-ethereum/contracts/checkpointoracle/contract


github.com/ethereum/go-ethereum/contracts/checkpointoracle


github.com/ethereum/go-ethereum/les/flowcontrol


github.com/ethereum/go-ethereum/light


github.com/ethereum/go-ethereum/vendor/github.com/graph-gophers/graphql-go/errors


github.com/ethereum/go-ethereum/vendor/github.com/graph-gophers/graphql-go/internal/common


github.com/ethereum/go-ethereum/vendor/github.com/graph-gophers/graphql-go/internal/schema


github.com/ethereum/go-ethereum/vendor/github.com/graph-gophers/graphql-go/internal/exec/packer


github.com/ethereum/go-ethereum/vendor/github.com/graph-gophers/graphql-go/introspection


github.com/ethereum/go-ethereum/vendor/github.com/graph-gophers/graphql-go/internal/exec/resolvable


github.com/ethereum/go-ethereum/vendor/github.com/graph-gophers/graphql-go/internal/query


github.com/ethereum/go-ethereum/vendor/github.com/graph-gophers/graphql-go/internal/exec/selected


github.com/ethereum/go-ethereum/vendor/github.com/graph-gophers/graphql-go/log


github.com/ethereum/go-ethereum/vendor/github.com/opentracing/opentracing-go/log


github.com/ethereum/go-ethereum/vendor/github.com/opentracing/opentracing-go


github.com/ethereum/go-ethereum/vendor/github.com/opentracing/opentracing-go/ext


github.com/ethereum/go-ethereum/vendor/github.com/graph-gophers/graphql-go/trace


github.com/ethereum/go-ethereum/vendor/github.com/graph-gophers/graphql-go/internal/exec


github.com/ethereum/go-ethereum/vendor/github.com/graph-gophers/graphql-go/internal/validation


github.com/ethereum/go-ethereum/vendor/github.com/graph-gophers/graphql-go


github.com/ethereum/go-ethereum/vendor/github.com/graph-gophers/graphql-go/relay


github.com/ethereum/go-ethereum/graphql


github.com/ethereum/go-ethereum/vendor/github.com/influxdata/influxdb/pkg/escape


github.com/ethereum/go-ethereum/vendor/github.com/influxdata/influxdb/models


github.com/ethereum/go-ethereum/vendor/github.com/influxdata/influxdb/client


github.com/ethereum/go-ethereum/metrics/influxdb


github.com/ethereum/go-ethereum/vendor/golang.org/x/sync/syncmap


github.com/ethereum/go-ethereum/whisper/whisperv6


github.com/ethereum/go-ethereum/common/compiler


github.com/ethereum/go-ethereum/ethclient


github.com/ethereum/go-ethereum/internal/jsre/deps


github.com/ethereum/go-ethereum/vendor/github.com/fatih/color


github.com/ethereum/go-ethereum/vendor/gopkg.in/sourcemap.v1/base64vlq


github.com/ethereum/go-ethereum/vendor/gopkg.in/sourcemap.v1


github.com/ethereum/go-ethereum/vendor/github.com/robertkrimen/otto/file


github.com/ethereum/go-ethereum/vendor/github.com/robertkrimen/otto/token


github.com/ethereum/go-ethereum/vendor/github.com/robertkrimen/otto/ast


github.com/ethereum/go-ethereum/vendor/github.com/robertkrimen/otto/dbg


github.com/ethereum/go-ethereum/vendor/github.com/robertkrimen/otto/parser


github.com/ethereum/go-ethereum/vendor/github.com/robertkrimen/otto/registry


github.com/ethereum/go-ethereum/vendor/github.com/robertkrimen/otto


github.com/ethereum/go-ethereum/internal/jsre


github.com/ethereum/go-ethereum/internal/web3ext


github.com/ethereum/go-ethereum/vendor/github.com/peterh/liner


github.com/ethereum/go-ethereum/console


github.com/ethereum/go-ethereum/signer/fourbyte


github.com/ethereum/go-ethereum/signer/rules/deps


github.com/ethereum/go-ethereum/signer/rules


github.com/ethereum/go-ethereum/vendor/golang.org/x/time/rate


github.com/ethereum/go-ethereum/vendor/github.com/cloudflare/cloudflare-go


github.com/ethereum/go-ethereum/p2p/dnsdisc


github.com/ethereum/go-ethereum/cmd/devp2p


github.com/ethereum/go-ethereum/core/asm


github.com/ethereum/go-ethereum/cmd/evm/internal/compiler


github.com/ethereum/go-ethereum/core/vm/runtime


github.com/ethereum/go-ethereum/tests


github.com/ethereum/go-ethereum/vendor/github.com/naoina/go-stringutil


github.com/ethereum/go-ethereum/vendor/github.com/naoina/toml/ast


github.com/ethereum/go-ethereum/vendor/github.com/naoina/toml


github.com/ethereum/go-ethereum/vendor/github.com/docker/docker/pkg/reexec


github.com/ethereum/go-ethereum/p2p/simulations/pipes


github.com/ethereum/go-ethereum/p2p/simulations/adapters


github.com/ethereum/go-ethereum/vendor/github.com/julienschmidt/httprouter


github.com/ethereum/go-ethereum/p2p/simulations


github.com/ethereum/go-ethereum/cmd/p2psim


github.com/ethereum/go-ethereum/vendor/golang.org/x/crypto/ed25519/internal/edwards25519


github.com/ethereum/go-ethereum/vendor/golang.org/x/crypto/ed25519


github.com/ethereum/go-ethereum/vendor/golang.org/x/crypto/internal/subtle


github.com/ethereum/go-ethereum/vendor/golang.org/x/crypto/internal/chacha20


github.com/ethereum/go-ethereum/vendor/golang.org/x/crypto/poly1305


github.com/ethereum/go-ethereum/vendor/golang.org/x/crypto/ssh


github.com/ethereum/go-ethereum/cmd/puppeth


github.com/ethereum/go-ethereum/cmd/rlpdump


github.com/ethereum/go-ethereum/whisper/mailserver


github.com/ethereum/go-ethereum/crypto/bn256/google


github.com/ethereum/go-ethereum/ethdb/dbtest


github.com/ethereum/go-ethereum/internal/cmdtest


github.com/ethereum/go-ethereum/internal/guide


github.com/ethereum/go-ethereum/internal/testlog


github.com/ethereum/go-ethereum/metrics/librato


github.com/ethereum/go-ethereum/whisper/shhclient


github.com/ethereum/go-ethereum/p2p/simulations/examples


github.com/ethereum/go-ethereum/p2p/testing


github.com/ethereum/go-ethereum/eth/tracers


github.com/ethereum/go-ethereum/eth


github.com/ethereum/go-ethereum/les


github.com/ethereum/go-ethereum/ethstats


github.com/ethereum/go-ethereum/cmd/faucet


github.com/ethereum/go-ethereum/cmd/utils


github.com/ethereum/go-ethereum/cmd/abigen


github.com/ethereum/go-ethereum/cmd/bootnode


github.com/ethereum/go-ethereum/cmd/checkpoint-admin


github.com/ethereum/go-ethereum/cmd/clef


github.com/ethereum/go-ethereum/cmd/ethkey


github.com/ethereum/go-ethereum/cmd/evm


github.com/ethereum/go-ethereum/cmd/geth


github.com/ethereum/go-ethereum/cmd/wnode


github.com/ethereum/go-ethereum/mobile


travis_time:end:3e13c8fd:start=1574185049101680000,finish=1574185166332528000,duration=117230848000,event=script
[0K[32;1mThe command "go run build/ci.go install" exited with 0.[0m


travis_time:start:155eb3f4
[0K$ go run build/ci.go test -coverage $TEST_PACKAGES


>>> /Users/travis/.gimme/versions/go1.13.4.darwin.amd64/bin/go test -ldflags -X main.gitCommit=df206d25138078ffda04764412b248eaf4c4e9ba -X main.gitDate=20191119 -s -p 1 -timeout 5m -covermode=atomic -cover ./...


?   	github.com/ethereum/go-ethereum	[no test files]


ok  	github.com/ethereum/go-ethereum/accounts	0.036s	coverage: 30.8% of statements


ok  	github.com/ethereum/go-ethereum/accounts/abi	0.068s	coverage: 88.8% of statements


ok  	github.com/ethereum/go-ethereum/accounts/abi/bind	7.990s	coverage: 52.1% of statements


ok  	github.com/ethereum/go-ethereum/accounts/abi/bind/backends	0.085s	coverage: 21.5% of statements


?   	github.com/ethereum/go-ethereum/accounts/external	[no test files]


--- FAIL: TestWatchNewFile (7.35s)


    account_cache_test.go:91: got ([]accounts.Account) {


        }


        , want ([]accounts.Account) (len=3 cap=3) {


         (accounts.Account) {


          Address: (common.Address) (len=20 cap=20) 0x7EF5A6135f1FD6a02593eEdC869c6D41D934aef8,


          URL: (accounts.URL) keystore:///var/folders/nz/vv4_9tw56nv9k3tkvyszvwg80000gn/T/eth-keystore-test290420219/UTC--2016-03-22T12-57-55.920751759Z--7ef5a6135f1fd6a02593eedc869c6d41d934aef8


         },


         (accounts.Account) {


          Address: (common.Address) (len=20 cap=20) 0xf466859eAD1932D743d622CB74FC058882E8648A,


          URL: (accounts.URL) keystore:///var/folders/nz/vv4_9tw56nv9k3tkvyszvwg80000gn/T/eth-keystore-test290420219/aaa


         },


         (accounts.Account) {


          Address: (common.Address) (len=20 cap=20) 0x289d485D9771714CCe91D3393D764E1311907ACc,


          URL: (accounts.URL) keystore:///var/folders/nz/vv4_9tw56nv9k3tkvyszvwg80000gn/T/eth-keystore-test290420219/zzz


         }


        }


FAIL


coverage: 76.6% of statements


FAIL	github.com/ethereum/go-ethereum/accounts/keystore	20.959s


?   	github.com/ethereum/go-ethereum/accounts/scwallet	[no test files]


?   	github.com/ethereum/go-ethereum/accounts/usbwallet	[no test files]


?   	github.com/ethereum/go-ethereum/accounts/usbwallet/trezor	[no test files]


?   	github.com/ethereum/go-ethereum/cmd/abigen	[no test files]


?   	github.com/ethereum/go-ethereum/cmd/bootnode	[no test files]


?   	github.com/ethereum/go-ethereum/cmd/checkpoint-admin	[no test files]


?   	github.com/ethereum/go-ethereum/cmd/clef	[no test files]


?   	github.com/ethereum/go-ethereum/cmd/devp2p	[no test files]


ok  	github.com/ethereum/go-ethereum/cmd/ethkey	2.808s	coverage: 1.3% of statements


?   	github.com/ethereum/go-ethereum/cmd/evm	[no test files]


?   	github.com/ethereum/go-ethereum/cmd/evm/internal/compiler	[no test files]


?   	github.com/ethereum/go-ethereum/cmd/faucet	[no test files]


ok  	github.com/ethereum/go-ethereum/cmd/geth	16.857s	coverage: 1.6% of statements


?   	github.com/ethereum/go-ethereum/cmd/p2psim	[no test files]


ok  	github.com/ethereum/go-ethereum/cmd/puppeth	0.058s	coverage: 8.7% of statements


?   	github.com/ethereum/go-ethereum/cmd/rlpdump	[no test files]


ok  	github.com/ethereum/go-ethereum/cmd/utils	0.067s	coverage: 2.3% of statements


?   	github.com/ethereum/go-ethereum/cmd/wnode	[no test files]


ok  	github.com/ethereum/go-ethereum/common	0.011s	coverage: 39.3% of statements


ok  	github.com/ethereum/go-ethereum/common/bitutil	0.011s	coverage: 95.7% of statements


ok  	github.com/ethereum/go-ethereum/common/compiler	0.016s	coverage: 0.0% of statements


ok  	github.com/ethereum/go-ethereum/common/fdlimit	0.009s	coverage: 76.2% of statements


ok  	github.com/ethereum/go-ethereum/common/hexutil	0.012s	coverage: 80.9% of statements


ok  	github.com/ethereum/go-ethereum/common/math	0.009s	coverage: 92.4% of statements


ok  	github.com/ethereum/go-ethereum/common/mclock	0.011s	coverage: 86.6% of statements


ok  	github.com/ethereum/go-ethereum/common/prque	1.262s	coverage: 74.0% of statements


?   	github.com/ethereum/go-ethereum/consensus	[no test files]


ok  	github.com/ethereum/go-ethereum/consensus/clique	1.039s	coverage: 52.5% of statements


ok  	github.com/ethereum/go-ethereum/consensus/ethash	13.111s	coverage: 63.9% of statements


?   	github.com/ethereum/go-ethereum/consensus/misc	[no test files]


ok  	github.com/ethereum/go-ethereum/console	1.940s	coverage: 37.8% of statements


ok  	github.com/ethereum/go-ethereum/contracts/checkpointoracle	1.083s	coverage: 0.0% of statements


?   	github.com/ethereum/go-ethereum/contracts/checkpointoracle/contract	[no test files]


ok  	github.com/ethereum/go-ethereum/core	43.543s	coverage: 73.4% of statements


ok  	github.com/ethereum/go-ethereum/core/asm	0.037s	coverage: 72.6% of statements


ok  	github.com/ethereum/go-ethereum/core/bloombits	4.190s	coverage: 95.5% of statements


ok  	github.com/ethereum/go-ethereum/core/forkid	0.063s	coverage: 85.9% of statements


ok  	github.com/ethereum/go-ethereum/core/rawdb	8.647s	coverage: 48.2% of statements


ok  	github.com/ethereum/go-ethereum/core/state	12.891s	coverage: 76.9% of statements


ok  	github.com/ethereum/go-ethereum/core/types	0.402s	coverage: 49.6% of statements


ok  	github.com/ethereum/go-ethereum/core/vm	0.409s	coverage: 40.1% of statements


ok  	github.com/ethereum/go-ethereum/core/vm/runtime	0.069s	coverage: 76.7% of statements


ok  	github.com/ethereum/go-ethereum/crypto	0.101s	coverage: 80.5% of statements


ok  	github.com/ethereum/go-ethereum/crypto/blake2b	0.070s	coverage: 90.3% of statements


?   	github.com/ethereum/go-ethereum/crypto/bn256	[no test files]


ok  	github.com/ethereum/go-ethereum/crypto/bn256/cloudflare	0.151s	coverage: 81.3% of statements


ok  	github.com/ethereum/go-ethereum/crypto/bn256/google	0.706s	coverage: 91.6% of statements


ok  	github.com/ethereum/go-ethereum/crypto/ecies	0.053s	coverage: 75.9% of statements


ok  	github.com/ethereum/go-ethereum/crypto/secp256k1	1.554s	coverage: 30.6% of statements


ok  	github.com/ethereum/go-ethereum/eth	15.879s	coverage: 28.8% of statements


--- FAIL: TestFakedSyncProgress64Full (0.77s)


    downloader_test.go:1445: final progress mismatch:


        have {StartingBlock:0 CurrentBlock:1004 HighestBlock:1003 PulledStates:0 KnownStates:0}


        want {StartingBlock:0 CurrentBlock:1003 HighestBlock:1003 PulledStates:0 KnownStates:0}


FAIL


coverage: 78.4% of statements


FAIL	github.com/ethereum/go-ethereum/eth/downloader	92.282s


ok  	github.com/ethereum/go-ethereum/eth/fetcher	12.779s	coverage: 89.7% of statements


ok  	github.com/ethereum/go-ethereum/eth/filters	2.610s	coverage: 54.1% of statements


?   	github.com/ethereum/go-ethereum/eth/gasprice	[no test files]


ok  	github.com/ethereum/go-ethereum/eth/tracers	0.318s	coverage: 75.6% of statements


?   	github.com/ethereum/go-ethereum/eth/tracers/internal/tracers	[no test files]


ok  	github.com/ethereum/go-ethereum/ethclient	0.201s	coverage: 14.0% of statements


?   	github.com/ethereum/go-ethereum/ethdb	[no test files]


?   	github.com/ethereum/go-ethereum/ethdb/dbtest	[no test files]


ok  	github.com/ethereum/go-ethereum/ethdb/leveldb	0.036s	coverage: 15.1% of statements


ok  	github.com/ethereum/go-ethereum/ethdb/memorydb	0.009s	coverage: 81.6% of statements


?   	github.com/ethereum/go-ethereum/ethstats	[no test files]


ok  	github.com/ethereum/go-ethereum/event	0.870s	coverage: 94.3% of statements


ok  	github.com/ethereum/go-ethereum/graphql	0.065s	coverage: 2.1% of statements


?   	github.com/ethereum/go-ethereum/internal/build	[no test files]


?   	github.com/ethereum/go-ethereum/internal/cmdtest	[no test files]


?   	github.com/ethereum/go-ethereum/internal/debug	[no test files]


?   	github.com/ethereum/go-ethereum/internal/ethapi	[no test files]


ok  	github.com/ethereum/go-ethereum/internal/guide	18.149s	coverage: [no statements]


ok  	github.com/ethereum/go-ethereum/internal/jsre	0.201s	coverage: 48.5% of statements


?   	github.com/ethereum/go-ethereum/internal/jsre/deps	[no test files]


?   	github.com/ethereum/go-ethereum/internal/testlog	[no test files]


?   	github.com/ethereum/go-ethereum/internal/web3ext	[no test files]


ok  	github.com/ethereum/go-ethereum/les	73.099s	coverage: 51.6% of statements


ok  	github.com/ethereum/go-ethereum/les/flowcontrol	14.315s	coverage: 37.9% of statements


ok  	github.com/ethereum/go-ethereum/light	1.325s	coverage: 38.5% of statements


?   	github.com/ethereum/go-ethereum/log	[no test files]


ok  	github.com/ethereum/go-ethereum/metrics	7.381s	coverage: 49.5% of statements


?   	github.com/ethereum/go-ethereum/metrics/exp	[no test files]


?   	github.com/ethereum/go-ethereum/metrics/influxdb	[no test files]


?   	github.com/ethereum/go-ethereum/metrics/librato	[no test files]


?   	github.com/ethereum/go-ethereum/metrics/prometheus	[no test files]


ok  	github.com/ethereum/go-ethereum/miner	17.633s	coverage: 70.9% of statements


ok  	github.com/ethereum/go-ethereum/mobile	0.075s	coverage: 15.2% of statements


ok  	github.com/ethereum/go-ethereum/node	1.266s	coverage: 43.0% of statements


ok  	github.com/ethereum/go-ethereum/p2p	0.702s	coverage: 74.0% of statements


ok  	github.com/ethereum/go-ethereum/p2p/discover	29.717s	coverage: 76.0% of statements


ok  	github.com/ethereum/go-ethereum/p2p/discv5	9.196s	coverage: 43.6% of statements


ok  	github.com/ethereum/go-ethereum/p2p/dnsdisc	0.296s	coverage: 82.7% of statements


ok  	github.com/ethereum/go-ethereum/p2p/enode	3.247s	coverage: 81.3% of statements


ok  	github.com/ethereum/go-ethereum/p2p/enr	0.020s	coverage: 62.3% of statements


ok  	github.com/ethereum/go-ethereum/p2p/nat	2.720s	coverage: 20.3% of statements


ok  	github.com/ethereum/go-ethereum/p2p/netutil	0.019s	coverage: 84.1% of statements


ok  	github.com/ethereum/go-ethereum/p2p/simulations	4.236s	coverage: 68.9% of statements


ok  	github.com/ethereum/go-ethereum/p2p/simulations/adapters	0.080s	coverage: 0.2% of statements


?   	github.com/ethereum/go-ethereum/p2p/simulations/examples	[no test files]


?   	github.com/ethereum/go-ethereum/p2p/simulations/pipes	[no test files]


?   	github.com/ethereum/go-ethereum/p2p/testing	[no test files]


ok  	github.com/ethereum/go-ethereum/params	0.034s	coverage: 50.0% of statements


ok  	github.com/ethereum/go-ethereum/rlp	0.023s	coverage: 96.6% of statements


ok  	github.com/ethereum/go-ethereum/rpc	8.745s	coverage: 78.3% of statements


ok  	github.com/ethereum/go-ethereum/signer/core	4.796s	coverage: 41.3% of statements


ok  	github.com/ethereum/go-ethereum/signer/fourbyte	4.303s	coverage: 46.9% of statements


ok  	github.com/ethereum/go-ethereum/signer/rules	0.229s	coverage: 77.1% of statements


?   	github.com/ethereum/go-ethereum/signer/rules/deps	[no test files]


ok  	github.com/ethereum/go-ethereum/signer/storage	0.030s	coverage: 52.3% of statements


ok  	github.com/ethereum/go-ethereum/tests	122.048s	coverage: 68.5% of statements


ok  	github.com/ethereum/go-ethereum/trie	4.109s	coverage: 69.4% of statements


ok  	github.com/ethereum/go-ethereum/whisper/mailserver	0.379s	coverage: 66.7% of statements


?   	github.com/ethereum/go-ethereum/whisper/shhclient	[no test files]


ok  	github.com/ethereum/go-ethereum/whisper/whisperv6	19.635s	coverage: 64.5% of statements


FAIL


util.go:45: exit status 1


exit status 1


travis_time:end:155eb3f4:start=1574185166346793000,finish=1574186036801413000,duration=870454620000,event=script
[0K[31;1mThe command "go run build/ci.go test -coverage $TEST_PACKAGES" exited with 1.[0m








Done. Your build exited with 1.


