travis_fold:start:worker_info
[0K[33;1mWorker information[0m
hostname: 861b5fb4-b2d6-4d5e-9f3e-292315be89d5@1.worker-org-6bc68c5dcd-bm4dk.macstadium-prod-2
version: v6.2.0 https://github.com/travis-ci/worker/tree/5e5476e01646095f48eec13196fdb3faf8f5cbf7
instance: 08faa5aa-f4de-400c-997d-659a42454caf travis-ci-macos-10.13-xcode9.4.1-1529955246 (via amqp)
startup: 1m14.402168876s
travis_fold:end:worker_info
[0Ktravis_time:start:14f3ecc0
[0Ktravis_time:end:14f3ecc0:start=1574174856110960000,finish=1574174856592176000,duration=481216000,event=no_world_writable_dirs
[0Ktravis_time:start:2d6c9b70
[0Ktravis_time:end:2d6c9b70:start=1574174856602578000,finish=1574174856625217000,duration=22639000,event=setup_filter
[0Ktravis_time:start:0d0b7e38
[0Ktravis_time:end:0d0b7e38:start=1574174856639318000,finish=1574174856647676000,duration=8358000,event=check_unsupported
[0Ktravis_time:start:0bc5d4a0
[0Ktravis_fold:start:system_info
[0K[33;1mBuild system information[0m


Build language: go


Build id: 614026146


Job id: 614026158


Runtime kernel version: 17.4.0


travis-build version: 5eb41481e


[34m[1mBuild image provisioning date and time[0m


Mon Jun 25 21:55:14 GMT 2018


[34m[1mOperating System Details[0m


ProductName:	Mac OS X


ProductVersion:	10.13.3


BuildVersion:	17D102


[34m[1mGit version[0m


git version 2.18.0


[34m[1mbash version[0m


GNU bash, version 3.2.57(1)-release (x86_64-apple-darwin17)


Copyright (C) 2007 Free Software Foundation, Inc.


[34m[1mGCC version[0m


Apple LLVM version 9.1.0 (clang-902.0.39.2)


Target: x86_64-apple-darwin17.4.0


Thread model: posix


InstalledDir: /Applications/Xcode-9.4.1.app/Contents/Developer/Toolchains/XcodeDefault.xctoolchain/usr/bin


[34m[1mLLVM version[0m


Apple LLVM version 9.1.0 (clang-902.0.39.2)


Target: x86_64-apple-darwin17.4.0


Thread model: posix


InstalledDir: /Applications/Xcode-9.4.1.app/Contents/Developer/Toolchains/XcodeDefault.xctoolchain/usr/bin


[34m[1mPre-installed Ruby versions[0m


ruby-2.3.5


ruby-2.4.3


[34m[1mPre-installed Node.js versions[0m


v4.9.1


v5.12.0


v6.14.3


v8.11.3


[34m[1mmvn -version[0m


Apache Maven 3.5.4 (1edded0938998edf8bf061f1ceb3cfdeccf443fe; 2018-06-17T18:33:14Z)


Maven home: /usr/local/Cellar/maven/3.5.4/libexec


Java version: 10.0.1, vendor: Oracle Corporation, runtime: /Library/Java/JavaVirtualMachines/jdk-10.0.1.jdk/Contents/Home


Default locale: en_US, platform encoding: UTF-8


OS name: "mac os x", version: "10.13.3", arch: "x86_64", family: "mac"


travis_fold:end:system_info
[0K


travis_time:end:0bc5d4a0:start=1574174856657207000,finish=1574174856670932000,duration=13725000,event=show_system_info
[0Ktravis_time:start:1b6f3738
[0Ktravis_time:end:1b6f3738:start=1574174856679179000,finish=1574174856686060000,duration=6881000,event=rm_riak_source
[0Ktravis_time:start:022dd199
[0Ktravis_time:end:022dd199:start=1574174856693718000,finish=1574174856700196000,duration=6478000,event=fix_rwky_redis
[0Ktravis_time:start:02283710
[0Ktravis_time:end:02283710:start=1574174856707769000,finish=1574174857066463000,duration=358694000,event=wait_for_network
[0Ktravis_time:start:00c3cdb0
[0Ktravis_time:end:00c3cdb0:start=1574174857076098000,finish=1574174857083015000,duration=6917000,event=update_apt_keys
[0Ktravis_time:start:01574424
[0Ktravis_time:end:01574424:start=1574174857092621000,finish=1574174857099922000,duration=7301000,event=fix_hhvm_source
[0Ktravis_time:start:08eefbb2
[0Ktravis_time:end:08eefbb2:start=1574174857109650000,finish=1574174857116864000,duration=7214000,event=update_mongo_arch
[0Ktravis_time:start:092f6279
[0Ktravis_time:end:092f6279:start=1574174857126546000,finish=1574174857137935000,duration=11389000,event=fix_sudo_enabled_trusty
[0Ktravis_time:start:0fa4ba50
[0Ktravis_time:end:0fa4ba50:start=1574174857147764000,finish=1574174857154848000,duration=7084000,event=update_glibc
[0Ktravis_time:start:1d9a0cf8
[0Ktravis_time:end:1d9a0cf8:start=1574174857164677000,finish=1574174857227866000,duration=63189000,event=clean_up_path
[0Ktravis_time:start:08c67a5c
[0Ktravis_time:end:08c67a5c:start=1574174857236955000,finish=1574174857279354000,duration=42399000,event=fix_resolv_conf
[0Ktravis_time:start:11036340
[0Ktravis_time:end:11036340:start=1574174857288328000,finish=1574174857334861000,duration=46533000,event=fix_etc_hosts
[0Ktravis_time:start:1b96af8c
[0Ktravis_time:end:1b96af8c:start=1574174857344241000,finish=1574174857350737000,duration=6496000,event=fix_mvn_settings_xml
[0Ktravis_time:start:03c5a936
[0Ktravis_time:end:03c5a936:start=1574174857359791000,finish=1574174857404797000,duration=45006000,event=no_ipv6_localhost
[0Ktravis_time:start:33b904de
[0Ktravis_time:end:33b904de:start=1574174857413982000,finish=1574174857420647000,duration=6665000,event=fix_etc_mavenrc
[0Ktravis_time:start:0f074826
[0Ktravis_time:end:0f074826:start=1574174857430611000,finish=1574174857661433000,duration=230822000,event=fix_wwdr_certificate
[0Ktravis_time:start:01b8bcbc
[0Ktravis_time:end:01b8bcbc:start=1574174857671846000,finish=1574174857816196000,duration=144350000,event=put_localhost_first
[0Ktravis_time:start:1036cd10
[0Ktravis_time:end:1036cd10:start=1574174857826249000,finish=1574174857833124000,duration=6875000,event=home_paths
[0Ktravis_time:start:0f54a5a1
[0Ktravis_time:end:0f54a5a1:start=1574174857842147000,finish=1574174857855792000,duration=13645000,event=disable_initramfs
[0Ktravis_time:start:01ea0880
[0Ktravis_time:end:01ea0880:start=1574174857865916000,finish=1574174857887103000,duration=21187000,event=disable_ssh_roaming
[0Ktravis_time:start:06c853ae
[0Ktravis_time:end:06c853ae:start=1574174857897126000,finish=1574174857903888000,duration=6762000,event=debug_tools
[0Ktravis_time:start:08bdf138
[0KUninstalled oclint to prevent interference with other packages.


If you need oclint, you must explicitly install it.





travis_time:end:08bdf138:start=1574174857913221000,finish=1574174861797704000,duration=3884483000,event=uninstall_oclint
[0Ktravis_time:start:02d3fea0
[0Ktravis_time:end:02d3fea0:start=1574174861807786000,finish=1574174862814827000,duration=1007041000,event=rvm_use
[0Ktravis_time:start:186fc64f
[0Ktravis_time:end:186fc64f:start=1574174862825489000,finish=1574174862866669000,duration=41180000,event=rm_etc_boto_cfg
[0Ktravis_time:start:0381be2d
[0Ktravis_time:end:0381be2d:start=1574174862876411000,finish=1574174862883281000,duration=6870000,event=rm_oraclejdk8_symlink
[0Ktravis_time:start:2b4d7296
[0Ktravis_time:end:2b4d7296:start=1574174862892948000,finish=1574174862905679000,duration=12731000,event=enable_i386
[0Ktravis_time:start:0c364960
[0Ktravis_time:end:0c364960:start=1574174862915059000,finish=1574174862925663000,duration=10604000,event=update_rubygems
[0Ktravis_time:start:1289bdd0
[0Ktravis_time:end:1289bdd0:start=1574174862935805000,finish=1574174862948426000,duration=12621000,event=ensure_path_components
[0Ktravis_time:start:1d047e15
[0Ktravis_time:end:1d047e15:start=1574174862958456000,finish=1574174862965397000,duration=6941000,event=redefine_curl
[0Ktravis_time:start:0348b652
[0Ktravis_time:end:0348b652:start=1574174862974308000,finish=1574174863137913000,duration=163605000,event=nonblock_pipe
[0Ktravis_time:start:054713fa
[0Ktravis_time:end:054713fa:start=1574174863148016000,finish=1574174863155139000,duration=7123000,event=apt_get_update
[0Ktravis_time:start:0e5f7b86
[0Ktravis_time:end:0e5f7b86:start=1574174863164515000,finish=1574174863171545000,duration=7030000,event=deprecate_xcode_64
[0Ktravis_time:start:11e84ffb
[0Ktravis_time:end:11e84ffb:start=1574174863183372000,finish=1574174863194015000,duration=10643000,event=update_heroku
[0Ktravis_time:start:1b3d6c1d
[0Ktravis_time:end:1b3d6c1d:start=1574174863203452000,finish=1574174863210310000,duration=6858000,event=shell_session_update
[0Ktravis_time:start:0179bd00
[0Ktravis_time:end:0179bd00:start=1574174863220221000,finish=1574174863227161000,duration=6940000,event=maven_central_mirror
[0Ktravis_time:start:0460a4f6
[0Ktravis_time:end:0460a4f6:start=1574174863237839000,finish=1574174863244568000,duration=6729000,event=fix_ps4
[0KUpdating gimme


travis_time:start:11d8b128
[0K


travis_fold:start:git.checkout
[0Ktravis_time:start:12bb2e3e
[0K$ git clone --depth=50 --branch=master https://github.com/ethereum/go-ethereum.git ethereum/go-ethereum


Cloning into 'ethereum/go-ethereum'...


travis_time:end:12bb2e3e:start=1574174874267885000,finish=1574174877874897000,duration=3607012000,event=checkout
[0K$ cd ethereum/go-ethereum


$ git checkout -qf 7f70a7010632b0982cc8b0ad1559148ab07da6e9


travis_fold:end:git.checkout
[0K


travis_time:end:12bb2e3e:start=1574174874267885000,finish=1574174878810260000,duration=4542375000,event=checkout
[0K$ travis_export_go 1.13.x github.com/ethereum/go-ethereum


travis_time:start:12f02988
[0K


[33;1mSetting environment variables from repository settings[0m


$ export IOS_SIGNING_KEY=[secure]


$ export LINUX_SIGNING_KEY=[secure]


$ export OSX_SIGNING_KEY=[secure]


$ export ANDROID_SIGNING_KEY=[secure]


$ export AZURE_BLOBSTORE_TOKEN=[secure]


$ export ANDROID_SONATYPE_USERNAME=[secure]


$ export ANDROID_SONATYPE_PASSWORD=[secure]


$ export COCOAPODS_TRUNK_TOKEN=[secure]


$ export PPA_SIGNING_KEY=[secure]


$ export PPA_SSH_KEY=[secure]





travis_time:end:12f02988:start=1574174878824136000,finish=1574174878860644000,duration=36508000,event=env
[0Ktravis_time:start:1f0a492a
[0K$ travis_setup_go


go version go1.13.4 darwin/amd64


$ export GOPATH="/Users/travis/gopath"


$ export PATH="/Users/travis/gopath/bin:/Users/travis/.gimme/versions/go1.13.4.darwin.amd64/bin:/Users/travis/bin:/Users/travis/.rvm/gems/ruby-2.4.3/bin:/Users/travis/.rvm/gems/ruby-2.4.3@global/bin:/Users/travis/.rvm/rubies/ruby-2.4.3/bin:/Users/travis/.rvm/bin:/Users/travis/bin:/Users/travis/.local/bin:/Users/travis/.nvm/versions/node/v6.14.3/bin:/usr/local/bin:/usr/bin:/bin:/usr/sbin:/sbin:/opt/X11/bin"


$ export GO111MODULE="auto"


travis_time:end:1f0a492a:start=1574174878871930000,finish=1574174893578120000,duration=14706190000,event=
[0K$ gimme version


v1.5.3


$ go version


go version go1.13.4 darwin/amd64


travis_fold:start:go.env
[0K$ go env


GO111MODULE="auto"


GOARCH="amd64"


GOBIN=""


GOCACHE="/Users/travis/Library/Caches/go-build"


GOENV="/Users/travis/Library/Application Support/go/env"


GOEXE=""


GOFLAGS=""


GOHOSTARCH="amd64"


GOHOSTOS="darwin"


GONOPROXY=""


GONOSUMDB=""


GOOS="darwin"


GOPATH="/Users/travis/gopath"


GOPRIVATE=""


GOPROXY="https://proxy.golang.org,direct"


GOROOT="/Users/travis/.gimme/versions/go1.13.4.darwin.amd64"


GOSUMDB="sum.golang.org"


GOTMPDIR=""


GOTOOLDIR="/Users/travis/.gimme/versions/go1.13.4.darwin.amd64/pkg/tool/darwin_amd64"


GCCGO="gccgo"


AR="ar"


CC="clang"


CXX="clang++"


CGO_ENABLED="1"


GOMOD=""


CGO_CFLAGS="-g -O2"


CGO_CPPFLAGS=""


CGO_CXXFLAGS="-g -O2"


CGO_FFLAGS="-g -O2"


CGO_LDFLAGS="-g -O2"


PKG_CONFIG="pkg-config"


GOGCCFLAGS="-fPIC -m64 -pthread -fno-caret-diagnostics -Qunused-arguments -fmessage-length=0 -fdebug-prefix-map=/var/folders/nz/vv4_9tw56nv9k3tkvyszvwg80000gn/T/go-build021129428=/tmp/go-build -gno-record-gcc-switches -fno-common"


travis_fold:end:go.env
[0Ktravis_fold:start:install
[0Ktravis_time:start:102ebd82
[0K$ travis_install_go_dependencies 1.13.x -v


Makefile detected


travis_time:end:102ebd82:start=1574174893889424000,finish=1574174893902509000,duration=13085000,event=install
[0Ktravis_fold:end:install
[0Ktravis_time:start:11213052
[0K$ go run build/ci.go install


>>> /Users/travis/.gimme/versions/go1.13.4.darwin.amd64/bin/go install -ldflags -X main.gitCommit=7f70a7010632b0982cc8b0ad1559148ab07da6e9 -X main.gitDate=20191119 -s -v ./...


github.com/ethereum/go-ethereum/vendor/github.com/aristanetworks/goarista/monotime


github.com/ethereum/go-ethereum/vendor/github.com/allegro/bigcache/queue


github.com/ethereum/go-ethereum/common/mclock


github.com/ethereum/go-ethereum/vendor/github.com/allegro/bigcache


github.com/ethereum/go-ethereum/common/prque


github.com/ethereum/go-ethereum/ethdb


github.com/ethereum/go-ethereum/vendor/github.com/go-stack/stack


github.com/ethereum/go-ethereum/log


github.com/ethereum/go-ethereum/vendor/golang.org/x/sys/unix


github.com/ethereum/go-ethereum/vendor/github.com/steakknife/hamming


github.com/ethereum/go-ethereum/vendor/github.com/steakknife/bloomfilter


github.com/ethereum/go-ethereum/event


github.com/ethereum/go-ethereum/accounts/abi


github.com/ethereum/go-ethereum/vendor/github.com/elastic/gosigar


github.com/ethereum/go-ethereum/vendor/github.com/davecgh/go-spew/spew


github.com/ethereum/go-ethereum/vendor/github.com/deckarep/golang-set


github.com/ethereum/go-ethereum/vendor/github.com/pborman/uuid


github.com/ethereum/go-ethereum/vendor/github.com/rjeczalik/notify


github.com/ethereum/go-ethereum/metrics


github.com/ethereum/go-ethereum/trie


github.com/ethereum/go-ethereum/core/types


github.com/ethereum/go-ethereum


github.com/ethereum/go-ethereum/accounts


github.com/ethereum/go-ethereum/vendor/golang.org/x/crypto/pbkdf2


github.com/ethereum/go-ethereum/vendor/golang.org/x/crypto/scrypt


github.com/ethereum/go-ethereum/vendor/github.com/gballet/go-libpcsclite


github.com/ethereum/go-ethereum/vendor/github.com/status-im/keycard-go/derivationpath


github.com/ethereum/go-ethereum/vendor/golang.org/x/crypto/curve25519


github.com/ethereum/go-ethereum/vendor/github.com/wsddn/go-ecdh


github.com/ethereum/go-ethereum/vendor/golang.org/x/text/transform


github.com/ethereum/go-ethereum/vendor/golang.org/x/text/unicode/norm


github.com/ethereum/go-ethereum/accounts/scwallet


github.com/ethereum/go-ethereum/vendor/github.com/hashicorp/golang-lru/simplelru


github.com/ethereum/go-ethereum/vendor/github.com/hashicorp/golang-lru


github.com/ethereum/go-ethereum/core/state


github.com/ethereum/go-ethereum/p2p/netutil


github.com/ethereum/go-ethereum/vendor/github.com/gorilla/websocket


github.com/ethereum/go-ethereum/vendor/golang.org/x/net/context


github.com/ethereum/go-ethereum/vendor/github.com/rs/xhandler


github.com/ethereum/go-ethereum/vendor/github.com/rs/cors


github.com/ethereum/go-ethereum/rpc


github.com/ethereum/go-ethereum/consensus


github.com/ethereum/go-ethereum/consensus/misc


github.com/ethereum/go-ethereum/consensus/clique


github.com/ethereum/go-ethereum/vendor/github.com/edsrzf/mmap-go


github.com/ethereum/go-ethereum/common/bitutil


github.com/ethereum/go-ethereum/accounts/keystore


github.com/ethereum/go-ethereum/consensus/ethash


github.com/ethereum/go-ethereum/vendor/github.com/syndtr/goleveldb/leveldb/util


github.com/ethereum/go-ethereum/vendor/github.com/syndtr/goleveldb/leveldb/cache


github.com/ethereum/go-ethereum/vendor/github.com/syndtr/goleveldb/leveldb/comparer


github.com/ethereum/go-ethereum/vendor/github.com/syndtr/goleveldb/leveldb/storage


github.com/ethereum/go-ethereum/vendor/github.com/syndtr/goleveldb/leveldb/filter


github.com/ethereum/go-ethereum/vendor/github.com/syndtr/goleveldb/leveldb/opt


github.com/ethereum/go-ethereum/vendor/github.com/golang/snappy


github.com/ethereum/go-ethereum/ethdb/memorydb


github.com/ethereum/go-ethereum/vendor/github.com/mattn/go-runewidth


github.com/ethereum/go-ethereum/vendor/github.com/olekukonko/tablewriter


github.com/ethereum/go-ethereum/vendor/github.com/syndtr/goleveldb/leveldb/errors


github.com/ethereum/go-ethereum/vendor/github.com/syndtr/goleveldb/leveldb/iterator


github.com/ethereum/go-ethereum/vendor/github.com/syndtr/goleveldb/leveldb/journal


github.com/ethereum/go-ethereum/vendor/github.com/syndtr/goleveldb/leveldb/memdb


github.com/ethereum/go-ethereum/vendor/github.com/syndtr/goleveldb/leveldb/table


github.com/ethereum/go-ethereum/vendor/github.com/pkg/errors


github.com/ethereum/go-ethereum/vendor/github.com/prometheus/tsdb/fileutil


github.com/ethereum/go-ethereum/vendor/golang.org/x/sys/cpu


github.com/ethereum/go-ethereum/crypto/blake2b


github.com/ethereum/go-ethereum/vendor/github.com/syndtr/goleveldb/leveldb


github.com/ethereum/go-ethereum/crypto/bn256/cloudflare


github.com/ethereum/go-ethereum/crypto/bn256


github.com/ethereum/go-ethereum/vendor/golang.org/x/crypto/ripemd160


github.com/ethereum/go-ethereum/core/vm


github.com/ethereum/go-ethereum/core/bloombits


github.com/ethereum/go-ethereum/crypto/ecies


github.com/ethereum/go-ethereum/ethdb/leveldb


github.com/ethereum/go-ethereum/p2p/enr


github.com/ethereum/go-ethereum/core/rawdb


github.com/ethereum/go-ethereum/p2p/enode


github.com/ethereum/go-ethereum/p2p/discover


github.com/ethereum/go-ethereum/core


github.com/ethereum/go-ethereum/vendor/github.com/huin/goupnp/httpu


github.com/ethereum/go-ethereum/vendor/github.com/huin/goupnp/scpd


github.com/ethereum/go-ethereum/vendor/github.com/huin/goupnp/soap


github.com/ethereum/go-ethereum/vendor/github.com/huin/goupnp/ssdp


github.com/ethereum/go-ethereum/vendor/golang.org/x/net/html/atom


github.com/ethereum/go-ethereum/vendor/golang.org/x/net/html


github.com/ethereum/go-ethereum/vendor/golang.org/x/text/encoding/internal/identifier


github.com/ethereum/go-ethereum/vendor/golang.org/x/text/encoding


github.com/ethereum/go-ethereum/vendor/golang.org/x/text/encoding/internal


github.com/ethereum/go-ethereum/vendor/golang.org/x/text/encoding/charmap


github.com/ethereum/go-ethereum/vendor/golang.org/x/text/encoding/japanese


github.com/ethereum/go-ethereum/eth/downloader


github.com/ethereum/go-ethereum/vendor/golang.org/x/text/encoding/korean


github.com/ethereum/go-ethereum/vendor/golang.org/x/text/encoding/simplifiedchinese


github.com/ethereum/go-ethereum/vendor/golang.org/x/text/encoding/traditionalchinese


github.com/ethereum/go-ethereum/vendor/golang.org/x/text/internal/utf8internal


github.com/ethereum/go-ethereum/vendor/golang.org/x/text/runes


github.com/ethereum/go-ethereum/vendor/golang.org/x/text/internal/tag


github.com/ethereum/go-ethereum/vendor/golang.org/x/text/internal/language


github.com/ethereum/go-ethereum/vendor/golang.org/x/text/encoding/unicode


github.com/ethereum/go-ethereum/vendor/github.com/jackpal/go-nat-pmp


github.com/ethereum/go-ethereum/vendor/github.com/tyler-smith/go-bip39/wordlists


github.com/ethereum/go-ethereum/vendor/github.com/tyler-smith/go-bip39


github.com/ethereum/go-ethereum/vendor/github.com/golang/protobuf/proto


github.com/ethereum/go-ethereum/vendor/golang.org/x/text/internal/language/compact


github.com/ethereum/go-ethereum/vendor/golang.org/x/text/language


github.com/ethereum/go-ethereum/vendor/golang.org/x/text/encoding/htmlindex


github.com/ethereum/go-ethereum/vendor/golang.org/x/net/html/charset


github.com/ethereum/go-ethereum/vendor/github.com/huin/goupnp


github.com/ethereum/go-ethereum/vendor/github.com/huin/goupnp/dcps/internetgateway1


github.com/ethereum/go-ethereum/vendor/github.com/huin/goupnp/dcps/internetgateway2


github.com/ethereum/go-ethereum/p2p/nat


github.com/ethereum/go-ethereum/p2p/discv5


github.com/ethereum/go-ethereum/vendor/github.com/golang/protobuf/protoc-gen-go/descriptor


github.com/ethereum/go-ethereum/p2p


github.com/ethereum/go-ethereum/accounts/usbwallet/trezor


github.com/ethereum/go-ethereum/internal/ethapi


github.com/ethereum/go-ethereum/vendor/github.com/[secure]/usb


github.com/ethereum/go-ethereum/signer/storage


github.com/ethereum/go-ethereum/vendor/golang.org/x/crypto/ssh/terminal


github.com/ethereum/go-ethereum/eth/filters


github.com/ethereum/go-ethereum/common/fdlimit


github.com/ethereum/go-ethereum/core/forkid


github.com/ethereum/go-ethereum/eth/fetcher


github.com/ethereum/go-ethereum/eth/gasprice


github.com/ethereum/go-ethereum/eth/tracers/internal/tracers


github.com/ethereum/go-ethereum/vendor/gopkg.in/olebedev/go-duktape.v3


github.com/ethereum/go-ethereum/accounts/usbwallet


github.com/ethereum/go-ethereum/signer/core


github.com/ethereum/go-ethereum/accounts/external


github.com/ethereum/go-ethereum/accounts/abi/bind


github.com/ethereum/go-ethereum/accounts/abi/bind/backends


github.com/ethereum/go-ethereum/miner


github.com/ethereum/go-ethereum/metrics/prometheus


github.com/ethereum/go-ethereum/metrics/exp


github.com/ethereum/go-ethereum/vendor/github.com/fjl/memsize


github.com/ethereum/go-ethereum/vendor/github.com/fjl/memsize/memsizeui


github.com/ethereum/go-ethereum/vendor/github.com/mattn/go-isatty


github.com/ethereum/go-ethereum/vendor/github.com/mattn/go-colorable


github.com/ethereum/go-ethereum/vendor/gopkg.in/urfave/cli.v1


github.com/ethereum/go-ethereum/internal/debug


github.com/ethereum/go-ethereum/node


github.com/ethereum/go-ethereum/contracts/checkpointoracle/contract


github.com/ethereum/go-ethereum/contracts/checkpointoracle


github.com/ethereum/go-ethereum/les/flowcontrol


github.com/ethereum/go-ethereum/light


github.com/ethereum/go-ethereum/vendor/github.com/graph-gophers/graphql-go/errors


github.com/ethereum/go-ethereum/vendor/github.com/graph-gophers/graphql-go/internal/common


github.com/ethereum/go-ethereum/vendor/github.com/graph-gophers/graphql-go/internal/schema


github.com/ethereum/go-ethereum/vendor/github.com/graph-gophers/graphql-go/internal/exec/packer


github.com/ethereum/go-ethereum/vendor/github.com/graph-gophers/graphql-go/introspection


github.com/ethereum/go-ethereum/vendor/github.com/graph-gophers/graphql-go/internal/exec/resolvable


github.com/ethereum/go-ethereum/vendor/github.com/graph-gophers/graphql-go/internal/query


github.com/ethereum/go-ethereum/vendor/github.com/graph-gophers/graphql-go/internal/exec/selected


github.com/ethereum/go-ethereum/vendor/github.com/graph-gophers/graphql-go/log


github.com/ethereum/go-ethereum/vendor/github.com/opentracing/opentracing-go/log


github.com/ethereum/go-ethereum/vendor/github.com/opentracing/opentracing-go


github.com/ethereum/go-ethereum/vendor/github.com/opentracing/opentracing-go/ext


github.com/ethereum/go-ethereum/vendor/github.com/graph-gophers/graphql-go/trace


github.com/ethereum/go-ethereum/vendor/github.com/graph-gophers/graphql-go/internal/exec


github.com/ethereum/go-ethereum/vendor/github.com/graph-gophers/graphql-go/internal/validation


github.com/ethereum/go-ethereum/vendor/github.com/graph-gophers/graphql-go


github.com/ethereum/go-ethereum/vendor/github.com/graph-gophers/graphql-go/relay


github.com/ethereum/go-ethereum/graphql


github.com/ethereum/go-ethereum/vendor/github.com/influxdata/influxdb/pkg/escape


github.com/ethereum/go-ethereum/vendor/github.com/influxdata/influxdb/models


github.com/ethereum/go-ethereum/vendor/github.com/influxdata/influxdb/client


github.com/ethereum/go-ethereum/metrics/influxdb


github.com/ethereum/go-ethereum/vendor/golang.org/x/sync/syncmap


github.com/ethereum/go-ethereum/whisper/whisperv6


github.com/ethereum/go-ethereum/common/compiler


github.com/ethereum/go-ethereum/ethclient


github.com/ethereum/go-ethereum/internal/jsre/deps


github.com/ethereum/go-ethereum/vendor/github.com/fatih/color


github.com/ethereum/go-ethereum/vendor/gopkg.in/sourcemap.v1/base64vlq


github.com/ethereum/go-ethereum/vendor/gopkg.in/sourcemap.v1


github.com/ethereum/go-ethereum/vendor/github.com/robertkrimen/otto/file


github.com/ethereum/go-ethereum/vendor/github.com/robertkrimen/otto/token


github.com/ethereum/go-ethereum/vendor/github.com/robertkrimen/otto/ast


github.com/ethereum/go-ethereum/vendor/github.com/robertkrimen/otto/dbg


github.com/ethereum/go-ethereum/vendor/github.com/robertkrimen/otto/parser


github.com/ethereum/go-ethereum/vendor/github.com/robertkrimen/otto/registry


github.com/ethereum/go-ethereum/vendor/github.com/robertkrimen/otto


github.com/ethereum/go-ethereum/internal/jsre


github.com/ethereum/go-ethereum/internal/web3ext


github.com/ethereum/go-ethereum/vendor/github.com/peterh/liner


github.com/ethereum/go-ethereum/console


github.com/ethereum/go-ethereum/signer/fourbyte


github.com/ethereum/go-ethereum/signer/rules/deps


github.com/ethereum/go-ethereum/signer/rules


github.com/ethereum/go-ethereum/vendor/golang.org/x/time/rate


github.com/ethereum/go-ethereum/vendor/github.com/cloudflare/cloudflare-go


github.com/ethereum/go-ethereum/p2p/dnsdisc


github.com/ethereum/go-ethereum/cmd/devp2p


github.com/ethereum/go-ethereum/core/asm


github.com/ethereum/go-ethereum/cmd/evm/internal/compiler


github.com/ethereum/go-ethereum/core/vm/runtime


github.com/ethereum/go-ethereum/tests


github.com/ethereum/go-ethereum/vendor/github.com/naoina/go-stringutil


github.com/ethereum/go-ethereum/vendor/github.com/naoina/toml/ast


github.com/ethereum/go-ethereum/vendor/github.com/naoina/toml


github.com/ethereum/go-ethereum/vendor/github.com/docker/docker/pkg/reexec


github.com/ethereum/go-ethereum/p2p/simulations/pipes


github.com/ethereum/go-ethereum/p2p/simulations/adapters


github.com/ethereum/go-ethereum/vendor/github.com/julienschmidt/httprouter


github.com/ethereum/go-ethereum/p2p/simulations


github.com/ethereum/go-ethereum/cmd/p2psim


github.com/ethereum/go-ethereum/vendor/golang.org/x/crypto/ed25519/internal/edwards25519


github.com/ethereum/go-ethereum/vendor/golang.org/x/crypto/ed25519


github.com/ethereum/go-ethereum/vendor/golang.org/x/crypto/internal/subtle


github.com/ethereum/go-ethereum/vendor/golang.org/x/crypto/internal/chacha20


github.com/ethereum/go-ethereum/vendor/golang.org/x/crypto/poly1305


github.com/ethereum/go-ethereum/vendor/golang.org/x/crypto/ssh


github.com/ethereum/go-ethereum/cmd/puppeth


github.com/ethereum/go-ethereum/cmd/rlpdump


github.com/ethereum/go-ethereum/whisper/mailserver


github.com/ethereum/go-ethereum/crypto/bn256/google


github.com/ethereum/go-ethereum/ethdb/dbtest


github.com/ethereum/go-ethereum/internal/cmdtest


github.com/ethereum/go-ethereum/internal/guide


github.com/ethereum/go-ethereum/internal/testlog


github.com/ethereum/go-ethereum/metrics/librato


github.com/ethereum/go-ethereum/whisper/shhclient


github.com/ethereum/go-ethereum/p2p/simulations/examples


github.com/ethereum/go-ethereum/p2p/testing


github.com/ethereum/go-ethereum/eth/tracers


github.com/ethereum/go-ethereum/eth


github.com/ethereum/go-ethereum/les


github.com/ethereum/go-ethereum/ethstats


github.com/ethereum/go-ethereum/cmd/utils


github.com/ethereum/go-ethereum/cmd/faucet


github.com/ethereum/go-ethereum/cmd/abigen


github.com/ethereum/go-ethereum/cmd/bootnode


github.com/ethereum/go-ethereum/cmd/checkpoint-admin


github.com/ethereum/go-ethereum/cmd/clef


github.com/ethereum/go-ethereum/cmd/ethkey


github.com/ethereum/go-ethereum/cmd/evm


github.com/ethereum/go-ethereum/cmd/geth


github.com/ethereum/go-ethereum/cmd/wnode


github.com/ethereum/go-ethereum/mobile


travis_time:end:11213052:start=1574174893914166000,finish=1574175005897229000,duration=111983063000,event=script
[0K[32;1mThe command "go run build/ci.go install" exited with 0.[0m


travis_time:start:181d27b7
[0K$ go run build/ci.go archive -type tar -signer OSX_SIGNING_KEY -upload gethstore/builds


geth-darwin-amd64-1.9.8-unstable-7f70a701.tar.gz


   + COPYING


   + geth


geth-alltools-darwin-amd64-1.9.8-unstable-7f70a701.tar.gz


   + COPYING


   + abigen


   + bootnode


   + evm


   + geth


   + puppeth


   + rlpdump


   + wnode


   + clef


travis_time:end:181d27b7:start=1574175005916353000,finish=1574175038864117000,duration=32947764000,event=script
[0K[32;1mThe command "go run build/ci.go archive -type tar -signer OSX_SIGNING_KEY -upload gethstore/builds" exited with 0.[0m


travis_time:start:100efc3a
[0K$ gem uninstall cocoapods -a -x


Removing pod


Removing sandbox-pod


Successfully uninstalled cocoapods-1.5.3


travis_time:end:100efc3a:start=1574175038875143000,finish=1574175039661179000,duration=786036000,event=script
[0K[32;1mThe command "gem uninstall cocoapods -a -x" exited with 0.[0m


travis_time:start:01bd1b48
[0K$ gem install cocoapods


Successfully installed concurrent-ruby-1.1.5


Successfully installed algoliasearch-1.27.1


Successfully installed cocoapods-core-1.8.4


Successfully installed cocoapods-deintegrate-1.0.4


Successfully installed cocoapods-downloader-1.3.0


Successfully installed cocoapods-trunk-1.4.1


Successfully installed molinillo-0.6.6


Successfully installed atomos-0.1.3


Successfully installed nanaimo-0.2.6


Successfully installed xcodeproj-1.13.0


Successfully installed fourflusher-2.3.1


Successfully installed ruby-macho-1.4.0


Successfully installed cocoapods-1.8.4


13 gems installed


travis_time:end:01bd1b48:start=1574175039673706000,finish=1574175042992969000,duration=3319263000,event=script
[0K[32;1mThe command "gem install cocoapods" exited with 0.[0m


travis_time:start:0211a344
[0K$ mv ~/.cocoapods/repos/master ~/.cocoapods/repos/master.bak


travis_time:end:0211a344:start=1574175043004781000,finish=1574175043021952000,duration=17171000,event=script
[0K[32;1mThe command "mv ~/.cocoapods/repos/master ~/.cocoapods/repos/master.bak" exited with 0.[0m


travis_time:start:11fa71b8
[0K$ sed -i '.bak' 's/repo.join/!repo.join/g' $(dirname `gem which cocoapods`)/cocoapods/sources_manager.rb


travis_time:end:11fa71b8:start=1574175043036302000,finish=1574175043685691000,duration=649389000,event=script
[0K[32;1mThe command "sed -i '.bak' 's/repo.join/!repo.join/g' $(dirname `gem which cocoapods`)/cocoapods/sources_manager.rb" exited with 0.[0m


travis_time:start:26cb39a6
[0K$ if [ "$TRAVIS_PULL_REQUEST" = "false" ]; then git clone --depth=1 https://github.com/CocoaPods/Specs.git ~/.cocoapods/repos/master && pod setup --verbose; fi


Cloning into '/Users/travis/.cocoapods/repos/master'...


Checking out files:   0% (3373/375160)   
Checking out files:   1% (3752/375160)   
Checking out files:   1% (5660/375160)   
Checking out files:   2% (7504/375160)   
Checking out files:   2% (7668/375160)   
Checking out files:   2% (8873/375160)   
Checking out files:   2% (10349/375160)   
Checking out files:   3% (11255/375160)   
Checking out files:   3% (12363/375160)   
Checking out files:   4% (15007/375160)   
Checking out files:   4% (15384/375160)   
Checking out files:   4% (18214/375160)   
Checking out files:   5% (18758/375160)   
Checking out files:   5% (21060/375160)   
Checking out files:   6% (22510/375160)   
Checking out files:   6% (23574/375160)   
Checking out files:   6% (25702/375160)   
Checking out files:   7% (26262/375160)   
Checking out files:   7% (28531/375160)   
Checking out files:   8% (30013/375160)   
Checking out files:   8% (31200/375160)   
Checking out files:   9% (33765/375160)   
Checking out files:   9% (34356/375160)   
Checking out files:   9% (37465/375160)   
Checking out files:  10% (37516/375160)   
Checking out files:  10% (40583/375160)   
Checking out files:  11% (41268/375160)   
Checking out files:  11% (43785/375160)   
Checking out files:  12% (45020/375160)   
Checking out files:  12% (46978/375160)   
Checking out files:  13% (48771/375160)   
Checking out files:  13% (49978/375160)   
Checking out files:  14% (52523/375160)   
Checking out files:  14% (53181/375160)   
Checking out files:  15% (56274/375160)   
Checking out files:  15% (56278/375160)   
Checking out files:  15% (59403/375160)   
Checking out files:  16% (60026/375160)   
Checking out files:  16% (62288/375160)   
Checking out files:  17% (63778/375160)   
Checking out files:  17% (65048/375160)   
Checking out files:  18% (67529/375160)   
Checking out files:  18% (68204/375160)   
Checking out files:  18% (71098/375160)   
Checking out files:  19% (71281/375160)   
Checking out files:  19% (74087/375160)   
Checking out files:  20% (75032/375160)   
Checking out files:  20% (77220/375160)   
Checking out files:  21% (78784/375160)   
Checking out files:  21% (80237/375160)   
Checking out files:  22% (82536/375160)   
Checking out files:  22% (82996/375160)   
Checking out files:  22% (86160/375160)   
Checking out files:  23% (86287/375160)   
Checking out files:  23% (89156/375160)   
Checking out files:  24% (90039/375160)   
Checking out files:  24% (92163/375160)   
Checking out files:  25% (93790/375160)   
Checking out files:  25% (95270/375160)   
Checking out files:  26% (97542/375160)   
Checking out files:  26% (98005/375160)   
Checking out files:  26% (101078/375160)   
Checking out files:  27% (101294/375160)   
Checking out files:  27% (104032/375160)   
Checking out files:  28% (105045/375160)   
Checking out files:  28% (106720/375160)   
Checking out files:  29% (108797/375160)   
Checking out files:  29% (109591/375160)   
Checking out files:  30% (112548/375160)   
Checking out files:  30% (112754/375160)   
Checking out files:  30% (115882/375160)   
Checking out files:  31% (116300/375160)   
Checking out files:  31% (119040/375160)   
Checking out files:  32% (120052/375160)   
Checking out files:  32% (122405/375160)   
Checking out files:  33% (123803/375160)   
Checking out files:  33% (125760/375160)   
Checking out files:  34% (127555/375160)   
Checking out files:  34% (128832/375160)   
Checking out files:  35% (131306/375160)   
Checking out files:  35% (132174/375160)   
Checking out files:  36% (135058/375160)   
Checking out files:  36% (135465/375160)   
Checking out files:  36% (138649/375160)   
Checking out files:  37% (138810/375160)   
Checking out files:  37% (141642/375160)   
Checking out files:  38% (142561/375160)   
Checking out files:  38% (144944/375160)   
Checking out files:  39% (146313/375160)   
Checking out files:  39% (148305/375160)   
Checking out files:  40% (150064/375160)   
Checking out files:  40% (151641/375160)   
Checking out files:  41% (153816/375160)   
Checking out files:  41% (154947/375160)   
Checking out files:  42% (157568/375160)   
Checking out files:  42% (158189/375160)   
Checking out files:  42% (161306/375160)   
Checking out files:  43% (161319/375160)   
Checking out files:  43% (164267/375160)   
Checking out files:  44% (165071/375160)   
Checking out files:  44% (167159/375160)   
Checking out files:  45% (168822/375160)   
Checking out files:  45% (169931/375160)   
Checking out files:  46% (172574/375160)   
Checking out files:  46% (173257/375160)   
Checking out files:  46% (174856/375160)   
Checking out files:  46% (175796/375160)   
Checking out files:  47% (176326/375160)   
Checking out files:  47% (179043/375160)   
Checking out files:  48% (180077/375160)   
Checking out files:  48% (182060/375160)   
Checking out files:  49% (183829/375160)   
Checking out files:  49% (185227/375160)   
Checking out files:  50% (187580/375160)   
Checking out files:  50% (188636/375160)   
Checking out files:  51% (191332/375160)   
Checking out files:  51% (191733/375160)   
Checking out files:  51% (194876/375160)   
Checking out files:  52% (195084/375160)   
Checking out files:  52% (197763/375160)   
Checking out files:  53% (198835/375160)   
Checking out files:  53% (200711/375160)   
Checking out files:  54% (202587/375160)   
Checking out files:  54% (203289/375160)   
Checking out files:  55% (206338/375160)   
Checking out files:  55% (206374/375160)   
Checking out files:  55% (209378/375160)   
Checking out files:  56% (210090/375160)   
Checking out files:  56% (211951/375160)   
Checking out files:  57% (213842/375160)   
Checking out files:  57% (214627/375160)   
Checking out files:  57% (217027/375160)   
Checking out files:  58% (217593/375160)   
Checking out files:  58% (219641/375160)   
Checking out files:  59% (221345/375160)   
Checking out files:  59% (222401/375160)   
Checking out files:  60% (225096/375160)   
Checking out files:  60% (225194/375160)   
Checking out files:  60% (227889/375160)   
Checking out files:  61% (228848/375160)   
Checking out files:  61% (230878/375160)   
Checking out files:  62% (232600/375160)   
Checking out files:  62% (233988/375160)   
Checking out files:  63% (236351/375160)   
Checking out files:  63% (237120/375160)   
Checking out files:  64% (240103/375160)   
Checking out files:  64% (240220/375160)   
Checking out files:  64% (243496/375160)   
Checking out files:  65% (243854/375160)   
Checking out files:  65% (246253/375160)   
Checking out files:  66% (247606/375160)   
Checking out files:  66% (249053/375160)   
Checking out files:  67% (251358/375160)   
Checking out files:  67% (251972/375160)   
Checking out files:  67% (254984/375160)   
Checking out files:  68% (255109/375160)   
Checking out files:  68% (258031/375160)   
Checking out files:  69% (258861/375160)   
Checking out files:  69% (260985/375160)   
Checking out files:  70% (262612/375160)   
Checking out files:  70% (263545/375160)   
Checking out files:  71% (266364/375160)   
Checking out files:  71% (266483/375160)   
Checking out files:  71% (269153/375160)   
Checking out files:  72% (270116/375160)   
Checking out files:  72% (271872/375160)   
Checking out files:  73% (273867/375160)   
Checking out files:  73% (274823/375160)   
Checking out files:  74% (277619/375160)   
Checking out files:  74% (278002/375160)   
Checking out files:  74% (281264/375160)   
Checking out files:  75% (281370/375160)   
Checking out files:  75% (284495/375160)   
Checking out files:  76% (285122/375160)   
Checking out files:  76% (287521/375160)   
Checking out files:  77% (288874/375160)   
Checking out files:  77% (290679/375160)   
Checking out files:  78% (292625/375160)   
Checking out files:  78% (294021/375160)   
Checking out files:  79% (296377/375160)   
Checking out files:  79% (297242/375160)   
Checking out files:  80% (300128/375160)   
Checking out files:  80% (300490/375160)   
Checking out files:  80% (303850/375160)   
Checking out files:  81% (303880/375160)   
Checking out files:  81% (307008/375160)   
Checking out files:  82% (307632/375160)   
Checking out files:  82% (310275/375160)   
Checking out files:  83% (311383/375160)   
Checking out files:  83% (313514/375160)   
Checking out files:  84% (315135/375160)   
Checking out files:  84% (316502/375160)   
Checking out files:  85% (318886/375160)   
Checking out files:  85% (319495/375160)   
Checking out files:  85% (322463/375160)   
Checking out files:  86% (322638/375160)   
Checking out files:  86% (325736/375160)   
Checking out files:  87% (326390/375160)   
Checking out files:  87% (328965/375160)   
Checking out files:  88% (330141/375160)   
Checking out files:  88% (332215/375160)   
Checking out files:  89% (333893/375160)   
Checking out files:  89% (335442/375160)   
Checking out files:  90% (337644/375160)   
Checking out files:  90% (338578/375160)   
Checking out files:  91% (341396/375160)   
Checking out files:  91% (341978/375160)   
Checking out files:  92% (345148/375160)   
Checking out files:  92% (345262/375160)   
Checking out files:  92% (348480/375160)   
Checking out files:  93% (348899/375160)   
Checking out files:  93% (351369/375160)   
Checking out files:  94% (352651/375160)   
Checking out files:  94% (353834/375160)   
Checking out files:  95% (356402/375160)   
Checking out files:  95% (357121/375160)   
Checking out files:  96% (360154/375160)   
Checking out files:  96% (360163/375160)   
Checking out files:  96% (363283/375160)   
Checking out files:  97% (363906/375160)   
Checking out files:  97% (366475/375160)   
Checking out files:  98% (367657/375160)   
Checking out files:  98% (369668/375160)   
Checking out files:  99% (371409/375160)   
Checking out files:  99% (372742/375160)   
Checking out files: 100% (375160/375160)   
Checking out files: 100% (375160/375160), done.


travis_time:end:26cb39a6:start=1574175043699700000,finish=1574175208695270000,duration=164995570000,event=script
[0K[32;1mThe command "if [ "$TRAVIS_PULL_REQUEST" = "false" ]; then git clone --depth=1 https://github.com/CocoaPods/Specs.git ~/.cocoapods/repos/master && pod setup --verbose; fi" exited with 0.[0m


travis_time:start:37669018
[0K$ xctool -version


0.3.4


travis_time:end:37669018:start=1574175208714547000,finish=1574175209636049000,duration=921502000,event=script
[0K[32;1mThe command "xctool -version" exited with 0.[0m


travis_time:start:1588b5ad
[0K$ xcrun simctl list


== Device Types ==


iPhone 4s (com.apple.CoreSimulator.SimDeviceType.iPhone-4s)


iPhone 5 (com.apple.CoreSimulator.SimDeviceType.iPhone-5)


iPhone 5s (com.apple.CoreSimulator.SimDeviceType.iPhone-5s)


iPhone 6 (com.apple.CoreSimulator.SimDeviceType.iPhone-6)


iPhone 6 Plus (com.apple.CoreSimulator.SimDeviceType.iPhone-6-Plus)


iPhone 6s (com.apple.CoreSimulator.SimDeviceType.iPhone-6s)


iPhone 6s Plus (com.apple.CoreSimulator.SimDeviceType.iPhone-6s-Plus)


iPhone 7 (com.apple.CoreSimulator.SimDeviceType.iPhone-7)


iPhone 7 Plus (com.apple.CoreSimulator.SimDeviceType.iPhone-7-Plus)


iPhone 8 (com.apple.CoreSimulator.SimDeviceType.iPhone-8)


iPhone 8 Plus (com.apple.CoreSimulator.SimDeviceType.iPhone-8-Plus)


iPhone SE (com.apple.CoreSimulator.SimDeviceType.iPhone-SE)


iPhone X (com.apple.CoreSimulator.SimDeviceType.iPhone-X)


iPad 2 (com.apple.CoreSimulator.SimDeviceType.iPad-2)


iPad Retina (com.apple.CoreSimulator.SimDeviceType.iPad-Retina)


iPad Air (com.apple.CoreSimulator.SimDeviceType.iPad-Air)


iPad Air 2 (com.apple.CoreSimulator.SimDeviceType.iPad-Air-2)


iPad (5th generation) (com.apple.CoreSimulator.SimDeviceType.iPad--5th-generation-)


iPad Pro (9.7-inch) (com.apple.CoreSimulator.SimDeviceType.iPad-Pro--9-7-inch-)


iPad Pro (12.9-inch) (com.apple.CoreSimulator.SimDeviceType.iPad-Pro)


iPad Pro (12.9-inch) (2nd generation) (com.apple.CoreSimulator.SimDeviceType.iPad-Pro--12-9-inch---2nd-generation-)


iPad Pro (10.5-inch) (com.apple.CoreSimulator.SimDeviceType.iPad-Pro--10-5-inch-)


iPad (6th generation) (com.apple.CoreSimulator.SimDeviceType.iPad--6th-generation-)


Apple TV (com.apple.CoreSimulator.SimDeviceType.Apple-TV-1080p)


Apple TV 4K (com.apple.CoreSimulator.SimDeviceType.Apple-TV-4K-4K)


Apple TV 4K (at 1080p) (com.apple.CoreSimulator.SimDeviceType.Apple-TV-4K-1080p)


Apple Watch - 38mm (com.apple.CoreSimulator.SimDeviceType.Apple-Watch-38mm)


Apple Watch - 42mm (com.apple.CoreSimulator.SimDeviceType.Apple-Watch-42mm)


Apple Watch Series 2 - 38mm (com.apple.CoreSimulator.SimDeviceType.Apple-Watch-Series-2-38mm)


Apple Watch Series 2 - 42mm (com.apple.CoreSimulator.SimDeviceType.Apple-Watch-Series-2-42mm)


Apple Watch Series 3 - 38mm (com.apple.CoreSimulator.SimDeviceType.Apple-Watch-Series-3-38mm)


Apple Watch Series 3 - 42mm (com.apple.CoreSimulator.SimDeviceType.Apple-Watch-Series-3-42mm)


== Runtimes ==


iOS 8.1 (8.1 - 12B411) - com.apple.CoreSimulator.SimRuntime.iOS-8-1


iOS 8.2 (8.2 - 12D508) - com.apple.CoreSimulator.SimRuntime.iOS-8-2


iOS 8.3 (8.3 - 12F70) - com.apple.CoreSimulator.SimRuntime.iOS-8-3


iOS 8.4 (8.4 - 12H141) - com.apple.CoreSimulator.SimRuntime.iOS-8-4


iOS 9.0 (9.0 - 13A344) - com.apple.CoreSimulator.SimRuntime.iOS-9-0


iOS 9.1 (9.1 - 13B143) - com.apple.CoreSimulator.SimRuntime.iOS-9-1


iOS 9.2 (9.2 - 13C75) - com.apple.CoreSimulator.SimRuntime.iOS-9-2


iOS 9.3 (9.3 - 13E233) - com.apple.CoreSimulator.SimRuntime.iOS-9-3


iOS 10.0 (10.0 - 14A345) - com.apple.CoreSimulator.SimRuntime.iOS-10-0


iOS 10.1 (10.1 - 14B72) - com.apple.CoreSimulator.SimRuntime.iOS-10-1


iOS 10.2 (10.2 - 14C89) - com.apple.CoreSimulator.SimRuntime.iOS-10-2


iOS 10.3 (10.3.1 - 14E8301) - com.apple.CoreSimulator.SimRuntime.iOS-10-3


iOS 11.0 (11.0.1 - 15A8401) - com.apple.CoreSimulator.SimRuntime.iOS-11-0


iOS 11.1 (11.1 - 15B87) - com.apple.CoreSimulator.SimRuntime.iOS-11-1


iOS 11.2 (11.2 - 15C107) - com.apple.CoreSimulator.SimRuntime.iOS-11-2


iOS 11.3 (11.3 - 15E217) - com.apple.CoreSimulator.SimRuntime.iOS-11-3


iOS 11.4 (11.4 - 15F79) - com.apple.CoreSimulator.SimRuntime.iOS-11-4


tvOS 9.0 (9.0 - 13T395) - com.apple.CoreSimulator.SimRuntime.tvOS-9-0


tvOS 9.1 (9.1 - 13U85) - com.apple.CoreSimulator.SimRuntime.tvOS-9-1


tvOS 9.2 (9.2 - 13Y234) - com.apple.CoreSimulator.SimRuntime.tvOS-9-2


tvOS 10.0 (10.0 - 14T328) - com.apple.CoreSimulator.SimRuntime.tvOS-10-0


tvOS 10.1 (10.1 - 14U591) - com.apple.CoreSimulator.SimRuntime.tvOS-10-1


tvOS 10.2 (10.2 - 14W260) - com.apple.CoreSimulator.SimRuntime.tvOS-10-2


tvOS 11.0 (11.0 - 15J380) - com.apple.CoreSimulator.SimRuntime.tvOS-11-0


tvOS 11.1 (11.1 - 15J580) - com.apple.CoreSimulator.SimRuntime.tvOS-11-1


tvOS 11.2 (11.2 - 15K104) - com.apple.CoreSimulator.SimRuntime.tvOS-11-2


tvOS 11.3 (11.3 - 15L211) - com.apple.CoreSimulator.SimRuntime.tvOS-11-3


tvOS 11.4 (11.4 - 15L576) - com.apple.CoreSimulator.SimRuntime.tvOS-11-4


watchOS 2.0 (2.0 - 13S343) - com.apple.CoreSimulator.SimRuntime.watchOS-2-0


watchOS 2.1 (2.1 - 13S661) - com.apple.CoreSimulator.SimRuntime.watchOS-2-1


watchOS 2.2 (2.2 - 13V144) - com.apple.CoreSimulator.SimRuntime.watchOS-2-2


watchOS 3.1 (3.1 - 14S471a) - com.apple.CoreSimulator.SimRuntime.watchOS-3-1


watchOS 3.2 (3.2 - 14V243) - com.apple.CoreSimulator.SimRuntime.watchOS-3-2


watchOS 4.0 (4.0 - 15R372) - com.apple.CoreSimulator.SimRuntime.watchOS-4-0


watchOS 4.1 (4.1 - 15R844) - com.apple.CoreSimulator.SimRuntime.watchOS-4-1


watchOS 4.2 (4.2 - 15S100) - com.apple.CoreSimulator.SimRuntime.watchOS-4-2


watchOS 4.3 (4.3 - 15T212) - com.apple.CoreSimulator.SimRuntime.watchOS-4-3


== Devices ==


-- iOS 8.1 --


    iPhone 4s (0249462A-BCD6-4AD8-8523-EE31C2CCA42B) (Shutdown)


    iPhone 5 (87AA77DF-259E-4E80-87EB-6F3096EAA780) (Shutdown)


    iPhone 5s (EC425828-6440-47B1-9ECE-8B6F3D50DF8B) (Shutdown)


    iPhone 6 (2BFFFD01-80C8-48F9-8D30-2923E85E903F) (Shutdown)


    iPhone 6 Plus (E8BDC41C-DC07-42FA-B3AD-FE9EA25FB796) (Shutdown)


    iPad 2 (A95A6DA8-F5E3-46A9-BE0F-3C6926172DB1) (Shutdown)


    iPad Retina (9EB86673-DB75-45F2-AACC-8AD1F01688FB) (Shutdown)


    iPad Air (17A0E050-FA3A-4F8E-82C7-6A517C14D5DD) (Shutdown)


-- iOS 8.2 --


    iPhone 4s (0D86B03B-6A3D-48CD-A6FC-66BECC590325) (Shutdown)


    iPhone 5 (3C5C488E-3BF2-43B5-BA35-EBC5AC4A34AF) (Shutdown)


    iPhone 5s (88CAAAC2-6590-40FF-9ED6-3EE99DDE1F10) (Shutdown)


    iPhone 6 (6BC69E2C-FA6C-4E3A-BD94-5362E45983E4) (Shutdown)


    iPhone 6 Plus (FAF7DDB6-FA9A-4C32-A22B-B2228F44E1AA) (Shutdown)


    iPad 2 (6160B903-2593-4797-BB14-0332914D09D5) (Shutdown)


    iPad Retina (64070310-53CC-423B-A826-3550762F0297) (Shutdown)


    iPad Air (CB3C5E09-F743-454C-9C3D-B5C41F604E6D) (Shutdown)


-- iOS 8.3 --


    iPhone 4s (1AC930D7-6D9C-4975-BA5E-C2A9132AED44) (Shutdown)


    iPhone 5 (FA316434-7008-438B-A48A-8E47828F4A9F) (Shutdown)


    iPhone 5s (8164B28A-43B5-48D0-BF0E-5138334EDB57) (Shutdown)


    iPhone 6 (A9099B03-FC36-4BE7-AD18-243A47377EA2) (Shutdown)


    iPhone 6 Plus (F0941667-3069-4A6D-9ECD-503B51107C35) (Shutdown)


    iPad 2 (0BF27476-D756-4865-B29D-6D7B3DCA1A70) (Shutdown)


    iPad Retina (55B2AC75-57C7-47B5-9E3B-ABECC590A12A) (Shutdown)


    iPad Air (8C915B98-B608-4AE3-B5AA-B012B72ACFDB) (Shutdown)


-- iOS 8.4 --


    iPhone 4s (4F70190B-85E5-4402-AE9E-465D6FFE491A) (Shutdown)


    iPhone 5 (6099B4C7-8BAE-4D3C-A002-30192D0B41C1) (Shutdown)


    iPhone 5s (3019CA97-7A4E-4599-95C6-B0B04092088F) (Shutdown)


    iPhone 6 (23C347E1-18BD-4E07-A694-A8595FF83C7F) (Shutdown)


    iPhone 6 Plus (99035083-847E-4A11-9F2E-7D08A091B50A) (Shutdown)


    iPad 2 (43E8DCE9-B349-4EFF-9C9D-FCE7ECA47ADE) (Shutdown)


    iPad Retina (6211A19E-97FF-4F9B-9180-48A10434E96C) (Shutdown)


    iPad Air (368DB039-5130-4337-B410-E43C3D8AD452) (Shutdown)


-- iOS 9.0 --


    iPhone 4s (B278A03C-C15F-4F6A-83F1-AF0438C3C7E4) (Shutdown)


    iPhone 5 (9BDA4B06-8978-4405-85A7-A8F595ABDE1E) (Shutdown)


    iPhone 5s (70B5B154-496B-4326-B4B7-B167BC4D09F1) (Shutdown)


    iPhone 6 (A5C64987-58C6-41B6-A821-6ED43F1980E1) (Shutdown)


    iPhone 6 Plus (60969D0C-C43A-42B4-99FE-17DD8839BBC7) (Shutdown)


    iPhone 6s (7DAF65A2-B5ED-4F22-84E5-A9F66B7CAAA2) (Shutdown)


    iPhone 6s Plus (5A8CAE95-6C12-4EEB-B595-CB3A7D522569) (Shutdown)


    iPad 2 (A85A943F-85ED-4D82-8AEC-687197518470) (Shutdown)


    iPad Retina (FDDB0372-BA8F-441C-90AB-FC03F8DF44C2) (Shutdown)


    iPad Air (FD6F3230-846F-4924-A8F7-0A8B53E2B43E) (Shutdown)


    iPad Air 2 (98C9CB4A-935C-4947-A667-1F5CCAE701AF) (Shutdown)


-- iOS 9.1 --


    iPhone 4s (B64D3462-5699-4372-B01B-CE98F8E19999) (Shutdown)


    iPhone 5 (1182E8CA-8864-4928-9670-9283ED0F2C61) (Shutdown)


    iPhone 5s (C6206239-67C1-4B3E-8D0C-DFD8A34DD8DE) (Shutdown)


    iPhone 6 (A663F313-691A-41EA-9B8E-9C13BCED198A) (Shutdown)


    iPhone 6 Plus (85DD6230-FE87-4F47-B0DF-7A90F6DE39B9) (Shutdown)


    iPhone 6s (0804F654-C416-4CA4-8DCC-E669271750F5) (Shutdown)


    iPhone 6s Plus (4079A6CA-F504-4AC0-BBF9-FF5B5ED27177) (Shutdown)


    iPad 2 (C667CE8F-1790-4A1E-972A-9C4463A347D8) (Shutdown)


    iPad Retina (C074D4D9-902B-4F34-A58E-4C0952D1A1DB) (Shutdown)


    iPad Air (218D79B3-DCE8-4094-AC21-C82990E3B41E) (Shutdown)


    iPad Air 2 (AA59EC7F-2848-4801-B5FB-13F5A94B0BAA) (Shutdown)


    iPad Pro (84F62264-105F-412E-9F4B-8947A4B600ED) (Shutdown)


-- iOS 9.2 --


    iPhone 4s (9A367BEB-AEA9-485A-A8DA-B59275891B40) (Shutdown)


    iPhone 5 (CE788CCC-7DD7-4634-804A-8744CFE83ADE) (Shutdown)


    iPhone 5s (020B606F-FA5C-4E37-8E02-7EA7B20878A7) (Shutdown)


    iPhone 6 (611FE619-14F2-4243-B72C-E285BF50C8B5) (Shutdown)


    iPhone 6 Plus (2A7C1989-D6B2-4734-956F-275FDEDB6BFF) (Shutdown)


    iPhone 6s (26799EBF-B3A8-43EE-9E2E-414C7E4C96B9) (Shutdown)


    iPhone 6s Plus (89AB292F-A1C4-43C8-ACD8-67ABED7DD449) (Shutdown)


    iPad 2 (9B35D13B-AEC3-4D43-A15C-F7B2C755CA2A) (Shutdown)


    iPad Retina (8E1F2F61-7C3C-4C3B-AA00-FD8CD5D0C65F) (Shutdown)


    iPad Air (89B7A34A-51B5-40B6-99F6-281A1452388B) (Shutdown)


    iPad Air 2 (8BF6B30B-F942-4315-8783-8542EB848ED9) (Shutdown)


    iPad Pro (FC21F7B0-261C-4D6B-B43E-E0A08B9076DC) (Shutdown)


-- iOS 9.3 --


    iPhone 4s (5C73E8BF-9F1D-4B29-8C69-08B107285FB0) (Shutdown)


    iPhone 5 (01DCAF95-F266-4720-AD2C-51CF279CCB6C) (Shutdown)


    iPhone 5s (8CD51D9A-9F67-4CD7-A8D1-8698B551E577) (Shutdown)


    iPhone 6 (D3EE8F5D-2AED-4A72-802D-FDDC37A6BCB5) (Shutdown)


    iPhone 6 Plus (402A84FF-D922-43D9-93B2-98C29D488D14) (Shutdown)


    iPhone 6s (15C825AA-C8F7-44D2-95FB-C92D38A0D9BA) (Shutdown)


    iPhone 6s Plus (88F3D527-A08C-4A5D-8541-9901BE89336B) (Shutdown)


    iPad 2 (1C3F1904-E0A7-4E5A-A9E9-436E8E79BEC6) (Shutdown)


    iPad Retina (1A8FF421-409E-4FAB-938E-7E91961BD9EB) (Shutdown)


    iPad Air (9073977E-0387-4C08-8628-5F3FDB7E7628) (Shutdown)


    iPad Air 2 (747B2225-4B98-4677-81E7-519A02784945) (Shutdown)


    iPad Pro (B5EA4A24-229C-4840-845E-269FA42E8BEB) (Shutdown)


-- iOS 10.0 --


    iPhone 5 (38602345-96D7-40FE-851D-A18605C3A14D) (Shutdown)


    iPhone 5s (CD6B7230-DDF8-4C42-BFBA-5A2DEFD5F69A) (Shutdown)


    iPhone 6 (BD798BF0-5019-40FD-B2B4-D8D5C8C47A25) (Shutdown)


    iPhone 6 Plus (F31D2E4E-B4BC-43E2-9B5E-C9CFF5669C92) (Shutdown)


    iPhone 6s (FBD5EE0F-F2C5-484C-8B51-1DB1B69ED6AF) (Shutdown)


    iPhone 6s Plus (DAB0E600-4827-492A-8F91-A78F877F4C4C) (Shutdown)


    iPhone SE (C87BBC3B-3B7F-4C09-8F9C-165C2FD827D3) (Shutdown)


    iPad Air (794C8F86-3466-4A1E-BFF3-E7C0A9705DD5) (Shutdown)


    iPad Air 2 (0446F2F8-F7E0-4391-A9F7-D117FF2DFB6E) (Shutdown)


    iPad Pro (9.7 inch) (DB1ECDD4-6297-4D8F-971C-6FF53D9558C5) (Shutdown)


    iPad Pro (12.9 inch) (176C2710-6129-4C31-ADC2-56A2FE9E44B8) (Shutdown)


-- iOS 10.1 --


    iPhone 5 (D3442F27-8F49-4CA0-9904-E33D9FE5D656) (Shutdown)


    iPhone 5s (8C0DF6CB-FE74-4110-ADD7-3210910D7C60) (Shutdown)


    iPhone 6 (27525FD7-EC26-48CC-A9BE-A0C06CC57093) (Shutdown)


    iPhone 6 Plus (6B79DDC4-1382-481D-A53E-9C8F6E790E51) (Shutdown)


    iPhone 6s (3D4E4C6A-772D-4378-90A6-0CB4F1E88D26) (Shutdown)


    iPhone 6s Plus (CD905A1B-47A2-4A6B-AC77-16E4FD2C7D57) (Shutdown)


    iPhone 7 (3817F470-271D-4373-B20F-6FD6C063EA58) (Shutdown)


    iPhone 7 Plus (4A74CE64-F73C-4238-A205-5429738D8CE9) (Shutdown)


    iPhone SE (8F3F0194-E1AF-41C2-B2A1-645456B89F5D) (Shutdown)


    iPad Air (0769C554-89F8-4726-AF4F-2F086BD4E130) (Shutdown)


    iPad Air 2 (A8F97452-1E3A-432C-88BA-6D19F2DEB5B5) (Shutdown)


    iPad Pro (9.7 inch) (43EE6103-FB05-4325-B866-0BB0EB76DA03) (Shutdown)


    iPad Pro (12.9 inch) (7EFCD587-3A33-40B2-ABC6-B778AB7A1D4E) (Shutdown)


-- iOS 10.2 --


    iPhone 5 (3E356030-3500-494E-A676-E1D57CAEE44D) (Shutdown)


    iPhone 5s (3EA9A76D-BCC7-42B3-9783-C71EB76DC6A9) (Shutdown)


    iPhone 6 (136AF46E-4EFF-49D8-BB5D-EE436C578BC4) (Shutdown)


    iPhone 6 Plus (9C41A2C4-A752-4ECB-AFE6-6BC94C2CA98C) (Shutdown)


    iPhone 6s (CF02F9DC-ADFF-468B-B7DB-F49B53311E7C) (Shutdown)


    iPhone 6s Plus (AFEB4258-F039-4360-9B37-977793E98A75) (Shutdown)


    iPhone 7 (B8CA1064-2EEC-4D75-BB1E-662EF7FBC2EC) (Shutdown)


    iPhone 7 Plus (599424B6-B002-4F67-BA5B-91ABDBE3C24D) (Shutdown)


    iPhone SE (24ADD8C1-96A1-4E65-BC56-7B60A45CC272) (Shutdown)


    iPad Air (756B5591-D2C2-40E2-A1C5-4AC7003F27C5) (Shutdown)


    iPad Air 2 (454E07E2-A405-481C-AAFE-5C665A28F869) (Shutdown)


    iPad Pro (9.7 inch) (7B17A4C7-8798-4BB7-9F8E-6066034C2EC8) (Shutdown)


    iPad Pro (12.9 inch) (89D4B43B-4823-46AF-BBD0-A6F56AE66009) (Shutdown)


-- iOS 10.3 --


    iPhone 5 (DC180A1E-B40B-4F10-8F32-BDD141E932E4) (Shutdown)


    iPhone 5s (DB6FCD8E-F844-425E-A5B0-07986A77B6E2) (Shutdown)


    iPhone 6 (6B7C73F6-82E1-4FC7-A47E-C8BE0B2D7B30) (Shutdown)


    iPhone 6 Plus (BB5D3870-77EE-4135-AAE3-C7F0D245862F) (Shutdown)


    iPhone 6s (E68E4CCD-77AA-42AF-9DFB-DEDB9A161166) (Shutdown)


    iPhone 6s Plus (AF20A6BA-8E32-4835-8CA3-69F9978C1C70) (Shutdown)


    iPhone 7 (6AC4C35F-F1A5-4C54-88CF-E903C9B910C4) (Shutdown)


    iPhone 7 Plus (AE68934B-30AF-46A8-BBCC-53FB7205978A) (Shutdown)


    iPhone SE (1C63BDA4-127A-4794-80E8-DB87D29975EC) (Shutdown)


    iPad Air (518EE86F-705C-4668-B366-1AC154700475) (Shutdown)


    iPad Air 2 (305E30FD-E726-4576-8515-DF9BF4793A14) (Shutdown)


    iPad (5th generation) (FD4602BE-4676-4769-BB84-40D92AA0DD73) (Shutdown)


    iPad Pro (9.7 inch) (A1C0F99A-FC6A-47E7-8574-F703FE78BF36) (Shutdown)


    iPad Pro (12.9 inch) (1385412A-6D8D-4205-9440-CFFDA1B2188D) (Shutdown)


    iPad Pro (12.9-inch) (2nd generation) (7502974D-3AF4-4DF5-877E-8EE6D1BC022C) (Shutdown)


    iPad Pro (10.5-inch) (A6E5057C-144C-4FC6-8405-950ABF8BFBFA) (Shutdown)


-- iOS 11.0 --


    iPhone 5s (F063E289-BF52-4F2F-A307-4C68604271CF) (Shutdown)


    iPhone 6 (04C3AE27-EF87-461A-A610-B294146E704A) (Shutdown)


    iPhone 6 Plus (0104293D-D20D-4C2B-8517-DDACA5413279) (Shutdown)


    iPhone 6s (2AB0A048-B2DD-44B5-B6EA-EEFE6B902DA5) (Shutdown)


    iPhone 6s Plus (41DA2456-67C8-48B3-BBB3-667F6BC1436A) (Shutdown)


    iPhone 7 (699ED516-E0C6-4529-9A12-7AA4E8626639) (Shutdown)


    iPhone 7 Plus (6B0C25EA-09DB-4AF5-847F-EB503AE29129) (Shutdown)


    iPhone 8 (BFC6320A-7D97-42F1-ADF2-A3CF74073B61) (Shutdown)


    iPhone 8 Plus (5B92FA1F-120C-4604-8807-0A416979DE0F) (Shutdown)


    iPhone SE (AAE7CB94-027E-4206-BE72-96F1BC072527) (Shutdown)


    iPhone X (AB0DEA05-54F5-49DA-9DC1-6D3EB0E53AFA) (Shutdown)


    iPad Air (B301BF38-6816-42B4-9B56-E63E38AEACCE) (Shutdown)


    iPad Air 2 (2F58313B-68B1-4D7F-A69D-936E754F8AD6) (Shutdown)


    iPad (5th generation) (5217DF5A-6D99-46CA-8E5F-C0A6F784854D) (Shutdown)


    iPad Pro (9.7-inch) (C2F50040-F433-45AC-A6DE-6CD691EEE784) (Shutdown)


    iPad Pro (12.9-inch) (67B41083-C811-4606-A267-20179D0F787A) (Shutdown)


    iPad Pro (12.9-inch) (2nd generation) (56454F44-9C64-46D4-AD1D-CA43F3B6688E) (Shutdown)


    iPad Pro (10.5-inch) (1D0DC981-7AFC-4BC5-8E60-4FD86E0FA876) (Shutdown)


-- iOS 11.1 --


    iPhone 5s (2C9B090B-3617-4024-8836-28329FF46844) (Shutdown)


    iPhone 6 (8420A7FD-699A-4063-A79F-49969CA1BE8C) (Shutdown)


    iPhone 6 Plus (9138A005-5148-4BE4-AD1C-5BF953DA7313) (Shutdown)


    iPhone 6s (345FFAEB-0052-4FDD-AD4B-16BE10226C32) (Shutdown)


    iPhone 6s Plus (2FBFEDDB-B2E8-4371-85B0-04F0B76C2740) (Shutdown)


    iPhone 7 (EFA10134-FE95-4DC6-8225-F70393BB3B65) (Shutdown)


    iPhone 7 Plus (CBC5537A-7911-46DA-9662-22FF8284BB2F) (Shutdown)


    iPhone 8 (1E53D31E-F880-4137-AF9A-A6754E531F04) (Shutdown)


    iPhone 8 Plus (25A1DAA2-FA3C-4CA3-A249-4854E2E7F53A) (Shutdown)


    iPhone SE (B836DC75-54BB-4841-A197-285800F14767) (Shutdown)


    iPhone X (E71AD5B8-2A5E-4F53-B94D-9AC8B4ED1EE5) (Shutdown)


    iPad Air (8EC220ED-B5EF-4136-BF01-D6FA61F88232) (Shutdown)


    iPad Air 2 (9DC346E6-972C-40BF-BBE3-0F63BD4E362B) (Shutdown)


    iPad (5th generation) (9ED52B02-4121-4B95-88E7-28652AEDCFBE) (Shutdown)


    iPad Pro (9.7-inch) (5C4F2820-45AD-4AAD-906C-16DF3960286E) (Shutdown)


    iPad Pro (12.9-inch) (4680F565-4D88-422A-B20C-396810409C3B) (Shutdown)


    iPad Pro (12.9-inch) (2nd generation) (B1E5B4A8-0803-485E-B8EE-2BEAF774DD07) (Shutdown)


    iPad Pro (10.5-inch) (0B35B74D-15B7-4156-AB0E-03D3D7D306A1) (Shutdown)


-- iOS 11.2 --


    iPhone 5s (D19316E0-DC76-4970-9423-C2EF7E7D745E) (Shutdown)


    iPhone 6 (BFE04B76-0D7E-4056-A6C9-CB81F8EEE0E3) (Shutdown)


    iPhone 6 Plus (CD4B9B09-03C1-470B-BDD1-46B42D5919F1) (Shutdown)


    iPhone 6s (70DFBD87-956B-4C10-978E-9AD7807E955E) (Shutdown)


    iPhone 6s Plus (FF8A43CE-7B2C-4F4A-83C3-F2610DEDAA55) (Shutdown)


    iPhone 7 (051D3CB9-40F6-45B1-B6E7-6149190C6565) (Shutdown)


    iPhone 7 Plus (D8AFCF22-19AD-48D3-AA19-AF58BF5911B6) (Shutdown)


    iPhone 8 (F48D4B33-60EE-4C03-96CC-8F9D3F5EAF6D) (Shutdown)


    iPhone 8 Plus (227A9793-7525-429D-92D8-BD1D4BB651CF) (Shutdown)


    iPhone SE (7D3B8D57-0EB8-4A84-AB09-E02D7F3F1AB9) (Shutdown)


    iPhone X (A5BB85E3-EBB5-4767-9B81-4A7DF2DC1B76) (Shutdown)


    iPad Air (D4FE15DB-816E-488C-9297-E942FE3DAD1F) (Shutdown)


    iPad Air 2 (D45224C5-D30C-4B40-8AFF-91D435BE7321) (Shutdown)


    iPad (5th generation) (B0DF6B75-3D8B-4BFE-AA2D-E10FF6BBFAC6) (Shutdown)


    iPad Pro (9.7-inch) (28EF80F2-0293-4D9D-8E04-D116ADC1D6B2) (Shutdown)


    iPad Pro (12.9-inch) (E5F40FE8-5903-4537-9519-A3D4010F2C54) (Shutdown)


    iPad Pro (12.9-inch) (2nd generation) (FE62F490-F5DE-421E-9C99-F6123CD2E1F1) (Shutdown)


    iPad Pro (10.5-inch) (A11880E4-170C-4E27-948C-34E3E2B98EC6) (Shutdown)


-- iOS 11.3 --


    iPhone 5s (746C2A5F-B0BE-4164-A178-B53A6BDBE20C) (Shutdown)


    iPhone 6 (41736ECF-B56E-43C0-92A1-7E1FD8302B88) (Shutdown)


    iPhone 6 Plus (76B76782-4957-42B4-B7B8-779BBB286AE4) (Shutdown)


    iPhone 6s (4B212682-BCF0-49D3-8FEA-01688DEA8711) (Shutdown)


    iPhone 6s Plus (8909BBA4-4FA3-47CB-B2C3-75798A2DD088) (Shutdown)


    iPhone 7 (65DFF9C4-B3A4-45F4-A46D-A906AA5DEB7B) (Shutdown)


    iPhone 7 Plus (F9E3FEC5-D127-4F92-9BE2-3921033653B5) (Shutdown)


    iPhone 8 (361E7D26-A9BD-447D-939C-1DBF01B0B1E0) (Shutdown)


    iPhone 8 Plus (A5C08804-E339-4E78-A478-0D099F54B973) (Shutdown)


    iPhone SE (92550947-1AE2-40B6-9D1C-F04D27BF3ED3) (Shutdown)


    iPhone X (5E4E0408-E061-4CDF-955A-EF404C743CB8) (Shutdown)


    iPad Air (70B8A002-9B21-466E-950C-098F4827C7B6) (Shutdown)


    iPad Air 2 (7AD53AD3-6E79-43B5-B98D-E5134A218F2A) (Shutdown)


    iPad (5th generation) (070A7D7E-830F-4006-9BC2-5332E41EB48F) (Shutdown)


    iPad Pro (9.7-inch) (8B1AB4E3-0781-44F5-9051-C72D44F5A2FE) (Shutdown)


    iPad Pro (12.9-inch) (478F89A7-7796-4207-A6BF-6EBF80D84170) (Shutdown)


    iPad Pro (12.9-inch) (2nd generation) (DFFF359C-6866-455F-AF8B-09BB13418355) (Shutdown)


    iPad Pro (10.5-inch) (2B7A12DA-4F66-402F-84E5-66DC177BA89F) (Shutdown)


-- iOS 11.4 --


    iPhone 5s (F5F84F68-FEE6-4817-92D3-A101BE655657) (Shutdown)


    iPhone 6 (6493A715-04AC-4497-88F8-E81024078287) (Shutdown)


    iPhone 6 Plus (B00AEC63-696C-4297-A3A5-A573B1EFBEBE) (Shutdown)


    iPhone 6s (30883235-39F9-4606-9C83-F4D4C630EDB9) (Shutdown)


    iPhone 6s Plus (BEEA8A39-963D-43F1-A555-70F6EF246A64) (Shutdown)


    iPhone 7 (8ABF0B4E-0370-4D7D-B9F6-E508760687A5) (Shutdown)


    iPhone 7 Plus (6E127CF0-6BCD-4EE2-9C84-25BF64073611) (Shutdown)


    iPhone 8 (1CAB698D-0215-498B-B6DC-6C7CCE5F99D7) (Shutdown)


    iPhone 8 Plus (384E22B2-1BF5-48E7-8FB0-3DC8D6B625D1) (Shutdown)


    iPhone SE (B23EF716-1D30-44F3-916D-778BD8D2DD00) (Shutdown)


    iPhone X (19ABD42A-1EBA-4455-9EB1-8B8D2DD9BC5A) (Shutdown)


    iPad Air (68769750-3781-4D80-B348-D07AF80EA6BA) (Shutdown)


    iPad Air 2 (04D6C823-FDA3-472B-85EA-9B484AF6E42F) (Shutdown)


    iPad (5th generation) (21DD3A28-FAEB-49CA-B92F-C634BC438358) (Shutdown)


    iPad Pro (9.7-inch) (D2E2A588-90B6-4265-B868-52CCC62C5EBF) (Shutdown)


    iPad Pro (12.9-inch) (837DF8E5-F517-4A86-8BB9-048C9998636E) (Shutdown)


    iPad Pro (12.9-inch) (2nd generation) (32B3A5BD-7EC0-4F96-AEFE-9685192C7440) (Shutdown)


    iPad Pro (10.5-inch) (0199AF6F-93CC-46B8-AF63-10AE97DF46DF) (Shutdown)


-- tvOS 9.0 --


    Apple TV 1080p (B44BD845-730F-4222-A5E8-9EF556A73ED9) (Shutdown)


-- tvOS 9.1 --


    Apple TV 1080p (D7BA1BBB-58A2-4F5F-ADCB-D530B64BF07A) (Shutdown)


-- tvOS 9.2 --


    Apple TV 1080p (DD9361A0-3233-44CF-90AB-EECA016ADC6F) (Shutdown)


-- tvOS 10.0 --


    Apple TV 1080p (9AB885F9-D262-49DE-9E54-6CA01B6BE585) (Shutdown)


-- tvOS 10.1 --


    Apple TV 1080p (43FE2980-0524-41CB-93CA-801CC992C9E4) (Shutdown)


-- tvOS 10.2 --


    Apple TV 1080p (4F9152DB-C7D3-4E23-AE69-AA2ED7598CC5) (Shutdown)


-- tvOS 11.0 --


    Apple TV (275FDABC-42E5-4508-ABA0-16E258796612) (Shutdown)


    Apple TV 4K (0B00991F-14DB-486D-AA80-7F4E8AA8AD1D) (Shutdown)


    Apple TV 4K (at 1080p) (FEEEFB34-4CD9-47AD-A556-F76649F6D3DF) (Shutdown)


-- tvOS 11.1 --


    Apple TV (FDA5C07E-94C6-49DF-8AD2-8A4519598113) (Shutdown)


    Apple TV 4K (107D1683-D13A-4E1C-9DFC-E87751F3DEB5) (Shutdown)


    Apple TV 4K (at 1080p) (9E8BF6BF-4F40-47C9-A58A-535EA156B5F9) (Shutdown)


-- tvOS 11.2 --


    Apple TV (ADCAFE81-62F2-44BA-A1CB-AAB8B603FB8A) (Shutdown)


    Apple TV 4K (23B747C9-A90E-4078-BE58-78A815FA6711) (Shutdown)


    Apple TV 4K (at 1080p) (A25169A0-47E3-4296-A2CA-14DC5286816C) (Shutdown)


-- tvOS 11.3 --


    Apple TV (4C61FCE6-10FD-420D-88C2-EB50772D539A) (Shutdown)


    Apple TV 4K (BA8DBE97-9082-441C-89B4-7FD5F4DC922C) (Shutdown)


    Apple TV 4K (at 1080p) (15D00734-AAC3-4B39-BFA9-8A86577A644C) (Shutdown)


-- tvOS 11.4 --


    Apple TV (A6AD8D87-509A-41F3-B093-E05E4E99FDC1) (Shutdown)


    Apple TV 4K (43581E95-B1BF-4EEB-A4FA-6DF0540407C5) (Shutdown)


    Apple TV 4K (at 1080p) (6AF62079-B740-4F04-9B8E-3C07C1ADE71D) (Shutdown)


-- watchOS 2.0 --


    Apple Watch - 38mm (5325215A-B275-4A5F-A5BD-18D4EACD21E9) (Shutdown)


    Apple Watch - 42mm (D3ABCFE8-4FC1-4728-A84F-4E63C4EB3568) (Shutdown)


-- watchOS 2.1 --


    Apple Watch - 38mm (C4219BA0-10B3-48A6-B664-7E684CC40FEB) (Shutdown)


    Apple Watch - 42mm (5666FF7D-12C6-4DB4-91C4-083C6C004EA1) (Shutdown)


-- watchOS 2.2 --


    Apple Watch - 38mm (88FB5B0A-96A6-4306-86D1-475260FC72FD) (Shutdown)


    Apple Watch - 42mm (A112AA4C-AA5D-4A0F-9AA0-40AA1CAB9BC4) (Shutdown)


-- watchOS 3.1 --


    Apple Watch - 38mm (A81E6450-BACC-4201-83AA-C671C356C965) (Shutdown)


    Apple Watch - 42mm (6C5A66B4-11F5-45A6-80F9-6B2B078D4F7B) (Shutdown)


    Apple Watch Series 2 - 38mm (191C4584-20A6-4E20-A5F0-432AC3DAB307) (Shutdown)


    Apple Watch Series 2 - 42mm (7A8F3361-EBAE-436B-9EC5-3A48AD8EAD85) (Shutdown)


-- watchOS 3.2 --


    Apple Watch - 38mm (43002C12-D3DC-4A65-AAB6-B51034E8D71B) (Shutdown)


    Apple Watch - 42mm (BD8B5509-4664-4219-80BE-8306E93299D3) (Shutdown)


    Apple Watch Series 2 - 38mm (47D354A7-A3C1-4C07-96F4-EEA0E6C8C908) (Shutdown)


    Apple Watch Series 2 - 42mm (8996E94F-2667-4AF0-822C-381CA9074F3A) (Shutdown)


-- watchOS 4.0 --


    Apple Watch - 38mm (1454567A-B05C-4E58-B250-46068E295060) (Shutdown)


    Apple Watch - 42mm (027309AA-FAFF-4430-A48E-0F44C38607B1) (Shutdown)


    Apple Watch Series 2 - 38mm (BF3FC4C1-E3D5-4692-8502-779EF1B62682) (Shutdown)


    Apple Watch Series 2 - 42mm (0F6E19BD-F465-42B8-AFAE-679FF2B982A5) (Shutdown)


    Apple Watch Series 3 - 38mm (526C953C-A654-456F-B81C-DC43BE0E315B) (Shutdown)


    Apple Watch Series 3 - 42mm (6642BD7D-3360-48BD-8E6C-6CA99440789D) (Shutdown)


-- watchOS 4.1 --


    Apple Watch - 38mm (8282F8EA-E762-4889-B399-CC7BC0969A88) (Shutdown)


    Apple Watch - 42mm (CE477EAD-8373-4EAB-B0F6-B5989D0D89A2) (Shutdown)


    Apple Watch Series 2 - 38mm (D5E00E10-9263-47E9-A444-BF13960780BB) (Shutdown)


    Apple Watch Series 2 - 42mm (B9847BD0-8DEF-41BA-8008-B79D1189482D) (Shutdown)


    Apple Watch Series 3 - 38mm (AE79B513-305A-418E-838B-3D8185681804) (Shutdown)


    Apple Watch Series 3 - 42mm (F7F86CAE-F5D3-416A-A811-325C536321C6) (Shutdown)


-- watchOS 4.2 --


    Apple Watch - 38mm (F28EEA4A-1EF2-4748-8E27-883D1E7F6156) (Shutdown)


    Apple Watch - 42mm (6FCBF431-CE19-44CB-BE70-9D92A23DB6E4) (Shutdown)


    Apple Watch Series 2 - 38mm (B85A2F75-28C8-42B8-9066-8400638B5667) (Shutdown)


    Apple Watch Series 2 - 42mm (BCF59632-5FED-40EB-B128-7BCE68EAD983) (Shutdown)


    Apple Watch Series 3 - 38mm (37D5399C-D6F3-41AF-95D8-BFF040576B32) (Shutdown)


    Apple Watch Series 3 - 42mm (258E7249-3D6E-43D6-B33F-E6327C112D2B) (Shutdown)


-- watchOS 4.3 --


    Apple Watch - 38mm (C4E58B70-DA61-413B-A352-2DA6D1F1AE66) (Shutdown)


    Apple Watch - 42mm (0B637EA0-65AD-4B3D-8A74-5BEF58DD3555) (Shutdown)


    Apple Watch Series 2 - 38mm (DBB04722-4BE2-4BC7-9890-A279DD6B79AA) (Shutdown)


    Apple Watch Series 2 - 42mm (6EF34C4E-1EB4-495D-8AD1-BC96B9434874) (Shutdown)


    Apple Watch Series 3 - 38mm (AD9342E0-EE28-4714-A34D-374E5D66901F) (Shutdown)


    Apple Watch Series 3 - 42mm (5337670E-C054-4224-AF00-4A5CF6F9B0F0) (Shutdown)


== Device Pairs ==


D25C0A2C-22CE-427B-BAF1-E5BE5DEDBF01 (active, disconnected)


    Watch: Apple Watch Series 2 - 38mm (DBB04722-4BE2-4BC7-9890-A279DD6B79AA) (Shutdown)


    Phone: iPhone 7 (8ABF0B4E-0370-4D7D-B9F6-E508760687A5) (Shutdown)


30975C58-8818-445F-9F9D-DCAE204DB9DE (active, disconnected)


    Watch: Apple Watch Series 2 - 42mm (6EF34C4E-1EB4-495D-8AD1-BC96B9434874) (Shutdown)


    Phone: iPhone 7 Plus (6E127CF0-6BCD-4EE2-9C84-25BF64073611) (Shutdown)


1FE3C90F-B56E-425E-AC93-8699BEFAA23B (active, disconnected)


    Watch: Apple Watch Series 3 - 38mm (AD9342E0-EE28-4714-A34D-374E5D66901F) (Shutdown)


    Phone: iPhone 8 (1CAB698D-0215-498B-B6DC-6C7CCE5F99D7) (Shutdown)


8583E80B-7721-4A88-A880-9AB7E7AF4F37 (active, disconnected)


    Watch: Apple Watch Series 3 - 42mm (5337670E-C054-4224-AF00-4A5CF6F9B0F0) (Shutdown)


    Phone: iPhone 8 Plus (384E22B2-1BF5-48E7-8FB0-3DC8D6B625D1) (Shutdown)


travis_time:end:1588b5ad:start=1574175209648171000,finish=1574175214893335000,duration=5245164000,event=script
[0K[32;1mThe command "xcrun simctl list" exited with 0.[0m


travis_time:start:2aafb529
[0K$ export CGO_CFLAGS_ALLOW='-fmodules|-fblocks|-fobjc-arc'


travis_time:end:2aafb529:start=1574175214913422000,finish=1574175214928873000,duration=15451000,event=script
[0K[32;1mThe command "export CGO_CFLAGS_ALLOW='-fmodules|-fblocks|-fobjc-arc'" exited with 0.[0m


travis_time:start:096c77fe
[0K$ go run build/ci.go xcode -signer IOS_SIGNING_KEY -deploy trunk -upload gethstore/builds


>>> /Users/travis/.gimme/versions/go1.13.4.darwin.amd64/bin/go get golang.org/x/mobile/cmd/gomobile golang.org/x/mobile/cmd/gobind


>>> /Users/travis/gopath/src/github.com/ethereum/go-ethereum/build/bin/gomobile init


>>> /Users/travis/gopath/src/github.com/ethereum/go-ethereum/build/bin/gomobile bind -ldflags -s -w --target ios -v github.com/ethereum/go-ethereum/mobile


internal/cpu


runtime/internal/sys


runtime/internal/math


math/bits


internal/bytealg


runtime/internal/atomic


math


runtime


unicode/utf8


internal/race


sync/atomic


unicode


internal/testlog


encoding


unicode/utf16


crypto/internal/subtle


crypto/subtle


runtime/cgo


internal/nettrace


container/list


vendor/golang.org/x/crypto/cryptobyte/asn1


vendor/golang.org/x/crypto/internal/subtle


github.com/ethereum/go-ethereum/vendor/golang.org/x/net/html/atom


github.com/ethereum/go-ethereum/vendor/golang.org/x/text/encoding/internal/identifier


github.com/ethereum/go-ethereum/vendor/golang.org/x/text/internal/utf8internal


container/ring


golang.org/x/mobile/bind/java


internal/reflectlite


sync


math/rand


internal/singleflight


github.com/ethereum/go-ethereum/vendor/golang.org/x/sync/syncmap


errors


sort


strconv


io


internal/oserror


syscall


reflect


time


internal/poll


internal/syscall/unix


os


internal/fmtsort


context


strings


fmt


bytes


encoding/binary


encoding/hex


database/sql/driver


encoding/base64


encoding/json


math/big


hash


crypto


github.com/ethereum/go-ethereum/vendor/golang.org/x/crypto/sha3


path/filepath


io/ioutil


regexp/syntax


github.com/ethereum/go-ethereum/common/hexutil


runtime/debug


container/heap


crypto/cipher


regexp


crypto/aes


crypto/elliptic


crypto/internal/randutil


crypto/sha512


github.com/ethereum/go-ethereum/common


encoding/asn1


bufio


crypto/rand


crypto/ecdsa


github.com/ethereum/go-ethereum/common/math


github.com/ethereum/go-ethereum/crypto/secp256k1


github.com/ethereum/go-ethereum/rlp


log


github.com/ethereum/go-ethereum/vendor/github.com/allegro/bigcache/queue


github.com/ethereum/go-ethereum/vendor/github.com/allegro/bigcache


github.com/ethereum/go-ethereum/vendor/github.com/aristanetworks/goarista/monotime


github.com/ethereum/go-ethereum/common/mclock


github.com/ethereum/go-ethereum/common/prque


github.com/ethereum/go-ethereum/ethdb


github.com/ethereum/go-ethereum/vendor/github.com/go-stack/stack


vendor/golang.org/x/net/dns/dnsmessage


vendor/golang.org/x/net/route


net


github.com/ethereum/go-ethereum/crypto


github.com/ethereum/go-ethereum/params


github.com/ethereum/go-ethereum/vendor/golang.org/x/sys/unix


os/user


log/syslog


github.com/ethereum/go-ethereum/log


compress/flate


hash/crc32


compress/gzip


text/tabwriter


runtime/pprof


crypto/hmac


encoding/gob


github.com/ethereum/go-ethereum/vendor/github.com/elastic/gosigar


# github.com/ethereum/go-ethereum/vendor/github.com/elastic/gosigar


../vendor/github.com/elastic/gosigar/sigar_darwin.go:12:10: fatal error: 'libproc.h' file not found


#include <libproc.h>


         ^~~~~~~~~~~


1 error generated.


github.com/ethereum/go-ethereum/vendor/github.com/steakknife/hamming


github.com/ethereum/go-ethereum/event


github.com/ethereum/go-ethereum/vendor/github.com/steakknife/bloomfilter


github.com/ethereum/go-ethereum/accounts/abi


github.com/ethereum/go-ethereum/vendor/github.com/davecgh/go-spew/spew


crypto/sha256


github.com/ethereum/go-ethereum/vendor/github.com/deckarep/golang-set


crypto/md5


crypto/sha1


github.com/ethereum/go-ethereum/vendor/golang.org/x/crypto/pbkdf2


github.com/ethereum/go-ethereum/vendor/golang.org/x/crypto/scrypt


github.com/ethereum/go-ethereum/vendor/github.com/gballet/go-libpcsclite


github.com/ethereum/go-ethereum/vendor/github.com/pborman/uuid


github.com/ethereum/go-ethereum/vendor/github.com/status-im/keycard-go/derivationpath


github.com/ethereum/go-ethereum/vendor/golang.org/x/crypto/curve25519


github.com/ethereum/go-ethereum/vendor/golang.org/x/text/transform


github.com/ethereum/go-ethereum/vendor/golang.org/x/text/unicode/norm


github.com/ethereum/go-ethereum/vendor/github.com/wsddn/go-ecdh


github.com/ethereum/go-ethereum/vendor/github.com/hashicorp/golang-lru/simplelru


github.com/ethereum/go-ethereum/vendor/github.com/hashicorp/golang-lru


github.com/ethereum/go-ethereum/p2p/netutil


crypto/des


crypto/ed25519/internal/edwards25519


crypto/rc4


crypto/rsa


crypto/ed25519


crypto/dsa


crypto/x509/pkix


encoding/pem


vendor/golang.org/x/crypto/cryptobyte


net/url


os/exec


vendor/golang.org/x/crypto/internal/chacha20


vendor/golang.org/x/crypto/poly1305


crypto/x509


vendor/golang.org/x/crypto/chacha20poly1305


vendor/golang.org/x/crypto/curve25519


vendor/golang.org/x/crypto/hkdf


vendor/golang.org/x/text/transform


vendor/golang.org/x/text/unicode/bidi


vendor/golang.org/x/text/secure/bidirule


vendor/golang.org/x/text/unicode/norm


crypto/tls


vendor/golang.org/x/net/idna


net/textproto


vendor/golang.org/x/net/http/httpguts


vendor/golang.org/x/net/http/httpproxy


vendor/golang.org/x/net/http2/hpack


mime


mime/quotedprintable


mime/multipart


net/http/internal


path


github.com/ethereum/go-ethereum/vendor/golang.org/x/net/context


github.com/ethereum/go-ethereum/vendor/github.com/edsrzf/mmap-go


github.com/ethereum/go-ethereum/common/bitutil


github.com/ethereum/go-ethereum/vendor/github.com/syndtr/goleveldb/leveldb/util


github.com/ethereum/go-ethereum/vendor/github.com/syndtr/goleveldb/leveldb/cache


net/http/httptrace


github.com/ethereum/go-ethereum/vendor/github.com/syndtr/goleveldb/leveldb/comparer


net/http


github.com/ethereum/go-ethereum/vendor/github.com/syndtr/goleveldb/leveldb/storage


github.com/ethereum/go-ethereum/vendor/github.com/syndtr/goleveldb/leveldb/errors


github.com/ethereum/go-ethereum/vendor/github.com/syndtr/goleveldb/leveldb/filter


github.com/ethereum/go-ethereum/vendor/github.com/syndtr/goleveldb/leveldb/iterator


github.com/ethereum/go-ethereum/vendor/github.com/syndtr/goleveldb/leveldb/journal


github.com/ethereum/go-ethereum/vendor/github.com/syndtr/goleveldb/leveldb/memdb


github.com/ethereum/go-ethereum/vendor/github.com/syndtr/goleveldb/leveldb/opt


github.com/ethereum/go-ethereum/vendor/github.com/golang/snappy


github.com/ethereum/go-ethereum/vendor/github.com/syndtr/goleveldb/leveldb/table


github.com/ethereum/go-ethereum/vendor/github.com/syndtr/goleveldb/leveldb


github.com/ethereum/go-ethereum/ethdb/memorydb


encoding/csv


github.com/ethereum/go-ethereum/vendor/github.com/mattn/go-runewidth


github.com/ethereum/go-ethereum/vendor/github.com/olekukonko/tablewriter


github.com/ethereum/go-ethereum/vendor/github.com/pkg/errors


github.com/ethereum/go-ethereum/vendor/github.com/prometheus/tsdb/fileutil


github.com/ethereum/go-ethereum/crypto/blake2b


github.com/ethereum/go-ethereum/crypto/bn256/google


github.com/ethereum/go-ethereum/vendor/github.com/gorilla/websocket


github.com/ethereum/go-ethereum/vendor/github.com/rs/xhandler


github.com/ethereum/go-ethereum/vendor/github.com/rs/cors


github.com/ethereum/go-ethereum/crypto/bn256


github.com/ethereum/go-ethereum/vendor/golang.org/x/crypto/ripemd160


github.com/ethereum/go-ethereum/rpc


github.com/ethereum/go-ethereum/crypto/ecies


github.com/ethereum/go-ethereum/p2p/enr


github.com/ethereum/go-ethereum/p2p/enode


github.com/ethereum/go-ethereum/p2p/discover


encoding/xml


github.com/ethereum/go-ethereum/vendor/github.com/huin/goupnp/httpu


github.com/ethereum/go-ethereum/vendor/github.com/huin/goupnp/ssdp


github.com/ethereum/go-ethereum/vendor/golang.org/x/net/html


github.com/ethereum/go-ethereum/vendor/github.com/huin/goupnp/scpd


github.com/ethereum/go-ethereum/vendor/github.com/huin/goupnp/soap


github.com/ethereum/go-ethereum/vendor/golang.org/x/text/encoding


github.com/ethereum/go-ethereum/vendor/golang.org/x/text/runes


github.com/ethereum/go-ethereum/vendor/golang.org/x/text/encoding/internal


github.com/ethereum/go-ethereum/vendor/golang.org/x/text/internal/tag


github.com/ethereum/go-ethereum/vendor/golang.org/x/text/encoding/charmap


github.com/ethereum/go-ethereum/vendor/golang.org/x/text/encoding/japanese


github.com/ethereum/go-ethereum/vendor/golang.org/x/text/encoding/korean


github.com/ethereum/go-ethereum/vendor/golang.org/x/text/encoding/simplifiedchinese


github.com/ethereum/go-ethereum/vendor/golang.org/x/text/encoding/traditionalchinese


github.com/ethereum/go-ethereum/vendor/golang.org/x/text/encoding/unicode


github.com/ethereum/go-ethereum/vendor/golang.org/x/text/internal/language


github.com/ethereum/go-ethereum/vendor/github.com/jackpal/go-nat-pmp


github.com/ethereum/go-ethereum/vendor/github.com/tyler-smith/go-bip39/wordlists


github.com/ethereum/go-ethereum/vendor/github.com/tyler-smith/go-bip39


github.com/ethereum/go-ethereum/vendor/github.com/golang/protobuf/proto


github.com/ethereum/go-ethereum/vendor/golang.org/x/text/internal/language/compact


github.com/ethereum/go-ethereum/vendor/golang.org/x/text/language


github.com/ethereum/go-ethereum/vendor/golang.org/x/text/encoding/htmlindex


github.com/ethereum/go-ethereum/vendor/golang.org/x/net/html/charset


github.com/ethereum/go-ethereum/vendor/github.com/huin/goupnp


github.com/ethereum/go-ethereum/vendor/github.com/huin/goupnp/dcps/internetgateway1


github.com/ethereum/go-ethereum/vendor/github.com/huin/goupnp/dcps/internetgateway2


github.com/ethereum/go-ethereum/p2p/nat


github.com/ethereum/go-ethereum/vendor/github.com/[secure]/usb


github.com/ethereum/go-ethereum/vendor/github.com/golang/protobuf/protoc-gen-go/descriptor


github.com/ethereum/go-ethereum/accounts/usbwallet/trezor


github.com/ethereum/go-ethereum/signer/storage


github.com/ethereum/go-ethereum/vendor/golang.org/x/crypto/ssh/terminal


go/token


text/template/parse


go/scanner


go/ast


text/template


go/parser


go/printer


github.com/ethereum/go-ethereum/eth/tracers/internal/tracers


github.com/ethereum/go-ethereum/vendor/gopkg.in/olebedev/go-duktape.v3


go/format


expvar


github.com/ethereum/go-ethereum/vendor/github.com/fjl/memsize


html


html/template


github.com/ethereum/go-ethereum/vendor/github.com/fjl/memsize/memsizeui


github.com/ethereum/go-ethereum/vendor/github.com/mattn/go-isatty


github.com/ethereum/go-ethereum/vendor/github.com/mattn/go-colorable


flag


github.com/ethereum/go-ethereum/vendor/gopkg.in/urfave/cli.v1


runtime/trace


net/http/pprof


github.com/ethereum/go-ethereum/les/flowcontrol


testing


golang.org/x/mobile/internal/mobileinit


golang.org/x/mobile/bind/seq


os/signal


# github.com/ethereum/go-ethereum/vendor/gopkg.in/olebedev/go-duktape.v3


clang: warning: optimization flag '-fomit-frame-pointer' is not supported for target 'armv7' [-Wignored-optimization-argument]


# github.com/ethereum/go-ethereum/vendor/gopkg.in/olebedev/go-duktape.v3


clang: warning: optimization flag '-fomit-frame-pointer' is not supported for target 'armv7' [-Wignored-optimization-argument]


# github.com/ethereum/go-ethereum/vendor/gopkg.in/olebedev/go-duktape.v3


clang: warning: optimization flag '-fomit-frame-pointer' is not supported for target 'armv7' [-Wignored-optimization-argument]


# github.com/ethereum/go-ethereum/vendor/gopkg.in/olebedev/go-duktape.v3


clang: warning: optimization flag '-fomit-frame-pointer' is not supported for target 'armv7' [-Wignored-optimization-argument]


# github.com/ethereum/go-ethereum/vendor/gopkg.in/olebedev/go-duktape.v3


clang: warning: optimization flag '-fomit-frame-pointer' is not supported for target 'armv7' [-Wignored-optimization-argument]


# github.com/ethereum/go-ethereum/vendor/gopkg.in/olebedev/go-duktape.v3


clang: warning: optimization flag '-fomit-frame-pointer' is not supported for target 'armv7' [-Wignored-optimization-argument]


# github.com/ethereum/go-ethereum/vendor/gopkg.in/olebedev/go-duktape.v3


clang: warning: optimization flag '-fomit-frame-pointer' is not supported for target 'armv7' [-Wignored-optimization-argument]


# github.com/ethereum/go-ethereum/vendor/gopkg.in/olebedev/go-duktape.v3


clang: warning: optimization flag '-fomit-frame-pointer' is not supported for target 'armv7' [-Wignored-optimization-argument]


# github.com/ethereum/go-ethereum/vendor/gopkg.in/olebedev/go-duktape.v3


clang: warning: optimization flag '-fomit-frame-pointer' is not supported for target 'armv7' [-Wignored-optimization-argument]


# github.com/ethereum/go-ethereum/vendor/gopkg.in/olebedev/go-duktape.v3


clang: warning: optimization flag '-fomit-frame-pointer' is not supported for target 'armv7' [-Wignored-optimization-argument]


# github.com/ethereum/go-ethereum/vendor/gopkg.in/olebedev/go-duktape.v3


clang: warning: optimization flag '-fomit-frame-pointer' is not supported for target 'armv7' [-Wignored-optimization-argument]


# github.com/ethereum/go-ethereum/vendor/gopkg.in/olebedev/go-duktape.v3


clang: warning: optimization flag '-fomit-frame-pointer' is not supported for target 'armv7' [-Wignored-optimization-argument]


# github.com/ethereum/go-ethereum/vendor/gopkg.in/olebedev/go-duktape.v3


clang: warning: optimization flag '-fomit-frame-pointer' is not supported for target 'armv7' [-Wignored-optimization-argument]


# github.com/ethereum/go-ethereum/vendor/gopkg.in/olebedev/go-duktape.v3


clang: warning: optimization flag '-fomit-frame-pointer' is not supported for target 'armv7' [-Wignored-optimization-argument]


/Users/travis/gopath/src/github.com/ethereum/go-ethereum/build/bin/gomobile: darwin-arm: /Users/travis/.gimme/versions/go1.13.4.darwin.amd64/bin/go build -tags ios -v -ldflags -s -w -buildmode=c-archive -o /var/folders/nz/vv4_9tw56nv9k3tkvyszvwg80000gn/T/gomobile-work-010544040/geth-arm.a gobind failed: exit status 2





util.go:45: exit status 1


exit status 1


travis_time:end:096c77fe:start=1574175214950835000,finish=1574175298093802000,duration=83142967000,event=script
[0K[31;1mThe command "go run build/ci.go xcode -signer IOS_SIGNING_KEY -deploy trunk -upload gethstore/builds" exited with 1.[0m








Done. Your build exited with 1.


