travis_fold:start:worker_info
[0K[33;1mWorker information[0m
hostname: f2bc54ea-5948-476c-a983-fef0dcfdaad3@1.worker-org-659784bb45-65vjv.gce-production-2
version: v6.2.5 https://github.com/travis-ci/worker/tree/0bd72df572e7d08bf9338416c9db10866fed0617
instance: travis-job-eca255b2-023b-45d2-b8de-ffff62aed483 travis-ci-sardonyx-xenial-1553530528-f909ac5 (via amqp)
startup: 6.421144495s
travis_fold:end:worker_info
[0Ktravis_time:start:067d5703
[0Ktravis_time:end:067d5703:start=1574240731961262911,finish=1574240732125977852,duration=164714941,event=no_world_writable_dirs
[0Ktravis_time:start:08afdd41
[0Ktravis_time:end:08afdd41:start=1574240732129146405,finish=1574240732134030593,duration=4884188,event=setup_filter
[0Ktravis_time:start:1e212524
[0Ktravis_time:end:1e212524:start=1574240732138948760,finish=1574240732147618260,duration=8669500,event=agent
[0Ktravis_time:start:0371a760
[0Ktravis_time:end:0371a760:start=1574240732150531654,finish=1574240732152708260,duration=2176606,event=check_unsupported
[0Ktravis_time:start:2a899f10
[0Ktravis_fold:start:system_info
[0K[33;1mBuild system information[0m

Build language: go

Build group: stable

Build dist: xenial

Build id: 614419385

Job id: 614419387

Runtime kernel version: 4.15.0-1028-gcp

travis-build version: 0c31473bb

[34m[1mBuild image provisioning date and time[0m

Mon Mar 25 16:43:24 UTC 2019

[34m[1mOperating System Details[0m

Distributor ID:	Ubuntu

Description:	Ubuntu 16.04.6 LTS

Release:	16.04

Codename:	xenial

[34m[1mSystemd Version[0m

systemd 229

[34m[1mCookbooks Version[0m

42e42e4 https://github.com/travis-ci/travis-cookbooks/tree/42e42e4

[34m[1mgit version[0m

git version 2.21.0

[34m[1mbash version[0m

GNU bash, version 4.3.48(1)-release (x86_64-pc-linux-gnu)

[34m[1mgcc version[0m

gcc (Ubuntu 5.4.0-6ubuntu1~16.04.11) 5.4.0 20160609

[34m[1mdocker version[0m

Client:

 Version:           18.06.0-ce

 API version:       1.38

 Go version:        go1.10.3

 Git commit:        0ffa825

 Built:             Wed Jul 18 19:11:02 2018

 OS/Arch:           linux/amd64

 Experimental:      false



Server:

 Engine:

  Version:          18.06.0-ce

  API version:      1.38 (minimum version 1.12)

  Go version:       go1.10.3

  Git commit:       0ffa825

  Built:            Wed Jul 18 19:09:05 2018

  OS/Arch:          linux/amd64

  Experimental:     false

[34m[1mclang version[0m

clang version 7.0.0 (tags/RELEASE_700/final)

[34m[1mjq version[0m

jq-1.5

[34m[1mbats version[0m

Bats 0.4.0

[34m[1mshellcheck version[0m

0.6.0

[34m[1mshfmt version[0m

v2.6.3

[34m[1mccache version[0m

3.2.4

[34m[1mcmake version[0m

cmake version 3.12.4

[34m[1mheroku version[0m

heroku/7.22.7 linux-x64 node-v11.10.1

[34m[1mimagemagick version[0m

Version: ImageMagick 6.8.9-9 Q16 x86_64 2018-09-28 http://www.imagemagick.org

[34m[1mmd5deep version[0m

4.4

[34m[1mmercurial version[0m

version 4.8

[34m[1mmysql version[0m

mysql  Ver 14.14 Distrib 5.7.25, for Linux (x86_64) using  EditLine wrapper

[34m[1mopenssl version[0m

OpenSSL 1.0.2g  1 Mar 2016

[34m[1mpacker version[0m

1.3.3

[34m[1mpostgresql client version[0m

psql (PostgreSQL) 10.7 (Ubuntu 10.7-1.pgdg16.04+1)

[34m[1mragel version[0m

Ragel State Machine Compiler version 6.8 Feb 2013

[34m[1msudo version[0m

1.8.16

[34m[1mgzip version[0m

gzip 1.6

[34m[1mzip version[0m

Zip 3.0

[34m[1mvim version[0m

VIM - Vi IMproved 7.4 (2013 Aug 10, compiled Nov 24 2016 16:44:48)

[34m[1miptables version[0m

iptables v1.6.0

[34m[1mcurl version[0m

curl 7.47.0 (x86_64-pc-linux-gnu) libcurl/7.47.0 GnuTLS/3.4.10 zlib/1.2.8 libidn/1.32 librtmp/2.3

[34m[1mwget version[0m

GNU Wget 1.17.1 built on linux-gnu.

[34m[1mrsync version[0m

rsync  version 3.1.1  protocol version 31

[34m[1mgimme version[0m

v1.5.3

[34m[1mnvm version[0m

0.34.0

[34m[1mperlbrew version[0m

/home/travis/perl5/perlbrew/bin/perlbrew  - App::perlbrew/0.86

[34m[1mphpenv version[0m

rbenv 1.1.2

[34m[1mrvm version[0m

rvm 1.29.7 (latest) by Michal Papis, Piotr Kuczynski, Wayne E. Seguin [https://rvm.io]

[34m[1mdefault ruby version[0m

ruby 2.5.3p105 (2018-10-18 revision 65156) [x86_64-linux]

[34m[1mCouchDB version[0m

couchdb 1.6.1

[34m[1mElasticSearch version[0m

5.5.0

[34m[1mInstalled Firefox version[0m

firefox 63.0.1

[34m[1mMongoDB version[0m

MongoDB 4.0.7

[34m[1mPhantomJS version[0m

2.1.1

[34m[1mPre-installed PostgreSQL versions[0m

9.4.21

9.5.16

9.6.12

[34m[1mRedis version[0m

redis-server 5.0.4

[34m[1mPre-installed Go versions[0m

1.11.1

[34m[1mmvn version[0m

Apache Maven 3.6.0 (97c98ec64a1fdfee7767ce5ffb20918da4f719f3; 2018-10-24T18:41:47Z)

[34m[1mgradle version[0m

Gradle 4.10.2!

[34m[1mlein version[0m

Leiningen 2.9.1 on Java 11.0.2 OpenJDK 64-Bit Server VM

[34m[1mPre-installed Node.js versions[0m

v10.15.3

v11.0.0

v4.9.1

v6.17.0

v8.12.0

v8.15.1

v8.9

[34m[1mphpenv versions[0m

  system

  5.6

  5.6.40

  7.1

  7.1.27

  7.2

* 7.2.15 (set by /home/travis/.phpenv/version)

  hhvm

  hhvm-stable

[34m[1mcomposer --version[0m

Composer version 1.8.4 2019-02-11 10:52:10

[34m[1mPre-installed Ruby versions[0m

ruby-2.3.8

ruby-2.4.5

ruby-2.5.3

travis_fold:end:system_info
[0K

travis_time:end:2a899f10:start=1574240732155886512,finish=1574240732161541584,duration=5655072,event=show_system_info
[0Ktravis_time:start:18ff4124
[0Ktravis_time:end:18ff4124:start=1574240732164567790,finish=1574240732181633876,duration=17066086,event=rm_riak_source
[0Ktravis_time:start:0f26b86c
[0Ktravis_time:end:0f26b86c:start=1574240732186278665,finish=1574240732192258943,duration=5980278,event=fix_rwky_redis
[0Ktravis_time:start:027a2fbd
[0Ktravis_time:end:027a2fbd:start=1574240732195837208,finish=1574240732569786278,duration=373949070,event=wait_for_network
[0Ktravis_time:start:093c1fa0
[0Ktravis_time:end:093c1fa0:start=1574240732573312737,finish=1574240732942157448,duration=368844711,event=update_apt_keys
[0Ktravis_time:start:1b06b406
[0Ktravis_time:end:1b06b406:start=1574240732948366719,finish=1574240733008629531,duration=60262812,event=fix_hhvm_source
[0Ktravis_time:start:0925fc02
[0Ktravis_time:end:0925fc02:start=1574240733018008990,finish=1574240733022656601,duration=4647611,event=update_mongo_arch
[0Ktravis_time:start:244c4298
[0Ktravis_time:end:244c4298:start=1574240733026903613,finish=1574240733076564410,duration=49660797,event=fix_sudo_enabled_trusty
[0Ktravis_time:start:25a04bc3
[0Ktravis_time:end:25a04bc3:start=1574240733082017856,finish=1574240733085471425,duration=3453569,event=update_glibc
[0Ktravis_time:start:0f611dab
[0Ktravis_time:end:0f611dab:start=1574240733091878095,finish=1574240733101303419,duration=9425324,event=clean_up_path
[0Ktravis_time:start:19eef270
[0Ktravis_time:end:19eef270:start=1574240733105316799,finish=1574240733114420881,duration=9104082,event=fix_resolv_conf
[0Ktravis_time:start:155a2bee
[0Ktravis_time:end:155a2bee:start=1574240733119776175,finish=1574240733129811383,duration=10035208,event=fix_etc_hosts
[0Ktravis_time:start:1a0a1b3e
[0Ktravis_time:end:1a0a1b3e:start=1574240733133854204,finish=1574240733144614872,duration=10760668,event=fix_mvn_settings_xml
[0Ktravis_time:start:0007a730
[0Ktravis_time:end:0007a730:start=1574240733148590465,finish=1574240733158863577,duration=10273112,event=no_ipv6_localhost
[0Ktravis_time:start:00e2f42a
[0Ktravis_time:end:00e2f42a:start=1574240733163061916,finish=1574240733167449836,duration=4387920,event=fix_etc_mavenrc
[0Ktravis_time:start:06cb7e88
[0Ktravis_time:end:06cb7e88:start=1574240733177781448,finish=1574240733182404584,duration=4623136,event=fix_wwdr_certificate
[0Ktravis_time:start:2b78cb68
[0Ktravis_time:end:2b78cb68:start=1574240733186528319,finish=1574240733214158654,duration=27630335,event=put_localhost_first
[0Ktravis_time:start:0557fcc4
[0Ktravis_time:end:0557fcc4:start=1574240733218466733,finish=1574240733222051395,duration=3584662,event=home_paths
[0Ktravis_time:start:18c9cb0e
[0Ktravis_time:end:18c9cb0e:start=1574240733227904007,finish=1574240733241929859,duration=14025852,event=disable_initramfs
[0Ktravis_time:start:20992a58
[0Ktravis_time:end:20992a58:start=1574240733246024224,finish=1574240733546723627,duration=300699403,event=disable_ssh_roaming
[0Ktravis_time:start:10991797
[0Ktravis_time:end:10991797:start=1574240733557512836,finish=1574240733560355063,duration=2842227,event=debug_tools
[0Ktravis_time:start:1bc1b7f8
[0Ktravis_time:end:1bc1b7f8:start=1574240733572508669,finish=1574240733576509687,duration=4001018,event=uninstall_oclint
[0Ktravis_time:start:0d4371f5
[0Ktravis_time:end:0d4371f5:start=1574240733584247599,finish=1574240733587973554,duration=3725955,event=rvm_use
[0Ktravis_time:start:11c4c8f7
[0Ktravis_time:end:11c4c8f7:start=1574240733598020976,finish=1574240733608195645,duration=10174669,event=rm_etc_boto_cfg
[0Ktravis_time:start:112681d8
[0Ktravis_time:end:112681d8:start=1574240733614403025,finish=1574240733618128997,duration=3725972,event=rm_oraclejdk8_symlink
[0Ktravis_time:start:05cffae4
[0Ktravis_time:end:05cffae4:start=1574240733628309854,finish=1574240733737320353,duration=109010499,event=enable_i386
[0Ktravis_time:start:1b44dfc0
[0Ktravis_time:end:1b44dfc0:start=1574240733746344356,finish=1574240733754263957,duration=7919601,event=update_rubygems
[0Ktravis_time:start:0a6cab88
[0Ktravis_time:end:0a6cab88:start=1574240733764795422,finish=1574240734663559373,duration=898763951,event=ensure_path_components
[0Ktravis_time:start:27851b66
[0Ktravis_time:end:27851b66:start=1574240734672889492,finish=1574240734675660906,duration=2771414,event=redefine_curl
[0Ktravis_time:start:003c8067
[0Ktravis_time:end:003c8067:start=1574240734681380050,finish=1574240734778156877,duration=96776827,event=nonblock_pipe
[0Ktravis_time:start:0d291fa6
[0Ktravis_time:end:0d291fa6:start=1574240734784856974,finish=1574240737831787949,duration=3046930975,event=apt_get_update
[0Ktravis_time:start:00da0ed0
[0Ktravis_time:end:00da0ed0:start=1574240737838355376,finish=1574240737841043452,duration=2688076,event=deprecate_xcode_64
[0Ktravis_time:start:0af80ea2
[0Ktravis_time:end:0af80ea2:start=1574240737846436909,finish=1574240740513472139,duration=2667035230,event=update_heroku
[0Ktravis_time:start:002d0370
[0Ktravis_time:end:002d0370:start=1574240740523560542,finish=1574240740526349422,duration=2788880,event=shell_session_update
[0Ktravis_time:start:0df208f6
[0Ktravis_fold:start:docker_mtu
[0Ktravis_fold:end:docker_mtu
[0Ktravis_time:end:0df208f6:start=1574240740535460522,finish=1574240742648942724,duration=2113482202,event=set_docker_mtu
[0Ktravis_time:start:021ce990
[0Ktravis_fold:start:resolvconf
[0Ktravis_fold:end:resolvconf
[0Ktravis_time:end:021ce990:start=1574240742657471532,finish=1574240742729445479,duration=71973947,event=resolvconf
[0Ktravis_time:start:0074c3f4
[0Ktravis_time:end:0074c3f4:start=1574240742738104877,finish=1574240742892328680,duration=154223803,event=maven_central_mirror
[0Ktravis_time:start:08a01830
[0Ktravis_time:end:08a01830:start=1574240742899365088,finish=1574240742902781987,duration=3416899,event=fix_ps4
[0KUpdating gimme

travis_time:start:03506ca6
[0K

travis_fold:start:git.checkout
[0Ktravis_time:start:0345b700
[0K$ git clone --depth=50 --branch=master https://github.com/ethereum/go-ethereum.git ethereum/go-ethereum

Cloning into 'ethereum/go-ethereum'...

travis_time:end:0345b700:start=1574240750930205683,finish=1574240754056184536,duration=3125978853,event=checkout
[0K$ cd ethereum/go-ethereum

$ git checkout -qf f71e85b8e267641cc4f7b9ce7305726403e78385

travis_fold:end:git.checkout
[0K

travis_fold:start:git.submodule
[0Ktravis_time:start:00b9970e
[0K$ git submodule update --init --recursive

Submodule 'tests' (https://github.com/ethereum/tests) registered for path 'tests/testdata'

Cloning into '/home/travis/build/ethereum/go-ethereum/tests/testdata'...

Submodule path 'tests/testdata': checked out 'b5eb9900ee2147b40d3e681fe86efa4fd693959a'

travis_time:end:00b9970e:start=1574240754266315809,finish=1574240812174265191,duration=57907949382,event=checkout
[0Ktravis_fold:end:git.submodule
[0Ktravis_time:end:00b9970e:start=1574240754266315809,finish=1574240812191999676,duration=57925683867,event=checkout
[0K$ travis_export_go 1.11.x github.com/ethereum/go-ethereum

travis_time:start:07a89a40
[0K

[33;1mSetting environment variables from repository settings[0m

$ export IOS_SIGNING_KEY=[secure]

$ export LINUX_SIGNING_KEY=[secure]

$ export OSX_SIGNING_KEY=[secure]

$ export ANDROID_SIGNING_KEY=[secure]

$ export AZURE_BLOBSTORE_TOKEN=[secure]

$ export ANDROID_SONATYPE_USERNAME=[secure]

$ export ANDROID_SONATYPE_PASSWORD=[secure]

$ export COCOAPODS_TRUNK_TOKEN=[secure]

$ export PPA_SIGNING_KEY=[secure]

$ export PPA_SSH_KEY=[secure]



travis_time:end:07a89a40:start=1574240812206385841,finish=1574240812245407126,duration=39021285,event=env
[0Ktravis_time:start:010f9d9e
[0K$ travis_setup_go

go version go1.11.13 linux/amd64

$ export GOPATH="/home/travis/gopath"

$ export PATH="/home/travis/gopath/bin:/home/travis/.gimme/versions/go1.11.13.linux.amd64/bin:/home/travis/bin:/home/travis/bin:/home/travis/.local/bin:/usr/local/lib/jvm/openjdk11/bin:/opt/pyenv/shims:/home/travis/.phpenv/shims:/home/travis/perl5/perlbrew/bin:/home/travis/.nvm/versions/node/v8.12.0/bin:/home/travis/.rvm/gems/ruby-2.5.3/bin:/home/travis/.rvm/gems/ruby-2.5.3@global/bin:/home/travis/.rvm/rubies/ruby-2.5.3/bin:/home/travis/gopath/bin:/home/travis/.gimme/versions/go1.11.1.linux.amd64/bin:/usr/local/maven-3.6.0/bin:/usr/local/cmake-3.12.4/bin:/usr/local/clang-7.0.0/bin:/usr/local/sbin:/usr/local/bin:/usr/sbin:/usr/bin:/sbin:/bin:/snap/bin:/home/travis/.rvm/bin:/home/travis/.phpenv/bin:/opt/pyenv/bin:/home/travis/.yarn/bin"

$ export GO111MODULE="auto"

travis_time:end:010f9d9e:start=1574240812258031280,finish=1574240845406771464,duration=33148740184,event=
[0K$ gimme version

v1.5.3

$ go version

go version go1.11.13 linux/amd64

travis_fold:start:go.env
[0K$ go env

GOARCH="amd64"

GOBIN=""

GOCACHE="/home/travis/.cache/go-build"

GOEXE=""

GOFLAGS=""

GOHOSTARCH="amd64"

GOHOSTOS="linux"

GOOS="linux"

GOPATH="/home/travis/gopath"

GOPROXY=""

GORACE=""

GOROOT="/home/travis/.gimme/versions/go1.11.13.linux.amd64"

GOTMPDIR=""

GOTOOLDIR="/home/travis/.gimme/versions/go1.11.13.linux.amd64/pkg/tool/linux_amd64"

GCCGO="gccgo"

CC="gcc"

CXX="g++"

CGO_ENABLED="1"

GOMOD=""

CGO_CFLAGS="-g -O2"

CGO_CPPFLAGS=""

CGO_CXXFLAGS="-g -O2"

CGO_FFLAGS="-g -O2"

CGO_LDFLAGS="-g -O2"

PKG_CONFIG="pkg-config"

GOGCCFLAGS="-fPIC -m64 -pthread -fmessage-length=0 -fdebug-prefix-map=/tmp/go-build037199337=/tmp/go-build -gno-record-gcc-switches"

travis_fold:end:go.env
[0Ktravis_fold:start:install
[0Ktravis_time:start:148b1056
[0K$ travis_install_go_dependencies 1.11.x -v

Makefile detected

travis_time:end:148b1056:start=1574240847991529005,finish=1574240847995888590,duration=4359585,event=install
[0Ktravis_fold:end:install
[0Ktravis_time:start:0d878b64
[0K$ go run build/ci.go install

>>> /home/travis/.gimme/versions/go1.11.13.linux.amd64/bin/go install -ldflags -X main.gitCommit=f71e85b8e267641cc4f7b9ce7305726403e78385 -X main.gitDate=20191120 -v ./...

github.com/ethereum/go-ethereum/vendor/github.com/allegro/bigcache/queue

github.com/ethereum/go-ethereum/vendor/github.com/aristanetworks/goarista/monotime

github.com/ethereum/go-ethereum/common/mclock

github.com/ethereum/go-ethereum/vendor/github.com/allegro/bigcache

github.com/ethereum/go-ethereum/common/prque

github.com/ethereum/go-ethereum/ethdb

github.com/ethereum/go-ethereum/vendor/github.com/go-stack/stack

github.com/ethereum/go-ethereum/vendor/golang.org/x/sys/unix

github.com/ethereum/go-ethereum/log

github.com/ethereum/go-ethereum/vendor/github.com/steakknife/hamming

github.com/ethereum/go-ethereum/vendor/github.com/steakknife/bloomfilter

github.com/ethereum/go-ethereum/event

github.com/ethereum/go-ethereum/accounts/abi

github.com/ethereum/go-ethereum/vendor/github.com/elastic/gosigar

github.com/ethereum/go-ethereum/metrics

github.com/ethereum/go-ethereum/vendor/github.com/davecgh/go-spew/spew

github.com/ethereum/go-ethereum/vendor/github.com/deckarep/golang-set

github.com/ethereum/go-ethereum/vendor/github.com/pborman/uuid

github.com/ethereum/go-ethereum/vendor/github.com/rjeczalik/notify

github.com/ethereum/go-ethereum/trie

github.com/ethereum/go-ethereum/vendor/golang.org/x/crypto/pbkdf2

github.com/ethereum/go-ethereum/vendor/golang.org/x/crypto/scrypt

github.com/ethereum/go-ethereum/vendor/github.com/gballet/go-libpcsclite

github.com/ethereum/go-ethereum/core/types

github.com/ethereum/go-ethereum/vendor/github.com/status-im/keycard-go/derivationpath

github.com/ethereum/go-ethereum/vendor/golang.org/x/crypto/curve25519

github.com/ethereum/go-ethereum/vendor/github.com/wsddn/go-ecdh

github.com/ethereum/go-ethereum

github.com/ethereum/go-ethereum/vendor/golang.org/x/text/transform

github.com/ethereum/go-ethereum/accounts

github.com/ethereum/go-ethereum/vendor/golang.org/x/text/unicode/norm

github.com/ethereum/go-ethereum/accounts/keystore

github.com/ethereum/go-ethereum/vendor/github.com/hashicorp/golang-lru/simplelru

github.com/ethereum/go-ethereum/vendor/github.com/hashicorp/golang-lru

github.com/ethereum/go-ethereum/core/state

github.com/ethereum/go-ethereum/accounts/scwallet

github.com/ethereum/go-ethereum/p2p/netutil

github.com/ethereum/go-ethereum/vendor/github.com/gorilla/websocket

github.com/ethereum/go-ethereum/vendor/golang.org/x/net/context

github.com/ethereum/go-ethereum/vendor/github.com/rs/xhandler

github.com/ethereum/go-ethereum/vendor/github.com/rs/cors

github.com/ethereum/go-ethereum/consensus/misc

github.com/ethereum/go-ethereum/vendor/github.com/edsrzf/mmap-go

github.com/ethereum/go-ethereum/common/bitutil

github.com/ethereum/go-ethereum/rpc

github.com/ethereum/go-ethereum/vendor/github.com/syndtr/goleveldb/leveldb/util

github.com/ethereum/go-ethereum/vendor/github.com/syndtr/goleveldb/leveldb/cache

github.com/ethereum/go-ethereum/vendor/github.com/syndtr/goleveldb/leveldb/comparer

github.com/ethereum/go-ethereum/vendor/github.com/syndtr/goleveldb/leveldb/storage

github.com/ethereum/go-ethereum/vendor/github.com/syndtr/goleveldb/leveldb/errors

github.com/ethereum/go-ethereum/vendor/github.com/syndtr/goleveldb/leveldb/filter

github.com/ethereum/go-ethereum/vendor/github.com/syndtr/goleveldb/leveldb/iterator

github.com/ethereum/go-ethereum/vendor/github.com/syndtr/goleveldb/leveldb/journal

github.com/ethereum/go-ethereum/vendor/github.com/syndtr/goleveldb/leveldb/memdb

github.com/ethereum/go-ethereum/vendor/github.com/syndtr/goleveldb/leveldb/opt

github.com/ethereum/go-ethereum/vendor/github.com/golang/snappy

github.com/ethereum/go-ethereum/vendor/github.com/syndtr/goleveldb/leveldb/table

github.com/ethereum/go-ethereum/vendor/github.com/syndtr/goleveldb/leveldb

github.com/ethereum/go-ethereum/ethdb/leveldb

github.com/ethereum/go-ethereum/ethdb/memorydb

github.com/ethereum/go-ethereum/vendor/github.com/mattn/go-runewidth

github.com/ethereum/go-ethereum/vendor/github.com/olekukonko/tablewriter

github.com/ethereum/go-ethereum/vendor/github.com/pkg/errors

github.com/ethereum/go-ethereum/vendor/github.com/prometheus/tsdb/fileutil

github.com/ethereum/go-ethereum/core/rawdb

github.com/ethereum/go-ethereum/vendor/golang.org/x/sys/cpu

github.com/ethereum/go-ethereum/crypto/blake2b

github.com/ethereum/go-ethereum/crypto/bn256/cloudflare

github.com/ethereum/go-ethereum/crypto/bn256

github.com/ethereum/go-ethereum/vendor/golang.org/x/crypto/ripemd160

github.com/ethereum/go-ethereum/core/vm

github.com/ethereum/go-ethereum/core/bloombits

github.com/ethereum/go-ethereum/crypto/ecies

github.com/ethereum/go-ethereum/p2p/enr

github.com/ethereum/go-ethereum/p2p/enode

github.com/ethereum/go-ethereum/p2p/discover

github.com/ethereum/go-ethereum/vendor/github.com/huin/goupnp/httpu

github.com/ethereum/go-ethereum/vendor/github.com/huin/goupnp/scpd

github.com/ethereum/go-ethereum/vendor/github.com/huin/goupnp/soap

github.com/ethereum/go-ethereum/vendor/github.com/huin/goupnp/ssdp

github.com/ethereum/go-ethereum/vendor/golang.org/x/net/html/atom

github.com/ethereum/go-ethereum/vendor/golang.org/x/net/html

github.com/ethereum/go-ethereum/consensus

github.com/ethereum/go-ethereum/consensus/clique

github.com/ethereum/go-ethereum/consensus/ethash

github.com/ethereum/go-ethereum/core

github.com/ethereum/go-ethereum/vendor/golang.org/x/text/encoding/internal/identifier

github.com/ethereum/go-ethereum/vendor/golang.org/x/text/encoding

github.com/ethereum/go-ethereum/vendor/golang.org/x/text/encoding/internal

github.com/ethereum/go-ethereum/vendor/golang.org/x/text/encoding/charmap

github.com/ethereum/go-ethereum/vendor/golang.org/x/text/encoding/japanese

github.com/ethereum/go-ethereum/eth/downloader

github.com/ethereum/go-ethereum/vendor/golang.org/x/text/encoding/korean

github.com/ethereum/go-ethereum/vendor/golang.org/x/text/encoding/simplifiedchinese

github.com/ethereum/go-ethereum/vendor/golang.org/x/text/encoding/traditionalchinese

github.com/ethereum/go-ethereum/vendor/golang.org/x/text/internal/utf8internal

github.com/ethereum/go-ethereum/vendor/golang.org/x/text/runes

github.com/ethereum/go-ethereum/vendor/golang.org/x/text/internal/tag

github.com/ethereum/go-ethereum/vendor/golang.org/x/text/encoding/unicode

github.com/ethereum/go-ethereum/vendor/golang.org/x/text/internal/language

github.com/ethereum/go-ethereum/vendor/github.com/jackpal/go-nat-pmp

github.com/ethereum/go-ethereum/vendor/github.com/tyler-smith/go-bip39/wordlists

github.com/ethereum/go-ethereum/vendor/github.com/tyler-smith/go-bip39

github.com/ethereum/go-ethereum/vendor/github.com/golang/protobuf/proto

github.com/ethereum/go-ethereum/vendor/golang.org/x/text/internal/language/compact

github.com/ethereum/go-ethereum/vendor/golang.org/x/text/language

github.com/ethereum/go-ethereum/vendor/golang.org/x/text/encoding/htmlindex

github.com/ethereum/go-ethereum/vendor/golang.org/x/net/html/charset

github.com/ethereum/go-ethereum/vendor/github.com/huin/goupnp

github.com/ethereum/go-ethereum/vendor/github.com/huin/goupnp/dcps/internetgateway1

github.com/ethereum/go-ethereum/vendor/github.com/huin/goupnp/dcps/internetgateway2

github.com/ethereum/go-ethereum/p2p/nat

github.com/ethereum/go-ethereum/p2p/discv5

github.com/ethereum/go-ethereum/vendor/github.com/golang/protobuf/protoc-gen-go/descriptor

github.com/ethereum/go-ethereum/accounts/usbwallet/trezor

github.com/ethereum/go-ethereum/p2p

github.com/ethereum/go-ethereum/vendor/github.com/[secure]/usb

github.com/ethereum/go-ethereum/internal/ethapi

github.com/ethereum/go-ethereum/signer/storage

github.com/ethereum/go-ethereum/vendor/golang.org/x/crypto/ssh/terminal

github.com/ethereum/go-ethereum/eth/filters

github.com/ethereum/go-ethereum/common/fdlimit

github.com/ethereum/go-ethereum/core/forkid

github.com/ethereum/go-ethereum/eth/fetcher

github.com/ethereum/go-ethereum/eth/gasprice

github.com/ethereum/go-ethereum/eth/tracers/internal/tracers

github.com/ethereum/go-ethereum/vendor/gopkg.in/olebedev/go-duktape.v3

github.com/ethereum/go-ethereum/accounts/usbwallet

github.com/ethereum/go-ethereum/signer/core

github.com/ethereum/go-ethereum/accounts/external

github.com/ethereum/go-ethereum/accounts/abi/bind

github.com/ethereum/go-ethereum/accounts/abi/bind/backends

github.com/ethereum/go-ethereum/miner

github.com/ethereum/go-ethereum/metrics/prometheus

github.com/ethereum/go-ethereum/metrics/exp

github.com/ethereum/go-ethereum/vendor/github.com/fjl/memsize

github.com/ethereum/go-ethereum/vendor/github.com/fjl/memsize/memsizeui

github.com/ethereum/go-ethereum/vendor/github.com/mattn/go-isatty

github.com/ethereum/go-ethereum/vendor/github.com/mattn/go-colorable

github.com/ethereum/go-ethereum/vendor/gopkg.in/urfave/cli.v1

github.com/ethereum/go-ethereum/internal/debug

github.com/ethereum/go-ethereum/node

github.com/ethereum/go-ethereum/contracts/checkpointoracle/contract

github.com/ethereum/go-ethereum/contracts/checkpointoracle

github.com/ethereum/go-ethereum/les/flowcontrol

github.com/ethereum/go-ethereum/light

github.com/ethereum/go-ethereum/vendor/github.com/graph-gophers/graphql-go/errors

github.com/ethereum/go-ethereum/vendor/github.com/graph-gophers/graphql-go/internal/common

github.com/ethereum/go-ethereum/vendor/github.com/graph-gophers/graphql-go/internal/schema

github.com/ethereum/go-ethereum/vendor/github.com/graph-gophers/graphql-go/internal/exec/packer

github.com/ethereum/go-ethereum/vendor/github.com/graph-gophers/graphql-go/introspection

github.com/ethereum/go-ethereum/vendor/github.com/graph-gophers/graphql-go/internal/exec/resolvable

github.com/ethereum/go-ethereum/vendor/github.com/graph-gophers/graphql-go/internal/query

github.com/ethereum/go-ethereum/vendor/github.com/graph-gophers/graphql-go/internal/exec/selected

github.com/ethereum/go-ethereum/vendor/github.com/graph-gophers/graphql-go/log

github.com/ethereum/go-ethereum/vendor/github.com/opentracing/opentracing-go/log

github.com/ethereum/go-ethereum/vendor/github.com/opentracing/opentracing-go

github.com/ethereum/go-ethereum/vendor/github.com/opentracing/opentracing-go/ext

github.com/ethereum/go-ethereum/vendor/github.com/graph-gophers/graphql-go/trace

github.com/ethereum/go-ethereum/vendor/github.com/graph-gophers/graphql-go/internal/exec

github.com/ethereum/go-ethereum/vendor/github.com/graph-gophers/graphql-go/internal/validation

github.com/ethereum/go-ethereum/vendor/github.com/graph-gophers/graphql-go

github.com/ethereum/go-ethereum/vendor/github.com/graph-gophers/graphql-go/relay

github.com/ethereum/go-ethereum/graphql

github.com/ethereum/go-ethereum/vendor/github.com/influxdata/influxdb/pkg/escape

github.com/ethereum/go-ethereum/vendor/github.com/influxdata/influxdb/models

github.com/ethereum/go-ethereum/vendor/github.com/influxdata/influxdb/client

github.com/ethereum/go-ethereum/metrics/influxdb

github.com/ethereum/go-ethereum/vendor/golang.org/x/sync/syncmap

github.com/ethereum/go-ethereum/whisper/whisperv6

github.com/ethereum/go-ethereum/common/compiler

github.com/ethereum/go-ethereum/ethclient

github.com/ethereum/go-ethereum/internal/jsre/deps

github.com/ethereum/go-ethereum/vendor/github.com/fatih/color

github.com/ethereum/go-ethereum/vendor/gopkg.in/sourcemap.v1/base64vlq

github.com/ethereum/go-ethereum/vendor/gopkg.in/sourcemap.v1

github.com/ethereum/go-ethereum/vendor/github.com/robertkrimen/otto/file

github.com/ethereum/go-ethereum/vendor/github.com/robertkrimen/otto/token

github.com/ethereum/go-ethereum/vendor/github.com/robertkrimen/otto/ast

github.com/ethereum/go-ethereum/vendor/github.com/robertkrimen/otto/dbg

github.com/ethereum/go-ethereum/vendor/github.com/robertkrimen/otto/parser

github.com/ethereum/go-ethereum/vendor/github.com/robertkrimen/otto/registry

github.com/ethereum/go-ethereum/vendor/github.com/robertkrimen/otto

github.com/ethereum/go-ethereum/internal/jsre

github.com/ethereum/go-ethereum/internal/web3ext

github.com/ethereum/go-ethereum/vendor/github.com/peterh/liner

github.com/ethereum/go-ethereum/console

github.com/ethereum/go-ethereum/signer/fourbyte

github.com/ethereum/go-ethereum/signer/rules/deps

github.com/ethereum/go-ethereum/signer/rules

github.com/ethereum/go-ethereum/vendor/golang.org/x/time/rate

github.com/ethereum/go-ethereum/vendor/github.com/cloudflare/cloudflare-go

github.com/ethereum/go-ethereum/p2p/dnsdisc

github.com/ethereum/go-ethereum/cmd/devp2p

github.com/ethereum/go-ethereum/core/asm

github.com/ethereum/go-ethereum/cmd/evm/internal/compiler

github.com/ethereum/go-ethereum/core/vm/runtime

github.com/ethereum/go-ethereum/tests

github.com/ethereum/go-ethereum/vendor/github.com/naoina/go-stringutil

github.com/ethereum/go-ethereum/vendor/github.com/naoina/toml/ast

github.com/ethereum/go-ethereum/vendor/github.com/naoina/toml

github.com/ethereum/go-ethereum/vendor/github.com/docker/docker/pkg/reexec

github.com/ethereum/go-ethereum/p2p/simulations/pipes

github.com/ethereum/go-ethereum/p2p/simulations/adapters

github.com/ethereum/go-ethereum/vendor/github.com/julienschmidt/httprouter

github.com/ethereum/go-ethereum/p2p/simulations

github.com/ethereum/go-ethereum/cmd/p2psim

github.com/ethereum/go-ethereum/eth/tracers

github.com/ethereum/go-ethereum/eth

github.com/ethereum/go-ethereum/les

github.com/ethereum/go-ethereum/ethstats

github.com/ethereum/go-ethereum/vendor/golang.org/x/crypto/ed25519/internal/edwards25519

github.com/ethereum/go-ethereum/cmd/utils

github.com/ethereum/go-ethereum/cmd/faucet

github.com/ethereum/go-ethereum/cmd/abigen

github.com/ethereum/go-ethereum/cmd/bootnode

github.com/ethereum/go-ethereum/cmd/checkpoint-admin

github.com/ethereum/go-ethereum/cmd/clef

github.com/ethereum/go-ethereum/cmd/ethkey

github.com/ethereum/go-ethereum/cmd/evm

github.com/ethereum/go-ethereum/cmd/geth

github.com/ethereum/go-ethereum/vendor/golang.org/x/crypto/ed25519

github.com/ethereum/go-ethereum/vendor/golang.org/x/crypto/internal/subtle

github.com/ethereum/go-ethereum/vendor/golang.org/x/crypto/internal/chacha20

github.com/ethereum/go-ethereum/vendor/golang.org/x/crypto/poly1305

github.com/ethereum/go-ethereum/vendor/golang.org/x/crypto/ssh

github.com/ethereum/go-ethereum/cmd/puppeth

github.com/ethereum/go-ethereum/cmd/rlpdump

github.com/ethereum/go-ethereum/whisper/mailserver

github.com/ethereum/go-ethereum/cmd/wnode

github.com/ethereum/go-ethereum/crypto/bn256/google

github.com/ethereum/go-ethereum/ethdb/dbtest

github.com/ethereum/go-ethereum/internal/cmdtest

github.com/ethereum/go-ethereum/internal/guide

github.com/ethereum/go-ethereum/internal/testlog

github.com/ethereum/go-ethereum/metrics/librato

github.com/ethereum/go-ethereum/whisper/shhclient

github.com/ethereum/go-ethereum/mobile

github.com/ethereum/go-ethereum/p2p/simulations/examples

github.com/ethereum/go-ethereum/p2p/testing

travis_time:end:0d878b64:start=1574240848003110745,finish=1574240945702274231,duration=97699163486,event=script
[0K[32;1mThe command "go run build/ci.go install" exited with 0.[0m

travis_time:start:06637174
[0K$ go run build/ci.go test -coverage $TEST_PACKAGES

>>> /home/travis/.gimme/versions/go1.11.13.linux.amd64/bin/go test -ldflags -X main.gitCommit=f71e85b8e267641cc4f7b9ce7305726403e78385 -X main.gitDate=20191120 -p 1 -timeout 5m -covermode=atomic -cover ./...

?   	github.com/ethereum/go-ethereum	[no test files]

ok  	github.com/ethereum/go-ethereum/accounts	0.026s	coverage: 30.8% of statements

ok  	github.com/ethereum/go-ethereum/accounts/abi	0.050s	coverage: 88.8% of statements

ok  	github.com/ethereum/go-ethereum/accounts/abi/bind	6.417s	coverage: 52.1% of statements

ok  	github.com/ethereum/go-ethereum/accounts/abi/bind/backends	0.054s	coverage: 21.5% of statements

?   	github.com/ethereum/go-ethereum/accounts/external	[no test files]

ok  	github.com/ethereum/go-ethereum/accounts/keystore	18.403s	coverage: 76.3% of statements

?   	github.com/ethereum/go-ethereum/accounts/scwallet	[no test files]

?   	github.com/ethereum/go-ethereum/accounts/usbwallet	[no test files]

?   	github.com/ethereum/go-ethereum/accounts/usbwallet/trezor	[no test files]

?   	github.com/ethereum/go-ethereum/cmd/abigen	[no test files]

?   	github.com/ethereum/go-ethereum/cmd/bootnode	[no test files]

?   	github.com/ethereum/go-ethereum/cmd/checkpoint-admin	[no test files]

?   	github.com/ethereum/go-ethereum/cmd/clef	[no test files]

?   	github.com/ethereum/go-ethereum/cmd/devp2p	[no test files]

ok  	github.com/ethereum/go-ethereum/cmd/ethkey	2.249s	coverage: 1.3% of statements

?   	github.com/ethereum/go-ethereum/cmd/evm	[no test files]

?   	github.com/ethereum/go-ethereum/cmd/evm/internal/compiler	[no test files]

?   	github.com/ethereum/go-ethereum/cmd/faucet	[no test files]

ok  	github.com/ethereum/go-ethereum/cmd/geth	11.681s	coverage: 1.6% of statements

?   	github.com/ethereum/go-ethereum/cmd/p2psim	[no test files]

ok  	github.com/ethereum/go-ethereum/cmd/puppeth	0.030s	coverage: 8.7% of statements

?   	github.com/ethereum/go-ethereum/cmd/rlpdump	[no test files]

ok  	github.com/ethereum/go-ethereum/cmd/utils	0.039s	coverage: 2.3% of statements

?   	github.com/ethereum/go-ethereum/cmd/wnode	[no test files]

ok  	github.com/ethereum/go-ethereum/common	0.004s	coverage: 39.3% of statements

ok  	github.com/ethereum/go-ethereum/common/bitutil	0.005s	coverage: 95.7% of statements

ok  	github.com/ethereum/go-ethereum/common/compiler	0.003s	coverage: 0.0% of statements

ok  	github.com/ethereum/go-ethereum/common/fdlimit	0.002s	coverage: 73.7% of statements

ok  	github.com/ethereum/go-ethereum/common/hexutil	0.003s	coverage: 80.9% of statements

ok  	github.com/ethereum/go-ethereum/common/math	0.003s	coverage: 92.4% of statements

ok  	github.com/ethereum/go-ethereum/common/mclock	0.002s	coverage: 86.6% of statements

ok  	github.com/ethereum/go-ethereum/common/prque	1.302s	coverage: 74.0% of statements

?   	github.com/ethereum/go-ethereum/consensus	[no test files]

ok  	github.com/ethereum/go-ethereum/consensus/clique	2.009s	coverage: 52.5% of statements

ok  	github.com/ethereum/go-ethereum/consensus/ethash	11.414s	coverage: 63.4% of statements

?   	github.com/ethereum/go-ethereum/consensus/misc	[no test files]

ok  	github.com/ethereum/go-ethereum/console	1.563s	coverage: 37.8% of statements

ok  	github.com/ethereum/go-ethereum/contracts/checkpointoracle	0.737s	coverage: 0.0% of statements

?   	github.com/ethereum/go-ethereum/contracts/checkpointoracle/contract	[no test files]

ok  	github.com/ethereum/go-ethereum/core	28.446s	coverage: 73.4% of statements

ok  	github.com/ethereum/go-ethereum/core/asm	0.028s	coverage: 72.6% of statements

ok  	github.com/ethereum/go-ethereum/core/bloombits	3.115s	coverage: 95.5% of statements

ok  	github.com/ethereum/go-ethereum/core/forkid	0.029s	coverage: 85.9% of statements

ok  	github.com/ethereum/go-ethereum/core/rawdb	0.975s	coverage: 48.2% of statements

ok  	github.com/ethereum/go-ethereum/core/state	8.965s	coverage: 76.9% of statements

ok  	github.com/ethereum/go-ethereum/core/types	0.291s	coverage: 49.6% of statements

ok  	github.com/ethereum/go-ethereum/core/vm	0.281s	coverage: 40.1% of statements

ok  	github.com/ethereum/go-ethereum/core/vm/runtime	0.029s	coverage: 76.7% of statements

ok  	github.com/ethereum/go-ethereum/crypto	0.068s	coverage: 80.5% of statements

ok  	github.com/ethereum/go-ethereum/crypto/blake2b	0.071s	coverage: 90.6% of statements

?   	github.com/ethereum/go-ethereum/crypto/bn256	[no test files]

ok  	github.com/ethereum/go-ethereum/crypto/bn256/cloudflare	0.099s	coverage: 81.3% of statements

ok  	github.com/ethereum/go-ethereum/crypto/bn256/google	0.656s	coverage: 91.6% of statements

ok  	github.com/ethereum/go-ethereum/crypto/ecies	0.036s	coverage: 75.9% of statements

ok  	github.com/ethereum/go-ethereum/crypto/secp256k1	1.171s	coverage: 30.6% of statements

ok  	github.com/ethereum/go-ethereum/eth	18.782s	coverage: 28.2% of statements

--- FAIL: TestBoundedHeavyForkedSync63Fast (1.10s)

    downloader_test.go:713: failed to synchronise blocks: retrieved hash chain is invalid

FAIL

coverage: 78.5% of statements

FAIL	github.com/ethereum/go-ethereum/eth/downloader	92.979s

ok  	github.com/ethereum/go-ethereum/eth/fetcher	9.207s	coverage: 89.3% of statements

ok  	github.com/ethereum/go-ethereum/eth/filters	2.321s	coverage: 54.1% of statements

?   	github.com/ethereum/go-ethereum/eth/gasprice	[no test files]

ok  	github.com/ethereum/go-ethereum/eth/tracers	0.272s	coverage: 75.6% of statements

?   	github.com/ethereum/go-ethereum/eth/tracers/internal/tracers	[no test files]

ok  	github.com/ethereum/go-ethereum/ethclient	0.071s	coverage: 14.0% of statements

?   	github.com/ethereum/go-ethereum/ethdb	[no test files]

?   	github.com/ethereum/go-ethereum/ethdb/dbtest	[no test files]

ok  	github.com/ethereum/go-ethereum/ethdb/leveldb	0.029s	coverage: 15.1% of statements

ok  	github.com/ethereum/go-ethereum/ethdb/memorydb	0.003s	coverage: 81.6% of statements

?   	github.com/ethereum/go-ethereum/ethstats	[no test files]

ok  	github.com/ethereum/go-ethereum/event	0.642s	coverage: 94.3% of statements

ok  	github.com/ethereum/go-ethereum/graphql	0.037s	coverage: 2.1% of statements

?   	github.com/ethereum/go-ethereum/internal/build	[no test files]

?   	github.com/ethereum/go-ethereum/internal/cmdtest	[no test files]

?   	github.com/ethereum/go-ethereum/internal/debug	[no test files]

?   	github.com/ethereum/go-ethereum/internal/ethapi	[no test files]

ok  	github.com/ethereum/go-ethereum/internal/guide	15.647s	coverage: 0.0% of statements

ok  	github.com/ethereum/go-ethereum/internal/jsre	0.114s	coverage: 48.5% of statements

?   	github.com/ethereum/go-ethereum/internal/jsre/deps	[no test files]

?   	github.com/ethereum/go-ethereum/internal/testlog	[no test files]

?   	github.com/ethereum/go-ethereum/internal/web3ext	[no test files]

ok  	github.com/ethereum/go-ethereum/les	55.510s	coverage: 51.5% of statements

ok  	github.com/ethereum/go-ethereum/les/flowcontrol	13.814s	coverage: 37.9% of statements

ok  	github.com/ethereum/go-ethereum/light	1.259s	coverage: 38.4% of statements

?   	github.com/ethereum/go-ethereum/log	[no test files]

ok  	github.com/ethereum/go-ethereum/metrics	5.387s	coverage: 48.6% of statements

?   	github.com/ethereum/go-ethereum/metrics/exp	[no test files]

?   	github.com/ethereum/go-ethereum/metrics/influxdb	[no test files]

?   	github.com/ethereum/go-ethereum/metrics/librato	[no test files]

?   	github.com/ethereum/go-ethereum/metrics/prometheus	[no test files]

ok  	github.com/ethereum/go-ethereum/miner	16.827s	coverage: 70.9% of statements

ok  	github.com/ethereum/go-ethereum/mobile	0.040s	coverage: 15.2% of statements

ok  	github.com/ethereum/go-ethereum/node	0.815s	coverage: 43.0% of statements

ok  	github.com/ethereum/go-ethereum/p2p	0.597s	coverage: 73.9% of statements

ok  	github.com/ethereum/go-ethereum/p2p/discover	23.975s	coverage: 76.0% of statements

ok  	github.com/ethereum/go-ethereum/p2p/discv5	8.709s	coverage: 43.6% of statements

ok  	github.com/ethereum/go-ethereum/p2p/dnsdisc	0.226s	coverage: 82.7% of statements

ok  	github.com/ethereum/go-ethereum/p2p/enode	1.631s	coverage: 81.3% of statements

ok  	github.com/ethereum/go-ethereum/p2p/enr	0.004s	coverage: 62.3% of statements

ok  	github.com/ethereum/go-ethereum/p2p/nat	2.608s	coverage: 20.3% of statements

ok  	github.com/ethereum/go-ethereum/p2p/netutil	0.012s	coverage: 84.1% of statements

ok  	github.com/ethereum/go-ethereum/p2p/simulations	2.903s	coverage: 69.6% of statements

ok  	github.com/ethereum/go-ethereum/p2p/simulations/adapters	0.043s	coverage: 0.2% of statements

?   	github.com/ethereum/go-ethereum/p2p/simulations/examples	[no test files]

?   	github.com/ethereum/go-ethereum/p2p/simulations/pipes	[no test files]

?   	github.com/ethereum/go-ethereum/p2p/testing	[no test files]

ok  	github.com/ethereum/go-ethereum/params	0.025s	coverage: 50.0% of statements

ok  	github.com/ethereum/go-ethereum/rlp	0.013s	coverage: 96.6% of statements

ok  	github.com/ethereum/go-ethereum/rpc	8.839s	coverage: 78.1% of statements

ok  	github.com/ethereum/go-ethereum/signer/core	4.219s	coverage: 41.3% of statements

ok  	github.com/ethereum/go-ethereum/signer/fourbyte	3.656s	coverage: 46.9% of statements

ok  	github.com/ethereum/go-ethereum/signer/rules	0.194s	coverage: 77.1% of statements

?   	github.com/ethereum/go-ethereum/signer/rules/deps	[no test files]

ok  	github.com/ethereum/go-ethereum/signer/storage	0.005s	coverage: 52.3% of statements

ok  	github.com/ethereum/go-ethereum/tests	152.738s	coverage: 68.5% of statements

ok  	github.com/ethereum/go-ethereum/trie	4.112s	coverage: 69.4% of statements

ok  	github.com/ethereum/go-ethereum/whisper/mailserver	0.184s	coverage: 66.7% of statements

?   	github.com/ethereum/go-ethereum/whisper/shhclient	[no test files]

ok  	github.com/ethereum/go-ethereum/whisper/whisperv6	19.331s	coverage: 65.1% of statements

util.go:45: exit status 1

exit status 1

travis_time:end:06637174:start=1574240945710903821,finish=1574241649755443987,duration=704044540166,event=script
[0K[31;1mThe command "go run build/ci.go test -coverage $TEST_PACKAGES" exited with 1.[0m





Done. Your build exited with 1.

