travis_fold:start:worker_info
[0K[33;1mWorker information[0m
hostname: 2b97131b-1749-4f65-b453-c7af1f0c5fa3@1.worker-org-854d76759-8gw5q.gce-production-3
version: v6.2.5 https://github.com/travis-ci/worker/tree/0bd72df572e7d08bf9338416c9db10866fed0617
instance: travis-job-1b0425ef-01fc-4966-ae09-f5e0b9d95b18 travis-ci-sardonyx-xenial-1553530528-f909ac5 (via amqp)
startup: 6.47075364s
travis_fold:end:worker_info
[0Ktravis_time:start:00d346b8
[0Ktravis_time:end:00d346b8:start=1574248457513148942,finish=1574248457716994120,duration=203845178,event=no_world_writable_dirs
[0Ktravis_time:start:0bb69e95
[0Ktravis_time:end:0bb69e95:start=1574248457720761699,finish=1574248457726272454,duration=5510755,event=setup_filter
[0Ktravis_time:start:0aa8a38b
[0Ktravis_time:end:0aa8a38b:start=1574248457733924142,finish=1574248457745065536,duration=11141394,event=agent
[0Ktravis_time:start:124d58c0
[0Ktravis_time:end:124d58c0:start=1574248457748670783,finish=1574248457751582479,duration=2911696,event=check_unsupported
[0Ktravis_time:start:2a678bb0
[0Ktravis_fold:start:system_info
[0K[33;1mBuild system information[0m

Build language: go

Build group: stable

Build dist: xenial

Build id: 614461712

Job id: 614461716

Runtime kernel version: 4.15.0-1028-gcp

travis-build version: 0c31473bb

[34m[1mBuild image provisioning date and time[0m

Mon Mar 25 16:43:24 UTC 2019

[34m[1mOperating System Details[0m

Distributor ID:	Ubuntu

Description:	Ubuntu 16.04.6 LTS

Release:	16.04

Codename:	xenial

[34m[1mSystemd Version[0m

systemd 229

[34m[1mCookbooks Version[0m

42e42e4 https://github.com/travis-ci/travis-cookbooks/tree/42e42e4

[34m[1mgit version[0m

git version 2.21.0

[34m[1mbash version[0m

GNU bash, version 4.3.48(1)-release (x86_64-pc-linux-gnu)

[34m[1mgcc version[0m

gcc (Ubuntu 5.4.0-6ubuntu1~16.04.11) 5.4.0 20160609

[34m[1mdocker version[0m

Client:

 Version:           18.06.0-ce

 API version:       1.38

 Go version:        go1.10.3

 Git commit:        0ffa825

 Built:             Wed Jul 18 19:11:02 2018

 OS/Arch:           linux/amd64

 Experimental:      false



Server:

 Engine:

  Version:          18.06.0-ce

  API version:      1.38 (minimum version 1.12)

  Go version:       go1.10.3

  Git commit:       0ffa825

  Built:            Wed Jul 18 19:09:05 2018

  OS/Arch:          linux/amd64

  Experimental:     false

[34m[1mclang version[0m

clang version 7.0.0 (tags/RELEASE_700/final)

[34m[1mjq version[0m

jq-1.5

[34m[1mbats version[0m

Bats 0.4.0

[34m[1mshellcheck version[0m

0.6.0

[34m[1mshfmt version[0m

v2.6.3

[34m[1mccache version[0m

3.2.4

[34m[1mcmake version[0m

cmake version 3.12.4

[34m[1mheroku version[0m

heroku/7.22.7 linux-x64 node-v11.10.1

[34m[1mimagemagick version[0m

Version: ImageMagick 6.8.9-9 Q16 x86_64 2018-09-28 http://www.imagemagick.org

[34m[1mmd5deep version[0m

4.4

[34m[1mmercurial version[0m

version 4.8

[34m[1mmysql version[0m

mysql  Ver 14.14 Distrib 5.7.25, for Linux (x86_64) using  EditLine wrapper

[34m[1mopenssl version[0m

OpenSSL 1.0.2g  1 Mar 2016

[34m[1mpacker version[0m

1.3.3

[34m[1mpostgresql client version[0m

psql (PostgreSQL) 10.7 (Ubuntu 10.7-1.pgdg16.04+1)

[34m[1mragel version[0m

Ragel State Machine Compiler version 6.8 Feb 2013

[34m[1msudo version[0m

1.8.16

[34m[1mgzip version[0m

gzip 1.6

[34m[1mzip version[0m

Zip 3.0

[34m[1mvim version[0m

VIM - Vi IMproved 7.4 (2013 Aug 10, compiled Nov 24 2016 16:44:48)

[34m[1miptables version[0m

iptables v1.6.0

[34m[1mcurl version[0m

curl 7.47.0 (x86_64-pc-linux-gnu) libcurl/7.47.0 GnuTLS/3.4.10 zlib/1.2.8 libidn/1.32 librtmp/2.3

[34m[1mwget version[0m

GNU Wget 1.17.1 built on linux-gnu.

[34m[1mrsync version[0m

rsync  version 3.1.1  protocol version 31

[34m[1mgimme version[0m

v1.5.3

[34m[1mnvm version[0m

0.34.0

[34m[1mperlbrew version[0m

/home/travis/perl5/perlbrew/bin/perlbrew  - App::perlbrew/0.86

[34m[1mphpenv version[0m

rbenv 1.1.2

[34m[1mrvm version[0m

rvm 1.29.7 (latest) by Michal Papis, Piotr Kuczynski, Wayne E. Seguin [https://rvm.io]

[34m[1mdefault ruby version[0m

ruby 2.5.3p105 (2018-10-18 revision 65156) [x86_64-linux]

[34m[1mCouchDB version[0m

couchdb 1.6.1

[34m[1mElasticSearch version[0m

5.5.0

[34m[1mInstalled Firefox version[0m

firefox 63.0.1

[34m[1mMongoDB version[0m

MongoDB 4.0.7

[34m[1mPhantomJS version[0m

2.1.1

[34m[1mPre-installed PostgreSQL versions[0m

9.4.21

9.5.16

9.6.12

[34m[1mRedis version[0m

redis-server 5.0.4

[34m[1mPre-installed Go versions[0m

1.11.1

[34m[1mmvn version[0m

Apache Maven 3.6.0 (97c98ec64a1fdfee7767ce5ffb20918da4f719f3; 2018-10-24T18:41:47Z)

[34m[1mgradle version[0m

Gradle 4.10.2!

[34m[1mlein version[0m

Leiningen 2.9.1 on Java 11.0.2 OpenJDK 64-Bit Server VM

[34m[1mPre-installed Node.js versions[0m

v10.15.3

v11.0.0

v4.9.1

v6.17.0

v8.12.0

v8.15.1

v8.9

[34m[1mphpenv versions[0m

  system

  5.6

  5.6.40

  7.1

  7.1.27

  7.2

* 7.2.15 (set by /home/travis/.phpenv/version)

  hhvm

  hhvm-stable

[34m[1mcomposer --version[0m

Composer version 1.8.4 2019-02-11 10:52:10

[34m[1mPre-installed Ruby versions[0m

ruby-2.3.8

ruby-2.4.5

ruby-2.5.3

travis_fold:end:system_info
[0K

travis_time:end:2a678bb0:start=1574248457755198357,finish=1574248457762358492,duration=7160135,event=show_system_info
[0Ktravis_time:start:047dd792
[0Ktravis_time:end:047dd792:start=1574248457766954969,finish=1574248457785207872,duration=18252903,event=rm_riak_source
[0Ktravis_time:start:3620b200
[0Ktravis_time:end:3620b200:start=1574248457795029905,finish=1574248457831304141,duration=36274236,event=fix_rwky_redis
[0Ktravis_time:start:2a56f96d
[0Ktravis_time:end:2a56f96d:start=1574248457845844687,finish=1574248458309536079,duration=463691392,event=wait_for_network
[0Ktravis_time:start:00ae592a
[0Ktravis_time:end:00ae592a:start=1574248458317433523,finish=1574248458558599026,duration=241165503,event=update_apt_keys
[0Ktravis_time:start:036e26d5
[0Ktravis_time:end:036e26d5:start=1574248458565681122,finish=1574248458634992356,duration=69311234,event=fix_hhvm_source
[0Ktravis_time:start:08d60cb0
[0Ktravis_time:end:08d60cb0:start=1574248458641657459,finish=1574248458645515940,duration=3858481,event=update_mongo_arch
[0Ktravis_time:start:04deba14
[0Ktravis_time:end:04deba14:start=1574248458651137127,finish=1574248458711098121,duration=59960994,event=fix_sudo_enabled_trusty
[0Ktravis_time:start:01c8511e
[0Ktravis_time:end:01c8511e:start=1574248458720660321,finish=1574248458725380652,duration=4720331,event=update_glibc
[0Ktravis_time:start:08b601be
[0Ktravis_time:end:08b601be:start=1574248458732360472,finish=1574248458743896369,duration=11535897,event=clean_up_path
[0Ktravis_time:start:0c36842a
[0Ktravis_time:end:0c36842a:start=1574248458750070387,finish=1574248458761492599,duration=11422212,event=fix_resolv_conf
[0Ktravis_time:start:11aa86a0
[0Ktravis_time:end:11aa86a0:start=1574248458767672686,finish=1574248458780710405,duration=13037719,event=fix_etc_hosts
[0Ktravis_time:start:123ca1bb
[0Ktravis_time:end:123ca1bb:start=1574248458788718613,finish=1574248458802084069,duration=13365456,event=fix_mvn_settings_xml
[0Ktravis_time:start:07b7a568
[0Ktravis_time:end:07b7a568:start=1574248458809878590,finish=1574248458824639040,duration=14760450,event=no_ipv6_localhost
[0Ktravis_time:start:00f7a7ca
[0Ktravis_time:end:00f7a7ca:start=1574248458831257475,finish=1574248458836110413,duration=4852938,event=fix_etc_mavenrc
[0Ktravis_time:start:0f384348
[0Ktravis_time:end:0f384348:start=1574248458841164325,finish=1574248458845244377,duration=4080052,event=fix_wwdr_certificate
[0Ktravis_time:start:071671e0
[0Ktravis_time:end:071671e0:start=1574248458849987931,finish=1574248458883505098,duration=33517167,event=put_localhost_first
[0Ktravis_time:start:0533bde6
[0Ktravis_time:end:0533bde6:start=1574248458888695325,finish=1574248458896952699,duration=8257374,event=home_paths
[0Ktravis_time:start:2927cd20
[0Ktravis_time:end:2927cd20:start=1574248458902498740,finish=1574248458920576682,duration=18077942,event=disable_initramfs
[0Ktravis_time:start:00302cd0
[0Ktravis_time:end:00302cd0:start=1574248458926723898,finish=1574248459256540786,duration=329816888,event=disable_ssh_roaming
[0Ktravis_time:start:1844a8be
[0Ktravis_time:end:1844a8be:start=1574248459263039910,finish=1574248459266026474,duration=2986564,event=debug_tools
[0Ktravis_time:start:15c63c24
[0Ktravis_time:end:15c63c24:start=1574248459272637194,finish=1574248459278033026,duration=5395832,event=uninstall_oclint
[0Ktravis_time:start:1ce38976
[0Ktravis_time:end:1ce38976:start=1574248459286481684,finish=1574248459290909891,duration=4428207,event=rvm_use
[0Ktravis_time:start:2f70c340
[0Ktravis_time:end:2f70c340:start=1574248459296983613,finish=1574248459308116591,duration=11132978,event=rm_etc_boto_cfg
[0Ktravis_time:start:000b69e6
[0Ktravis_time:end:000b69e6:start=1574248459313645865,finish=1574248459317894989,duration=4249124,event=rm_oraclejdk8_symlink
[0Ktravis_time:start:1b6039a0
[0Ktravis_time:end:1b6039a0:start=1574248459323076119,finish=1574248459441993887,duration=118917768,event=enable_i386
[0Ktravis_time:start:248fa76a
[0Ktravis_time:end:248fa76a:start=1574248459448007702,finish=1574248459456620174,duration=8612472,event=update_rubygems
[0Ktravis_time:start:028dcaa0
[0Ktravis_time:end:028dcaa0:start=1574248459464664037,finish=1574248460503686720,duration=1039022683,event=ensure_path_components
[0Ktravis_time:start:15f69e50
[0Ktravis_time:end:15f69e50:start=1574248460510017288,finish=1574248460515492373,duration=5475085,event=redefine_curl
[0Ktravis_time:start:077a384c
[0Ktravis_time:end:077a384c:start=1574248460523919175,finish=1574248460645874541,duration=121955366,event=nonblock_pipe
[0Ktravis_time:start:063ec044
[0Ktravis_time:end:063ec044:start=1574248460653301630,finish=1574248463734466044,duration=3081164414,event=apt_get_update
[0Ktravis_time:start:0b3e3f0d
[0Ktravis_time:end:0b3e3f0d:start=1574248463741093264,finish=1574248463744065299,duration=2972035,event=deprecate_xcode_64
[0Ktravis_time:start:20fda2a8
[0Ktravis_time:end:20fda2a8:start=1574248463750469031,finish=1574248466743163250,duration=2992694219,event=update_heroku
[0Ktravis_time:start:20d2a07e
[0Ktravis_time:end:20d2a07e:start=1574248466751711681,finish=1574248466755411357,duration=3699676,event=shell_session_update
[0Ktravis_time:start:2a3e598c
[0Ktravis_fold:start:docker_mtu
[0Ktravis_fold:end:docker_mtu
[0Ktravis_time:end:2a3e598c:start=1574248466761545866,finish=1574248468971077092,duration=2209531226,event=set_docker_mtu
[0Ktravis_time:start:012d4460
[0Ktravis_fold:start:resolvconf
[0Ktravis_fold:end:resolvconf
[0Ktravis_time:end:012d4460:start=1574248468979743000,finish=1574248469073081414,duration=93338414,event=resolvconf
[0Ktravis_time:start:029ce016
[0Ktravis_time:end:029ce016:start=1574248469089899070,finish=1574248469262881886,duration=172982816,event=maven_central_mirror
[0Ktravis_time:start:0ba65747
[0Ktravis_time:end:0ba65747:start=1574248469271934505,finish=1574248469275927536,duration=3993031,event=fix_ps4
[0KUpdating gimme

travis_time:start:018723d0
[0K

travis_fold:start:git.checkout
[0Ktravis_time:start:05d2ee88
[0K$ git clone --depth=50 --branch=master https://github.com/ethereum/go-ethereum.git ethereum/go-ethereum

Cloning into 'ethereum/go-ethereum'...

travis_time:end:05d2ee88:start=1574248475404871307,finish=1574248478599437808,duration=3194566501,event=checkout
[0K$ cd ethereum/go-ethereum

$ git checkout -qf 3a4a3d080bd6c80d7186e7a32030322eb8d0b138

travis_fold:end:git.checkout
[0K

travis_fold:start:git.submodule
[0Ktravis_time:start:1c3aa418
[0K$ git submodule update --init --recursive

Submodule 'tests' (https://github.com/ethereum/tests) registered for path 'tests/testdata'

Cloning into '/home/travis/build/ethereum/go-ethereum/tests/testdata'...

Submodule path 'tests/testdata': checked out 'b5eb9900ee2147b40d3e681fe86efa4fd693959a'

travis_time:end:1c3aa418:start=1574248479670232518,finish=1574248540331761570,duration=60661529052,event=checkout
[0Ktravis_fold:end:git.submodule
[0Ktravis_time:end:1c3aa418:start=1574248479670232518,finish=1574248540337605038,duration=60667372520,event=checkout
[0K$ travis_export_go 1.13.x github.com/ethereum/go-ethereum

travis_time:start:1079e19e
[0K

[33;1mSetting environment variables from repository settings[0m

$ export IOS_SIGNING_KEY=[secure]

$ export LINUX_SIGNING_KEY=[secure]

$ export OSX_SIGNING_KEY=[secure]

$ export ANDROID_SIGNING_KEY=[secure]

$ export AZURE_BLOBSTORE_TOKEN=[secure]

$ export ANDROID_SONATYPE_USERNAME=[secure]

$ export ANDROID_SONATYPE_PASSWORD=[secure]

$ export COCOAPODS_TRUNK_TOKEN=[secure]

$ export PPA_SIGNING_KEY=[secure]

$ export PPA_SSH_KEY=[secure]



travis_time:end:1079e19e:start=1574248540348009511,finish=1574248540393879847,duration=45870336,event=env
[0Ktravis_time:start:1de0afbf
[0K$ travis_setup_go

go version go1.13.4 linux/amd64

$ export GOPATH="/home/travis/gopath"

$ export PATH="/home/travis/gopath/bin:/home/travis/.gimme/versions/go1.13.4.linux.amd64/bin:/home/travis/bin:/home/travis/bin:/home/travis/.local/bin:/usr/local/lib/jvm/openjdk11/bin:/opt/pyenv/shims:/home/travis/.phpenv/shims:/home/travis/perl5/perlbrew/bin:/home/travis/.nvm/versions/node/v8.12.0/bin:/home/travis/.rvm/gems/ruby-2.5.3/bin:/home/travis/.rvm/gems/ruby-2.5.3@global/bin:/home/travis/.rvm/rubies/ruby-2.5.3/bin:/home/travis/gopath/bin:/home/travis/.gimme/versions/go1.11.1.linux.amd64/bin:/usr/local/maven-3.6.0/bin:/usr/local/cmake-3.12.4/bin:/usr/local/clang-7.0.0/bin:/usr/local/sbin:/usr/local/bin:/usr/sbin:/usr/bin:/sbin:/bin:/snap/bin:/home/travis/.rvm/bin:/home/travis/.phpenv/bin:/opt/pyenv/bin:/home/travis/.yarn/bin"

$ export GO111MODULE="auto"

travis_time:end:1de0afbf:start=1574248540401539041,finish=1574248581352387594,duration=40950848553,event=
[0K$ gimme version

v1.5.3

$ go version

go version go1.13.4 linux/amd64

travis_fold:start:go.env
[0K$ go env

GO111MODULE="auto"

GOARCH="amd64"

GOBIN=""

GOCACHE="/home/travis/.cache/go-build"

GOENV="/home/travis/.config/go/env"

GOEXE=""

GOFLAGS=""

GOHOSTARCH="amd64"

GOHOSTOS="linux"

GONOPROXY=""

GONOSUMDB=""

GOOS="linux"

GOPATH="/home/travis/gopath"

GOPRIVATE=""

GOPROXY="https://proxy.golang.org,direct"

GOROOT="/home/travis/.gimme/versions/go1.13.4.linux.amd64"

GOSUMDB="sum.golang.org"

GOTMPDIR=""

GOTOOLDIR="/home/travis/.gimme/versions/go1.13.4.linux.amd64/pkg/tool/linux_amd64"

GCCGO="gccgo"

AR="ar"

CC="gcc"

CXX="g++"

CGO_ENABLED="1"

GOMOD=""

CGO_CFLAGS="-g -O2"

CGO_CPPFLAGS=""

CGO_CXXFLAGS="-g -O2"

CGO_FFLAGS="-g -O2"

CGO_LDFLAGS="-g -O2"

PKG_CONFIG="pkg-config"

GOGCCFLAGS="-fPIC -m64 -pthread -fmessage-length=0 -fdebug-prefix-map=/tmp/go-build769650447=/tmp/go-build -gno-record-gcc-switches"

travis_fold:end:go.env
[0Ktravis_fold:start:install
[0Ktravis_time:start:0d4d3610
[0K$ travis_install_go_dependencies 1.13.x -v

Makefile detected

travis_time:end:0d4d3610:start=1574248583039466674,finish=1574248583060970619,duration=21503945,event=install
[0Ktravis_fold:end:install
[0Ktravis_time:start:14afef70
[0K$ go run build/ci.go install

>>> /home/travis/.gimme/versions/go1.13.4.linux.amd64/bin/go install -ldflags -X main.gitCommit=3a4a3d080bd6c80d7186e7a32030322eb8d0b138 -X main.gitDate=20191120 -v ./...

github.com/ethereum/go-ethereum/vendor/golang.org/x/crypto/curve25519

github.com/ethereum/go-ethereum/vendor/github.com/allegro/bigcache/queue

github.com/ethereum/go-ethereum/vendor/github.com/allegro/bigcache

github.com/ethereum/go-ethereum/vendor/github.com/aristanetworks/goarista/monotime

github.com/ethereum/go-ethereum/common/mclock

github.com/ethereum/go-ethereum/ethdb

github.com/ethereum/go-ethereum/common/prque

github.com/ethereum/go-ethereum/vendor/github.com/go-stack/stack

github.com/ethereum/go-ethereum/vendor/golang.org/x/sys/unix

github.com/ethereum/go-ethereum/log

github.com/ethereum/go-ethereum/vendor/github.com/steakknife/hamming

github.com/ethereum/go-ethereum/vendor/github.com/steakknife/bloomfilter

github.com/ethereum/go-ethereum/vendor/github.com/elastic/gosigar

github.com/ethereum/go-ethereum/event

github.com/ethereum/go-ethereum/metrics

github.com/ethereum/go-ethereum/accounts/abi

github.com/ethereum/go-ethereum/vendor/github.com/davecgh/go-spew/spew

github.com/ethereum/go-ethereum/vendor/github.com/deckarep/golang-set

github.com/ethereum/go-ethereum/trie

github.com/ethereum/go-ethereum/vendor/github.com/pborman/uuid

github.com/ethereum/go-ethereum/vendor/github.com/rjeczalik/notify

github.com/ethereum/go-ethereum/vendor/golang.org/x/crypto/pbkdf2

github.com/ethereum/go-ethereum/core/types

github.com/ethereum/go-ethereum/vendor/golang.org/x/crypto/scrypt

github.com/ethereum/go-ethereum/vendor/github.com/gballet/go-libpcsclite

github.com/ethereum/go-ethereum/vendor/github.com/status-im/keycard-go/derivationpath

github.com/ethereum/go-ethereum/vendor/github.com/wsddn/go-ecdh

github.com/ethereum/go-ethereum/vendor/golang.org/x/text/transform

github.com/ethereum/go-ethereum

github.com/ethereum/go-ethereum/vendor/golang.org/x/text/unicode/norm

github.com/ethereum/go-ethereum/accounts

github.com/ethereum/go-ethereum/accounts/keystore

github.com/ethereum/go-ethereum/vendor/github.com/hashicorp/golang-lru/simplelru

github.com/ethereum/go-ethereum/vendor/github.com/hashicorp/golang-lru

github.com/ethereum/go-ethereum/accounts/scwallet

github.com/ethereum/go-ethereum/core/state

github.com/ethereum/go-ethereum/p2p/netutil

github.com/ethereum/go-ethereum/vendor/golang.org/x/net/context

github.com/ethereum/go-ethereum/vendor/github.com/gorilla/websocket

github.com/ethereum/go-ethereum/vendor/github.com/rs/xhandler

github.com/ethereum/go-ethereum/vendor/github.com/rs/cors

github.com/ethereum/go-ethereum/consensus/misc

github.com/ethereum/go-ethereum/vendor/github.com/edsrzf/mmap-go

github.com/ethereum/go-ethereum/common/bitutil

github.com/ethereum/go-ethereum/rpc

github.com/ethereum/go-ethereum/vendor/github.com/syndtr/goleveldb/leveldb/util

github.com/ethereum/go-ethereum/vendor/github.com/syndtr/goleveldb/leveldb/cache

github.com/ethereum/go-ethereum/vendor/github.com/syndtr/goleveldb/leveldb/comparer

github.com/ethereum/go-ethereum/vendor/github.com/syndtr/goleveldb/leveldb/storage

github.com/ethereum/go-ethereum/vendor/github.com/syndtr/goleveldb/leveldb/errors

github.com/ethereum/go-ethereum/vendor/github.com/syndtr/goleveldb/leveldb/filter

github.com/ethereum/go-ethereum/vendor/github.com/syndtr/goleveldb/leveldb/iterator

github.com/ethereum/go-ethereum/vendor/github.com/syndtr/goleveldb/leveldb/journal

github.com/ethereum/go-ethereum/vendor/github.com/syndtr/goleveldb/leveldb/memdb

github.com/ethereum/go-ethereum/vendor/github.com/syndtr/goleveldb/leveldb/opt

github.com/ethereum/go-ethereum/vendor/github.com/golang/snappy

github.com/ethereum/go-ethereum/vendor/github.com/syndtr/goleveldb/leveldb/table

github.com/ethereum/go-ethereum/vendor/github.com/syndtr/goleveldb/leveldb

github.com/ethereum/go-ethereum/ethdb/leveldb

github.com/ethereum/go-ethereum/ethdb/memorydb

github.com/ethereum/go-ethereum/vendor/github.com/mattn/go-runewidth

github.com/ethereum/go-ethereum/vendor/github.com/olekukonko/tablewriter

github.com/ethereum/go-ethereum/vendor/github.com/pkg/errors

github.com/ethereum/go-ethereum/vendor/github.com/prometheus/tsdb/fileutil

github.com/ethereum/go-ethereum/core/rawdb

github.com/ethereum/go-ethereum/vendor/golang.org/x/sys/cpu

github.com/ethereum/go-ethereum/crypto/blake2b

github.com/ethereum/go-ethereum/consensus

github.com/ethereum/go-ethereum/consensus/clique

github.com/ethereum/go-ethereum/consensus/ethash

github.com/ethereum/go-ethereum/crypto/bn256/cloudflare

github.com/ethereum/go-ethereum/vendor/golang.org/x/crypto/ripemd160

github.com/ethereum/go-ethereum/core/bloombits

github.com/ethereum/go-ethereum/crypto/ecies

github.com/ethereum/go-ethereum/p2p/enr

github.com/ethereum/go-ethereum/p2p/enode

github.com/ethereum/go-ethereum/p2p/discover

github.com/ethereum/go-ethereum/crypto/bn256

github.com/ethereum/go-ethereum/core/vm

github.com/ethereum/go-ethereum/vendor/github.com/huin/goupnp/httpu

github.com/ethereum/go-ethereum/vendor/github.com/huin/goupnp/scpd

github.com/ethereum/go-ethereum/vendor/github.com/huin/goupnp/soap

github.com/ethereum/go-ethereum/vendor/github.com/huin/goupnp/ssdp

github.com/ethereum/go-ethereum/vendor/golang.org/x/net/html/atom

github.com/ethereum/go-ethereum/vendor/golang.org/x/net/html

github.com/ethereum/go-ethereum/core

github.com/ethereum/go-ethereum/vendor/golang.org/x/text/encoding/internal/identifier

github.com/ethereum/go-ethereum/vendor/golang.org/x/text/encoding

github.com/ethereum/go-ethereum/vendor/golang.org/x/text/encoding/internal

github.com/ethereum/go-ethereum/vendor/golang.org/x/text/encoding/charmap

github.com/ethereum/go-ethereum/vendor/golang.org/x/text/encoding/japanese

github.com/ethereum/go-ethereum/eth/downloader

github.com/ethereum/go-ethereum/vendor/golang.org/x/text/encoding/korean

github.com/ethereum/go-ethereum/vendor/golang.org/x/text/encoding/simplifiedchinese

github.com/ethereum/go-ethereum/vendor/golang.org/x/text/encoding/traditionalchinese

github.com/ethereum/go-ethereum/vendor/golang.org/x/text/internal/utf8internal

github.com/ethereum/go-ethereum/vendor/golang.org/x/text/runes

github.com/ethereum/go-ethereum/vendor/golang.org/x/text/internal/tag

github.com/ethereum/go-ethereum/vendor/golang.org/x/text/encoding/unicode

github.com/ethereum/go-ethereum/vendor/golang.org/x/text/internal/language

github.com/ethereum/go-ethereum/vendor/github.com/jackpal/go-nat-pmp

github.com/ethereum/go-ethereum/vendor/github.com/tyler-smith/go-bip39/wordlists

github.com/ethereum/go-ethereum/vendor/github.com/tyler-smith/go-bip39

github.com/ethereum/go-ethereum/vendor/github.com/golang/protobuf/proto

github.com/ethereum/go-ethereum/vendor/golang.org/x/text/internal/language/compact

github.com/ethereum/go-ethereum/vendor/golang.org/x/text/language

github.com/ethereum/go-ethereum/vendor/golang.org/x/text/encoding/htmlindex

github.com/ethereum/go-ethereum/vendor/golang.org/x/net/html/charset

github.com/ethereum/go-ethereum/vendor/github.com/huin/goupnp

github.com/ethereum/go-ethereum/vendor/github.com/huin/goupnp/dcps/internetgateway1

github.com/ethereum/go-ethereum/vendor/github.com/huin/goupnp/dcps/internetgateway2

github.com/ethereum/go-ethereum/p2p/nat

github.com/ethereum/go-ethereum/vendor/github.com/golang/protobuf/protoc-gen-go/descriptor

github.com/ethereum/go-ethereum/p2p/discv5

github.com/ethereum/go-ethereum/accounts/usbwallet/trezor

github.com/ethereum/go-ethereum/p2p

github.com/ethereum/go-ethereum/vendor/github.com/[secure]/usb

github.com/ethereum/go-ethereum/internal/ethapi

github.com/ethereum/go-ethereum/signer/storage

github.com/ethereum/go-ethereum/vendor/golang.org/x/crypto/ssh/terminal

github.com/ethereum/go-ethereum/eth/filters

github.com/ethereum/go-ethereum/common/fdlimit

github.com/ethereum/go-ethereum/core/forkid

github.com/ethereum/go-ethereum/eth/fetcher

github.com/ethereum/go-ethereum/eth/gasprice

github.com/ethereum/go-ethereum/eth/tracers/internal/tracers

github.com/ethereum/go-ethereum/vendor/gopkg.in/olebedev/go-duktape.v3

github.com/ethereum/go-ethereum/accounts/usbwallet

github.com/ethereum/go-ethereum/signer/core

github.com/ethereum/go-ethereum/accounts/external

github.com/ethereum/go-ethereum/accounts/abi/bind

github.com/ethereum/go-ethereum/accounts/abi/bind/backends

github.com/ethereum/go-ethereum/miner

github.com/ethereum/go-ethereum/metrics/prometheus

github.com/ethereum/go-ethereum/metrics/exp

github.com/ethereum/go-ethereum/vendor/github.com/fjl/memsize

github.com/ethereum/go-ethereum/vendor/github.com/fjl/memsize/memsizeui

github.com/ethereum/go-ethereum/vendor/github.com/mattn/go-isatty

github.com/ethereum/go-ethereum/vendor/github.com/mattn/go-colorable

github.com/ethereum/go-ethereum/vendor/gopkg.in/urfave/cli.v1

github.com/ethereum/go-ethereum/internal/debug

github.com/ethereum/go-ethereum/node

github.com/ethereum/go-ethereum/contracts/checkpointoracle/contract

github.com/ethereum/go-ethereum/contracts/checkpointoracle

github.com/ethereum/go-ethereum/les/flowcontrol

github.com/ethereum/go-ethereum/light

github.com/ethereum/go-ethereum/vendor/github.com/graph-gophers/graphql-go/errors

github.com/ethereum/go-ethereum/vendor/github.com/graph-gophers/graphql-go/internal/common

github.com/ethereum/go-ethereum/vendor/github.com/graph-gophers/graphql-go/internal/schema

github.com/ethereum/go-ethereum/vendor/github.com/graph-gophers/graphql-go/internal/exec/packer

github.com/ethereum/go-ethereum/vendor/github.com/graph-gophers/graphql-go/introspection

github.com/ethereum/go-ethereum/vendor/github.com/graph-gophers/graphql-go/internal/exec/resolvable

github.com/ethereum/go-ethereum/vendor/github.com/graph-gophers/graphql-go/internal/query

github.com/ethereum/go-ethereum/vendor/github.com/graph-gophers/graphql-go/internal/exec/selected

github.com/ethereum/go-ethereum/vendor/github.com/graph-gophers/graphql-go/log

github.com/ethereum/go-ethereum/vendor/github.com/opentracing/opentracing-go/log

github.com/ethereum/go-ethereum/vendor/github.com/opentracing/opentracing-go

github.com/ethereum/go-ethereum/vendor/github.com/opentracing/opentracing-go/ext

github.com/ethereum/go-ethereum/vendor/github.com/graph-gophers/graphql-go/trace

github.com/ethereum/go-ethereum/vendor/github.com/graph-gophers/graphql-go/internal/exec

github.com/ethereum/go-ethereum/vendor/github.com/graph-gophers/graphql-go/internal/validation

github.com/ethereum/go-ethereum/vendor/github.com/graph-gophers/graphql-go

github.com/ethereum/go-ethereum/vendor/github.com/graph-gophers/graphql-go/relay

github.com/ethereum/go-ethereum/graphql

github.com/ethereum/go-ethereum/vendor/github.com/influxdata/influxdb/pkg/escape

github.com/ethereum/go-ethereum/vendor/github.com/influxdata/influxdb/models

github.com/ethereum/go-ethereum/vendor/github.com/influxdata/influxdb/client

github.com/ethereum/go-ethereum/metrics/influxdb

github.com/ethereum/go-ethereum/vendor/golang.org/x/sync/syncmap

github.com/ethereum/go-ethereum/whisper/whisperv6

github.com/ethereum/go-ethereum/common/compiler

github.com/ethereum/go-ethereum/ethclient

github.com/ethereum/go-ethereum/internal/jsre/deps

github.com/ethereum/go-ethereum/vendor/github.com/fatih/color

github.com/ethereum/go-ethereum/vendor/gopkg.in/sourcemap.v1/base64vlq

github.com/ethereum/go-ethereum/vendor/gopkg.in/sourcemap.v1

github.com/ethereum/go-ethereum/vendor/github.com/robertkrimen/otto/file

github.com/ethereum/go-ethereum/vendor/github.com/robertkrimen/otto/token

github.com/ethereum/go-ethereum/vendor/github.com/robertkrimen/otto/ast

github.com/ethereum/go-ethereum/vendor/github.com/robertkrimen/otto/dbg

github.com/ethereum/go-ethereum/vendor/github.com/robertkrimen/otto/parser

github.com/ethereum/go-ethereum/vendor/github.com/robertkrimen/otto/registry

github.com/ethereum/go-ethereum/vendor/github.com/robertkrimen/otto

github.com/ethereum/go-ethereum/internal/jsre

github.com/ethereum/go-ethereum/internal/web3ext

github.com/ethereum/go-ethereum/vendor/github.com/peterh/liner

github.com/ethereum/go-ethereum/console

github.com/ethereum/go-ethereum/signer/fourbyte

github.com/ethereum/go-ethereum/signer/rules/deps

github.com/ethereum/go-ethereum/signer/rules

github.com/ethereum/go-ethereum/vendor/golang.org/x/time/rate

github.com/ethereum/go-ethereum/vendor/github.com/cloudflare/cloudflare-go

github.com/ethereum/go-ethereum/p2p/dnsdisc

github.com/ethereum/go-ethereum/cmd/devp2p

github.com/ethereum/go-ethereum/core/asm

github.com/ethereum/go-ethereum/cmd/evm/internal/compiler

github.com/ethereum/go-ethereum/core/vm/runtime

github.com/ethereum/go-ethereum/tests

github.com/ethereum/go-ethereum/vendor/github.com/naoina/go-stringutil

github.com/ethereum/go-ethereum/vendor/github.com/naoina/toml/ast

github.com/ethereum/go-ethereum/vendor/github.com/naoina/toml

github.com/ethereum/go-ethereum/vendor/github.com/docker/docker/pkg/reexec

github.com/ethereum/go-ethereum/p2p/simulations/pipes

github.com/ethereum/go-ethereum/p2p/simulations/adapters

github.com/ethereum/go-ethereum/vendor/github.com/julienschmidt/httprouter

github.com/ethereum/go-ethereum/p2p/simulations

github.com/ethereum/go-ethereum/cmd/p2psim

github.com/ethereum/go-ethereum/eth/tracers

github.com/ethereum/go-ethereum/eth

github.com/ethereum/go-ethereum/les

github.com/ethereum/go-ethereum/ethstats

github.com/ethereum/go-ethereum/cmd/utils

github.com/ethereum/go-ethereum/cmd/abigen

github.com/ethereum/go-ethereum/cmd/bootnode

github.com/ethereum/go-ethereum/cmd/checkpoint-admin

github.com/ethereum/go-ethereum/cmd/clef

github.com/ethereum/go-ethereum/cmd/ethkey

github.com/ethereum/go-ethereum/cmd/evm

github.com/ethereum/go-ethereum/cmd/faucet

github.com/ethereum/go-ethereum/cmd/geth

github.com/ethereum/go-ethereum/vendor/golang.org/x/crypto/ed25519/internal/edwards25519

github.com/ethereum/go-ethereum/vendor/golang.org/x/crypto/ed25519

github.com/ethereum/go-ethereum/vendor/golang.org/x/crypto/internal/subtle

github.com/ethereum/go-ethereum/vendor/golang.org/x/crypto/internal/chacha20

github.com/ethereum/go-ethereum/vendor/golang.org/x/crypto/poly1305

github.com/ethereum/go-ethereum/vendor/golang.org/x/crypto/ssh

github.com/ethereum/go-ethereum/cmd/rlpdump

github.com/ethereum/go-ethereum/cmd/puppeth

github.com/ethereum/go-ethereum/whisper/mailserver

github.com/ethereum/go-ethereum/cmd/wnode

github.com/ethereum/go-ethereum/crypto/bn256/google

github.com/ethereum/go-ethereum/ethdb/dbtest

github.com/ethereum/go-ethereum/internal/cmdtest

github.com/ethereum/go-ethereum/internal/guide

github.com/ethereum/go-ethereum/internal/testlog

github.com/ethereum/go-ethereum/metrics/librato

github.com/ethereum/go-ethereum/whisper/shhclient

github.com/ethereum/go-ethereum/mobile

github.com/ethereum/go-ethereum/p2p/simulations/examples

github.com/ethereum/go-ethereum/p2p/testing

travis_time:end:14afef70:start=1574248583084562232,finish=1574248692816900089,duration=109732337857,event=script
[0K[32;1mThe command "go run build/ci.go install" exited with 0.[0m

travis_time:start:028ee6b0
[0K$ go run build/ci.go test -coverage $TEST_PACKAGES

>>> /home/travis/.gimme/versions/go1.13.4.linux.amd64/bin/go test -ldflags -X main.gitCommit=3a4a3d080bd6c80d7186e7a32030322eb8d0b138 -X main.gitDate=20191120 -p 1 -timeout 5m -covermode=atomic -cover ./...

?   	github.com/ethereum/go-ethereum	[no test files]

ok  	github.com/ethereum/go-ethereum/accounts	0.027s	coverage: 30.8% of statements

ok  	github.com/ethereum/go-ethereum/accounts/abi	0.044s	coverage: 88.8% of statements

ok  	github.com/ethereum/go-ethereum/accounts/abi/bind	6.596s	coverage: 52.1% of statements

ok  	github.com/ethereum/go-ethereum/accounts/abi/bind/backends	0.057s	coverage: 21.5% of statements

?   	github.com/ethereum/go-ethereum/accounts/external	[no test files]

ok  	github.com/ethereum/go-ethereum/accounts/keystore	18.404s	coverage: 76.3% of statements

?   	github.com/ethereum/go-ethereum/accounts/scwallet	[no test files]

?   	github.com/ethereum/go-ethereum/accounts/usbwallet	[no test files]

?   	github.com/ethereum/go-ethereum/accounts/usbwallet/trezor	[no test files]

?   	github.com/ethereum/go-ethereum/cmd/abigen	[no test files]

?   	github.com/ethereum/go-ethereum/cmd/bootnode	[no test files]

?   	github.com/ethereum/go-ethereum/cmd/checkpoint-admin	[no test files]

?   	github.com/ethereum/go-ethereum/cmd/clef	[no test files]

?   	github.com/ethereum/go-ethereum/cmd/devp2p	[no test files]

ok  	github.com/ethereum/go-ethereum/cmd/ethkey	2.161s	coverage: 1.3% of statements

?   	github.com/ethereum/go-ethereum/cmd/evm	[no test files]

?   	github.com/ethereum/go-ethereum/cmd/evm/internal/compiler	[no test files]

?   	github.com/ethereum/go-ethereum/cmd/faucet	[no test files]

ok  	github.com/ethereum/go-ethereum/cmd/geth	11.438s	coverage: 1.6% of statements

?   	github.com/ethereum/go-ethereum/cmd/p2psim	[no test files]

ok  	github.com/ethereum/go-ethereum/cmd/puppeth	0.031s	coverage: 8.7% of statements

?   	github.com/ethereum/go-ethereum/cmd/rlpdump	[no test files]

ok  	github.com/ethereum/go-ethereum/cmd/utils	0.040s	coverage: 2.3% of statements

?   	github.com/ethereum/go-ethereum/cmd/wnode	[no test files]

ok  	github.com/ethereum/go-ethereum/common	0.004s	coverage: 39.3% of statements

ok  	github.com/ethereum/go-ethereum/common/bitutil	0.004s	coverage: 95.7% of statements

ok  	github.com/ethereum/go-ethereum/common/compiler	0.003s	coverage: 0.0% of statements

ok  	github.com/ethereum/go-ethereum/common/fdlimit	0.002s	coverage: 73.7% of statements

ok  	github.com/ethereum/go-ethereum/common/hexutil	0.003s	coverage: 80.9% of statements

ok  	github.com/ethereum/go-ethereum/common/math	0.003s	coverage: 92.4% of statements

ok  	github.com/ethereum/go-ethereum/common/mclock	0.002s	coverage: 86.6% of statements

ok  	github.com/ethereum/go-ethereum/common/prque	1.221s	coverage: 74.0% of statements

?   	github.com/ethereum/go-ethereum/consensus	[no test files]

ok  	github.com/ethereum/go-ethereum/consensus/clique	0.753s	coverage: 52.5% of statements

ok  	github.com/ethereum/go-ethereum/consensus/ethash	11.113s	coverage: 63.4% of statements

?   	github.com/ethereum/go-ethereum/consensus/misc	[no test files]

ok  	github.com/ethereum/go-ethereum/console	1.478s	coverage: 37.8% of statements

ok  	github.com/ethereum/go-ethereum/contracts/checkpointoracle	0.751s	coverage: 0.0% of statements

?   	github.com/ethereum/go-ethereum/contracts/checkpointoracle/contract	[no test files]

--- FAIL: TestTransactionPoolUnderpricing (0.06s)

    tx_pool_test.go:1339: pending transactions mismatched: have 1, want 2

FAIL

coverage: 73.4% of statements

FAIL	github.com/ethereum/go-ethereum/core	32.470s

ok  	github.com/ethereum/go-ethereum/core/asm	0.027s	coverage: 72.6% of statements

ok  	github.com/ethereum/go-ethereum/core/bloombits	3.117s	coverage: 95.5% of statements

ok  	github.com/ethereum/go-ethereum/core/forkid	0.030s	coverage: 85.9% of statements

ok  	github.com/ethereum/go-ethereum/core/rawdb	1.007s	coverage: 48.2% of statements

ok  	github.com/ethereum/go-ethereum/core/state	9.553s	coverage: 76.9% of statements

ok  	github.com/ethereum/go-ethereum/core/types	0.308s	coverage: 49.6% of statements

ok  	github.com/ethereum/go-ethereum/core/vm	0.250s	coverage: 40.1% of statements

ok  	github.com/ethereum/go-ethereum/core/vm/runtime	0.028s	coverage: 76.7% of statements

ok  	github.com/ethereum/go-ethereum/crypto	0.078s	coverage: 80.5% of statements

ok  	github.com/ethereum/go-ethereum/crypto/blake2b	0.075s	coverage: 90.6% of statements

?   	github.com/ethereum/go-ethereum/crypto/bn256	[no test files]

ok  	github.com/ethereum/go-ethereum/crypto/bn256/cloudflare	0.097s	coverage: 81.3% of statements

ok  	github.com/ethereum/go-ethereum/crypto/bn256/google	0.637s	coverage: 91.6% of statements

ok  	github.com/ethereum/go-ethereum/crypto/ecies	0.037s	coverage: 75.9% of statements

ok  	github.com/ethereum/go-ethereum/crypto/secp256k1	1.420s	coverage: 30.6% of statements

ok  	github.com/ethereum/go-ethereum/eth	17.848s	coverage: 27.2% of statements

ok  	github.com/ethereum/go-ethereum/eth/downloader	99.198s	coverage: 78.4% of statements

ok  	github.com/ethereum/go-ethereum/eth/fetcher	9.421s	coverage: 90.1% of statements

ok  	github.com/ethereum/go-ethereum/eth/filters	2.306s	coverage: 54.1% of statements

?   	github.com/ethereum/go-ethereum/eth/gasprice	[no test files]

ok  	github.com/ethereum/go-ethereum/eth/tracers	0.293s	coverage: 75.6% of statements

?   	github.com/ethereum/go-ethereum/eth/tracers/internal/tracers	[no test files]

ok  	github.com/ethereum/go-ethereum/ethclient	0.081s	coverage: 14.0% of statements

?   	github.com/ethereum/go-ethereum/ethdb	[no test files]

?   	github.com/ethereum/go-ethereum/ethdb/dbtest	[no test files]

ok  	github.com/ethereum/go-ethereum/ethdb/leveldb	0.020s	coverage: 15.1% of statements

ok  	github.com/ethereum/go-ethereum/ethdb/memorydb	0.003s	coverage: 81.6% of statements

?   	github.com/ethereum/go-ethereum/ethstats	[no test files]

ok  	github.com/ethereum/go-ethereum/event	0.629s	coverage: 94.3% of statements

ok  	github.com/ethereum/go-ethereum/graphql	0.038s	coverage: 2.1% of statements

?   	github.com/ethereum/go-ethereum/internal/build	[no test files]

?   	github.com/ethereum/go-ethereum/internal/cmdtest	[no test files]

?   	github.com/ethereum/go-ethereum/internal/debug	[no test files]

?   	github.com/ethereum/go-ethereum/internal/ethapi	[no test files]

ok  	github.com/ethereum/go-ethereum/internal/guide	15.877s	coverage: [no statements]

ok  	github.com/ethereum/go-ethereum/internal/jsre	0.114s	coverage: 48.5% of statements

?   	github.com/ethereum/go-ethereum/internal/jsre/deps	[no test files]

?   	github.com/ethereum/go-ethereum/internal/testlog	[no test files]

?   	github.com/ethereum/go-ethereum/internal/web3ext	[no test files]

ok  	github.com/ethereum/go-ethereum/les	42.994s	coverage: 51.5% of statements

ok  	github.com/ethereum/go-ethereum/les/flowcontrol	12.814s	coverage: 37.9% of statements

ok  	github.com/ethereum/go-ethereum/light	0.929s	coverage: 38.4% of statements

?   	github.com/ethereum/go-ethereum/log	[no test files]

ok  	github.com/ethereum/go-ethereum/metrics	5.394s	coverage: 48.6% of statements

?   	github.com/ethereum/go-ethereum/metrics/exp	[no test files]

?   	github.com/ethereum/go-ethereum/metrics/influxdb	[no test files]

?   	github.com/ethereum/go-ethereum/metrics/librato	[no test files]

?   	github.com/ethereum/go-ethereum/metrics/prometheus	[no test files]

ok  	github.com/ethereum/go-ethereum/miner	11.503s	coverage: 66.5% of statements

ok  	github.com/ethereum/go-ethereum/mobile	0.041s	coverage: 15.2% of statements

ok  	github.com/ethereum/go-ethereum/node	0.793s	coverage: 43.0% of statements

ok  	github.com/ethereum/go-ethereum/p2p	0.622s	coverage: 73.9% of statements

ok  	github.com/ethereum/go-ethereum/p2p/discover	64.840s	coverage: 76.7% of statements

ok  	github.com/ethereum/go-ethereum/p2p/discv5	7.190s	coverage: 43.7% of statements

ok  	github.com/ethereum/go-ethereum/p2p/dnsdisc	0.242s	coverage: 82.7% of statements

ok  	github.com/ethereum/go-ethereum/p2p/enode	1.903s	coverage: 81.3% of statements

ok  	github.com/ethereum/go-ethereum/p2p/enr	0.005s	coverage: 62.3% of statements

ok  	github.com/ethereum/go-ethereum/p2p/nat	2.609s	coverage: 20.3% of statements

ok  	github.com/ethereum/go-ethereum/p2p/netutil	0.012s	coverage: 84.1% of statements

ok  	github.com/ethereum/go-ethereum/p2p/simulations	2.927s	coverage: 69.8% of statements

ok  	github.com/ethereum/go-ethereum/p2p/simulations/adapters	0.046s	coverage: 0.2% of statements

?   	github.com/ethereum/go-ethereum/p2p/simulations/examples	[no test files]

?   	github.com/ethereum/go-ethereum/p2p/simulations/pipes	[no test files]

?   	github.com/ethereum/go-ethereum/p2p/testing	[no test files]

ok  	github.com/ethereum/go-ethereum/params	0.025s	coverage: 50.0% of statements

ok  	github.com/ethereum/go-ethereum/rlp	0.012s	coverage: 96.6% of statements

ok  	github.com/ethereum/go-ethereum/rpc	7.867s	coverage: 78.1% of statements

ok  	github.com/ethereum/go-ethereum/signer/core	4.294s	coverage: 41.3% of statements

ok  	github.com/ethereum/go-ethereum/signer/fourbyte	3.235s	coverage: 46.9% of statements

ok  	github.com/ethereum/go-ethereum/signer/rules	0.165s	coverage: 77.1% of statements

?   	github.com/ethereum/go-ethereum/signer/rules/deps	[no test files]

ok  	github.com/ethereum/go-ethereum/signer/storage	0.005s	coverage: 52.3% of statements

ok  	github.com/ethereum/go-ethereum/tests	171.597s	coverage: 68.5% of statements

ok  	github.com/ethereum/go-ethereum/trie	3.859s	coverage: 69.4% of statements

ok  	github.com/ethereum/go-ethereum/whisper/mailserver	0.178s	coverage: 66.7% of statements

?   	github.com/ethereum/go-ethereum/whisper/shhclient	[no test files]

ok  	github.com/ethereum/go-ethereum/whisper/whisperv6	18.650s	coverage: 64.7% of statements

FAIL

util.go:45: exit status 1

exit status 1

travis_time:end:028ee6b0:start=1574248692825928182,finish=1574249458911502258,duration=766085574076,event=script
[0K[31;1mThe command "go run build/ci.go test -coverage $TEST_PACKAGES" exited with 1.[0m





Done. Your build exited with 1.

