travis_fold:start:worker_info
[0K[33;1mWorker information[0m
hostname: 4509aa46-110e-4718-84fa-a5d46dafe63a@1.worker-org-659784bb45-k95df.gce-production-2
version: v6.2.5 https://github.com/travis-ci/worker/tree/0bd72df572e7d08bf9338416c9db10866fed0617
instance: travis-job-90bac766-3d6b-466e-af00-0da39282b8f0 travis-ci-sardonyx-xenial-1553530528-f909ac5 (via amqp)
startup: 6.402637636s
travis_fold:end:worker_info
[0Ktravis_time:start:3b361e88
[0Ktravis_time:end:3b361e88:start=1574347489039637274,finish=1574347489240792869,duration=201155595,event=no_world_writable_dirs
[0Ktravis_time:start:02a952a4
[0Ktravis_time:end:02a952a4:start=1574347489244474110,finish=1574347489250401353,duration=5927243,event=setup_filter
[0Ktravis_time:start:356a9324
[0Ktravis_time:end:356a9324:start=1574347489256767235,finish=1574347489266910224,duration=10142989,event=agent
[0Ktravis_time:start:3ba38680
[0Ktravis_time:end:3ba38680:start=1574347489270350549,finish=1574347489272764810,duration=2414261,event=check_unsupported
[0Ktravis_time:start:031c3971
[0Ktravis_fold:start:system_info
[0K[33;1mBuild system information[0m

Build language: go

Build group: stable

Build dist: xenial

Build id: 615084478

Job id: 615084482

Runtime kernel version: 4.15.0-1028-gcp

travis-build version: a09969ae2

[34m[1mBuild image provisioning date and time[0m

Mon Mar 25 16:43:24 UTC 2019

[34m[1mOperating System Details[0m

Distributor ID:	Ubuntu

Description:	Ubuntu 16.04.6 LTS

Release:	16.04

Codename:	xenial

[34m[1mSystemd Version[0m

systemd 229

[34m[1mCookbooks Version[0m

42e42e4 https://github.com/travis-ci/travis-cookbooks/tree/42e42e4

[34m[1mgit version[0m

git version 2.21.0

[34m[1mbash version[0m

GNU bash, version 4.3.48(1)-release (x86_64-pc-linux-gnu)

[34m[1mgcc version[0m

gcc (Ubuntu 5.4.0-6ubuntu1~16.04.11) 5.4.0 20160609

[34m[1mdocker version[0m

Client:

 Version:           18.06.0-ce

 API version:       1.38

 Go version:        go1.10.3

 Git commit:        0ffa825

 Built:             Wed Jul 18 19:11:02 2018

 OS/Arch:           linux/amd64

 Experimental:      false



Server:

 Engine:

  Version:          18.06.0-ce

  API version:      1.38 (minimum version 1.12)

  Go version:       go1.10.3

  Git commit:       0ffa825

  Built:            Wed Jul 18 19:09:05 2018

  OS/Arch:          linux/amd64

  Experimental:     false

[34m[1mclang version[0m

clang version 7.0.0 (tags/RELEASE_700/final)

[34m[1mjq version[0m

jq-1.5

[34m[1mbats version[0m

Bats 0.4.0

[34m[1mshellcheck version[0m

0.6.0

[34m[1mshfmt version[0m

v2.6.3

[34m[1mccache version[0m

3.2.4

[34m[1mcmake version[0m

cmake version 3.12.4

[34m[1mheroku version[0m

heroku/7.22.7 linux-x64 node-v11.10.1

[34m[1mimagemagick version[0m

Version: ImageMagick 6.8.9-9 Q16 x86_64 2018-09-28 http://www.imagemagick.org

[34m[1mmd5deep version[0m

4.4

[34m[1mmercurial version[0m

version 4.8

[34m[1mmysql version[0m

mysql  Ver 14.14 Distrib 5.7.25, for Linux (x86_64) using  EditLine wrapper

[34m[1mopenssl version[0m

OpenSSL 1.0.2g  1 Mar 2016

[34m[1mpacker version[0m

1.3.3

[34m[1mpostgresql client version[0m

psql (PostgreSQL) 10.7 (Ubuntu 10.7-1.pgdg16.04+1)

[34m[1mragel version[0m

Ragel State Machine Compiler version 6.8 Feb 2013

[34m[1msudo version[0m

1.8.16

[34m[1mgzip version[0m

gzip 1.6

[34m[1mzip version[0m

Zip 3.0

[34m[1mvim version[0m

VIM - Vi IMproved 7.4 (2013 Aug 10, compiled Nov 24 2016 16:44:48)

[34m[1miptables version[0m

iptables v1.6.0

[34m[1mcurl version[0m

curl 7.47.0 (x86_64-pc-linux-gnu) libcurl/7.47.0 GnuTLS/3.4.10 zlib/1.2.8 libidn/1.32 librtmp/2.3

[34m[1mwget version[0m

GNU Wget 1.17.1 built on linux-gnu.

[34m[1mrsync version[0m

rsync  version 3.1.1  protocol version 31

[34m[1mgimme version[0m

v1.5.3

[34m[1mnvm version[0m

0.34.0

[34m[1mperlbrew version[0m

/home/travis/perl5/perlbrew/bin/perlbrew  - App::perlbrew/0.86

[34m[1mphpenv version[0m

rbenv 1.1.2

[34m[1mrvm version[0m

rvm 1.29.7 (latest) by Michal Papis, Piotr Kuczynski, Wayne E. Seguin [https://rvm.io]

[34m[1mdefault ruby version[0m

ruby 2.5.3p105 (2018-10-18 revision 65156) [x86_64-linux]

[34m[1mCouchDB version[0m

couchdb 1.6.1

[34m[1mElasticSearch version[0m

5.5.0

[34m[1mInstalled Firefox version[0m

firefox 63.0.1

[34m[1mMongoDB version[0m

MongoDB 4.0.7

[34m[1mPhantomJS version[0m

2.1.1

[34m[1mPre-installed PostgreSQL versions[0m

9.4.21

9.5.16

9.6.12

[34m[1mRedis version[0m

redis-server 5.0.4

[34m[1mPre-installed Go versions[0m

1.11.1

[34m[1mmvn version[0m

Apache Maven 3.6.0 (97c98ec64a1fdfee7767ce5ffb20918da4f719f3; 2018-10-24T18:41:47Z)

[34m[1mgradle version[0m

Gradle 4.10.2!

[34m[1mlein version[0m

Leiningen 2.9.1 on Java 11.0.2 OpenJDK 64-Bit Server VM

[34m[1mPre-installed Node.js versions[0m

v10.15.3

v11.0.0

v4.9.1

v6.17.0

v8.12.0

v8.15.1

v8.9

[34m[1mphpenv versions[0m

  system

  5.6

  5.6.40

  7.1

  7.1.27

  7.2

* 7.2.15 (set by /home/travis/.phpenv/version)

  hhvm

  hhvm-stable

[34m[1mcomposer --version[0m

Composer version 1.8.4 2019-02-11 10:52:10

[34m[1mPre-installed Ruby versions[0m

ruby-2.3.8

ruby-2.4.5

ruby-2.5.3

travis_fold:end:system_info
[0K

travis_time:end:031c3971:start=1574347489276358831,finish=1574347489284147096,duration=7788265,event=show_system_info
[0Ktravis_time:start:22caf5e0
[0Ktravis_time:end:22caf5e0:start=1574347489288144280,finish=1574347489327700843,duration=39556563,event=rm_riak_source
[0Ktravis_time:start:170e88a7
[0Ktravis_time:end:170e88a7:start=1574347489333597313,finish=1574347489342003996,duration=8406683,event=fix_rwky_redis
[0Ktravis_time:start:10c74979
[0Ktravis_time:end:10c74979:start=1574347489346616645,finish=1574347489765820991,duration=419204346,event=wait_for_network
[0Ktravis_time:start:10a7ad69
[0Ktravis_time:end:10a7ad69:start=1574347489813266277,finish=1574347490082366465,duration=269100188,event=update_apt_keys
[0Ktravis_time:start:18a5f7fe
[0Ktravis_time:end:18a5f7fe:start=1574347490091093441,finish=1574347490157497244,duration=66403803,event=fix_hhvm_source
[0Ktravis_time:start:03067900
[0Ktravis_time:end:03067900:start=1574347490162716172,finish=1574347490166661735,duration=3945563,event=update_mongo_arch
[0Ktravis_time:start:189a8432
[0Ktravis_time:end:189a8432:start=1574347490177833461,finish=1574347490229870145,duration=52036684,event=fix_sudo_enabled_trusty
[0Ktravis_time:start:1ac763e4
[0Ktravis_time:end:1ac763e4:start=1574347490236746514,finish=1574347490241426261,duration=4679747,event=update_glibc
[0Ktravis_time:start:20132960
[0Ktravis_time:end:20132960:start=1574347490252991741,finish=1574347490265497474,duration=12505733,event=clean_up_path
[0Ktravis_time:start:143bb2d6
[0Ktravis_time:end:143bb2d6:start=1574347490270067989,finish=1574347490280269842,duration=10201853,event=fix_resolv_conf
[0Ktravis_time:start:026f5908
[0Ktravis_time:end:026f5908:start=1574347490291848822,finish=1574347490304912317,duration=13063495,event=fix_etc_hosts
[0Ktravis_time:start:0ee4de60
[0Ktravis_time:end:0ee4de60:start=1574347490311213801,finish=1574347490322814813,duration=11601012,event=fix_mvn_settings_xml
[0Ktravis_time:start:01dccc40
[0Ktravis_time:end:01dccc40:start=1574347490331594594,finish=1574347490344135670,duration=12541076,event=no_ipv6_localhost
[0Ktravis_time:start:1c0fdc42
[0Ktravis_time:end:1c0fdc42:start=1574347490354024577,finish=1574347490357745522,duration=3720945,event=fix_etc_mavenrc
[0Ktravis_time:start:01394310
[0Ktravis_time:end:01394310:start=1574347490364851699,finish=1574347490368804059,duration=3952360,event=fix_wwdr_certificate
[0Ktravis_time:start:1572f887
[0Ktravis_time:end:1572f887:start=1574347490376537801,finish=1574347490406685515,duration=30147714,event=put_localhost_first
[0Ktravis_time:start:1d73c7e0
[0Ktravis_time:end:1d73c7e0:start=1574347490415479914,finish=1574347490419311314,duration=3831400,event=home_paths
[0Ktravis_time:start:148d92c6
[0Ktravis_time:end:148d92c6:start=1574347490423947260,finish=1574347490439855900,duration=15908640,event=disable_initramfs
[0Ktravis_time:start:0ae64824
[0Ktravis_time:end:0ae64824:start=1574347490444526075,finish=1574347490824509865,duration=379983790,event=disable_ssh_roaming
[0Ktravis_time:start:09a12eb8
[0Ktravis_time:end:09a12eb8:start=1574347490831090113,finish=1574347490834009606,duration=2919493,event=debug_tools
[0Ktravis_time:start:020420fe
[0Ktravis_time:end:020420fe:start=1574347490841023730,finish=1574347490846142928,duration=5119198,event=uninstall_oclint
[0Ktravis_time:start:0fe8bb39
[0Ktravis_time:end:0fe8bb39:start=1574347490856466964,finish=1574347490861456200,duration=4989236,event=rvm_use
[0Ktravis_time:start:026f502f
[0Ktravis_time:end:026f502f:start=1574347490869381132,finish=1574347490880248729,duration=10867597,event=rm_etc_boto_cfg
[0Ktravis_time:start:06985988
[0Ktravis_time:end:06985988:start=1574347490886590805,finish=1574347490890682517,duration=4091712,event=rm_oraclejdk8_symlink
[0Ktravis_time:start:01e5fe6f
[0Ktravis_time:end:01e5fe6f:start=1574347490897703406,finish=1574347491022031841,duration=124328435,event=enable_i386
[0Ktravis_time:start:171908ee
[0Ktravis_time:end:171908ee:start=1574347491028776678,finish=1574347491038305752,duration=9529074,event=update_rubygems
[0Ktravis_time:start:01e56851
[0Ktravis_time:end:01e56851:start=1574347491045063894,finish=1574347492095116954,duration=1050053060,event=ensure_path_components
[0Ktravis_time:start:0cbcec4a
[0Ktravis_time:end:0cbcec4a:start=1574347492106792381,finish=1574347492111180054,duration=4387673,event=redefine_curl
[0Ktravis_time:start:12516a43
[0Ktravis_time:end:12516a43:start=1574347492117352654,finish=1574347492229583374,duration=112230720,event=nonblock_pipe
[0Ktravis_time:start:1410d834
[0Ktravis_time:end:1410d834:start=1574347492236364604,finish=1574347495313056357,duration=3076691753,event=apt_get_update
[0Ktravis_time:start:073d29c8
[0Ktravis_time:end:073d29c8:start=1574347495319310523,finish=1574347495323592591,duration=4282068,event=deprecate_xcode_64
[0Ktravis_time:start:04cc8900
[0Ktravis_time:end:04cc8900:start=1574347495327933692,finish=1574347498159085793,duration=2831152101,event=update_heroku
[0Ktravis_time:start:1f9d3cc4
[0Ktravis_time:end:1f9d3cc4:start=1574347498165044207,finish=1574347498169298188,duration=4253981,event=shell_session_update
[0Ktravis_time:start:099d4a90
[0Ktravis_fold:start:docker_mtu
[0Ktravis_fold:end:docker_mtu
[0Ktravis_time:end:099d4a90:start=1574347498174728532,finish=1574347500349774735,duration=2175046203,event=set_docker_mtu
[0Ktravis_time:start:26e76450
[0Ktravis_fold:start:resolvconf
[0Ktravis_fold:end:resolvconf
[0Ktravis_time:end:26e76450:start=1574347500358097290,finish=1574347500440455772,duration=82358482,event=resolvconf
[0Ktravis_time:start:14a47651
[0Ktravis_time:end:14a47651:start=1574347500454602757,finish=1574347500625541724,duration=170938967,event=maven_central_mirror
[0Ktravis_time:start:06e679c0
[0Ktravis_time:end:06e679c0:start=1574347500632262524,finish=1574347500636787251,duration=4524727,event=fix_ps4
[0KUpdating gimme

travis_time:start:1a9d80c7
[0K

travis_fold:start:git.checkout
[0Ktravis_time:start:0a3599d6
[0K$ git clone --depth=50 --branch=master https://github.com/ethereum/go-ethereum.git ethereum/go-ethereum

Cloning into 'ethereum/go-ethereum'...

travis_time:end:0a3599d6:start=1574347506113681627,finish=1574347510051404125,duration=3937722498,event=checkout
[0K$ cd ethereum/go-ethereum

$ git checkout -qf b6d4f6b66e99c08f419e6a469259cbde1c8b0582

travis_fold:end:git.checkout
[0K

travis_fold:start:git.submodule
[0Ktravis_time:start:035cca7e
[0K$ git submodule update --init --recursive

Submodule 'tests' (https://github.com/ethereum/tests) registered for path 'tests/testdata'

Cloning into '/home/travis/build/ethereum/go-ethereum/tests/testdata'...

Submodule path 'tests/testdata': checked out 'b5eb9900ee2147b40d3e681fe86efa4fd693959a'

travis_time:end:035cca7e:start=1574347510235570451,finish=1574347569038120590,duration=58802550139,event=checkout
[0Ktravis_fold:end:git.submodule
[0Ktravis_time:end:035cca7e:start=1574347510235570451,finish=1574347569044955071,duration=58809384620,event=checkout
[0K$ travis_export_go 1.13.x github.com/ethereum/go-ethereum

travis_time:start:01b75dbc
[0K

[33;1mSetting environment variables from repository settings[0m

$ export IOS_SIGNING_KEY=[secure]

$ export LINUX_SIGNING_KEY=[secure]

$ export OSX_SIGNING_KEY=[secure]

$ export ANDROID_SIGNING_KEY=[secure]

$ export AZURE_BLOBSTORE_TOKEN=[secure]

$ export ANDROID_SONATYPE_USERNAME=[secure]

$ export ANDROID_SONATYPE_PASSWORD=[secure]

$ export COCOAPODS_TRUNK_TOKEN=[secure]

$ export PPA_SIGNING_KEY=[secure]

$ export PPA_SSH_KEY=[secure]



travis_time:end:01b75dbc:start=1574347569061228578,finish=1574347569096191815,duration=34963237,event=env
[0Ktravis_time:start:1651b402
[0K$ travis_setup_go

go version go1.13.4 linux/amd64

$ export GOPATH="/home/travis/gopath"

$ export PATH="/home/travis/gopath/bin:/home/travis/.gimme/versions/go1.13.4.linux.amd64/bin:/home/travis/bin:/home/travis/bin:/home/travis/.local/bin:/usr/local/lib/jvm/openjdk11/bin:/opt/pyenv/shims:/home/travis/.phpenv/shims:/home/travis/perl5/perlbrew/bin:/home/travis/.nvm/versions/node/v8.12.0/bin:/home/travis/.rvm/gems/ruby-2.5.3/bin:/home/travis/.rvm/gems/ruby-2.5.3@global/bin:/home/travis/.rvm/rubies/ruby-2.5.3/bin:/home/travis/gopath/bin:/home/travis/.gimme/versions/go1.11.1.linux.amd64/bin:/usr/local/maven-3.6.0/bin:/usr/local/cmake-3.12.4/bin:/usr/local/clang-7.0.0/bin:/usr/local/sbin:/usr/local/bin:/usr/sbin:/usr/bin:/sbin:/bin:/snap/bin:/home/travis/.rvm/bin:/home/travis/.phpenv/bin:/opt/pyenv/bin:/home/travis/.yarn/bin"

$ export GO111MODULE="auto"

travis_time:end:1651b402:start=1574347569110554732,finish=1574347610100853624,duration=40990298892,event=
[0K$ gimme version

v1.5.3

$ go version

go version go1.13.4 linux/amd64

travis_fold:start:go.env
[0K$ go env

GO111MODULE="auto"

GOARCH="amd64"

GOBIN=""

GOCACHE="/home/travis/.cache/go-build"

GOENV="/home/travis/.config/go/env"

GOEXE=""

GOFLAGS=""

GOHOSTARCH="amd64"

GOHOSTOS="linux"

GONOPROXY=""

GONOSUMDB=""

GOOS="linux"

GOPATH="/home/travis/gopath"

GOPRIVATE=""

GOPROXY="https://proxy.golang.org,direct"

GOROOT="/home/travis/.gimme/versions/go1.13.4.linux.amd64"

GOSUMDB="sum.golang.org"

GOTMPDIR=""

GOTOOLDIR="/home/travis/.gimme/versions/go1.13.4.linux.amd64/pkg/tool/linux_amd64"

GCCGO="gccgo"

AR="ar"

CC="gcc"

CXX="g++"

CGO_ENABLED="1"

GOMOD="/home/travis/gopath/src/github.com/ethereum/go-ethereum/go.mod"

CGO_CFLAGS="-g -O2"

CGO_CPPFLAGS=""

CGO_CXXFLAGS="-g -O2"

CGO_FFLAGS="-g -O2"

CGO_LDFLAGS="-g -O2"

PKG_CONFIG="pkg-config"

GOGCCFLAGS="-fPIC -m64 -pthread -fmessage-length=0 -fdebug-prefix-map=/tmp/go-build184639671=/tmp/go-build -gno-record-gcc-switches"

travis_fold:end:go.env
[0Ktravis_fold:start:install
[0Ktravis_time:start:17ae8500
[0K$ travis_install_go_dependencies 1.13.x -v

Makefile detected

travis_time:end:17ae8500:start=1574347611843556754,finish=1574347611852975744,duration=9418990,event=install
[0Ktravis_fold:end:install
[0Ktravis_time:start:00b822d0
[0K$ go run build/ci.go install

go: downloading github.com/cespare/cp v0.1.0

go: downloading golang.org/x/crypto v0.0.0-20190308221718-c2843e01d9a2

go: extracting github.com/cespare/cp v0.1.0

go: downloading github.com/Azure/azure-storage-blob-go v0.7.0

go: extracting github.com/Azure/azure-storage-blob-go v0.7.0

go: downloading github.com/Azure/azure-pipeline-go v0.2.2

go: extracting github.com/Azure/azure-pipeline-go v0.2.2

go: downloading github.com/mattn/go-ieproxy v0.0.0-20190702010315-6dee0af9227d

go: extracting github.com/mattn/go-ieproxy v0.0.0-20190702010315-6dee0af9227d

go: extracting golang.org/x/crypto v0.0.0-20190308221718-c2843e01d9a2

go: finding github.com/cespare/cp v0.1.0

go: finding github.com/Azure/azure-storage-blob-go v0.7.0

go: finding github.com/Azure/azure-pipeline-go v0.2.2

go: finding github.com/mattn/go-ieproxy v0.0.0-20190702010315-6dee0af9227d

go: finding golang.org/x/crypto v0.0.0-20190308221718-c2843e01d9a2

>>> /home/travis/.gimme/versions/go1.13.4.linux.amd64/bin/go install -ldflags -X main.gitCommit=b6d4f6b66e99c08f419e6a469259cbde1c8b0582 -X main.gitDate=20191121 -v ./...

go: downloading golang.org/x/text v0.3.2

go: downloading github.com/wsddn/go-ecdh v0.0.0-20161211032359-48726bab9208

go: downloading github.com/syndtr/goleveldb v1.0.1-0.20190923125748-758128399b1d

go: downloading github.com/pborman/uuid v0.0.0-20170112150404-1b00554d8222

go: downloading github.com/golang/snappy v0.0.1

go: downloading github.com/graph-gophers/graphql-go v0.0.0-20191115155744-f33e81362277

go: downloading github.com/robertkrimen/otto v0.0.0-20170205013659-6a77b7cbc37d

go: downloading gopkg.in/olebedev/go-duktape.v3 v3.0.0-20190213234257-ec84240a7772

go: downloading golang.org/x/sys v0.0.0-20190712062909-fae7ac547cb7

go: downloading github.com/hashicorp/golang-lru v0.0.0-20160813221303-0a025b7e63ad

go: extracting github.com/hashicorp/golang-lru v0.0.0-20160813221303-0a025b7e63ad

go: downloading github.com/elastic/gosigar v0.8.1-0.20180330100440-37f05ff46ffa

go: extracting github.com/wsddn/go-ecdh v0.0.0-20161211032359-48726bab9208

go: extracting github.com/pborman/uuid v0.0.0-20170112150404-1b00554d8222

go: extracting github.com/golang/snappy v0.0.1

go: downloading github.com/rjeczalik/notify v0.9.1

go: downloading github.com/cloudflare/cloudflare-go v0.10.2-0.20190916151808-a80f83b9add9

go: extracting github.com/syndtr/goleveldb v1.0.1-0.20190923125748-758128399b1d

go: downloading github.com/gorilla/websocket v1.4.1-0.20190629185528-ae1634f6a989

go: extracting github.com/robertkrimen/otto v0.0.0-20170205013659-6a77b7cbc37d

go: extracting github.com/graph-gophers/graphql-go v0.0.0-20191115155744-f33e81362277

go: extracting github.com/gorilla/websocket v1.4.1-0.20190629185528-ae1634f6a989

go: downloading golang.org/x/sync v0.0.0-20181108010431-42b317875d0f

go: downloading github.com/mattn/go-isatty v0.0.5-0.20180830101745-3fb116b82035

go: downloading github.com/edsrzf/mmap-go v0.0.0-20160512033002-935e0e8a636c

go: extracting github.com/elastic/gosigar v0.8.1-0.20180330100440-37f05ff46ffa

go: extracting gopkg.in/olebedev/go-duktape.v3 v3.0.0-20190213234257-ec84240a7772

go: downloading github.com/olekukonko/tablewriter v0.0.2-0.20190409134802-7e037d187b0c

go: downloading gopkg.in/urfave/cli.v1 v1.20.0

go: extracting github.com/cloudflare/cloudflare-go v0.10.2-0.20190916151808-a80f83b9add9

go: extracting github.com/rjeczalik/notify v0.9.1

go: extracting github.com/edsrzf/mmap-go v0.0.0-20160512033002-935e0e8a636c

go: extracting golang.org/x/sync v0.0.0-20181108010431-42b317875d0f

go: downloading github.com/huin/goupnp v0.0.0-20161224104101-679507af18f3

go: downloading github.com/docker/docker v1.4.2-0.20180625184442-8e610b2b55bf

go: extracting github.com/olekukonko/tablewriter v0.0.2-0.20190409134802-7e037d187b0c

go: downloading github.com/davecgh/go-spew v1.1.1

go: downloading github.com/go-stack/stack v1.8.0

go: extracting github.com/mattn/go-isatty v0.0.5-0.20180830101745-3fb116b82035

go: downloading gopkg.in/sourcemap.v1 v1.0.5

go: downloading github.com/rs/cors v0.0.0-20160617231935-a62a804a8a00

go: extracting github.com/go-stack/stack v1.8.0

go: downloading github.com/gballet/go-libpcsclite v0.0.0-20190607065134-2772fd86a8ff

go: extracting gopkg.in/sourcemap.v1 v1.0.5

go: extracting gopkg.in/urfave/cli.v1 v1.20.0

go: downloading github.com/mattn/go-runewidth v0.0.4

go: extracting github.com/huin/goupnp v0.0.0-20161224104101-679507af18f3

go: extracting github.com/davecgh/go-spew v1.1.1

go: downloading github.com/golang/protobuf v1.3.2-0.20190517061210-b285ee9cfc6c

go: extracting golang.org/x/sys v0.0.0-20190712062909-fae7ac547cb7

go: downloading github.com/fjl/memsize v0.0.0-20180418122429-ca190fb6ffbc

go: extracting github.com/rs/cors v0.0.0-20160617231935-a62a804a8a00

go: extracting github.com/mattn/go-runewidth v0.0.4

go: downloading github.com/pkg/errors v0.8.1

go: extracting github.com/gballet/go-libpcsclite v0.0.0-20190607065134-2772fd86a8ff

go: downloading github.com/peterh/liner v1.1.1-0.20190123174540-a2c9a5303de7

go: extracting github.com/pkg/errors v0.8.1

go: downloading github.com/tyler-smith/go-bip39 v1.0.1-0.20181017060643-dbb3b84ba2ef

go: downloading github.com/prometheus/tsdb v0.6.2-0.20190402121629-4f204dcbc150

go: downloading github.com/jackpal/go-nat-pmp v1.0.2-0.20160603034137-1fa385a6f458

go: extracting github.com/fjl/memsize v0.0.0-20180418122429-ca190fb6ffbc

go: extracting github.com/peterh/liner v1.1.1-0.20190123174540-a2c9a5303de7

go: extracting github.com/jackpal/go-nat-pmp v1.0.2-0.20160603034137-1fa385a6f458

go: downloading github.com/deckarep/golang-set v0.0.0-20180603214616-504e848d77ea

go: extracting github.com/golang/protobuf v1.3.2-0.20190517061210-b285ee9cfc6c

go: downloading github.com/[secure]/usb v0.0.0-20190919080040-51dc0efba356

go: extracting github.com/deckarep/golang-set v0.0.0-20180603214616-504e848d77ea

go: downloading github.com/status-im/keycard-go v0.0.0-20190316090335-8537d3370df4

go: extracting github.com/tyler-smith/go-bip39 v1.0.1-0.20181017060643-dbb3b84ba2ef

go: downloading golang.org/x/net v0.0.0-20190628185345-da137c7871d7

go: downloading github.com/allegro/bigcache v1.2.1-0.20190218064605-e24eb225f156

go: extracting github.com/allegro/bigcache v1.2.1-0.20190218064605-e24eb225f156

go: downloading golang.org/x/time v0.0.0-20190308202827-9d24e82272b4

go: extracting github.com/status-im/keycard-go v0.0.0-20190316090335-8537d3370df4

go: downloading github.com/steakknife/bloomfilter v0.0.0-20180922174646-6819c0d2a570

go: extracting github.com/[secure]/usb v0.0.0-20190919080040-51dc0efba356

go: downloading github.com/aristanetworks/goarista v0.0.0-20170210015632-ea17b1a17847

go: downloading github.com/opentracing/opentracing-go v1.1.0

go: extracting golang.org/x/time v0.0.0-20190308202827-9d24e82272b4

go: downloading github.com/mattn/go-colorable v0.1.0

go: extracting github.com/steakknife/bloomfilter v0.0.0-20180922174646-6819c0d2a570

go: downloading github.com/influxdata/influxdb v1.2.3-0.20180221223340-01288bdb0883

go: extracting github.com/aristanetworks/goarista v0.0.0-20170210015632-ea17b1a17847

go: downloading github.com/fatih/color v1.3.0

go: downloading github.com/rs/xhandler v0.0.0-20160618193221-ed27b6fd6521

go: extracting github.com/prometheus/tsdb v0.6.2-0.20190402121629-4f204dcbc150

go: extracting golang.org/x/net v0.0.0-20190628185345-da137c7871d7

go: extracting github.com/opentracing/opentracing-go v1.1.0

go: downloading github.com/julienschmidt/httprouter v1.1.1-0.20170430222011-975b5c4c7c21

go: extracting github.com/fatih/color v1.3.0

go: downloading github.com/steakknife/hamming v0.0.0-20180906055917-c99c65617cd3

go: downloading github.com/naoina/toml v0.1.2-0.20170918210437-9fafd6967416

go: extracting github.com/rs/xhandler v0.0.0-20160618193221-ed27b6fd6521

go: extracting github.com/mattn/go-colorable v0.1.0

go: extracting github.com/steakknife/hamming v0.0.0-20180906055917-c99c65617cd3

go: extracting github.com/naoina/toml v0.1.2-0.20170918210437-9fafd6967416

go: downloading github.com/naoina/go-stringutil v0.1.0

go: extracting github.com/julienschmidt/httprouter v1.1.1-0.20170430222011-975b5c4c7c21

go: extracting github.com/naoina/go-stringutil v0.1.0

go: extracting github.com/docker/docker v1.4.2-0.20180625184442-8e610b2b55bf

go: extracting github.com/influxdata/influxdb v1.2.3-0.20180221223340-01288bdb0883

go: extracting golang.org/x/text v0.3.2

go: finding github.com/golang/protobuf v1.3.2-0.20190517061210-b285ee9cfc6c

go: finding github.com/aristanetworks/goarista v0.0.0-20170210015632-ea17b1a17847

go: finding github.com/deckarep/golang-set v0.0.0-20180603214616-504e848d77ea

go: finding gopkg.in/urfave/cli.v1 v1.20.0

go: finding github.com/davecgh/go-spew v1.1.1

go: finding github.com/go-stack/stack v1.8.0

go: finding github.com/edsrzf/mmap-go v0.0.0-20160512033002-935e0e8a636c

go: finding github.com/cloudflare/cloudflare-go v0.10.2-0.20190916151808-a80f83b9add9

go: finding github.com/pborman/uuid v0.0.0-20170112150404-1b00554d8222

go: finding github.com/huin/goupnp v0.0.0-20161224104101-679507af18f3

go: finding github.com/[secure]/usb v0.0.0-20190919080040-51dc0efba356

go: finding github.com/allegro/bigcache v1.2.1-0.20190218064605-e24eb225f156

go: finding github.com/elastic/gosigar v0.8.1-0.20180330100440-37f05ff46ffa

go: finding github.com/jackpal/go-nat-pmp v1.0.2-0.20160603034137-1fa385a6f458

go: finding github.com/gballet/go-libpcsclite v0.0.0-20190607065134-2772fd86a8ff

go: finding github.com/pkg/errors v0.8.1

go: finding github.com/rjeczalik/notify v0.9.1

go: finding github.com/status-im/keycard-go v0.0.0-20190316090335-8537d3370df4

go: finding golang.org/x/time v0.0.0-20190308202827-9d24e82272b4

go: finding github.com/wsddn/go-ecdh v0.0.0-20161211032359-48726bab9208

go: finding github.com/hashicorp/golang-lru v0.0.0-20160813221303-0a025b7e63ad

go: finding golang.org/x/sys v0.0.0-20190712062909-fae7ac547cb7

go: finding github.com/mattn/go-colorable v0.1.0

go: finding golang.org/x/text v0.3.2

go: finding github.com/golang/snappy v0.0.1

go: finding github.com/syndtr/goleveldb v1.0.1-0.20190923125748-758128399b1d

go: finding github.com/peterh/liner v1.1.1-0.20190123174540-a2c9a5303de7

go: finding golang.org/x/net v0.0.0-20190628185345-da137c7871d7

go: finding github.com/olekukonko/tablewriter v0.0.2-0.20190409134802-7e037d187b0c

go: finding github.com/gorilla/websocket v1.4.1-0.20190629185528-ae1634f6a989

go: finding github.com/fjl/memsize v0.0.0-20180418122429-ca190fb6ffbc

go: finding github.com/robertkrimen/otto v0.0.0-20170205013659-6a77b7cbc37d

go: finding github.com/fatih/color v1.3.0

go: finding github.com/mattn/go-isatty v0.0.5-0.20180830101745-3fb116b82035

go: finding github.com/steakknife/bloomfilter v0.0.0-20180922174646-6819c0d2a570

go: finding github.com/rs/cors v0.0.0-20160617231935-a62a804a8a00

go: finding github.com/prometheus/tsdb v0.6.2-0.20190402121629-4f204dcbc150

go: finding github.com/rs/xhandler v0.0.0-20160618193221-ed27b6fd6521

go: finding github.com/docker/docker v1.4.2-0.20180625184442-8e610b2b55bf

go: finding github.com/mattn/go-runewidth v0.0.4

go: finding github.com/julienschmidt/httprouter v1.1.1-0.20170430222011-975b5c4c7c21

go: finding github.com/tyler-smith/go-bip39 v1.0.1-0.20181017060643-dbb3b84ba2ef

go: finding github.com/steakknife/hamming v0.0.0-20180906055917-c99c65617cd3

go: finding gopkg.in/sourcemap.v1 v1.0.5

go: finding github.com/influxdata/influxdb v1.2.3-0.20180221223340-01288bdb0883

go: finding github.com/graph-gophers/graphql-go v0.0.0-20191115155744-f33e81362277

go: finding github.com/naoina/toml v0.1.2-0.20170918210437-9fafd6967416

go: finding github.com/naoina/go-stringutil v0.1.0

go: finding golang.org/x/sync v0.0.0-20181108010431-42b317875d0f

go: finding gopkg.in/olebedev/go-duktape.v3 v3.0.0-20190213234257-ec84240a7772

go: finding github.com/opentracing/opentracing-go v1.1.0

github.com/allegro/bigcache/queue

github.com/aristanetworks/goarista/monotime

github.com/ethereum/go-ethereum/common/mclock

github.com/allegro/bigcache

github.com/ethereum/go-ethereum/common/prque

github.com/ethereum/go-ethereum/ethdb

github.com/go-stack/stack

golang.org/x/sys/unix

github.com/ethereum/go-ethereum/log

github.com/steakknife/hamming

github.com/steakknife/bloomfilter

github.com/ethereum/go-ethereum/event

github.com/ethereum/go-ethereum/accounts/abi

github.com/elastic/gosigar

github.com/davecgh/go-spew/spew

github.com/ethereum/go-ethereum/metrics

github.com/deckarep/golang-set

github.com/pborman/uuid

github.com/rjeczalik/notify

github.com/ethereum/go-ethereum/trie

golang.org/x/crypto/pbkdf2

golang.org/x/crypto/scrypt

github.com/gballet/go-libpcsclite

github.com/status-im/keycard-go/derivationpath

golang.org/x/crypto/curve25519

github.com/wsddn/go-ecdh

golang.org/x/text/transform

github.com/ethereum/go-ethereum/core/types

golang.org/x/text/unicode/norm

github.com/ethereum/go-ethereum

github.com/ethereum/go-ethereum/accounts

github.com/hashicorp/golang-lru/simplelru

github.com/ethereum/go-ethereum/accounts/keystore

github.com/ethereum/go-ethereum/accounts/scwallet

github.com/hashicorp/golang-lru

github.com/ethereum/go-ethereum/p2p/netutil

github.com/ethereum/go-ethereum/core/state

github.com/gorilla/websocket

golang.org/x/net/context

github.com/rs/xhandler

github.com/rs/cors

github.com/ethereum/go-ethereum/consensus/misc

github.com/edsrzf/mmap-go

github.com/ethereum/go-ethereum/rpc

github.com/ethereum/go-ethereum/common/bitutil

github.com/syndtr/goleveldb/leveldb/util

github.com/syndtr/goleveldb/leveldb/cache

github.com/syndtr/goleveldb/leveldb/comparer

github.com/syndtr/goleveldb/leveldb/storage

github.com/syndtr/goleveldb/leveldb/errors

github.com/syndtr/goleveldb/leveldb/filter

github.com/syndtr/goleveldb/leveldb/iterator

github.com/syndtr/goleveldb/leveldb/journal

github.com/syndtr/goleveldb/leveldb/memdb

github.com/ethereum/go-ethereum/consensus

github.com/syndtr/goleveldb/leveldb/opt

github.com/ethereum/go-ethereum/consensus/clique

github.com/ethereum/go-ethereum/consensus/ethash

github.com/golang/snappy

github.com/syndtr/goleveldb/leveldb/table

github.com/ethereum/go-ethereum/ethdb/memorydb

github.com/mattn/go-runewidth

github.com/olekukonko/tablewriter

github.com/syndtr/goleveldb/leveldb

github.com/pkg/errors

github.com/prometheus/tsdb/fileutil

golang.org/x/sys/cpu

github.com/ethereum/go-ethereum/crypto/blake2b

github.com/ethereum/go-ethereum/crypto/bn256/cloudflare

github.com/ethereum/go-ethereum/crypto/bn256

golang.org/x/crypto/ripemd160

github.com/ethereum/go-ethereum/core/vm

github.com/ethereum/go-ethereum/ethdb/leveldb

github.com/ethereum/go-ethereum/core/rawdb

github.com/ethereum/go-ethereum/core/bloombits

github.com/ethereum/go-ethereum/core

github.com/ethereum/go-ethereum/crypto/ecies

github.com/ethereum/go-ethereum/p2p/enr

github.com/ethereum/go-ethereum/p2p/enode

github.com/ethereum/go-ethereum/p2p/discover

github.com/huin/goupnp/httpu

github.com/huin/goupnp/scpd

github.com/huin/goupnp/soap

github.com/huin/goupnp/ssdp

golang.org/x/net/html/atom

golang.org/x/net/html

github.com/ethereum/go-ethereum/eth/downloader

golang.org/x/text/encoding/internal/identifier

golang.org/x/text/encoding

golang.org/x/text/internal/utf8internal

golang.org/x/text/encoding/internal

golang.org/x/text/runes

golang.org/x/text/encoding/charmap

golang.org/x/text/encoding/japanese

golang.org/x/text/encoding/korean

golang.org/x/text/encoding/simplifiedchinese

golang.org/x/text/encoding/traditionalchinese

golang.org/x/text/encoding/unicode

golang.org/x/text/internal/tag

github.com/jackpal/go-nat-pmp

golang.org/x/text/internal/language

github.com/tyler-smith/go-bip39/wordlists

github.com/tyler-smith/go-bip39

github.com/golang/protobuf/proto

golang.org/x/text/internal/language/compact

golang.org/x/text/language

golang.org/x/text/encoding/htmlindex

golang.org/x/net/html/charset

github.com/huin/goupnp

github.com/huin/goupnp/dcps/internetgateway1

github.com/huin/goupnp/dcps/internetgateway2

github.com/golang/protobuf/protoc-gen-go/descriptor

github.com/ethereum/go-ethereum/p2p/nat

github.com/ethereum/go-ethereum/p2p/discv5

github.com/ethereum/go-ethereum/accounts/usbwallet/trezor

github.com/[secure]/usb

github.com/ethereum/go-ethereum/p2p

github.com/ethereum/go-ethereum/internal/ethapi

github.com/ethereum/go-ethereum/signer/storage

golang.org/x/crypto/ssh/terminal

github.com/ethereum/go-ethereum/eth/filters

github.com/ethereum/go-ethereum/common/fdlimit

github.com/ethereum/go-ethereum/core/forkid

github.com/ethereum/go-ethereum/eth/fetcher

github.com/ethereum/go-ethereum/eth/gasprice

github.com/ethereum/go-ethereum/eth/tracers/internal/tracers

gopkg.in/olebedev/go-duktape.v3

github.com/ethereum/go-ethereum/accounts/usbwallet

github.com/ethereum/go-ethereum/signer/core

github.com/ethereum/go-ethereum/accounts/external

github.com/ethereum/go-ethereum/accounts/abi/bind

github.com/ethereum/go-ethereum/accounts/abi/bind/backends

github.com/ethereum/go-ethereum/miner

github.com/ethereum/go-ethereum/metrics/prometheus

github.com/ethereum/go-ethereum/metrics/exp

github.com/fjl/memsize

github.com/fjl/memsize/memsizeui

github.com/mattn/go-isatty

github.com/mattn/go-colorable

gopkg.in/urfave/cli.v1

github.com/ethereum/go-ethereum/internal/debug

github.com/ethereum/go-ethereum/node

github.com/ethereum/go-ethereum/contracts/checkpointoracle/contract

github.com/ethereum/go-ethereum/contracts/checkpointoracle

github.com/ethereum/go-ethereum/les/flowcontrol

github.com/ethereum/go-ethereum/light

github.com/graph-gophers/graphql-go/errors

github.com/graph-gophers/graphql-go/internal/common

github.com/graph-gophers/graphql-go/internal/schema

github.com/graph-gophers/graphql-go/internal/exec/packer

github.com/graph-gophers/graphql-go/introspection

github.com/graph-gophers/graphql-go/internal/exec/resolvable

github.com/graph-gophers/graphql-go/internal/query

github.com/graph-gophers/graphql-go/internal/exec/selected

github.com/graph-gophers/graphql-go/log

github.com/opentracing/opentracing-go/log

github.com/opentracing/opentracing-go

github.com/opentracing/opentracing-go/ext

github.com/graph-gophers/graphql-go/trace

github.com/graph-gophers/graphql-go/internal/exec

github.com/graph-gophers/graphql-go/internal/validation

github.com/graph-gophers/graphql-go

github.com/graph-gophers/graphql-go/relay

github.com/ethereum/go-ethereum/graphql

github.com/influxdata/influxdb/pkg/escape

github.com/influxdata/influxdb/models

github.com/influxdata/influxdb/client

github.com/ethereum/go-ethereum/metrics/influxdb

golang.org/x/sync/syncmap

github.com/ethereum/go-ethereum/whisper/whisperv6

github.com/ethereum/go-ethereum/common/compiler

github.com/ethereum/go-ethereum/ethclient

github.com/ethereum/go-ethereum/internal/jsre/deps

github.com/fatih/color

gopkg.in/sourcemap.v1/base64vlq

gopkg.in/sourcemap.v1

github.com/robertkrimen/otto/file

github.com/robertkrimen/otto/token

github.com/robertkrimen/otto/ast

github.com/robertkrimen/otto/dbg

github.com/robertkrimen/otto/parser

github.com/robertkrimen/otto/registry

github.com/robertkrimen/otto

github.com/ethereum/go-ethereum/internal/jsre

github.com/ethereum/go-ethereum/internal/web3ext

github.com/peterh/liner

github.com/ethereum/go-ethereum/console

github.com/ethereum/go-ethereum/signer/fourbyte

github.com/ethereum/go-ethereum/signer/rules/deps

github.com/ethereum/go-ethereum/signer/rules

golang.org/x/time/rate

github.com/cloudflare/cloudflare-go

github.com/ethereum/go-ethereum/p2p/dnsdisc

github.com/ethereum/go-ethereum/cmd/devp2p

github.com/ethereum/go-ethereum/core/asm

github.com/ethereum/go-ethereum/cmd/evm/internal/compiler

github.com/ethereum/go-ethereum/core/vm/runtime

github.com/ethereum/go-ethereum/tests

github.com/naoina/go-stringutil

github.com/naoina/toml/ast

github.com/naoina/toml

github.com/docker/docker/pkg/reexec

github.com/ethereum/go-ethereum/p2p/simulations/pipes

github.com/ethereum/go-ethereum/p2p/simulations/adapters

github.com/julienschmidt/httprouter

github.com/ethereum/go-ethereum/p2p/simulations

github.com/ethereum/go-ethereum/cmd/p2psim

github.com/ethereum/go-ethereum/eth/tracers

github.com/ethereum/go-ethereum/eth

github.com/ethereum/go-ethereum/les

github.com/ethereum/go-ethereum/ethstats

github.com/ethereum/go-ethereum/cmd/utils

github.com/ethereum/go-ethereum/cmd/abigen

github.com/ethereum/go-ethereum/cmd/bootnode

github.com/ethereum/go-ethereum/cmd/checkpoint-admin

github.com/ethereum/go-ethereum/cmd/clef

github.com/ethereum/go-ethereum/cmd/ethkey

github.com/ethereum/go-ethereum/cmd/evm

github.com/ethereum/go-ethereum/cmd/faucet

github.com/ethereum/go-ethereum/cmd/geth

golang.org/x/crypto/ed25519/internal/edwards25519

golang.org/x/crypto/ed25519

golang.org/x/crypto/internal/subtle

golang.org/x/crypto/internal/chacha20

golang.org/x/crypto/poly1305

golang.org/x/crypto/ssh

github.com/ethereum/go-ethereum/cmd/rlpdump

github.com/ethereum/go-ethereum/cmd/puppeth

github.com/ethereum/go-ethereum/whisper/mailserver

github.com/ethereum/go-ethereum/cmd/wnode

github.com/ethereum/go-ethereum/crypto/bn256/google

github.com/ethereum/go-ethereum/ethdb/dbtest

github.com/ethereum/go-ethereum/internal/cmdtest

github.com/ethereum/go-ethereum/internal/guide

github.com/ethereum/go-ethereum/internal/testlog

github.com/ethereum/go-ethereum/metrics/librato

github.com/ethereum/go-ethereum/whisper/shhclient

github.com/ethereum/go-ethereum/mobile

github.com/ethereum/go-ethereum/p2p/simulations/examples

github.com/ethereum/go-ethereum/p2p/testing

travis_time:end:00b822d0:start=1574347611864573181,finish=1574347736192366759,duration=124327793578,event=script
[0K[32;1mThe command "go run build/ci.go install" exited with 0.[0m

travis_time:start:11d2cc54
[0K$ go run build/ci.go test -coverage $TEST_PACKAGES

>>> /home/travis/.gimme/versions/go1.13.4.linux.amd64/bin/go test -ldflags -X main.gitCommit=b6d4f6b66e99c08f419e6a469259cbde1c8b0582 -X main.gitDate=20191121 -p 1 -timeout 5m -covermode=atomic -cover ./...

go: downloading github.com/stretchr/testify v1.4.0

go: downloading gopkg.in/check.v1 v1.0.0-20180628173108-788fd7840127

go: extracting gopkg.in/check.v1 v1.0.0-20180628173108-788fd7840127

go: downloading github.com/kr/pretty v0.1.0

go: extracting github.com/stretchr/testify v1.4.0

go: extracting github.com/kr/pretty v0.1.0

go: downloading github.com/kr/text v0.1.0

go: downloading github.com/pmezard/go-difflib v1.0.0

go: downloading gopkg.in/yaml.v2 v2.2.2

go: extracting github.com/kr/text v0.1.0

go: extracting github.com/pmezard/go-difflib v1.0.0

go: extracting gopkg.in/yaml.v2 v2.2.2

go: finding github.com/stretchr/testify v1.4.0

go: finding github.com/pmezard/go-difflib v1.0.0

go: finding gopkg.in/yaml.v2 v2.2.2

go: finding gopkg.in/check.v1 v1.0.0-20180628173108-788fd7840127

go: finding github.com/kr/pretty v0.1.0

go: finding github.com/kr/text v0.1.0

?   	github.com/ethereum/go-ethereum	[no test files]

ok  	github.com/ethereum/go-ethereum/accounts	0.031s	coverage: 30.8% of statements

ok  	github.com/ethereum/go-ethereum/accounts/abi	0.048s	coverage: 88.8% of statements

ok  	github.com/ethereum/go-ethereum/accounts/abi/bind	6.817s	coverage: 52.1% of statements

ok  	github.com/ethereum/go-ethereum/accounts/abi/bind/backends	0.057s	coverage: 21.5% of statements

?   	github.com/ethereum/go-ethereum/accounts/external	[no test files]

ok  	github.com/ethereum/go-ethereum/accounts/keystore	18.365s	coverage: 76.3% of statements

?   	github.com/ethereum/go-ethereum/accounts/scwallet	[no test files]

?   	github.com/ethereum/go-ethereum/accounts/usbwallet	[no test files]

?   	github.com/ethereum/go-ethereum/accounts/usbwallet/trezor	[no test files]

?   	github.com/ethereum/go-ethereum/cmd/abigen	[no test files]

?   	github.com/ethereum/go-ethereum/cmd/bootnode	[no test files]

?   	github.com/ethereum/go-ethereum/cmd/checkpoint-admin	[no test files]

?   	github.com/ethereum/go-ethereum/cmd/clef	[no test files]

?   	github.com/ethereum/go-ethereum/cmd/devp2p	[no test files]

ok  	github.com/ethereum/go-ethereum/cmd/ethkey	2.153s	coverage: 1.3% of statements

?   	github.com/ethereum/go-ethereum/cmd/evm	[no test files]

?   	github.com/ethereum/go-ethereum/cmd/evm/internal/compiler	[no test files]

?   	github.com/ethereum/go-ethereum/cmd/faucet	[no test files]

ok  	github.com/ethereum/go-ethereum/cmd/geth	13.223s	coverage: 1.6% of statements

?   	github.com/ethereum/go-ethereum/cmd/p2psim	[no test files]

ok  	github.com/ethereum/go-ethereum/cmd/puppeth	0.033s	coverage: 8.6% of statements

?   	github.com/ethereum/go-ethereum/cmd/rlpdump	[no test files]

ok  	github.com/ethereum/go-ethereum/cmd/utils	0.042s	coverage: 2.3% of statements

?   	github.com/ethereum/go-ethereum/cmd/wnode	[no test files]

ok  	github.com/ethereum/go-ethereum/common	0.006s	coverage: 39.3% of statements

ok  	github.com/ethereum/go-ethereum/common/bitutil	0.005s	coverage: 95.7% of statements

ok  	github.com/ethereum/go-ethereum/common/compiler	0.004s	coverage: 0.0% of statements

ok  	github.com/ethereum/go-ethereum/common/fdlimit	0.002s	coverage: 73.7% of statements

ok  	github.com/ethereum/go-ethereum/common/hexutil	0.003s	coverage: 80.9% of statements

ok  	github.com/ethereum/go-ethereum/common/math	0.003s	coverage: 92.4% of statements

ok  	github.com/ethereum/go-ethereum/common/mclock	0.002s	coverage: 86.6% of statements

ok  	github.com/ethereum/go-ethereum/common/prque	1.208s	coverage: 74.0% of statements

?   	github.com/ethereum/go-ethereum/consensus	[no test files]

ok  	github.com/ethereum/go-ethereum/consensus/clique	0.855s	coverage: 52.5% of statements

ok  	github.com/ethereum/go-ethereum/consensus/ethash	11.214s	coverage: 63.4% of statements

?   	github.com/ethereum/go-ethereum/consensus/misc	[no test files]

ok  	github.com/ethereum/go-ethereum/console	1.538s	coverage: 37.8% of statements

ok  	github.com/ethereum/go-ethereum/contracts/checkpointoracle	0.839s	coverage: 0.0% of statements

?   	github.com/ethereum/go-ethereum/contracts/checkpointoracle/contract	[no test files]

ok  	github.com/ethereum/go-ethereum/core	32.347s	coverage: 73.2% of statements

ok  	github.com/ethereum/go-ethereum/core/asm	0.027s	coverage: 72.6% of statements

ok  	github.com/ethereum/go-ethereum/core/bloombits	3.177s	coverage: 95.5% of statements

ok  	github.com/ethereum/go-ethereum/core/forkid	0.030s	coverage: 85.9% of statements

ok  	github.com/ethereum/go-ethereum/core/rawdb	1.107s	coverage: 48.2% of statements

ok  	github.com/ethereum/go-ethereum/core/state	9.384s	coverage: 76.9% of statements

ok  	github.com/ethereum/go-ethereum/core/types	0.331s	coverage: 50.1% of statements

ok  	github.com/ethereum/go-ethereum/core/vm	0.257s	coverage: 40.1% of statements

ok  	github.com/ethereum/go-ethereum/core/vm/runtime	0.029s	coverage: 76.7% of statements

ok  	github.com/ethereum/go-ethereum/crypto	0.071s	coverage: 80.5% of statements

ok  	github.com/ethereum/go-ethereum/crypto/blake2b	0.076s	coverage: 90.6% of statements

?   	github.com/ethereum/go-ethereum/crypto/bn256	[no test files]

ok  	github.com/ethereum/go-ethereum/crypto/bn256/cloudflare	0.099s	coverage: 81.3% of statements

ok  	github.com/ethereum/go-ethereum/crypto/bn256/google	0.634s	coverage: 91.6% of statements

ok  	github.com/ethereum/go-ethereum/crypto/ecies	0.037s	coverage: 75.9% of statements

ok  	github.com/ethereum/go-ethereum/crypto/secp256k1	1.402s	coverage: 30.6% of statements

ok  	github.com/ethereum/go-ethereum/eth	18.003s	coverage: 28.8% of statements

ok  	github.com/ethereum/go-ethereum/eth/downloader	112.578s	coverage: 78.1% of statements

ok  	github.com/ethereum/go-ethereum/eth/fetcher	10.109s	coverage: 89.7% of statements

ok  	github.com/ethereum/go-ethereum/eth/filters	2.320s	coverage: 54.1% of statements

?   	github.com/ethereum/go-ethereum/eth/gasprice	[no test files]

ok  	github.com/ethereum/go-ethereum/eth/tracers	0.291s	coverage: 75.6% of statements

?   	github.com/ethereum/go-ethereum/eth/tracers/internal/tracers	[no test files]

ok  	github.com/ethereum/go-ethereum/ethclient	0.068s	coverage: 14.0% of statements

?   	github.com/ethereum/go-ethereum/ethdb	[no test files]

?   	github.com/ethereum/go-ethereum/ethdb/dbtest	[no test files]

ok  	github.com/ethereum/go-ethereum/ethdb/leveldb	0.023s	coverage: 15.1% of statements

ok  	github.com/ethereum/go-ethereum/ethdb/memorydb	0.003s	coverage: 81.6% of statements

?   	github.com/ethereum/go-ethereum/ethstats	[no test files]

ok  	github.com/ethereum/go-ethereum/event	0.630s	coverage: 94.3% of statements

ok  	github.com/ethereum/go-ethereum/graphql	0.038s	coverage: 2.1% of statements

?   	github.com/ethereum/go-ethereum/internal/build	[no test files]

?   	github.com/ethereum/go-ethereum/internal/cmdtest	[no test files]

?   	github.com/ethereum/go-ethereum/internal/debug	[no test files]

?   	github.com/ethereum/go-ethereum/internal/ethapi	[no test files]

ok  	github.com/ethereum/go-ethereum/internal/guide	14.949s	coverage: [no statements]

ok  	github.com/ethereum/go-ethereum/internal/jsre	0.114s	coverage: 48.5% of statements

?   	github.com/ethereum/go-ethereum/internal/jsre/deps	[no test files]

?   	github.com/ethereum/go-ethereum/internal/testlog	[no test files]

?   	github.com/ethereum/go-ethereum/internal/web3ext	[no test files]

ok  	github.com/ethereum/go-ethereum/les	73.885s	coverage: 51.5% of statements

ok  	github.com/ethereum/go-ethereum/les/flowcontrol	12.902s	coverage: 37.9% of statements

ok  	github.com/ethereum/go-ethereum/light	0.967s	coverage: 38.4% of statements

?   	github.com/ethereum/go-ethereum/log	[no test files]

ok  	github.com/ethereum/go-ethereum/metrics	5.388s	coverage: 48.6% of statements

?   	github.com/ethereum/go-ethereum/metrics/exp	[no test files]

?   	github.com/ethereum/go-ethereum/metrics/influxdb	[no test files]

?   	github.com/ethereum/go-ethereum/metrics/librato	[no test files]

?   	github.com/ethereum/go-ethereum/metrics/prometheus	[no test files]

--- FAIL: TestGenerateBlockAndImportEthash (3.02s)

    worker_test.go:229: Failed to insert new mined block:2, error:unknown ancestor

    worker_test.go:249: timeout

FAIL

coverage: 66.5% of statements

FAIL	github.com/ethereum/go-ethereum/miner	12.553s

ok  	github.com/ethereum/go-ethereum/mobile	0.045s	coverage: 15.2% of statements

ok  	github.com/ethereum/go-ethereum/node	0.817s	coverage: 43.0% of statements

ok  	github.com/ethereum/go-ethereum/p2p	0.666s	coverage: 74.0% of statements

ok  	github.com/ethereum/go-ethereum/p2p/discover	30.361s	coverage: 76.0% of statements

ok  	github.com/ethereum/go-ethereum/p2p/discv5	8.707s	coverage: 43.7% of statements

ok  	github.com/ethereum/go-ethereum/p2p/dnsdisc	0.247s	coverage: 82.7% of statements

ok  	github.com/ethereum/go-ethereum/p2p/enode	1.908s	coverage: 81.3% of statements

ok  	github.com/ethereum/go-ethereum/p2p/enr	0.005s	coverage: 62.3% of statements

ok  	github.com/ethereum/go-ethereum/p2p/nat	2.609s	coverage: 20.3% of statements

ok  	github.com/ethereum/go-ethereum/p2p/netutil	0.012s	coverage: 84.1% of statements

ok  	github.com/ethereum/go-ethereum/p2p/simulations	2.972s	coverage: 69.7% of statements

ok  	github.com/ethereum/go-ethereum/p2p/simulations/adapters	0.043s	coverage: 0.2% of statements

?   	github.com/ethereum/go-ethereum/p2p/simulations/examples	[no test files]

?   	github.com/ethereum/go-ethereum/p2p/simulations/pipes	[no test files]

?   	github.com/ethereum/go-ethereum/p2p/testing	[no test files]

ok  	github.com/ethereum/go-ethereum/params	0.026s	coverage: 50.0% of statements

ok  	github.com/ethereum/go-ethereum/rlp	0.012s	coverage: 96.6% of statements

ok  	github.com/ethereum/go-ethereum/rpc	7.237s	coverage: 77.6% of statements

ok  	github.com/ethereum/go-ethereum/signer/core	4.305s	coverage: 41.3% of statements

ok  	github.com/ethereum/go-ethereum/signer/fourbyte	3.285s	coverage: 46.9% of statements

ok  	github.com/ethereum/go-ethereum/signer/rules	0.169s	coverage: 77.1% of statements

?   	github.com/ethereum/go-ethereum/signer/rules/deps	[no test files]

ok  	github.com/ethereum/go-ethereum/signer/storage	0.006s	coverage: 52.3% of statements

ok  	github.com/ethereum/go-ethereum/tests	184.488s	coverage: 68.5% of statements

ok  	github.com/ethereum/go-ethereum/trie	4.025s	coverage: 69.7% of statements

ok  	github.com/ethereum/go-ethereum/whisper/mailserver	0.183s	coverage: 66.7% of statements

?   	github.com/ethereum/go-ethereum/whisper/shhclient	[no test files]

ok  	github.com/ethereum/go-ethereum/whisper/whisperv6	18.989s	coverage: 64.8% of statements

FAIL

util.go:45: exit status 1

exit status 1

travis_time:end:11d2cc54:start=1574347736199784312,finish=1574348535781969314,duration=799582185002,event=script
[0K[31;1mThe command "go run build/ci.go test -coverage $TEST_PACKAGES" exited with 1.[0m





Done. Your build exited with 1.

