travis_fold:start:worker_info
[0K[33;1mWorker information[0m
hostname: bcf50b05-c6fc-4ef4-9951-d43296bf177d@1.worker-org-7f6cdc984-5xlpk.macstadium-prod-1
version: v6.2.0 https://github.com/travis-ci/worker/tree/5e5476e01646095f48eec13196fdb3faf8f5cbf7
instance: 7a9de3ff-3ae2-42b3-886b-7f8db33ab829 travis-ci-macos-10.13-xcode9.4.1-1529955246 (via amqp)
startup: 1m0.711617233s
travis_fold:end:worker_info
[0Ktravis_time:start:03d3d3a0
[0Ktravis_time:end:03d3d3a0:start=1574625044455707000,finish=1574625044940620000,duration=484913000,event=no_world_writable_dirs
[0Ktravis_time:start:0f47ac41
[0Ktravis_time:end:0f47ac41:start=1574625044948685000,finish=1574625044959567000,duration=10882000,event=setup_filter
[0Ktravis_time:start:14e4b01f
[0Ktravis_time:end:14e4b01f:start=1574625044971000000,finish=1574625044978283000,duration=7283000,event=check_unsupported
[0Ktravis_time:start:1ec4f320
[0Ktravis_fold:start:system_info
[0K[33;1mBuild system information[0m


Build language: go


Build id: 616357330


Job id: 616357340


Runtime kernel version: 17.4.0


travis-build version: a09969ae2


[34m[1mBuild image provisioning date and time[0m


Mon Jun 25 21:55:14 GMT 2018


[34m[1mOperating System Details[0m


ProductName:	Mac OS X


ProductVersion:	10.13.3


BuildVersion:	17D102


[34m[1mGit version[0m


git version 2.18.0


[34m[1mbash version[0m


GNU bash, version 3.2.57(1)-release (x86_64-apple-darwin17)


Copyright (C) 2007 Free Software Foundation, Inc.


[34m[1mGCC version[0m


Apple LLVM version 9.1.0 (clang-902.0.39.2)


Target: x86_64-apple-darwin17.4.0


Thread model: posix


InstalledDir: /Applications/Xcode-9.4.1.app/Contents/Developer/Toolchains/XcodeDefault.xctoolchain/usr/bin


[34m[1mLLVM version[0m


Apple LLVM version 9.1.0 (clang-902.0.39.2)


Target: x86_64-apple-darwin17.4.0


Thread model: posix


InstalledDir: /Applications/Xcode-9.4.1.app/Contents/Developer/Toolchains/XcodeDefault.xctoolchain/usr/bin


[34m[1mPre-installed Ruby versions[0m


ruby-2.3.5


ruby-2.4.3


[34m[1mPre-installed Node.js versions[0m


v4.9.1


v5.12.0


v6.14.3


v8.11.3


[34m[1mmvn -version[0m


Apache Maven 3.5.4 (1edded0938998edf8bf061f1ceb3cfdeccf443fe; 2018-06-17T18:33:14Z)


Maven home: /usr/local/Cellar/maven/3.5.4/libexec


Java version: 10.0.1, vendor: Oracle Corporation, runtime: /Library/Java/JavaVirtualMachines/jdk-10.0.1.jdk/Contents/Home


Default locale: en_US, platform encoding: UTF-8


OS name: "mac os x", version: "10.13.3", arch: "x86_64", family: "mac"


travis_fold:end:system_info
[0K


travis_time:end:1ec4f320:start=1574625044986681000,finish=1574625045002733000,duration=16052000,event=show_system_info
[0Ktravis_time:start:0497bf53
[0Ktravis_time:end:0497bf53:start=1574625045010533000,finish=1574625045017355000,duration=6822000,event=rm_riak_source
[0Ktravis_time:start:0888e1fc
[0Ktravis_time:end:0888e1fc:start=1574625045025056000,finish=1574625045031664000,duration=6608000,event=fix_rwky_redis
[0Ktravis_time:start:0f91f24e
[0Ktravis_time:end:0f91f24e:start=1574625045039127000,finish=1574625045430318000,duration=391191000,event=wait_for_network
[0Ktravis_time:start:02f699ac
[0Ktravis_time:end:02f699ac:start=1574625045444462000,finish=1574625045455833000,duration=11371000,event=update_apt_keys
[0Ktravis_time:start:0f39c624
[0Ktravis_time:end:0f39c624:start=1574625045470388000,finish=1574625045482050000,duration=11662000,event=fix_hhvm_source
[0Ktravis_time:start:0c74b498
[0Ktravis_time:end:0c74b498:start=1574625045494588000,finish=1574625045507818000,duration=13230000,event=update_mongo_arch
[0Ktravis_time:start:1cb23709
[0Ktravis_time:end:1cb23709:start=1574625045520333000,finish=1574625045536048000,duration=15715000,event=fix_sudo_enabled_trusty
[0Ktravis_time:start:268873cb
[0Ktravis_time:end:268873cb:start=1574625045549148000,finish=1574625045559775000,duration=10627000,event=update_glibc
[0Ktravis_time:start:0859ce00
[0Ktravis_time:end:0859ce00:start=1574625045573428000,finish=1574625045635684000,duration=62256000,event=clean_up_path
[0Ktravis_time:start:002c1696
[0Ktravis_time:end:002c1696:start=1574625045646033000,finish=1574625045689850000,duration=43817000,event=fix_resolv_conf
[0Ktravis_time:start:025eaf80
[0Ktravis_time:end:025eaf80:start=1574625045708208000,finish=1574625045758816000,duration=50608000,event=fix_etc_hosts
[0Ktravis_time:start:06e808d2
[0Ktravis_time:end:06e808d2:start=1574625045776441000,finish=1574625045788737000,duration=12296000,event=fix_mvn_settings_xml
[0Ktravis_time:start:3596ecd6
[0Ktravis_time:end:3596ecd6:start=1574625045805574000,finish=1574625045856741000,duration=51167000,event=no_ipv6_localhost
[0Ktravis_time:start:1478a939
[0Ktravis_time:end:1478a939:start=1574625045873393000,finish=1574625045886465000,duration=13072000,event=fix_etc_mavenrc
[0Ktravis_time:start:00f48fa8
[0Ktravis_time:end:00f48fa8:start=1574625045901137000,finish=1574625046107024000,duration=205887000,event=fix_wwdr_certificate
[0Ktravis_time:start:073e6f5a
[0Ktravis_time:end:073e6f5a:start=1574625046123226000,finish=1574625046307640000,duration=184414000,event=put_localhost_first
[0Ktravis_time:start:1d6a933c
[0Ktravis_time:end:1d6a933c:start=1574625046317291000,finish=1574625046323557000,duration=6266000,event=home_paths
[0Ktravis_time:start:025b6960
[0Ktravis_time:end:025b6960:start=1574625046332209000,finish=1574625046345110000,duration=12901000,event=disable_initramfs
[0Ktravis_time:start:07f59b8e
[0Ktravis_time:end:07f59b8e:start=1574625046353566000,finish=1574625046374125000,duration=20559000,event=disable_ssh_roaming
[0Ktravis_time:start:0fe6c292
[0Ktravis_time:end:0fe6c292:start=1574625046384056000,finish=1574625046390490000,duration=6434000,event=debug_tools
[0Ktravis_time:start:18ead128
[0KUninstalled oclint to prevent interference with other packages.


If you need oclint, you must explicitly install it.





travis_time:end:18ead128:start=1574625046399915000,finish=1574625049515067000,duration=3115152000,event=uninstall_oclint
[0Ktravis_time:start:0f0d8078
[0Ktravis_time:end:0f0d8078:start=1574625049525648000,finish=1574625050403436000,duration=877788000,event=rvm_use
[0Ktravis_time:start:04c2dc3e
[0Ktravis_time:end:04c2dc3e:start=1574625050413071000,finish=1574625050455326000,duration=42255000,event=rm_etc_boto_cfg
[0Ktravis_time:start:01d8b8fc
[0Ktravis_time:end:01d8b8fc:start=1574625050465090000,finish=1574625050472398000,duration=7308000,event=rm_oraclejdk8_symlink
[0Ktravis_time:start:0e919cb2
[0Ktravis_time:end:0e919cb2:start=1574625050481974000,finish=1574625050494594000,duration=12620000,event=enable_i386
[0Ktravis_time:start:114dc01a
[0Ktravis_time:end:114dc01a:start=1574625050505628000,finish=1574625050516571000,duration=10943000,event=update_rubygems
[0Ktravis_time:start:00f11400
[0Ktravis_time:end:00f11400:start=1574625050525910000,finish=1574625050539124000,duration=13214000,event=ensure_path_components
[0Ktravis_time:start:0561c77a
[0Ktravis_time:end:0561c77a:start=1574625050549977000,finish=1574625050557164000,duration=7187000,event=redefine_curl
[0Ktravis_time:start:08046624
[0Ktravis_time:end:08046624:start=1574625050567657000,finish=1574625050706657000,duration=139000000,event=nonblock_pipe
[0Ktravis_time:start:11fa84fc
[0Ktravis_time:end:11fa84fc:start=1574625050717055000,finish=1574625050724602000,duration=7547000,event=apt_get_update
[0Ktravis_time:start:17ebecec
[0Ktravis_time:end:17ebecec:start=1574625050734285000,finish=1574625050741644000,duration=7359000,event=deprecate_xcode_64
[0Ktravis_time:start:21b7df13
[0Ktravis_time:end:21b7df13:start=1574625050752611000,finish=1574625050763722000,duration=11111000,event=update_heroku
[0Ktravis_time:start:021a30e9
[0Ktravis_time:end:021a30e9:start=1574625050773474000,finish=1574625050780416000,duration=6942000,event=shell_session_update
[0Ktravis_time:start:0ac30230
[0Ktravis_time:end:0ac30230:start=1574625050790253000,finish=1574625050797246000,duration=6993000,event=maven_central_mirror
[0Ktravis_time:start:0a8307d8
[0Ktravis_time:end:0a8307d8:start=1574625050807915000,finish=1574625050814628000,duration=6713000,event=fix_ps4
[0KUpdating gimme


travis_time:start:00eed3e7
[0K


travis_fold:start:git.checkout
[0Ktravis_time:start:00acf710
[0K$ git clone --depth=50 --branch=master https://github.com/ethereum/go-ethereum.git ethereum/go-ethereum


Cloning into 'ethereum/go-ethereum'...


travis_time:end:00acf710:start=1574625062344589000,finish=1574625065328199000,duration=2983610000,event=checkout
[0K$ cd ethereum/go-ethereum


$ git checkout -qf f06ae5ca6a9fd275fc53eeb3de75388d55b4a479


travis_fold:end:git.checkout
[0K


travis_time:end:00acf710:start=1574625062344589000,finish=1574625065843897000,duration=3499308000,event=checkout
[0K$ travis_export_go 1.13.x github.com/ethereum/go-ethereum


travis_time:start:03170448
[0K


[33;1mSetting environment variables from repository settings[0m


$ export IOS_SIGNING_KEY=[secure]


$ export LINUX_SIGNING_KEY=[secure]


$ export OSX_SIGNING_KEY=[secure]


$ export ANDROID_SIGNING_KEY=[secure]


$ export AZURE_BLOBSTORE_TOKEN=[secure]


$ export ANDROID_SONATYPE_USERNAME=[secure]


$ export ANDROID_SONATYPE_PASSWORD=[secure]


$ export COCOAPODS_TRUNK_TOKEN=[secure]


$ export PPA_SIGNING_KEY=[secure]


$ export PPA_SSH_KEY=[secure]





travis_time:end:03170448:start=1574625065857222000,finish=1574625065892864000,duration=35642000,event=env
[0Ktravis_time:start:09272775
[0K$ travis_setup_go


go version go1.13.4 darwin/amd64


$ export GOPATH="/Users/travis/gopath"


$ export PATH="/Users/travis/gopath/bin:/Users/travis/.gimme/versions/go1.13.4.darwin.amd64/bin:/Users/travis/bin:/Users/travis/.rvm/gems/ruby-2.4.3/bin:/Users/travis/.rvm/gems/ruby-2.4.3@global/bin:/Users/travis/.rvm/rubies/ruby-2.4.3/bin:/Users/travis/.rvm/bin:/Users/travis/bin:/Users/travis/.local/bin:/Users/travis/.nvm/versions/node/v6.14.3/bin:/usr/local/bin:/usr/bin:/bin:/usr/sbin:/sbin:/opt/X11/bin"


$ export GO111MODULE="auto"


travis_time:end:09272775:start=1574625065903113000,finish=1574625079314209000,duration=13411096000,event=
[0K$ gimme version


v1.5.3


$ go version


go version go1.13.4 darwin/amd64


travis_fold:start:go.env
[0K$ go env


GO111MODULE="auto"


GOARCH="amd64"


GOBIN=""


GOCACHE="/Users/travis/Library/Caches/go-build"


GOENV="/Users/travis/Library/Application Support/go/env"


GOEXE=""


GOFLAGS=""


GOHOSTARCH="amd64"


GOHOSTOS="darwin"


GONOPROXY=""


GONOSUMDB=""


GOOS="darwin"


GOPATH="/Users/travis/gopath"


GOPRIVATE=""


GOPROXY="https://proxy.golang.org,direct"


GOROOT="/Users/travis/.gimme/versions/go1.13.4.darwin.amd64"


GOSUMDB="sum.golang.org"


GOTMPDIR=""


GOTOOLDIR="/Users/travis/.gimme/versions/go1.13.4.darwin.amd64/pkg/tool/darwin_amd64"


GCCGO="gccgo"


AR="ar"


CC="clang"


CXX="clang++"


CGO_ENABLED="1"


GOMOD="/Users/travis/gopath/src/github.com/ethereum/go-ethereum/go.mod"


CGO_CFLAGS="-g -O2"


CGO_CPPFLAGS=""


CGO_CXXFLAGS="-g -O2"


CGO_FFLAGS="-g -O2"


CGO_LDFLAGS="-g -O2"


PKG_CONFIG="pkg-config"


GOGCCFLAGS="-fPIC -m64 -pthread -fno-caret-diagnostics -Qunused-arguments -fmessage-length=0 -fdebug-prefix-map=/var/folders/nz/vv4_9tw56nv9k3tkvyszvwg80000gn/T/go-build807314995=/tmp/go-build -gno-record-gcc-switches -fno-common"


travis_fold:end:go.env
[0Ktravis_fold:start:install
[0Ktravis_time:start:01222160
[0K$ travis_install_go_dependencies 1.13.x -v


Makefile detected


travis_time:end:01222160:start=1574625079609362000,finish=1574625079621845000,duration=12483000,event=install
[0Ktravis_fold:end:install
[0Ktravis_time:start:05ccf21a
[0K$ go run build/ci.go install


go: downloading github.com/cespare/cp v0.1.0


go: downloading github.com/Azure/azure-storage-blob-go v0.7.0


go: downloading golang.org/x/crypto v0.0.0-20190308221718-c2843e01d9a2


go: extracting github.com/cespare/cp v0.1.0


go: extracting github.com/Azure/azure-storage-blob-go v0.7.0


go: downloading github.com/Azure/azure-pipeline-go v0.2.2


go: extracting github.com/Azure/azure-pipeline-go v0.2.2


go: downloading github.com/mattn/go-ieproxy v0.0.0-20190702010315-6dee0af9227d


go: extracting golang.org/x/crypto v0.0.0-20190308221718-c2843e01d9a2


go: extracting github.com/mattn/go-ieproxy v0.0.0-20190702010315-6dee0af9227d


go: finding github.com/cespare/cp v0.1.0


go: finding github.com/Azure/azure-storage-blob-go v0.7.0


go: finding github.com/Azure/azure-pipeline-go v0.2.2


go: finding github.com/mattn/go-ieproxy v0.0.0-20190702010315-6dee0af9227d


go: finding golang.org/x/crypto v0.0.0-20190308221718-c2843e01d9a2


>>> /Users/travis/.gimme/versions/go1.13.4.darwin.amd64/bin/go install -ldflags -X main.gitCommit=f06ae5ca6a9fd275fc53eeb3de75388d55b4a479 -X main.gitDate=20191124 -s -v ./...


go: downloading gopkg.in/urfave/cli.v1 v1.20.0


go: downloading github.com/elastic/gosigar v0.8.1-0.20180330100440-37f05ff46ffa


go: downloading golang.org/x/sys v0.0.0-20190712062909-fae7ac547cb7


go: downloading github.com/deckarep/golang-set v0.0.0-20180603214616-504e848d77ea


go: downloading github.com/graph-gophers/graphql-go v0.0.0-20191115155744-f33e81362277


go: downloading github.com/olekukonko/tablewriter v0.0.2-0.20190409134802-7e037d187b0c


go: downloading github.com/golang/protobuf v1.3.2-0.20190517061210-b285ee9cfc6c


go: downloading github.com/tyler-smith/go-bip39 v1.0.1-0.20181017060643-dbb3b84ba2ef


go: downloading github.com/status-im/keycard-go v0.0.0-20190316090335-8537d3370df4


go: extracting gopkg.in/urfave/cli.v1 v1.20.0


go: extracting github.com/deckarep/golang-set v0.0.0-20180603214616-504e848d77ea


go: extracting github.com/olekukonko/tablewriter v0.0.2-0.20190409134802-7e037d187b0c


go: extracting github.com/graph-gophers/graphql-go v0.0.0-20191115155744-f33e81362277


go: extracting github.com/tyler-smith/go-bip39 v1.0.1-0.20181017060643-dbb3b84ba2ef


go: downloading github.com/golang/snappy v0.0.1


go: extracting github.com/golang/protobuf v1.3.2-0.20190517061210-b285ee9cfc6c


go: extracting github.com/elastic/gosigar v0.8.1-0.20180330100440-37f05ff46ffa


go: extracting github.com/status-im/keycard-go v0.0.0-20190316090335-8537d3370df4


go: downloading github.com/naoina/toml v0.1.2-0.20170918210437-9fafd6967416


go: downloading github.com/pborman/uuid v0.0.0-20170112150404-1b00554d8222


go: downloading github.com/wsddn/go-ecdh v0.0.0-20161211032359-48726bab9208


go: extracting github.com/golang/snappy v0.0.1


go: downloading github.com/syndtr/goleveldb v1.0.1-0.20190923125748-758128399b1d


go: extracting github.com/wsddn/go-ecdh v0.0.0-20161211032359-48726bab9208


go: downloading github.com/[secure]/usb v0.0.0-20190919080040-51dc0efba356


go: extracting github.com/naoina/toml v0.1.2-0.20170918210437-9fafd6967416


go: downloading github.com/rs/cors v0.0.0-20160617231935-a62a804a8a00


go: extracting github.com/pborman/uuid v0.0.0-20170112150404-1b00554d8222


go: downloading github.com/jackpal/go-nat-pmp v1.0.2-0.20160603034137-1fa385a6f458


go: downloading github.com/influxdata/influxdb v1.2.3-0.20180221223340-01288bdb0883


go: downloading github.com/mattn/go-isatty v0.0.5-0.20180830101745-3fb116b82035


go: downloading github.com/gballet/go-libpcsclite v0.0.0-20190607065134-2772fd86a8ff


go: extracting github.com/syndtr/goleveldb v1.0.1-0.20190923125748-758128399b1d


go: extracting github.com/jackpal/go-nat-pmp v1.0.2-0.20160603034137-1fa385a6f458


go: extracting github.com/[secure]/usb v0.0.0-20190919080040-51dc0efba356


go: downloading github.com/prometheus/tsdb v0.6.2-0.20190402121629-4f204dcbc150


go: downloading github.com/naoina/go-stringutil v0.1.0


go: extracting github.com/rs/cors v0.0.0-20160617231935-a62a804a8a00


go: extracting github.com/gballet/go-libpcsclite v0.0.0-20190607065134-2772fd86a8ff


go: extracting github.com/mattn/go-isatty v0.0.5-0.20180830101745-3fb116b82035


go: downloading github.com/robertkrimen/otto v0.0.0-20170205013659-6a77b7cbc37d


go: downloading github.com/cloudflare/cloudflare-go v0.10.2-0.20190916151808-a80f83b9add9


go: extracting github.com/naoina/go-stringutil v0.1.0


go: downloading golang.org/x/net v0.0.0-20190628185345-da137c7871d7


go: extracting golang.org/x/sys v0.0.0-20190712062909-fae7ac547cb7


go: downloading github.com/rjeczalik/notify v0.9.1


go: downloading github.com/huin/goupnp v0.0.0-20161224104101-679507af18f3


go: downloading github.com/mattn/go-runewidth v0.0.4


go: extracting github.com/robertkrimen/otto v0.0.0-20170205013659-6a77b7cbc37d


go: extracting github.com/huin/goupnp v0.0.0-20161224104101-679507af18f3


go: extracting github.com/rjeczalik/notify v0.9.1


go: extracting github.com/mattn/go-runewidth v0.0.4


go: downloading github.com/julienschmidt/httprouter v1.1.1-0.20170430222011-975b5c4c7c21


go: downloading github.com/aristanetworks/goarista v0.0.0-20170210015632-ea17b1a17847


go: extracting github.com/cloudflare/cloudflare-go v0.10.2-0.20190916151808-a80f83b9add9


go: extracting github.com/influxdata/influxdb v1.2.3-0.20180221223340-01288bdb0883


go: extracting github.com/julienschmidt/httprouter v1.1.1-0.20170430222011-975b5c4c7c21


go: downloading github.com/hashicorp/golang-lru v0.0.0-20160813221303-0a025b7e63ad


go: extracting github.com/aristanetworks/goarista v0.0.0-20170210015632-ea17b1a17847


go: extracting github.com/hashicorp/golang-lru v0.0.0-20160813221303-0a025b7e63ad


go: downloading github.com/steakknife/bloomfilter v0.0.0-20180922174646-6819c0d2a570


go: downloading github.com/edsrzf/mmap-go v0.0.0-20160512033002-935e0e8a636c


go: downloading github.com/rs/xhandler v0.0.0-20160618193221-ed27b6fd6521


go: extracting golang.org/x/net v0.0.0-20190628185345-da137c7871d7


go: downloading github.com/fatih/color v1.3.0


go: extracting github.com/steakknife/bloomfilter v0.0.0-20180922174646-6819c0d2a570


go: downloading github.com/mattn/go-colorable v0.1.0


go: downloading github.com/docker/docker v1.4.2-0.20180625184442-8e610b2b55bf


go: downloading github.com/davecgh/go-spew v1.1.1


go: extracting github.com/edsrzf/mmap-go v0.0.0-20160512033002-935e0e8a636c


go: extracting github.com/rs/xhandler v0.0.0-20160618193221-ed27b6fd6521


go: extracting github.com/prometheus/tsdb v0.6.2-0.20190402121629-4f204dcbc150


go: extracting github.com/davecgh/go-spew v1.1.1


go: downloading github.com/allegro/bigcache v1.2.1-0.20190218064605-e24eb225f156


go: downloading gopkg.in/sourcemap.v1 v1.0.5


go: downloading github.com/opentracing/opentracing-go v1.1.0


go: extracting github.com/fatih/color v1.3.0


go: downloading github.com/gorilla/websocket v1.4.1-0.20190629185528-ae1634f6a989


go: extracting github.com/allegro/bigcache v1.2.1-0.20190218064605-e24eb225f156


go: extracting github.com/mattn/go-colorable v0.1.0


go: extracting gopkg.in/sourcemap.v1 v1.0.5


go: downloading github.com/go-stack/stack v1.8.0


go: downloading github.com/pkg/errors v0.8.1


go: extracting github.com/opentracing/opentracing-go v1.1.0


go: downloading github.com/steakknife/hamming v0.0.0-20180906055917-c99c65617cd3


go: downloading github.com/peterh/liner v1.1.1-0.20190123174540-a2c9a5303de7


go: extracting github.com/gorilla/websocket v1.4.1-0.20190629185528-ae1634f6a989


go: downloading golang.org/x/sync v0.0.0-20181108010431-42b317875d0f


go: extracting github.com/pkg/errors v0.8.1


go: downloading golang.org/x/text v0.3.2


go: extracting github.com/steakknife/hamming v0.0.0-20180906055917-c99c65617cd3


go: extracting github.com/peterh/liner v1.1.1-0.20190123174540-a2c9a5303de7


go: extracting github.com/go-stack/stack v1.8.0


go: downloading golang.org/x/time v0.0.0-20190308202827-9d24e82272b4


go: extracting golang.org/x/sync v0.0.0-20181108010431-42b317875d0f


go: downloading gopkg.in/olebedev/go-duktape.v3 v3.0.0-20190213234257-ec84240a7772


go: downloading github.com/fjl/memsize v0.0.0-20180418122429-ca190fb6ffbc


go: extracting golang.org/x/time v0.0.0-20190308202827-9d24e82272b4


go: extracting github.com/fjl/memsize v0.0.0-20180418122429-ca190fb6ffbc


go: extracting gopkg.in/olebedev/go-duktape.v3 v3.0.0-20190213234257-ec84240a7772


go: extracting github.com/docker/docker v1.4.2-0.20180625184442-8e610b2b55bf


go: extracting golang.org/x/text v0.3.2


go: finding github.com/golang/protobuf v1.3.2-0.20190517061210-b285ee9cfc6c


go: finding github.com/aristanetworks/goarista v0.0.0-20170210015632-ea17b1a17847


go: finding github.com/deckarep/golang-set v0.0.0-20180603214616-504e848d77ea


go: finding gopkg.in/urfave/cli.v1 v1.20.0


go: finding github.com/davecgh/go-spew v1.1.1


go: finding github.com/go-stack/stack v1.8.0


go: finding github.com/edsrzf/mmap-go v0.0.0-20160512033002-935e0e8a636c


go: finding github.com/cloudflare/cloudflare-go v0.10.2-0.20190916151808-a80f83b9add9


go: finding github.com/allegro/bigcache v1.2.1-0.20190218064605-e24eb225f156


go: finding github.com/pborman/uuid v0.0.0-20170112150404-1b00554d8222


go: finding github.com/huin/goupnp v0.0.0-20161224104101-679507af18f3


go: finding github.com/[secure]/usb v0.0.0-20190919080040-51dc0efba356


go: finding github.com/elastic/gosigar v0.8.1-0.20180330100440-37f05ff46ffa


go: finding github.com/jackpal/go-nat-pmp v1.0.2-0.20160603034137-1fa385a6f458


go: finding github.com/gballet/go-libpcsclite v0.0.0-20190607065134-2772fd86a8ff


go: finding github.com/rjeczalik/notify v0.9.1


go: finding github.com/status-im/keycard-go v0.0.0-20190316090335-8537d3370df4


go: finding github.com/pkg/errors v0.8.1


go: finding github.com/wsddn/go-ecdh v0.0.0-20161211032359-48726bab9208


go: finding github.com/hashicorp/golang-lru v0.0.0-20160813221303-0a025b7e63ad


go: finding golang.org/x/time v0.0.0-20190308202827-9d24e82272b4


go: finding github.com/mattn/go-colorable v0.1.0


go: finding golang.org/x/text v0.3.2


go: finding github.com/golang/snappy v0.0.1


go: finding github.com/syndtr/goleveldb v1.0.1-0.20190923125748-758128399b1d


go: finding golang.org/x/sys v0.0.0-20190712062909-fae7ac547cb7


go: finding github.com/steakknife/bloomfilter v0.0.0-20180922174646-6819c0d2a570


go: finding github.com/peterh/liner v1.1.1-0.20190123174540-a2c9a5303de7


go: finding github.com/gorilla/websocket v1.4.1-0.20190629185528-ae1634f6a989


go: finding github.com/olekukonko/tablewriter v0.0.2-0.20190409134802-7e037d187b0c


go: finding golang.org/x/net v0.0.0-20190628185345-da137c7871d7


go: finding github.com/robertkrimen/otto v0.0.0-20170205013659-6a77b7cbc37d


go: finding github.com/fatih/color v1.3.0


go: finding github.com/fjl/memsize v0.0.0-20180418122429-ca190fb6ffbc


go: finding github.com/rs/cors v0.0.0-20160617231935-a62a804a8a00


go: finding github.com/prometheus/tsdb v0.6.2-0.20190402121629-4f204dcbc150


go: finding github.com/mattn/go-isatty v0.0.5-0.20180830101745-3fb116b82035


go: finding github.com/rs/xhandler v0.0.0-20160618193221-ed27b6fd6521


go: finding github.com/docker/docker v1.4.2-0.20180625184442-8e610b2b55bf


go: finding github.com/mattn/go-runewidth v0.0.4


go: finding github.com/julienschmidt/httprouter v1.1.1-0.20170430222011-975b5c4c7c21


go: finding github.com/tyler-smith/go-bip39 v1.0.1-0.20181017060643-dbb3b84ba2ef


go: finding github.com/steakknife/hamming v0.0.0-20180906055917-c99c65617cd3


go: finding gopkg.in/sourcemap.v1 v1.0.5


go: finding github.com/influxdata/influxdb v1.2.3-0.20180221223340-01288bdb0883


go: finding github.com/graph-gophers/graphql-go v0.0.0-20191115155744-f33e81362277


go: finding github.com/naoina/toml v0.1.2-0.20170918210437-9fafd6967416


go: finding golang.org/x/sync v0.0.0-20181108010431-42b317875d0f


go: finding gopkg.in/olebedev/go-duktape.v3 v3.0.0-20190213234257-ec84240a7772


go: finding github.com/naoina/go-stringutil v0.1.0


go: finding github.com/opentracing/opentracing-go v1.1.0


golang.org/x/crypto/curve25519


github.com/allegro/bigcache/queue


github.com/aristanetworks/goarista/monotime


github.com/allegro/bigcache


github.com/ethereum/go-ethereum/common/mclock


github.com/ethereum/go-ethereum/common/prque


github.com/ethereum/go-ethereum/ethdb


github.com/go-stack/stack


github.com/ethereum/go-ethereum/log


golang.org/x/sys/unix


github.com/steakknife/hamming


github.com/steakknife/bloomfilter


github.com/ethereum/go-ethereum/event


github.com/ethereum/go-ethereum/accounts/abi


github.com/elastic/gosigar


github.com/davecgh/go-spew/spew


github.com/deckarep/golang-set


github.com/pborman/uuid


github.com/rjeczalik/notify


github.com/ethereum/go-ethereum/metrics


github.com/ethereum/go-ethereum/trie


github.com/ethereum/go-ethereum/core/types


github.com/ethereum/go-ethereum


github.com/ethereum/go-ethereum/accounts


golang.org/x/crypto/pbkdf2


golang.org/x/crypto/scrypt


github.com/gballet/go-libpcsclite


github.com/status-im/keycard-go/derivationpath


github.com/wsddn/go-ecdh


golang.org/x/text/transform


golang.org/x/text/unicode/norm


github.com/ethereum/go-ethereum/accounts/scwallet


github.com/hashicorp/golang-lru/simplelru


github.com/hashicorp/golang-lru


github.com/ethereum/go-ethereum/core/state


github.com/ethereum/go-ethereum/p2p/netutil


github.com/gorilla/websocket


golang.org/x/net/context


github.com/rs/xhandler


github.com/rs/cors


github.com/ethereum/go-ethereum/rpc


github.com/ethereum/go-ethereum/consensus


github.com/ethereum/go-ethereum/consensus/misc


github.com/ethereum/go-ethereum/consensus/clique


github.com/edsrzf/mmap-go


github.com/ethereum/go-ethereum/common/bitutil


github.com/ethereum/go-ethereum/accounts/keystore


github.com/ethereum/go-ethereum/consensus/ethash


github.com/syndtr/goleveldb/leveldb/util


github.com/syndtr/goleveldb/leveldb/comparer


github.com/syndtr/goleveldb/leveldb/storage


github.com/syndtr/goleveldb/leveldb/cache


github.com/syndtr/goleveldb/leveldb/filter


github.com/syndtr/goleveldb/leveldb/opt


github.com/golang/snappy


github.com/ethereum/go-ethereum/ethdb/memorydb


github.com/syndtr/goleveldb/leveldb/errors


github.com/mattn/go-runewidth


github.com/syndtr/goleveldb/leveldb/iterator


github.com/syndtr/goleveldb/leveldb/journal


github.com/olekukonko/tablewriter


github.com/syndtr/goleveldb/leveldb/memdb


github.com/syndtr/goleveldb/leveldb/table


github.com/pkg/errors


github.com/prometheus/tsdb/fileutil


golang.org/x/sys/cpu


github.com/ethereum/go-ethereum/crypto/blake2b


github.com/syndtr/goleveldb/leveldb


github.com/ethereum/go-ethereum/crypto/bn256/cloudflare


github.com/ethereum/go-ethereum/crypto/bn256


golang.org/x/crypto/ripemd160


github.com/ethereum/go-ethereum/core/vm


github.com/ethereum/go-ethereum/core/bloombits


github.com/ethereum/go-ethereum/ethdb/leveldb


github.com/ethereum/go-ethereum/crypto/ecies


github.com/ethereum/go-ethereum/core/rawdb


github.com/ethereum/go-ethereum/p2p/enr


github.com/ethereum/go-ethereum/p2p/enode


github.com/ethereum/go-ethereum/p2p/discover


github.com/ethereum/go-ethereum/core


github.com/ethereum/go-ethereum/p2p/discv5


github.com/huin/goupnp/httpu


github.com/huin/goupnp/scpd


github.com/huin/goupnp/soap


github.com/huin/goupnp/ssdp


golang.org/x/net/html/atom


golang.org/x/net/html


golang.org/x/text/encoding/internal/identifier


github.com/ethereum/go-ethereum/eth/downloader


golang.org/x/text/encoding


golang.org/x/text/encoding/internal


golang.org/x/text/encoding/charmap


golang.org/x/text/encoding/japanese


golang.org/x/text/encoding/korean


golang.org/x/text/encoding/simplifiedchinese


golang.org/x/text/encoding/traditionalchinese


golang.org/x/text/internal/utf8internal


golang.org/x/text/runes


golang.org/x/text/internal/tag


golang.org/x/text/internal/language


golang.org/x/text/encoding/unicode


github.com/jackpal/go-nat-pmp


github.com/tyler-smith/go-bip39/wordlists


github.com/tyler-smith/go-bip39


github.com/golang/protobuf/proto


golang.org/x/text/internal/language/compact


golang.org/x/text/language


golang.org/x/text/encoding/htmlindex


golang.org/x/net/html/charset


github.com/huin/goupnp


github.com/huin/goupnp/dcps/internetgateway1


github.com/huin/goupnp/dcps/internetgateway2


github.com/ethereum/go-ethereum/p2p/nat


github.com/ethereum/go-ethereum/p2p


github.com/golang/protobuf/protoc-gen-go/descriptor


github.com/ethereum/go-ethereum/accounts/usbwallet/trezor


github.com/ethereum/go-ethereum/internal/ethapi


github.com/[secure]/usb


github.com/ethereum/go-ethereum/signer/storage


golang.org/x/crypto/ssh/terminal


github.com/ethereum/go-ethereum/eth/filters


github.com/ethereum/go-ethereum/common/fdlimit


github.com/ethereum/go-ethereum/core/forkid


github.com/ethereum/go-ethereum/eth/fetcher


github.com/ethereum/go-ethereum/eth/gasprice


github.com/ethereum/go-ethereum/eth/tracers/internal/tracers


gopkg.in/olebedev/go-duktape.v3


github.com/ethereum/go-ethereum/accounts/usbwallet


github.com/ethereum/go-ethereum/signer/core


github.com/ethereum/go-ethereum/accounts/external


github.com/ethereum/go-ethereum/accounts/abi/bind


github.com/ethereum/go-ethereum/accounts/abi/bind/backends


github.com/ethereum/go-ethereum/miner


github.com/ethereum/go-ethereum/metrics/prometheus


github.com/ethereum/go-ethereum/metrics/exp


github.com/fjl/memsize


github.com/fjl/memsize/memsizeui


github.com/mattn/go-isatty


github.com/mattn/go-colorable


gopkg.in/urfave/cli.v1


github.com/ethereum/go-ethereum/internal/debug


github.com/ethereum/go-ethereum/node


github.com/ethereum/go-ethereum/contracts/checkpointoracle/contract


github.com/ethereum/go-ethereum/contracts/checkpointoracle


github.com/ethereum/go-ethereum/les/flowcontrol


github.com/ethereum/go-ethereum/light


github.com/graph-gophers/graphql-go/errors


github.com/graph-gophers/graphql-go/internal/common


github.com/graph-gophers/graphql-go/internal/schema


github.com/graph-gophers/graphql-go/internal/exec/packer


github.com/graph-gophers/graphql-go/introspection


github.com/graph-gophers/graphql-go/internal/exec/resolvable


github.com/graph-gophers/graphql-go/internal/query


github.com/graph-gophers/graphql-go/internal/exec/selected


github.com/graph-gophers/graphql-go/log


github.com/opentracing/opentracing-go/log


github.com/opentracing/opentracing-go


github.com/opentracing/opentracing-go/ext


github.com/graph-gophers/graphql-go/trace


github.com/graph-gophers/graphql-go/internal/exec


github.com/graph-gophers/graphql-go/internal/validation


github.com/graph-gophers/graphql-go


github.com/graph-gophers/graphql-go/relay


github.com/ethereum/go-ethereum/graphql


github.com/influxdata/influxdb/pkg/escape


github.com/influxdata/influxdb/models


github.com/influxdata/influxdb/client


github.com/ethereum/go-ethereum/metrics/influxdb


golang.org/x/sync/syncmap


github.com/ethereum/go-ethereum/whisper/whisperv6


github.com/ethereum/go-ethereum/common/compiler


github.com/ethereum/go-ethereum/ethclient


github.com/ethereum/go-ethereum/internal/jsre/deps


github.com/fatih/color


gopkg.in/sourcemap.v1/base64vlq


gopkg.in/sourcemap.v1


github.com/robertkrimen/otto/file


github.com/robertkrimen/otto/token


github.com/robertkrimen/otto/ast


github.com/robertkrimen/otto/dbg


github.com/robertkrimen/otto/parser


github.com/robertkrimen/otto/registry


github.com/robertkrimen/otto


github.com/ethereum/go-ethereum/internal/jsre


github.com/ethereum/go-ethereum/internal/web3ext


github.com/peterh/liner


github.com/ethereum/go-ethereum/console


github.com/ethereum/go-ethereum/signer/fourbyte


github.com/ethereum/go-ethereum/signer/rules/deps


github.com/ethereum/go-ethereum/signer/rules


golang.org/x/time/rate


github.com/cloudflare/cloudflare-go


github.com/ethereum/go-ethereum/p2p/dnsdisc


github.com/ethereum/go-ethereum/cmd/devp2p


github.com/ethereum/go-ethereum/core/asm


github.com/ethereum/go-ethereum/cmd/evm/internal/compiler


github.com/ethereum/go-ethereum/core/vm/runtime


github.com/ethereum/go-ethereum/tests


github.com/naoina/go-stringutil


github.com/naoina/toml/ast


github.com/naoina/toml


github.com/docker/docker/pkg/reexec


github.com/ethereum/go-ethereum/p2p/simulations/pipes


github.com/ethereum/go-ethereum/p2p/simulations/adapters


github.com/julienschmidt/httprouter


github.com/ethereum/go-ethereum/p2p/simulations


github.com/ethereum/go-ethereum/cmd/p2psim


golang.org/x/crypto/ed25519/internal/edwards25519


golang.org/x/crypto/ed25519


golang.org/x/crypto/internal/subtle


golang.org/x/crypto/internal/chacha20


golang.org/x/crypto/poly1305


golang.org/x/crypto/ssh


github.com/ethereum/go-ethereum/cmd/puppeth


github.com/ethereum/go-ethereum/cmd/rlpdump


github.com/ethereum/go-ethereum/whisper/mailserver


github.com/ethereum/go-ethereum/crypto/bn256/google


github.com/ethereum/go-ethereum/ethdb/dbtest


github.com/ethereum/go-ethereum/internal/cmdtest


github.com/ethereum/go-ethereum/internal/guide


github.com/ethereum/go-ethereum/internal/testlog


github.com/ethereum/go-ethereum/metrics/librato


github.com/ethereum/go-ethereum/whisper/shhclient


github.com/ethereum/go-ethereum/p2p/simulations/examples


github.com/ethereum/go-ethereum/p2p/testing


github.com/ethereum/go-ethereum/eth/tracers


github.com/ethereum/go-ethereum/eth


github.com/ethereum/go-ethereum/les


github.com/ethereum/go-ethereum/ethstats


github.com/ethereum/go-ethereum/cmd/utils


github.com/ethereum/go-ethereum/cmd/faucet


github.com/ethereum/go-ethereum/cmd/abigen


github.com/ethereum/go-ethereum/cmd/bootnode


github.com/ethereum/go-ethereum/cmd/checkpoint-admin


github.com/ethereum/go-ethereum/cmd/clef


github.com/ethereum/go-ethereum/cmd/ethkey


github.com/ethereum/go-ethereum/cmd/evm


github.com/ethereum/go-ethereum/cmd/geth


github.com/ethereum/go-ethereum/cmd/wnode


github.com/ethereum/go-ethereum/mobile


travis_time:end:05ccf21a:start=1574625079640328000,finish=1574625185642923000,duration=106002595000,event=script
[0K[32;1mThe command "go run build/ci.go install" exited with 0.[0m


travis_time:start:01e67c1a
[0K$ go run build/ci.go archive -type tar -signer OSX_SIGNING_KEY -upload gethstore/builds


geth-darwin-amd64-1.9.8-unstable-f06ae5ca.tar.gz


   + COPYING


   + geth


geth-alltools-darwin-amd64-1.9.8-unstable-f06ae5ca.tar.gz


   + COPYING


   + abigen


   + bootnode


   + evm


   + geth


   + puppeth


   + rlpdump


   + wnode


   + clef


travis_time:end:01e67c1a:start=1574625185653633000,finish=1574625211571958000,duration=25918325000,event=script
[0K[32;1mThe command "go run build/ci.go archive -type tar -signer OSX_SIGNING_KEY -upload gethstore/builds" exited with 0.[0m


travis_time:start:02604597
[0K$ gem uninstall cocoapods -a -x


Removing pod


Removing sandbox-pod


Successfully uninstalled cocoapods-1.5.3


travis_time:end:02604597:start=1574625211583284000,finish=1574625212188690000,duration=605406000,event=script
[0K[32;1mThe command "gem uninstall cocoapods -a -x" exited with 0.[0m


travis_time:start:07161a9c
[0K$ gem install cocoapods


Successfully installed concurrent-ruby-1.1.5


Successfully installed algoliasearch-1.27.1


Successfully installed cocoapods-core-1.8.4


Successfully installed cocoapods-deintegrate-1.0.4


Successfully installed cocoapods-downloader-1.3.0


Successfully installed cocoapods-trunk-1.4.1


Successfully installed molinillo-0.6.6


Successfully installed atomos-0.1.3


Successfully installed nanaimo-0.2.6


Successfully installed xcodeproj-1.13.0


Successfully installed fourflusher-2.3.1


Successfully installed ruby-macho-1.4.0


Successfully installed cocoapods-1.8.4


13 gems installed


travis_time:end:07161a9c:start=1574625212199801000,finish=1574625215681801000,duration=3482000000,event=script
[0K[32;1mThe command "gem install cocoapods" exited with 0.[0m


travis_time:start:10430d18
[0K$ mv ~/.cocoapods/repos/master ~/.cocoapods/repos/master.bak


travis_time:end:10430d18:start=1574625215693727000,finish=1574625215707220000,duration=13493000,event=script
[0K[32;1mThe command "mv ~/.cocoapods/repos/master ~/.cocoapods/repos/master.bak" exited with 0.[0m


travis_time:start:17854001
[0K$ sed -i '.bak' 's/repo.join/!repo.join/g' $(dirname `gem which cocoapods`)/cocoapods/sources_manager.rb


travis_time:end:17854001:start=1574625215719883000,finish=1574625216072459000,duration=352576000,event=script
[0K[32;1mThe command "sed -i '.bak' 's/repo.join/!repo.join/g' $(dirname `gem which cocoapods`)/cocoapods/sources_manager.rb" exited with 0.[0m


travis_time:start:29fbf06e
[0K$ if [ "$TRAVIS_PULL_REQUEST" = "false" ]; then git clone --depth=1 https://github.com/CocoaPods/Specs.git ~/.cocoapods/repos/master && pod setup --verbose; fi


Cloning into '/Users/travis/.cocoapods/repos/master'...


Checking out files:   0% (2738/376300)   
Checking out files:   1% (3763/376300)   
Checking out files:   1% (5292/376300)   
Checking out files:   1% (7016/376300)   
Checking out files:   2% (7526/376300)   
Checking out files:   2% (9176/376300)   
Checking out files:   3% (11289/376300)   
Checking out files:   3% (12101/376300)   
Checking out files:   4% (15052/376300)   
Checking out files:   4% (15192/376300)   
Checking out files:   4% (18218/376300)   
Checking out files:   5% (18815/376300)   
Checking out files:   5% (21332/376300)   
Checking out files:   6% (22578/376300)   
Checking out files:   6% (24175/376300)   
Checking out files:   7% (26341/376300)   
Checking out files:   7% (26674/376300)   
Checking out files:   7% (29677/376300)   
Checking out files:   8% (30104/376300)   
Checking out files:   8% (32779/376300)   
Checking out files:   9% (33867/376300)   
Checking out files:   9% (35930/376300)   
Checking out files:  10% (37630/376300)   
Checking out files:  10% (39071/376300)   
Checking out files:  11% (41393/376300)   
Checking out files:  11% (42232/376300)   
Checking out files:  12% (45156/376300)   
Checking out files:  12% (45427/376300)   
Checking out files:  12% (48655/376300)   
Checking out files:  13% (48919/376300)   
Checking out files:  13% (51888/376300)   
Checking out files:  14% (52682/376300)   
Checking out files:  14% (55124/376300)   
Checking out files:  15% (56445/376300)   
Checking out files:  15% (58236/376300)   
Checking out files:  16% (60208/376300)   
Checking out files:  16% (61376/376300)   
Checking out files:  17% (63971/376300)   
Checking out files:  17% (64523/376300)   
Checking out files:  17% (67728/376300)   
Checking out files:  18% (67734/376300)   
Checking out files:  18% (70917/376300)   
Checking out files:  19% (71497/376300)   
Checking out files:  19% (74037/376300)   
Checking out files:  20% (75260/376300)   
Checking out files:  20% (77086/376300)   
Checking out files:  21% (79023/376300)   
Checking out files:  21% (80125/376300)   
Checking out files:  22% (82786/376300)   
Checking out files:  22% (83182/376300)   
Checking out files:  22% (86261/376300)   
Checking out files:  23% (86549/376300)   
Checking out files:  23% (89271/376300)   
Checking out files:  24% (90312/376300)   
Checking out files:  24% (92307/376300)   
Checking out files:  25% (94075/376300)   
Checking out files:  25% (95356/376300)   
Checking out files:  26% (97838/376300)   
Checking out files:  26% (98380/376300)   
Checking out files:  26% (101542/376300)   
Checking out files:  27% (101601/376300)   
Checking out files:  27% (104697/376300)   
Checking out files:  28% (105364/376300)   
Checking out files:  28% (107920/376300)   
Checking out files:  29% (109127/376300)   
Checking out files:  29% (111143/376300)   
Checking out files:  30% (112890/376300)   
Checking out files:  30% (114323/376300)   
Checking out files:  31% (116653/376300)   
Checking out files:  31% (117518/376300)   
Checking out files:  32% (120416/376300)   
Checking out files:  32% (120725/376300)   
Checking out files:  32% (123984/376300)   
Checking out files:  33% (124179/376300)   
Checking out files:  33% (127262/376300)   
Checking out files:  34% (127942/376300)   
Checking out files:  34% (130522/376300)   
Checking out files:  35% (131705/376300)   
Checking out files:  35% (133721/376300)   
Checking out files:  36% (135468/376300)   
Checking out files:  36% (136886/376300)   
Checking out files:  37% (139231/376300)   
Checking out files:  37% (139950/376300)   
Checking out files:  38% (142994/376300)   
Checking out files:  38% (143021/376300)   
Checking out files:  38% (146115/376300)   
Checking out files:  39% (146757/376300)   
Checking out files:  39% (149225/376300)   
Checking out files:  40% (150520/376300)   
Checking out files:  40% (152212/376300)   
Checking out files:  41% (154283/376300)   
Checking out files:  41% (155258/376300)   
Checking out files:  42% (158046/376300)   
Checking out files:  42% (158379/376300)   
Checking out files:  42% (161500/376300)   
Checking out files:  43% (161809/376300)   
Checking out files:  43% (164748/376300)   
Checking out files:  44% (165572/376300)   
Checking out files:  44% (167925/376300)   
Checking out files:  45% (169335/376300)   
Checking out files:  45% (171105/376300)   
Checking out files:  45% (172262/376300)   
Checking out files:  46% (173098/376300)   
Checking out files:  46% (173468/376300)   
Checking out files:  46% (176463/376300)   
Checking out files:  47% (176861/376300)   
Checking out files:  47% (179404/376300)   
Checking out files:  48% (180624/376300)   
Checking out files:  48% (182479/376300)   
Checking out files:  49% (184387/376300)   
Checking out files:  49% (185539/376300)   
Checking out files:  50% (188150/376300)   
Checking out files:  50% (188602/376300)   
Checking out files:  50% (191655/376300)   
Checking out files:  51% (191913/376300)   
Checking out files:  51% (194758/376300)   
Checking out files:  52% (195676/376300)   
Checking out files:  52% (197804/376300)   
Checking out files:  53% (199439/376300)   
Checking out files:  53% (200816/376300)   
Checking out files:  54% (203202/376300)   
Checking out files:  54% (203819/376300)   
Checking out files:  54% (206735/376300)   
Checking out files:  55% (206965/376300)   
Checking out files:  55% (209768/376300)   
Checking out files:  56% (210728/376300)   
Checking out files:  56% (212842/376300)   
Checking out files:  57% (214491/376300)   
Checking out files:  57% (216002/376300)   
Checking out files:  58% (218254/376300)   
Checking out files:  58% (219118/376300)   
Checking out files:  59% (222017/376300)   
Checking out files:  59% (222238/376300)   
Checking out files:  59% (225330/376300)   
Checking out files:  60% (225780/376300)   
Checking out files:  60% (228353/376300)   
Checking out files:  61% (229543/376300)   
Checking out files:  61% (231562/376300)   
Checking out files:  62% (233306/376300)   
Checking out files:  62% (234594/376300)   
Checking out files:  63% (237069/376300)   
Checking out files:  63% (237656/376300)   
Checking out files:  63% (240564/376300)   
Checking out files:  64% (240832/376300)   
Checking out files:  64% (243748/376300)   
Checking out files:  65% (244595/376300)   
Checking out files:  65% (246734/376300)   
Checking out files:  66% (248358/376300)   
Checking out files:  66% (249679/376300)   
Checking out files:  67% (252121/376300)   
Checking out files:  67% (252909/376300)   
Checking out files:  68% (255884/376300)   
Checking out files:  68% (256120/376300)   
Checking out files:  68% (258877/376300)   
Checking out files:  69% (259647/376300)   
Checking out files:  69% (261786/376300)   
Checking out files:  70% (263410/376300)   
Checking out files:  70% (264723/376300)   
Checking out files:  71% (267173/376300)   
Checking out files:  71% (267724/376300)   
Checking out files:  71% (270435/376300)   
Checking out files:  72% (270936/376300)   
Checking out files:  72% (273425/376300)   
Checking out files:  73% (274699/376300)   
Checking out files:  73% (276425/376300)   
Checking out files:  74% (278462/376300)   
Checking out files:  74% (279279/376300)   
Checking out files:  75% (282225/376300)   
Checking out files:  75% (282309/376300)   
Checking out files:  75% (285376/376300)   
Checking out files:  76% (285988/376300)   
Checking out files:  76% (288401/376300)   
Checking out files:  77% (289751/376300)   
Checking out files:  77% (291389/376300)   
Checking out files:  78% (293514/376300)   
Checking out files:  78% (294233/376300)   
Checking out files:  78% (297064/376300)   
Checking out files:  79% (297277/376300)   
Checking out files:  79% (299978/376300)   
Checking out files:  80% (301040/376300)   
Checking out files:  80% (302998/376300)   
Checking out files:  81% (304803/376300)   
Checking out files:  81% (305975/376300)   
Checking out files:  82% (308566/376300)   
Checking out files:  82% (308948/376300)   
Checking out files:  82% (311941/376300)   
Checking out files:  83% (312329/376300)   
Checking out files:  83% (314754/376300)   
Checking out files:  84% (316092/376300)   
Checking out files:  84% (317723/376300)   
Checking out files:  85% (319855/376300)   
Checking out files:  85% (320415/376300)   
Checking out files:  85% (323204/376300)   
Checking out files:  86% (323618/376300)   
Checking out files:  86% (325618/376300)   
Checking out files:  87% (327381/376300)   
Checking out files:  87% (328053/376300)   
Checking out files:  87% (330977/376300)   
Checking out files:  88% (331144/376300)   
Checking out files:  88% (333953/376300)   
Checking out files:  89% (334907/376300)   
Checking out files:  89% (336934/376300)   
Checking out files:  90% (338670/376300)   
Checking out files:  90% (339763/376300)   
Checking out files:  91% (342433/376300)   
Checking out files:  91% (342710/376300)   
Checking out files:  91% (345786/376300)   
Checking out files:  92% (346196/376300)   
Checking out files:  92% (348554/376300)   
Checking out files:  92% (348606/376300)   
Checking out files:  93% (349959/376300)   
Checking out files:  93% (351340/376300)   
Checking out files:  94% (353722/376300)   
Checking out files:  94% (354151/376300)   
Checking out files:  94% (357046/376300)   
Checking out files:  95% (357485/376300)   
Checking out files:  95% (359950/376300)   
Checking out files:  96% (361248/376300)   
Checking out files:  96% (362880/376300)   
Checking out files:  97% (365011/376300)   
Checking out files:  97% (365821/376300)   
Checking out files:  97% (368635/376300)   
Checking out files:  98% (368774/376300)   
Checking out files:  98% (371409/376300)   
Checking out files:  99% (372537/376300)   
Checking out files:  99% (374279/376300)   
Checking out files: 100% (376300/376300)   
Checking out files: 100% (376300/376300), done.


travis_time:end:29fbf06e:start=1574625216084166000,finish=1574625374906502000,duration=158822336000,event=script
[0K[32;1mThe command "if [ "$TRAVIS_PULL_REQUEST" = "false" ]; then git clone --depth=1 https://github.com/CocoaPods/Specs.git ~/.cocoapods/repos/master && pod setup --verbose; fi" exited with 0.[0m


travis_time:start:0a53fcc0
[0K$ xctool -version


0.3.4


travis_time:end:0a53fcc0:start=1574625374921252000,finish=1574625375452526000,duration=531274000,event=script
[0K[32;1mThe command "xctool -version" exited with 0.[0m


travis_time:start:12e4b8e8
[0K$ xcrun simctl list


== Device Types ==


iPhone 4s (com.apple.CoreSimulator.SimDeviceType.iPhone-4s)


iPhone 5 (com.apple.CoreSimulator.SimDeviceType.iPhone-5)


iPhone 5s (com.apple.CoreSimulator.SimDeviceType.iPhone-5s)


iPhone 6 (com.apple.CoreSimulator.SimDeviceType.iPhone-6)


iPhone 6 Plus (com.apple.CoreSimulator.SimDeviceType.iPhone-6-Plus)


iPhone 6s (com.apple.CoreSimulator.SimDeviceType.iPhone-6s)


iPhone 6s Plus (com.apple.CoreSimulator.SimDeviceType.iPhone-6s-Plus)


iPhone 7 (com.apple.CoreSimulator.SimDeviceType.iPhone-7)


iPhone 7 Plus (com.apple.CoreSimulator.SimDeviceType.iPhone-7-Plus)


iPhone 8 (com.apple.CoreSimulator.SimDeviceType.iPhone-8)


iPhone 8 Plus (com.apple.CoreSimulator.SimDeviceType.iPhone-8-Plus)


iPhone SE (com.apple.CoreSimulator.SimDeviceType.iPhone-SE)


iPhone X (com.apple.CoreSimulator.SimDeviceType.iPhone-X)


iPad 2 (com.apple.CoreSimulator.SimDeviceType.iPad-2)


iPad Retina (com.apple.CoreSimulator.SimDeviceType.iPad-Retina)


iPad Air (com.apple.CoreSimulator.SimDeviceType.iPad-Air)


iPad Air 2 (com.apple.CoreSimulator.SimDeviceType.iPad-Air-2)


iPad (5th generation) (com.apple.CoreSimulator.SimDeviceType.iPad--5th-generation-)


iPad Pro (9.7-inch) (com.apple.CoreSimulator.SimDeviceType.iPad-Pro--9-7-inch-)


iPad Pro (12.9-inch) (com.apple.CoreSimulator.SimDeviceType.iPad-Pro)


iPad Pro (12.9-inch) (2nd generation) (com.apple.CoreSimulator.SimDeviceType.iPad-Pro--12-9-inch---2nd-generation-)


iPad Pro (10.5-inch) (com.apple.CoreSimulator.SimDeviceType.iPad-Pro--10-5-inch-)


iPad (6th generation) (com.apple.CoreSimulator.SimDeviceType.iPad--6th-generation-)


Apple TV (com.apple.CoreSimulator.SimDeviceType.Apple-TV-1080p)


Apple TV 4K (com.apple.CoreSimulator.SimDeviceType.Apple-TV-4K-4K)


Apple TV 4K (at 1080p) (com.apple.CoreSimulator.SimDeviceType.Apple-TV-4K-1080p)


Apple Watch - 38mm (com.apple.CoreSimulator.SimDeviceType.Apple-Watch-38mm)


Apple Watch - 42mm (com.apple.CoreSimulator.SimDeviceType.Apple-Watch-42mm)


Apple Watch Series 2 - 38mm (com.apple.CoreSimulator.SimDeviceType.Apple-Watch-Series-2-38mm)


Apple Watch Series 2 - 42mm (com.apple.CoreSimulator.SimDeviceType.Apple-Watch-Series-2-42mm)


Apple Watch Series 3 - 38mm (com.apple.CoreSimulator.SimDeviceType.Apple-Watch-Series-3-38mm)


Apple Watch Series 3 - 42mm (com.apple.CoreSimulator.SimDeviceType.Apple-Watch-Series-3-42mm)


== Runtimes ==


iOS 8.1 (8.1 - 12B411) - com.apple.CoreSimulator.SimRuntime.iOS-8-1


iOS 8.2 (8.2 - 12D508) - com.apple.CoreSimulator.SimRuntime.iOS-8-2


iOS 8.3 (8.3 - 12F70) - com.apple.CoreSimulator.SimRuntime.iOS-8-3


iOS 8.4 (8.4 - 12H141) - com.apple.CoreSimulator.SimRuntime.iOS-8-4


iOS 9.0 (9.0 - 13A344) - com.apple.CoreSimulator.SimRuntime.iOS-9-0


iOS 9.1 (9.1 - 13B143) - com.apple.CoreSimulator.SimRuntime.iOS-9-1


iOS 9.2 (9.2 - 13C75) - com.apple.CoreSimulator.SimRuntime.iOS-9-2


iOS 9.3 (9.3 - 13E233) - com.apple.CoreSimulator.SimRuntime.iOS-9-3


iOS 10.0 (10.0 - 14A345) - com.apple.CoreSimulator.SimRuntime.iOS-10-0


iOS 10.1 (10.1 - 14B72) - com.apple.CoreSimulator.SimRuntime.iOS-10-1


iOS 10.2 (10.2 - 14C89) - com.apple.CoreSimulator.SimRuntime.iOS-10-2


iOS 10.3 (10.3.1 - 14E8301) - com.apple.CoreSimulator.SimRuntime.iOS-10-3


iOS 11.0 (11.0.1 - 15A8401) - com.apple.CoreSimulator.SimRuntime.iOS-11-0


iOS 11.1 (11.1 - 15B87) - com.apple.CoreSimulator.SimRuntime.iOS-11-1


iOS 11.2 (11.2 - 15C107) - com.apple.CoreSimulator.SimRuntime.iOS-11-2


iOS 11.3 (11.3 - 15E217) - com.apple.CoreSimulator.SimRuntime.iOS-11-3


iOS 11.4 (11.4 - 15F79) - com.apple.CoreSimulator.SimRuntime.iOS-11-4


tvOS 9.0 (9.0 - 13T395) - com.apple.CoreSimulator.SimRuntime.tvOS-9-0


tvOS 9.1 (9.1 - 13U85) - com.apple.CoreSimulator.SimRuntime.tvOS-9-1


tvOS 9.2 (9.2 - 13Y234) - com.apple.CoreSimulator.SimRuntime.tvOS-9-2


tvOS 10.0 (10.0 - 14T328) - com.apple.CoreSimulator.SimRuntime.tvOS-10-0


tvOS 10.1 (10.1 - 14U591) - com.apple.CoreSimulator.SimRuntime.tvOS-10-1


tvOS 10.2 (10.2 - 14W260) - com.apple.CoreSimulator.SimRuntime.tvOS-10-2


tvOS 11.0 (11.0 - 15J380) - com.apple.CoreSimulator.SimRuntime.tvOS-11-0


tvOS 11.1 (11.1 - 15J580) - com.apple.CoreSimulator.SimRuntime.tvOS-11-1


tvOS 11.2 (11.2 - 15K104) - com.apple.CoreSimulator.SimRuntime.tvOS-11-2


tvOS 11.3 (11.3 - 15L211) - com.apple.CoreSimulator.SimRuntime.tvOS-11-3


tvOS 11.4 (11.4 - 15L576) - com.apple.CoreSimulator.SimRuntime.tvOS-11-4


watchOS 2.0 (2.0 - 13S343) - com.apple.CoreSimulator.SimRuntime.watchOS-2-0


watchOS 2.1 (2.1 - 13S661) - com.apple.CoreSimulator.SimRuntime.watchOS-2-1


watchOS 2.2 (2.2 - 13V144) - com.apple.CoreSimulator.SimRuntime.watchOS-2-2


watchOS 3.1 (3.1 - 14S471a) - com.apple.CoreSimulator.SimRuntime.watchOS-3-1


watchOS 3.2 (3.2 - 14V243) - com.apple.CoreSimulator.SimRuntime.watchOS-3-2


watchOS 4.0 (4.0 - 15R372) - com.apple.CoreSimulator.SimRuntime.watchOS-4-0


watchOS 4.1 (4.1 - 15R844) - com.apple.CoreSimulator.SimRuntime.watchOS-4-1


watchOS 4.2 (4.2 - 15S100) - com.apple.CoreSimulator.SimRuntime.watchOS-4-2


watchOS 4.3 (4.3 - 15T212) - com.apple.CoreSimulator.SimRuntime.watchOS-4-3


== Devices ==


-- iOS 8.1 --


    iPhone 4s (2B0671BD-7CAD-47F8-9160-F14DB20F1262) (Shutdown)


    iPhone 5 (86EDFC00-BAEB-4EFC-8F12-5AFBC0473770) (Shutdown)


    iPhone 5s (457B6F86-26C1-4375-930F-9E04FE4AA9A4) (Shutdown)


    iPhone 6 (EDAA4F34-F795-44A5-9504-F90B28390E24) (Shutdown)


    iPhone 6 Plus (C3E159D1-92EA-4D65-9A6C-CA93EDCCAE3B) (Shutdown)


    iPad 2 (2CD5957A-6D0C-45E1-8AA3-CD4F9AB8C10B) (Shutdown)


    iPad Retina (5450E3F8-4996-4782-9775-FD9CB371A062) (Shutdown)


    iPad Air (4150FFDE-4344-4809-BEEE-78D237BA7353) (Shutdown)


-- iOS 8.2 --


    iPhone 4s (4DADE89C-EB1D-4D52-A250-D03B115C22B1) (Shutdown)


    iPhone 5 (09E059C6-DC11-4CCA-9C54-F7E791BF49BC) (Shutdown)


    iPhone 5s (75F48A28-BA25-4582-B21B-7B4F4A718F48) (Shutdown)


    iPhone 6 (62703339-2564-480A-9000-3D3B4D9D4F35) (Shutdown)


    iPhone 6 Plus (D1722CA4-7AD9-48CD-8FC5-0CB143ED644B) (Shutdown)


    iPad 2 (51E966A7-98BB-4AB9-B5C4-B40E5FC7FFED) (Shutdown)


    iPad Retina (BEBED407-8863-44EA-8000-EB39B51BBCD1) (Shutdown)


    iPad Air (686D0A3F-BD2D-4630-8DB6-C6B9ACECE5D2) (Shutdown)


-- iOS 8.3 --


    iPhone 4s (3CDF0605-D4AF-4242-AFA1-FF2C157A9C70) (Shutdown)


    iPhone 5 (19AF02F6-DB79-49B3-A8C6-A1C336BCE3F1) (Shutdown)


    iPhone 5s (86EA2F80-F818-4C19-A468-21DB5C0C8E66) (Shutdown)


    iPhone 6 (991AE0D6-B245-429C-B99E-8293C552515C) (Shutdown)


    iPhone 6 Plus (64AFC437-4EEC-48F8-9D57-28D81ED68408) (Shutdown)


    iPad 2 (2AA4BDFD-F5C2-46DF-9F5F-DB514B6ED56F) (Shutdown)


    iPad Retina (09A49FD7-7BF3-47D8-AFF2-54B3AA232BA2) (Shutdown)


    iPad Air (C7CC9A95-F717-43BE-BC49-E96480CCB8FD) (Shutdown)


-- iOS 8.4 --


    iPhone 4s (6BCD79BC-D0CB-43AF-9870-F0B68A8556E7) (Shutdown)


    iPhone 5 (E6A3B0AF-AB73-40F8-9BC8-0B40790DEE39) (Shutdown)


    iPhone 5s (B43FBA4E-1FD2-44B1-AA63-E3A7278F7105) (Shutdown)


    iPhone 6 (3FF68940-AAB8-43BA-97EF-9CF1E73E38B0) (Shutdown)


    iPhone 6 Plus (51CE983B-4088-4476-A55D-EC102C4EC518) (Shutdown)


    iPad 2 (608382E4-F0D6-4320-BFEA-B8C40744AD0A) (Shutdown)


    iPad Retina (656BEC2A-1437-491A-B76A-B815B11AA3F6) (Shutdown)


    iPad Air (56F1E42E-634C-4271-B1F8-929C5FA09F17) (Shutdown)


-- iOS 9.0 --


    iPhone 4s (14C73E2C-9E93-4D65-B014-C4BED07043C9) (Shutdown)


    iPhone 5 (779B1757-2F85-49DB-8692-1CB7F525A0A8) (Shutdown)


    iPhone 5s (D73669A5-7AA1-40C6-B97F-7AFAC3032A02) (Shutdown)


    iPhone 6 (D2F6C51F-A7E5-4D35-AB11-7E39524C6AC1) (Shutdown)


    iPhone 6 Plus (E52E4E23-652B-42AE-8B0E-8FDCF383E27B) (Shutdown)


    iPhone 6s (B6C52922-3BDD-409C-AA41-7B561D7E69A4) (Shutdown)


    iPhone 6s Plus (BA1AC073-887F-46DF-A508-6D988AB6BD4F) (Shutdown)


    iPad 2 (E27A635C-52D2-4603-8B58-9859FBB02C94) (Shutdown)


    iPad Retina (53D1C769-9C51-41D1-9C96-E797921860F7) (Shutdown)


    iPad Air (A3F3D781-ACC6-478C-9B2D-7FF7E46BC386) (Shutdown)


    iPad Air 2 (23091268-7391-496F-B159-E3270DB4DCC2) (Shutdown)


-- iOS 9.1 --


    iPhone 4s (A89FE6CE-C5EA-49C6-A138-B926DF6A9C25) (Shutdown)


    iPhone 5 (010AFBC3-5339-4257-824C-83AA3863405C) (Shutdown)


    iPhone 5s (6034A261-6971-4C54-A0E9-FDE1B3C08487) (Shutdown)


    iPhone 6 (B1458D77-7232-44DA-BBEF-CEFA40647FDA) (Shutdown)


    iPhone 6 Plus (995B7565-9DE5-431E-AE20-279888580BD6) (Shutdown)


    iPhone 6s (7671DCA7-2C17-4F70-931D-6F0E03B21F3F) (Shutdown)


    iPhone 6s Plus (FB3B06E0-8DFA-4E9D-A149-88A42EFBCE3A) (Shutdown)


    iPad 2 (8EA602F3-BFE7-41D1-856C-080F634794EE) (Shutdown)


    iPad Retina (7FBEF989-EAF1-4760-8F3F-3F8F516121CC) (Shutdown)


    iPad Air (BA89853E-45CC-464B-A12E-1C16656D4ADF) (Shutdown)


    iPad Air 2 (6194B82C-EEF3-4376-A87A-7E06C95AC506) (Shutdown)


    iPad Pro (86F4D8B9-0F17-437B-A9AA-FFD0AB7688A2) (Shutdown)


-- iOS 9.2 --


    iPhone 4s (91EC8B43-47E2-4B42-AE82-F4AD5D28CB5A) (Shutdown)


    iPhone 5 (8E0692AE-4F39-4167-A822-792ED58A63F2) (Shutdown)


    iPhone 5s (FAE64C7A-EAAE-46E8-9574-D60E0664972B) (Shutdown)


    iPhone 6 (5221D898-F188-4F84-9F38-75619511579A) (Shutdown)


    iPhone 6 Plus (00893EF6-97F2-4E05-A755-05674C0CC026) (Shutdown)


    iPhone 6s (1B93209F-4908-4D22-AD55-060F40A49521) (Shutdown)


    iPhone 6s Plus (B3A312F1-332D-4C65-A29F-C1ED9ED9BF8D) (Shutdown)


    iPad 2 (3A2B73DD-D059-4A60-9968-33F6FFC5029B) (Shutdown)


    iPad Retina (639A30CD-F361-463E-A171-DFBA8E7298EC) (Shutdown)


    iPad Air (ACEC701E-9AAF-448F-9B03-0011014446FF) (Shutdown)


    iPad Air 2 (71673F89-CF2E-4B6E-A505-ABAC18B3F69D) (Shutdown)


    iPad Pro (248EFA4E-4723-4C2D-98B1-527E7585437C) (Shutdown)


-- iOS 9.3 --


    iPhone 4s (D22DA37A-5F16-4193-AB57-4DF2E9372378) (Shutdown)


    iPhone 5 (45787325-D869-4769-ACB9-C6309BCF883B) (Shutdown)


    iPhone 5s (58FC13DC-26A0-4A50-BDE0-E5F1558DB73C) (Shutdown)


    iPhone 6 (8A462E89-DC29-4C3E-9E67-65D5589D409E) (Shutdown)


    iPhone 6 Plus (0A702B8B-B2A1-4A9D-BA55-A5822DA972B8) (Shutdown)


    iPhone 6s (866BCD97-88C4-49D9-BB38-E50197D7EC01) (Shutdown)


    iPhone 6s Plus (3FB5F0BB-7C22-44EB-BF47-95A298256F6E) (Shutdown)


    iPad 2 (1E85B325-92C1-4E0E-82E5-F6D4C08BB6EB) (Shutdown)


    iPad Retina (2AF8A63E-D272-4F9B-ABC9-0775BE6045D6) (Shutdown)


    iPad Air (10656696-3ACC-4418-9928-B49D1DABB801) (Shutdown)


    iPad Air 2 (E319AB99-F82E-4F5F-9EE8-14CF4D2ED9E5) (Shutdown)


    iPad Pro (F05DB4F0-30C0-4BBB-B90C-7E9C7DB632B2) (Shutdown)


-- iOS 10.0 --


    iPhone 5 (BF94643A-4024-4FE2-B71F-3869071B6166) (Shutdown)


    iPhone 5s (CCCEB864-D49E-427D-ABCC-4C7E01DD4D85) (Shutdown)


    iPhone 6 (872D1DAE-7744-4912-8FF4-818FAF514FA8) (Shutdown)


    iPhone 6 Plus (73F619BF-3F23-4F70-BC2B-BE6F2767DE69) (Shutdown)


    iPhone 6s (6E4A14AA-F6D0-4DA9-BBA1-C354DBEB4DE7) (Shutdown)


    iPhone 6s Plus (6B8A2096-C5A7-447A-B0D4-BAB352DD922E) (Shutdown)


    iPhone SE (D7BCCF4C-F0DA-45C8-AE67-06497B10D1CF) (Shutdown)


    iPad Air (9C74559B-3B60-4BE2-B1E1-97925D455961) (Shutdown)


    iPad Air 2 (D88F9898-D11E-417B-9802-D89CCEAF3C2F) (Shutdown)


    iPad Pro (9.7 inch) (7D34DFC4-124A-4D0F-A057-669581B756B7) (Shutdown)


    iPad Pro (12.9 inch) (150C9556-CA98-47F6-88C0-5CCF8EA67A2D) (Shutdown)


-- iOS 10.1 --


    iPhone 5 (AF7167AF-7465-435B-B5D3-E411E1C3CFD0) (Shutdown)


    iPhone 5s (E62C5DCF-8B23-406E-86F0-BDAE65734FF2) (Shutdown)


    iPhone 6 (9FF0EC38-320A-4EAC-BAA1-789C3FF26067) (Shutdown)


    iPhone 6 Plus (2573CAC3-0BA6-475C-BA22-70EC7ACA77E9) (Shutdown)


    iPhone 6s (78117574-E9E9-4166-BC22-01F2934522E2) (Shutdown)


    iPhone 6s Plus (25FB316B-392B-4E24-A008-895B8679B516) (Shutdown)


    iPhone 7 (C2296C10-3B11-4A23-9DC8-F232AA402A9B) (Shutdown)


    iPhone 7 Plus (DB93129F-18C4-48E6-A5D0-32031391835C) (Shutdown)


    iPhone SE (0DDA4427-0558-4A13-A860-0A9CA9D10994) (Shutdown)


    iPad Air (A94A9CA0-B9CC-421E-AA4F-FA6C3D02E2EB) (Shutdown)


    iPad Air 2 (A37BDB3E-1072-4F4D-AD24-B9D0FE6CBC42) (Shutdown)


    iPad Pro (9.7 inch) (B99D7005-CA3C-4A18-B6CE-59526EBC6445) (Shutdown)


    iPad Pro (12.9 inch) (B53A29DC-4861-465F-80D2-F95B18B68E28) (Shutdown)


-- iOS 10.2 --


    iPhone 5 (E7CA5C45-64CD-4901-BFD8-D5A83207410A) (Shutdown)


    iPhone 5s (CF936ABC-A791-4C3B-A42D-1162B35C0A11) (Shutdown)


    iPhone 6 (967D56E6-2A3E-47A2-BFAD-F016530DA3F5) (Shutdown)


    iPhone 6 Plus (84DD62A4-9D62-47E8-89F4-274890231838) (Shutdown)


    iPhone 6s (BFF57F62-8EC9-4151-8C16-CAE7D58718C3) (Shutdown)


    iPhone 6s Plus (791D6919-053B-47B3-B376-F89D9FD33D44) (Shutdown)


    iPhone 7 (F23BF19F-9C35-48C9-A2AF-D120B72E8CAA) (Shutdown)


    iPhone 7 Plus (14DFD8E2-A7F0-4162-B916-4B2F05E3BCE1) (Shutdown)


    iPhone SE (9A4D2707-090A-462E-AF38-916D4D9C2CE5) (Shutdown)


    iPad Air (87C9678D-89F5-4F84-A736-5D21DA43A1F1) (Shutdown)


    iPad Air 2 (25BC5E05-BAEF-4971-8416-85ADDAEB0BEC) (Shutdown)


    iPad Pro (9.7 inch) (2FC5189A-52CB-4C1D-AB60-B64115D09EF6) (Shutdown)


    iPad Pro (12.9 inch) (FAA75C47-D16B-44A3-A810-4ACE2C0751C6) (Shutdown)


-- iOS 10.3 --


    iPhone 5 (835159AB-C5A9-40CE-8DDA-0C7BF85D1F92) (Shutdown)


    iPhone 5s (FB172944-43CD-4AC6-9514-CF694CD4A3E8) (Shutdown)


    iPhone 6 (7979A6FF-BEC9-4620-A620-A42026875B34) (Shutdown)


    iPhone 6 Plus (D3F65B95-5818-434C-878B-0BB6BFA5790E) (Shutdown)


    iPhone 6s (716D2E9F-936A-49D7-AAB8-F75C85B963B2) (Shutdown)


    iPhone 6s Plus (D93B3184-C9CA-4FC5-B557-EC0D7A879B17) (Shutdown)


    iPhone 7 (4613405A-5789-40C7-BAFD-1F75276DF01B) (Shutdown)


    iPhone 7 Plus (96A7AA09-E958-432D-BF8C-CFDD974D925E) (Shutdown)


    iPhone SE (4BE5E4FF-A2D5-4899-B2E0-8BB3A2CD0B8B) (Shutdown)


    iPad Air (12F0E506-A78B-4D94-9821-74370A9DCE11) (Shutdown)


    iPad Air 2 (17419E8A-4CBF-4396-8543-5B630761CFC8) (Shutdown)


    iPad (5th generation) (6839934C-005F-4EF5-B6A8-245B69DE3867) (Shutdown)


    iPad Pro (9.7 inch) (3C64B4B9-74CD-42E0-86AD-A90686DCD5E8) (Shutdown)


    iPad Pro (12.9 inch) (B9E5C3B4-3566-436C-8D63-F383E2FBC03C) (Shutdown)


    iPad Pro (12.9-inch) (2nd generation) (BC8AD80A-D8B2-4267-8B77-6354FD8E8E4C) (Shutdown)


    iPad Pro (10.5-inch) (CA8D3A1C-01F3-42A6-B75F-150B834B1C8E) (Shutdown)


-- iOS 11.0 --


    iPhone 5s (CA37075E-1A35-4004-9BA1-1699014D5539) (Shutdown)


    iPhone 6 (A7E081FF-DF01-4B38-AF33-238B78D60EB0) (Shutdown)


    iPhone 6 Plus (595F4914-8EBF-42E4-AB0A-646828186683) (Shutdown)


    iPhone 6s (755DFFC3-9C59-42F8-96E5-A06811E3AF34) (Shutdown)


    iPhone 6s Plus (89B103B2-8A1D-4346-AA7A-BA486199D9D8) (Shutdown)


    iPhone 7 (E30BFFDC-BF8D-452A-B84A-EFD47A24E666) (Shutdown)


    iPhone 7 Plus (DC4BFCF6-9A7A-4C3F-AD22-1D79D8187205) (Shutdown)


    iPhone 8 (6C280E8A-F201-4C8A-A9DD-FF6AAF1C3929) (Shutdown)


    iPhone 8 Plus (6F00BFFA-A910-41E8-AD57-3F5FF7CE087F) (Shutdown)


    iPhone SE (1ED0C422-5515-4DCF-A489-0619E41988E0) (Shutdown)


    iPhone X (6A06193C-A7B7-4B1C-B0F5-BB64EA407C45) (Shutdown)


    iPad Air (E89E3DBD-B726-4CA4-B721-BD88E5075C89) (Shutdown)


    iPad Air 2 (D6BADE58-764A-42FA-B843-EF7ED4A0BE74) (Shutdown)


    iPad (5th generation) (67F5C85B-FCC6-4BC8-BDFE-88A504FD044A) (Shutdown)


    iPad Pro (9.7-inch) (1C320FE5-104A-4063-81AD-90E0015E8558) (Shutdown)


    iPad Pro (12.9-inch) (75098CA6-4479-4C61-A446-3B3EB079CC8E) (Shutdown)


    iPad Pro (12.9-inch) (2nd generation) (548F3C3A-3494-4ADA-97B8-C4F0569FB887) (Shutdown)


    iPad Pro (10.5-inch) (0E672864-12DC-415E-B832-419F06478FD1) (Shutdown)


-- iOS 11.1 --


    iPhone 5s (C096E2F3-AD67-4B02-95FE-D281FB5901E1) (Shutdown)


    iPhone 6 (181C36C6-EAFA-4D64-8DF9-293F7EADB2D7) (Shutdown)


    iPhone 6 Plus (64BFAE14-FFFF-4CB7-9253-9E7B27529B35) (Shutdown)


    iPhone 6s (628367C6-AF04-42C8-9900-A81178F2F352) (Shutdown)


    iPhone 6s Plus (F416D582-D6A0-4611-BB69-153F90CE423C) (Shutdown)


    iPhone 7 (9AC74482-9863-41FD-BE3D-38E6623EFDFB) (Shutdown)


    iPhone 7 Plus (17475554-73D2-489F-94ED-63433C6944C0) (Shutdown)


    iPhone 8 (F326BFEC-6113-48CD-819A-EC3E93B26ECD) (Shutdown)


    iPhone 8 Plus (74B5438D-E7CF-4255-BDA0-A963BA08937A) (Shutdown)


    iPhone SE (2ED9CDD0-5382-4A5A-AC84-EF3598D4E62F) (Shutdown)


    iPhone X (D52832BA-57AD-491D-8A57-8608B494E64D) (Shutdown)


    iPad Air (AE6E7168-0446-4C87-BBCE-7AD4AE734BF1) (Shutdown)


    iPad Air 2 (655CE97A-4280-4B01-ACE6-D1C712DD3516) (Shutdown)


    iPad (5th generation) (92EB3616-8FB1-4D0A-B7F2-C7B036477411) (Shutdown)


    iPad Pro (9.7-inch) (3187EBB9-0DF5-45CC-87B9-4082E3FE310C) (Shutdown)


    iPad Pro (12.9-inch) (9391F6A0-FF13-483F-ABF9-A04BDC0B764F) (Shutdown)


    iPad Pro (12.9-inch) (2nd generation) (217EC1BD-DF10-453F-995A-F87FDDCCE5E8) (Shutdown)


    iPad Pro (10.5-inch) (107D1E89-E697-47FA-A3F5-2FF9562408D6) (Shutdown)


-- iOS 11.2 --


    iPhone 5s (B9CE6312-8608-44EA-9E64-B56A757C9B8A) (Shutdown)


    iPhone 6 (3A858194-BA14-4EE4-8F9B-906481B03C47) (Shutdown)


    iPhone 6 Plus (88D5193B-4F6D-472B-B2D4-3A6DCCB887DC) (Shutdown)


    iPhone 6s (43D36EA0-64EC-43D4-8855-5D45463E6BF9) (Shutdown)


    iPhone 6s Plus (1DBCAF8C-1B02-4B8E-B1D5-9B5679DD8366) (Shutdown)


    iPhone 7 (923DC3DE-D21D-4559-9421-AEE939F2624B) (Shutdown)


    iPhone 7 Plus (F3CBA6E7-35CA-4439-84DB-F45E82B5FABD) (Shutdown)


    iPhone 8 (83BC51BB-5B95-4B2D-8236-A61C971B1782) (Shutdown)


    iPhone 8 Plus (9DE97618-778A-49CE-B7A6-AF2C986DDBF7) (Shutdown)


    iPhone SE (F15240F3-7815-45A7-BE14-A9E0BA8A5AC1) (Shutdown)


    iPhone X (9ADA386D-B982-49F5-A73D-8AD0B6615893) (Shutdown)


    iPad Air (F916600C-A450-432F-A38C-F4E796E8249D) (Shutdown)


    iPad Air 2 (72440411-B297-42B9-B7EF-F6ACA6886892) (Shutdown)


    iPad (5th generation) (2264889A-2A5B-48CE-B727-8DCDE999E945) (Shutdown)


    iPad Pro (9.7-inch) (BE28FA47-F3A9-41C5-A2E0-BFAF81B86DAF) (Shutdown)


    iPad Pro (12.9-inch) (CF6FDD42-2E85-4611-A652-01EDB8E00ED1) (Shutdown)


    iPad Pro (12.9-inch) (2nd generation) (5360F1C7-5CB3-400C-BE04-BBABFE336007) (Shutdown)


    iPad Pro (10.5-inch) (662F3325-64D6-433D-9A8C-FEDDFB8A8972) (Shutdown)


-- iOS 11.3 --


    iPhone 5s (7EC35771-F846-444D-9B50-C5DC7A961A9A) (Shutdown)


    iPhone 6 (FB845F0D-B8FA-4BEF-93DF-F404ED056584) (Shutdown)


    iPhone 6 Plus (A3A23119-876A-4C6A-9528-90E3480C527A) (Shutdown)


    iPhone 6s (1E94ACEE-70F6-476D-BC1A-936F2A5B9F56) (Shutdown)


    iPhone 6s Plus (FD1F8AC7-449A-48A4-84AF-02669B8CD10A) (Shutdown)


    iPhone 7 (9FEEED2B-0CF6-4D04-AF53-9B26634C2964) (Shutdown)


    iPhone 7 Plus (21CA6087-CA2E-46CF-9EE3-F71A53D108ED) (Shutdown)


    iPhone 8 (F9310BC9-DA96-47E4-BCD7-33FAF9C3D50D) (Shutdown)


    iPhone 8 Plus (B10354A2-F470-4F98-A914-1A09F0AA2980) (Shutdown)


    iPhone SE (6705666C-53A0-475E-A208-C33BBD6D7FD5) (Shutdown)


    iPhone X (D18EED3E-1D5F-4CB8-A88F-79DE3893EBDB) (Shutdown)


    iPad Air (0F08A38C-A927-4B9A-BFBF-57B4759049B2) (Shutdown)


    iPad Air 2 (B0900495-3EE4-4B1E-BF31-701AF4419581) (Shutdown)


    iPad (5th generation) (AD35E924-3768-42A3-AE68-B94157DE1625) (Shutdown)


    iPad Pro (9.7-inch) (75C9CA83-2FAC-4F04-9C80-B5502AA57062) (Shutdown)


    iPad Pro (12.9-inch) (22C79D33-DB4D-4B67-8D02-87F5A07BF086) (Shutdown)


    iPad Pro (12.9-inch) (2nd generation) (EA8EEE71-9636-4E44-B482-BF1E8BD2A283) (Shutdown)


    iPad Pro (10.5-inch) (838DD1E7-E403-4930-868D-4E557F323511) (Shutdown)


-- iOS 11.4 --


    iPhone 5s (0702AFE5-C0FA-493E-8A5B-3860A9BCEDB4) (Shutdown)


    iPhone 6 (9F1CE63E-694B-44E0-8B0A-10E101A388F9) (Shutdown)


    iPhone 6 Plus (A2A415B5-50B5-49AD-9E2D-166F679C25AE) (Shutdown)


    iPhone 6s (91E9B76A-3407-4CD1-B83A-4D9A2F8B5A10) (Shutdown)


    iPhone 6s Plus (56C11870-7103-4A42-8ECF-0C2A3225A5F6) (Shutdown)


    iPhone 7 (1A201D82-0514-4CEB-A9FC-EAAFD5E6B89D) (Shutdown)


    iPhone 7 Plus (8C2DF4AF-AD0A-4960-B04C-CA59E30AFD54) (Shutdown)


    iPhone 8 (FB0908FB-89D5-46C0-9231-10C1B336FF04) (Shutdown)


    iPhone 8 Plus (58CAE2C0-E539-40AC-8288-42669BD85BE8) (Shutdown)


    iPhone SE (7FC0BCB1-EAB7-4804-9A20-7B490D5C88DA) (Shutdown)


    iPhone X (C0BD112C-A78A-491A-A827-DB464992E80E) (Shutdown)


    iPad Air (CBD474FA-FC28-403A-9523-AD3D37C5EE2D) (Shutdown)


    iPad Air 2 (DCB031C4-7856-4AFA-9662-056322A93B5D) (Shutdown)


    iPad (5th generation) (DF8272DD-48AB-48E7-8EF5-929BAF18A219) (Shutdown)


    iPad Pro (9.7-inch) (2F0A090B-647C-4C56-93FF-E761ED75EC1F) (Shutdown)


    iPad Pro (12.9-inch) (A1DC71AF-156D-4CCE-A018-3F763C524548) (Shutdown)


    iPad Pro (12.9-inch) (2nd generation) (7457C8F4-DAFC-40C2-A6B5-17E918E09313) (Shutdown)


    iPad Pro (10.5-inch) (6CCEB16B-D67C-4DF8-9059-DCC418184D7C) (Shutdown)


-- tvOS 9.0 --


    Apple TV 1080p (6C8A0E93-F8D9-460A-8EA0-B56079D5657F) (Shutdown)


-- tvOS 9.1 --


    Apple TV 1080p (6E23A581-CDE1-423F-800F-C944D1249564) (Shutdown)


-- tvOS 9.2 --


    Apple TV 1080p (2A99DB46-869A-4D34-BB8C-65EEC84EB1AE) (Shutdown)


-- tvOS 10.0 --


    Apple TV 1080p (50A72879-D9C3-418A-8218-DEA6D97BA777) (Shutdown)


-- tvOS 10.1 --


    Apple TV 1080p (3E7D6147-2F8A-4817-B59C-478E41287BE3) (Shutdown)


-- tvOS 10.2 --


    Apple TV 1080p (56359155-D407-4D32-90CB-497C160BB71C) (Shutdown)


-- tvOS 11.0 --


    Apple TV (09768897-1A89-4557-A18A-5D3373174A5C) (Shutdown)


    Apple TV 4K (1E60D206-E7DA-4684-B82E-355C5C8F6352) (Shutdown)


    Apple TV 4K (at 1080p) (A9CC27D8-7013-4E5F-9F7E-B2954632BA08) (Shutdown)


-- tvOS 11.1 --


    Apple TV (1E846B56-645E-4861-8B37-C47780CFEA4E) (Shutdown)


    Apple TV 4K (C70B68DB-4B98-47A4-AD7A-377CFFEE1A32) (Shutdown)


    Apple TV 4K (at 1080p) (3BF9C274-36E6-4A05-845F-04E609F6C3B4) (Shutdown)


-- tvOS 11.2 --


    Apple TV (BC5A24BB-FCF3-47FB-A688-E9EA56C1079D) (Shutdown)


    Apple TV 4K (3D04D9A7-390B-4DC7-A595-7D448AB27637) (Shutdown)


    Apple TV 4K (at 1080p) (8E0635C8-250E-4B9C-87E1-0694D30ED9CA) (Shutdown)


-- tvOS 11.3 --


    Apple TV (65710B2D-7191-44BF-81EB-54F12594FAC5) (Shutdown)


    Apple TV 4K (10F4C4DE-C831-4725-835F-8479648046B6) (Shutdown)


    Apple TV 4K (at 1080p) (054A3841-A39E-4C1B-9672-24CF72F6E04E) (Shutdown)


-- tvOS 11.4 --


    Apple TV (6592A7F6-6CE0-495A-ABFE-156C158E5565) (Shutdown)


    Apple TV 4K (EA00D3B6-330D-4F68-8580-915B3CC53C76) (Shutdown)


    Apple TV 4K (at 1080p) (3CBF7475-0544-4DEB-A659-061BC3ADF08C) (Shutdown)


-- watchOS 2.0 --


    Apple Watch - 38mm (531F30EC-B704-4720-9566-B8BF3995473C) (Shutdown)


    Apple Watch - 42mm (1628BFDF-675F-4ACD-A18A-13736E121AE6) (Shutdown)


-- watchOS 2.1 --


    Apple Watch - 38mm (E6FA1053-726D-4A54-991E-0A2086B75D37) (Shutdown)


    Apple Watch - 42mm (0BF35CA0-5060-4FD6-8036-208E14CB7578) (Shutdown)


-- watchOS 2.2 --


    Apple Watch - 38mm (96820A44-1F43-4475-A27B-F5B26E48CE62) (Shutdown)


    Apple Watch - 42mm (1847FBC9-3610-4149-BA36-A5B4F923BDA3) (Shutdown)


-- watchOS 3.1 --


    Apple Watch - 38mm (78E08BF7-C2A3-479A-9880-4CBD56431101) (Shutdown)


    Apple Watch - 42mm (4A60FDF1-C46A-4600-BCF4-42F659AFFB3C) (Shutdown)


    Apple Watch Series 2 - 38mm (0E06B956-9E21-4CFE-A11D-0730876AB74C) (Shutdown)


    Apple Watch Series 2 - 42mm (362B36EC-9185-42A2-A11A-289124D6CFE1) (Shutdown)


-- watchOS 3.2 --


    Apple Watch - 38mm (69DD03AD-62E3-4232-9DDF-ECCE9363C548) (Shutdown)


    Apple Watch - 42mm (7E387DA9-4652-4F00-AF89-03850A669B5C) (Shutdown)


    Apple Watch Series 2 - 38mm (04D6D7ED-3807-4418-B130-F4325EB98AD2) (Shutdown)


    Apple Watch Series 2 - 42mm (0722B6CA-F882-4420-A3C8-0F1E473BD068) (Shutdown)


-- watchOS 4.0 --


    Apple Watch - 38mm (1854FBF9-BCD3-45C6-AC67-8837664CCA66) (Shutdown)


    Apple Watch - 42mm (ABDCC81A-FE87-4C4C-AF16-13979651FB60) (Shutdown)


    Apple Watch Series 2 - 38mm (5DA14630-821D-4553-BCF5-93426D9C8418) (Shutdown)


    Apple Watch Series 2 - 42mm (F3166DF6-0F2A-4BA8-94FB-FED723B0225C) (Shutdown)


    Apple Watch Series 3 - 38mm (C77DBF28-C6C3-4163-8307-F780CCCF309E) (Shutdown)


    Apple Watch Series 3 - 42mm (CF52CC43-11C3-408C-85B1-1D1B843BC557) (Shutdown)


-- watchOS 4.1 --


    Apple Watch - 38mm (D81339B6-1A30-4CB1-9095-1460ADFA6B11) (Shutdown)


    Apple Watch - 42mm (E2EE1F5E-1B1E-4CCC-BA49-B4F799F4FF24) (Shutdown)


    Apple Watch Series 2 - 38mm (48CF5CE7-3190-4985-9B3A-213349F1ACCE) (Shutdown)


    Apple Watch Series 2 - 42mm (942287DE-1BAE-47B0-8810-7AD017088D05) (Shutdown)


    Apple Watch Series 3 - 38mm (B00E56B6-A5AD-44A4-ADC3-0BA95E4CFB5C) (Shutdown)


    Apple Watch Series 3 - 42mm (972C9466-FA7A-47BB-BA96-421A77F52657) (Shutdown)


-- watchOS 4.2 --


    Apple Watch - 38mm (5BBC6E75-7E96-40DB-9B71-8FDEE10F8075) (Shutdown)


    Apple Watch - 42mm (E0A9C184-F6C2-4C98-9A73-C9517ADDC9C3) (Shutdown)


    Apple Watch Series 2 - 38mm (52231B97-46D9-4279-86CC-B55CB558D71A) (Shutdown)


    Apple Watch Series 2 - 42mm (B785E0D3-53C8-4089-8307-AB2D869A547C) (Shutdown)


    Apple Watch Series 3 - 38mm (D93908A8-2E22-4527-912E-4EE1DD8E35F3) (Shutdown)


    Apple Watch Series 3 - 42mm (D39BE00B-296A-41B7-8F57-C690E3BA0329) (Shutdown)


-- watchOS 4.3 --


    Apple Watch - 38mm (6A30F901-C516-4A7D-9C06-8C762F640F20) (Shutdown)


    Apple Watch - 42mm (38CDCD7F-29F2-4513-BA46-7AE23FD5A309) (Shutdown)


    Apple Watch Series 2 - 38mm (70D78D48-8ADD-4DC7-BFBD-23B9526B960F) (Shutdown)


    Apple Watch Series 2 - 42mm (82C3FE7E-3BE0-40B5-927B-C37FD3C7F0AE) (Shutdown)


    Apple Watch Series 3 - 38mm (0E174E72-D036-40FC-A254-899A29773085) (Shutdown)


    Apple Watch Series 3 - 42mm (3A4B13EE-E668-4EEA-8383-7E84FFC11FD2) (Shutdown)


== Device Pairs ==


70035676-89D1-4F52-A30F-F2EEBBE35BA0 (active, disconnected)


    Watch: Apple Watch Series 2 - 38mm (70D78D48-8ADD-4DC7-BFBD-23B9526B960F) (Shutdown)


    Phone: iPhone 7 (1A201D82-0514-4CEB-A9FC-EAAFD5E6B89D) (Shutdown)


92D58324-2E09-4DFD-AA66-A2D3C8347DC4 (active, disconnected)


    Watch: Apple Watch Series 2 - 42mm (82C3FE7E-3BE0-40B5-927B-C37FD3C7F0AE) (Shutdown)


    Phone: iPhone 7 Plus (8C2DF4AF-AD0A-4960-B04C-CA59E30AFD54) (Shutdown)


673E9665-DCF1-4B42-986A-CF4429AA66D7 (active, disconnected)


    Watch: Apple Watch Series 3 - 38mm (0E174E72-D036-40FC-A254-899A29773085) (Shutdown)


    Phone: iPhone 8 (FB0908FB-89D5-46C0-9231-10C1B336FF04) (Shutdown)


32A10EB6-D4E7-4A5B-A9A8-093BFBE7E3FE (active, disconnected)


    Watch: Apple Watch Series 3 - 42mm (3A4B13EE-E668-4EEA-8383-7E84FFC11FD2) (Shutdown)


    Phone: iPhone 8 Plus (58CAE2C0-E539-40AC-8288-42669BD85BE8) (Shutdown)


travis_time:end:12e4b8e8:start=1574625375466173000,finish=1574625379224904000,duration=3758731000,event=script
[0K[32;1mThe command "xcrun simctl list" exited with 0.[0m


travis_time:start:02a4aa04
[0K$ export CGO_CFLAGS_ALLOW='-fmodules|-fblocks|-fobjc-arc'


travis_time:end:02a4aa04:start=1574625379245596000,finish=1574625379270723000,duration=25127000,event=script
[0K[32;1mThe command "export CGO_CFLAGS_ALLOW='-fmodules|-fblocks|-fobjc-arc'" exited with 0.[0m


travis_time:start:09574c67
[0K$ go run build/ci.go xcode -signer IOS_SIGNING_KEY -deploy trunk -upload gethstore/builds


>>> /Users/travis/.gimme/versions/go1.13.4.darwin.amd64/bin/go get golang.org/x/mobile/cmd/gomobile golang.org/x/mobile/cmd/gobind


go: finding golang.org/x/mobile latest


go: downloading golang.org/x/mobile v0.0.0-20191123054942-d9e324ca8c38


go: extracting golang.org/x/mobile v0.0.0-20191123054942-d9e324ca8c38


go: downloading golang.org/x/tools v0.0.0-20190909214602-067311248421


go: extracting golang.org/x/tools v0.0.0-20190909214602-067311248421


go: finding golang.org/x/tools v0.0.0-20190909214602-067311248421


>>> /Users/travis/gopath/src/github.com/ethereum/go-ethereum/build/bin/gomobile init


/Users/travis/gopath/src/github.com/ethereum/go-ethereum/build/bin/gomobile: /Users/travis/.gimme/versions/go1.13.4.darwin.amd64/bin/go install golang.org/x/mobile/cmd/gobind failed: exit status 1


can't load package: package golang.org/x/mobile/cmd/gobind: cannot find package "golang.org/x/mobile/cmd/gobind" in any of:


	/Users/travis/.gimme/versions/go1.13.4.darwin.amd64/src/golang.org/x/mobile/cmd/gobind (from $GOROOT)


	/Users/travis/gopath/src/golang.org/x/mobile/cmd/gobind (from $GOPATH)





util.go:45: exit status 1


exit status 1


travis_time:end:09574c67:start=1574625379297078000,finish=1574625390629437000,duration=11332359000,event=script
[0K[31;1mThe command "go run build/ci.go xcode -signer IOS_SIGNING_KEY -deploy trunk -upload gethstore/builds" exited with 1.[0m








Done. Your build exited with 1.


