travis_fold:start:worker_info
[0K[33;1mWorker information[0m
hostname: b906ae92-8986-4328-b339-f70a3e3f2e15@1.worker-org-854d76759-k8d8v.gce-production-3
version: v6.2.5 https://github.com/travis-ci/worker/tree/0bd72df572e7d08bf9338416c9db10866fed0617
instance: travis-job-a4c1d065-ffe8-413f-b300-c4d90043bbe4 travis-ci-sardonyx-xenial-1553530528-f909ac5 (via amqp)
startup: 6.42736992s
travis_fold:end:worker_info
[0Ktravis_time:start:08e2e43a
[0Ktravis_time:end:08e2e43a:start=1574689404521351006,finish=1574689404705587128,duration=184236122,event=no_world_writable_dirs
[0Ktravis_time:start:1018bd7f
[0Ktravis_time:end:1018bd7f:start=1574689404709041718,finish=1574689404714352336,duration=5310618,event=setup_filter
[0Ktravis_time:start:1e2efa8a
[0Ktravis_time:end:1e2efa8a:start=1574689404720937011,finish=1574689404731685253,duration=10748242,event=agent
[0Ktravis_time:start:0901d827
[0Ktravis_time:end:0901d827:start=1574689404734896075,finish=1574689404737302390,duration=2406315,event=check_unsupported
[0Ktravis_time:start:16e05db4
[0Ktravis_fold:start:system_info
[0K[33;1mBuild system information[0m

Build language: go

Build group: stable

Build dist: xenial

Build id: 616686011

Job id: 616686015

Runtime kernel version: 4.15.0-1028-gcp

travis-build version: a09969ae2

[34m[1mBuild image provisioning date and time[0m

Mon Mar 25 16:43:24 UTC 2019

[34m[1mOperating System Details[0m

Distributor ID:	Ubuntu

Description:	Ubuntu 16.04.6 LTS

Release:	16.04

Codename:	xenial

[34m[1mSystemd Version[0m

systemd 229

[34m[1mCookbooks Version[0m

42e42e4 https://github.com/travis-ci/travis-cookbooks/tree/42e42e4

[34m[1mgit version[0m

git version 2.21.0

[34m[1mbash version[0m

GNU bash, version 4.3.48(1)-release (x86_64-pc-linux-gnu)

[34m[1mgcc version[0m

gcc (Ubuntu 5.4.0-6ubuntu1~16.04.11) 5.4.0 20160609

[34m[1mdocker version[0m

Client:

 Version:           18.06.0-ce

 API version:       1.38

 Go version:        go1.10.3

 Git commit:        0ffa825

 Built:             Wed Jul 18 19:11:02 2018

 OS/Arch:           linux/amd64

 Experimental:      false



Server:

 Engine:

  Version:          18.06.0-ce

  API version:      1.38 (minimum version 1.12)

  Go version:       go1.10.3

  Git commit:       0ffa825

  Built:            Wed Jul 18 19:09:05 2018

  OS/Arch:          linux/amd64

  Experimental:     false

[34m[1mclang version[0m

clang version 7.0.0 (tags/RELEASE_700/final)

[34m[1mjq version[0m

jq-1.5

[34m[1mbats version[0m

Bats 0.4.0

[34m[1mshellcheck version[0m

0.6.0

[34m[1mshfmt version[0m

v2.6.3

[34m[1mccache version[0m

3.2.4

[34m[1mcmake version[0m

cmake version 3.12.4

[34m[1mheroku version[0m

heroku/7.22.7 linux-x64 node-v11.10.1

[34m[1mimagemagick version[0m

Version: ImageMagick 6.8.9-9 Q16 x86_64 2018-09-28 http://www.imagemagick.org

[34m[1mmd5deep version[0m

4.4

[34m[1mmercurial version[0m

version 4.8

[34m[1mmysql version[0m

mysql  Ver 14.14 Distrib 5.7.25, for Linux (x86_64) using  EditLine wrapper

[34m[1mopenssl version[0m

OpenSSL 1.0.2g  1 Mar 2016

[34m[1mpacker version[0m

1.3.3

[34m[1mpostgresql client version[0m

psql (PostgreSQL) 10.7 (Ubuntu 10.7-1.pgdg16.04+1)

[34m[1mragel version[0m

Ragel State Machine Compiler version 6.8 Feb 2013

[34m[1msudo version[0m

1.8.16

[34m[1mgzip version[0m

gzip 1.6

[34m[1mzip version[0m

Zip 3.0

[34m[1mvim version[0m

VIM - Vi IMproved 7.4 (2013 Aug 10, compiled Nov 24 2016 16:44:48)

[34m[1miptables version[0m

iptables v1.6.0

[34m[1mcurl version[0m

curl 7.47.0 (x86_64-pc-linux-gnu) libcurl/7.47.0 GnuTLS/3.4.10 zlib/1.2.8 libidn/1.32 librtmp/2.3

[34m[1mwget version[0m

GNU Wget 1.17.1 built on linux-gnu.

[34m[1mrsync version[0m

rsync  version 3.1.1  protocol version 31

[34m[1mgimme version[0m

v1.5.3

[34m[1mnvm version[0m

0.34.0

[34m[1mperlbrew version[0m

/home/travis/perl5/perlbrew/bin/perlbrew  - App::perlbrew/0.86

[34m[1mphpenv version[0m

rbenv 1.1.2

[34m[1mrvm version[0m

rvm 1.29.7 (latest) by Michal Papis, Piotr Kuczynski, Wayne E. Seguin [https://rvm.io]

[34m[1mdefault ruby version[0m

ruby 2.5.3p105 (2018-10-18 revision 65156) [x86_64-linux]

[34m[1mCouchDB version[0m

couchdb 1.6.1

[34m[1mElasticSearch version[0m

5.5.0

[34m[1mInstalled Firefox version[0m

firefox 63.0.1

[34m[1mMongoDB version[0m

MongoDB 4.0.7

[34m[1mPhantomJS version[0m

2.1.1

[34m[1mPre-installed PostgreSQL versions[0m

9.4.21

9.5.16

9.6.12

[34m[1mRedis version[0m

redis-server 5.0.4

[34m[1mPre-installed Go versions[0m

1.11.1

[34m[1mmvn version[0m

Apache Maven 3.6.0 (97c98ec64a1fdfee7767ce5ffb20918da4f719f3; 2018-10-24T18:41:47Z)

[34m[1mgradle version[0m

Gradle 4.10.2!

[34m[1mlein version[0m

Leiningen 2.9.1 on Java 11.0.2 OpenJDK 64-Bit Server VM

[34m[1mPre-installed Node.js versions[0m

v10.15.3

v11.0.0

v4.9.1

v6.17.0

v8.12.0

v8.15.1

v8.9

[34m[1mphpenv versions[0m

  system

  5.6

  5.6.40

  7.1

  7.1.27

  7.2

* 7.2.15 (set by /home/travis/.phpenv/version)

  hhvm

  hhvm-stable

[34m[1mcomposer --version[0m

Composer version 1.8.4 2019-02-11 10:52:10

[34m[1mPre-installed Ruby versions[0m

ruby-2.3.8

ruby-2.4.5

ruby-2.5.3

travis_fold:end:system_info
[0K

travis_time:end:16e05db4:start=1574689404740622074,finish=1574689404748534212,duration=7912138,event=show_system_info
[0Ktravis_time:start:33cb30ab
[0Ktravis_time:end:33cb30ab:start=1574689404752346312,finish=1574689404787050307,duration=34703995,event=rm_riak_source
[0Ktravis_time:start:01d157f0
[0Ktravis_time:end:01d157f0:start=1574689404804274506,finish=1574689404836172125,duration=31897619,event=fix_rwky_redis
[0Ktravis_time:start:1fe32421
[0Ktravis_time:end:1fe32421:start=1574689404842123755,finish=1574689405413895598,duration=571771843,event=wait_for_network
[0Ktravis_time:start:187463c4
[0Ktravis_time:end:187463c4:start=1574689405425050883,finish=1574689405704296552,duration=279245669,event=update_apt_keys
[0Ktravis_time:start:02aefd06
[0Ktravis_time:end:02aefd06:start=1574689405711473385,finish=1574689405787209836,duration=75736451,event=fix_hhvm_source
[0Ktravis_time:start:0449134b
[0Ktravis_time:end:0449134b:start=1574689405792520153,finish=1574689405797006584,duration=4486431,event=update_mongo_arch
[0Ktravis_time:start:070cba20
[0Ktravis_time:end:070cba20:start=1574689405802116223,finish=1574689405866817146,duration=64700923,event=fix_sudo_enabled_trusty
[0Ktravis_time:start:19656994
[0Ktravis_time:end:19656994:start=1574689405873523429,finish=1574689405877346312,duration=3822883,event=update_glibc
[0Ktravis_time:start:00add61c
[0Ktravis_time:end:00add61c:start=1574689405882589207,finish=1574689405897696093,duration=15106886,event=clean_up_path
[0Ktravis_time:start:1c302dae
[0Ktravis_time:end:1c302dae:start=1574689405902752479,finish=1574689405918639734,duration=15887255,event=fix_resolv_conf
[0Ktravis_time:start:004559e8
[0Ktravis_time:end:004559e8:start=1574689405925016641,finish=1574689405939015475,duration=13998834,event=fix_etc_hosts
[0Ktravis_time:start:236cccd4
[0Ktravis_time:end:236cccd4:start=1574689405943710108,finish=1574689405955428702,duration=11718594,event=fix_mvn_settings_xml
[0Ktravis_time:start:104a3ccd
[0Ktravis_time:end:104a3ccd:start=1574689405966951504,finish=1574689405980516734,duration=13565230,event=no_ipv6_localhost
[0Ktravis_time:start:1358673e
[0Ktravis_time:end:1358673e:start=1574689405986420874,finish=1574689405992152609,duration=5731735,event=fix_etc_mavenrc
[0Ktravis_time:start:09fbd8ea
[0Ktravis_time:end:09fbd8ea:start=1574689405996564649,finish=1574689406000900555,duration=4335906,event=fix_wwdr_certificate
[0Ktravis_time:start:15e7cc82
[0Ktravis_time:end:15e7cc82:start=1574689406007402637,finish=1574689406035571657,duration=28169020,event=put_localhost_first
[0Ktravis_time:start:15cadbdc
[0Ktravis_time:end:15cadbdc:start=1574689406041724890,finish=1574689406045912671,duration=4187781,event=home_paths
[0Ktravis_time:start:14556d30
[0Ktravis_time:end:14556d30:start=1574689406051433997,finish=1574689406066019393,duration=14585396,event=disable_initramfs
[0Ktravis_time:start:046bd380
[0Ktravis_time:end:046bd380:start=1574689406074233774,finish=1574689406434149664,duration=359915890,event=disable_ssh_roaming
[0Ktravis_time:start:23fbcbab
[0Ktravis_time:end:23fbcbab:start=1574689406444152670,finish=1574689406449943946,duration=5791276,event=debug_tools
[0Ktravis_time:start:09366d40
[0Ktravis_time:end:09366d40:start=1574689406460890704,finish=1574689406464933850,duration=4043146,event=uninstall_oclint
[0Ktravis_time:start:2be390b7
[0Ktravis_time:end:2be390b7:start=1574689406474547304,finish=1574689406480085616,duration=5538312,event=rvm_use
[0Ktravis_time:start:0ed7f66a
[0Ktravis_time:end:0ed7f66a:start=1574689406484554739,finish=1574689406494705888,duration=10151149,event=rm_etc_boto_cfg
[0Ktravis_time:start:10fc3ec6
[0Ktravis_time:end:10fc3ec6:start=1574689406503705991,finish=1574689406508638469,duration=4932478,event=rm_oraclejdk8_symlink
[0Ktravis_time:start:15b46cb4
[0Ktravis_time:end:15b46cb4:start=1574689406515851638,finish=1574689406656182184,duration=140330546,event=enable_i386
[0Ktravis_time:start:03412a16
[0Ktravis_time:end:03412a16:start=1574689406661891662,finish=1574689406669199074,duration=7307412,event=update_rubygems
[0Ktravis_time:start:076d2688
[0Ktravis_time:end:076d2688:start=1574689406678086702,finish=1574689407614614625,duration=936527923,event=ensure_path_components
[0Ktravis_time:start:178ee600
[0Ktravis_time:end:178ee600:start=1574689407620726410,finish=1574689407623514194,duration=2787784,event=redefine_curl
[0Ktravis_time:start:059b266c
[0Ktravis_time:end:059b266c:start=1574689407630482511,finish=1574689407747687115,duration=117204604,event=nonblock_pipe
[0Ktravis_time:start:082d79c9
[0Ktravis_time:end:082d79c9:start=1574689407754952155,finish=1574689410814501508,duration=3059549353,event=apt_get_update
[0Ktravis_time:start:000b0fc0
[0Ktravis_time:end:000b0fc0:start=1574689410821429805,finish=1574689410824205393,duration=2775588,event=deprecate_xcode_64
[0Ktravis_time:start:0cc90954
[0Ktravis_time:end:0cc90954:start=1574689410831530721,finish=1574689413813145464,duration=2981614743,event=update_heroku
[0Ktravis_time:start:2b4480a6
[0Ktravis_time:end:2b4480a6:start=1574689413819439974,finish=1574689413822169917,duration=2729943,event=shell_session_update
[0Ktravis_time:start:13fb17ca
[0Ktravis_fold:start:docker_mtu
[0Ktravis_fold:end:docker_mtu
[0Ktravis_time:end:13fb17ca:start=1574689413827656190,finish=1574689416098280902,duration=2270624712,event=set_docker_mtu
[0Ktravis_time:start:153daee4
[0Ktravis_fold:start:resolvconf
[0Ktravis_fold:end:resolvconf
[0Ktravis_time:end:153daee4:start=1574689416106158647,finish=1574689416204155573,duration=97996926,event=resolvconf
[0Ktravis_time:start:002bba2e
[0Ktravis_time:end:002bba2e:start=1574689416219394617,finish=1574689416429404244,duration=210009627,event=maven_central_mirror
[0Ktravis_time:start:25e1e036
[0Ktravis_time:end:25e1e036:start=1574689416440268657,finish=1574689416444506206,duration=4237549,event=fix_ps4
[0KUpdating gimme

travis_time:start:01478a54
[0K

travis_fold:start:git.checkout
[0Ktravis_time:start:1f0897ae
[0K$ git clone --depth=50 --branch=master https://github.com/ethereum/go-ethereum.git ethereum/go-ethereum

Cloning into 'ethereum/go-ethereum'...

travis_time:end:1f0897ae:start=1574689422269597996,finish=1574689425285116081,duration=3015518085,event=checkout
[0K$ cd ethereum/go-ethereum

$ git checkout -qf 8c1e8de839fc0ee10376e2b476bfa90aad4caf6b

travis_fold:end:git.checkout
[0K

travis_fold:start:git.submodule
[0Ktravis_time:start:259148d0
[0K$ git submodule update --init --recursive

Submodule 'tests' (https://github.com/ethereum/tests) registered for path 'tests/testdata'

Cloning into '/home/travis/build/ethereum/go-ethereum/tests/testdata'...

Submodule path 'tests/testdata': checked out 'b5eb9900ee2147b40d3e681fe86efa4fd693959a'

travis_time:end:259148d0:start=1574689425879592846,finish=1574689485027650844,duration=59148057998,event=checkout
[0Ktravis_fold:end:git.submodule
[0Ktravis_time:end:259148d0:start=1574689425879592846,finish=1574689485033599693,duration=59154006847,event=checkout
[0K$ travis_export_go 1.13.x github.com/ethereum/go-ethereum

travis_time:start:2b6ae48e
[0K

[33;1mSetting environment variables from repository settings[0m

$ export IOS_SIGNING_KEY=[secure]

$ export LINUX_SIGNING_KEY=[secure]

$ export OSX_SIGNING_KEY=[secure]

$ export ANDROID_SIGNING_KEY=[secure]

$ export AZURE_BLOBSTORE_TOKEN=[secure]

$ export ANDROID_SONATYPE_USERNAME=[secure]

$ export ANDROID_SONATYPE_PASSWORD=[secure]

$ export COCOAPODS_TRUNK_TOKEN=[secure]

$ export PPA_SIGNING_KEY=[secure]

$ export PPA_SSH_KEY=[secure]



travis_time:end:2b6ae48e:start=1574689485044382979,finish=1574689485090729234,duration=46346255,event=env
[0Ktravis_time:start:02d75678
[0K$ travis_setup_go

go version go1.13.4 linux/amd64

$ export GOPATH="/home/travis/gopath"

$ export PATH="/home/travis/gopath/bin:/home/travis/.gimme/versions/go1.13.4.linux.amd64/bin:/home/travis/bin:/home/travis/bin:/home/travis/.local/bin:/usr/local/lib/jvm/openjdk11/bin:/opt/pyenv/shims:/home/travis/.phpenv/shims:/home/travis/perl5/perlbrew/bin:/home/travis/.nvm/versions/node/v8.12.0/bin:/home/travis/.rvm/gems/ruby-2.5.3/bin:/home/travis/.rvm/gems/ruby-2.5.3@global/bin:/home/travis/.rvm/rubies/ruby-2.5.3/bin:/home/travis/gopath/bin:/home/travis/.gimme/versions/go1.11.1.linux.amd64/bin:/usr/local/maven-3.6.0/bin:/usr/local/cmake-3.12.4/bin:/usr/local/clang-7.0.0/bin:/usr/local/sbin:/usr/local/bin:/usr/sbin:/usr/bin:/sbin:/bin:/snap/bin:/home/travis/.rvm/bin:/home/travis/.phpenv/bin:/opt/pyenv/bin:/home/travis/.yarn/bin"

$ export GO111MODULE="auto"

travis_time:end:02d75678:start=1574689485097705348,finish=1574689522129442930,duration=37031737582,event=
[0K$ gimme version

v1.5.3

$ go version

go version go1.13.4 linux/amd64

travis_fold:start:go.env
[0K$ go env

GO111MODULE="auto"

GOARCH="amd64"

GOBIN=""

GOCACHE="/home/travis/.cache/go-build"

GOENV="/home/travis/.config/go/env"

GOEXE=""

GOFLAGS=""

GOHOSTARCH="amd64"

GOHOSTOS="linux"

GONOPROXY=""

GONOSUMDB=""

GOOS="linux"

GOPATH="/home/travis/gopath"

GOPRIVATE=""

GOPROXY="https://proxy.golang.org,direct"

GOROOT="/home/travis/.gimme/versions/go1.13.4.linux.amd64"

GOSUMDB="sum.golang.org"

GOTMPDIR=""

GOTOOLDIR="/home/travis/.gimme/versions/go1.13.4.linux.amd64/pkg/tool/linux_amd64"

GCCGO="gccgo"

AR="ar"

CC="gcc"

CXX="g++"

CGO_ENABLED="1"

GOMOD="/home/travis/gopath/src/github.com/ethereum/go-ethereum/go.mod"

CGO_CFLAGS="-g -O2"

CGO_CPPFLAGS=""

CGO_CXXFLAGS="-g -O2"

CGO_FFLAGS="-g -O2"

CGO_LDFLAGS="-g -O2"

PKG_CONFIG="pkg-config"

GOGCCFLAGS="-fPIC -m64 -pthread -fmessage-length=0 -fdebug-prefix-map=/tmp/go-build847200446=/tmp/go-build -gno-record-gcc-switches"

travis_fold:end:go.env
[0Ktravis_fold:start:install
[0Ktravis_time:start:01ccff29
[0K$ travis_install_go_dependencies 1.13.x -v

Makefile detected

travis_time:end:01ccff29:start=1574689523027506060,finish=1574689523032398535,duration=4892475,event=install
[0Ktravis_fold:end:install
[0Ktravis_time:start:2474b38d
[0K$ go run build/ci.go install

go: downloading github.com/Azure/azure-storage-blob-go v0.7.0

go: downloading golang.org/x/crypto v0.0.0-20190308221718-c2843e01d9a2

go: downloading github.com/cespare/cp v0.1.0

go: extracting github.com/cespare/cp v0.1.0

go: extracting github.com/Azure/azure-storage-blob-go v0.7.0

go: downloading github.com/Azure/azure-pipeline-go v0.2.2

go: extracting github.com/Azure/azure-pipeline-go v0.2.2

go: downloading github.com/mattn/go-ieproxy v0.0.0-20190702010315-6dee0af9227d

go: extracting github.com/mattn/go-ieproxy v0.0.0-20190702010315-6dee0af9227d

go: extracting golang.org/x/crypto v0.0.0-20190308221718-c2843e01d9a2

go: finding github.com/cespare/cp v0.1.0

go: finding github.com/Azure/azure-storage-blob-go v0.7.0

go: finding github.com/Azure/azure-pipeline-go v0.2.2

go: finding github.com/mattn/go-ieproxy v0.0.0-20190702010315-6dee0af9227d

go: finding golang.org/x/crypto v0.0.0-20190308221718-c2843e01d9a2

>>> /home/travis/.gimme/versions/go1.13.4.linux.amd64/bin/go install -ldflags -X main.gitCommit=8c1e8de839fc0ee10376e2b476bfa90aad4caf6b -X main.gitDate=20191125 -v ./...

go: downloading golang.org/x/sync v0.0.0-20181108010431-42b317875d0f

go: downloading github.com/syndtr/goleveldb v1.0.1-0.20190923125748-758128399b1d

go: downloading github.com/gorilla/websocket v1.4.1-0.20190629185528-ae1634f6a989

go: downloading github.com/steakknife/bloomfilter v0.0.0-20180922174646-6819c0d2a570

go: downloading github.com/golang/snappy v0.0.1

go: downloading github.com/prometheus/tsdb v0.6.2-0.20190402121629-4f204dcbc150

go: downloading github.com/elastic/gosigar v0.8.1-0.20180330100440-37f05ff46ffa

go: downloading github.com/docker/docker v1.4.2-0.20180625184442-8e610b2b55bf

go: downloading golang.org/x/sys v0.0.0-20190712062909-fae7ac547cb7

go: downloading github.com/golang/protobuf v1.3.2-0.20190517061210-b285ee9cfc6c

go: extracting github.com/steakknife/bloomfilter v0.0.0-20180922174646-6819c0d2a570

go: downloading github.com/VictoriaMetrics/fastcache v1.5.2

go: extracting github.com/VictoriaMetrics/fastcache v1.5.2

go: downloading github.com/mattn/go-colorable v0.1.0

go: extracting github.com/golang/snappy v0.0.1

go: extracting github.com/gorilla/websocket v1.4.1-0.20190629185528-ae1634f6a989

go: downloading github.com/olekukonko/tablewriter v0.0.2-0.20190409134802-7e037d187b0c

go: extracting github.com/golang/protobuf v1.3.2-0.20190517061210-b285ee9cfc6c

go: extracting github.com/syndtr/goleveldb v1.0.1-0.20190923125748-758128399b1d

go: extracting golang.org/x/sync v0.0.0-20181108010431-42b317875d0f

go: downloading github.com/fatih/color v1.3.0

go: extracting github.com/mattn/go-colorable v0.1.0

go: extracting github.com/olekukonko/tablewriter v0.0.2-0.20190409134802-7e037d187b0c

go: downloading github.com/rs/cors v0.0.0-20160617231935-a62a804a8a00

go: downloading github.com/robertkrimen/otto v0.0.0-20170205013659-6a77b7cbc37d

go: extracting github.com/elastic/gosigar v0.8.1-0.20180330100440-37f05ff46ffa

go: downloading github.com/status-im/keycard-go v0.0.0-20190316090335-8537d3370df4

go: downloading github.com/[secure]/usb v0.0.0-20190919080040-51dc0efba356

go: downloading github.com/graph-gophers/graphql-go v0.0.0-20191115155744-f33e81362277

go: extracting github.com/fatih/color v1.3.0

go: downloading github.com/gballet/go-libpcsclite v0.0.0-20190607065134-2772fd86a8ff

go: downloading github.com/go-stack/stack v1.8.0

go: extracting github.com/rs/cors v0.0.0-20160617231935-a62a804a8a00

go: downloading github.com/huin/goupnp v0.0.0-20161224104101-679507af18f3

go: extracting github.com/graph-gophers/graphql-go v0.0.0-20191115155744-f33e81362277

go: extracting github.com/status-im/keycard-go v0.0.0-20190316090335-8537d3370df4

go: downloading github.com/tyler-smith/go-bip39 v1.0.1-0.20181017060643-dbb3b84ba2ef

go: downloading golang.org/x/net v0.0.0-20190628185345-da137c7871d7

go: extracting github.com/gballet/go-libpcsclite v0.0.0-20190607065134-2772fd86a8ff

go: downloading github.com/julienschmidt/httprouter v1.1.1-0.20170430222011-975b5c4c7c21

go: extracting github.com/[secure]/usb v0.0.0-20190919080040-51dc0efba356

go: extracting github.com/huin/goupnp v0.0.0-20161224104101-679507af18f3

go: extracting github.com/robertkrimen/otto v0.0.0-20170205013659-6a77b7cbc37d

go: downloading gopkg.in/olebedev/go-duktape.v3 v3.0.0-20190213234257-ec84240a7772

go: downloading github.com/cloudflare/cloudflare-go v0.10.2-0.20190916151808-a80f83b9add9

go: downloading github.com/deckarep/golang-set v0.0.0-20180603214616-504e848d77ea

go: extracting github.com/go-stack/stack v1.8.0

go: extracting github.com/tyler-smith/go-bip39 v1.0.1-0.20181017060643-dbb3b84ba2ef

go: downloading github.com/steakknife/hamming v0.0.0-20180906055917-c99c65617cd3

go: extracting golang.org/x/sys v0.0.0-20190712062909-fae7ac547cb7

go: extracting github.com/prometheus/tsdb v0.6.2-0.20190402121629-4f204dcbc150

go: extracting github.com/steakknife/hamming v0.0.0-20180906055917-c99c65617cd3

go: extracting github.com/julienschmidt/httprouter v1.1.1-0.20170430222011-975b5c4c7c21

go: downloading github.com/cespare/xxhash v1.1.0

go: downloading github.com/mattn/go-runewidth v0.0.4

go: extracting github.com/cloudflare/cloudflare-go v0.10.2-0.20190916151808-a80f83b9add9

go: downloading github.com/rs/xhandler v0.0.0-20160618193221-ed27b6fd6521

go: extracting github.com/cespare/xxhash v1.1.0

go: downloading github.com/cespare/xxhash/v2 v2.0.1-0.20190104013014-3767db7a7e18

go: extracting github.com/mattn/go-runewidth v0.0.4

go: downloading github.com/pkg/errors v0.8.1

go: extracting github.com/pkg/errors v0.8.1

go: extracting golang.org/x/net v0.0.0-20190628185345-da137c7871d7

go: extracting github.com/deckarep/golang-set v0.0.0-20180603214616-504e848d77ea

go: downloading github.com/influxdata/influxdb v1.2.3-0.20180221223340-01288bdb0883

go: downloading github.com/davecgh/go-spew v1.1.1

go: extracting github.com/docker/docker v1.4.2-0.20180625184442-8e610b2b55bf

go: downloading golang.org/x/time v0.0.0-20190308202827-9d24e82272b4

go: extracting github.com/rs/xhandler v0.0.0-20160618193221-ed27b6fd6521

go: downloading github.com/wsddn/go-ecdh v0.0.0-20161211032359-48726bab9208

go: extracting gopkg.in/olebedev/go-duktape.v3 v3.0.0-20190213234257-ec84240a7772

go: extracting github.com/wsddn/go-ecdh v0.0.0-20161211032359-48726bab9208

go: downloading gopkg.in/sourcemap.v1 v1.0.5

go: extracting github.com/cespare/xxhash/v2 v2.0.1-0.20190104013014-3767db7a7e18

go: extracting github.com/davecgh/go-spew v1.1.1

go: downloading github.com/opentracing/opentracing-go v1.1.0

go: extracting golang.org/x/time v0.0.0-20190308202827-9d24e82272b4

go: downloading github.com/mattn/go-isatty v0.0.5-0.20180830101745-3fb116b82035

go: extracting gopkg.in/sourcemap.v1 v1.0.5

go: extracting github.com/opentracing/opentracing-go v1.1.0

go: extracting github.com/mattn/go-isatty v0.0.5-0.20180830101745-3fb116b82035

go: downloading github.com/fjl/memsize v0.0.0-20180418122429-ca190fb6ffbc

go: downloading github.com/rjeczalik/notify v0.9.1

go: downloading github.com/pborman/uuid v0.0.0-20170112150404-1b00554d8222

go: extracting github.com/pborman/uuid v0.0.0-20170112150404-1b00554d8222

go: extracting github.com/fjl/memsize v0.0.0-20180418122429-ca190fb6ffbc

go: downloading github.com/hashicorp/golang-lru v0.0.0-20160813221303-0a025b7e63ad

go: downloading github.com/edsrzf/mmap-go v0.0.0-20160512033002-935e0e8a636c

go: extracting github.com/rjeczalik/notify v0.9.1

go: downloading golang.org/x/text v0.3.2

go: downloading github.com/jackpal/go-nat-pmp v1.0.2-0.20160603034137-1fa385a6f458

go: extracting github.com/influxdata/influxdb v1.2.3-0.20180221223340-01288bdb0883

go: extracting github.com/edsrzf/mmap-go v0.0.0-20160512033002-935e0e8a636c

go: downloading github.com/aristanetworks/goarista v0.0.0-20170210015632-ea17b1a17847

go: extracting github.com/hashicorp/golang-lru v0.0.0-20160813221303-0a025b7e63ad

go: downloading gopkg.in/urfave/cli.v1 v1.20.0

go: downloading github.com/peterh/liner v1.1.1-0.20190123174540-a2c9a5303de7

go: extracting github.com/jackpal/go-nat-pmp v1.0.2-0.20160603034137-1fa385a6f458

go: downloading github.com/naoina/toml v0.1.2-0.20170918210437-9fafd6967416

go: extracting gopkg.in/urfave/cli.v1 v1.20.0

go: extracting github.com/aristanetworks/goarista v0.0.0-20170210015632-ea17b1a17847

go: extracting github.com/peterh/liner v1.1.1-0.20190123174540-a2c9a5303de7

go: extracting github.com/naoina/toml v0.1.2-0.20170918210437-9fafd6967416

go: downloading github.com/naoina/go-stringutil v0.1.0

go: extracting golang.org/x/text v0.3.2

go: extracting github.com/naoina/go-stringutil v0.1.0

go: finding github.com/golang/protobuf v1.3.2-0.20190517061210-b285ee9cfc6c

go: finding github.com/aristanetworks/goarista v0.0.0-20170210015632-ea17b1a17847

go: finding github.com/deckarep/golang-set v0.0.0-20180603214616-504e848d77ea

go: finding gopkg.in/urfave/cli.v1 v1.20.0

go: finding github.com/davecgh/go-spew v1.1.1

go: finding github.com/go-stack/stack v1.8.0

go: finding github.com/edsrzf/mmap-go v0.0.0-20160512033002-935e0e8a636c

go: finding github.com/cloudflare/cloudflare-go v0.10.2-0.20190916151808-a80f83b9add9

go: finding github.com/VictoriaMetrics/fastcache v1.5.2

go: finding github.com/pborman/uuid v0.0.0-20170112150404-1b00554d8222

go: finding github.com/huin/goupnp v0.0.0-20161224104101-679507af18f3

go: finding github.com/[secure]/usb v0.0.0-20190919080040-51dc0efba356

go: finding github.com/elastic/gosigar v0.8.1-0.20180330100440-37f05ff46ffa

go: finding github.com/cespare/xxhash/v2 v2.0.1-0.20190104013014-3767db7a7e18

go: finding github.com/jackpal/go-nat-pmp v1.0.2-0.20160603034137-1fa385a6f458

go: finding github.com/gballet/go-libpcsclite v0.0.0-20190607065134-2772fd86a8ff

go: finding github.com/golang/snappy v0.0.1

go: finding github.com/rjeczalik/notify v0.9.1

go: finding github.com/pkg/errors v0.8.1

go: finding github.com/status-im/keycard-go v0.0.0-20190316090335-8537d3370df4

go: finding golang.org/x/time v0.0.0-20190308202827-9d24e82272b4

go: finding github.com/wsddn/go-ecdh v0.0.0-20161211032359-48726bab9208

go: finding github.com/hashicorp/golang-lru v0.0.0-20160813221303-0a025b7e63ad

go: finding golang.org/x/sys v0.0.0-20190712062909-fae7ac547cb7

go: finding github.com/mattn/go-colorable v0.1.0

go: finding golang.org/x/text v0.3.2

go: finding github.com/steakknife/bloomfilter v0.0.0-20180922174646-6819c0d2a570

go: finding github.com/syndtr/goleveldb v1.0.1-0.20190923125748-758128399b1d

go: finding github.com/peterh/liner v1.1.1-0.20190123174540-a2c9a5303de7

go: finding github.com/olekukonko/tablewriter v0.0.2-0.20190409134802-7e037d187b0c

go: finding github.com/gorilla/websocket v1.4.1-0.20190629185528-ae1634f6a989

go: finding golang.org/x/net v0.0.0-20190628185345-da137c7871d7

go: finding github.com/robertkrimen/otto v0.0.0-20170205013659-6a77b7cbc37d

go: finding github.com/fatih/color v1.3.0

go: finding github.com/mattn/go-isatty v0.0.5-0.20180830101745-3fb116b82035

go: finding github.com/rs/cors v0.0.0-20160617231935-a62a804a8a00

go: finding github.com/fjl/memsize v0.0.0-20180418122429-ca190fb6ffbc

go: finding github.com/prometheus/tsdb v0.6.2-0.20190402121629-4f204dcbc150

go: finding github.com/rs/xhandler v0.0.0-20160618193221-ed27b6fd6521

go: finding github.com/docker/docker v1.4.2-0.20180625184442-8e610b2b55bf

go: finding github.com/mattn/go-runewidth v0.0.4

go: finding github.com/julienschmidt/httprouter v1.1.1-0.20170430222011-975b5c4c7c21

go: finding github.com/tyler-smith/go-bip39 v1.0.1-0.20181017060643-dbb3b84ba2ef

go: finding github.com/steakknife/hamming v0.0.0-20180906055917-c99c65617cd3

go: finding gopkg.in/sourcemap.v1 v1.0.5

go: finding github.com/influxdata/influxdb v1.2.3-0.20180221223340-01288bdb0883

go: finding github.com/graph-gophers/graphql-go v0.0.0-20191115155744-f33e81362277

go: finding github.com/naoina/toml v0.1.2-0.20170918210437-9fafd6967416

go: finding github.com/naoina/go-stringutil v0.1.0

go: finding golang.org/x/sync v0.0.0-20181108010431-42b317875d0f

go: finding gopkg.in/olebedev/go-duktape.v3 v3.0.0-20190213234257-ec84240a7772

go: finding github.com/opentracing/opentracing-go v1.1.0

golang.org/x/crypto/curve25519

github.com/cespare/xxhash/v2

github.com/golang/snappy

github.com/aristanetworks/goarista/monotime

github.com/VictoriaMetrics/fastcache

github.com/ethereum/go-ethereum/common/mclock

github.com/ethereum/go-ethereum/common/prque

github.com/ethereum/go-ethereum/ethdb

github.com/go-stack/stack

golang.org/x/sys/unix

github.com/ethereum/go-ethereum/log

github.com/steakknife/hamming

github.com/steakknife/bloomfilter

github.com/ethereum/go-ethereum/event

github.com/ethereum/go-ethereum/accounts/abi

github.com/elastic/gosigar

github.com/davecgh/go-spew/spew

github.com/ethereum/go-ethereum/metrics

github.com/deckarep/golang-set

github.com/pborman/uuid

github.com/rjeczalik/notify

github.com/ethereum/go-ethereum/trie

golang.org/x/crypto/pbkdf2

golang.org/x/crypto/scrypt

github.com/gballet/go-libpcsclite

github.com/status-im/keycard-go/derivationpath

github.com/wsddn/go-ecdh

golang.org/x/text/transform

golang.org/x/text/unicode/norm

github.com/ethereum/go-ethereum/core/types

github.com/ethereum/go-ethereum

github.com/hashicorp/golang-lru/simplelru

github.com/ethereum/go-ethereum/accounts

github.com/hashicorp/golang-lru

github.com/ethereum/go-ethereum/core/state

github.com/ethereum/go-ethereum/accounts/keystore

github.com/ethereum/go-ethereum/accounts/scwallet

github.com/ethereum/go-ethereum/p2p/netutil

github.com/gorilla/websocket

golang.org/x/net/context

github.com/rs/xhandler

github.com/rs/cors

github.com/ethereum/go-ethereum/consensus/misc

github.com/edsrzf/mmap-go

github.com/ethereum/go-ethereum/rpc

github.com/ethereum/go-ethereum/common/bitutil

github.com/syndtr/goleveldb/leveldb/util

github.com/syndtr/goleveldb/leveldb/cache

github.com/syndtr/goleveldb/leveldb/comparer

github.com/syndtr/goleveldb/leveldb/storage

github.com/syndtr/goleveldb/leveldb/errors

github.com/syndtr/goleveldb/leveldb/filter

github.com/syndtr/goleveldb/leveldb/iterator

github.com/syndtr/goleveldb/leveldb/journal

github.com/syndtr/goleveldb/leveldb/memdb

github.com/ethereum/go-ethereum/consensus

github.com/syndtr/goleveldb/leveldb/opt

github.com/ethereum/go-ethereum/consensus/clique

github.com/ethereum/go-ethereum/consensus/ethash

github.com/syndtr/goleveldb/leveldb/table

github.com/ethereum/go-ethereum/ethdb/memorydb

github.com/mattn/go-runewidth

github.com/olekukonko/tablewriter

github.com/syndtr/goleveldb/leveldb

github.com/pkg/errors

github.com/prometheus/tsdb/fileutil

golang.org/x/sys/cpu

github.com/ethereum/go-ethereum/crypto/blake2b

github.com/ethereum/go-ethereum/crypto/bn256/cloudflare

github.com/ethereum/go-ethereum/crypto/bn256

golang.org/x/crypto/ripemd160

github.com/ethereum/go-ethereum/core/vm

github.com/ethereum/go-ethereum/ethdb/leveldb

github.com/ethereum/go-ethereum/core/rawdb

github.com/ethereum/go-ethereum/core/bloombits

github.com/ethereum/go-ethereum/core

github.com/ethereum/go-ethereum/crypto/ecies

github.com/ethereum/go-ethereum/p2p/enr

github.com/ethereum/go-ethereum/p2p/enode

github.com/ethereum/go-ethereum/p2p/discover

github.com/ethereum/go-ethereum/p2p/discv5

github.com/ethereum/go-ethereum/eth/downloader

github.com/huin/goupnp/httpu

github.com/huin/goupnp/scpd

github.com/huin/goupnp/soap

github.com/huin/goupnp/ssdp

golang.org/x/net/html/atom

golang.org/x/net/html

golang.org/x/text/encoding/internal/identifier

golang.org/x/text/encoding

golang.org/x/text/encoding/internal

golang.org/x/text/encoding/charmap

golang.org/x/text/encoding/japanese

golang.org/x/text/encoding/korean

golang.org/x/text/encoding/simplifiedchinese

golang.org/x/text/encoding/traditionalchinese

golang.org/x/text/internal/utf8internal

golang.org/x/text/runes

golang.org/x/text/internal/tag

golang.org/x/text/internal/language

golang.org/x/text/encoding/unicode

github.com/jackpal/go-nat-pmp

github.com/tyler-smith/go-bip39/wordlists

github.com/tyler-smith/go-bip39

golang.org/x/text/internal/language/compact

github.com/golang/protobuf/proto

golang.org/x/text/language

golang.org/x/text/encoding/htmlindex

golang.org/x/net/html/charset

github.com/huin/goupnp

github.com/huin/goupnp/dcps/internetgateway1

github.com/huin/goupnp/dcps/internetgateway2

github.com/ethereum/go-ethereum/p2p/nat

github.com/golang/protobuf/protoc-gen-go/descriptor

github.com/ethereum/go-ethereum/p2p

github.com/ethereum/go-ethereum/accounts/usbwallet/trezor

github.com/ethereum/go-ethereum/internal/ethapi

github.com/[secure]/usb

github.com/ethereum/go-ethereum/signer/storage

golang.org/x/crypto/ssh/terminal

github.com/ethereum/go-ethereum/eth/filters

github.com/ethereum/go-ethereum/common/fdlimit

github.com/ethereum/go-ethereum/core/forkid

github.com/ethereum/go-ethereum/eth/fetcher

github.com/ethereum/go-ethereum/eth/gasprice

github.com/ethereum/go-ethereum/eth/tracers/internal/tracers

gopkg.in/olebedev/go-duktape.v3

github.com/ethereum/go-ethereum/accounts/usbwallet

github.com/ethereum/go-ethereum/signer/core

github.com/ethereum/go-ethereum/accounts/external

github.com/ethereum/go-ethereum/accounts/abi/bind

github.com/ethereum/go-ethereum/accounts/abi/bind/backends

github.com/ethereum/go-ethereum/miner

github.com/ethereum/go-ethereum/metrics/prometheus

github.com/ethereum/go-ethereum/metrics/exp

github.com/fjl/memsize

github.com/fjl/memsize/memsizeui

github.com/mattn/go-isatty

github.com/mattn/go-colorable

gopkg.in/urfave/cli.v1

github.com/ethereum/go-ethereum/internal/debug

github.com/ethereum/go-ethereum/node

github.com/ethereum/go-ethereum/contracts/checkpointoracle/contract

github.com/ethereum/go-ethereum/contracts/checkpointoracle

github.com/ethereum/go-ethereum/les/flowcontrol

github.com/ethereum/go-ethereum/light

github.com/graph-gophers/graphql-go/errors

github.com/graph-gophers/graphql-go/internal/common

github.com/graph-gophers/graphql-go/internal/schema

github.com/graph-gophers/graphql-go/internal/exec/packer

github.com/graph-gophers/graphql-go/introspection

github.com/graph-gophers/graphql-go/internal/exec/resolvable

github.com/graph-gophers/graphql-go/internal/query

github.com/graph-gophers/graphql-go/internal/exec/selected

github.com/graph-gophers/graphql-go/log

github.com/opentracing/opentracing-go/log

github.com/opentracing/opentracing-go

github.com/opentracing/opentracing-go/ext

github.com/graph-gophers/graphql-go/trace

github.com/graph-gophers/graphql-go/internal/exec

github.com/graph-gophers/graphql-go/internal/validation

github.com/graph-gophers/graphql-go

github.com/graph-gophers/graphql-go/relay

github.com/ethereum/go-ethereum/graphql

github.com/influxdata/influxdb/pkg/escape

github.com/influxdata/influxdb/models

github.com/influxdata/influxdb/client

github.com/ethereum/go-ethereum/metrics/influxdb

golang.org/x/sync/syncmap

github.com/ethereum/go-ethereum/whisper/whisperv6

github.com/ethereum/go-ethereum/common/compiler

github.com/ethereum/go-ethereum/ethclient

github.com/ethereum/go-ethereum/internal/jsre/deps

github.com/fatih/color

gopkg.in/sourcemap.v1/base64vlq

gopkg.in/sourcemap.v1

github.com/robertkrimen/otto/file

github.com/robertkrimen/otto/token

github.com/robertkrimen/otto/ast

github.com/robertkrimen/otto/dbg

github.com/robertkrimen/otto/parser

github.com/robertkrimen/otto/registry

github.com/robertkrimen/otto

github.com/ethereum/go-ethereum/internal/jsre

github.com/ethereum/go-ethereum/internal/web3ext

github.com/peterh/liner

github.com/ethereum/go-ethereum/console

github.com/ethereum/go-ethereum/signer/fourbyte

github.com/ethereum/go-ethereum/signer/rules/deps

github.com/ethereum/go-ethereum/signer/rules

golang.org/x/time/rate

github.com/cloudflare/cloudflare-go

github.com/ethereum/go-ethereum/p2p/dnsdisc

github.com/ethereum/go-ethereum/cmd/devp2p

github.com/ethereum/go-ethereum/core/asm

github.com/ethereum/go-ethereum/cmd/evm/internal/compiler

github.com/ethereum/go-ethereum/core/vm/runtime

github.com/ethereum/go-ethereum/tests

github.com/naoina/go-stringutil

github.com/naoina/toml/ast

github.com/naoina/toml

github.com/docker/docker/pkg/reexec

github.com/ethereum/go-ethereum/p2p/simulations/pipes

github.com/ethereum/go-ethereum/p2p/simulations/adapters

github.com/julienschmidt/httprouter

github.com/ethereum/go-ethereum/p2p/simulations

github.com/ethereum/go-ethereum/cmd/p2psim

github.com/ethereum/go-ethereum/eth/tracers

github.com/ethereum/go-ethereum/eth

github.com/ethereum/go-ethereum/les

github.com/ethereum/go-ethereum/ethstats

github.com/ethereum/go-ethereum/cmd/utils

github.com/ethereum/go-ethereum/cmd/abigen

github.com/ethereum/go-ethereum/cmd/bootnode

github.com/ethereum/go-ethereum/cmd/checkpoint-admin

github.com/ethereum/go-ethereum/cmd/clef

github.com/ethereum/go-ethereum/cmd/ethkey

github.com/ethereum/go-ethereum/cmd/evm

github.com/ethereum/go-ethereum/cmd/faucet

github.com/ethereum/go-ethereum/cmd/geth

golang.org/x/crypto/ed25519/internal/edwards25519

golang.org/x/crypto/ed25519

golang.org/x/crypto/internal/subtle

golang.org/x/crypto/internal/chacha20

golang.org/x/crypto/poly1305

golang.org/x/crypto/ssh

github.com/ethereum/go-ethereum/cmd/puppeth

github.com/ethereum/go-ethereum/cmd/rlpdump

github.com/ethereum/go-ethereum/whisper/mailserver

github.com/ethereum/go-ethereum/cmd/wnode

github.com/ethereum/go-ethereum/crypto/bn256/google

github.com/ethereum/go-ethereum/ethdb/dbtest

github.com/ethereum/go-ethereum/internal/cmdtest

github.com/ethereum/go-ethereum/internal/guide

github.com/ethereum/go-ethereum/internal/testlog

github.com/ethereum/go-ethereum/metrics/librato

github.com/ethereum/go-ethereum/whisper/shhclient

github.com/ethereum/go-ethereum/mobile

github.com/ethereum/go-ethereum/p2p/simulations/examples

github.com/ethereum/go-ethereum/p2p/testing

travis_time:end:2474b38d:start=1574689523038817738,finish=1574689636330303628,duration=113291485890,event=script
[0K[32;1mThe command "go run build/ci.go install" exited with 0.[0m

travis_time:start:010cac50
[0K$ go run build/ci.go test -coverage $TEST_PACKAGES

>>> /home/travis/.gimme/versions/go1.13.4.linux.amd64/bin/go test -ldflags -X main.gitCommit=8c1e8de839fc0ee10376e2b476bfa90aad4caf6b -X main.gitDate=20191125 -p 1 -timeout 5m -covermode=atomic -cover ./...

go: downloading github.com/stretchr/testify v1.4.0

go: extracting github.com/stretchr/testify v1.4.0

go: downloading github.com/pmezard/go-difflib v1.0.0

go: downloading gopkg.in/yaml.v2 v2.2.2

go: extracting github.com/pmezard/go-difflib v1.0.0

go: extracting gopkg.in/yaml.v2 v2.2.2

go: finding github.com/stretchr/testify v1.4.0

go: finding github.com/pmezard/go-difflib v1.0.0

go: finding gopkg.in/yaml.v2 v2.2.2

?   	github.com/ethereum/go-ethereum	[no test files]

ok  	github.com/ethereum/go-ethereum/accounts	0.028s	coverage: 30.8% of statements

ok  	github.com/ethereum/go-ethereum/accounts/abi	0.047s	coverage: 88.8% of statements

ok  	github.com/ethereum/go-ethereum/accounts/abi/bind	6.608s	coverage: 52.0% of statements

ok  	github.com/ethereum/go-ethereum/accounts/abi/bind/backends	0.036s	coverage: 21.5% of statements

?   	github.com/ethereum/go-ethereum/accounts/external	[no test files]

ok  	github.com/ethereum/go-ethereum/accounts/keystore	20.179s	coverage: 76.6% of statements

?   	github.com/ethereum/go-ethereum/accounts/scwallet	[no test files]

?   	github.com/ethereum/go-ethereum/accounts/usbwallet	[no test files]

?   	github.com/ethereum/go-ethereum/accounts/usbwallet/trezor	[no test files]

?   	github.com/ethereum/go-ethereum/cmd/abigen	[no test files]

?   	github.com/ethereum/go-ethereum/cmd/bootnode	[no test files]

?   	github.com/ethereum/go-ethereum/cmd/checkpoint-admin	[no test files]

?   	github.com/ethereum/go-ethereum/cmd/clef	[no test files]

?   	github.com/ethereum/go-ethereum/cmd/devp2p	[no test files]

ok  	github.com/ethereum/go-ethereum/cmd/ethkey	2.171s	coverage: 1.3% of statements

?   	github.com/ethereum/go-ethereum/cmd/evm	[no test files]

?   	github.com/ethereum/go-ethereum/cmd/evm/internal/compiler	[no test files]

?   	github.com/ethereum/go-ethereum/cmd/faucet	[no test files]

ok  	github.com/ethereum/go-ethereum/cmd/geth	11.058s	coverage: 1.6% of statements

?   	github.com/ethereum/go-ethereum/cmd/p2psim	[no test files]

ok  	github.com/ethereum/go-ethereum/cmd/puppeth	0.035s	coverage: 8.6% of statements

?   	github.com/ethereum/go-ethereum/cmd/rlpdump	[no test files]

ok  	github.com/ethereum/go-ethereum/cmd/utils	0.037s	coverage: 2.3% of statements

?   	github.com/ethereum/go-ethereum/cmd/wnode	[no test files]

ok  	github.com/ethereum/go-ethereum/common	0.003s	coverage: 39.3% of statements

ok  	github.com/ethereum/go-ethereum/common/bitutil	0.005s	coverage: 95.7% of statements

ok  	github.com/ethereum/go-ethereum/common/compiler	0.004s	coverage: 0.0% of statements

ok  	github.com/ethereum/go-ethereum/common/fdlimit	0.002s	coverage: 73.7% of statements

ok  	github.com/ethereum/go-ethereum/common/hexutil	0.003s	coverage: 80.9% of statements

ok  	github.com/ethereum/go-ethereum/common/math	0.003s	coverage: 92.4% of statements

ok  	github.com/ethereum/go-ethereum/common/mclock	0.002s	coverage: 86.6% of statements

ok  	github.com/ethereum/go-ethereum/common/prque	1.235s	coverage: 74.0% of statements

?   	github.com/ethereum/go-ethereum/consensus	[no test files]

ok  	github.com/ethereum/go-ethereum/consensus/clique	0.152s	coverage: 52.5% of statements

ok  	github.com/ethereum/go-ethereum/consensus/ethash	11.638s	coverage: 63.4% of statements

?   	github.com/ethereum/go-ethereum/consensus/misc	[no test files]

ok  	github.com/ethereum/go-ethereum/console	1.525s	coverage: 37.8% of statements

ok  	github.com/ethereum/go-ethereum/contracts/checkpointoracle	0.841s	coverage: 0.0% of statements

?   	github.com/ethereum/go-ethereum/contracts/checkpointoracle/contract	[no test files]

ok  	github.com/ethereum/go-ethereum/core	26.487s	coverage: 73.0% of statements

ok  	github.com/ethereum/go-ethereum/core/asm	0.028s	coverage: 72.6% of statements

ok  	github.com/ethereum/go-ethereum/core/bloombits	3.172s	coverage: 95.5% of statements

ok  	github.com/ethereum/go-ethereum/core/forkid	0.028s	coverage: 85.9% of statements

ok  	github.com/ethereum/go-ethereum/core/rawdb	1.202s	coverage: 48.2% of statements

ok  	github.com/ethereum/go-ethereum/core/state	9.633s	coverage: 76.9% of statements

ok  	github.com/ethereum/go-ethereum/core/types	0.311s	coverage: 50.1% of statements

ok  	github.com/ethereum/go-ethereum/core/vm	0.242s	coverage: 40.1% of statements

ok  	github.com/ethereum/go-ethereum/core/vm/runtime	0.029s	coverage: 76.7% of statements

ok  	github.com/ethereum/go-ethereum/crypto	0.071s	coverage: 80.5% of statements

ok  	github.com/ethereum/go-ethereum/crypto/blake2b	0.074s	coverage: 90.6% of statements

?   	github.com/ethereum/go-ethereum/crypto/bn256	[no test files]

ok  	github.com/ethereum/go-ethereum/crypto/bn256/cloudflare	0.098s	coverage: 81.3% of statements

ok  	github.com/ethereum/go-ethereum/crypto/bn256/google	0.651s	coverage: 91.6% of statements

ok  	github.com/ethereum/go-ethereum/crypto/ecies	0.037s	coverage: 75.9% of statements

ok  	github.com/ethereum/go-ethereum/crypto/secp256k1	1.407s	coverage: 30.6% of statements

ok  	github.com/ethereum/go-ethereum/eth	14.497s	coverage: 28.2% of statements

ok  	github.com/ethereum/go-ethereum/eth/downloader	109.458s	coverage: 78.3% of statements

ok  	github.com/ethereum/go-ethereum/eth/fetcher	10.018s	coverage: 90.1% of statements

ok  	github.com/ethereum/go-ethereum/eth/filters	2.304s	coverage: 54.1% of statements

?   	github.com/ethereum/go-ethereum/eth/gasprice	[no test files]

ok  	github.com/ethereum/go-ethereum/eth/tracers	0.270s	coverage: 75.6% of statements

?   	github.com/ethereum/go-ethereum/eth/tracers/internal/tracers	[no test files]

ok  	github.com/ethereum/go-ethereum/ethclient	0.073s	coverage: 14.0% of statements

?   	github.com/ethereum/go-ethereum/ethdb	[no test files]

?   	github.com/ethereum/go-ethereum/ethdb/dbtest	[no test files]

ok  	github.com/ethereum/go-ethereum/ethdb/leveldb	0.020s	coverage: 15.1% of statements

ok  	github.com/ethereum/go-ethereum/ethdb/memorydb	0.003s	coverage: 81.6% of statements

?   	github.com/ethereum/go-ethereum/ethstats	[no test files]

ok  	github.com/ethereum/go-ethereum/event	0.621s	coverage: 94.3% of statements

ok  	github.com/ethereum/go-ethereum/graphql	0.039s	coverage: 2.1% of statements

?   	github.com/ethereum/go-ethereum/internal/build	[no test files]

?   	github.com/ethereum/go-ethereum/internal/cmdtest	[no test files]

?   	github.com/ethereum/go-ethereum/internal/debug	[no test files]

?   	github.com/ethereum/go-ethereum/internal/ethapi	[no test files]

ok  	github.com/ethereum/go-ethereum/internal/guide	14.818s	coverage: [no statements]

ok  	github.com/ethereum/go-ethereum/internal/jsre	0.116s	coverage: 48.5% of statements

?   	github.com/ethereum/go-ethereum/internal/jsre/deps	[no test files]

?   	github.com/ethereum/go-ethereum/internal/testlog	[no test files]

?   	github.com/ethereum/go-ethereum/internal/web3ext	[no test files]

ok  	github.com/ethereum/go-ethereum/les	47.032s	coverage: 51.5% of statements

ok  	github.com/ethereum/go-ethereum/les/flowcontrol	12.974s	coverage: 37.9% of statements

ok  	github.com/ethereum/go-ethereum/light	0.931s	coverage: 38.4% of statements

?   	github.com/ethereum/go-ethereum/log	[no test files]

ok  	github.com/ethereum/go-ethereum/metrics	5.405s	coverage: 48.6% of statements

?   	github.com/ethereum/go-ethereum/metrics/exp	[no test files]

?   	github.com/ethereum/go-ethereum/metrics/influxdb	[no test files]

?   	github.com/ethereum/go-ethereum/metrics/librato	[no test files]

?   	github.com/ethereum/go-ethereum/metrics/prometheus	[no test files]

ok  	github.com/ethereum/go-ethereum/miner	12.191s	coverage: 67.6% of statements

ok  	github.com/ethereum/go-ethereum/mobile	0.044s	coverage: 15.2% of statements

ok  	github.com/ethereum/go-ethereum/node	0.861s	coverage: 43.0% of statements

ok  	github.com/ethereum/go-ethereum/p2p	0.642s	coverage: 74.0% of statements

ok  	github.com/ethereum/go-ethereum/p2p/discover	30.331s	coverage: 76.0% of statements

ok  	github.com/ethereum/go-ethereum/p2p/discv5	8.711s	coverage: 46.0% of statements

ok  	github.com/ethereum/go-ethereum/p2p/dnsdisc	0.264s	coverage: 82.7% of statements

ok  	github.com/ethereum/go-ethereum/p2p/enode	2.098s	coverage: 81.3% of statements

ok  	github.com/ethereum/go-ethereum/p2p/enr	0.022s	coverage: 62.3% of statements

ok  	github.com/ethereum/go-ethereum/p2p/nat	2.608s	coverage: 20.3% of statements

ok  	github.com/ethereum/go-ethereum/p2p/netutil	0.009s	coverage: 84.1% of statements

ok  	github.com/ethereum/go-ethereum/p2p/simulations	2.968s	coverage: 69.8% of statements

ok  	github.com/ethereum/go-ethereum/p2p/simulations/adapters	0.042s	coverage: 0.2% of statements

?   	github.com/ethereum/go-ethereum/p2p/simulations/examples	[no test files]

?   	github.com/ethereum/go-ethereum/p2p/simulations/pipes	[no test files]

?   	github.com/ethereum/go-ethereum/p2p/testing	[no test files]

ok  	github.com/ethereum/go-ethereum/params	0.028s	coverage: 50.0% of statements

ok  	github.com/ethereum/go-ethereum/rlp	0.013s	coverage: 96.6% of statements

ok  	github.com/ethereum/go-ethereum/rpc	7.704s	coverage: 77.4% of statements

ok  	github.com/ethereum/go-ethereum/signer/core	4.268s	coverage: 42.0% of statements

ok  	github.com/ethereum/go-ethereum/signer/fourbyte	3.288s	coverage: 46.9% of statements

ok  	github.com/ethereum/go-ethereum/signer/rules	0.164s	coverage: 77.1% of statements

?   	github.com/ethereum/go-ethereum/signer/rules/deps	[no test files]

ok  	github.com/ethereum/go-ethereum/signer/storage	0.005s	coverage: 52.3% of statements

ok  	github.com/ethereum/go-ethereum/tests	151.821s	coverage: 68.5% of statements

ok  	github.com/ethereum/go-ethereum/trie	3.965s	coverage: 70.9% of statements

ok  	github.com/ethereum/go-ethereum/whisper/mailserver	0.185s	coverage: 66.7% of statements

?   	github.com/ethereum/go-ethereum/whisper/shhclient	[no test files]

--- FAIL: TestCustomization (0.00s)

    whisper_test.go:553: successfully sent envelope with PoW 0.346751, false positive (seed 1574690357).

FAIL

coverage: 65.0% of statements

FAIL	github.com/ethereum/go-ethereum/whisper/whisperv6	19.324s

FAIL

util.go:45: exit status 1

exit status 1

travis_time:end:010cac50:start=1574689636337539098,finish=1574690357838655560,duration=721501116462,event=script
[0K[31;1mThe command "go run build/ci.go test -coverage $TEST_PACKAGES" exited with 1.[0m





Done. Your build exited with 1.

