travis_fold:start:worker_info
[0K[33;1mWorker information[0m
hostname: db1cb4af-b6a0-469b-996b-250393b94487@1.worker-org-7f6cdc984-v5579.macstadium-prod-1
version: v6.2.0 https://github.com/travis-ci/worker/tree/5e5476e01646095f48eec13196fdb3faf8f5cbf7
instance: 7221d32d-04e2-454b-a8c9-104b1bb6bf58 travis-ci-macos-10.13-xcode9.4.1-1529955246 (via amqp)
startup: 1m3.198952413s
travis_fold:end:worker_info
[0Ktravis_time:start:0262a517
[0Ktravis_time:end:0262a517:start=1574765893940135000,finish=1574765894459436000,duration=519301000,event=no_world_writable_dirs
[0Ktravis_time:start:05538d8d
[0Ktravis_time:end:05538d8d:start=1574765894469313000,finish=1574765894479902000,duration=10589000,event=setup_filter
[0Ktravis_time:start:171c024f
[0Ktravis_time:end:171c024f:start=1574765894492620000,finish=1574765894498842000,duration=6222000,event=check_unsupported
[0Ktravis_time:start:01493652
[0Ktravis_fold:start:system_info
[0K[33;1mBuild system information[0m


Build language: go


Build id: 617133136


Job id: 617133150


Runtime kernel version: 17.4.0


travis-build version: 2a7679d1b


[34m[1mBuild image provisioning date and time[0m


Mon Jun 25 21:55:14 GMT 2018


[34m[1mOperating System Details[0m


ProductName:	Mac OS X


ProductVersion:	10.13.3


BuildVersion:	17D102


[34m[1mGit version[0m


git version 2.18.0


[34m[1mbash version[0m


GNU bash, version 3.2.57(1)-release (x86_64-apple-darwin17)


Copyright (C) 2007 Free Software Foundation, Inc.


[34m[1mGCC version[0m


Apple LLVM version 9.1.0 (clang-902.0.39.2)


Target: x86_64-apple-darwin17.4.0


Thread model: posix


InstalledDir: /Applications/Xcode-9.4.1.app/Contents/Developer/Toolchains/XcodeDefault.xctoolchain/usr/bin


[34m[1mLLVM version[0m


Apple LLVM version 9.1.0 (clang-902.0.39.2)


Target: x86_64-apple-darwin17.4.0


Thread model: posix


InstalledDir: /Applications/Xcode-9.4.1.app/Contents/Developer/Toolchains/XcodeDefault.xctoolchain/usr/bin


[34m[1mPre-installed Ruby versions[0m


ruby-2.3.5


ruby-2.4.3


[34m[1mPre-installed Node.js versions[0m


v4.9.1


v5.12.0


v6.14.3


v8.11.3


[34m[1mmvn -version[0m


Apache Maven 3.5.4 (1edded0938998edf8bf061f1ceb3cfdeccf443fe; 2018-06-17T18:33:14Z)


Maven home: /usr/local/Cellar/maven/3.5.4/libexec


Java version: 10.0.1, vendor: Oracle Corporation, runtime: /Library/Java/JavaVirtualMachines/jdk-10.0.1.jdk/Contents/Home


Default locale: en_US, platform encoding: UTF-8


OS name: "mac os x", version: "10.13.3", arch: "x86_64", family: "mac"


travis_fold:end:system_info
[0K


travis_time:end:01493652:start=1574765894506612000,finish=1574765894524988000,duration=18376000,event=show_system_info
[0Ktravis_time:start:2955ddfb
[0Ktravis_time:end:2955ddfb:start=1574765894532981000,finish=1574765894540174000,duration=7193000,event=rm_riak_source
[0Ktravis_time:start:08790d2c
[0Ktravis_time:end:08790d2c:start=1574765894548272000,finish=1574765894555279000,duration=7007000,event=fix_rwky_redis
[0Ktravis_time:start:09ad991e
[0Ktravis_time:end:09ad991e:start=1574765894563061000,finish=1574765894927411000,duration=364350000,event=wait_for_network
[0Ktravis_time:start:066e5592
[0Ktravis_time:end:066e5592:start=1574765894945790000,finish=1574765894961504000,duration=15714000,event=update_apt_keys
[0Ktravis_time:start:08f9dee8
[0Ktravis_time:end:08f9dee8:start=1574765894976899000,finish=1574765894989234000,duration=12335000,event=fix_hhvm_source
[0Ktravis_time:start:11cc0d6a
[0Ktravis_time:end:11cc0d6a:start=1574765895003938000,finish=1574765895016431000,duration=12493000,event=update_mongo_arch
[0Ktravis_time:start:1a5e6e00
[0Ktravis_time:end:1a5e6e00:start=1574765895031212000,finish=1574765895050699000,duration=19487000,event=fix_sudo_enabled_trusty
[0Ktravis_time:start:2441f0a0
[0Ktravis_time:end:2441f0a0:start=1574765895065511000,finish=1574765895077393000,duration=11882000,event=update_glibc
[0Ktravis_time:start:06dbdf41
[0Ktravis_time:end:06dbdf41:start=1574765895091472000,finish=1574765895283453000,duration=191981000,event=clean_up_path
[0Ktravis_time:start:08816483
[0Ktravis_time:end:08816483:start=1574765895298268000,finish=1574765895352626000,duration=54358000,event=fix_resolv_conf
[0Ktravis_time:start:01c83e16
[0Ktravis_time:end:01c83e16:start=1574765895368642000,finish=1574765895429566000,duration=60924000,event=fix_etc_hosts
[0Ktravis_time:start:06631fdd
[0Ktravis_time:end:06631fdd:start=1574765895445886000,finish=1574765895455525000,duration=9639000,event=fix_mvn_settings_xml
[0Ktravis_time:start:345fbb90
[0Ktravis_time:end:345fbb90:start=1574765895472342000,finish=1574765895519395000,duration=47053000,event=no_ipv6_localhost
[0Ktravis_time:start:1412e0c0
[0Ktravis_time:end:1412e0c0:start=1574765895532681000,finish=1574765895540019000,duration=7338000,event=fix_etc_mavenrc
[0Ktravis_time:start:01573aa3
[0Ktravis_time:end:01573aa3:start=1574765895552073000,finish=1574765895862050000,duration=309977000,event=fix_wwdr_certificate
[0Ktravis_time:start:2c7b6ead
[0Ktravis_time:end:2c7b6ead:start=1574765895872559000,finish=1574765896051222000,duration=178663000,event=put_localhost_first
[0Ktravis_time:start:1e141ca8
[0Ktravis_time:end:1e141ca8:start=1574765896061232000,finish=1574765896068141000,duration=6909000,event=home_paths
[0Ktravis_time:start:03cd7b95
[0Ktravis_time:end:03cd7b95:start=1574765896078515000,finish=1574765896093007000,duration=14492000,event=disable_initramfs
[0Ktravis_time:start:0979651e
[0Ktravis_time:end:0979651e:start=1574765896105262000,finish=1574765896125754000,duration=20492000,event=disable_ssh_roaming
[0Ktravis_time:start:117c09b4
[0Ktravis_time:end:117c09b4:start=1574765896135024000,finish=1574765896142315000,duration=7291000,event=debug_tools
[0Ktravis_time:start:15775adc
[0KUninstalled oclint to prevent interference with other packages.


If you need oclint, you must explicitly install it.





travis_time:end:15775adc:start=1574765896151964000,finish=1574765899866258000,duration=3714294000,event=uninstall_oclint
[0Ktravis_time:start:1080da5a
[0Ktravis_time:end:1080da5a:start=1574765899876051000,finish=1574765900885160000,duration=1009109000,event=rvm_use
[0Ktravis_time:start:04f78ba4
[0Ktravis_time:end:04f78ba4:start=1574765900896059000,finish=1574765900942640000,duration=46581000,event=rm_etc_boto_cfg
[0Ktravis_time:start:33b5fdfa
[0Ktravis_time:end:33b5fdfa:start=1574765900953480000,finish=1574765900960610000,duration=7130000,event=rm_oraclejdk8_symlink
[0Ktravis_time:start:0ee05b5e
[0Ktravis_time:end:0ee05b5e:start=1574765900972074000,finish=1574765900984750000,duration=12676000,event=enable_i386
[0Ktravis_time:start:00415cd4
[0Ktravis_time:end:00415cd4:start=1574765900995387000,finish=1574765901006186000,duration=10799000,event=update_rubygems
[0Ktravis_time:start:2116d360
[0Ktravis_time:end:2116d360:start=1574765901017025000,finish=1574765901031010000,duration=13985000,event=ensure_path_components
[0Ktravis_time:start:00134f49
[0Ktravis_time:end:00134f49:start=1574765901041701000,finish=1574765901049116000,duration=7415000,event=redefine_curl
[0Ktravis_time:start:0b87bb2a
[0Ktravis_time:end:0b87bb2a:start=1574765901059388000,finish=1574765901212687000,duration=153299000,event=nonblock_pipe
[0Ktravis_time:start:1421a271
[0Ktravis_time:end:1421a271:start=1574765901224261000,finish=1574765901232914000,duration=8653000,event=apt_get_update
[0Ktravis_time:start:174d2098
[0Ktravis_time:end:174d2098:start=1574765901243758000,finish=1574765901251967000,duration=8209000,event=deprecate_xcode_64
[0Ktravis_time:start:222bdff6
[0Ktravis_time:end:222bdff6:start=1574765901263188000,finish=1574765901274483000,duration=11295000,event=update_heroku
[0Ktravis_time:start:03fb4580
[0Ktravis_time:end:03fb4580:start=1574765901287801000,finish=1574765901295003000,duration=7202000,event=shell_session_update
[0Ktravis_time:start:08fb641f
[0Ktravis_time:end:08fb641f:start=1574765901305503000,finish=1574765901317067000,duration=11564000,event=maven_central_mirror
[0Ktravis_time:start:0efe6e1e
[0Ktravis_time:end:0efe6e1e:start=1574765901330766000,finish=1574765901338285000,duration=7519000,event=fix_ps4
[0KUpdating gimme


travis_time:start:20b73fee
[0K


travis_fold:start:git.checkout
[0Ktravis_time:start:02bf42fb
[0K$ git clone --depth=50 --branch=master https://github.com/ethereum/go-ethereum.git ethereum/go-ethereum


Cloning into 'ethereum/go-ethereum'...


travis_time:end:02bf42fb:start=1574765913756870000,finish=1574765917085423000,duration=3328553000,event=checkout
[0K$ cd ethereum/go-ethereum


$ git checkout -qf 0676320169a27af44f1fea522853abf3522aeede


travis_fold:end:git.checkout
[0K


travis_time:end:02bf42fb:start=1574765913756870000,finish=1574765917293483000,duration=3536613000,event=checkout
[0K$ travis_export_go 1.13.x github.com/ethereum/go-ethereum


travis_time:start:223d1fea
[0K


[33;1mSetting environment variables from repository settings[0m


$ export IOS_SIGNING_KEY=[secure]


$ export LINUX_SIGNING_KEY=[secure]


$ export OSX_SIGNING_KEY=[secure]


$ export ANDROID_SIGNING_KEY=[secure]


$ export AZURE_BLOBSTORE_TOKEN=[secure]


$ export ANDROID_SONATYPE_USERNAME=[secure]


$ export ANDROID_SONATYPE_PASSWORD=[secure]


$ export COCOAPODS_TRUNK_TOKEN=[secure]


$ export PPA_SIGNING_KEY=[secure]


$ export PPA_SSH_KEY=[secure]





travis_time:end:223d1fea:start=1574765917311123000,finish=1574765917347181000,duration=36058000,event=env
[0Ktravis_time:start:03463974
[0K$ travis_setup_go


go version go1.13.4 darwin/amd64


$ export GOPATH="/Users/travis/gopath"


$ export PATH="/Users/travis/gopath/bin:/Users/travis/.gimme/versions/go1.13.4.darwin.amd64/bin:/Users/travis/bin:/Users/travis/.rvm/gems/ruby-2.4.3/bin:/Users/travis/.rvm/gems/ruby-2.4.3@global/bin:/Users/travis/.rvm/rubies/ruby-2.4.3/bin:/Users/travis/.rvm/bin:/Users/travis/bin:/Users/travis/.local/bin:/Users/travis/.nvm/versions/node/v6.14.3/bin:/usr/local/bin:/usr/bin:/bin:/usr/sbin:/sbin:/opt/X11/bin"


$ export GO111MODULE="auto"


travis_time:end:03463974:start=1574765917358668000,finish=1574765931004932000,duration=13646264000,event=
[0K$ gimme version


v1.5.3


$ go version


go version go1.13.4 darwin/amd64


travis_fold:start:go.env
[0K$ go env


GO111MODULE="auto"


GOARCH="amd64"


GOBIN=""


GOCACHE="/Users/travis/Library/Caches/go-build"


GOENV="/Users/travis/Library/Application Support/go/env"


GOEXE=""


GOFLAGS=""


GOHOSTARCH="amd64"


GOHOSTOS="darwin"


GONOPROXY=""


GONOSUMDB=""


GOOS="darwin"


GOPATH="/Users/travis/gopath"


GOPRIVATE=""


GOPROXY="https://proxy.golang.org,direct"


GOROOT="/Users/travis/.gimme/versions/go1.13.4.darwin.amd64"


GOSUMDB="sum.golang.org"


GOTMPDIR=""


GOTOOLDIR="/Users/travis/.gimme/versions/go1.13.4.darwin.amd64/pkg/tool/darwin_amd64"


GCCGO="gccgo"


AR="ar"


CC="clang"


CXX="clang++"


CGO_ENABLED="1"


GOMOD="/Users/travis/gopath/src/github.com/ethereum/go-ethereum/go.mod"


CGO_CFLAGS="-g -O2"


CGO_CPPFLAGS=""


CGO_CXXFLAGS="-g -O2"


CGO_FFLAGS="-g -O2"


CGO_LDFLAGS="-g -O2"


PKG_CONFIG="pkg-config"


GOGCCFLAGS="-fPIC -m64 -pthread -fno-caret-diagnostics -Qunused-arguments -fmessage-length=0 -fdebug-prefix-map=/var/folders/nz/vv4_9tw56nv9k3tkvyszvwg80000gn/T/go-build194283267=/tmp/go-build -gno-record-gcc-switches -fno-common"


travis_fold:end:go.env
[0Ktravis_fold:start:install
[0Ktravis_time:start:00094b12
[0K$ travis_install_go_dependencies 1.13.x -v


Makefile detected


travis_time:end:00094b12:start=1574765931293189000,finish=1574765931308649000,duration=15460000,event=install
[0Ktravis_fold:end:install
[0Ktravis_time:start:08e27767
[0K$ go run build/ci.go install


go: downloading github.com/Azure/azure-storage-blob-go v0.7.0


go: downloading github.com/cespare/cp v0.1.0


go: downloading golang.org/x/crypto v0.0.0-20190308221718-c2843e01d9a2


go: extracting github.com/cespare/cp v0.1.0


go: extracting github.com/Azure/azure-storage-blob-go v0.7.0


go: downloading github.com/Azure/azure-pipeline-go v0.2.2


go: extracting github.com/Azure/azure-pipeline-go v0.2.2


go: downloading github.com/mattn/go-ieproxy v0.0.0-20190702010315-6dee0af9227d


go: extracting github.com/mattn/go-ieproxy v0.0.0-20190702010315-6dee0af9227d


go: extracting golang.org/x/crypto v0.0.0-20190308221718-c2843e01d9a2


go: finding github.com/cespare/cp v0.1.0


go: finding github.com/Azure/azure-storage-blob-go v0.7.0


go: finding github.com/Azure/azure-pipeline-go v0.2.2


go: finding github.com/mattn/go-ieproxy v0.0.0-20190702010315-6dee0af9227d


go: finding golang.org/x/crypto v0.0.0-20190308221718-c2843e01d9a2


>>> /Users/travis/.gimme/versions/go1.13.4.darwin.amd64/bin/go install -ldflags -X main.gitCommit=0676320169a27af44f1fea522853abf3522aeede -X main.gitDate=20191126 -s -v ./...


go: downloading golang.org/x/sync v0.0.0-20181108010431-42b317875d0f


go: downloading github.com/mattn/go-colorable v0.1.0


go: downloading github.com/prometheus/tsdb v0.6.2-0.20190402121629-4f204dcbc150


go: downloading github.com/hashicorp/golang-lru v0.0.0-20160813221303-0a025b7e63ad


go: downloading github.com/golang/snappy v0.0.1


go: downloading github.com/syndtr/goleveldb v1.0.1-0.20190923125748-758128399b1d


go: extracting github.com/mattn/go-colorable v0.1.0


go: extracting golang.org/x/sync v0.0.0-20181108010431-42b317875d0f


go: extracting github.com/hashicorp/golang-lru v0.0.0-20160813221303-0a025b7e63ad


go: downloading github.com/rjeczalik/notify v0.9.1


go: extracting github.com/golang/snappy v0.0.1


go: extracting github.com/syndtr/goleveldb v1.0.1-0.20190923125748-758128399b1d


go: downloading golang.org/x/sys v0.0.0-20190712062909-fae7ac547cb7


go: downloading gopkg.in/urfave/cli.v1 v1.20.0


go: downloading github.com/pborman/uuid v0.0.0-20170112150404-1b00554d8222


go: downloading github.com/influxdata/influxdb v1.2.3-0.20180221223340-01288bdb0883


go: downloading github.com/graph-gophers/graphql-go v0.0.0-20191115155744-f33e81362277


go: downloading github.com/peterh/liner v1.1.1-0.20190123174540-a2c9a5303de7


go: extracting github.com/rjeczalik/notify v0.9.1


go: downloading gopkg.in/olebedev/go-duktape.v3 v3.0.0-20190213234257-ec84240a7772


go: downloading github.com/olekukonko/tablewriter v0.0.2-0.20190409134802-7e037d187b0c


go: extracting gopkg.in/urfave/cli.v1 v1.20.0


go: downloading github.com/huin/goupnp v0.0.0-20161224104101-679507af18f3


go: extracting github.com/prometheus/tsdb v0.6.2-0.20190402121629-4f204dcbc150


go: extracting github.com/pborman/uuid v0.0.0-20170112150404-1b00554d8222


go: extracting github.com/peterh/liner v1.1.1-0.20190123174540-a2c9a5303de7


go: extracting github.com/graph-gophers/graphql-go v0.0.0-20191115155744-f33e81362277


go: extracting github.com/huin/goupnp v0.0.0-20161224104101-679507af18f3


go: extracting github.com/olekukonko/tablewriter v0.0.2-0.20190409134802-7e037d187b0c


go: downloading golang.org/x/text v0.3.2


go: downloading golang.org/x/net v0.0.0-20190628185345-da137c7871d7


go: downloading github.com/wsddn/go-ecdh v0.0.0-20161211032359-48726bab9208


go: downloading github.com/naoina/toml v0.1.2-0.20170918210437-9fafd6967416


go: downloading github.com/steakknife/bloomfilter v0.0.0-20180922174646-6819c0d2a570


go: downloading github.com/aristanetworks/goarista v0.0.0-20170210015632-ea17b1a17847


go: extracting gopkg.in/olebedev/go-duktape.v3 v3.0.0-20190213234257-ec84240a7772


go: downloading github.com/fjl/memsize v0.0.0-20180418122429-ca190fb6ffbc


go: extracting golang.org/x/sys v0.0.0-20190712062909-fae7ac547cb7


go: extracting github.com/influxdata/influxdb v1.2.3-0.20180221223340-01288bdb0883


go: extracting github.com/wsddn/go-ecdh v0.0.0-20161211032359-48726bab9208


go: downloading github.com/status-im/keycard-go v0.0.0-20190316090335-8537d3370df4


go: extracting github.com/naoina/toml v0.1.2-0.20170918210437-9fafd6967416


go: downloading github.com/docker/docker v1.4.2-0.20180625184442-8e610b2b55bf


go: extracting github.com/steakknife/bloomfilter v0.0.0-20180922174646-6819c0d2a570


go: extracting github.com/aristanetworks/goarista v0.0.0-20170210015632-ea17b1a17847


go: extracting golang.org/x/net v0.0.0-20190628185345-da137c7871d7


go: extracting github.com/fjl/memsize v0.0.0-20180418122429-ca190fb6ffbc


go: downloading github.com/VictoriaMetrics/fastcache v1.5.2


go: extracting github.com/status-im/keycard-go v0.0.0-20190316090335-8537d3370df4


go: downloading github.com/go-stack/stack v1.8.0


go: downloading github.com/cloudflare/cloudflare-go v0.10.2-0.20190916151808-a80f83b9add9


go: downloading github.com/steakknife/hamming v0.0.0-20180906055917-c99c65617cd3


go: extracting github.com/VictoriaMetrics/fastcache v1.5.2


go: extracting github.com/go-stack/stack v1.8.0


go: downloading github.com/pkg/errors v0.8.1


go: extracting github.com/cloudflare/cloudflare-go v0.10.2-0.20190916151808-a80f83b9add9


go: downloading github.com/mattn/go-isatty v0.0.5-0.20180830101745-3fb116b82035


go: downloading github.com/elastic/gosigar v0.8.1-0.20180330100440-37f05ff46ffa


go: extracting github.com/steakknife/hamming v0.0.0-20180906055917-c99c65617cd3


go: downloading github.com/rs/cors v0.0.0-20160617231935-a62a804a8a00


go: extracting github.com/pkg/errors v0.8.1


go: downloading github.com/gorilla/websocket v1.4.1-0.20190629185528-ae1634f6a989


go: extracting github.com/elastic/gosigar v0.8.1-0.20180330100440-37f05ff46ffa


go: extracting github.com/mattn/go-isatty v0.0.5-0.20180830101745-3fb116b82035


go: downloading github.com/cespare/xxhash v1.1.0


go: extracting github.com/docker/docker v1.4.2-0.20180625184442-8e610b2b55bf


go: extracting github.com/rs/cors v0.0.0-20160617231935-a62a804a8a00


go: extracting github.com/gorilla/websocket v1.4.1-0.20190629185528-ae1634f6a989


go: extracting golang.org/x/text v0.3.2


go: extracting github.com/cespare/xxhash v1.1.0


go: downloading github.com/davecgh/go-spew v1.1.1


go: extracting github.com/davecgh/go-spew v1.1.1


go: downloading github.com/edsrzf/mmap-go v0.0.0-20160512033002-935e0e8a636c


go: downloading github.com/cespare/xxhash/v2 v2.0.1-0.20190104013014-3767db7a7e18


go: downloading github.com/golang/protobuf v1.3.2-0.20190517061210-b285ee9cfc6c


go: extracting github.com/cespare/xxhash/v2 v2.0.1-0.20190104013014-3767db7a7e18


go: downloading golang.org/x/time v0.0.0-20190308202827-9d24e82272b4


go: downloading github.com/mattn/go-runewidth v0.0.4


go: extracting github.com/edsrzf/mmap-go v0.0.0-20160512033002-935e0e8a636c


go: downloading github.com/gballet/go-libpcsclite v0.0.0-20190607065134-2772fd86a8ff


go: extracting github.com/golang/protobuf v1.3.2-0.20190517061210-b285ee9cfc6c


go: extracting github.com/mattn/go-runewidth v0.0.4


go: downloading github.com/tyler-smith/go-bip39 v1.0.1-0.20181017060643-dbb3b84ba2ef


go: downloading github.com/rs/xhandler v0.0.0-20160618193221-ed27b6fd6521


go: extracting golang.org/x/time v0.0.0-20190308202827-9d24e82272b4


go: downloading github.com/deckarep/golang-set v0.0.0-20180603214616-504e848d77ea


go: extracting github.com/gballet/go-libpcsclite v0.0.0-20190607065134-2772fd86a8ff


go: downloading github.com/fatih/color v1.3.0


go: downloading github.com/naoina/go-stringutil v0.1.0


go: downloading github.com/julienschmidt/httprouter v1.1.1-0.20170430222011-975b5c4c7c21


go: extracting github.com/tyler-smith/go-bip39 v1.0.1-0.20181017060643-dbb3b84ba2ef


go: extracting github.com/deckarep/golang-set v0.0.0-20180603214616-504e848d77ea


go: downloading github.com/robertkrimen/otto v0.0.0-20170205013659-6a77b7cbc37d


go: extracting github.com/fatih/color v1.3.0


go: downloading github.com/jackpal/go-nat-pmp v1.0.2-0.20160603034137-1fa385a6f458


go: extracting github.com/rs/xhandler v0.0.0-20160618193221-ed27b6fd6521


go: downloading github.com/[secure]/usb v0.0.0-20190919080040-51dc0efba356


go: extracting github.com/robertkrimen/otto v0.0.0-20170205013659-6a77b7cbc37d


go: extracting github.com/naoina/go-stringutil v0.1.0


go: downloading github.com/opentracing/opentracing-go v1.1.0


go: extracting github.com/julienschmidt/httprouter v1.1.1-0.20170430222011-975b5c4c7c21


go: extracting github.com/jackpal/go-nat-pmp v1.0.2-0.20160603034137-1fa385a6f458


go: extracting github.com/[secure]/usb v0.0.0-20190919080040-51dc0efba356


go: downloading gopkg.in/sourcemap.v1 v1.0.5


go: extracting github.com/opentracing/opentracing-go v1.1.0


go: extracting gopkg.in/sourcemap.v1 v1.0.5


go: finding github.com/golang/protobuf v1.3.2-0.20190517061210-b285ee9cfc6c


go: finding github.com/aristanetworks/goarista v0.0.0-20170210015632-ea17b1a17847


go: finding github.com/deckarep/golang-set v0.0.0-20180603214616-504e848d77ea


go: finding gopkg.in/urfave/cli.v1 v1.20.0


go: finding github.com/davecgh/go-spew v1.1.1


go: finding github.com/go-stack/stack v1.8.0


go: finding github.com/edsrzf/mmap-go v0.0.0-20160512033002-935e0e8a636c


go: finding github.com/cloudflare/cloudflare-go v0.10.2-0.20190916151808-a80f83b9add9


go: finding github.com/pborman/uuid v0.0.0-20170112150404-1b00554d8222


go: finding github.com/VictoriaMetrics/fastcache v1.5.2


go: finding github.com/huin/goupnp v0.0.0-20161224104101-679507af18f3


go: finding github.com/[secure]/usb v0.0.0-20190919080040-51dc0efba356


go: finding github.com/elastic/gosigar v0.8.1-0.20180330100440-37f05ff46ffa


go: finding github.com/cespare/xxhash/v2 v2.0.1-0.20190104013014-3767db7a7e18


go: finding github.com/jackpal/go-nat-pmp v1.0.2-0.20160603034137-1fa385a6f458


go: finding github.com/rjeczalik/notify v0.9.1


go: finding github.com/gballet/go-libpcsclite v0.0.0-20190607065134-2772fd86a8ff


go: finding github.com/golang/snappy v0.0.1


go: finding github.com/pkg/errors v0.8.1


go: finding github.com/status-im/keycard-go v0.0.0-20190316090335-8537d3370df4


go: finding golang.org/x/time v0.0.0-20190308202827-9d24e82272b4


go: finding github.com/wsddn/go-ecdh v0.0.0-20161211032359-48726bab9208


go: finding github.com/hashicorp/golang-lru v0.0.0-20160813221303-0a025b7e63ad


go: finding github.com/mattn/go-colorable v0.1.0


go: finding golang.org/x/text v0.3.2


go: finding github.com/syndtr/goleveldb v1.0.1-0.20190923125748-758128399b1d


go: finding golang.org/x/sys v0.0.0-20190712062909-fae7ac547cb7


go: finding github.com/peterh/liner v1.1.1-0.20190123174540-a2c9a5303de7


go: finding github.com/steakknife/bloomfilter v0.0.0-20180922174646-6819c0d2a570


go: finding github.com/olekukonko/tablewriter v0.0.2-0.20190409134802-7e037d187b0c


go: finding golang.org/x/net v0.0.0-20190628185345-da137c7871d7


go: finding github.com/gorilla/websocket v1.4.1-0.20190629185528-ae1634f6a989


go: finding github.com/fatih/color v1.3.0


go: finding github.com/robertkrimen/otto v0.0.0-20170205013659-6a77b7cbc37d


go: finding github.com/mattn/go-isatty v0.0.5-0.20180830101745-3fb116b82035


go: finding github.com/prometheus/tsdb v0.6.2-0.20190402121629-4f204dcbc150


go: finding github.com/fjl/memsize v0.0.0-20180418122429-ca190fb6ffbc


go: finding github.com/rs/cors v0.0.0-20160617231935-a62a804a8a00


go: finding github.com/rs/xhandler v0.0.0-20160618193221-ed27b6fd6521


go: finding github.com/docker/docker v1.4.2-0.20180625184442-8e610b2b55bf


go: finding github.com/mattn/go-runewidth v0.0.4


go: finding github.com/julienschmidt/httprouter v1.1.1-0.20170430222011-975b5c4c7c21


go: finding github.com/tyler-smith/go-bip39 v1.0.1-0.20181017060643-dbb3b84ba2ef


go: finding github.com/steakknife/hamming v0.0.0-20180906055917-c99c65617cd3


go: finding gopkg.in/sourcemap.v1 v1.0.5


go: finding github.com/influxdata/influxdb v1.2.3-0.20180221223340-01288bdb0883


go: finding github.com/graph-gophers/graphql-go v0.0.0-20191115155744-f33e81362277


go: finding github.com/naoina/toml v0.1.2-0.20170918210437-9fafd6967416


go: finding golang.org/x/sync v0.0.0-20181108010431-42b317875d0f


go: finding gopkg.in/olebedev/go-duktape.v3 v3.0.0-20190213234257-ec84240a7772


go: finding github.com/naoina/go-stringutil v0.1.0


go: finding github.com/opentracing/opentracing-go v1.1.0


golang.org/x/crypto/curve25519


github.com/cespare/xxhash/v2


github.com/golang/snappy


github.com/aristanetworks/goarista/monotime


github.com/ethereum/go-ethereum/common/mclock


github.com/VictoriaMetrics/fastcache


github.com/ethereum/go-ethereum/common/prque


github.com/ethereum/go-ethereum/ethdb


github.com/go-stack/stack


golang.org/x/sys/unix


github.com/ethereum/go-ethereum/log


github.com/steakknife/hamming


github.com/steakknife/bloomfilter


github.com/ethereum/go-ethereum/event


github.com/elastic/gosigar


github.com/ethereum/go-ethereum/accounts/abi


github.com/davecgh/go-spew/spew


github.com/deckarep/golang-set


github.com/pborman/uuid


github.com/rjeczalik/notify


github.com/ethereum/go-ethereum/metrics


github.com/ethereum/go-ethereum/trie


github.com/ethereum/go-ethereum/core/types


github.com/ethereum/go-ethereum


github.com/ethereum/go-ethereum/accounts


golang.org/x/crypto/pbkdf2


golang.org/x/crypto/scrypt


github.com/gballet/go-libpcsclite


github.com/status-im/keycard-go/derivationpath


github.com/wsddn/go-ecdh


golang.org/x/text/transform


golang.org/x/text/unicode/norm


github.com/ethereum/go-ethereum/accounts/scwallet


github.com/hashicorp/golang-lru/simplelru


github.com/hashicorp/golang-lru


github.com/ethereum/go-ethereum/core/state


github.com/ethereum/go-ethereum/p2p/netutil


github.com/gorilla/websocket


golang.org/x/net/context


github.com/rs/xhandler


github.com/rs/cors


github.com/ethereum/go-ethereum/rpc


github.com/ethereum/go-ethereum/consensus


github.com/ethereum/go-ethereum/consensus/misc


github.com/ethereum/go-ethereum/consensus/clique


github.com/edsrzf/mmap-go


github.com/ethereum/go-ethereum/common/bitutil


github.com/ethereum/go-ethereum/consensus/ethash


github.com/syndtr/goleveldb/leveldb/util


github.com/ethereum/go-ethereum/accounts/keystore


github.com/syndtr/goleveldb/leveldb/cache


github.com/syndtr/goleveldb/leveldb/comparer


github.com/syndtr/goleveldb/leveldb/storage


github.com/syndtr/goleveldb/leveldb/errors


github.com/syndtr/goleveldb/leveldb/filter


github.com/syndtr/goleveldb/leveldb/iterator


github.com/syndtr/goleveldb/leveldb/journal


github.com/syndtr/goleveldb/leveldb/opt


github.com/syndtr/goleveldb/leveldb/memdb


github.com/syndtr/goleveldb/leveldb/table


github.com/ethereum/go-ethereum/ethdb/memorydb


github.com/mattn/go-runewidth


github.com/olekukonko/tablewriter


github.com/pkg/errors


github.com/syndtr/goleveldb/leveldb


github.com/prometheus/tsdb/fileutil


golang.org/x/sys/cpu


github.com/ethereum/go-ethereum/crypto/blake2b


github.com/ethereum/go-ethereum/crypto/bn256/cloudflare


github.com/ethereum/go-ethereum/crypto/bn256


golang.org/x/crypto/ripemd160


github.com/ethereum/go-ethereum/core/vm


github.com/ethereum/go-ethereum/ethdb/leveldb


github.com/ethereum/go-ethereum/core/rawdb


github.com/ethereum/go-ethereum/core/bloombits


github.com/ethereum/go-ethereum/crypto/ecies


github.com/ethereum/go-ethereum/p2p/enr


github.com/ethereum/go-ethereum/p2p/enode


github.com/ethereum/go-ethereum/p2p/discover


github.com/ethereum/go-ethereum/core


github.com/ethereum/go-ethereum/p2p/discv5


github.com/huin/goupnp/httpu


github.com/huin/goupnp/scpd


github.com/huin/goupnp/soap


github.com/huin/goupnp/ssdp


golang.org/x/net/html/atom


golang.org/x/net/html


github.com/ethereum/go-ethereum/eth/downloader


golang.org/x/text/encoding/internal/identifier


golang.org/x/text/encoding


golang.org/x/text/encoding/internal


golang.org/x/text/encoding/charmap


golang.org/x/text/encoding/japanese


golang.org/x/text/encoding/korean


golang.org/x/text/encoding/simplifiedchinese


golang.org/x/text/encoding/traditionalchinese


golang.org/x/text/internal/utf8internal


golang.org/x/text/runes


golang.org/x/text/encoding/unicode


golang.org/x/text/internal/tag


golang.org/x/text/internal/language


github.com/jackpal/go-nat-pmp


github.com/tyler-smith/go-bip39/wordlists


github.com/tyler-smith/go-bip39


github.com/golang/protobuf/proto


golang.org/x/text/internal/language/compact


golang.org/x/text/language


golang.org/x/text/encoding/htmlindex


golang.org/x/net/html/charset


github.com/huin/goupnp


github.com/huin/goupnp/dcps/internetgateway1


github.com/huin/goupnp/dcps/internetgateway2


github.com/ethereum/go-ethereum/p2p/nat


github.com/ethereum/go-ethereum/p2p


github.com/golang/protobuf/protoc-gen-go/descriptor


github.com/ethereum/go-ethereum/internal/ethapi


github.com/ethereum/go-ethereum/accounts/usbwallet/trezor


github.com/[secure]/usb


github.com/ethereum/go-ethereum/signer/storage


golang.org/x/crypto/ssh/terminal


github.com/ethereum/go-ethereum/eth/filters


github.com/ethereum/go-ethereum/common/fdlimit


github.com/ethereum/go-ethereum/core/forkid


github.com/ethereum/go-ethereum/eth/fetcher


github.com/ethereum/go-ethereum/eth/gasprice


github.com/ethereum/go-ethereum/eth/tracers/internal/tracers


gopkg.in/olebedev/go-duktape.v3


github.com/ethereum/go-ethereum/accounts/usbwallet


github.com/ethereum/go-ethereum/signer/core


github.com/ethereum/go-ethereum/accounts/external


github.com/ethereum/go-ethereum/accounts/abi/bind


github.com/ethereum/go-ethereum/accounts/abi/bind/backends


github.com/ethereum/go-ethereum/miner


github.com/ethereum/go-ethereum/metrics/prometheus


github.com/ethereum/go-ethereum/metrics/exp


github.com/fjl/memsize


github.com/fjl/memsize/memsizeui


github.com/mattn/go-isatty


github.com/mattn/go-colorable


gopkg.in/urfave/cli.v1


github.com/ethereum/go-ethereum/internal/debug


github.com/ethereum/go-ethereum/node


github.com/ethereum/go-ethereum/contracts/checkpointoracle/contract


github.com/ethereum/go-ethereum/contracts/checkpointoracle


github.com/ethereum/go-ethereum/les/flowcontrol


github.com/ethereum/go-ethereum/light


github.com/graph-gophers/graphql-go/errors


github.com/graph-gophers/graphql-go/internal/common


github.com/graph-gophers/graphql-go/internal/schema


github.com/graph-gophers/graphql-go/internal/exec/packer


github.com/graph-gophers/graphql-go/introspection


github.com/graph-gophers/graphql-go/internal/exec/resolvable


github.com/graph-gophers/graphql-go/internal/query


github.com/graph-gophers/graphql-go/internal/exec/selected


github.com/graph-gophers/graphql-go/log


github.com/opentracing/opentracing-go/log


github.com/opentracing/opentracing-go


github.com/opentracing/opentracing-go/ext


github.com/graph-gophers/graphql-go/trace


github.com/graph-gophers/graphql-go/internal/exec


github.com/graph-gophers/graphql-go/internal/validation


github.com/graph-gophers/graphql-go


github.com/graph-gophers/graphql-go/relay


github.com/ethereum/go-ethereum/graphql


github.com/influxdata/influxdb/pkg/escape


github.com/influxdata/influxdb/models


github.com/influxdata/influxdb/client


github.com/ethereum/go-ethereum/metrics/influxdb


golang.org/x/sync/syncmap


github.com/ethereum/go-ethereum/whisper/whisperv6


github.com/ethereum/go-ethereum/common/compiler


github.com/ethereum/go-ethereum/ethclient


github.com/ethereum/go-ethereum/internal/jsre/deps


github.com/fatih/color


gopkg.in/sourcemap.v1/base64vlq


gopkg.in/sourcemap.v1


github.com/robertkrimen/otto/file


github.com/robertkrimen/otto/token


github.com/robertkrimen/otto/ast


github.com/robertkrimen/otto/dbg


github.com/robertkrimen/otto/parser


github.com/robertkrimen/otto/registry


github.com/robertkrimen/otto


github.com/ethereum/go-ethereum/internal/jsre


github.com/ethereum/go-ethereum/internal/web3ext


github.com/peterh/liner


github.com/ethereum/go-ethereum/console


github.com/ethereum/go-ethereum/signer/fourbyte


github.com/ethereum/go-ethereum/signer/rules/deps


github.com/ethereum/go-ethereum/signer/rules


golang.org/x/time/rate


github.com/cloudflare/cloudflare-go


github.com/ethereum/go-ethereum/p2p/dnsdisc


github.com/ethereum/go-ethereum/cmd/devp2p


github.com/ethereum/go-ethereum/core/asm


github.com/ethereum/go-ethereum/cmd/evm/internal/compiler


github.com/ethereum/go-ethereum/core/vm/runtime


github.com/ethereum/go-ethereum/tests


github.com/naoina/go-stringutil


github.com/naoina/toml/ast


github.com/naoina/toml


github.com/docker/docker/pkg/reexec


github.com/ethereum/go-ethereum/p2p/simulations/pipes


github.com/ethereum/go-ethereum/p2p/simulations/adapters


github.com/julienschmidt/httprouter


github.com/ethereum/go-ethereum/p2p/simulations


github.com/ethereum/go-ethereum/cmd/p2psim


golang.org/x/crypto/ed25519/internal/edwards25519


golang.org/x/crypto/ed25519


golang.org/x/crypto/internal/subtle


golang.org/x/crypto/internal/chacha20


golang.org/x/crypto/poly1305


golang.org/x/crypto/ssh


github.com/ethereum/go-ethereum/cmd/puppeth


github.com/ethereum/go-ethereum/cmd/rlpdump


github.com/ethereum/go-ethereum/whisper/mailserver


github.com/ethereum/go-ethereum/crypto/bn256/google


github.com/ethereum/go-ethereum/ethdb/dbtest


github.com/ethereum/go-ethereum/internal/cmdtest


github.com/ethereum/go-ethereum/internal/guide


github.com/ethereum/go-ethereum/internal/testlog


github.com/ethereum/go-ethereum/metrics/librato


github.com/ethereum/go-ethereum/whisper/shhclient


github.com/ethereum/go-ethereum/p2p/simulations/examples


github.com/ethereum/go-ethereum/p2p/testing


github.com/ethereum/go-ethereum/eth/tracers


github.com/ethereum/go-ethereum/eth


github.com/ethereum/go-ethereum/les


github.com/ethereum/go-ethereum/ethstats


github.com/ethereum/go-ethereum/cmd/faucet


github.com/ethereum/go-ethereum/cmd/utils


github.com/ethereum/go-ethereum/cmd/abigen


github.com/ethereum/go-ethereum/cmd/bootnode


github.com/ethereum/go-ethereum/cmd/checkpoint-admin


github.com/ethereum/go-ethereum/cmd/clef


github.com/ethereum/go-ethereum/cmd/ethkey


github.com/ethereum/go-ethereum/cmd/evm


github.com/ethereum/go-ethereum/cmd/geth


github.com/ethereum/go-ethereum/cmd/wnode


github.com/ethereum/go-ethereum/mobile


travis_time:end:08e27767:start=1574765931319607000,finish=1574766059310828000,duration=127991221000,event=script
[0K[32;1mThe command "go run build/ci.go install" exited with 0.[0m


travis_time:start:0cf57b76
[0K$ go run build/ci.go archive -type tar -signer OSX_SIGNING_KEY -upload gethstore/builds


geth-darwin-amd64-1.9.9-unstable-06763201.tar.gz


   + COPYING


   + geth


geth-alltools-darwin-amd64-1.9.9-unstable-06763201.tar.gz


   + COPYING


   + abigen


   + bootnode


   + evm


   + geth


   + puppeth


   + rlpdump


   + wnode


   + clef


travis_time:end:0cf57b76:start=1574766059324277000,finish=1574766087083381000,duration=27759104000,event=script
[0K[32;1mThe command "go run build/ci.go archive -type tar -signer OSX_SIGNING_KEY -upload gethstore/builds" exited with 0.[0m


travis_time:start:08a4c9d9
[0K$ gem uninstall cocoapods -a -x


Removing pod


Removing sandbox-pod


Successfully uninstalled cocoapods-1.5.3


travis_time:end:08a4c9d9:start=1574766087098390000,finish=1574766088429368000,duration=1330978000,event=script
[0K[32;1mThe command "gem uninstall cocoapods -a -x" exited with 0.[0m


travis_time:start:10777eb8
[0K$ gem install cocoapods


Successfully installed concurrent-ruby-1.1.5


Successfully installed algoliasearch-1.27.1


Successfully installed cocoapods-core-1.8.4


Successfully installed cocoapods-deintegrate-1.0.4


Successfully installed cocoapods-downloader-1.3.0


Successfully installed cocoapods-trunk-1.4.1


Successfully installed molinillo-0.6.6


Successfully installed atomos-0.1.3


Successfully installed nanaimo-0.2.6


Successfully installed xcodeproj-1.13.0


Successfully installed fourflusher-2.3.1


Successfully installed ruby-macho-1.4.0


Successfully installed cocoapods-1.8.4


13 gems installed


travis_time:end:10777eb8:start=1574766088440644000,finish=1574766092862296000,duration=4421652000,event=script
[0K[32;1mThe command "gem install cocoapods" exited with 0.[0m


travis_time:start:0079d078
[0K$ mv ~/.cocoapods/repos/master ~/.cocoapods/repos/master.bak


travis_time:end:0079d078:start=1574766092880033000,finish=1574766092897531000,duration=17498000,event=script
[0K[32;1mThe command "mv ~/.cocoapods/repos/master ~/.cocoapods/repos/master.bak" exited with 0.[0m


travis_time:start:041cb8e2
[0K$ sed -i '.bak' 's/repo.join/!repo.join/g' $(dirname `gem which cocoapods`)/cocoapods/sources_manager.rb


travis_time:end:041cb8e2:start=1574766092908993000,finish=1574766093376913000,duration=467920000,event=script
[0K[32;1mThe command "sed -i '.bak' 's/repo.join/!repo.join/g' $(dirname `gem which cocoapods`)/cocoapods/sources_manager.rb" exited with 0.[0m


travis_time:start:0f545e11
[0K$ if [ "$TRAVIS_PULL_REQUEST" = "false" ]; then git clone --depth=1 https://github.com/CocoaPods/Specs.git ~/.cocoapods/repos/master && pod setup --verbose; fi


Cloning into '/Users/travis/.cocoapods/repos/master'...


Checking out files:   0% (2500/376804)   
Checking out files:   1% (3769/376804)   
Checking out files:   1% (4126/376804)   
Checking out files:   1% (5680/376804)   
Checking out files:   1% (6507/376804)   
Checking out files:   2% (7537/376804)   
Checking out files:   2% (7841/376804)   
Checking out files:   2% (9422/376804)   
Checking out files:   3% (11305/376804)   
Checking out files:   3% (12058/376804)   
Checking out files:   3% (14830/376804)   
Checking out files:   4% (15073/376804)   
Checking out files:   4% (17523/376804)   
Checking out files:   5% (18841/376804)   
Checking out files:   5% (20203/376804)   
Checking out files:   6% (22609/376804)   
Checking out files:   6% (22971/376804)   
Checking out files:   6% (24804/376804)   
Checking out files:   7% (26377/376804)   
Checking out files:   7% (27582/376804)   
Checking out files:   7% (30058/376804)   
Checking out files:   8% (30145/376804)   
Checking out files:   8% (33073/376804)   
Checking out files:   9% (33913/376804)   
Checking out files:   9% (35979/376804)   
Checking out files:  10% (37681/376804)   
Checking out files:  10% (38300/376804)   
Checking out files:  10% (41022/376804)   
Checking out files:  11% (41449/376804)   
Checking out files:  11% (43402/376804)   
Checking out files:  12% (45217/376804)   
Checking out files:  12% (46335/376804)   
Checking out files:  13% (48985/376804)   
Checking out files:  13% (49288/376804)   
Checking out files:  13% (52143/376804)   
Checking out files:  14% (52753/376804)   
Checking out files:  14% (55124/376804)   
Checking out files:  15% (56521/376804)   
Checking out files:  15% (58034/376804)   
Checking out files:  16% (60289/376804)   
Checking out files:  16% (60559/376804)   
Checking out files:  16% (63035/376804)   
Checking out files:  17% (64057/376804)   
Checking out files:  17% (65396/376804)   
Checking out files:  18% (67825/376804)   
Checking out files:  18% (68291/376804)   
Checking out files:  18% (70978/376804)   
Checking out files:  19% (71593/376804)   
Checking out files:  19% (73806/376804)   
Checking out files:  20% (75361/376804)   
Checking out files:  20% (76696/376804)   
Checking out files:  21% (79129/376804)   
Checking out files:  21% (79402/376804)   
Checking out files:  21% (82233/376804)   
Checking out files:  22% (82897/376804)   
Checking out files:  22% (85185/376804)   
Checking out files:  23% (86665/376804)   
Checking out files:  23% (88050/376804)   
Checking out files:  24% (90433/376804)   
Checking out files:  24% (91107/376804)   
Checking out files:  24% (94026/376804)   
Checking out files:  25% (94201/376804)   
Checking out files:  25% (96937/376804)   
Checking out files:  26% (97970/376804)   
Checking out files:  26% (99838/376804)   
Checking out files:  27% (101738/376804)   
Checking out files:  27% (102715/376804)   
Checking out files:  28% (105506/376804)   
Checking out files:  28% (105720/376804)   
Checking out files:  28% (108787/376804)   
Checking out files:  29% (109274/376804)   
Checking out files:  29% (111898/376804)   
Checking out files:  30% (113042/376804)   
Checking out files:  30% (114940/376804)   
Checking out files:  31% (116810/376804)   
Checking out files:  31% (118158/376804)   
Checking out files:  32% (120578/376804)   
Checking out files:  32% (121045/376804)   
Checking out files:  32% (123845/376804)   
Checking out files:  33% (124346/376804)   
Checking out files:  33% (126989/376804)   
Checking out files:  34% (128114/376804)   
Checking out files:  34% (130050/376804)   
Checking out files:  35% (131882/376804)   
Checking out files:  35% (132792/376804)   
Checking out files:  35% (135272/376804)   
Checking out files:  36% (135650/376804)   
Checking out files:  36% (137585/376804)   
Checking out files:  37% (139418/376804)   
Checking out files:  37% (140641/376804)   
Checking out files:  38% (143186/376804)   
Checking out files:  38% (143532/376804)   
Checking out files:  38% (146559/376804)   
Checking out files:  39% (146954/376804)   
Checking out files:  39% (149721/376804)   
Checking out files:  40% (150722/376804)   
Checking out files:  40% (152791/376804)   
Checking out files:  41% (154490/376804)   
Checking out files:  41% (155430/376804)   
Checking out files:  42% (158258/376804)   
Checking out files:  42% (158499/376804)   
Checking out files:  42% (161572/376804)   
Checking out files:  43% (162026/376804)   
Checking out files:  43% (164750/376804)   
Checking out files:  44% (165794/376804)   
Checking out files:  44% (167830/376804)   
Checking out files:  45% (169562/376804)   
Checking out files:  45% (170976/376804)   
Checking out files:  45% (171067/376804)   
Checking out files:  45% (171068/376804)   
Checking out files:  45% (172394/376804)   
Checking out files:  46% (173330/376804)   
Checking out files:  46% (174869/376804)   
Checking out files:  47% (177098/376804)   
Checking out files:  47% (178018/376804)   
Checking out files:  48% (180866/376804)   
Checking out files:  48% (180879/376804)   
Checking out files:  48% (183776/376804)   
Checking out files:  49% (184634/376804)   
Checking out files:  49% (186660/376804)   
Checking out files:  50% (188402/376804)   
Checking out files:  50% (189567/376804)   
Checking out files:  51% (192171/376804)   
Checking out files:  51% (192781/376804)   
Checking out files:  51% (195916/376804)   
Checking out files:  52% (195939/376804)   
Checking out files:  52% (198847/376804)   
Checking out files:  53% (199707/376804)   
Checking out files:  53% (201911/376804)   
Checking out files:  54% (203475/376804)   
Checking out files:  54% (204849/376804)   
Checking out files:  55% (207243/376804)   
Checking out files:  55% (207900/376804)   
Checking out files:  55% (210739/376804)   
Checking out files:  56% (211011/376804)   
Checking out files:  56% (213611/376804)   
Checking out files:  57% (214779/376804)   
Checking out files:  57% (216474/376804)   
Checking out files:  58% (218547/376804)   
Checking out files:  58% (219290/376804)   
Checking out files:  59% (222315/376804)   
Checking out files:  59% (222517/376804)   
Checking out files:  59% (225660/376804)   
Checking out files:  60% (226083/376804)   
Checking out files:  60% (227059/376804)   
Checking out files:  60% (227437/376804)   
Checking out files:  61% (229851/376804)   
Checking out files:  61% (230674/376804)   
Checking out files:  61% (233535/376804)   
Checking out files:  62% (233619/376804)   
Checking out files:  62% (236764/376804)   
Checking out files:  63% (237387/376804)   
Checking out files:  63% (240003/376804)   
Checking out files:  64% (241155/376804)   
Checking out files:  64% (243187/376804)   
Checking out files:  65% (244923/376804)   
Checking out files:  65% (246086/376804)   
Checking out files:  66% (248691/376804)   
Checking out files:  66% (249451/376804)   
Checking out files:  67% (252459/376804)   
Checking out files:  67% (252583/376804)   
Checking out files:  67% (255378/376804)   
Checking out files:  68% (256227/376804)   
Checking out files:  68% (258566/376804)   
Checking out files:  69% (259995/376804)   
Checking out files:  69% (261680/376804)   
Checking out files:  70% (263763/376804)   
Checking out files:  70% (264964/376804)   
Checking out files:  71% (267531/376804)   
Checking out files:  71% (268249/376804)   
Checking out files:  72% (271299/376804)   
Checking out files:  72% (271468/376804)   
Checking out files:  72% (274784/376804)   
Checking out files:  73% (275067/376804)   
Checking out files:  73% (278062/376804)   
Checking out files:  74% (278835/376804)   
Checking out files:  74% (281441/376804)   
Checking out files:  75% (282603/376804)   
Checking out files:  75% (284779/376804)   
Checking out files:  76% (286372/376804)   
Checking out files:  76% (288081/376804)   
Checking out files:  77% (290140/376804)   
Checking out files:  77% (291420/376804)   
Checking out files:  78% (293908/376804)   
Checking out files:  78% (294822/376804)   
Checking out files:  79% (297676/376804)   
Checking out files:  79% (298118/376804)   
Checking out files:  80% (301444/376804)   
Checking out files:  80% (301468/376804)   
Checking out files:  80% (304888/376804)   
Checking out files:  81% (305212/376804)   
Checking out files:  81% (308285/376804)   
Checking out files:  82% (308980/376804)   
Checking out files:  82% (311646/376804)   
Checking out files:  83% (312748/376804)   
Checking out files:  83% (313613/376804)   
Checking out files:  83% (314688/376804)   
Checking out files:  84% (316516/376804)   
Checking out files:  84% (317992/376804)   
Checking out files:  85% (320284/376804)   
Checking out files:  85% (321335/376804)   
Checking out files:  86% (324052/376804)   
Checking out files:  86% (324689/376804)   
Checking out files:  87% (327820/376804)   
Checking out files:  87% (327941/376804)   
Checking out files:  87% (331259/376804)   
Checking out files:  88% (331588/376804)   
Checking out files:  88% (334197/376804)   
Checking out files:  89% (335356/376804)   
Checking out files:  89% (337095/376804)   
Checking out files:  90% (339124/376804)   
Checking out files:  90% (339972/376804)   
Checking out files:  90% (342884/376804)   
Checking out files:  91% (342892/376804)   
Checking out files:  91% (345966/376804)   
Checking out files:  92% (346660/376804)   
Checking out files:  92% (348758/376804)   
Checking out files:  92% (350128/376804)   
Checking out files:  93% (350428/376804)   
Checking out files:  93% (353482/376804)   
Checking out files:  94% (354196/376804)   
Checking out files:  94% (356769/376804)   
Checking out files:  95% (357964/376804)   
Checking out files:  95% (360282/376804)   
Checking out files:  96% (361732/376804)   
Checking out files:  96% (363486/376804)   
Checking out files:  97% (365500/376804)   
Checking out files:  97% (366774/376804)   
Checking out files:  98% (369268/376804)   
Checking out files:  98% (370158/376804)   
Checking out files:  99% (373036/376804)   
Checking out files:  99% (373405/376804)   
Checking out files: 100% (376804/376804)   
Checking out files: 100% (376804/376804), done.


travis_time:end:0f545e11:start=1574766093389959000,finish=1574766278169202000,duration=184779243000,event=script
[0K[32;1mThe command "if [ "$TRAVIS_PULL_REQUEST" = "false" ]; then git clone --depth=1 https://github.com/CocoaPods/Specs.git ~/.cocoapods/repos/master && pod setup --verbose; fi" exited with 0.[0m


travis_time:start:0010040a
[0K$ xctool -version


0.3.4


travis_time:end:0010040a:start=1574766278181778000,finish=1574766278904357000,duration=722579000,event=script
[0K[32;1mThe command "xctool -version" exited with 0.[0m


travis_time:start:01ce1ed2
[0K$ xcrun simctl list


== Device Types ==


iPhone 4s (com.apple.CoreSimulator.SimDeviceType.iPhone-4s)


iPhone 5 (com.apple.CoreSimulator.SimDeviceType.iPhone-5)


iPhone 5s (com.apple.CoreSimulator.SimDeviceType.iPhone-5s)


iPhone 6 (com.apple.CoreSimulator.SimDeviceType.iPhone-6)


iPhone 6 Plus (com.apple.CoreSimulator.SimDeviceType.iPhone-6-Plus)


iPhone 6s (com.apple.CoreSimulator.SimDeviceType.iPhone-6s)


iPhone 6s Plus (com.apple.CoreSimulator.SimDeviceType.iPhone-6s-Plus)


iPhone 7 (com.apple.CoreSimulator.SimDeviceType.iPhone-7)


iPhone 7 Plus (com.apple.CoreSimulator.SimDeviceType.iPhone-7-Plus)


iPhone 8 (com.apple.CoreSimulator.SimDeviceType.iPhone-8)


iPhone 8 Plus (com.apple.CoreSimulator.SimDeviceType.iPhone-8-Plus)


iPhone SE (com.apple.CoreSimulator.SimDeviceType.iPhone-SE)


iPhone X (com.apple.CoreSimulator.SimDeviceType.iPhone-X)


iPad 2 (com.apple.CoreSimulator.SimDeviceType.iPad-2)


iPad Retina (com.apple.CoreSimulator.SimDeviceType.iPad-Retina)


iPad Air (com.apple.CoreSimulator.SimDeviceType.iPad-Air)


iPad Air 2 (com.apple.CoreSimulator.SimDeviceType.iPad-Air-2)


iPad (5th generation) (com.apple.CoreSimulator.SimDeviceType.iPad--5th-generation-)


iPad Pro (9.7-inch) (com.apple.CoreSimulator.SimDeviceType.iPad-Pro--9-7-inch-)


iPad Pro (12.9-inch) (com.apple.CoreSimulator.SimDeviceType.iPad-Pro)


iPad Pro (12.9-inch) (2nd generation) (com.apple.CoreSimulator.SimDeviceType.iPad-Pro--12-9-inch---2nd-generation-)


iPad Pro (10.5-inch) (com.apple.CoreSimulator.SimDeviceType.iPad-Pro--10-5-inch-)


iPad (6th generation) (com.apple.CoreSimulator.SimDeviceType.iPad--6th-generation-)


Apple TV (com.apple.CoreSimulator.SimDeviceType.Apple-TV-1080p)


Apple TV 4K (com.apple.CoreSimulator.SimDeviceType.Apple-TV-4K-4K)


Apple TV 4K (at 1080p) (com.apple.CoreSimulator.SimDeviceType.Apple-TV-4K-1080p)


Apple Watch - 38mm (com.apple.CoreSimulator.SimDeviceType.Apple-Watch-38mm)


Apple Watch - 42mm (com.apple.CoreSimulator.SimDeviceType.Apple-Watch-42mm)


Apple Watch Series 2 - 38mm (com.apple.CoreSimulator.SimDeviceType.Apple-Watch-Series-2-38mm)


Apple Watch Series 2 - 42mm (com.apple.CoreSimulator.SimDeviceType.Apple-Watch-Series-2-42mm)


Apple Watch Series 3 - 38mm (com.apple.CoreSimulator.SimDeviceType.Apple-Watch-Series-3-38mm)


Apple Watch Series 3 - 42mm (com.apple.CoreSimulator.SimDeviceType.Apple-Watch-Series-3-42mm)


== Runtimes ==


iOS 8.1 (8.1 - 12B411) - com.apple.CoreSimulator.SimRuntime.iOS-8-1


iOS 8.2 (8.2 - 12D508) - com.apple.CoreSimulator.SimRuntime.iOS-8-2


iOS 8.3 (8.3 - 12F70) - com.apple.CoreSimulator.SimRuntime.iOS-8-3


iOS 8.4 (8.4 - 12H141) - com.apple.CoreSimulator.SimRuntime.iOS-8-4


iOS 9.0 (9.0 - 13A344) - com.apple.CoreSimulator.SimRuntime.iOS-9-0


iOS 9.1 (9.1 - 13B143) - com.apple.CoreSimulator.SimRuntime.iOS-9-1


iOS 9.2 (9.2 - 13C75) - com.apple.CoreSimulator.SimRuntime.iOS-9-2


iOS 9.3 (9.3 - 13E233) - com.apple.CoreSimulator.SimRuntime.iOS-9-3


iOS 10.0 (10.0 - 14A345) - com.apple.CoreSimulator.SimRuntime.iOS-10-0


iOS 10.1 (10.1 - 14B72) - com.apple.CoreSimulator.SimRuntime.iOS-10-1


iOS 10.2 (10.2 - 14C89) - com.apple.CoreSimulator.SimRuntime.iOS-10-2


iOS 10.3 (10.3.1 - 14E8301) - com.apple.CoreSimulator.SimRuntime.iOS-10-3


iOS 11.0 (11.0.1 - 15A8401) - com.apple.CoreSimulator.SimRuntime.iOS-11-0


iOS 11.1 (11.1 - 15B87) - com.apple.CoreSimulator.SimRuntime.iOS-11-1


iOS 11.2 (11.2 - 15C107) - com.apple.CoreSimulator.SimRuntime.iOS-11-2


iOS 11.3 (11.3 - 15E217) - com.apple.CoreSimulator.SimRuntime.iOS-11-3


iOS 11.4 (11.4 - 15F79) - com.apple.CoreSimulator.SimRuntime.iOS-11-4


tvOS 9.0 (9.0 - 13T395) - com.apple.CoreSimulator.SimRuntime.tvOS-9-0


tvOS 9.1 (9.1 - 13U85) - com.apple.CoreSimulator.SimRuntime.tvOS-9-1


tvOS 9.2 (9.2 - 13Y234) - com.apple.CoreSimulator.SimRuntime.tvOS-9-2


tvOS 10.0 (10.0 - 14T328) - com.apple.CoreSimulator.SimRuntime.tvOS-10-0


tvOS 10.1 (10.1 - 14U591) - com.apple.CoreSimulator.SimRuntime.tvOS-10-1


tvOS 10.2 (10.2 - 14W260) - com.apple.CoreSimulator.SimRuntime.tvOS-10-2


tvOS 11.0 (11.0 - 15J380) - com.apple.CoreSimulator.SimRuntime.tvOS-11-0


tvOS 11.1 (11.1 - 15J580) - com.apple.CoreSimulator.SimRuntime.tvOS-11-1


tvOS 11.2 (11.2 - 15K104) - com.apple.CoreSimulator.SimRuntime.tvOS-11-2


tvOS 11.3 (11.3 - 15L211) - com.apple.CoreSimulator.SimRuntime.tvOS-11-3


tvOS 11.4 (11.4 - 15L576) - com.apple.CoreSimulator.SimRuntime.tvOS-11-4


watchOS 2.0 (2.0 - 13S343) - com.apple.CoreSimulator.SimRuntime.watchOS-2-0


watchOS 2.1 (2.1 - 13S661) - com.apple.CoreSimulator.SimRuntime.watchOS-2-1


watchOS 2.2 (2.2 - 13V144) - com.apple.CoreSimulator.SimRuntime.watchOS-2-2


watchOS 3.1 (3.1 - 14S471a) - com.apple.CoreSimulator.SimRuntime.watchOS-3-1


watchOS 3.2 (3.2 - 14V243) - com.apple.CoreSimulator.SimRuntime.watchOS-3-2


watchOS 4.0 (4.0 - 15R372) - com.apple.CoreSimulator.SimRuntime.watchOS-4-0


watchOS 4.1 (4.1 - 15R844) - com.apple.CoreSimulator.SimRuntime.watchOS-4-1


watchOS 4.2 (4.2 - 15S100) - com.apple.CoreSimulator.SimRuntime.watchOS-4-2


watchOS 4.3 (4.3 - 15T212) - com.apple.CoreSimulator.SimRuntime.watchOS-4-3


== Devices ==


-- iOS 8.1 --


    iPhone 4s (2B0671BD-7CAD-47F8-9160-F14DB20F1262) (Shutdown)


    iPhone 5 (86EDFC00-BAEB-4EFC-8F12-5AFBC0473770) (Shutdown)


    iPhone 5s (457B6F86-26C1-4375-930F-9E04FE4AA9A4) (Shutdown)


    iPhone 6 (EDAA4F34-F795-44A5-9504-F90B28390E24) (Shutdown)


    iPhone 6 Plus (C3E159D1-92EA-4D65-9A6C-CA93EDCCAE3B) (Shutdown)


    iPad 2 (2CD5957A-6D0C-45E1-8AA3-CD4F9AB8C10B) (Shutdown)


    iPad Retina (5450E3F8-4996-4782-9775-FD9CB371A062) (Shutdown)


    iPad Air (4150FFDE-4344-4809-BEEE-78D237BA7353) (Shutdown)


-- iOS 8.2 --


    iPhone 4s (4DADE89C-EB1D-4D52-A250-D03B115C22B1) (Shutdown)


    iPhone 5 (09E059C6-DC11-4CCA-9C54-F7E791BF49BC) (Shutdown)


    iPhone 5s (75F48A28-BA25-4582-B21B-7B4F4A718F48) (Shutdown)


    iPhone 6 (62703339-2564-480A-9000-3D3B4D9D4F35) (Shutdown)


    iPhone 6 Plus (D1722CA4-7AD9-48CD-8FC5-0CB143ED644B) (Shutdown)


    iPad 2 (51E966A7-98BB-4AB9-B5C4-B40E5FC7FFED) (Shutdown)


    iPad Retina (BEBED407-8863-44EA-8000-EB39B51BBCD1) (Shutdown)


    iPad Air (686D0A3F-BD2D-4630-8DB6-C6B9ACECE5D2) (Shutdown)


-- iOS 8.3 --


    iPhone 4s (3CDF0605-D4AF-4242-AFA1-FF2C157A9C70) (Shutdown)


    iPhone 5 (19AF02F6-DB79-49B3-A8C6-A1C336BCE3F1) (Shutdown)


    iPhone 5s (86EA2F80-F818-4C19-A468-21DB5C0C8E66) (Shutdown)


    iPhone 6 (991AE0D6-B245-429C-B99E-8293C552515C) (Shutdown)


    iPhone 6 Plus (64AFC437-4EEC-48F8-9D57-28D81ED68408) (Shutdown)


    iPad 2 (2AA4BDFD-F5C2-46DF-9F5F-DB514B6ED56F) (Shutdown)


    iPad Retina (09A49FD7-7BF3-47D8-AFF2-54B3AA232BA2) (Shutdown)


    iPad Air (C7CC9A95-F717-43BE-BC49-E96480CCB8FD) (Shutdown)


-- iOS 8.4 --


    iPhone 4s (6BCD79BC-D0CB-43AF-9870-F0B68A8556E7) (Shutdown)


    iPhone 5 (E6A3B0AF-AB73-40F8-9BC8-0B40790DEE39) (Shutdown)


    iPhone 5s (B43FBA4E-1FD2-44B1-AA63-E3A7278F7105) (Shutdown)


    iPhone 6 (3FF68940-AAB8-43BA-97EF-9CF1E73E38B0) (Shutdown)


    iPhone 6 Plus (51CE983B-4088-4476-A55D-EC102C4EC518) (Shutdown)


    iPad 2 (608382E4-F0D6-4320-BFEA-B8C40744AD0A) (Shutdown)


    iPad Retina (656BEC2A-1437-491A-B76A-B815B11AA3F6) (Shutdown)


    iPad Air (56F1E42E-634C-4271-B1F8-929C5FA09F17) (Shutdown)


-- iOS 9.0 --


    iPhone 4s (14C73E2C-9E93-4D65-B014-C4BED07043C9) (Shutdown)


    iPhone 5 (779B1757-2F85-49DB-8692-1CB7F525A0A8) (Shutdown)


    iPhone 5s (D73669A5-7AA1-40C6-B97F-7AFAC3032A02) (Shutdown)


    iPhone 6 (D2F6C51F-A7E5-4D35-AB11-7E39524C6AC1) (Shutdown)


    iPhone 6 Plus (E52E4E23-652B-42AE-8B0E-8FDCF383E27B) (Shutdown)


    iPhone 6s (B6C52922-3BDD-409C-AA41-7B561D7E69A4) (Shutdown)


    iPhone 6s Plus (BA1AC073-887F-46DF-A508-6D988AB6BD4F) (Shutdown)


    iPad 2 (E27A635C-52D2-4603-8B58-9859FBB02C94) (Shutdown)


    iPad Retina (53D1C769-9C51-41D1-9C96-E797921860F7) (Shutdown)


    iPad Air (A3F3D781-ACC6-478C-9B2D-7FF7E46BC386) (Shutdown)


    iPad Air 2 (23091268-7391-496F-B159-E3270DB4DCC2) (Shutdown)


-- iOS 9.1 --


    iPhone 4s (A89FE6CE-C5EA-49C6-A138-B926DF6A9C25) (Shutdown)


    iPhone 5 (010AFBC3-5339-4257-824C-83AA3863405C) (Shutdown)


    iPhone 5s (6034A261-6971-4C54-A0E9-FDE1B3C08487) (Shutdown)


    iPhone 6 (B1458D77-7232-44DA-BBEF-CEFA40647FDA) (Shutdown)


    iPhone 6 Plus (995B7565-9DE5-431E-AE20-279888580BD6) (Shutdown)


    iPhone 6s (7671DCA7-2C17-4F70-931D-6F0E03B21F3F) (Shutdown)


    iPhone 6s Plus (FB3B06E0-8DFA-4E9D-A149-88A42EFBCE3A) (Shutdown)


    iPad 2 (8EA602F3-BFE7-41D1-856C-080F634794EE) (Shutdown)


    iPad Retina (7FBEF989-EAF1-4760-8F3F-3F8F516121CC) (Shutdown)


    iPad Air (BA89853E-45CC-464B-A12E-1C16656D4ADF) (Shutdown)


    iPad Air 2 (6194B82C-EEF3-4376-A87A-7E06C95AC506) (Shutdown)


    iPad Pro (86F4D8B9-0F17-437B-A9AA-FFD0AB7688A2) (Shutdown)


-- iOS 9.2 --


    iPhone 4s (91EC8B43-47E2-4B42-AE82-F4AD5D28CB5A) (Shutdown)


    iPhone 5 (8E0692AE-4F39-4167-A822-792ED58A63F2) (Shutdown)


    iPhone 5s (FAE64C7A-EAAE-46E8-9574-D60E0664972B) (Shutdown)


    iPhone 6 (5221D898-F188-4F84-9F38-75619511579A) (Shutdown)


    iPhone 6 Plus (00893EF6-97F2-4E05-A755-05674C0CC026) (Shutdown)


    iPhone 6s (1B93209F-4908-4D22-AD55-060F40A49521) (Shutdown)


    iPhone 6s Plus (B3A312F1-332D-4C65-A29F-C1ED9ED9BF8D) (Shutdown)


    iPad 2 (3A2B73DD-D059-4A60-9968-33F6FFC5029B) (Shutdown)


    iPad Retina (639A30CD-F361-463E-A171-DFBA8E7298EC) (Shutdown)


    iPad Air (ACEC701E-9AAF-448F-9B03-0011014446FF) (Shutdown)


    iPad Air 2 (71673F89-CF2E-4B6E-A505-ABAC18B3F69D) (Shutdown)


    iPad Pro (248EFA4E-4723-4C2D-98B1-527E7585437C) (Shutdown)


-- iOS 9.3 --


    iPhone 4s (D22DA37A-5F16-4193-AB57-4DF2E9372378) (Shutdown)


    iPhone 5 (45787325-D869-4769-ACB9-C6309BCF883B) (Shutdown)


    iPhone 5s (58FC13DC-26A0-4A50-BDE0-E5F1558DB73C) (Shutdown)


    iPhone 6 (8A462E89-DC29-4C3E-9E67-65D5589D409E) (Shutdown)


    iPhone 6 Plus (0A702B8B-B2A1-4A9D-BA55-A5822DA972B8) (Shutdown)


    iPhone 6s (866BCD97-88C4-49D9-BB38-E50197D7EC01) (Shutdown)


    iPhone 6s Plus (3FB5F0BB-7C22-44EB-BF47-95A298256F6E) (Shutdown)


    iPad 2 (1E85B325-92C1-4E0E-82E5-F6D4C08BB6EB) (Shutdown)


    iPad Retina (2AF8A63E-D272-4F9B-ABC9-0775BE6045D6) (Shutdown)


    iPad Air (10656696-3ACC-4418-9928-B49D1DABB801) (Shutdown)


    iPad Air 2 (E319AB99-F82E-4F5F-9EE8-14CF4D2ED9E5) (Shutdown)


    iPad Pro (F05DB4F0-30C0-4BBB-B90C-7E9C7DB632B2) (Shutdown)


-- iOS 10.0 --


    iPhone 5 (BF94643A-4024-4FE2-B71F-3869071B6166) (Shutdown)


    iPhone 5s (CCCEB864-D49E-427D-ABCC-4C7E01DD4D85) (Shutdown)


    iPhone 6 (872D1DAE-7744-4912-8FF4-818FAF514FA8) (Shutdown)


    iPhone 6 Plus (73F619BF-3F23-4F70-BC2B-BE6F2767DE69) (Shutdown)


    iPhone 6s (6E4A14AA-F6D0-4DA9-BBA1-C354DBEB4DE7) (Shutdown)


    iPhone 6s Plus (6B8A2096-C5A7-447A-B0D4-BAB352DD922E) (Shutdown)


    iPhone SE (D7BCCF4C-F0DA-45C8-AE67-06497B10D1CF) (Shutdown)


    iPad Air (9C74559B-3B60-4BE2-B1E1-97925D455961) (Shutdown)


    iPad Air 2 (D88F9898-D11E-417B-9802-D89CCEAF3C2F) (Shutdown)


    iPad Pro (9.7 inch) (7D34DFC4-124A-4D0F-A057-669581B756B7) (Shutdown)


    iPad Pro (12.9 inch) (150C9556-CA98-47F6-88C0-5CCF8EA67A2D) (Shutdown)


-- iOS 10.1 --


    iPhone 5 (AF7167AF-7465-435B-B5D3-E411E1C3CFD0) (Shutdown)


    iPhone 5s (E62C5DCF-8B23-406E-86F0-BDAE65734FF2) (Shutdown)


    iPhone 6 (9FF0EC38-320A-4EAC-BAA1-789C3FF26067) (Shutdown)


    iPhone 6 Plus (2573CAC3-0BA6-475C-BA22-70EC7ACA77E9) (Shutdown)


    iPhone 6s (78117574-E9E9-4166-BC22-01F2934522E2) (Shutdown)


    iPhone 6s Plus (25FB316B-392B-4E24-A008-895B8679B516) (Shutdown)


    iPhone 7 (C2296C10-3B11-4A23-9DC8-F232AA402A9B) (Shutdown)


    iPhone 7 Plus (DB93129F-18C4-48E6-A5D0-32031391835C) (Shutdown)


    iPhone SE (0DDA4427-0558-4A13-A860-0A9CA9D10994) (Shutdown)


    iPad Air (A94A9CA0-B9CC-421E-AA4F-FA6C3D02E2EB) (Shutdown)


    iPad Air 2 (A37BDB3E-1072-4F4D-AD24-B9D0FE6CBC42) (Shutdown)


    iPad Pro (9.7 inch) (B99D7005-CA3C-4A18-B6CE-59526EBC6445) (Shutdown)


    iPad Pro (12.9 inch) (B53A29DC-4861-465F-80D2-F95B18B68E28) (Shutdown)


-- iOS 10.2 --


    iPhone 5 (E7CA5C45-64CD-4901-BFD8-D5A83207410A) (Shutdown)


    iPhone 5s (CF936ABC-A791-4C3B-A42D-1162B35C0A11) (Shutdown)


    iPhone 6 (967D56E6-2A3E-47A2-BFAD-F016530DA3F5) (Shutdown)


    iPhone 6 Plus (84DD62A4-9D62-47E8-89F4-274890231838) (Shutdown)


    iPhone 6s (BFF57F62-8EC9-4151-8C16-CAE7D58718C3) (Shutdown)


    iPhone 6s Plus (791D6919-053B-47B3-B376-F89D9FD33D44) (Shutdown)


    iPhone 7 (F23BF19F-9C35-48C9-A2AF-D120B72E8CAA) (Shutdown)


    iPhone 7 Plus (14DFD8E2-A7F0-4162-B916-4B2F05E3BCE1) (Shutdown)


    iPhone SE (9A4D2707-090A-462E-AF38-916D4D9C2CE5) (Shutdown)


    iPad Air (87C9678D-89F5-4F84-A736-5D21DA43A1F1) (Shutdown)


    iPad Air 2 (25BC5E05-BAEF-4971-8416-85ADDAEB0BEC) (Shutdown)


    iPad Pro (9.7 inch) (2FC5189A-52CB-4C1D-AB60-B64115D09EF6) (Shutdown)


    iPad Pro (12.9 inch) (FAA75C47-D16B-44A3-A810-4ACE2C0751C6) (Shutdown)


-- iOS 10.3 --


    iPhone 5 (835159AB-C5A9-40CE-8DDA-0C7BF85D1F92) (Shutdown)


    iPhone 5s (FB172944-43CD-4AC6-9514-CF694CD4A3E8) (Shutdown)


    iPhone 6 (7979A6FF-BEC9-4620-A620-A42026875B34) (Shutdown)


    iPhone 6 Plus (D3F65B95-5818-434C-878B-0BB6BFA5790E) (Shutdown)


    iPhone 6s (716D2E9F-936A-49D7-AAB8-F75C85B963B2) (Shutdown)


    iPhone 6s Plus (D93B3184-C9CA-4FC5-B557-EC0D7A879B17) (Shutdown)


    iPhone 7 (4613405A-5789-40C7-BAFD-1F75276DF01B) (Shutdown)


    iPhone 7 Plus (96A7AA09-E958-432D-BF8C-CFDD974D925E) (Shutdown)


    iPhone SE (4BE5E4FF-A2D5-4899-B2E0-8BB3A2CD0B8B) (Shutdown)


    iPad Air (12F0E506-A78B-4D94-9821-74370A9DCE11) (Shutdown)


    iPad Air 2 (17419E8A-4CBF-4396-8543-5B630761CFC8) (Shutdown)


    iPad (5th generation) (6839934C-005F-4EF5-B6A8-245B69DE3867) (Shutdown)


    iPad Pro (9.7 inch) (3C64B4B9-74CD-42E0-86AD-A90686DCD5E8) (Shutdown)


    iPad Pro (12.9 inch) (B9E5C3B4-3566-436C-8D63-F383E2FBC03C) (Shutdown)


    iPad Pro (12.9-inch) (2nd generation) (BC8AD80A-D8B2-4267-8B77-6354FD8E8E4C) (Shutdown)


    iPad Pro (10.5-inch) (CA8D3A1C-01F3-42A6-B75F-150B834B1C8E) (Shutdown)


-- iOS 11.0 --


    iPhone 5s (CA37075E-1A35-4004-9BA1-1699014D5539) (Shutdown)


    iPhone 6 (A7E081FF-DF01-4B38-AF33-238B78D60EB0) (Shutdown)


    iPhone 6 Plus (595F4914-8EBF-42E4-AB0A-646828186683) (Shutdown)


    iPhone 6s (755DFFC3-9C59-42F8-96E5-A06811E3AF34) (Shutdown)


    iPhone 6s Plus (89B103B2-8A1D-4346-AA7A-BA486199D9D8) (Shutdown)


    iPhone 7 (E30BFFDC-BF8D-452A-B84A-EFD47A24E666) (Shutdown)


    iPhone 7 Plus (DC4BFCF6-9A7A-4C3F-AD22-1D79D8187205) (Shutdown)


    iPhone 8 (6C280E8A-F201-4C8A-A9DD-FF6AAF1C3929) (Shutdown)


    iPhone 8 Plus (6F00BFFA-A910-41E8-AD57-3F5FF7CE087F) (Shutdown)


    iPhone SE (1ED0C422-5515-4DCF-A489-0619E41988E0) (Shutdown)


    iPhone X (6A06193C-A7B7-4B1C-B0F5-BB64EA407C45) (Shutdown)


    iPad Air (E89E3DBD-B726-4CA4-B721-BD88E5075C89) (Shutdown)


    iPad Air 2 (D6BADE58-764A-42FA-B843-EF7ED4A0BE74) (Shutdown)


    iPad (5th generation) (67F5C85B-FCC6-4BC8-BDFE-88A504FD044A) (Shutdown)


    iPad Pro (9.7-inch) (1C320FE5-104A-4063-81AD-90E0015E8558) (Shutdown)


    iPad Pro (12.9-inch) (75098CA6-4479-4C61-A446-3B3EB079CC8E) (Shutdown)


    iPad Pro (12.9-inch) (2nd generation) (548F3C3A-3494-4ADA-97B8-C4F0569FB887) (Shutdown)


    iPad Pro (10.5-inch) (0E672864-12DC-415E-B832-419F06478FD1) (Shutdown)


-- iOS 11.1 --


    iPhone 5s (C096E2F3-AD67-4B02-95FE-D281FB5901E1) (Shutdown)


    iPhone 6 (181C36C6-EAFA-4D64-8DF9-293F7EADB2D7) (Shutdown)


    iPhone 6 Plus (64BFAE14-FFFF-4CB7-9253-9E7B27529B35) (Shutdown)


    iPhone 6s (628367C6-AF04-42C8-9900-A81178F2F352) (Shutdown)


    iPhone 6s Plus (F416D582-D6A0-4611-BB69-153F90CE423C) (Shutdown)


    iPhone 7 (9AC74482-9863-41FD-BE3D-38E6623EFDFB) (Shutdown)


    iPhone 7 Plus (17475554-73D2-489F-94ED-63433C6944C0) (Shutdown)


    iPhone 8 (F326BFEC-6113-48CD-819A-EC3E93B26ECD) (Shutdown)


    iPhone 8 Plus (74B5438D-E7CF-4255-BDA0-A963BA08937A) (Shutdown)


    iPhone SE (2ED9CDD0-5382-4A5A-AC84-EF3598D4E62F) (Shutdown)


    iPhone X (D52832BA-57AD-491D-8A57-8608B494E64D) (Shutdown)


    iPad Air (AE6E7168-0446-4C87-BBCE-7AD4AE734BF1) (Shutdown)


    iPad Air 2 (655CE97A-4280-4B01-ACE6-D1C712DD3516) (Shutdown)


    iPad (5th generation) (92EB3616-8FB1-4D0A-B7F2-C7B036477411) (Shutdown)


    iPad Pro (9.7-inch) (3187EBB9-0DF5-45CC-87B9-4082E3FE310C) (Shutdown)


    iPad Pro (12.9-inch) (9391F6A0-FF13-483F-ABF9-A04BDC0B764F) (Shutdown)


    iPad Pro (12.9-inch) (2nd generation) (217EC1BD-DF10-453F-995A-F87FDDCCE5E8) (Shutdown)


    iPad Pro (10.5-inch) (107D1E89-E697-47FA-A3F5-2FF9562408D6) (Shutdown)


-- iOS 11.2 --


    iPhone 5s (B9CE6312-8608-44EA-9E64-B56A757C9B8A) (Shutdown)


    iPhone 6 (3A858194-BA14-4EE4-8F9B-906481B03C47) (Shutdown)


    iPhone 6 Plus (88D5193B-4F6D-472B-B2D4-3A6DCCB887DC) (Shutdown)


    iPhone 6s (43D36EA0-64EC-43D4-8855-5D45463E6BF9) (Shutdown)


    iPhone 6s Plus (1DBCAF8C-1B02-4B8E-B1D5-9B5679DD8366) (Shutdown)


    iPhone 7 (923DC3DE-D21D-4559-9421-AEE939F2624B) (Shutdown)


    iPhone 7 Plus (F3CBA6E7-35CA-4439-84DB-F45E82B5FABD) (Shutdown)


    iPhone 8 (83BC51BB-5B95-4B2D-8236-A61C971B1782) (Shutdown)


    iPhone 8 Plus (9DE97618-778A-49CE-B7A6-AF2C986DDBF7) (Shutdown)


    iPhone SE (F15240F3-7815-45A7-BE14-A9E0BA8A5AC1) (Shutdown)


    iPhone X (9ADA386D-B982-49F5-A73D-8AD0B6615893) (Shutdown)


    iPad Air (F916600C-A450-432F-A38C-F4E796E8249D) (Shutdown)


    iPad Air 2 (72440411-B297-42B9-B7EF-F6ACA6886892) (Shutdown)


    iPad (5th generation) (2264889A-2A5B-48CE-B727-8DCDE999E945) (Shutdown)


    iPad Pro (9.7-inch) (BE28FA47-F3A9-41C5-A2E0-BFAF81B86DAF) (Shutdown)


    iPad Pro (12.9-inch) (CF6FDD42-2E85-4611-A652-01EDB8E00ED1) (Shutdown)


    iPad Pro (12.9-inch) (2nd generation) (5360F1C7-5CB3-400C-BE04-BBABFE336007) (Shutdown)


    iPad Pro (10.5-inch) (662F3325-64D6-433D-9A8C-FEDDFB8A8972) (Shutdown)


-- iOS 11.3 --


    iPhone 5s (7EC35771-F846-444D-9B50-C5DC7A961A9A) (Shutdown)


    iPhone 6 (FB845F0D-B8FA-4BEF-93DF-F404ED056584) (Shutdown)


    iPhone 6 Plus (A3A23119-876A-4C6A-9528-90E3480C527A) (Shutdown)


    iPhone 6s (1E94ACEE-70F6-476D-BC1A-936F2A5B9F56) (Shutdown)


    iPhone 6s Plus (FD1F8AC7-449A-48A4-84AF-02669B8CD10A) (Shutdown)


    iPhone 7 (9FEEED2B-0CF6-4D04-AF53-9B26634C2964) (Shutdown)


    iPhone 7 Plus (21CA6087-CA2E-46CF-9EE3-F71A53D108ED) (Shutdown)


    iPhone 8 (F9310BC9-DA96-47E4-BCD7-33FAF9C3D50D) (Shutdown)


    iPhone 8 Plus (B10354A2-F470-4F98-A914-1A09F0AA2980) (Shutdown)


    iPhone SE (6705666C-53A0-475E-A208-C33BBD6D7FD5) (Shutdown)


    iPhone X (D18EED3E-1D5F-4CB8-A88F-79DE3893EBDB) (Shutdown)


    iPad Air (0F08A38C-A927-4B9A-BFBF-57B4759049B2) (Shutdown)


    iPad Air 2 (B0900495-3EE4-4B1E-BF31-701AF4419581) (Shutdown)


    iPad (5th generation) (AD35E924-3768-42A3-AE68-B94157DE1625) (Shutdown)


    iPad Pro (9.7-inch) (75C9CA83-2FAC-4F04-9C80-B5502AA57062) (Shutdown)


    iPad Pro (12.9-inch) (22C79D33-DB4D-4B67-8D02-87F5A07BF086) (Shutdown)


    iPad Pro (12.9-inch) (2nd generation) (EA8EEE71-9636-4E44-B482-BF1E8BD2A283) (Shutdown)


    iPad Pro (10.5-inch) (838DD1E7-E403-4930-868D-4E557F323511) (Shutdown)


-- iOS 11.4 --


    iPhone 5s (0702AFE5-C0FA-493E-8A5B-3860A9BCEDB4) (Shutdown)


    iPhone 6 (9F1CE63E-694B-44E0-8B0A-10E101A388F9) (Shutdown)


    iPhone 6 Plus (A2A415B5-50B5-49AD-9E2D-166F679C25AE) (Shutdown)


    iPhone 6s (91E9B76A-3407-4CD1-B83A-4D9A2F8B5A10) (Shutdown)


    iPhone 6s Plus (56C11870-7103-4A42-8ECF-0C2A3225A5F6) (Shutdown)


    iPhone 7 (1A201D82-0514-4CEB-A9FC-EAAFD5E6B89D) (Shutdown)


    iPhone 7 Plus (8C2DF4AF-AD0A-4960-B04C-CA59E30AFD54) (Shutdown)


    iPhone 8 (FB0908FB-89D5-46C0-9231-10C1B336FF04) (Shutdown)


    iPhone 8 Plus (58CAE2C0-E539-40AC-8288-42669BD85BE8) (Shutdown)


    iPhone SE (7FC0BCB1-EAB7-4804-9A20-7B490D5C88DA) (Shutdown)


    iPhone X (C0BD112C-A78A-491A-A827-DB464992E80E) (Shutdown)


    iPad Air (CBD474FA-FC28-403A-9523-AD3D37C5EE2D) (Shutdown)


    iPad Air 2 (DCB031C4-7856-4AFA-9662-056322A93B5D) (Shutdown)


    iPad (5th generation) (DF8272DD-48AB-48E7-8EF5-929BAF18A219) (Shutdown)


    iPad Pro (9.7-inch) (2F0A090B-647C-4C56-93FF-E761ED75EC1F) (Shutdown)


    iPad Pro (12.9-inch) (A1DC71AF-156D-4CCE-A018-3F763C524548) (Shutdown)


    iPad Pro (12.9-inch) (2nd generation) (7457C8F4-DAFC-40C2-A6B5-17E918E09313) (Shutdown)


    iPad Pro (10.5-inch) (6CCEB16B-D67C-4DF8-9059-DCC418184D7C) (Shutdown)


-- tvOS 9.0 --


    Apple TV 1080p (6C8A0E93-F8D9-460A-8EA0-B56079D5657F) (Shutdown)


-- tvOS 9.1 --


    Apple TV 1080p (6E23A581-CDE1-423F-800F-C944D1249564) (Shutdown)


-- tvOS 9.2 --


    Apple TV 1080p (2A99DB46-869A-4D34-BB8C-65EEC84EB1AE) (Shutdown)


-- tvOS 10.0 --


    Apple TV 1080p (50A72879-D9C3-418A-8218-DEA6D97BA777) (Shutdown)


-- tvOS 10.1 --


    Apple TV 1080p (3E7D6147-2F8A-4817-B59C-478E41287BE3) (Shutdown)


-- tvOS 10.2 --


    Apple TV 1080p (56359155-D407-4D32-90CB-497C160BB71C) (Shutdown)


-- tvOS 11.0 --


    Apple TV (09768897-1A89-4557-A18A-5D3373174A5C) (Shutdown)


    Apple TV 4K (1E60D206-E7DA-4684-B82E-355C5C8F6352) (Shutdown)


    Apple TV 4K (at 1080p) (A9CC27D8-7013-4E5F-9F7E-B2954632BA08) (Shutdown)


-- tvOS 11.1 --


    Apple TV (1E846B56-645E-4861-8B37-C47780CFEA4E) (Shutdown)


    Apple TV 4K (C70B68DB-4B98-47A4-AD7A-377CFFEE1A32) (Shutdown)


    Apple TV 4K (at 1080p) (3BF9C274-36E6-4A05-845F-04E609F6C3B4) (Shutdown)


-- tvOS 11.2 --


    Apple TV (BC5A24BB-FCF3-47FB-A688-E9EA56C1079D) (Shutdown)


    Apple TV 4K (3D04D9A7-390B-4DC7-A595-7D448AB27637) (Shutdown)


    Apple TV 4K (at 1080p) (8E0635C8-250E-4B9C-87E1-0694D30ED9CA) (Shutdown)


-- tvOS 11.3 --


    Apple TV (65710B2D-7191-44BF-81EB-54F12594FAC5) (Shutdown)


    Apple TV 4K (10F4C4DE-C831-4725-835F-8479648046B6) (Shutdown)


    Apple TV 4K (at 1080p) (054A3841-A39E-4C1B-9672-24CF72F6E04E) (Shutdown)


-- tvOS 11.4 --


    Apple TV (6592A7F6-6CE0-495A-ABFE-156C158E5565) (Shutdown)


    Apple TV 4K (EA00D3B6-330D-4F68-8580-915B3CC53C76) (Shutdown)


    Apple TV 4K (at 1080p) (3CBF7475-0544-4DEB-A659-061BC3ADF08C) (Shutdown)


-- watchOS 2.0 --


    Apple Watch - 38mm (531F30EC-B704-4720-9566-B8BF3995473C) (Shutdown)


    Apple Watch - 42mm (1628BFDF-675F-4ACD-A18A-13736E121AE6) (Shutdown)


-- watchOS 2.1 --


    Apple Watch - 38mm (E6FA1053-726D-4A54-991E-0A2086B75D37) (Shutdown)


    Apple Watch - 42mm (0BF35CA0-5060-4FD6-8036-208E14CB7578) (Shutdown)


-- watchOS 2.2 --


    Apple Watch - 38mm (96820A44-1F43-4475-A27B-F5B26E48CE62) (Shutdown)


    Apple Watch - 42mm (1847FBC9-3610-4149-BA36-A5B4F923BDA3) (Shutdown)


-- watchOS 3.1 --


    Apple Watch - 38mm (78E08BF7-C2A3-479A-9880-4CBD56431101) (Shutdown)


    Apple Watch - 42mm (4A60FDF1-C46A-4600-BCF4-42F659AFFB3C) (Shutdown)


    Apple Watch Series 2 - 38mm (0E06B956-9E21-4CFE-A11D-0730876AB74C) (Shutdown)


    Apple Watch Series 2 - 42mm (362B36EC-9185-42A2-A11A-289124D6CFE1) (Shutdown)


-- watchOS 3.2 --


    Apple Watch - 38mm (69DD03AD-62E3-4232-9DDF-ECCE9363C548) (Shutdown)


    Apple Watch - 42mm (7E387DA9-4652-4F00-AF89-03850A669B5C) (Shutdown)


    Apple Watch Series 2 - 38mm (04D6D7ED-3807-4418-B130-F4325EB98AD2) (Shutdown)


    Apple Watch Series 2 - 42mm (0722B6CA-F882-4420-A3C8-0F1E473BD068) (Shutdown)


-- watchOS 4.0 --


    Apple Watch - 38mm (1854FBF9-BCD3-45C6-AC67-8837664CCA66) (Shutdown)


    Apple Watch - 42mm (ABDCC81A-FE87-4C4C-AF16-13979651FB60) (Shutdown)


    Apple Watch Series 2 - 38mm (5DA14630-821D-4553-BCF5-93426D9C8418) (Shutdown)


    Apple Watch Series 2 - 42mm (F3166DF6-0F2A-4BA8-94FB-FED723B0225C) (Shutdown)


    Apple Watch Series 3 - 38mm (C77DBF28-C6C3-4163-8307-F780CCCF309E) (Shutdown)


    Apple Watch Series 3 - 42mm (CF52CC43-11C3-408C-85B1-1D1B843BC557) (Shutdown)


-- watchOS 4.1 --


    Apple Watch - 38mm (D81339B6-1A30-4CB1-9095-1460ADFA6B11) (Shutdown)


    Apple Watch - 42mm (E2EE1F5E-1B1E-4CCC-BA49-B4F799F4FF24) (Shutdown)


    Apple Watch Series 2 - 38mm (48CF5CE7-3190-4985-9B3A-213349F1ACCE) (Shutdown)


    Apple Watch Series 2 - 42mm (942287DE-1BAE-47B0-8810-7AD017088D05) (Shutdown)


    Apple Watch Series 3 - 38mm (B00E56B6-A5AD-44A4-ADC3-0BA95E4CFB5C) (Shutdown)


    Apple Watch Series 3 - 42mm (972C9466-FA7A-47BB-BA96-421A77F52657) (Shutdown)


-- watchOS 4.2 --


    Apple Watch - 38mm (5BBC6E75-7E96-40DB-9B71-8FDEE10F8075) (Shutdown)


    Apple Watch - 42mm (E0A9C184-F6C2-4C98-9A73-C9517ADDC9C3) (Shutdown)


    Apple Watch Series 2 - 38mm (52231B97-46D9-4279-86CC-B55CB558D71A) (Shutdown)


    Apple Watch Series 2 - 42mm (B785E0D3-53C8-4089-8307-AB2D869A547C) (Shutdown)


    Apple Watch Series 3 - 38mm (D93908A8-2E22-4527-912E-4EE1DD8E35F3) (Shutdown)


    Apple Watch Series 3 - 42mm (D39BE00B-296A-41B7-8F57-C690E3BA0329) (Shutdown)


-- watchOS 4.3 --


    Apple Watch - 38mm (6A30F901-C516-4A7D-9C06-8C762F640F20) (Shutdown)


    Apple Watch - 42mm (38CDCD7F-29F2-4513-BA46-7AE23FD5A309) (Shutdown)


    Apple Watch Series 2 - 38mm (70D78D48-8ADD-4DC7-BFBD-23B9526B960F) (Shutdown)


    Apple Watch Series 2 - 42mm (82C3FE7E-3BE0-40B5-927B-C37FD3C7F0AE) (Shutdown)


    Apple Watch Series 3 - 38mm (0E174E72-D036-40FC-A254-899A29773085) (Shutdown)


    Apple Watch Series 3 - 42mm (3A4B13EE-E668-4EEA-8383-7E84FFC11FD2) (Shutdown)


== Device Pairs ==


70035676-89D1-4F52-A30F-F2EEBBE35BA0 (active, disconnected)


    Watch: Apple Watch Series 2 - 38mm (70D78D48-8ADD-4DC7-BFBD-23B9526B960F) (Shutdown)


    Phone: iPhone 7 (1A201D82-0514-4CEB-A9FC-EAAFD5E6B89D) (Shutdown)


92D58324-2E09-4DFD-AA66-A2D3C8347DC4 (active, disconnected)


    Watch: Apple Watch Series 2 - 42mm (82C3FE7E-3BE0-40B5-927B-C37FD3C7F0AE) (Shutdown)


    Phone: iPhone 7 Plus (8C2DF4AF-AD0A-4960-B04C-CA59E30AFD54) (Shutdown)


673E9665-DCF1-4B42-986A-CF4429AA66D7 (active, disconnected)


    Watch: Apple Watch Series 3 - 38mm (0E174E72-D036-40FC-A254-899A29773085) (Shutdown)


    Phone: iPhone 8 (FB0908FB-89D5-46C0-9231-10C1B336FF04) (Shutdown)


32A10EB6-D4E7-4A5B-A9A8-093BFBE7E3FE (active, disconnected)


    Watch: Apple Watch Series 3 - 42mm (3A4B13EE-E668-4EEA-8383-7E84FFC11FD2) (Shutdown)


    Phone: iPhone 8 Plus (58CAE2C0-E539-40AC-8288-42669BD85BE8) (Shutdown)


travis_time:end:01ce1ed2:start=1574766278915379000,finish=1574766283486952000,duration=4571573000,event=script
[0K[32;1mThe command "xcrun simctl list" exited with 0.[0m


travis_time:start:0a7afd56
[0K$ export CGO_CFLAGS_ALLOW='-fmodules|-fblocks|-fobjc-arc'


travis_time:end:0a7afd56:start=1574766283505612000,finish=1574766283520501000,duration=14889000,event=script
[0K[32;1mThe command "export CGO_CFLAGS_ALLOW='-fmodules|-fblocks|-fobjc-arc'" exited with 0.[0m


travis_time:start:04d4135f
[0K$ go run build/ci.go xcode -signer IOS_SIGNING_KEY -deploy trunk -upload gethstore/builds


>>> /Users/travis/.gimme/versions/go1.13.4.darwin.amd64/bin/go get golang.org/x/mobile/cmd/gomobile golang.org/x/mobile/cmd/gobind


go: finding golang.org/x/mobile latest


go: downloading golang.org/x/mobile v0.0.0-20191123054942-d9e324ca8c38


go: extracting golang.org/x/mobile v0.0.0-20191123054942-d9e324ca8c38


go: downloading golang.org/x/tools v0.0.0-20190909214602-067311248421


go: extracting golang.org/x/tools v0.0.0-20190909214602-067311248421


go: finding golang.org/x/tools v0.0.0-20190909214602-067311248421


>>> /Users/travis/gopath/src/github.com/ethereum/go-ethereum/build/bin/gomobile init


/Users/travis/gopath/src/github.com/ethereum/go-ethereum/build/bin/gomobile: /Users/travis/.gimme/versions/go1.13.4.darwin.amd64/bin/go install golang.org/x/mobile/cmd/gobind failed: exit status 1


can't load package: package golang.org/x/mobile/cmd/gobind: cannot find package "golang.org/x/mobile/cmd/gobind" in any of:


	/Users/travis/.gimme/versions/go1.13.4.darwin.amd64/src/golang.org/x/mobile/cmd/gobind (from $GOROOT)


	/Users/travis/gopath/src/golang.org/x/mobile/cmd/gobind (from $GOPATH)





util.go:45: exit status 1


exit status 1


travis_time:end:04d4135f:start=1574766283537940000,finish=1574766295026591000,duration=11488651000,event=script
[0K[31;1mThe command "go run build/ci.go xcode -signer IOS_SIGNING_KEY -deploy trunk -upload gethstore/builds" exited with 1.[0m








Done. Your build exited with 1.


