travis_fold:start:worker_info
[0K[33;1mWorker information[0m
hostname: 2b5e7293-ec9e-4519-b0cd-fd221c340f0a@1.worker-org-6bc68c5dcd-bm4dk.macstadium-prod-2
version: v6.2.0 https://github.com/travis-ci/worker/tree/5e5476e01646095f48eec13196fdb3faf8f5cbf7
instance: 35a356e0-6ed1-4b8c-9404-36b412c4b7af travis-ci-macos-10.13-xcode9.4.1-1529955246 (via amqp)
startup: 1m9.720930062s
travis_fold:end:worker_info
[0Ktravis_time:start:095882d0
[0Ktravis_time:end:095882d0:start=1574862092764367000,finish=1574862093270039000,duration=505672000,event=no_world_writable_dirs
[0Ktravis_time:start:1f6a40ef
[0Ktravis_time:end:1f6a40ef:start=1574862093278070000,finish=1574862093290166000,duration=12096000,event=setup_filter
[0Ktravis_time:start:06310f50
[0Ktravis_time:end:06310f50:start=1574862093299658000,finish=1574862093306681000,duration=7023000,event=check_unsupported
[0Ktravis_time:start:022e000e
[0Ktravis_fold:start:system_info
[0K[33;1mBuild system information[0m


Build language: go


Build id: 617715311


Job id: 617715321


Runtime kernel version: 17.4.0


travis-build version: 2a7679d1b


[34m[1mBuild image provisioning date and time[0m


Mon Jun 25 21:55:14 GMT 2018


[34m[1mOperating System Details[0m


ProductName:	Mac OS X


ProductVersion:	10.13.3


BuildVersion:	17D102


[34m[1mGit version[0m


git version 2.18.0


[34m[1mbash version[0m


GNU bash, version 3.2.57(1)-release (x86_64-apple-darwin17)


Copyright (C) 2007 Free Software Foundation, Inc.


[34m[1mGCC version[0m


Apple LLVM version 9.1.0 (clang-902.0.39.2)


Target: x86_64-apple-darwin17.4.0


Thread model: posix


InstalledDir: /Applications/Xcode-9.4.1.app/Contents/Developer/Toolchains/XcodeDefault.xctoolchain/usr/bin


[34m[1mLLVM version[0m


Apple LLVM version 9.1.0 (clang-902.0.39.2)


Target: x86_64-apple-darwin17.4.0


Thread model: posix


InstalledDir: /Applications/Xcode-9.4.1.app/Contents/Developer/Toolchains/XcodeDefault.xctoolchain/usr/bin


[34m[1mPre-installed Ruby versions[0m


ruby-2.3.5


ruby-2.4.3


[34m[1mPre-installed Node.js versions[0m


v4.9.1


v5.12.0


v6.14.3


v8.11.3


[34m[1mmvn -version[0m


Apache Maven 3.5.4 (1edded0938998edf8bf061f1ceb3cfdeccf443fe; 2018-06-17T18:33:14Z)


Maven home: /usr/local/Cellar/maven/3.5.4/libexec


Java version: 10.0.1, vendor: Oracle Corporation, runtime: /Library/Java/JavaVirtualMachines/jdk-10.0.1.jdk/Contents/Home


Default locale: en_US, platform encoding: UTF-8


OS name: "mac os x", version: "10.13.3", arch: "x86_64", family: "mac"


travis_fold:end:system_info
[0K


travis_time:end:022e000e:start=1574862093314442000,finish=1574862093328981000,duration=14539000,event=show_system_info
[0Ktravis_time:start:1279eace
[0Ktravis_time:end:1279eace:start=1574862093338587000,finish=1574862093346649000,duration=8062000,event=rm_riak_source
[0Ktravis_time:start:00ba7338
[0Ktravis_time:end:00ba7338:start=1574862093354447000,finish=1574862093361157000,duration=6710000,event=fix_rwky_redis
[0Ktravis_time:start:20bb8639
[0Ktravis_time:end:20bb8639:start=1574862093369223000,finish=1574862093738283000,duration=369060000,event=wait_for_network
[0Ktravis_time:start:0095f0b8
[0Ktravis_time:end:0095f0b8:start=1574862093753530000,finish=1574862093760145000,duration=6615000,event=update_apt_keys
[0Ktravis_time:start:1dc6d744
[0Ktravis_time:end:1dc6d744:start=1574862093769646000,finish=1574862093777883000,duration=8237000,event=fix_hhvm_source
[0Ktravis_time:start:047bf414
[0Ktravis_time:end:047bf414:start=1574862093789800000,finish=1574862093796657000,duration=6857000,event=update_mongo_arch
[0Ktravis_time:start:2e86caf3
[0Ktravis_time:end:2e86caf3:start=1574862093805022000,finish=1574862093819064000,duration=14042000,event=fix_sudo_enabled_trusty
[0Ktravis_time:start:02644659
[0Ktravis_time:end:02644659:start=1574862093829922000,finish=1574862093836825000,duration=6903000,event=update_glibc
[0Ktravis_time:start:12524c80
[0Ktravis_time:end:12524c80:start=1574862093845353000,finish=1574862093908894000,duration=63541000,event=clean_up_path
[0Ktravis_time:start:02486eaa
[0Ktravis_time:end:02486eaa:start=1574862093917845000,finish=1574862093965499000,duration=47654000,event=fix_resolv_conf
[0Ktravis_time:start:071acbc8
[0Ktravis_time:end:071acbc8:start=1574862093980213000,finish=1574862094050812000,duration=70599000,event=fix_etc_hosts
[0Ktravis_time:start:0bd282ff
[0Ktravis_time:end:0bd282ff:start=1574862094061433000,finish=1574862094068693000,duration=7260000,event=fix_mvn_settings_xml
[0Ktravis_time:start:152b14c0
[0Ktravis_time:end:152b14c0:start=1574862094078545000,finish=1574862094124218000,duration=45673000,event=no_ipv6_localhost
[0Ktravis_time:start:00d699ab
[0Ktravis_time:end:00d699ab:start=1574862094133041000,finish=1574862094140342000,duration=7301000,event=fix_etc_mavenrc
[0Ktravis_time:start:04505280
[0Ktravis_time:end:04505280:start=1574862094149162000,finish=1574862094427670000,duration=278508000,event=fix_wwdr_certificate
[0Ktravis_time:start:118ea50c
[0Ktravis_time:end:118ea50c:start=1574862094438830000,finish=1574862094595823000,duration=156993000,event=put_localhost_first
[0Ktravis_time:start:01e8b776
[0Ktravis_time:end:01e8b776:start=1574862094605447000,finish=1574862094611969000,duration=6522000,event=home_paths
[0Ktravis_time:start:0e97add2
[0Ktravis_time:end:0e97add2:start=1574862094622590000,finish=1574862094637190000,duration=14600000,event=disable_initramfs
[0Ktravis_time:start:18d4a054
[0Ktravis_time:end:18d4a054:start=1574862094646080000,finish=1574862094666902000,duration=20822000,event=disable_ssh_roaming
[0Ktravis_time:start:2568c306
[0Ktravis_time:end:2568c306:start=1574862094676756000,finish=1574862094683473000,duration=6717000,event=debug_tools
[0Ktravis_time:start:07d9b67a
[0KUninstalled oclint to prevent interference with other packages.


If you need oclint, you must explicitly install it.





travis_time:end:07d9b67a:start=1574862094692004000,finish=1574862098966785000,duration=4274781000,event=uninstall_oclint
[0Ktravis_time:start:04206864
[0Ktravis_time:end:04206864:start=1574862098977042000,finish=1574862100173223000,duration=1196181000,event=rvm_use
[0Ktravis_time:start:0df9231c
[0Ktravis_time:end:0df9231c:start=1574862100185024000,finish=1574862100231523000,duration=46499000,event=rm_etc_boto_cfg
[0Ktravis_time:start:14fe0e87
[0Ktravis_time:end:14fe0e87:start=1574862100243023000,finish=1574862100249928000,duration=6905000,event=rm_oraclejdk8_symlink
[0Ktravis_time:start:1f9c8d20
[0Ktravis_time:end:1f9c8d20:start=1574862100261620000,finish=1574862100274283000,duration=12663000,event=enable_i386
[0Ktravis_time:start:05fc223c
[0Ktravis_time:end:05fc223c:start=1574862100284949000,finish=1574862100297664000,duration=12715000,event=update_rubygems
[0Ktravis_time:start:0bb23d8c
[0Ktravis_time:end:0bb23d8c:start=1574862100309374000,finish=1574862100323197000,duration=13823000,event=ensure_path_components
[0Ktravis_time:start:155bdd57
[0Ktravis_time:end:155bdd57:start=1574862100333298000,finish=1574862100340761000,duration=7463000,event=redefine_curl
[0Ktravis_time:start:014a9b40
[0Ktravis_time:end:014a9b40:start=1574862100352651000,finish=1574862100533423000,duration=180772000,event=nonblock_pipe
[0Ktravis_time:start:05ef08ab
[0Ktravis_time:end:05ef08ab:start=1574862100546311000,finish=1574862100553907000,duration=7596000,event=apt_get_update
[0Ktravis_time:start:33a5a63c
[0Ktravis_time:end:33a5a63c:start=1574862100563079000,finish=1574862100570179000,duration=7100000,event=deprecate_xcode_64
[0Ktravis_time:start:0f0640d2
[0Ktravis_time:end:0f0640d2:start=1574862100584858000,finish=1574862100595931000,duration=11073000,event=update_heroku
[0Ktravis_time:start:163b69bd
[0Ktravis_time:end:163b69bd:start=1574862100605924000,finish=1574862100614507000,duration=8583000,event=shell_session_update
[0Ktravis_time:start:01fab914
[0Ktravis_time:end:01fab914:start=1574862100624948000,finish=1574862100631948000,duration=7000000,event=maven_central_mirror
[0Ktravis_time:start:252b0462
[0Ktravis_time:end:252b0462:start=1574862100642180000,finish=1574862100649082000,duration=6902000,event=fix_ps4
[0KUpdating gimme


travis_time:start:0bb0c67d
[0K


travis_fold:start:git.checkout
[0Ktravis_time:start:026f4600
[0K$ git clone --depth=50 --branch=master https://github.com/ethereum/go-ethereum.git ethereum/go-ethereum


Cloning into 'ethereum/go-ethereum'...


travis_time:end:026f4600:start=1574862111878738000,finish=1574862114947776000,duration=3069038000,event=checkout
[0K$ cd ethereum/go-ethereum


$ git checkout -qf c9f28ca8e5aff171d1602725a78fe47b2fa27bb1


travis_fold:end:git.checkout
[0K


travis_time:end:026f4600:start=1574862111878738000,finish=1574862115562378000,duration=3683640000,event=checkout
[0K$ travis_export_go 1.13.x github.com/ethereum/go-ethereum


travis_time:start:399b9196
[0K


[33;1mSetting environment variables from repository settings[0m


$ export IOS_SIGNING_KEY=[secure]


$ export LINUX_SIGNING_KEY=[secure]


$ export OSX_SIGNING_KEY=[secure]


$ export ANDROID_SIGNING_KEY=[secure]


$ export AZURE_BLOBSTORE_TOKEN=[secure]


$ export ANDROID_SONATYPE_USERNAME=[secure]


$ export ANDROID_SONATYPE_PASSWORD=[secure]


$ export COCOAPODS_TRUNK_TOKEN=[secure]


$ export PPA_SIGNING_KEY=[secure]


$ export PPA_SSH_KEY=[secure]





travis_time:end:399b9196:start=1574862115576448000,finish=1574862115611610000,duration=35162000,event=env
[0Ktravis_time:start:003fbb47
[0K$ travis_setup_go


go version go1.13.4 darwin/amd64


$ export GOPATH="/Users/travis/gopath"


$ export PATH="/Users/travis/gopath/bin:/Users/travis/.gimme/versions/go1.13.4.darwin.amd64/bin:/Users/travis/bin:/Users/travis/.rvm/gems/ruby-2.4.3/bin:/Users/travis/.rvm/gems/ruby-2.4.3@global/bin:/Users/travis/.rvm/rubies/ruby-2.4.3/bin:/Users/travis/.rvm/bin:/Users/travis/bin:/Users/travis/.local/bin:/Users/travis/.nvm/versions/node/v6.14.3/bin:/usr/local/bin:/usr/bin:/bin:/usr/sbin:/sbin:/opt/X11/bin"


$ export GO111MODULE="auto"


travis_time:end:003fbb47:start=1574862115622189000,finish=1574862128547920000,duration=12925731000,event=
[0K$ gimme version


v1.5.3


$ go version


go version go1.13.4 darwin/amd64


travis_fold:start:go.env
[0K$ go env


GO111MODULE="auto"


GOARCH="amd64"


GOBIN=""


GOCACHE="/Users/travis/Library/Caches/go-build"


GOENV="/Users/travis/Library/Application Support/go/env"


GOEXE=""


GOFLAGS=""


GOHOSTARCH="amd64"


GOHOSTOS="darwin"


GONOPROXY=""


GONOSUMDB=""


GOOS="darwin"


GOPATH="/Users/travis/gopath"


GOPRIVATE=""


GOPROXY="https://proxy.golang.org,direct"


GOROOT="/Users/travis/.gimme/versions/go1.13.4.darwin.amd64"


GOSUMDB="sum.golang.org"


GOTMPDIR=""


GOTOOLDIR="/Users/travis/.gimme/versions/go1.13.4.darwin.amd64/pkg/tool/darwin_amd64"


GCCGO="gccgo"


AR="ar"


CC="clang"


CXX="clang++"


CGO_ENABLED="1"


GOMOD="/Users/travis/gopath/src/github.com/ethereum/go-ethereum/go.mod"


CGO_CFLAGS="-g -O2"


CGO_CPPFLAGS=""


CGO_CXXFLAGS="-g -O2"


CGO_FFLAGS="-g -O2"


CGO_LDFLAGS="-g -O2"


PKG_CONFIG="pkg-config"


GOGCCFLAGS="-fPIC -m64 -pthread -fno-caret-diagnostics -Qunused-arguments -fmessage-length=0 -fdebug-prefix-map=/var/folders/nz/vv4_9tw56nv9k3tkvyszvwg80000gn/T/go-build462783267=/tmp/go-build -gno-record-gcc-switches -fno-common"


travis_fold:end:go.env
[0Ktravis_fold:start:install
[0Ktravis_time:start:0ae23dd0
[0K$ travis_install_go_dependencies 1.13.x -v


Makefile detected


travis_time:end:0ae23dd0:start=1574862128861530000,finish=1574862128872974000,duration=11444000,event=install
[0Ktravis_fold:end:install
[0Ktravis_time:start:2dedba2a
[0K$ go run build/ci.go install


go: downloading github.com/Azure/azure-storage-blob-go v0.7.0


go: downloading github.com/cespare/cp v0.1.0


go: downloading golang.org/x/crypto v0.0.0-20190308221718-c2843e01d9a2


go: extracting github.com/cespare/cp v0.1.0


go: extracting github.com/Azure/azure-storage-blob-go v0.7.0


go: downloading github.com/Azure/azure-pipeline-go v0.2.2


go: extracting github.com/Azure/azure-pipeline-go v0.2.2


go: downloading github.com/mattn/go-ieproxy v0.0.0-20190702010315-6dee0af9227d


go: extracting github.com/mattn/go-ieproxy v0.0.0-20190702010315-6dee0af9227d


go: extracting golang.org/x/crypto v0.0.0-20190308221718-c2843e01d9a2


go: finding github.com/cespare/cp v0.1.0


go: finding github.com/Azure/azure-storage-blob-go v0.7.0


go: finding github.com/Azure/azure-pipeline-go v0.2.2


go: finding github.com/mattn/go-ieproxy v0.0.0-20190702010315-6dee0af9227d


go: finding golang.org/x/crypto v0.0.0-20190308221718-c2843e01d9a2


>>> /Users/travis/.gimme/versions/go1.13.4.darwin.amd64/bin/go install -ldflags -X main.gitCommit=c9f28ca8e5aff171d1602725a78fe47b2fa27bb1 -X main.gitDate=20191127 -s -v ./...


go: downloading github.com/huin/goupnp v0.0.0-20161224104101-679507af18f3


go: downloading github.com/prometheus/tsdb v0.6.2-0.20190402121629-4f204dcbc150


go: downloading gopkg.in/olebedev/go-duktape.v3 v3.0.0-20190213234257-ec84240a7772


go: downloading github.com/syndtr/goleveldb v1.0.1-0.20190923125748-758128399b1d


go: downloading github.com/golang/protobuf v1.3.2-0.20190517061210-b285ee9cfc6c


go: downloading github.com/jackpal/go-nat-pmp v1.0.2-0.20160603034137-1fa385a6f458


go: downloading github.com/graph-gophers/graphql-go v0.0.0-20191115155744-f33e81362277


go: downloading github.com/hashicorp/golang-lru v0.0.0-20160813221303-0a025b7e63ad


go: extracting github.com/hashicorp/golang-lru v0.0.0-20160813221303-0a025b7e63ad


go: downloading github.com/[secure]/usb v0.0.0-20190919080040-51dc0efba356


go: extracting github.com/jackpal/go-nat-pmp v1.0.2-0.20160603034137-1fa385a6f458


go: downloading gopkg.in/urfave/cli.v1 v1.20.0


go: extracting github.com/syndtr/goleveldb v1.0.1-0.20190923125748-758128399b1d


go: downloading github.com/deckarep/golang-set v0.0.0-20180603214616-504e848d77ea


go: extracting github.com/graph-gophers/graphql-go v0.0.0-20191115155744-f33e81362277


go: downloading github.com/gballet/go-libpcsclite v0.0.0-20190607065134-2772fd86a8ff


go: extracting github.com/huin/goupnp v0.0.0-20161224104101-679507af18f3


go: extracting github.com/golang/protobuf v1.3.2-0.20190517061210-b285ee9cfc6c


go: downloading golang.org/x/sys v0.0.0-20190712062909-fae7ac547cb7


go: extracting github.com/deckarep/golang-set v0.0.0-20180603214616-504e848d77ea


go: extracting github.com/[secure]/usb v0.0.0-20190919080040-51dc0efba356


go: downloading github.com/gorilla/websocket v1.4.1-0.20190629185528-ae1634f6a989


go: downloading golang.org/x/text v0.3.2


go: extracting gopkg.in/urfave/cli.v1 v1.20.0


go: extracting github.com/gballet/go-libpcsclite v0.0.0-20190607065134-2772fd86a8ff


go: downloading github.com/VictoriaMetrics/fastcache v1.5.3


go: extracting gopkg.in/olebedev/go-duktape.v3 v3.0.0-20190213234257-ec84240a7772


go: downloading github.com/pborman/uuid v0.0.0-20170112150404-1b00554d8222


go: downloading github.com/rjeczalik/notify v0.9.1


go: downloading github.com/wsddn/go-ecdh v0.0.0-20161211032359-48726bab9208


go: downloading golang.org/x/net v0.0.0-20190628185345-da137c7871d7


go: extracting github.com/wsddn/go-ecdh v0.0.0-20161211032359-48726bab9208


go: extracting github.com/gorilla/websocket v1.4.1-0.20190629185528-ae1634f6a989


go: downloading github.com/cloudflare/cloudflare-go v0.10.2-0.20190916151808-a80f83b9add9


go: extracting github.com/rjeczalik/notify v0.9.1


go: extracting golang.org/x/sys v0.0.0-20190712062909-fae7ac547cb7


go: extracting github.com/pborman/uuid v0.0.0-20170112150404-1b00554d8222


go: downloading github.com/opentracing/opentracing-go v1.1.0


go: extracting github.com/prometheus/tsdb v0.6.2-0.20190402121629-4f204dcbc150


go: downloading github.com/julienschmidt/httprouter v1.1.1-0.20170430222011-975b5c4c7c21


go: downloading github.com/influxdata/influxdb v1.2.3-0.20180221223340-01288bdb0883


go: extracting github.com/opentracing/opentracing-go v1.1.0


go: downloading github.com/robertkrimen/otto v0.0.0-20170205013659-6a77b7cbc37d


go: extracting github.com/VictoriaMetrics/fastcache v1.5.3


go: extracting github.com/cloudflare/cloudflare-go v0.10.2-0.20190916151808-a80f83b9add9


go: extracting github.com/julienschmidt/httprouter v1.1.1-0.20170430222011-975b5c4c7c21


go: downloading github.com/naoina/toml v0.1.2-0.20170918210437-9fafd6967416


go: downloading github.com/olekukonko/tablewriter v0.0.2-0.20190409134802-7e037d187b0c


go: downloading github.com/cespare/xxhash v1.1.0


go: extracting github.com/naoina/toml v0.1.2-0.20170918210437-9fafd6967416


go: extracting github.com/cespare/xxhash v1.1.0


go: downloading github.com/cespare/xxhash/v2 v2.1.1


go: extracting github.com/olekukonko/tablewriter v0.0.2-0.20190409134802-7e037d187b0c


go: downloading github.com/elastic/gosigar v0.8.1-0.20180330100440-37f05ff46ffa


go: extracting github.com/robertkrimen/otto v0.0.0-20170205013659-6a77b7cbc37d


go: extracting golang.org/x/net v0.0.0-20190628185345-da137c7871d7


go: downloading github.com/peterh/liner v1.1.1-0.20190123174540-a2c9a5303de7


go: extracting github.com/cespare/xxhash/v2 v2.1.1


go: downloading github.com/naoina/go-stringutil v0.1.0


go: downloading github.com/davecgh/go-spew v1.1.1


go: extracting github.com/elastic/gosigar v0.8.1-0.20180330100440-37f05ff46ffa


go: downloading github.com/tyler-smith/go-bip39 v1.0.1-0.20181017060643-dbb3b84ba2ef


go: extracting github.com/peterh/liner v1.1.1-0.20190123174540-a2c9a5303de7


go: extracting github.com/tyler-smith/go-bip39 v1.0.1-0.20181017060643-dbb3b84ba2ef


go: extracting github.com/naoina/go-stringutil v0.1.0


go: downloading github.com/fatih/color v1.3.0


go: downloading github.com/golang/snappy v0.0.1


go: downloading github.com/mattn/go-runewidth v0.0.4


go: extracting github.com/davecgh/go-spew v1.1.1


go: extracting github.com/influxdata/influxdb v1.2.3-0.20180221223340-01288bdb0883


go: downloading github.com/pkg/errors v0.8.1


go: extracting github.com/golang/snappy v0.0.1


go: extracting github.com/fatih/color v1.3.0


go: extracting github.com/mattn/go-runewidth v0.0.4


go: downloading github.com/mattn/go-isatty v0.0.5-0.20180830101745-3fb116b82035


go: downloading github.com/aristanetworks/goarista v0.0.0-20170210015632-ea17b1a17847


go: extracting golang.org/x/text v0.3.2


go: extracting github.com/pkg/errors v0.8.1


go: downloading github.com/rs/cors v0.0.0-20160617231935-a62a804a8a00


go: downloading gopkg.in/sourcemap.v1 v1.0.5


go: downloading github.com/fjl/memsize v0.0.0-20180418122429-ca190fb6ffbc


go: downloading golang.org/x/sync v0.0.0-20181108010431-42b317875d0f


go: extracting github.com/mattn/go-isatty v0.0.5-0.20180830101745-3fb116b82035


go: downloading golang.org/x/time v0.0.0-20190308202827-9d24e82272b4


go: downloading github.com/steakknife/bloomfilter v0.0.0-20180922174646-6819c0d2a570


go: extracting github.com/aristanetworks/goarista v0.0.0-20170210015632-ea17b1a17847


go: extracting github.com/rs/cors v0.0.0-20160617231935-a62a804a8a00


go: extracting gopkg.in/sourcemap.v1 v1.0.5


go: extracting golang.org/x/sync v0.0.0-20181108010431-42b317875d0f


go: extracting golang.org/x/time v0.0.0-20190308202827-9d24e82272b4


go: extracting github.com/fjl/memsize v0.0.0-20180418122429-ca190fb6ffbc


go: downloading github.com/mattn/go-colorable v0.1.0


go: downloading github.com/docker/docker v1.4.2-0.20180625184442-8e610b2b55bf


go: extracting github.com/steakknife/bloomfilter v0.0.0-20180922174646-6819c0d2a570


go: downloading github.com/go-stack/stack v1.8.0


go: downloading github.com/edsrzf/mmap-go v0.0.0-20160512033002-935e0e8a636c


go: downloading github.com/steakknife/hamming v0.0.0-20180906055917-c99c65617cd3


go: downloading github.com/rs/xhandler v0.0.0-20160618193221-ed27b6fd6521


go: extracting github.com/mattn/go-colorable v0.1.0


go: extracting github.com/steakknife/hamming v0.0.0-20180906055917-c99c65617cd3


go: extracting github.com/edsrzf/mmap-go v0.0.0-20160512033002-935e0e8a636c


go: extracting github.com/go-stack/stack v1.8.0


go: downloading github.com/status-im/keycard-go v0.0.0-20190316090335-8537d3370df4


go: extracting github.com/rs/xhandler v0.0.0-20160618193221-ed27b6fd6521


go: extracting github.com/status-im/keycard-go v0.0.0-20190316090335-8537d3370df4


go: extracting github.com/docker/docker v1.4.2-0.20180625184442-8e610b2b55bf


go: finding github.com/golang/protobuf v1.3.2-0.20190517061210-b285ee9cfc6c


go: finding github.com/aristanetworks/goarista v0.0.0-20170210015632-ea17b1a17847


go: finding github.com/deckarep/golang-set v0.0.0-20180603214616-504e848d77ea


go: finding gopkg.in/urfave/cli.v1 v1.20.0


go: finding github.com/davecgh/go-spew v1.1.1


go: finding github.com/go-stack/stack v1.8.0


go: finding github.com/edsrzf/mmap-go v0.0.0-20160512033002-935e0e8a636c


go: finding github.com/cloudflare/cloudflare-go v0.10.2-0.20190916151808-a80f83b9add9


go: finding github.com/VictoriaMetrics/fastcache v1.5.3


go: finding github.com/huin/goupnp v0.0.0-20161224104101-679507af18f3


go: finding github.com/pborman/uuid v0.0.0-20170112150404-1b00554d8222


go: finding github.com/[secure]/usb v0.0.0-20190919080040-51dc0efba356


go: finding github.com/elastic/gosigar v0.8.1-0.20180330100440-37f05ff46ffa


go: finding github.com/jackpal/go-nat-pmp v1.0.2-0.20160603034137-1fa385a6f458


go: finding github.com/cespare/xxhash/v2 v2.1.1


go: finding github.com/gballet/go-libpcsclite v0.0.0-20190607065134-2772fd86a8ff


go: finding github.com/rjeczalik/notify v0.9.1


go: finding github.com/pkg/errors v0.8.1


go: finding github.com/golang/snappy v0.0.1


go: finding github.com/status-im/keycard-go v0.0.0-20190316090335-8537d3370df4


go: finding golang.org/x/time v0.0.0-20190308202827-9d24e82272b4


go: finding github.com/wsddn/go-ecdh v0.0.0-20161211032359-48726bab9208


go: finding github.com/hashicorp/golang-lru v0.0.0-20160813221303-0a025b7e63ad


go: finding golang.org/x/text v0.3.2


go: finding golang.org/x/sys v0.0.0-20190712062909-fae7ac547cb7


go: finding github.com/syndtr/goleveldb v1.0.1-0.20190923125748-758128399b1d


go: finding github.com/mattn/go-colorable v0.1.0


go: finding github.com/steakknife/bloomfilter v0.0.0-20180922174646-6819c0d2a570


go: finding golang.org/x/net v0.0.0-20190628185345-da137c7871d7


go: finding github.com/gorilla/websocket v1.4.1-0.20190629185528-ae1634f6a989


go: finding github.com/olekukonko/tablewriter v0.0.2-0.20190409134802-7e037d187b0c


go: finding github.com/peterh/liner v1.1.1-0.20190123174540-a2c9a5303de7


go: finding github.com/rs/cors v0.0.0-20160617231935-a62a804a8a00


go: finding github.com/fjl/memsize v0.0.0-20180418122429-ca190fb6ffbc


go: finding github.com/prometheus/tsdb v0.6.2-0.20190402121629-4f204dcbc150


go: finding github.com/robertkrimen/otto v0.0.0-20170205013659-6a77b7cbc37d


go: finding github.com/mattn/go-isatty v0.0.5-0.20180830101745-3fb116b82035


go: finding github.com/fatih/color v1.3.0


go: finding github.com/rs/xhandler v0.0.0-20160618193221-ed27b6fd6521


go: finding github.com/docker/docker v1.4.2-0.20180625184442-8e610b2b55bf


go: finding github.com/mattn/go-runewidth v0.0.4


go: finding github.com/julienschmidt/httprouter v1.1.1-0.20170430222011-975b5c4c7c21


go: finding github.com/tyler-smith/go-bip39 v1.0.1-0.20181017060643-dbb3b84ba2ef


go: finding github.com/steakknife/hamming v0.0.0-20180906055917-c99c65617cd3


go: finding gopkg.in/sourcemap.v1 v1.0.5


go: finding github.com/influxdata/influxdb v1.2.3-0.20180221223340-01288bdb0883


go: finding github.com/naoina/toml v0.1.2-0.20170918210437-9fafd6967416


go: finding github.com/graph-gophers/graphql-go v0.0.0-20191115155744-f33e81362277


go: finding github.com/naoina/go-stringutil v0.1.0


go: finding golang.org/x/sync v0.0.0-20181108010431-42b317875d0f


go: finding gopkg.in/olebedev/go-duktape.v3 v3.0.0-20190213234257-ec84240a7772


go: finding github.com/opentracing/opentracing-go v1.1.0


golang.org/x/crypto/curve25519


github.com/cespare/xxhash/v2


github.com/golang/snappy


github.com/aristanetworks/goarista/monotime


github.com/VictoriaMetrics/fastcache


github.com/ethereum/go-ethereum/common/mclock


github.com/ethereum/go-ethereum/common/prque


github.com/ethereum/go-ethereum/ethdb


github.com/go-stack/stack


github.com/ethereum/go-ethereum/log


golang.org/x/sys/unix


github.com/steakknife/hamming


github.com/steakknife/bloomfilter


github.com/ethereum/go-ethereum/event


github.com/ethereum/go-ethereum/accounts/abi


github.com/elastic/gosigar


github.com/davecgh/go-spew/spew


github.com/deckarep/golang-set


github.com/pborman/uuid


github.com/rjeczalik/notify


github.com/ethereum/go-ethereum/metrics


github.com/ethereum/go-ethereum/trie


github.com/ethereum/go-ethereum/core/types


github.com/ethereum/go-ethereum


github.com/ethereum/go-ethereum/accounts


golang.org/x/crypto/pbkdf2


golang.org/x/crypto/scrypt


github.com/gballet/go-libpcsclite


github.com/status-im/keycard-go/derivationpath


github.com/wsddn/go-ecdh


golang.org/x/text/transform


golang.org/x/text/unicode/norm


github.com/ethereum/go-ethereum/accounts/scwallet


github.com/hashicorp/golang-lru/simplelru


github.com/hashicorp/golang-lru


github.com/ethereum/go-ethereum/core/state


github.com/ethereum/go-ethereum/p2p/netutil


github.com/gorilla/websocket


golang.org/x/net/context


github.com/rs/xhandler


github.com/rs/cors


github.com/ethereum/go-ethereum/rpc


github.com/ethereum/go-ethereum/accounts/keystore


github.com/ethereum/go-ethereum/consensus


github.com/ethereum/go-ethereum/consensus/misc


github.com/ethereum/go-ethereum/consensus/clique


github.com/edsrzf/mmap-go


github.com/ethereum/go-ethereum/common/bitutil


github.com/syndtr/goleveldb/leveldb/util


github.com/ethereum/go-ethereum/consensus/ethash


github.com/syndtr/goleveldb/leveldb/cache


github.com/syndtr/goleveldb/leveldb/comparer


github.com/syndtr/goleveldb/leveldb/storage


github.com/syndtr/goleveldb/leveldb/errors


github.com/syndtr/goleveldb/leveldb/filter


github.com/syndtr/goleveldb/leveldb/iterator


github.com/syndtr/goleveldb/leveldb/journal


github.com/syndtr/goleveldb/leveldb/opt


github.com/syndtr/goleveldb/leveldb/memdb


github.com/syndtr/goleveldb/leveldb/table


github.com/ethereum/go-ethereum/ethdb/memorydb


github.com/mattn/go-runewidth


github.com/olekukonko/tablewriter


github.com/pkg/errors


github.com/prometheus/tsdb/fileutil


github.com/syndtr/goleveldb/leveldb


golang.org/x/sys/cpu


github.com/ethereum/go-ethereum/crypto/blake2b


github.com/ethereum/go-ethereum/crypto/bn256/cloudflare


github.com/ethereum/go-ethereum/crypto/bn256


golang.org/x/crypto/ripemd160


github.com/ethereum/go-ethereum/core/vm


github.com/ethereum/go-ethereum/core/bloombits


github.com/ethereum/go-ethereum/ethdb/leveldb


github.com/ethereum/go-ethereum/core/rawdb


github.com/ethereum/go-ethereum/crypto/ecies


github.com/ethereum/go-ethereum/p2p/enr


github.com/ethereum/go-ethereum/p2p/enode


github.com/ethereum/go-ethereum/p2p/discover


github.com/ethereum/go-ethereum/core


github.com/ethereum/go-ethereum/p2p/discv5


github.com/huin/goupnp/httpu


github.com/huin/goupnp/scpd


github.com/huin/goupnp/soap


github.com/huin/goupnp/ssdp


golang.org/x/net/html/atom


golang.org/x/net/html


golang.org/x/text/encoding/internal/identifier


golang.org/x/text/encoding


github.com/ethereum/go-ethereum/eth/downloader


golang.org/x/text/encoding/internal


golang.org/x/text/encoding/charmap


golang.org/x/text/encoding/japanese


golang.org/x/text/encoding/korean


golang.org/x/text/encoding/simplifiedchinese


golang.org/x/text/encoding/traditionalchinese


golang.org/x/text/internal/utf8internal


golang.org/x/text/runes


golang.org/x/text/internal/tag


golang.org/x/text/internal/language


golang.org/x/text/encoding/unicode


github.com/jackpal/go-nat-pmp


github.com/tyler-smith/go-bip39/wordlists


github.com/tyler-smith/go-bip39


github.com/golang/protobuf/proto


golang.org/x/text/internal/language/compact


golang.org/x/text/language


golang.org/x/text/encoding/htmlindex


golang.org/x/net/html/charset


github.com/huin/goupnp


github.com/huin/goupnp/dcps/internetgateway1


github.com/huin/goupnp/dcps/internetgateway2


github.com/ethereum/go-ethereum/p2p/nat


github.com/ethereum/go-ethereum/p2p


github.com/golang/protobuf/protoc-gen-go/descriptor


github.com/ethereum/go-ethereum/internal/ethapi


github.com/ethereum/go-ethereum/accounts/usbwallet/trezor


github.com/[secure]/usb


github.com/ethereum/go-ethereum/signer/storage


golang.org/x/crypto/ssh/terminal


github.com/ethereum/go-ethereum/eth/filters


github.com/ethereum/go-ethereum/common/fdlimit


github.com/ethereum/go-ethereum/core/forkid


github.com/ethereum/go-ethereum/eth/fetcher


github.com/ethereum/go-ethereum/eth/gasprice


github.com/ethereum/go-ethereum/eth/tracers/internal/tracers


gopkg.in/olebedev/go-duktape.v3


github.com/ethereum/go-ethereum/accounts/usbwallet


github.com/ethereum/go-ethereum/signer/core


github.com/ethereum/go-ethereum/accounts/external


github.com/ethereum/go-ethereum/accounts/abi/bind


github.com/ethereum/go-ethereum/accounts/abi/bind/backends


github.com/ethereum/go-ethereum/miner


github.com/ethereum/go-ethereum/metrics/prometheus


github.com/ethereum/go-ethereum/metrics/exp


github.com/fjl/memsize


github.com/fjl/memsize/memsizeui


github.com/mattn/go-isatty


github.com/mattn/go-colorable


gopkg.in/urfave/cli.v1


github.com/ethereum/go-ethereum/internal/debug


github.com/ethereum/go-ethereum/node


github.com/ethereum/go-ethereum/contracts/checkpointoracle/contract


github.com/ethereum/go-ethereum/contracts/checkpointoracle


github.com/ethereum/go-ethereum/les/flowcontrol


github.com/ethereum/go-ethereum/light


github.com/graph-gophers/graphql-go/errors


github.com/graph-gophers/graphql-go/internal/common


github.com/graph-gophers/graphql-go/internal/schema


github.com/graph-gophers/graphql-go/internal/exec/packer


github.com/graph-gophers/graphql-go/introspection


github.com/graph-gophers/graphql-go/internal/exec/resolvable


github.com/graph-gophers/graphql-go/internal/query


github.com/graph-gophers/graphql-go/internal/exec/selected


github.com/graph-gophers/graphql-go/log


github.com/opentracing/opentracing-go/log


github.com/opentracing/opentracing-go


github.com/opentracing/opentracing-go/ext


github.com/graph-gophers/graphql-go/trace


github.com/graph-gophers/graphql-go/internal/exec


github.com/graph-gophers/graphql-go/internal/validation


github.com/graph-gophers/graphql-go


github.com/graph-gophers/graphql-go/relay


github.com/ethereum/go-ethereum/graphql


github.com/influxdata/influxdb/pkg/escape


github.com/influxdata/influxdb/models


github.com/influxdata/influxdb/client


github.com/ethereum/go-ethereum/metrics/influxdb


golang.org/x/sync/syncmap


github.com/ethereum/go-ethereum/whisper/whisperv6


github.com/ethereum/go-ethereum/common/compiler


github.com/ethereum/go-ethereum/ethclient


github.com/ethereum/go-ethereum/internal/jsre/deps


github.com/fatih/color


gopkg.in/sourcemap.v1/base64vlq


gopkg.in/sourcemap.v1


github.com/robertkrimen/otto/file


github.com/robertkrimen/otto/token


github.com/robertkrimen/otto/ast


github.com/robertkrimen/otto/dbg


github.com/robertkrimen/otto/parser


github.com/robertkrimen/otto/registry


github.com/robertkrimen/otto


github.com/ethereum/go-ethereum/internal/jsre


github.com/ethereum/go-ethereum/internal/web3ext


github.com/peterh/liner


github.com/ethereum/go-ethereum/console


github.com/ethereum/go-ethereum/signer/fourbyte


github.com/ethereum/go-ethereum/signer/rules/deps


github.com/ethereum/go-ethereum/signer/rules


golang.org/x/time/rate


github.com/cloudflare/cloudflare-go


github.com/ethereum/go-ethereum/p2p/dnsdisc


github.com/ethereum/go-ethereum/cmd/devp2p


github.com/ethereum/go-ethereum/core/asm


github.com/ethereum/go-ethereum/cmd/evm/internal/compiler


github.com/ethereum/go-ethereum/core/vm/runtime


github.com/ethereum/go-ethereum/tests


github.com/naoina/go-stringutil


github.com/naoina/toml/ast


github.com/naoina/toml


github.com/docker/docker/pkg/reexec


github.com/ethereum/go-ethereum/p2p/simulations/pipes


github.com/ethereum/go-ethereum/p2p/simulations/adapters


github.com/julienschmidt/httprouter


github.com/ethereum/go-ethereum/p2p/simulations


github.com/ethereum/go-ethereum/cmd/p2psim


golang.org/x/crypto/ed25519/internal/edwards25519


golang.org/x/crypto/ed25519


golang.org/x/crypto/internal/subtle


golang.org/x/crypto/internal/chacha20


golang.org/x/crypto/poly1305


golang.org/x/crypto/ssh


github.com/ethereum/go-ethereum/cmd/puppeth


github.com/ethereum/go-ethereum/cmd/rlpdump


github.com/ethereum/go-ethereum/whisper/mailserver


github.com/ethereum/go-ethereum/crypto/bn256/google


github.com/ethereum/go-ethereum/ethdb/dbtest


github.com/ethereum/go-ethereum/internal/cmdtest


github.com/ethereum/go-ethereum/internal/guide


github.com/ethereum/go-ethereum/internal/testlog


github.com/ethereum/go-ethereum/metrics/librato


github.com/ethereum/go-ethereum/whisper/shhclient


github.com/ethereum/go-ethereum/p2p/simulations/examples


github.com/ethereum/go-ethereum/p2p/testing


github.com/ethereum/go-ethereum/eth/tracers


github.com/ethereum/go-ethereum/eth


github.com/ethereum/go-ethereum/les


github.com/ethereum/go-ethereum/ethstats


github.com/ethereum/go-ethereum/cmd/faucet


github.com/ethereum/go-ethereum/cmd/utils


github.com/ethereum/go-ethereum/cmd/abigen


github.com/ethereum/go-ethereum/cmd/bootnode


github.com/ethereum/go-ethereum/cmd/checkpoint-admin


github.com/ethereum/go-ethereum/cmd/clef


github.com/ethereum/go-ethereum/cmd/ethkey


github.com/ethereum/go-ethereum/cmd/evm


github.com/ethereum/go-ethereum/cmd/geth


github.com/ethereum/go-ethereum/cmd/wnode


github.com/ethereum/go-ethereum/mobile


travis_time:end:2dedba2a:start=1574862128884935000,finish=1574862238422883000,duration=109537948000,event=script
[0K[32;1mThe command "go run build/ci.go install" exited with 0.[0m


travis_time:start:0d795810
[0K$ go run build/ci.go archive -type tar -signer OSX_SIGNING_KEY -upload gethstore/builds


geth-darwin-amd64-1.9.9-unstable-c9f28ca8.tar.gz


   + COPYING


   + geth


geth-alltools-darwin-amd64-1.9.9-unstable-c9f28ca8.tar.gz


   + COPYING


   + abigen


   + bootnode


   + evm


   + geth


   + puppeth


   + rlpdump


   + wnode


   + clef


travis_time:end:0d795810:start=1574862238434606000,finish=1574862263450933000,duration=25016327000,event=script
[0K[32;1mThe command "go run build/ci.go archive -type tar -signer OSX_SIGNING_KEY -upload gethstore/builds" exited with 0.[0m


travis_time:start:036fae05
[0K$ gem uninstall cocoapods -a -x


Removing pod


Removing sandbox-pod


Successfully uninstalled cocoapods-1.5.3


travis_time:end:036fae05:start=1574862263462810000,finish=1574862264198288000,duration=735478000,event=script
[0K[32;1mThe command "gem uninstall cocoapods -a -x" exited with 0.[0m


travis_time:start:0af5b5c8
[0K$ gem install cocoapods


Successfully installed concurrent-ruby-1.1.5


Successfully installed algoliasearch-1.27.1


Successfully installed cocoapods-core-1.8.4


Successfully installed cocoapods-deintegrate-1.0.4


Successfully installed cocoapods-downloader-1.3.0


Successfully installed cocoapods-trunk-1.4.1


Successfully installed molinillo-0.6.6


Successfully installed atomos-0.1.3


Successfully installed nanaimo-0.2.6


Successfully installed xcodeproj-1.13.0


Successfully installed fourflusher-2.3.1


Successfully installed ruby-macho-1.4.0


Successfully installed cocoapods-1.8.4


13 gems installed


travis_time:end:0af5b5c8:start=1574862264211007000,finish=1574862267540597000,duration=3329590000,event=script
[0K[32;1mThe command "gem install cocoapods" exited with 0.[0m


travis_time:start:17a6e3fe
[0K$ mv ~/.cocoapods/repos/master ~/.cocoapods/repos/master.bak


travis_time:end:17a6e3fe:start=1574862267553712000,finish=1574862267572633000,duration=18921000,event=script
[0K[32;1mThe command "mv ~/.cocoapods/repos/master ~/.cocoapods/repos/master.bak" exited with 0.[0m


travis_time:start:21059052
[0K$ sed -i '.bak' 's/repo.join/!repo.join/g' $(dirname `gem which cocoapods`)/cocoapods/sources_manager.rb


travis_time:end:21059052:start=1574862267586278000,finish=1574862267976243000,duration=389965000,event=script
[0K[32;1mThe command "sed -i '.bak' 's/repo.join/!repo.join/g' $(dirname `gem which cocoapods`)/cocoapods/sources_manager.rb" exited with 0.[0m


travis_time:start:0ab04f40
[0K$ if [ "$TRAVIS_PULL_REQUEST" = "false" ]; then git clone --depth=1 https://github.com/CocoaPods/Specs.git ~/.cocoapods/repos/master && pod setup --verbose; fi


Cloning into '/Users/travis/.cocoapods/repos/master'...


Checking out files:   0% (2711/377208)   
Checking out files:   1% (3773/377208)   
Checking out files:   1% (4991/377208)   
Checking out files:   1% (6444/377208)   
Checking out files:   2% (7545/377208)   
Checking out files:   2% (8300/377208)   
Checking out files:   2% (10646/377208)   
Checking out files:   3% (11317/377208)   
Checking out files:   3% (13302/377208)   
Checking out files:   4% (15089/377208)   
Checking out files:   4% (15998/377208)   
Checking out files:   4% (18402/377208)   
Checking out files:   5% (18861/377208)   
Checking out files:   5% (21181/377208)   
Checking out files:   6% (22633/377208)   
Checking out files:   6% (23815/377208)   
Checking out files:   6% (26023/377208)   
Checking out files:   7% (26405/377208)   
Checking out files:   7% (28703/377208)   
Checking out files:   8% (30177/377208)   
Checking out files:   8% (31544/377208)   
Checking out files:   9% (33949/377208)   
Checking out files:   9% (34513/377208)   
Checking out files:   9% (37475/377208)   
Checking out files:  10% (37721/377208)   
Checking out files:  10% (40435/377208)   
Checking out files:  11% (41493/377208)   
Checking out files:  11% (43186/377208)   
Checking out files:  12% (45265/377208)   
Checking out files:  12% (46036/377208)   
Checking out files:  13% (49038/377208)   
Checking out files:  13% (49043/377208)   
Checking out files:  13% (51724/377208)   
Checking out files:  14% (52810/377208)   
Checking out files:  14% (54940/377208)   
Checking out files:  15% (56582/377208)   
Checking out files:  15% (57967/377208)   
Checking out files:  16% (60354/377208)   
Checking out files:  16% (60968/377208)   
Checking out files:  16% (63926/377208)   
Checking out files:  17% (64126/377208)   
Checking out files:  17% (66900/377208)   
Checking out files:  18% (67898/377208)   
Checking out files:  18% (69868/377208)   
Checking out files:  19% (71670/377208)   
Checking out files:  19% (72632/377208)   
Checking out files:  19% (73869/377208)   
Checking out files:  19% (74634/377208)   
Checking out files:  20% (75442/377208)   
Checking out files:  20% (77439/377208)   
Checking out files:  21% (79214/377208)   
Checking out files:  21% (80338/377208)   
Checking out files:  22% (82986/377208)   
Checking out files:  22% (83300/377208)   
Checking out files:  22% (86369/377208)   
Checking out files:  23% (86758/377208)   
Checking out files:  23% (89516/377208)   
Checking out files:  24% (90530/377208)   
Checking out files:  24% (92541/377208)   
Checking out files:  25% (94302/377208)   
Checking out files:  25% (95535/377208)   
Checking out files:  26% (98075/377208)   
Checking out files:  26% (98518/377208)   
Checking out files:  26% (101486/377208)   
Checking out files:  27% (101847/377208)   
Checking out files:  27% (104537/377208)   
Checking out files:  28% (105619/377208)   
Checking out files:  28% (107591/377208)   
Checking out files:  29% (109391/377208)   
Checking out files:  29% (110743/377208)   
Checking out files:  30% (113163/377208)   
Checking out files:  30% (113826/377208)   
Checking out files:  30% (116546/377208)   
Checking out files:  31% (116935/377208)   
Checking out files:  31% (119823/377208)   
Checking out files:  32% (120707/377208)   
Checking out files:  32% (123106/377208)   
Checking out files:  33% (124479/377208)   
Checking out files:  33% (126270/377208)   
Checking out files:  34% (128251/377208)   
Checking out files:  34% (129469/377208)   
Checking out files:  35% (132023/377208)   
Checking out files:  35% (132631/377208)   
Checking out files:  35% (135774/377208)   
Checking out files:  36% (135795/377208)   
Checking out files:  36% (138849/377208)   
Checking out files:  37% (139567/377208)   
Checking out files:  37% (141751/377208)   
Checking out files:  38% (143340/377208)   
Checking out files:  38% (144808/377208)   
Checking out files:  39% (147112/377208)   
Checking out files:  39% (147704/377208)   
Checking out files:  40% (150884/377208)   
Checking out files:  40% (150952/377208)   
Checking out files:  40% (154363/377208)   
Checking out files:  41% (154656/377208)   
Checking out files:  41% (157686/377208)   
Checking out files:  42% (158428/377208)   
Checking out files:  42% (161046/377208)   
Checking out files:  43% (162200/377208)   
Checking out files:  43% (164392/377208)   
Checking out files:  44% (165972/377208)   
Checking out files:  44% (167777/377208)   
Checking out files:  45% (169744/377208)   
Checking out files:  45% (171030/377208)   
Checking out files:  45% (172076/377208)   
Checking out files:  46% (173516/377208)   
Checking out files:  46% (173687/377208)   
Checking out files:  46% (176933/377208)   
Checking out files:  47% (177288/377208)   
Checking out files:  47% (180318/377208)   
Checking out files:  48% (181060/377208)   
Checking out files:  48% (183609/377208)   
Checking out files:  49% (184832/377208)   
Checking out files:  49% (187010/377208)   
Checking out files:  50% (188604/377208)   
Checking out files:  50% (190300/377208)   
Checking out files:  51% (192377/377208)   
Checking out files:  51% (193245/377208)   
Checking out files:  52% (196149/377208)   
Checking out files:  52% (196592/377208)   
Checking out files:  52% (199568/377208)   
Checking out files:  53% (199921/377208)   
Checking out files:  53% (202788/377208)   
Checking out files:  54% (203693/377208)   
Checking out files:  54% (206061/377208)   
Checking out files:  55% (207465/377208)   
Checking out files:  55% (209394/377208)   
Checking out files:  56% (211237/377208)   
Checking out files:  56% (212756/377208)   
Checking out files:  57% (215009/377208)   
Checking out files:  57% (216013/377208)   
Checking out files:  58% (218781/377208)   
Checking out files:  58% (219372/377208)   
Checking out files:  59% (222553/377208)   
Checking out files:  59% (222670/377208)   
Checking out files:  59% (226086/377208)   
Checking out files:  60% (226325/377208)   
Checking out files:  60% (229537/377208)   
Checking out files:  61% (230097/377208)   
Checking out files:  61% (232933/377208)   
Checking out files:  62% (233869/377208)   
Checking out files:  62% (236283/377208)   
Checking out files:  63% (237642/377208)   
Checking out files:  63% (239605/377208)   
Checking out files:  64% (241414/377208)   
Checking out files:  64% (242794/377208)   
Checking out files:  65% (245186/377208)   
Checking out files:  65% (246146/377208)   
Checking out files:  66% (248958/377208)   
Checking out files:  66% (249530/377208)   
Checking out files:  66% (252720/377208)   
Checking out files:  67% (252730/377208)   
Checking out files:  67% (256049/377208)   
Checking out files:  68% (256502/377208)   
Checking out files:  68% (259481/377208)   
Checking out files:  69% (260274/377208)   
Checking out files:  69% (262831/377208)   
Checking out files:  70% (264046/377208)   
Checking out files:  70% (266076/377208)   
Checking out files:  71% (267818/377208)   
Checking out files:  71% (269435/377208)   
Checking out files:  72% (271590/377208)   
Checking out files:  72% (272526/377208)   
Checking out files:  73% (275362/377208)   
Checking out files:  73% (275547/377208)   
Checking out files:  73% (278967/377208)   
Checking out files:  74% (279134/377208)   
Checking out files:  74% (282204/377208)   
Checking out files:  75% (282906/377208)   
Checking out files:  75% (285466/377208)   
Checking out files:  76% (286679/377208)   
Checking out files:  76% (288493/377208)   
Checking out files:  77% (290451/377208)   
Checking out files:  77% (291569/377208)   
Checking out files:  78% (294223/377208)   
Checking out files:  78% (294913/377208)   
Checking out files:  79% (297995/377208)   
Checking out files:  79% (298232/377208)   
Checking out files:  79% (301515/377208)   
Checking out files:  80% (301767/377208)   
Checking out files:  80% (304919/377208)   
Checking out files:  81% (305539/377208)   
Checking out files:  81% (308275/377208)   
Checking out files:  82% (309311/377208)   
Checking out files:  82% (311578/377208)   
Checking out files:  83% (313083/377208)   
Checking out files:  83% (314665/377208)   
Checking out files:  84% (316855/377208)   
Checking out files:  84% (317912/377208)   
Checking out files:  85% (320627/377208)   
Checking out files:  85% (321243/377208)   
Checking out files:  86% (324399/377208)   
Checking out files:  86% (324438/377208)   
Checking out files:  86% (327700/377208)   
Checking out files:  87% (328171/377208)   
Checking out files:  87% (331070/377208)   
Checking out files:  88% (331944/377208)   
Checking out files:  88% (334399/377208)   
Checking out files:  89% (335716/377208)   
Checking out files:  89% (337736/377208)   
Checking out files:  90% (339488/377208)   
Checking out files:  90% (341150/377208)   
Checking out files:  91% (343260/377208)   
Checking out files:  91% (344475/377208)   
Checking out files:  92% (347032/377208)   
Checking out files:  92% (347836/377208)   
Checking out files:  92% (348699/377208)   
Checking out files:  92% (349905/377208)   
Checking out files:  93% (350804/377208)   
Checking out files:  93% (353109/377208)   
Checking out files:  94% (354576/377208)   
Checking out files:  94% (356282/377208)   
Checking out files:  95% (358348/377208)   
Checking out files:  95% (359704/377208)   
Checking out files:  96% (362120/377208)   
Checking out files:  96% (363082/377208)   
Checking out files:  97% (365892/377208)   
Checking out files:  97% (366312/377208)   
Checking out files:  98% (369664/377208)   
Checking out files:  98% (369781/377208)   
Checking out files:  98% (373140/377208)   
Checking out files:  99% (373436/377208)   
Checking out files:  99% (376471/377208)   
Checking out files: 100% (377208/377208)   
Checking out files: 100% (377208/377208), done.


travis_time:end:0ab04f40:start=1574862267989053000,finish=1574862445452098000,duration=177463045000,event=script
[0K[32;1mThe command "if [ "$TRAVIS_PULL_REQUEST" = "false" ]; then git clone --depth=1 https://github.com/CocoaPods/Specs.git ~/.cocoapods/repos/master && pod setup --verbose; fi" exited with 0.[0m


travis_time:start:2dc8b848
[0K$ xctool -version


0.3.4


travis_time:end:2dc8b848:start=1574862445471182000,finish=1574862446322130000,duration=850948000,event=script
[0K[32;1mThe command "xctool -version" exited with 0.[0m


travis_time:start:0f9a7400
[0K$ xcrun simctl list


== Device Types ==


iPhone 4s (com.apple.CoreSimulator.SimDeviceType.iPhone-4s)


iPhone 5 (com.apple.CoreSimulator.SimDeviceType.iPhone-5)


iPhone 5s (com.apple.CoreSimulator.SimDeviceType.iPhone-5s)


iPhone 6 (com.apple.CoreSimulator.SimDeviceType.iPhone-6)


iPhone 6 Plus (com.apple.CoreSimulator.SimDeviceType.iPhone-6-Plus)


iPhone 6s (com.apple.CoreSimulator.SimDeviceType.iPhone-6s)


iPhone 6s Plus (com.apple.CoreSimulator.SimDeviceType.iPhone-6s-Plus)


iPhone 7 (com.apple.CoreSimulator.SimDeviceType.iPhone-7)


iPhone 7 Plus (com.apple.CoreSimulator.SimDeviceType.iPhone-7-Plus)


iPhone 8 (com.apple.CoreSimulator.SimDeviceType.iPhone-8)


iPhone 8 Plus (com.apple.CoreSimulator.SimDeviceType.iPhone-8-Plus)


iPhone SE (com.apple.CoreSimulator.SimDeviceType.iPhone-SE)


iPhone X (com.apple.CoreSimulator.SimDeviceType.iPhone-X)


iPad 2 (com.apple.CoreSimulator.SimDeviceType.iPad-2)


iPad Retina (com.apple.CoreSimulator.SimDeviceType.iPad-Retina)


iPad Air (com.apple.CoreSimulator.SimDeviceType.iPad-Air)


iPad Air 2 (com.apple.CoreSimulator.SimDeviceType.iPad-Air-2)


iPad (5th generation) (com.apple.CoreSimulator.SimDeviceType.iPad--5th-generation-)


iPad Pro (9.7-inch) (com.apple.CoreSimulator.SimDeviceType.iPad-Pro--9-7-inch-)


iPad Pro (12.9-inch) (com.apple.CoreSimulator.SimDeviceType.iPad-Pro)


iPad Pro (12.9-inch) (2nd generation) (com.apple.CoreSimulator.SimDeviceType.iPad-Pro--12-9-inch---2nd-generation-)


iPad Pro (10.5-inch) (com.apple.CoreSimulator.SimDeviceType.iPad-Pro--10-5-inch-)


iPad (6th generation) (com.apple.CoreSimulator.SimDeviceType.iPad--6th-generation-)


Apple TV (com.apple.CoreSimulator.SimDeviceType.Apple-TV-1080p)


Apple TV 4K (com.apple.CoreSimulator.SimDeviceType.Apple-TV-4K-4K)


Apple TV 4K (at 1080p) (com.apple.CoreSimulator.SimDeviceType.Apple-TV-4K-1080p)


Apple Watch - 38mm (com.apple.CoreSimulator.SimDeviceType.Apple-Watch-38mm)


Apple Watch - 42mm (com.apple.CoreSimulator.SimDeviceType.Apple-Watch-42mm)


Apple Watch Series 2 - 38mm (com.apple.CoreSimulator.SimDeviceType.Apple-Watch-Series-2-38mm)


Apple Watch Series 2 - 42mm (com.apple.CoreSimulator.SimDeviceType.Apple-Watch-Series-2-42mm)


Apple Watch Series 3 - 38mm (com.apple.CoreSimulator.SimDeviceType.Apple-Watch-Series-3-38mm)


Apple Watch Series 3 - 42mm (com.apple.CoreSimulator.SimDeviceType.Apple-Watch-Series-3-42mm)


== Runtimes ==


iOS 8.1 (8.1 - 12B411) - com.apple.CoreSimulator.SimRuntime.iOS-8-1


iOS 8.2 (8.2 - 12D508) - com.apple.CoreSimulator.SimRuntime.iOS-8-2


iOS 8.3 (8.3 - 12F70) - com.apple.CoreSimulator.SimRuntime.iOS-8-3


iOS 8.4 (8.4 - 12H141) - com.apple.CoreSimulator.SimRuntime.iOS-8-4


iOS 9.0 (9.0 - 13A344) - com.apple.CoreSimulator.SimRuntime.iOS-9-0


iOS 9.1 (9.1 - 13B143) - com.apple.CoreSimulator.SimRuntime.iOS-9-1


iOS 9.2 (9.2 - 13C75) - com.apple.CoreSimulator.SimRuntime.iOS-9-2


iOS 9.3 (9.3 - 13E233) - com.apple.CoreSimulator.SimRuntime.iOS-9-3


iOS 10.0 (10.0 - 14A345) - com.apple.CoreSimulator.SimRuntime.iOS-10-0


iOS 10.1 (10.1 - 14B72) - com.apple.CoreSimulator.SimRuntime.iOS-10-1


iOS 10.2 (10.2 - 14C89) - com.apple.CoreSimulator.SimRuntime.iOS-10-2


iOS 10.3 (10.3.1 - 14E8301) - com.apple.CoreSimulator.SimRuntime.iOS-10-3


iOS 11.0 (11.0.1 - 15A8401) - com.apple.CoreSimulator.SimRuntime.iOS-11-0


iOS 11.1 (11.1 - 15B87) - com.apple.CoreSimulator.SimRuntime.iOS-11-1


iOS 11.2 (11.2 - 15C107) - com.apple.CoreSimulator.SimRuntime.iOS-11-2


iOS 11.3 (11.3 - 15E217) - com.apple.CoreSimulator.SimRuntime.iOS-11-3


iOS 11.4 (11.4 - 15F79) - com.apple.CoreSimulator.SimRuntime.iOS-11-4


tvOS 9.0 (9.0 - 13T395) - com.apple.CoreSimulator.SimRuntime.tvOS-9-0


tvOS 9.1 (9.1 - 13U85) - com.apple.CoreSimulator.SimRuntime.tvOS-9-1


tvOS 9.2 (9.2 - 13Y234) - com.apple.CoreSimulator.SimRuntime.tvOS-9-2


tvOS 10.0 (10.0 - 14T328) - com.apple.CoreSimulator.SimRuntime.tvOS-10-0


tvOS 10.1 (10.1 - 14U591) - com.apple.CoreSimulator.SimRuntime.tvOS-10-1


tvOS 10.2 (10.2 - 14W260) - com.apple.CoreSimulator.SimRuntime.tvOS-10-2


tvOS 11.0 (11.0 - 15J380) - com.apple.CoreSimulator.SimRuntime.tvOS-11-0


tvOS 11.1 (11.1 - 15J580) - com.apple.CoreSimulator.SimRuntime.tvOS-11-1


tvOS 11.2 (11.2 - 15K104) - com.apple.CoreSimulator.SimRuntime.tvOS-11-2


tvOS 11.3 (11.3 - 15L211) - com.apple.CoreSimulator.SimRuntime.tvOS-11-3


tvOS 11.4 (11.4 - 15L576) - com.apple.CoreSimulator.SimRuntime.tvOS-11-4


watchOS 2.0 (2.0 - 13S343) - com.apple.CoreSimulator.SimRuntime.watchOS-2-0


watchOS 2.1 (2.1 - 13S661) - com.apple.CoreSimulator.SimRuntime.watchOS-2-1


watchOS 2.2 (2.2 - 13V144) - com.apple.CoreSimulator.SimRuntime.watchOS-2-2


watchOS 3.1 (3.1 - 14S471a) - com.apple.CoreSimulator.SimRuntime.watchOS-3-1


watchOS 3.2 (3.2 - 14V243) - com.apple.CoreSimulator.SimRuntime.watchOS-3-2


watchOS 4.0 (4.0 - 15R372) - com.apple.CoreSimulator.SimRuntime.watchOS-4-0


watchOS 4.1 (4.1 - 15R844) - com.apple.CoreSimulator.SimRuntime.watchOS-4-1


watchOS 4.2 (4.2 - 15S100) - com.apple.CoreSimulator.SimRuntime.watchOS-4-2


watchOS 4.3 (4.3 - 15T212) - com.apple.CoreSimulator.SimRuntime.watchOS-4-3


== Devices ==


-- iOS 8.1 --


    iPhone 4s (0249462A-BCD6-4AD8-8523-EE31C2CCA42B) (Shutdown)


    iPhone 5 (87AA77DF-259E-4E80-87EB-6F3096EAA780) (Shutdown)


    iPhone 5s (EC425828-6440-47B1-9ECE-8B6F3D50DF8B) (Shutdown)


    iPhone 6 (2BFFFD01-80C8-48F9-8D30-2923E85E903F) (Shutdown)


    iPhone 6 Plus (E8BDC41C-DC07-42FA-B3AD-FE9EA25FB796) (Shutdown)


    iPad 2 (A95A6DA8-F5E3-46A9-BE0F-3C6926172DB1) (Shutdown)


    iPad Retina (9EB86673-DB75-45F2-AACC-8AD1F01688FB) (Shutdown)


    iPad Air (17A0E050-FA3A-4F8E-82C7-6A517C14D5DD) (Shutdown)


-- iOS 8.2 --


    iPhone 4s (0D86B03B-6A3D-48CD-A6FC-66BECC590325) (Shutdown)


    iPhone 5 (3C5C488E-3BF2-43B5-BA35-EBC5AC4A34AF) (Shutdown)


    iPhone 5s (88CAAAC2-6590-40FF-9ED6-3EE99DDE1F10) (Shutdown)


    iPhone 6 (6BC69E2C-FA6C-4E3A-BD94-5362E45983E4) (Shutdown)


    iPhone 6 Plus (FAF7DDB6-FA9A-4C32-A22B-B2228F44E1AA) (Shutdown)


    iPad 2 (6160B903-2593-4797-BB14-0332914D09D5) (Shutdown)


    iPad Retina (64070310-53CC-423B-A826-3550762F0297) (Shutdown)


    iPad Air (CB3C5E09-F743-454C-9C3D-B5C41F604E6D) (Shutdown)


-- iOS 8.3 --


    iPhone 4s (1AC930D7-6D9C-4975-BA5E-C2A9132AED44) (Shutdown)


    iPhone 5 (FA316434-7008-438B-A48A-8E47828F4A9F) (Shutdown)


    iPhone 5s (8164B28A-43B5-48D0-BF0E-5138334EDB57) (Shutdown)


    iPhone 6 (A9099B03-FC36-4BE7-AD18-243A47377EA2) (Shutdown)


    iPhone 6 Plus (F0941667-3069-4A6D-9ECD-503B51107C35) (Shutdown)


    iPad 2 (0BF27476-D756-4865-B29D-6D7B3DCA1A70) (Shutdown)


    iPad Retina (55B2AC75-57C7-47B5-9E3B-ABECC590A12A) (Shutdown)


    iPad Air (8C915B98-B608-4AE3-B5AA-B012B72ACFDB) (Shutdown)


-- iOS 8.4 --


    iPhone 4s (4F70190B-85E5-4402-AE9E-465D6FFE491A) (Shutdown)


    iPhone 5 (6099B4C7-8BAE-4D3C-A002-30192D0B41C1) (Shutdown)


    iPhone 5s (3019CA97-7A4E-4599-95C6-B0B04092088F) (Shutdown)


    iPhone 6 (23C347E1-18BD-4E07-A694-A8595FF83C7F) (Shutdown)


    iPhone 6 Plus (99035083-847E-4A11-9F2E-7D08A091B50A) (Shutdown)


    iPad 2 (43E8DCE9-B349-4EFF-9C9D-FCE7ECA47ADE) (Shutdown)


    iPad Retina (6211A19E-97FF-4F9B-9180-48A10434E96C) (Shutdown)


    iPad Air (368DB039-5130-4337-B410-E43C3D8AD452) (Shutdown)


-- iOS 9.0 --


    iPhone 4s (B278A03C-C15F-4F6A-83F1-AF0438C3C7E4) (Shutdown)


    iPhone 5 (9BDA4B06-8978-4405-85A7-A8F595ABDE1E) (Shutdown)


    iPhone 5s (70B5B154-496B-4326-B4B7-B167BC4D09F1) (Shutdown)


    iPhone 6 (A5C64987-58C6-41B6-A821-6ED43F1980E1) (Shutdown)


    iPhone 6 Plus (60969D0C-C43A-42B4-99FE-17DD8839BBC7) (Shutdown)


    iPhone 6s (7DAF65A2-B5ED-4F22-84E5-A9F66B7CAAA2) (Shutdown)


    iPhone 6s Plus (5A8CAE95-6C12-4EEB-B595-CB3A7D522569) (Shutdown)


    iPad 2 (A85A943F-85ED-4D82-8AEC-687197518470) (Shutdown)


    iPad Retina (FDDB0372-BA8F-441C-90AB-FC03F8DF44C2) (Shutdown)


    iPad Air (FD6F3230-846F-4924-A8F7-0A8B53E2B43E) (Shutdown)


    iPad Air 2 (98C9CB4A-935C-4947-A667-1F5CCAE701AF) (Shutdown)


-- iOS 9.1 --


    iPhone 4s (B64D3462-5699-4372-B01B-CE98F8E19999) (Shutdown)


    iPhone 5 (1182E8CA-8864-4928-9670-9283ED0F2C61) (Shutdown)


    iPhone 5s (C6206239-67C1-4B3E-8D0C-DFD8A34DD8DE) (Shutdown)


    iPhone 6 (A663F313-691A-41EA-9B8E-9C13BCED198A) (Shutdown)


    iPhone 6 Plus (85DD6230-FE87-4F47-B0DF-7A90F6DE39B9) (Shutdown)


    iPhone 6s (0804F654-C416-4CA4-8DCC-E669271750F5) (Shutdown)


    iPhone 6s Plus (4079A6CA-F504-4AC0-BBF9-FF5B5ED27177) (Shutdown)


    iPad 2 (C667CE8F-1790-4A1E-972A-9C4463A347D8) (Shutdown)


    iPad Retina (C074D4D9-902B-4F34-A58E-4C0952D1A1DB) (Shutdown)


    iPad Air (218D79B3-DCE8-4094-AC21-C82990E3B41E) (Shutdown)


    iPad Air 2 (AA59EC7F-2848-4801-B5FB-13F5A94B0BAA) (Shutdown)


    iPad Pro (84F62264-105F-412E-9F4B-8947A4B600ED) (Shutdown)


-- iOS 9.2 --


    iPhone 4s (9A367BEB-AEA9-485A-A8DA-B59275891B40) (Shutdown)


    iPhone 5 (CE788CCC-7DD7-4634-804A-8744CFE83ADE) (Shutdown)


    iPhone 5s (020B606F-FA5C-4E37-8E02-7EA7B20878A7) (Shutdown)


    iPhone 6 (611FE619-14F2-4243-B72C-E285BF50C8B5) (Shutdown)


    iPhone 6 Plus (2A7C1989-D6B2-4734-956F-275FDEDB6BFF) (Shutdown)


    iPhone 6s (26799EBF-B3A8-43EE-9E2E-414C7E4C96B9) (Shutdown)


    iPhone 6s Plus (89AB292F-A1C4-43C8-ACD8-67ABED7DD449) (Shutdown)


    iPad 2 (9B35D13B-AEC3-4D43-A15C-F7B2C755CA2A) (Shutdown)


    iPad Retina (8E1F2F61-7C3C-4C3B-AA00-FD8CD5D0C65F) (Shutdown)


    iPad Air (89B7A34A-51B5-40B6-99F6-281A1452388B) (Shutdown)


    iPad Air 2 (8BF6B30B-F942-4315-8783-8542EB848ED9) (Shutdown)


    iPad Pro (FC21F7B0-261C-4D6B-B43E-E0A08B9076DC) (Shutdown)


-- iOS 9.3 --


    iPhone 4s (5C73E8BF-9F1D-4B29-8C69-08B107285FB0) (Shutdown)


    iPhone 5 (01DCAF95-F266-4720-AD2C-51CF279CCB6C) (Shutdown)


    iPhone 5s (8CD51D9A-9F67-4CD7-A8D1-8698B551E577) (Shutdown)


    iPhone 6 (D3EE8F5D-2AED-4A72-802D-FDDC37A6BCB5) (Shutdown)


    iPhone 6 Plus (402A84FF-D922-43D9-93B2-98C29D488D14) (Shutdown)


    iPhone 6s (15C825AA-C8F7-44D2-95FB-C92D38A0D9BA) (Shutdown)


    iPhone 6s Plus (88F3D527-A08C-4A5D-8541-9901BE89336B) (Shutdown)


    iPad 2 (1C3F1904-E0A7-4E5A-A9E9-436E8E79BEC6) (Shutdown)


    iPad Retina (1A8FF421-409E-4FAB-938E-7E91961BD9EB) (Shutdown)


    iPad Air (9073977E-0387-4C08-8628-5F3FDB7E7628) (Shutdown)


    iPad Air 2 (747B2225-4B98-4677-81E7-519A02784945) (Shutdown)


    iPad Pro (B5EA4A24-229C-4840-845E-269FA42E8BEB) (Shutdown)


-- iOS 10.0 --


    iPhone 5 (38602345-96D7-40FE-851D-A18605C3A14D) (Shutdown)


    iPhone 5s (CD6B7230-DDF8-4C42-BFBA-5A2DEFD5F69A) (Shutdown)


    iPhone 6 (BD798BF0-5019-40FD-B2B4-D8D5C8C47A25) (Shutdown)


    iPhone 6 Plus (F31D2E4E-B4BC-43E2-9B5E-C9CFF5669C92) (Shutdown)


    iPhone 6s (FBD5EE0F-F2C5-484C-8B51-1DB1B69ED6AF) (Shutdown)


    iPhone 6s Plus (DAB0E600-4827-492A-8F91-A78F877F4C4C) (Shutdown)


    iPhone SE (C87BBC3B-3B7F-4C09-8F9C-165C2FD827D3) (Shutdown)


    iPad Air (794C8F86-3466-4A1E-BFF3-E7C0A9705DD5) (Shutdown)


    iPad Air 2 (0446F2F8-F7E0-4391-A9F7-D117FF2DFB6E) (Shutdown)


    iPad Pro (9.7 inch) (DB1ECDD4-6297-4D8F-971C-6FF53D9558C5) (Shutdown)


    iPad Pro (12.9 inch) (176C2710-6129-4C31-ADC2-56A2FE9E44B8) (Shutdown)


-- iOS 10.1 --


    iPhone 5 (D3442F27-8F49-4CA0-9904-E33D9FE5D656) (Shutdown)


    iPhone 5s (8C0DF6CB-FE74-4110-ADD7-3210910D7C60) (Shutdown)


    iPhone 6 (27525FD7-EC26-48CC-A9BE-A0C06CC57093) (Shutdown)


    iPhone 6 Plus (6B79DDC4-1382-481D-A53E-9C8F6E790E51) (Shutdown)


    iPhone 6s (3D4E4C6A-772D-4378-90A6-0CB4F1E88D26) (Shutdown)


    iPhone 6s Plus (CD905A1B-47A2-4A6B-AC77-16E4FD2C7D57) (Shutdown)


    iPhone 7 (3817F470-271D-4373-B20F-6FD6C063EA58) (Shutdown)


    iPhone 7 Plus (4A74CE64-F73C-4238-A205-5429738D8CE9) (Shutdown)


    iPhone SE (8F3F0194-E1AF-41C2-B2A1-645456B89F5D) (Shutdown)


    iPad Air (0769C554-89F8-4726-AF4F-2F086BD4E130) (Shutdown)


    iPad Air 2 (A8F97452-1E3A-432C-88BA-6D19F2DEB5B5) (Shutdown)


    iPad Pro (9.7 inch) (43EE6103-FB05-4325-B866-0BB0EB76DA03) (Shutdown)


    iPad Pro (12.9 inch) (7EFCD587-3A33-40B2-ABC6-B778AB7A1D4E) (Shutdown)


-- iOS 10.2 --


    iPhone 5 (3E356030-3500-494E-A676-E1D57CAEE44D) (Shutdown)


    iPhone 5s (3EA9A76D-BCC7-42B3-9783-C71EB76DC6A9) (Shutdown)


    iPhone 6 (136AF46E-4EFF-49D8-BB5D-EE436C578BC4) (Shutdown)


    iPhone 6 Plus (9C41A2C4-A752-4ECB-AFE6-6BC94C2CA98C) (Shutdown)


    iPhone 6s (CF02F9DC-ADFF-468B-B7DB-F49B53311E7C) (Shutdown)


    iPhone 6s Plus (AFEB4258-F039-4360-9B37-977793E98A75) (Shutdown)


    iPhone 7 (B8CA1064-2EEC-4D75-BB1E-662EF7FBC2EC) (Shutdown)


    iPhone 7 Plus (599424B6-B002-4F67-BA5B-91ABDBE3C24D) (Shutdown)


    iPhone SE (24ADD8C1-96A1-4E65-BC56-7B60A45CC272) (Shutdown)


    iPad Air (756B5591-D2C2-40E2-A1C5-4AC7003F27C5) (Shutdown)


    iPad Air 2 (454E07E2-A405-481C-AAFE-5C665A28F869) (Shutdown)


    iPad Pro (9.7 inch) (7B17A4C7-8798-4BB7-9F8E-6066034C2EC8) (Shutdown)


    iPad Pro (12.9 inch) (89D4B43B-4823-46AF-BBD0-A6F56AE66009) (Shutdown)


-- iOS 10.3 --


    iPhone 5 (DC180A1E-B40B-4F10-8F32-BDD141E932E4) (Shutdown)


    iPhone 5s (DB6FCD8E-F844-425E-A5B0-07986A77B6E2) (Shutdown)


    iPhone 6 (6B7C73F6-82E1-4FC7-A47E-C8BE0B2D7B30) (Shutdown)


    iPhone 6 Plus (BB5D3870-77EE-4135-AAE3-C7F0D245862F) (Shutdown)


    iPhone 6s (E68E4CCD-77AA-42AF-9DFB-DEDB9A161166) (Shutdown)


    iPhone 6s Plus (AF20A6BA-8E32-4835-8CA3-69F9978C1C70) (Shutdown)


    iPhone 7 (6AC4C35F-F1A5-4C54-88CF-E903C9B910C4) (Shutdown)


    iPhone 7 Plus (AE68934B-30AF-46A8-BBCC-53FB7205978A) (Shutdown)


    iPhone SE (1C63BDA4-127A-4794-80E8-DB87D29975EC) (Shutdown)


    iPad Air (518EE86F-705C-4668-B366-1AC154700475) (Shutdown)


    iPad Air 2 (305E30FD-E726-4576-8515-DF9BF4793A14) (Shutdown)


    iPad (5th generation) (FD4602BE-4676-4769-BB84-40D92AA0DD73) (Shutdown)


    iPad Pro (9.7 inch) (A1C0F99A-FC6A-47E7-8574-F703FE78BF36) (Shutdown)


    iPad Pro (12.9 inch) (1385412A-6D8D-4205-9440-CFFDA1B2188D) (Shutdown)


    iPad Pro (12.9-inch) (2nd generation) (7502974D-3AF4-4DF5-877E-8EE6D1BC022C) (Shutdown)


    iPad Pro (10.5-inch) (A6E5057C-144C-4FC6-8405-950ABF8BFBFA) (Shutdown)


-- iOS 11.0 --


    iPhone 5s (F063E289-BF52-4F2F-A307-4C68604271CF) (Shutdown)


    iPhone 6 (04C3AE27-EF87-461A-A610-B294146E704A) (Shutdown)


    iPhone 6 Plus (0104293D-D20D-4C2B-8517-DDACA5413279) (Shutdown)


    iPhone 6s (2AB0A048-B2DD-44B5-B6EA-EEFE6B902DA5) (Shutdown)


    iPhone 6s Plus (41DA2456-67C8-48B3-BBB3-667F6BC1436A) (Shutdown)


    iPhone 7 (699ED516-E0C6-4529-9A12-7AA4E8626639) (Shutdown)


    iPhone 7 Plus (6B0C25EA-09DB-4AF5-847F-EB503AE29129) (Shutdown)


    iPhone 8 (BFC6320A-7D97-42F1-ADF2-A3CF74073B61) (Shutdown)


    iPhone 8 Plus (5B92FA1F-120C-4604-8807-0A416979DE0F) (Shutdown)


    iPhone SE (AAE7CB94-027E-4206-BE72-96F1BC072527) (Shutdown)


    iPhone X (AB0DEA05-54F5-49DA-9DC1-6D3EB0E53AFA) (Shutdown)


    iPad Air (B301BF38-6816-42B4-9B56-E63E38AEACCE) (Shutdown)


    iPad Air 2 (2F58313B-68B1-4D7F-A69D-936E754F8AD6) (Shutdown)


    iPad (5th generation) (5217DF5A-6D99-46CA-8E5F-C0A6F784854D) (Shutdown)


    iPad Pro (9.7-inch) (C2F50040-F433-45AC-A6DE-6CD691EEE784) (Shutdown)


    iPad Pro (12.9-inch) (67B41083-C811-4606-A267-20179D0F787A) (Shutdown)


    iPad Pro (12.9-inch) (2nd generation) (56454F44-9C64-46D4-AD1D-CA43F3B6688E) (Shutdown)


    iPad Pro (10.5-inch) (1D0DC981-7AFC-4BC5-8E60-4FD86E0FA876) (Shutdown)


-- iOS 11.1 --


    iPhone 5s (2C9B090B-3617-4024-8836-28329FF46844) (Shutdown)


    iPhone 6 (8420A7FD-699A-4063-A79F-49969CA1BE8C) (Shutdown)


    iPhone 6 Plus (9138A005-5148-4BE4-AD1C-5BF953DA7313) (Shutdown)


    iPhone 6s (345FFAEB-0052-4FDD-AD4B-16BE10226C32) (Shutdown)


    iPhone 6s Plus (2FBFEDDB-B2E8-4371-85B0-04F0B76C2740) (Shutdown)


    iPhone 7 (EFA10134-FE95-4DC6-8225-F70393BB3B65) (Shutdown)


    iPhone 7 Plus (CBC5537A-7911-46DA-9662-22FF8284BB2F) (Shutdown)


    iPhone 8 (1E53D31E-F880-4137-AF9A-A6754E531F04) (Shutdown)


    iPhone 8 Plus (25A1DAA2-FA3C-4CA3-A249-4854E2E7F53A) (Shutdown)


    iPhone SE (B836DC75-54BB-4841-A197-285800F14767) (Shutdown)


    iPhone X (E71AD5B8-2A5E-4F53-B94D-9AC8B4ED1EE5) (Shutdown)


    iPad Air (8EC220ED-B5EF-4136-BF01-D6FA61F88232) (Shutdown)


    iPad Air 2 (9DC346E6-972C-40BF-BBE3-0F63BD4E362B) (Shutdown)


    iPad (5th generation) (9ED52B02-4121-4B95-88E7-28652AEDCFBE) (Shutdown)


    iPad Pro (9.7-inch) (5C4F2820-45AD-4AAD-906C-16DF3960286E) (Shutdown)


    iPad Pro (12.9-inch) (4680F565-4D88-422A-B20C-396810409C3B) (Shutdown)


    iPad Pro (12.9-inch) (2nd generation) (B1E5B4A8-0803-485E-B8EE-2BEAF774DD07) (Shutdown)


    iPad Pro (10.5-inch) (0B35B74D-15B7-4156-AB0E-03D3D7D306A1) (Shutdown)


-- iOS 11.2 --


    iPhone 5s (D19316E0-DC76-4970-9423-C2EF7E7D745E) (Shutdown)


    iPhone 6 (BFE04B76-0D7E-4056-A6C9-CB81F8EEE0E3) (Shutdown)


    iPhone 6 Plus (CD4B9B09-03C1-470B-BDD1-46B42D5919F1) (Shutdown)


    iPhone 6s (70DFBD87-956B-4C10-978E-9AD7807E955E) (Shutdown)


    iPhone 6s Plus (FF8A43CE-7B2C-4F4A-83C3-F2610DEDAA55) (Shutdown)


    iPhone 7 (051D3CB9-40F6-45B1-B6E7-6149190C6565) (Shutdown)


    iPhone 7 Plus (D8AFCF22-19AD-48D3-AA19-AF58BF5911B6) (Shutdown)


    iPhone 8 (F48D4B33-60EE-4C03-96CC-8F9D3F5EAF6D) (Shutdown)


    iPhone 8 Plus (227A9793-7525-429D-92D8-BD1D4BB651CF) (Shutdown)


    iPhone SE (7D3B8D57-0EB8-4A84-AB09-E02D7F3F1AB9) (Shutdown)


    iPhone X (A5BB85E3-EBB5-4767-9B81-4A7DF2DC1B76) (Shutdown)


    iPad Air (D4FE15DB-816E-488C-9297-E942FE3DAD1F) (Shutdown)


    iPad Air 2 (D45224C5-D30C-4B40-8AFF-91D435BE7321) (Shutdown)


    iPad (5th generation) (B0DF6B75-3D8B-4BFE-AA2D-E10FF6BBFAC6) (Shutdown)


    iPad Pro (9.7-inch) (28EF80F2-0293-4D9D-8E04-D116ADC1D6B2) (Shutdown)


    iPad Pro (12.9-inch) (E5F40FE8-5903-4537-9519-A3D4010F2C54) (Shutdown)


    iPad Pro (12.9-inch) (2nd generation) (FE62F490-F5DE-421E-9C99-F6123CD2E1F1) (Shutdown)


    iPad Pro (10.5-inch) (A11880E4-170C-4E27-948C-34E3E2B98EC6) (Shutdown)


-- iOS 11.3 --


    iPhone 5s (746C2A5F-B0BE-4164-A178-B53A6BDBE20C) (Shutdown)


    iPhone 6 (41736ECF-B56E-43C0-92A1-7E1FD8302B88) (Shutdown)


    iPhone 6 Plus (76B76782-4957-42B4-B7B8-779BBB286AE4) (Shutdown)


    iPhone 6s (4B212682-BCF0-49D3-8FEA-01688DEA8711) (Shutdown)


    iPhone 6s Plus (8909BBA4-4FA3-47CB-B2C3-75798A2DD088) (Shutdown)


    iPhone 7 (65DFF9C4-B3A4-45F4-A46D-A906AA5DEB7B) (Shutdown)


    iPhone 7 Plus (F9E3FEC5-D127-4F92-9BE2-3921033653B5) (Shutdown)


    iPhone 8 (361E7D26-A9BD-447D-939C-1DBF01B0B1E0) (Shutdown)


    iPhone 8 Plus (A5C08804-E339-4E78-A478-0D099F54B973) (Shutdown)


    iPhone SE (92550947-1AE2-40B6-9D1C-F04D27BF3ED3) (Shutdown)


    iPhone X (5E4E0408-E061-4CDF-955A-EF404C743CB8) (Shutdown)


    iPad Air (70B8A002-9B21-466E-950C-098F4827C7B6) (Shutdown)


    iPad Air 2 (7AD53AD3-6E79-43B5-B98D-E5134A218F2A) (Shutdown)


    iPad (5th generation) (070A7D7E-830F-4006-9BC2-5332E41EB48F) (Shutdown)


    iPad Pro (9.7-inch) (8B1AB4E3-0781-44F5-9051-C72D44F5A2FE) (Shutdown)


    iPad Pro (12.9-inch) (478F89A7-7796-4207-A6BF-6EBF80D84170) (Shutdown)


    iPad Pro (12.9-inch) (2nd generation) (DFFF359C-6866-455F-AF8B-09BB13418355) (Shutdown)


    iPad Pro (10.5-inch) (2B7A12DA-4F66-402F-84E5-66DC177BA89F) (Shutdown)


-- iOS 11.4 --


    iPhone 5s (F5F84F68-FEE6-4817-92D3-A101BE655657) (Shutdown)


    iPhone 6 (6493A715-04AC-4497-88F8-E81024078287) (Shutdown)


    iPhone 6 Plus (B00AEC63-696C-4297-A3A5-A573B1EFBEBE) (Shutdown)


    iPhone 6s (30883235-39F9-4606-9C83-F4D4C630EDB9) (Shutdown)


    iPhone 6s Plus (BEEA8A39-963D-43F1-A555-70F6EF246A64) (Shutdown)


    iPhone 7 (8ABF0B4E-0370-4D7D-B9F6-E508760687A5) (Shutdown)


    iPhone 7 Plus (6E127CF0-6BCD-4EE2-9C84-25BF64073611) (Shutdown)


    iPhone 8 (1CAB698D-0215-498B-B6DC-6C7CCE5F99D7) (Shutdown)


    iPhone 8 Plus (384E22B2-1BF5-48E7-8FB0-3DC8D6B625D1) (Shutdown)


    iPhone SE (B23EF716-1D30-44F3-916D-778BD8D2DD00) (Shutdown)


    iPhone X (19ABD42A-1EBA-4455-9EB1-8B8D2DD9BC5A) (Shutdown)


    iPad Air (68769750-3781-4D80-B348-D07AF80EA6BA) (Shutdown)


    iPad Air 2 (04D6C823-FDA3-472B-85EA-9B484AF6E42F) (Shutdown)


    iPad (5th generation) (21DD3A28-FAEB-49CA-B92F-C634BC438358) (Shutdown)


    iPad Pro (9.7-inch) (D2E2A588-90B6-4265-B868-52CCC62C5EBF) (Shutdown)


    iPad Pro (12.9-inch) (837DF8E5-F517-4A86-8BB9-048C9998636E) (Shutdown)


    iPad Pro (12.9-inch) (2nd generation) (32B3A5BD-7EC0-4F96-AEFE-9685192C7440) (Shutdown)


    iPad Pro (10.5-inch) (0199AF6F-93CC-46B8-AF63-10AE97DF46DF) (Shutdown)


-- tvOS 9.0 --


    Apple TV 1080p (B44BD845-730F-4222-A5E8-9EF556A73ED9) (Shutdown)


-- tvOS 9.1 --


    Apple TV 1080p (D7BA1BBB-58A2-4F5F-ADCB-D530B64BF07A) (Shutdown)


-- tvOS 9.2 --


    Apple TV 1080p (DD9361A0-3233-44CF-90AB-EECA016ADC6F) (Shutdown)


-- tvOS 10.0 --


    Apple TV 1080p (9AB885F9-D262-49DE-9E54-6CA01B6BE585) (Shutdown)


-- tvOS 10.1 --


    Apple TV 1080p (43FE2980-0524-41CB-93CA-801CC992C9E4) (Shutdown)


-- tvOS 10.2 --


    Apple TV 1080p (4F9152DB-C7D3-4E23-AE69-AA2ED7598CC5) (Shutdown)


-- tvOS 11.0 --


    Apple TV (275FDABC-42E5-4508-ABA0-16E258796612) (Shutdown)


    Apple TV 4K (0B00991F-14DB-486D-AA80-7F4E8AA8AD1D) (Shutdown)


    Apple TV 4K (at 1080p) (FEEEFB34-4CD9-47AD-A556-F76649F6D3DF) (Shutdown)


-- tvOS 11.1 --


    Apple TV (FDA5C07E-94C6-49DF-8AD2-8A4519598113) (Shutdown)


    Apple TV 4K (107D1683-D13A-4E1C-9DFC-E87751F3DEB5) (Shutdown)


    Apple TV 4K (at 1080p) (9E8BF6BF-4F40-47C9-A58A-535EA156B5F9) (Shutdown)


-- tvOS 11.2 --


    Apple TV (ADCAFE81-62F2-44BA-A1CB-AAB8B603FB8A) (Shutdown)


    Apple TV 4K (23B747C9-A90E-4078-BE58-78A815FA6711) (Shutdown)


    Apple TV 4K (at 1080p) (A25169A0-47E3-4296-A2CA-14DC5286816C) (Shutdown)


-- tvOS 11.3 --


    Apple TV (4C61FCE6-10FD-420D-88C2-EB50772D539A) (Shutdown)


    Apple TV 4K (BA8DBE97-9082-441C-89B4-7FD5F4DC922C) (Shutdown)


    Apple TV 4K (at 1080p) (15D00734-AAC3-4B39-BFA9-8A86577A644C) (Shutdown)


-- tvOS 11.4 --


    Apple TV (A6AD8D87-509A-41F3-B093-E05E4E99FDC1) (Shutdown)


    Apple TV 4K (43581E95-B1BF-4EEB-A4FA-6DF0540407C5) (Shutdown)


    Apple TV 4K (at 1080p) (6AF62079-B740-4F04-9B8E-3C07C1ADE71D) (Shutdown)


-- watchOS 2.0 --


    Apple Watch - 38mm (5325215A-B275-4A5F-A5BD-18D4EACD21E9) (Shutdown)


    Apple Watch - 42mm (D3ABCFE8-4FC1-4728-A84F-4E63C4EB3568) (Shutdown)


-- watchOS 2.1 --


    Apple Watch - 38mm (C4219BA0-10B3-48A6-B664-7E684CC40FEB) (Shutdown)


    Apple Watch - 42mm (5666FF7D-12C6-4DB4-91C4-083C6C004EA1) (Shutdown)


-- watchOS 2.2 --


    Apple Watch - 38mm (88FB5B0A-96A6-4306-86D1-475260FC72FD) (Shutdown)


    Apple Watch - 42mm (A112AA4C-AA5D-4A0F-9AA0-40AA1CAB9BC4) (Shutdown)


-- watchOS 3.1 --


    Apple Watch - 38mm (A81E6450-BACC-4201-83AA-C671C356C965) (Shutdown)


    Apple Watch - 42mm (6C5A66B4-11F5-45A6-80F9-6B2B078D4F7B) (Shutdown)


    Apple Watch Series 2 - 38mm (191C4584-20A6-4E20-A5F0-432AC3DAB307) (Shutdown)


    Apple Watch Series 2 - 42mm (7A8F3361-EBAE-436B-9EC5-3A48AD8EAD85) (Shutdown)


-- watchOS 3.2 --


    Apple Watch - 38mm (43002C12-D3DC-4A65-AAB6-B51034E8D71B) (Shutdown)


    Apple Watch - 42mm (BD8B5509-4664-4219-80BE-8306E93299D3) (Shutdown)


    Apple Watch Series 2 - 38mm (47D354A7-A3C1-4C07-96F4-EEA0E6C8C908) (Shutdown)


    Apple Watch Series 2 - 42mm (8996E94F-2667-4AF0-822C-381CA9074F3A) (Shutdown)


-- watchOS 4.0 --


    Apple Watch - 38mm (1454567A-B05C-4E58-B250-46068E295060) (Shutdown)


    Apple Watch - 42mm (027309AA-FAFF-4430-A48E-0F44C38607B1) (Shutdown)


    Apple Watch Series 2 - 38mm (BF3FC4C1-E3D5-4692-8502-779EF1B62682) (Shutdown)


    Apple Watch Series 2 - 42mm (0F6E19BD-F465-42B8-AFAE-679FF2B982A5) (Shutdown)


    Apple Watch Series 3 - 38mm (526C953C-A654-456F-B81C-DC43BE0E315B) (Shutdown)


    Apple Watch Series 3 - 42mm (6642BD7D-3360-48BD-8E6C-6CA99440789D) (Shutdown)


-- watchOS 4.1 --


    Apple Watch - 38mm (8282F8EA-E762-4889-B399-CC7BC0969A88) (Shutdown)


    Apple Watch - 42mm (CE477EAD-8373-4EAB-B0F6-B5989D0D89A2) (Shutdown)


    Apple Watch Series 2 - 38mm (D5E00E10-9263-47E9-A444-BF13960780BB) (Shutdown)


    Apple Watch Series 2 - 42mm (B9847BD0-8DEF-41BA-8008-B79D1189482D) (Shutdown)


    Apple Watch Series 3 - 38mm (AE79B513-305A-418E-838B-3D8185681804) (Shutdown)


    Apple Watch Series 3 - 42mm (F7F86CAE-F5D3-416A-A811-325C536321C6) (Shutdown)


-- watchOS 4.2 --


    Apple Watch - 38mm (F28EEA4A-1EF2-4748-8E27-883D1E7F6156) (Shutdown)


    Apple Watch - 42mm (6FCBF431-CE19-44CB-BE70-9D92A23DB6E4) (Shutdown)


    Apple Watch Series 2 - 38mm (B85A2F75-28C8-42B8-9066-8400638B5667) (Shutdown)


    Apple Watch Series 2 - 42mm (BCF59632-5FED-40EB-B128-7BCE68EAD983) (Shutdown)


    Apple Watch Series 3 - 38mm (37D5399C-D6F3-41AF-95D8-BFF040576B32) (Shutdown)


    Apple Watch Series 3 - 42mm (258E7249-3D6E-43D6-B33F-E6327C112D2B) (Shutdown)


-- watchOS 4.3 --


    Apple Watch - 38mm (C4E58B70-DA61-413B-A352-2DA6D1F1AE66) (Shutdown)


    Apple Watch - 42mm (0B637EA0-65AD-4B3D-8A74-5BEF58DD3555) (Shutdown)


    Apple Watch Series 2 - 38mm (DBB04722-4BE2-4BC7-9890-A279DD6B79AA) (Shutdown)


    Apple Watch Series 2 - 42mm (6EF34C4E-1EB4-495D-8AD1-BC96B9434874) (Shutdown)


    Apple Watch Series 3 - 38mm (AD9342E0-EE28-4714-A34D-374E5D66901F) (Shutdown)


    Apple Watch Series 3 - 42mm (5337670E-C054-4224-AF00-4A5CF6F9B0F0) (Shutdown)


== Device Pairs ==


D25C0A2C-22CE-427B-BAF1-E5BE5DEDBF01 (active, disconnected)


    Watch: Apple Watch Series 2 - 38mm (DBB04722-4BE2-4BC7-9890-A279DD6B79AA) (Shutdown)


    Phone: iPhone 7 (8ABF0B4E-0370-4D7D-B9F6-E508760687A5) (Shutdown)


30975C58-8818-445F-9F9D-DCAE204DB9DE (active, disconnected)


    Watch: Apple Watch Series 2 - 42mm (6EF34C4E-1EB4-495D-8AD1-BC96B9434874) (Shutdown)


    Phone: iPhone 7 Plus (6E127CF0-6BCD-4EE2-9C84-25BF64073611) (Shutdown)


1FE3C90F-B56E-425E-AC93-8699BEFAA23B (active, disconnected)


    Watch: Apple Watch Series 3 - 38mm (AD9342E0-EE28-4714-A34D-374E5D66901F) (Shutdown)


    Phone: iPhone 8 (1CAB698D-0215-498B-B6DC-6C7CCE5F99D7) (Shutdown)


8583E80B-7721-4A88-A880-9AB7E7AF4F37 (active, disconnected)


    Watch: Apple Watch Series 3 - 42mm (5337670E-C054-4224-AF00-4A5CF6F9B0F0) (Shutdown)


    Phone: iPhone 8 Plus (384E22B2-1BF5-48E7-8FB0-3DC8D6B625D1) (Shutdown)


travis_time:end:0f9a7400:start=1574862446333914000,finish=1574862451250533000,duration=4916619000,event=script
[0K[32;1mThe command "xcrun simctl list" exited with 0.[0m


travis_time:start:2221abe0
[0K$ export CGO_CFLAGS_ALLOW='-fmodules|-fblocks|-fobjc-arc'


travis_time:end:2221abe0:start=1574862451270244000,finish=1574862451284686000,duration=14442000,event=script
[0K[32;1mThe command "export CGO_CFLAGS_ALLOW='-fmodules|-fblocks|-fobjc-arc'" exited with 0.[0m


travis_time:start:054dbc37
[0K$ go run build/ci.go xcode -signer IOS_SIGNING_KEY -deploy trunk -upload gethstore/builds


>>> /Users/travis/.gimme/versions/go1.13.4.darwin.amd64/bin/go get golang.org/x/mobile/cmd/gomobile golang.org/x/mobile/cmd/gobind


go: finding golang.org/x/mobile latest


go: downloading golang.org/x/mobile v0.0.0-20191123054942-d9e324ca8c38


go: extracting golang.org/x/mobile v0.0.0-20191123054942-d9e324ca8c38


go: downloading golang.org/x/tools v0.0.0-20190909214602-067311248421


go: extracting golang.org/x/tools v0.0.0-20190909214602-067311248421


go: finding golang.org/x/tools v0.0.0-20190909214602-067311248421


>>> /Users/travis/gopath/src/github.com/ethereum/go-ethereum/build/bin/gomobile init


/Users/travis/gopath/src/github.com/ethereum/go-ethereum/build/bin/gomobile: /Users/travis/.gimme/versions/go1.13.4.darwin.amd64/bin/go install golang.org/x/mobile/cmd/gobind failed: exit status 1


can't load package: package golang.org/x/mobile/cmd/gobind: cannot find package "golang.org/x/mobile/cmd/gobind" in any of:


	/Users/travis/.gimme/versions/go1.13.4.darwin.amd64/src/golang.org/x/mobile/cmd/gobind (from $GOROOT)


	/Users/travis/gopath/src/golang.org/x/mobile/cmd/gobind (from $GOPATH)





util.go:45: exit status 1


exit status 1


travis_time:end:054dbc37:start=1574862451303214000,finish=1574862462648992000,duration=11345778000,event=script
[0K[31;1mThe command "go run build/ci.go xcode -signer IOS_SIGNING_KEY -deploy trunk -upload gethstore/builds" exited with 1.[0m








Done. Your build exited with 1.


