travis_fold:start:worker_info
[0K[33;1mWorker information[0m
hostname: b191fcc8-f080-4321-9360-0edb7f897dbb@1.worker-org-7f6cdc984-hxjs7.macstadium-prod-1
version: v6.2.0 https://github.com/travis-ci/worker/tree/5e5476e01646095f48eec13196fdb3faf8f5cbf7
instance: 7df111ed-50cc-428b-951d-65643f35b2f8 travis-ci-macos-10.13-xcode9.4.1-1529955246 (via amqp)
startup: 1m7.954517478s
travis_fold:end:worker_info
[0Ktravis_time:start:0ec3866e
[0Ktravis_time:end:0ec3866e:start=1574935053226875000,finish=1574935053805534000,duration=578659000,event=no_world_writable_dirs
[0Ktravis_time:start:2bcea8e0
[0Ktravis_time:end:2bcea8e0:start=1574935053819489000,finish=1574935053839914000,duration=20425000,event=setup_filter
[0Ktravis_time:start:0c9f7296
[0Ktravis_time:end:0c9f7296:start=1574935053854198000,finish=1574935053861885000,duration=7687000,event=check_unsupported
[0Ktravis_time:start:0934ffe0
[0Ktravis_fold:start:system_info
[0K[33;1mBuild system information[0m


Build language: go


Build id: 618114302


Job id: 618114307


Runtime kernel version: 17.4.0


travis-build version: 2a7679d1b


[34m[1mBuild image provisioning date and time[0m


Mon Jun 25 21:55:14 GMT 2018


[34m[1mOperating System Details[0m


ProductName:	Mac OS X


ProductVersion:	10.13.3


BuildVersion:	17D102


[34m[1mGit version[0m


git version 2.18.0


[34m[1mbash version[0m


GNU bash, version 3.2.57(1)-release (x86_64-apple-darwin17)


Copyright (C) 2007 Free Software Foundation, Inc.


[34m[1mGCC version[0m


Apple LLVM version 9.1.0 (clang-902.0.39.2)


Target: x86_64-apple-darwin17.4.0


Thread model: posix


InstalledDir: /Applications/Xcode-9.4.1.app/Contents/Developer/Toolchains/XcodeDefault.xctoolchain/usr/bin


[34m[1mLLVM version[0m


Apple LLVM version 9.1.0 (clang-902.0.39.2)


Target: x86_64-apple-darwin17.4.0


Thread model: posix


InstalledDir: /Applications/Xcode-9.4.1.app/Contents/Developer/Toolchains/XcodeDefault.xctoolchain/usr/bin


[34m[1mPre-installed Ruby versions[0m


ruby-2.3.5


ruby-2.4.3


[34m[1mPre-installed Node.js versions[0m


v4.9.1


v5.12.0


v6.14.3


v8.11.3


[34m[1mmvn -version[0m


Apache Maven 3.5.4 (1edded0938998edf8bf061f1ceb3cfdeccf443fe; 2018-06-17T18:33:14Z)


Maven home: /usr/local/Cellar/maven/3.5.4/libexec


Java version: 10.0.1, vendor: Oracle Corporation, runtime: /Library/Java/JavaVirtualMachines/jdk-10.0.1.jdk/Contents/Home


Default locale: en_US, platform encoding: UTF-8


OS name: "mac os x", version: "10.13.3", arch: "x86_64", family: "mac"


travis_fold:end:system_info
[0K


travis_time:end:0934ffe0:start=1574935053871002000,finish=1574935053892559000,duration=21557000,event=show_system_info
[0Ktravis_time:start:1c142a3c
[0Ktravis_time:end:1c142a3c:start=1574935053902585000,finish=1574935053910634000,duration=8049000,event=rm_riak_source
[0Ktravis_time:start:03d71cf3
[0Ktravis_time:end:03d71cf3:start=1574935053919527000,finish=1574935053929830000,duration=10303000,event=fix_rwky_redis
[0Ktravis_time:start:2cfa394c
[0Ktravis_time:end:2cfa394c:start=1574935053947468000,finish=1574935054328111000,duration=380643000,event=wait_for_network
[0Ktravis_time:start:229c35d0
[0Ktravis_time:end:229c35d0:start=1574935054341901000,finish=1574935054349668000,duration=7767000,event=update_apt_keys
[0Ktravis_time:start:0681b421
[0Ktravis_time:end:0681b421:start=1574935054360696000,finish=1574935054368881000,duration=8185000,event=fix_hhvm_source
[0Ktravis_time:start:348a730a
[0Ktravis_time:end:348a730a:start=1574935054382298000,finish=1574935054390831000,duration=8533000,event=update_mongo_arch
[0Ktravis_time:start:0f3d4754
[0Ktravis_time:end:0f3d4754:start=1574935054411456000,finish=1574935054425277000,duration=13821000,event=fix_sudo_enabled_trusty
[0Ktravis_time:start:163b79bc
[0Ktravis_time:end:163b79bc:start=1574935054436990000,finish=1574935054445424000,duration=8434000,event=update_glibc
[0Ktravis_time:start:014d8346
[0Ktravis_time:end:014d8346:start=1574935054462609000,finish=1574935054535005000,duration=72396000,event=clean_up_path
[0Ktravis_time:start:013457e8
[0Ktravis_time:end:013457e8:start=1574935054545263000,finish=1574935054591668000,duration=46405000,event=fix_resolv_conf
[0Ktravis_time:start:0a273f22
[0Ktravis_time:end:0a273f22:start=1574935054601275000,finish=1574935054659538000,duration=58263000,event=fix_etc_hosts
[0Ktravis_time:start:1570ab38
[0Ktravis_time:end:1570ab38:start=1574935054670609000,finish=1574935054678029000,duration=7420000,event=fix_mvn_settings_xml
[0Ktravis_time:start:1f61dbc4
[0Ktravis_time:end:1f61dbc4:start=1574935054691131000,finish=1574935054747265000,duration=56134000,event=no_ipv6_localhost
[0Ktravis_time:start:059e1c38
[0Ktravis_time:end:059e1c38:start=1574935054760651000,finish=1574935054768319000,duration=7668000,event=fix_etc_mavenrc
[0Ktravis_time:start:0b240a3c
[0Ktravis_time:end:0b240a3c:start=1574935054780081000,finish=1574935055021017000,duration=240936000,event=fix_wwdr_certificate
[0Ktravis_time:start:1b8e2d40
[0Ktravis_time:end:1b8e2d40:start=1574935055035260000,finish=1574935055209615000,duration=174355000,event=put_localhost_first
[0Ktravis_time:start:08a7a6f4
[0Ktravis_time:end:08a7a6f4:start=1574935055220080000,finish=1574935055228155000,duration=8075000,event=home_paths
[0Ktravis_time:start:17626cc4
[0Ktravis_time:end:17626cc4:start=1574935055245249000,finish=1574935055261576000,duration=16327000,event=disable_initramfs
[0Ktravis_time:start:23bcb780
[0Ktravis_time:end:23bcb780:start=1574935055272768000,finish=1574935055298575000,duration=25807000,event=disable_ssh_roaming
[0Ktravis_time:start:326da55a
[0Ktravis_time:end:326da55a:start=1574935055309859000,finish=1574935055317049000,duration=7190000,event=debug_tools
[0Ktravis_time:start:0e617554
[0KUninstalled oclint to prevent interference with other packages.


If you need oclint, you must explicitly install it.





travis_time:end:0e617554:start=1574935055327486000,finish=1574935059164743000,duration=3837257000,event=uninstall_oclint
[0Ktravis_time:start:0951702c
[0Ktravis_time:end:0951702c:start=1574935059181545000,finish=1574935060358979000,duration=1177434000,event=rvm_use
[0Ktravis_time:start:1446619e
[0Ktravis_time:end:1446619e:start=1574935060378978000,finish=1574935060425395000,duration=46417000,event=rm_etc_boto_cfg
[0Ktravis_time:start:21281e20
[0Ktravis_time:end:21281e20:start=1574935060436903000,finish=1574935060445132000,duration=8229000,event=rm_oraclejdk8_symlink
[0Ktravis_time:start:04f207e9
[0Ktravis_time:end:04f207e9:start=1574935060458045000,finish=1574935060481555000,duration=23510000,event=enable_i386
[0Ktravis_time:start:05d0dd67
[0Ktravis_time:end:05d0dd67:start=1574935060495834000,finish=1574935060508652000,duration=12818000,event=update_rubygems
[0Ktravis_time:start:0b9a7f51
[0Ktravis_time:end:0b9a7f51:start=1574935060520293000,finish=1574935060537107000,duration=16814000,event=ensure_path_components
[0Ktravis_time:start:019cd366
[0Ktravis_time:end:019cd366:start=1574935060549401000,finish=1574935060557076000,duration=7675000,event=redefine_curl
[0Ktravis_time:start:267733a0
[0Ktravis_time:end:267733a0:start=1574935060568397000,finish=1574935060706688000,duration=138291000,event=nonblock_pipe
[0Ktravis_time:start:35bfeea4
[0Ktravis_time:end:35bfeea4:start=1574935060718070000,finish=1574935060726004000,duration=7934000,event=apt_get_update
[0Ktravis_time:start:1027ae86
[0Ktravis_time:end:1027ae86:start=1574935060737626000,finish=1574935060745939000,duration=8313000,event=deprecate_xcode_64
[0Ktravis_time:start:007339dd
[0Ktravis_time:end:007339dd:start=1574935060762616000,finish=1574935060775509000,duration=12893000,event=update_heroku
[0Ktravis_time:start:0268ce08
[0Ktravis_time:end:0268ce08:start=1574935060786162000,finish=1574935060793687000,duration=7525000,event=shell_session_update
[0Ktravis_time:start:27050e20
[0Ktravis_time:end:27050e20:start=1574935060805327000,finish=1574935060816513000,duration=11186000,event=maven_central_mirror
[0Ktravis_time:start:0898fbbf
[0Ktravis_time:end:0898fbbf:start=1574935060828954000,finish=1574935060837256000,duration=8302000,event=fix_ps4
[0KUpdating gimme


travis_time:start:160e8c6d
[0K


travis_fold:start:git.checkout
[0Ktravis_time:start:012c1e78
[0K$ git clone --depth=50 --branch=master https://github.com/ethereum/go-ethereum.git ethereum/go-ethereum


Cloning into 'ethereum/go-ethereum'...


travis_time:end:012c1e78:start=1574935073194777000,finish=1574935076359119000,duration=3164342000,event=checkout
[0K$ cd ethereum/go-ethereum


$ git checkout -qf a91b704b013aaabb3bfc796f5a3d8c940dfb7f05


travis_fold:end:git.checkout
[0K


travis_fold:start:git.submodule
[0Ktravis_time:start:1135411e
[0K$ git submodule update --init --recursive


Submodule 'tests' (https://github.com/ethereum/tests) registered for path 'tests/testdata'


Cloning into '/Users/travis/build/ethereum/go-ethereum/tests/testdata'...


Submodule path 'tests/testdata': checked out 'b5eb9900ee2147b40d3e681fe86efa4fd693959a'


travis_time:end:1135411e:start=1574935076903644000,finish=1574935143134506000,duration=66230862000,event=checkout
[0Ktravis_fold:end:git.submodule
[0Ktravis_time:end:1135411e:start=1574935076903644000,finish=1574935143143953000,duration=66240309000,event=checkout
[0K$ travis_export_go 1.13.x github.com/ethereum/go-ethereum


travis_time:start:299d2800
[0K


[33;1mSetting environment variables from repository settings[0m


$ export IOS_SIGNING_KEY=[secure]


$ export LINUX_SIGNING_KEY=[secure]


$ export OSX_SIGNING_KEY=[secure]


$ export ANDROID_SIGNING_KEY=[secure]


$ export AZURE_BLOBSTORE_TOKEN=[secure]


$ export ANDROID_SONATYPE_USERNAME=[secure]


$ export ANDROID_SONATYPE_PASSWORD=[secure]


$ export COCOAPODS_TRUNK_TOKEN=[secure]


$ export PPA_SIGNING_KEY=[secure]


$ export PPA_SSH_KEY=[secure]





travis_time:end:299d2800:start=1574935143173362000,finish=1574935143216282000,duration=42920000,event=env
[0Ktravis_time:start:02f393cc
[0K$ travis_setup_go


go version go1.13.4 darwin/amd64


$ export GOPATH="/Users/travis/gopath"


$ export PATH="/Users/travis/gopath/bin:/Users/travis/.gimme/versions/go1.13.4.darwin.amd64/bin:/Users/travis/bin:/Users/travis/.rvm/gems/ruby-2.4.3/bin:/Users/travis/.rvm/gems/ruby-2.4.3@global/bin:/Users/travis/.rvm/rubies/ruby-2.4.3/bin:/Users/travis/.rvm/bin:/Users/travis/bin:/Users/travis/.local/bin:/Users/travis/.nvm/versions/node/v6.14.3/bin:/usr/local/bin:/usr/bin:/bin:/usr/sbin:/sbin:/opt/X11/bin"


$ export GO111MODULE="auto"


travis_time:end:02f393cc:start=1574935143228987000,finish=1574935198053782000,duration=54824795000,event=
[0K$ gimme version


v1.5.3


$ go version


go version go1.13.4 darwin/amd64


travis_fold:start:go.env
[0K$ go env


GO111MODULE="auto"


GOARCH="amd64"


GOBIN=""


GOCACHE="/Users/travis/Library/Caches/go-build"


GOENV="/Users/travis/Library/Application Support/go/env"


GOEXE=""


GOFLAGS=""


GOHOSTARCH="amd64"


GOHOSTOS="darwin"


GONOPROXY=""


GONOSUMDB=""


GOOS="darwin"


GOPATH="/Users/travis/gopath"


GOPRIVATE=""


GOPROXY="https://proxy.golang.org,direct"


GOROOT="/Users/travis/.gimme/versions/go1.13.4.darwin.amd64"


GOSUMDB="sum.golang.org"


GOTMPDIR=""


GOTOOLDIR="/Users/travis/.gimme/versions/go1.13.4.darwin.amd64/pkg/tool/darwin_amd64"


GCCGO="gccgo"


AR="ar"


CC="clang"


CXX="clang++"


CGO_ENABLED="1"


GOMOD="/Users/travis/gopath/src/github.com/ethereum/go-ethereum/go.mod"


CGO_CFLAGS="-g -O2"


CGO_CPPFLAGS=""


CGO_CXXFLAGS="-g -O2"


CGO_FFLAGS="-g -O2"


CGO_LDFLAGS="-g -O2"


PKG_CONFIG="pkg-config"


GOGCCFLAGS="-fPIC -m64 -pthread -fno-caret-diagnostics -Qunused-arguments -fmessage-length=0 -fdebug-prefix-map=/var/folders/nz/vv4_9tw56nv9k3tkvyszvwg80000gn/T/go-build215992534=/tmp/go-build -gno-record-gcc-switches -fno-common"


travis_fold:end:go.env
[0Ktravis_fold:start:install
[0Ktravis_time:start:0c382947
[0K$ travis_install_go_dependencies 1.13.x -v


Makefile detected


travis_time:end:0c382947:start=1574935198627196000,finish=1574935198641917000,duration=14721000,event=install
[0Ktravis_fold:end:install
[0Ktravis_time:start:084d7ddc
[0K$ echo "Increase the maximum number of open file descriptors on macOS"


Increase the maximum number of open file descriptors on macOS


travis_time:end:084d7ddc:start=1574935198654985000,finish=1574935198667189000,duration=12204000,event=script
[0K[32;1mThe command "echo "Increase the maximum number of open file descriptors on macOS"" exited with 0.[0m


travis_time:start:03408b82
[0K$ NOFILE=20480


travis_time:end:03408b82:start=1574935198679331000,finish=1574935198687498000,duration=8167000,event=script
[0K[32;1mThe command "NOFILE=20480" exited with 0.[0m


travis_time:start:11eca31c
[0K$ sudo sysctl -w kern.maxfiles=$NOFILE


kern.maxfiles: 12288 -> 20480


travis_time:end:11eca31c:start=1574935198699489000,finish=1574935198789947000,duration=90458000,event=script
[0K[32;1mThe command "sudo sysctl -w kern.maxfiles=$NOFILE" exited with 0.[0m


travis_time:start:00637c2e
[0K$ sudo sysctl -w kern.maxfilesperproc=$NOFILE


kern.maxfilesperproc: 10240 -> 20480


travis_time:end:00637c2e:start=1574935198802829000,finish=1574935198854161000,duration=51332000,event=script
[0K[32;1mThe command "sudo sysctl -w kern.maxfilesperproc=$NOFILE" exited with 0.[0m


travis_time:start:2588de16
[0K$ sudo launchctl limit maxfiles $NOFILE $NOFILE


travis_time:end:2588de16:start=1574935198866636000,finish=1574935198918501000,duration=51865000,event=script
[0K[32;1mThe command "sudo launchctl limit maxfiles $NOFILE $NOFILE" exited with 0.[0m


travis_time:start:0824d666
[0K$ sudo launchctl limit maxfiles


	maxfiles    20480          20480          


travis_time:end:0824d666:start=1574935198933829000,finish=1574935198983541000,duration=49712000,event=script
[0K[32;1mThe command "sudo launchctl limit maxfiles" exited with 0.[0m


travis_time:start:0c668ee6
[0K$ ulimit -S -n $NOFILE


travis_time:end:0c668ee6:start=1574935198995583000,finish=1574935199003651000,duration=8068000,event=script
[0K[32;1mThe command "ulimit -S -n $NOFILE" exited with 0.[0m


travis_time:start:14bdffc4
[0K$ ulimit -n


20480


travis_time:end:14bdffc4:start=1574935199023163000,finish=1574935199032521000,duration=9358000,event=script
[0K[32;1mThe command "ulimit -n" exited with 0.[0m


travis_time:start:1ca2b656
[0K$ unset -f cd


travis_time:end:1ca2b656:start=1574935199045540000,finish=1574935199053863000,duration=8323000,event=script
[0K[32;1mThe command "unset -f cd" exited with 0.[0m


travis_time:start:01317a0d
[0K$ go run build/ci.go install


go: downloading github.com/Azure/azure-storage-blob-go v0.7.0


go: downloading golang.org/x/crypto v0.0.0-20190308221718-c2843e01d9a2


go: downloading github.com/cespare/cp v0.1.0


go: extracting github.com/Azure/azure-storage-blob-go v0.7.0


go: downloading github.com/Azure/azure-pipeline-go v0.2.2


go: extracting github.com/cespare/cp v0.1.0


go: extracting github.com/Azure/azure-pipeline-go v0.2.2


go: downloading github.com/mattn/go-ieproxy v0.0.0-20190702010315-6dee0af9227d


go: extracting github.com/mattn/go-ieproxy v0.0.0-20190702010315-6dee0af9227d


go: extracting golang.org/x/crypto v0.0.0-20190308221718-c2843e01d9a2


go: finding github.com/cespare/cp v0.1.0


go: finding github.com/Azure/azure-storage-blob-go v0.7.0


go: finding github.com/Azure/azure-pipeline-go v0.2.2


go: finding github.com/mattn/go-ieproxy v0.0.0-20190702010315-6dee0af9227d


go: finding golang.org/x/crypto v0.0.0-20190308221718-c2843e01d9a2


>>> /Users/travis/.gimme/versions/go1.13.4.darwin.amd64/bin/go install -ldflags -X main.gitCommit=a91b704b013aaabb3bfc796f5a3d8c940dfb7f05 -X main.gitDate=20191128 -s -v ./...


go: downloading github.com/syndtr/goleveldb v1.0.1-0.20190923125748-758128399b1d


go: downloading golang.org/x/sys v0.0.0-20190712062909-fae7ac547cb7


go: downloading github.com/naoina/toml v0.1.2-0.20170918210437-9fafd6967416


go: downloading github.com/gorilla/websocket v1.4.1-0.20190629185528-ae1634f6a989


go: downloading github.com/docker/docker v1.4.2-0.20180625184442-8e610b2b55bf


go: downloading github.com/peterh/liner v1.1.1-0.20190123174540-a2c9a5303de7


go: downloading github.com/aristanetworks/goarista v0.0.0-20170210015632-ea17b1a17847


go: downloading github.com/hashicorp/golang-lru v0.0.0-20160813221303-0a025b7e63ad


go: extracting github.com/hashicorp/golang-lru v0.0.0-20160813221303-0a025b7e63ad


go: extracting github.com/peterh/liner v1.1.1-0.20190123174540-a2c9a5303de7


go: downloading github.com/huin/goupnp v0.0.0-20161224104101-679507af18f3


go: extracting github.com/naoina/toml v0.1.2-0.20170918210437-9fafd6967416


go: extracting github.com/gorilla/websocket v1.4.1-0.20190629185528-ae1634f6a989


go: downloading github.com/[secure]/usb v0.0.0-20190919080040-51dc0efba356


go: downloading github.com/influxdata/influxdb v1.2.3-0.20180221223340-01288bdb0883


go: extracting github.com/syndtr/goleveldb v1.0.1-0.20190923125748-758128399b1d


go: extracting github.com/aristanetworks/goarista v0.0.0-20170210015632-ea17b1a17847


go: extracting github.com/huin/goupnp v0.0.0-20161224104101-679507af18f3


go: downloading github.com/mattn/go-runewidth v0.0.4


go: downloading github.com/gballet/go-libpcsclite v0.0.0-20190607065134-2772fd86a8ff


go: downloading github.com/fatih/color v1.3.0


go: downloading github.com/cloudflare/cloudflare-go v0.10.2-0.20190916151808-a80f83b9add9


go: downloading github.com/deckarep/golang-set v0.0.0-20180603214616-504e848d77ea


go: extracting github.com/[secure]/usb v0.0.0-20190919080040-51dc0efba356


go: downloading github.com/jackpal/go-nat-pmp v1.0.2-0.20160603034137-1fa385a6f458


go: extracting github.com/mattn/go-runewidth v0.0.4


go: downloading github.com/mattn/go-isatty v0.0.5-0.20180830101745-3fb116b82035


go: downloading github.com/golang/protobuf v1.3.2-0.20190517061210-b285ee9cfc6c


go: extracting github.com/mattn/go-isatty v0.0.5-0.20180830101745-3fb116b82035


go: extracting github.com/jackpal/go-nat-pmp v1.0.2-0.20160603034137-1fa385a6f458


go: extracting github.com/deckarep/golang-set v0.0.0-20180603214616-504e848d77ea


go: extracting github.com/fatih/color v1.3.0


go: extracting github.com/gballet/go-libpcsclite v0.0.0-20190607065134-2772fd86a8ff


go: downloading github.com/graph-gophers/graphql-go v0.0.0-20191115155744-f33e81362277


go: downloading gopkg.in/urfave/cli.v1 v1.20.0


go: extracting github.com/cloudflare/cloudflare-go v0.10.2-0.20190916151808-a80f83b9add9


go: downloading github.com/robertkrimen/otto v0.0.0-20170205013659-6a77b7cbc37d


go: downloading github.com/steakknife/bloomfilter v0.0.0-20180922174646-6819c0d2a570


go: extracting golang.org/x/sys v0.0.0-20190712062909-fae7ac547cb7


go: downloading golang.org/x/net v0.0.0-20190628185345-da137c7871d7


go: extracting github.com/golang/protobuf v1.3.2-0.20190517061210-b285ee9cfc6c


go: downloading github.com/status-im/keycard-go v0.0.0-20190316090335-8537d3370df4


go: extracting gopkg.in/urfave/cli.v1 v1.20.0


go: extracting github.com/graph-gophers/graphql-go v0.0.0-20191115155744-f33e81362277


go: downloading github.com/VictoriaMetrics/fastcache v1.5.3


go: extracting github.com/steakknife/bloomfilter v0.0.0-20180922174646-6819c0d2a570


go: downloading github.com/go-stack/stack v1.8.0


go: downloading github.com/naoina/go-stringutil v0.1.0


go: extracting github.com/robertkrimen/otto v0.0.0-20170205013659-6a77b7cbc37d


go: extracting github.com/VictoriaMetrics/fastcache v1.5.3


go: extracting github.com/go-stack/stack v1.8.0


go: downloading github.com/opentracing/opentracing-go v1.1.0


go: extracting github.com/status-im/keycard-go v0.0.0-20190316090335-8537d3370df4


go: downloading github.com/elastic/gosigar v0.8.1-0.20180330100440-37f05ff46ffa


go: extracting github.com/influxdata/influxdb v1.2.3-0.20180221223340-01288bdb0883


go: downloading github.com/prometheus/tsdb v0.6.2-0.20190402121629-4f204dcbc150


go: extracting github.com/naoina/go-stringutil v0.1.0


go: downloading github.com/pkg/errors v0.8.1


go: extracting github.com/opentracing/opentracing-go v1.1.0


go: extracting github.com/pkg/errors v0.8.1


go: extracting github.com/elastic/gosigar v0.8.1-0.20180330100440-37f05ff46ffa


go: downloading github.com/olekukonko/tablewriter v0.0.2-0.20190409134802-7e037d187b0c


go: downloading golang.org/x/sync v0.0.0-20181108010431-42b317875d0f


go: extracting golang.org/x/net v0.0.0-20190628185345-da137c7871d7


go: downloading github.com/rjeczalik/notify v0.9.1


go: extracting github.com/docker/docker v1.4.2-0.20180625184442-8e610b2b55bf


go: extracting github.com/olekukonko/tablewriter v0.0.2-0.20190409134802-7e037d187b0c


go: downloading github.com/fjl/memsize v0.0.0-20180418122429-ca190fb6ffbc


go: extracting github.com/rjeczalik/notify v0.9.1


go: downloading github.com/davecgh/go-spew v1.1.1


go: downloading github.com/pborman/uuid v0.0.0-20170112150404-1b00554d8222


go: extracting golang.org/x/sync v0.0.0-20181108010431-42b317875d0f


go: extracting github.com/fjl/memsize v0.0.0-20180418122429-ca190fb6ffbc


go: downloading gopkg.in/olebedev/go-duktape.v3 v3.0.0-20190213234257-ec84240a7772


go: extracting github.com/davecgh/go-spew v1.1.1


go: downloading github.com/julienschmidt/httprouter v1.1.1-0.20170430222011-975b5c4c7c21


go: extracting github.com/pborman/uuid v0.0.0-20170112150404-1b00554d8222


go: downloading github.com/steakknife/hamming v0.0.0-20180906055917-c99c65617cd3


go: downloading github.com/wsddn/go-ecdh v0.0.0-20161211032359-48726bab9208


go: extracting github.com/prometheus/tsdb v0.6.2-0.20190402121629-4f204dcbc150


go: downloading github.com/edsrzf/mmap-go v0.0.0-20160512033002-935e0e8a636c


go: extracting github.com/julienschmidt/httprouter v1.1.1-0.20170430222011-975b5c4c7c21


go: downloading github.com/rs/cors v0.0.0-20160617231935-a62a804a8a00


go: extracting github.com/wsddn/go-ecdh v0.0.0-20161211032359-48726bab9208


go: downloading github.com/tyler-smith/go-bip39 v1.0.1-0.20181017060643-dbb3b84ba2ef


go: extracting github.com/steakknife/hamming v0.0.0-20180906055917-c99c65617cd3


go: extracting gopkg.in/olebedev/go-duktape.v3 v3.0.0-20190213234257-ec84240a7772


go: downloading golang.org/x/text v0.3.2


go: extracting github.com/edsrzf/mmap-go v0.0.0-20160512033002-935e0e8a636c


go: extracting github.com/rs/cors v0.0.0-20160617231935-a62a804a8a00


go: downloading golang.org/x/time v0.0.0-20190308202827-9d24e82272b4


go: downloading github.com/cespare/xxhash v1.1.0


go: downloading gopkg.in/sourcemap.v1 v1.0.5


go: extracting github.com/tyler-smith/go-bip39 v1.0.1-0.20181017060643-dbb3b84ba2ef


go: extracting github.com/cespare/xxhash v1.1.0


go: downloading github.com/cespare/xxhash/v2 v2.1.1


go: extracting golang.org/x/time v0.0.0-20190308202827-9d24e82272b4


go: downloading github.com/mattn/go-colorable v0.1.0


go: downloading github.com/rs/xhandler v0.0.0-20160618193221-ed27b6fd6521


go: extracting gopkg.in/sourcemap.v1 v1.0.5


go: downloading github.com/golang/snappy v0.0.1


go: extracting github.com/rs/xhandler v0.0.0-20160618193221-ed27b6fd6521


go: extracting github.com/mattn/go-colorable v0.1.0


go: extracting github.com/cespare/xxhash/v2 v2.1.1


go: extracting github.com/golang/snappy v0.0.1


go: extracting golang.org/x/text v0.3.2


go: finding github.com/golang/protobuf v1.3.2-0.20190517061210-b285ee9cfc6c


go: finding github.com/aristanetworks/goarista v0.0.0-20170210015632-ea17b1a17847


go: finding gopkg.in/urfave/cli.v1 v1.20.0


go: finding github.com/deckarep/golang-set v0.0.0-20180603214616-504e848d77ea


go: finding github.com/davecgh/go-spew v1.1.1


go: finding github.com/go-stack/stack v1.8.0


go: finding github.com/edsrzf/mmap-go v0.0.0-20160512033002-935e0e8a636c


go: finding github.com/cloudflare/cloudflare-go v0.10.2-0.20190916151808-a80f83b9add9


go: finding github.com/VictoriaMetrics/fastcache v1.5.3


go: finding github.com/pborman/uuid v0.0.0-20170112150404-1b00554d8222


go: finding github.com/huin/goupnp v0.0.0-20161224104101-679507af18f3


go: finding github.com/[secure]/usb v0.0.0-20190919080040-51dc0efba356


go: finding github.com/elastic/gosigar v0.8.1-0.20180330100440-37f05ff46ffa


go: finding github.com/cespare/xxhash/v2 v2.1.1


go: finding github.com/jackpal/go-nat-pmp v1.0.2-0.20160603034137-1fa385a6f458


go: finding github.com/gballet/go-libpcsclite v0.0.0-20190607065134-2772fd86a8ff


go: finding github.com/rjeczalik/notify v0.9.1


go: finding github.com/pkg/errors v0.8.1


go: finding github.com/golang/snappy v0.0.1


go: finding github.com/status-im/keycard-go v0.0.0-20190316090335-8537d3370df4


go: finding golang.org/x/time v0.0.0-20190308202827-9d24e82272b4


go: finding github.com/wsddn/go-ecdh v0.0.0-20161211032359-48726bab9208


go: finding github.com/hashicorp/golang-lru v0.0.0-20160813221303-0a025b7e63ad


go: finding github.com/mattn/go-colorable v0.1.0


go: finding golang.org/x/text v0.3.2


go: finding golang.org/x/sys v0.0.0-20190712062909-fae7ac547cb7


go: finding github.com/syndtr/goleveldb v1.0.1-0.20190923125748-758128399b1d


go: finding github.com/steakknife/bloomfilter v0.0.0-20180922174646-6819c0d2a570


go: finding github.com/peterh/liner v1.1.1-0.20190123174540-a2c9a5303de7


go: finding github.com/gorilla/websocket v1.4.1-0.20190629185528-ae1634f6a989


go: finding github.com/olekukonko/tablewriter v0.0.2-0.20190409134802-7e037d187b0c


go: finding golang.org/x/net v0.0.0-20190628185345-da137c7871d7


go: finding github.com/robertkrimen/otto v0.0.0-20170205013659-6a77b7cbc37d


go: finding github.com/fatih/color v1.3.0


go: finding github.com/fjl/memsize v0.0.0-20180418122429-ca190fb6ffbc


go: finding github.com/mattn/go-isatty v0.0.5-0.20180830101745-3fb116b82035


go: finding github.com/rs/cors v0.0.0-20160617231935-a62a804a8a00


go: finding github.com/prometheus/tsdb v0.6.2-0.20190402121629-4f204dcbc150


go: finding github.com/rs/xhandler v0.0.0-20160618193221-ed27b6fd6521


go: finding github.com/docker/docker v1.4.2-0.20180625184442-8e610b2b55bf


go: finding github.com/mattn/go-runewidth v0.0.4


go: finding github.com/julienschmidt/httprouter v1.1.1-0.20170430222011-975b5c4c7c21


go: finding github.com/tyler-smith/go-bip39 v1.0.1-0.20181017060643-dbb3b84ba2ef


go: finding github.com/steakknife/hamming v0.0.0-20180906055917-c99c65617cd3


go: finding gopkg.in/sourcemap.v1 v1.0.5


go: finding github.com/influxdata/influxdb v1.2.3-0.20180221223340-01288bdb0883


go: finding github.com/graph-gophers/graphql-go v0.0.0-20191115155744-f33e81362277


go: finding github.com/naoina/toml v0.1.2-0.20170918210437-9fafd6967416


go: finding golang.org/x/sync v0.0.0-20181108010431-42b317875d0f


go: finding github.com/naoina/go-stringutil v0.1.0


go: finding gopkg.in/olebedev/go-duktape.v3 v3.0.0-20190213234257-ec84240a7772


go: finding github.com/opentracing/opentracing-go v1.1.0


golang.org/x/crypto/curve25519


github.com/cespare/xxhash/v2


github.com/golang/snappy


github.com/aristanetworks/goarista/monotime


github.com/VictoriaMetrics/fastcache


github.com/ethereum/go-ethereum/common/mclock


github.com/ethereum/go-ethereum/common/prque


github.com/ethereum/go-ethereum/ethdb


github.com/go-stack/stack


golang.org/x/sys/unix


github.com/ethereum/go-ethereum/log


github.com/steakknife/hamming


github.com/steakknife/bloomfilter


github.com/ethereum/go-ethereum/event


github.com/ethereum/go-ethereum/accounts/abi


github.com/elastic/gosigar


github.com/davecgh/go-spew/spew


github.com/deckarep/golang-set


github.com/pborman/uuid


github.com/rjeczalik/notify


github.com/ethereum/go-ethereum/metrics


github.com/ethereum/go-ethereum/trie


github.com/ethereum/go-ethereum/core/types


github.com/ethereum/go-ethereum


github.com/ethereum/go-ethereum/accounts


golang.org/x/crypto/pbkdf2


golang.org/x/crypto/scrypt


github.com/gballet/go-libpcsclite


github.com/status-im/keycard-go/derivationpath


github.com/wsddn/go-ecdh


golang.org/x/text/transform


golang.org/x/text/unicode/norm


github.com/ethereum/go-ethereum/accounts/scwallet


github.com/hashicorp/golang-lru/simplelru


github.com/hashicorp/golang-lru


github.com/ethereum/go-ethereum/core/state


github.com/ethereum/go-ethereum/p2p/netutil


github.com/gorilla/websocket


golang.org/x/net/context


github.com/rs/xhandler


github.com/rs/cors


github.com/ethereum/go-ethereum/rpc


github.com/ethereum/go-ethereum/consensus


github.com/ethereum/go-ethereum/consensus/misc


github.com/ethereum/go-ethereum/consensus/clique


github.com/edsrzf/mmap-go


github.com/ethereum/go-ethereum/common/bitutil


github.com/ethereum/go-ethereum/consensus/ethash


github.com/syndtr/goleveldb/leveldb/util


github.com/syndtr/goleveldb/leveldb/cache


github.com/syndtr/goleveldb/leveldb/comparer


github.com/ethereum/go-ethereum/accounts/keystore


github.com/syndtr/goleveldb/leveldb/storage


github.com/syndtr/goleveldb/leveldb/errors


github.com/syndtr/goleveldb/leveldb/filter


github.com/syndtr/goleveldb/leveldb/iterator


github.com/syndtr/goleveldb/leveldb/journal


github.com/syndtr/goleveldb/leveldb/opt


github.com/ethereum/go-ethereum/ethdb/memorydb


github.com/syndtr/goleveldb/leveldb/memdb


github.com/syndtr/goleveldb/leveldb/table


github.com/mattn/go-runewidth


github.com/olekukonko/tablewriter


github.com/pkg/errors


github.com/prometheus/tsdb/fileutil


github.com/syndtr/goleveldb/leveldb


golang.org/x/sys/cpu


github.com/ethereum/go-ethereum/crypto/blake2b


github.com/ethereum/go-ethereum/crypto/bn256/cloudflare


github.com/ethereum/go-ethereum/crypto/bn256


golang.org/x/crypto/ripemd160


github.com/ethereum/go-ethereum/core/vm


github.com/ethereum/go-ethereum/ethdb/leveldb


github.com/ethereum/go-ethereum/core/rawdb


github.com/ethereum/go-ethereum/core/bloombits


github.com/ethereum/go-ethereum/crypto/ecies


github.com/ethereum/go-ethereum/p2p/enr


github.com/ethereum/go-ethereum/p2p/enode


github.com/ethereum/go-ethereum/p2p/discover


github.com/ethereum/go-ethereum/core


github.com/ethereum/go-ethereum/p2p/discv5


github.com/huin/goupnp/httpu


github.com/huin/goupnp/scpd


github.com/huin/goupnp/soap


github.com/huin/goupnp/ssdp


golang.org/x/net/html/atom


golang.org/x/net/html


github.com/ethereum/go-ethereum/eth/downloader


golang.org/x/text/encoding/internal/identifier


golang.org/x/text/encoding


golang.org/x/text/encoding/internal


golang.org/x/text/encoding/charmap


golang.org/x/text/encoding/japanese


golang.org/x/text/encoding/korean


golang.org/x/text/encoding/simplifiedchinese


golang.org/x/text/encoding/traditionalchinese


golang.org/x/text/internal/utf8internal


golang.org/x/text/runes


golang.org/x/text/internal/tag


golang.org/x/text/internal/language


golang.org/x/text/encoding/unicode


github.com/jackpal/go-nat-pmp


github.com/tyler-smith/go-bip39/wordlists


github.com/tyler-smith/go-bip39


github.com/golang/protobuf/proto


golang.org/x/text/internal/language/compact


golang.org/x/text/language


golang.org/x/text/encoding/htmlindex


golang.org/x/net/html/charset


github.com/huin/goupnp


github.com/huin/goupnp/dcps/internetgateway1


github.com/huin/goupnp/dcps/internetgateway2


github.com/ethereum/go-ethereum/p2p/nat


github.com/ethereum/go-ethereum/p2p


github.com/golang/protobuf/protoc-gen-go/descriptor


github.com/ethereum/go-ethereum/internal/ethapi


github.com/ethereum/go-ethereum/accounts/usbwallet/trezor


github.com/[secure]/usb


github.com/ethereum/go-ethereum/signer/storage


golang.org/x/crypto/ssh/terminal


github.com/ethereum/go-ethereum/eth/filters


github.com/ethereum/go-ethereum/common/fdlimit


github.com/ethereum/go-ethereum/core/forkid


github.com/ethereum/go-ethereum/eth/fetcher


github.com/ethereum/go-ethereum/eth/gasprice


github.com/ethereum/go-ethereum/eth/tracers/internal/tracers


gopkg.in/olebedev/go-duktape.v3


github.com/ethereum/go-ethereum/accounts/usbwallet


github.com/ethereum/go-ethereum/signer/core


github.com/ethereum/go-ethereum/accounts/external


github.com/ethereum/go-ethereum/accounts/abi/bind


github.com/ethereum/go-ethereum/accounts/abi/bind/backends


github.com/ethereum/go-ethereum/miner


github.com/ethereum/go-ethereum/metrics/prometheus


github.com/ethereum/go-ethereum/metrics/exp


github.com/fjl/memsize


github.com/fjl/memsize/memsizeui


github.com/mattn/go-isatty


github.com/mattn/go-colorable


gopkg.in/urfave/cli.v1


github.com/ethereum/go-ethereum/internal/debug


github.com/ethereum/go-ethereum/node


github.com/ethereum/go-ethereum/contracts/checkpointoracle/contract


github.com/ethereum/go-ethereum/contracts/checkpointoracle


github.com/ethereum/go-ethereum/les/flowcontrol


github.com/ethereum/go-ethereum/light


github.com/graph-gophers/graphql-go/errors


github.com/graph-gophers/graphql-go/internal/common


github.com/graph-gophers/graphql-go/internal/schema


github.com/graph-gophers/graphql-go/internal/exec/packer


github.com/graph-gophers/graphql-go/introspection


github.com/graph-gophers/graphql-go/internal/exec/resolvable


github.com/graph-gophers/graphql-go/internal/query


github.com/graph-gophers/graphql-go/internal/exec/selected


github.com/graph-gophers/graphql-go/log


github.com/opentracing/opentracing-go/log


github.com/opentracing/opentracing-go


github.com/opentracing/opentracing-go/ext


github.com/graph-gophers/graphql-go/trace


github.com/graph-gophers/graphql-go/internal/exec


github.com/graph-gophers/graphql-go/internal/validation


github.com/graph-gophers/graphql-go


github.com/graph-gophers/graphql-go/relay


github.com/ethereum/go-ethereum/graphql


github.com/influxdata/influxdb/pkg/escape


github.com/influxdata/influxdb/models


github.com/influxdata/influxdb/client


github.com/ethereum/go-ethereum/metrics/influxdb


golang.org/x/sync/syncmap


github.com/ethereum/go-ethereum/whisper/whisperv6


github.com/ethereum/go-ethereum/common/compiler


github.com/ethereum/go-ethereum/ethclient


github.com/ethereum/go-ethereum/internal/jsre/deps


github.com/fatih/color


gopkg.in/sourcemap.v1/base64vlq


gopkg.in/sourcemap.v1


github.com/robertkrimen/otto/file


github.com/robertkrimen/otto/token


github.com/robertkrimen/otto/ast


github.com/robertkrimen/otto/dbg


github.com/robertkrimen/otto/parser


github.com/robertkrimen/otto/registry


github.com/robertkrimen/otto


github.com/ethereum/go-ethereum/internal/jsre


github.com/ethereum/go-ethereum/internal/web3ext


github.com/peterh/liner


github.com/ethereum/go-ethereum/console


github.com/ethereum/go-ethereum/signer/fourbyte


github.com/ethereum/go-ethereum/signer/rules/deps


github.com/ethereum/go-ethereum/signer/rules


golang.org/x/time/rate


github.com/cloudflare/cloudflare-go


github.com/ethereum/go-ethereum/p2p/dnsdisc


github.com/ethereum/go-ethereum/cmd/devp2p


github.com/ethereum/go-ethereum/core/asm


github.com/ethereum/go-ethereum/cmd/evm/internal/compiler


github.com/ethereum/go-ethereum/core/vm/runtime


github.com/ethereum/go-ethereum/tests


github.com/naoina/go-stringutil


github.com/naoina/toml/ast


github.com/naoina/toml


github.com/docker/docker/pkg/reexec


github.com/ethereum/go-ethereum/p2p/simulations/pipes


github.com/ethereum/go-ethereum/p2p/simulations/adapters


github.com/julienschmidt/httprouter


github.com/ethereum/go-ethereum/p2p/simulations


github.com/ethereum/go-ethereum/cmd/p2psim


golang.org/x/crypto/ed25519/internal/edwards25519


golang.org/x/crypto/ed25519


golang.org/x/crypto/internal/subtle


golang.org/x/crypto/internal/chacha20


golang.org/x/crypto/poly1305


golang.org/x/crypto/ssh


github.com/ethereum/go-ethereum/cmd/puppeth


github.com/ethereum/go-ethereum/cmd/rlpdump


github.com/ethereum/go-ethereum/whisper/mailserver


github.com/ethereum/go-ethereum/crypto/bn256/google


github.com/ethereum/go-ethereum/ethdb/dbtest


github.com/ethereum/go-ethereum/internal/cmdtest


github.com/ethereum/go-ethereum/internal/guide


github.com/ethereum/go-ethereum/internal/testlog


github.com/ethereum/go-ethereum/metrics/librato


github.com/ethereum/go-ethereum/whisper/shhclient


github.com/ethereum/go-ethereum/p2p/simulations/examples


github.com/ethereum/go-ethereum/p2p/testing


github.com/ethereum/go-ethereum/eth/tracers


github.com/ethereum/go-ethereum/eth


github.com/ethereum/go-ethereum/les


github.com/ethereum/go-ethereum/ethstats


github.com/ethereum/go-ethereum/cmd/faucet


github.com/ethereum/go-ethereum/cmd/utils


github.com/ethereum/go-ethereum/cmd/abigen


github.com/ethereum/go-ethereum/cmd/bootnode


github.com/ethereum/go-ethereum/cmd/checkpoint-admin


github.com/ethereum/go-ethereum/cmd/clef


github.com/ethereum/go-ethereum/cmd/ethkey


github.com/ethereum/go-ethereum/cmd/evm


github.com/ethereum/go-ethereum/cmd/geth


github.com/ethereum/go-ethereum/cmd/wnode


github.com/ethereum/go-ethereum/mobile


travis_time:end:01317a0d:start=1574935199066057000,finish=1574935315868181000,duration=116802124000,event=script
[0K[32;1mThe command "go run build/ci.go install" exited with 0.[0m


travis_time:start:1437fe5e
[0K$ go run build/ci.go test -coverage $TEST_PACKAGES


>>> /Users/travis/.gimme/versions/go1.13.4.darwin.amd64/bin/go test -ldflags -X main.gitCommit=a91b704b013aaabb3bfc796f5a3d8c940dfb7f05 -X main.gitDate=20191128 -s -p 1 -timeout 5m -covermode=atomic -cover ./...


go: downloading github.com/stretchr/testify v1.4.0


go: extracting github.com/stretchr/testify v1.4.0


go: downloading github.com/pmezard/go-difflib v1.0.0


go: downloading gopkg.in/yaml.v2 v2.2.2


go: extracting github.com/pmezard/go-difflib v1.0.0


go: extracting gopkg.in/yaml.v2 v2.2.2


go: finding github.com/stretchr/testify v1.4.0


go: finding github.com/pmezard/go-difflib v1.0.0


go: finding gopkg.in/yaml.v2 v2.2.2


?   	github.com/ethereum/go-ethereum	[no test files]


ok  	github.com/ethereum/go-ethereum/accounts	0.041s	coverage: 30.8% of statements


ok  	github.com/ethereum/go-ethereum/accounts/abi	0.088s	coverage: 88.8% of statements


ok  	github.com/ethereum/go-ethereum/accounts/abi/bind	7.805s	coverage: 52.0% of statements


ok  	github.com/ethereum/go-ethereum/accounts/abi/bind/backends	0.058s	coverage: 21.5% of statements


?   	github.com/ethereum/go-ethereum/accounts/external	[no test files]


ok  	github.com/ethereum/go-ethereum/accounts/keystore	19.482s	coverage: 76.6% of statements


?   	github.com/ethereum/go-ethereum/accounts/scwallet	[no test files]


?   	github.com/ethereum/go-ethereum/accounts/usbwallet	[no test files]


?   	github.com/ethereum/go-ethereum/accounts/usbwallet/trezor	[no test files]


?   	github.com/ethereum/go-ethereum/cmd/abigen	[no test files]


?   	github.com/ethereum/go-ethereum/cmd/bootnode	[no test files]


?   	github.com/ethereum/go-ethereum/cmd/checkpoint-admin	[no test files]


?   	github.com/ethereum/go-ethereum/cmd/clef	[no test files]


?   	github.com/ethereum/go-ethereum/cmd/devp2p	[no test files]


ok  	github.com/ethereum/go-ethereum/cmd/ethkey	2.740s	coverage: 2.0% of statements


?   	github.com/ethereum/go-ethereum/cmd/evm	[no test files]


?   	github.com/ethereum/go-ethereum/cmd/evm/internal/compiler	[no test files]


?   	github.com/ethereum/go-ethereum/cmd/faucet	[no test files]


ok  	github.com/ethereum/go-ethereum/cmd/geth	14.868s	coverage: 1.6% of statements


?   	github.com/ethereum/go-ethereum/cmd/p2psim	[no test files]


ok  	github.com/ethereum/go-ethereum/cmd/puppeth	0.054s	coverage: 8.6% of statements


?   	github.com/ethereum/go-ethereum/cmd/rlpdump	[no test files]


ok  	github.com/ethereum/go-ethereum/cmd/utils	0.068s	coverage: 2.3% of statements


?   	github.com/ethereum/go-ethereum/cmd/wnode	[no test files]


ok  	github.com/ethereum/go-ethereum/common	0.009s	coverage: 39.3% of statements


ok  	github.com/ethereum/go-ethereum/common/bitutil	0.010s	coverage: 95.7% of statements


ok  	github.com/ethereum/go-ethereum/common/compiler	0.017s	coverage: 0.0% of statements


ok  	github.com/ethereum/go-ethereum/common/fdlimit	0.007s	coverage: 76.2% of statements


ok  	github.com/ethereum/go-ethereum/common/hexutil	0.009s	coverage: 80.9% of statements


ok  	github.com/ethereum/go-ethereum/common/math	0.008s	coverage: 92.4% of statements


ok  	github.com/ethereum/go-ethereum/common/mclock	0.013s	coverage: 86.6% of statements


ok  	github.com/ethereum/go-ethereum/common/prque	1.303s	coverage: 74.0% of statements


?   	github.com/ethereum/go-ethereum/consensus	[no test files]


ok  	github.com/ethereum/go-ethereum/consensus/clique	0.175s	coverage: 52.5% of statements


ok  	github.com/ethereum/go-ethereum/consensus/ethash	13.810s	coverage: 64.3% of statements


?   	github.com/ethereum/go-ethereum/consensus/misc	[no test files]


ok  	github.com/ethereum/go-ethereum/console	1.539s	coverage: 37.8% of statements


ok  	github.com/ethereum/go-ethereum/contracts/checkpointoracle	0.948s	coverage: 0.0% of statements


?   	github.com/ethereum/go-ethereum/contracts/checkpointoracle/contract	[no test files]


ok  	github.com/ethereum/go-ethereum/core	33.934s	coverage: 73.4% of statements


ok  	github.com/ethereum/go-ethereum/core/asm	0.050s	coverage: 72.6% of statements


ok  	github.com/ethereum/go-ethereum/core/bloombits	4.051s	coverage: 95.5% of statements


ok  	github.com/ethereum/go-ethereum/core/forkid	0.052s	coverage: 85.9% of statements


ok  	github.com/ethereum/go-ethereum/core/rawdb	4.657s	coverage: 48.2% of statements


ok  	github.com/ethereum/go-ethereum/core/state	11.800s	coverage: 76.9% of statements


ok  	github.com/ethereum/go-ethereum/core/types	0.340s	coverage: 50.1% of statements


ok  	github.com/ethereum/go-ethereum/core/vm	0.350s	coverage: 40.3% of statements


ok  	github.com/ethereum/go-ethereum/core/vm/runtime	0.046s	coverage: 76.7% of statements


ok  	github.com/ethereum/go-ethereum/crypto	0.089s	coverage: 80.5% of statements


ok  	github.com/ethereum/go-ethereum/crypto/blake2b	0.061s	coverage: 90.3% of statements


?   	github.com/ethereum/go-ethereum/crypto/bn256	[no test files]


ok  	github.com/ethereum/go-ethereum/crypto/bn256/cloudflare	0.134s	coverage: 81.3% of statements


ok  	github.com/ethereum/go-ethereum/crypto/bn256/google	0.667s	coverage: 91.6% of statements


ok  	github.com/ethereum/go-ethereum/crypto/ecies	0.047s	coverage: 75.9% of statements


ok  	github.com/ethereum/go-ethereum/crypto/secp256k1	1.371s	coverage: 30.6% of statements


ok  	github.com/ethereum/go-ethereum/eth	17.982s	coverage: 28.8% of statements


ok  	github.com/ethereum/go-ethereum/eth/downloader	99.307s	coverage: 78.4% of statements


ok  	github.com/ethereum/go-ethereum/eth/fetcher	12.775s	coverage: 89.7% of statements


ok  	github.com/ethereum/go-ethereum/eth/filters	2.565s	coverage: 54.1% of statements


?   	github.com/ethereum/go-ethereum/eth/gasprice	[no test files]


ok  	github.com/ethereum/go-ethereum/eth/tracers	0.291s	coverage: 75.6% of statements


?   	github.com/ethereum/go-ethereum/eth/tracers/internal/tracers	[no test files]


ok  	github.com/ethereum/go-ethereum/ethclient	0.147s	coverage: 14.0% of statements


?   	github.com/ethereum/go-ethereum/ethdb	[no test files]


?   	github.com/ethereum/go-ethereum/ethdb/dbtest	[no test files]


ok  	github.com/ethereum/go-ethereum/ethdb/leveldb	0.033s	coverage: 15.1% of statements


ok  	github.com/ethereum/go-ethereum/ethdb/memorydb	0.008s	coverage: 81.6% of statements


?   	github.com/ethereum/go-ethereum/ethstats	[no test files]


ok  	github.com/ethereum/go-ethereum/event	0.722s	coverage: 94.3% of statements


ok  	github.com/ethereum/go-ethereum/graphql	0.058s	coverage: 2.1% of statements


?   	github.com/ethereum/go-ethereum/internal/build	[no test files]


?   	github.com/ethereum/go-ethereum/internal/cmdtest	[no test files]


?   	github.com/ethereum/go-ethereum/internal/debug	[no test files]


?   	github.com/ethereum/go-ethereum/internal/ethapi	[no test files]


ok  	github.com/ethereum/go-ethereum/internal/guide	16.613s	coverage: [no statements]


ok  	github.com/ethereum/go-ethereum/internal/jsre	0.204s	coverage: 48.5% of statements


?   	github.com/ethereum/go-ethereum/internal/jsre/deps	[no test files]


?   	github.com/ethereum/go-ethereum/internal/testlog	[no test files]


?   	github.com/ethereum/go-ethereum/internal/web3ext	[no test files]


--- FAIL: TestOdrTxStatusLes2 (0.42s)


    odr_test.go:194: Failed to sync the chain with server, head: 0


FAIL


coverage: 51.6% of statements


FAIL	github.com/ethereum/go-ethereum/les	84.285s


ok  	github.com/ethereum/go-ethereum/les/flowcontrol	14.017s	coverage: 37.9% of statements


ok  	github.com/ethereum/go-ethereum/light	1.137s	coverage: 38.4% of statements


?   	github.com/ethereum/go-ethereum/log	[no test files]


ok  	github.com/ethereum/go-ethereum/metrics	7.489s	coverage: 49.5% of statements


?   	github.com/ethereum/go-ethereum/metrics/exp	[no test files]


?   	github.com/ethereum/go-ethereum/metrics/influxdb	[no test files]


?   	github.com/ethereum/go-ethereum/metrics/librato	[no test files]


?   	github.com/ethereum/go-ethereum/metrics/prometheus	[no test files]


ok  	github.com/ethereum/go-ethereum/miner	12.629s	coverage: 67.8% of statements


ok  	github.com/ethereum/go-ethereum/mobile	0.067s	coverage: 15.2% of statements


ok  	github.com/ethereum/go-ethereum/node	1.133s	coverage: 43.0% of statements


ok  	github.com/ethereum/go-ethereum/p2p	0.774s	coverage: 74.0% of statements


ok  	github.com/ethereum/go-ethereum/p2p/discover	69.771s	coverage: 76.2% of statements


ok  	github.com/ethereum/go-ethereum/p2p/discv5	7.095s	coverage: 46.0% of statements


ok  	github.com/ethereum/go-ethereum/p2p/dnsdisc	0.302s	coverage: 82.7% of statements


ok  	github.com/ethereum/go-ethereum/p2p/enode	2.690s	coverage: 81.4% of statements


ok  	github.com/ethereum/go-ethereum/p2p/enr	0.022s	coverage: 62.3% of statements


ok  	github.com/ethereum/go-ethereum/p2p/nat	2.638s	coverage: 20.3% of statements


ok  	github.com/ethereum/go-ethereum/p2p/netutil	0.020s	coverage: 84.1% of statements


ok  	github.com/ethereum/go-ethereum/p2p/simulations	4.120s	coverage: 69.3% of statements


ok  	github.com/ethereum/go-ethereum/p2p/simulations/adapters	0.074s	coverage: 0.2% of statements


?   	github.com/ethereum/go-ethereum/p2p/simulations/examples	[no test files]


?   	github.com/ethereum/go-ethereum/p2p/simulations/pipes	[no test files]


?   	github.com/ethereum/go-ethereum/p2p/testing	[no test files]


ok  	github.com/ethereum/go-ethereum/params	0.037s	coverage: 50.0% of statements


ok  	github.com/ethereum/go-ethereum/rlp	0.023s	coverage: 96.6% of statements


--- FAIL: TestClientCancelWebsocket (3.04s)


    client_test.go:193: no error for call with 254.272898ms wait time


FAIL


coverage: 78.1% of statements


FAIL	github.com/ethereum/go-ethereum/rpc	9.277s


ok  	github.com/ethereum/go-ethereum/signer/core	4.825s	coverage: 42.0% of statements


ok  	github.com/ethereum/go-ethereum/signer/fourbyte	4.095s	coverage: 46.9% of statements


ok  	github.com/ethereum/go-ethereum/signer/rules	0.197s	coverage: 77.1% of statements


?   	github.com/ethereum/go-ethereum/signer/rules/deps	[no test files]


ok  	github.com/ethereum/go-ethereum/signer/storage	0.016s	coverage: 52.3% of statements


ok  	github.com/ethereum/go-ethereum/tests	115.916s	coverage: 68.5% of statements


ok  	github.com/ethereum/go-ethereum/trie	3.941s	coverage: 70.8% of statements


ok  	github.com/ethereum/go-ethereum/whisper/mailserver	0.327s	coverage: 66.7% of statements


?   	github.com/ethereum/go-ethereum/whisper/shhclient	[no test files]


ok  	github.com/ethereum/go-ethereum/whisper/whisperv6	20.516s	coverage: 64.5% of statements


FAIL


util.go:45: exit status 1


exit status 1


travis_time:end:1437fe5e:start=1574935315881238000,finish=1574936175848865000,duration=859967627000,event=script
[0K[31;1mThe command "go run build/ci.go test -coverage $TEST_PACKAGES" exited with 1.[0m








Done. Your build exited with 1.


