travis_fold:start:worker_info
[0K[33;1mWorker information[0m
hostname: c92764c0-9717-4432-82f0-d09fb957960a@1.worker-org-6778784497-bzgn4.gce-production-1
version: v6.2.5 https://github.com/travis-ci/worker/tree/0bd72df572e7d08bf9338416c9db10866fed0617
instance: travis-job-307b8156-ce48-46f1-94f2-dc9c8bae2868 travis-ci-sardonyx-xenial-1553530528-f909ac5 (via amqp)
startup: 6.259802302s
travis_fold:end:worker_info
[0Ktravis_time:start:0468672c
[0Ktravis_time:end:0468672c:start=1575025313073846993,finish=1575025313285728825,duration=211881832,event=no_world_writable_dirs
[0Ktravis_time:start:1810b0ae
[0Ktravis_time:end:1810b0ae:start=1575025313289950082,finish=1575025313299357289,duration=9407207,event=setup_filter
[0Ktravis_time:start:064c78e0
[0Ktravis_time:end:064c78e0:start=1575025313305023586,finish=1575025313317000854,duration=11977268,event=agent
[0Ktravis_time:start:01016568
[0Ktravis_time:end:01016568:start=1575025313320975513,finish=1575025313324016136,duration=3040623,event=check_unsupported
[0Ktravis_time:start:2bcb9339
[0Ktravis_fold:start:system_info
[0K[33;1mBuild system information[0m

Build language: go

Build group: stable

Build dist: xenial

Build id: 618543783

Job id: 618543784

Runtime kernel version: 4.15.0-1028-gcp

travis-build version: 2a7679d1b

[34m[1mBuild image provisioning date and time[0m

Mon Mar 25 16:43:24 UTC 2019

[34m[1mOperating System Details[0m

Distributor ID:	Ubuntu

Description:	Ubuntu 16.04.6 LTS

Release:	16.04

Codename:	xenial

[34m[1mSystemd Version[0m

systemd 229

[34m[1mCookbooks Version[0m

42e42e4 https://github.com/travis-ci/travis-cookbooks/tree/42e42e4

[34m[1mgit version[0m

git version 2.21.0

[34m[1mbash version[0m

GNU bash, version 4.3.48(1)-release (x86_64-pc-linux-gnu)

[34m[1mgcc version[0m

gcc (Ubuntu 5.4.0-6ubuntu1~16.04.11) 5.4.0 20160609

[34m[1mdocker version[0m

Client:

 Version:           18.06.0-ce

 API version:       1.38

 Go version:        go1.10.3

 Git commit:        0ffa825

 Built:             Wed Jul 18 19:11:02 2018

 OS/Arch:           linux/amd64

 Experimental:      false



Server:

 Engine:

  Version:          18.06.0-ce

  API version:      1.38 (minimum version 1.12)

  Go version:       go1.10.3

  Git commit:       0ffa825

  Built:            Wed Jul 18 19:09:05 2018

  OS/Arch:          linux/amd64

  Experimental:     false

[34m[1mclang version[0m

clang version 7.0.0 (tags/RELEASE_700/final)

[34m[1mjq version[0m

jq-1.5

[34m[1mbats version[0m

Bats 0.4.0

[34m[1mshellcheck version[0m

0.6.0

[34m[1mshfmt version[0m

v2.6.3

[34m[1mccache version[0m

3.2.4

[34m[1mcmake version[0m

cmake version 3.12.4

[34m[1mheroku version[0m

heroku/7.22.7 linux-x64 node-v11.10.1

[34m[1mimagemagick version[0m

Version: ImageMagick 6.8.9-9 Q16 x86_64 2018-09-28 http://www.imagemagick.org

[34m[1mmd5deep version[0m

4.4

[34m[1mmercurial version[0m

version 4.8

[34m[1mmysql version[0m

mysql  Ver 14.14 Distrib 5.7.25, for Linux (x86_64) using  EditLine wrapper

[34m[1mopenssl version[0m

OpenSSL 1.0.2g  1 Mar 2016

[34m[1mpacker version[0m

1.3.3

[34m[1mpostgresql client version[0m

psql (PostgreSQL) 10.7 (Ubuntu 10.7-1.pgdg16.04+1)

[34m[1mragel version[0m

Ragel State Machine Compiler version 6.8 Feb 2013

[34m[1msudo version[0m

1.8.16

[34m[1mgzip version[0m

gzip 1.6

[34m[1mzip version[0m

Zip 3.0

[34m[1mvim version[0m

VIM - Vi IMproved 7.4 (2013 Aug 10, compiled Nov 24 2016 16:44:48)

[34m[1miptables version[0m

iptables v1.6.0

[34m[1mcurl version[0m

curl 7.47.0 (x86_64-pc-linux-gnu) libcurl/7.47.0 GnuTLS/3.4.10 zlib/1.2.8 libidn/1.32 librtmp/2.3

[34m[1mwget version[0m

GNU Wget 1.17.1 built on linux-gnu.

[34m[1mrsync version[0m

rsync  version 3.1.1  protocol version 31

[34m[1mgimme version[0m

v1.5.3

[34m[1mnvm version[0m

0.34.0

[34m[1mperlbrew version[0m

/home/travis/perl5/perlbrew/bin/perlbrew  - App::perlbrew/0.86

[34m[1mphpenv version[0m

rbenv 1.1.2

[34m[1mrvm version[0m

rvm 1.29.7 (latest) by Michal Papis, Piotr Kuczynski, Wayne E. Seguin [https://rvm.io]

[34m[1mdefault ruby version[0m

ruby 2.5.3p105 (2018-10-18 revision 65156) [x86_64-linux]

[34m[1mCouchDB version[0m

couchdb 1.6.1

[34m[1mElasticSearch version[0m

5.5.0

[34m[1mInstalled Firefox version[0m

firefox 63.0.1

[34m[1mMongoDB version[0m

MongoDB 4.0.7

[34m[1mPhantomJS version[0m

2.1.1

[34m[1mPre-installed PostgreSQL versions[0m

9.4.21

9.5.16

9.6.12

[34m[1mRedis version[0m

redis-server 5.0.4

[34m[1mPre-installed Go versions[0m

1.11.1

[34m[1mmvn version[0m

Apache Maven 3.6.0 (97c98ec64a1fdfee7767ce5ffb20918da4f719f3; 2018-10-24T18:41:47Z)

[34m[1mgradle version[0m

Gradle 4.10.2!

[34m[1mlein version[0m

Leiningen 2.9.1 on Java 11.0.2 OpenJDK 64-Bit Server VM

[34m[1mPre-installed Node.js versions[0m

v10.15.3

v11.0.0

v4.9.1

v6.17.0

v8.12.0

v8.15.1

v8.9

[34m[1mphpenv versions[0m

  system

  5.6

  5.6.40

  7.1

  7.1.27

  7.2

* 7.2.15 (set by /home/travis/.phpenv/version)

  hhvm

  hhvm-stable

[34m[1mcomposer --version[0m

Composer version 1.8.4 2019-02-11 10:52:10

[34m[1mPre-installed Ruby versions[0m

ruby-2.3.8

ruby-2.4.5

ruby-2.5.3

travis_fold:end:system_info
[0K

travis_time:end:2bcb9339:start=1575025313327780213,finish=1575025313334849542,duration=7069329,event=show_system_info
[0Ktravis_time:start:0db892fb
[0Ktravis_time:end:0db892fb:start=1575025313338812566,finish=1575025313358954160,duration=20141594,event=rm_riak_source
[0Ktravis_time:start:17fe9388
[0Ktravis_time:end:17fe9388:start=1575025313386389661,finish=1575025313415167553,duration=28777892,event=fix_rwky_redis
[0Ktravis_time:start:0e1ab5d6
[0Ktravis_time:end:0e1ab5d6:start=1575025313427307577,finish=1575025313855583152,duration=428275575,event=wait_for_network
[0Ktravis_time:start:291a5cbf
[0Ktravis_time:end:291a5cbf:start=1575025313868348403,finish=1575025314143490456,duration=275142053,event=update_apt_keys
[0Ktravis_time:start:0364c30f
[0Ktravis_time:end:0364c30f:start=1575025314155780186,finish=1575025314231209603,duration=75429417,event=fix_hhvm_source
[0Ktravis_time:start:1db7d88e
[0Ktravis_time:end:1db7d88e:start=1575025314237805777,finish=1575025314242908415,duration=5102638,event=update_mongo_arch
[0Ktravis_time:start:0e1a8dc2
[0Ktravis_time:end:0e1a8dc2:start=1575025314249089219,finish=1575025314311939817,duration=62850598,event=fix_sudo_enabled_trusty
[0Ktravis_time:start:027aac2c
[0Ktravis_time:end:027aac2c:start=1575025314318915317,finish=1575025314323306226,duration=4390909,event=update_glibc
[0Ktravis_time:start:03f5e512
[0Ktravis_time:end:03f5e512:start=1575025314334152188,finish=1575025314347808364,duration=13656176,event=clean_up_path
[0Ktravis_time:start:06d9123c
[0Ktravis_time:end:06d9123c:start=1575025314356189560,finish=1575025314369720929,duration=13531369,event=fix_resolv_conf
[0Ktravis_time:start:01066330
[0Ktravis_time:end:01066330:start=1575025314378831358,finish=1575025314398926371,duration=20095013,event=fix_etc_hosts
[0Ktravis_time:start:010afe28
[0Ktravis_time:end:010afe28:start=1575025314410540534,finish=1575025314427525321,duration=16984787,event=fix_mvn_settings_xml
[0Ktravis_time:start:0a298088
[0Ktravis_time:end:0a298088:start=1575025314433625540,finish=1575025314448002140,duration=14376600,event=no_ipv6_localhost
[0Ktravis_time:start:046362c8
[0Ktravis_time:end:046362c8:start=1575025314461699775,finish=1575025314466063185,duration=4363410,event=fix_etc_mavenrc
[0Ktravis_time:start:3446ec59
[0Ktravis_time:end:3446ec59:start=1575025314473462107,finish=1575025314478424335,duration=4962228,event=fix_wwdr_certificate
[0Ktravis_time:start:2700a0e7
[0Ktravis_time:end:2700a0e7:start=1575025314486038452,finish=1575025314521240585,duration=35202133,event=put_localhost_first
[0Ktravis_time:start:007ce4fe
[0Ktravis_time:end:007ce4fe:start=1575025314532393406,finish=1575025314539398665,duration=7005259,event=home_paths
[0Ktravis_time:start:28055e74
[0Ktravis_time:end:28055e74:start=1575025314551021729,finish=1575025314570837634,duration=19815905,event=disable_initramfs
[0Ktravis_time:start:0785521e
[0Ktravis_time:end:0785521e:start=1575025314578583863,finish=1575025315006668333,duration=428084470,event=disable_ssh_roaming
[0Ktravis_time:start:1094c1a8
[0Ktravis_time:end:1094c1a8:start=1575025315014441264,finish=1575025315018884092,duration=4442828,event=debug_tools
[0Ktravis_time:start:1090fa55
[0Ktravis_time:end:1090fa55:start=1575025315029525373,finish=1575025315036341738,duration=6816365,event=uninstall_oclint
[0Ktravis_time:start:01649a66
[0Ktravis_time:end:01649a66:start=1575025315042853827,finish=1575025315048875666,duration=6021839,event=rvm_use
[0Ktravis_time:start:01ebca70
[0Ktravis_time:end:01ebca70:start=1575025315060574989,finish=1575025315073302789,duration=12727800,event=rm_etc_boto_cfg
[0Ktravis_time:start:074ef5de
[0Ktravis_time:end:074ef5de:start=1575025315086049043,finish=1575025315090411728,duration=4362685,event=rm_oraclejdk8_symlink
[0Ktravis_time:start:0950bc44
[0Ktravis_time:end:0950bc44:start=1575025315101926568,finish=1575025315232991535,duration=131064967,event=enable_i386
[0Ktravis_time:start:21051944
[0Ktravis_time:end:21051944:start=1575025315245303427,finish=1575025315255269442,duration=9966015,event=update_rubygems
[0Ktravis_time:start:255d2450
[0Ktravis_time:end:255d2450:start=1575025315265349701,finish=1575025316343114166,duration=1077764465,event=ensure_path_components
[0Ktravis_time:start:04179135
[0Ktravis_time:end:04179135:start=1575025316352733571,finish=1575025316356270001,duration=3536430,event=redefine_curl
[0Ktravis_time:start:1baf9626
[0Ktravis_time:end:1baf9626:start=1575025316362767224,finish=1575025316495749420,duration=132982196,event=nonblock_pipe
[0Ktravis_time:start:0a4702d2
[0Ktravis_time:end:0a4702d2:start=1575025316502113253,finish=1575025319554719020,duration=3052605767,event=apt_get_update
[0Ktravis_time:start:304083c0
[0Ktravis_time:end:304083c0:start=1575025319562341860,finish=1575025319566715420,duration=4373560,event=deprecate_xcode_64
[0Ktravis_time:start:06c9e280
[0Ktravis_time:end:06c9e280:start=1575025319573912359,finish=1575025322555887042,duration=2981974683,event=update_heroku
[0Ktravis_time:start:1b655860
[0Ktravis_time:end:1b655860:start=1575025322561631163,finish=1575025322565711635,duration=4080472,event=shell_session_update
[0Ktravis_time:start:0691c0f5
[0Ktravis_fold:start:docker_mtu
[0Ktravis_fold:end:docker_mtu
[0Ktravis_time:end:0691c0f5:start=1575025322571087960,finish=1575025324822463647,duration=2251375687,event=set_docker_mtu
[0Ktravis_time:start:24a9c52a
[0Ktravis_fold:start:resolvconf
[0Ktravis_fold:end:resolvconf
[0Ktravis_time:end:24a9c52a:start=1575025324827735033,finish=1575025324927342622,duration=99607589,event=resolvconf
[0Ktravis_time:start:035cb4de
[0Ktravis_time:end:035cb4de:start=1575025324936305035,finish=1575025325140625389,duration=204320354,event=maven_central_mirror
[0Ktravis_time:start:007bc888
[0Ktravis_time:end:007bc888:start=1575025325148635216,finish=1575025325152201177,duration=3565961,event=fix_ps4
[0KUpdating gimme

travis_time:start:0634ecf0
[0K

travis_fold:start:git.checkout
[0Ktravis_time:start:17e3ca59
[0K$ git clone --depth=50 --branch=master https://github.com/ethereum/go-ethereum.git ethereum/go-ethereum

Cloning into 'ethereum/go-ethereum'...

travis_time:end:17e3ca59:start=1575025330489593307,finish=1575025333435638556,duration=2946045249,event=checkout
[0K$ cd ethereum/go-ethereum

$ git checkout -qf 5cc6e7a71e6d7677f4c075e5cc98e3d86a8cca08

travis_fold:end:git.checkout
[0K

travis_time:end:17e3ca59:start=1575025330489593307,finish=1575025334047007284,duration=3557413977,event=checkout
[0K$ travis_export_go 1.13.x github.com/ethereum/go-ethereum

travis_time:start:037dbda0
[0K

[33;1mSetting environment variables from repository settings[0m

$ export IOS_SIGNING_KEY=[secure]

$ export LINUX_SIGNING_KEY=[secure]

$ export OSX_SIGNING_KEY=[secure]

$ export ANDROID_SIGNING_KEY=[secure]

$ export AZURE_BLOBSTORE_TOKEN=[secure]

$ export ANDROID_SONATYPE_USERNAME=[secure]

$ export ANDROID_SONATYPE_PASSWORD=[secure]

$ export COCOAPODS_TRUNK_TOKEN=[secure]

$ export PPA_SIGNING_KEY=[secure]

$ export PPA_SSH_KEY=[secure]



travis_time:end:037dbda0:start=1575025334064034873,finish=1575025334104802273,duration=40767400,event=env
[0Ktravis_time:start:1916b59f
[0K$ travis_setup_go

go version go1.13.4 linux/amd64

$ export GOPATH="/home/travis/gopath"

$ export PATH="/home/travis/gopath/bin:/home/travis/.gimme/versions/go1.13.4.linux.amd64/bin:/home/travis/bin:/home/travis/bin:/home/travis/.local/bin:/usr/local/lib/jvm/openjdk11/bin:/opt/pyenv/shims:/home/travis/.phpenv/shims:/home/travis/perl5/perlbrew/bin:/home/travis/.nvm/versions/node/v8.12.0/bin:/home/travis/.rvm/gems/ruby-2.5.3/bin:/home/travis/.rvm/gems/ruby-2.5.3@global/bin:/home/travis/.rvm/rubies/ruby-2.5.3/bin:/home/travis/gopath/bin:/home/travis/.gimme/versions/go1.11.1.linux.amd64/bin:/usr/local/maven-3.6.0/bin:/usr/local/cmake-3.12.4/bin:/usr/local/clang-7.0.0/bin:/usr/local/sbin:/usr/local/bin:/usr/sbin:/usr/bin:/sbin:/bin:/snap/bin:/home/travis/.rvm/bin:/home/travis/.phpenv/bin:/opt/pyenv/bin:/home/travis/.yarn/bin"

$ export GO111MODULE="auto"

travis_time:end:1916b59f:start=1575025334117643526,finish=1575025341398465894,duration=7280822368,event=
[0K$ gimme version

v1.5.3

$ go version

go version go1.13.4 linux/amd64

travis_fold:start:go.env
[0K$ go env

GO111MODULE="auto"

GOARCH="amd64"

GOBIN=""

GOCACHE="/home/travis/.cache/go-build"

GOENV="/home/travis/.config/go/env"

GOEXE=""

GOFLAGS=""

GOHOSTARCH="amd64"

GOHOSTOS="linux"

GONOPROXY=""

GONOSUMDB=""

GOOS="linux"

GOPATH="/home/travis/gopath"

GOPRIVATE=""

GOPROXY="https://proxy.golang.org,direct"

GOROOT="/home/travis/.gimme/versions/go1.13.4.linux.amd64"

GOSUMDB="sum.golang.org"

GOTMPDIR=""

GOTOOLDIR="/home/travis/.gimme/versions/go1.13.4.linux.amd64/pkg/tool/linux_amd64"

GCCGO="gccgo"

AR="ar"

CC="gcc"

CXX="g++"

CGO_ENABLED="1"

GOMOD="/home/travis/gopath/src/github.com/ethereum/go-ethereum/go.mod"

CGO_CFLAGS="-g -O2"

CGO_CPPFLAGS=""

CGO_CXXFLAGS="-g -O2"

CGO_FFLAGS="-g -O2"

CGO_LDFLAGS="-g -O2"

PKG_CONFIG="pkg-config"

GOGCCFLAGS="-fPIC -m64 -pthread -fmessage-length=0 -fdebug-prefix-map=/tmp/go-build914192723=/tmp/go-build -gno-record-gcc-switches"

travis_fold:end:go.env
[0Ktravis_fold:start:install
[0Ktravis_time:start:0db608f2
[0K$ travis_install_go_dependencies 1.13.x -v

Makefile detected

travis_time:end:0db608f2:start=1575025341781073684,finish=1575025341790386684,duration=9313000,event=install
[0Ktravis_fold:end:install
[0Ktravis_time:start:28a9385c
[0K$ go run build/ci.go lint

go: downloading golang.org/x/crypto v0.0.0-20190308221718-c2843e01d9a2

go: downloading github.com/cespare/cp v0.1.0

go: downloading github.com/Azure/azure-storage-blob-go v0.7.0

go: extracting github.com/cespare/cp v0.1.0

go: extracting github.com/Azure/azure-storage-blob-go v0.7.0

go: downloading github.com/Azure/azure-pipeline-go v0.2.2

go: extracting github.com/Azure/azure-pipeline-go v0.2.2

go: downloading github.com/mattn/go-ieproxy v0.0.0-20190702010315-6dee0af9227d

go: extracting github.com/mattn/go-ieproxy v0.0.0-20190702010315-6dee0af9227d

go: extracting golang.org/x/crypto v0.0.0-20190308221718-c2843e01d9a2

go: finding github.com/cespare/cp v0.1.0

go: finding github.com/Azure/azure-storage-blob-go v0.7.0

go: finding github.com/Azure/azure-pipeline-go v0.2.2

go: finding github.com/mattn/go-ieproxy v0.0.0-20190702010315-6dee0af9227d

go: finding golang.org/x/crypto v0.0.0-20190308221718-c2843e01d9a2

build/cache/golangci-lint-1.21.0-linux-amd64.tar.gz is stale

downloading from https://github.com/golangci/golangci-lint/releases/download/v1.21.0/golangci-lint-1.21.0-linux-amd64.tar.gz

10%...20%...30%...40%...50%...60%...70%...80%...90%...100%

>>> build/cache/golangci-lint-1.21.0-linux-amd64/golangci-lint run --config .golangci.yml ./...

level=error msg="Timeout exceeded: try increase it by passing --timeout option"

util.go:45: exit status 4

exit status 1

travis_time:end:28a9385c:start=1575025341801181925,finish=1575025478562963472,duration=136761781547,event=script
[0K[31;1mThe command "go run build/ci.go lint" exited with 1.[0m





Done. Your build exited with 1.

