travis_fold:start:worker_info
[0K[33;1mWorker information[0m
hostname: 1e900166-5add-48a3-8fae-e649f7fd3272@1.worker-org-6bc68c5dcd-bm4dk.macstadium-prod-2
version: v6.2.0 https://github.com/travis-ci/worker/tree/5e5476e01646095f48eec13196fdb3faf8f5cbf7
instance: f2ea6d57-c207-453f-97ce-221d227945f4 travis-ci-macos-10.13-xcode9.4.1-1529955246 (via amqp)
startup: 1m3.223538575s
travis_fold:end:worker_info
[0Ktravis_time:start:1ec5c925
[0Ktravis_time:end:1ec5c925:start=1575284113335650000,finish=1575284113823469000,duration=487819000,event=no_world_writable_dirs
[0Ktravis_time:start:01991ac3
[0Ktravis_time:end:01991ac3:start=1575284113833221000,finish=1575284113844612000,duration=11391000,event=setup_filter
[0Ktravis_time:start:1666fcf5
[0Ktravis_time:end:1666fcf5:start=1575284113859150000,finish=1575284113868568000,duration=9418000,event=check_unsupported
[0Ktravis_time:start:01980ea8
[0Ktravis_fold:start:system_info
[0K[33;1mBuild system information[0m


Build language: go


Build id: 619560152


Job id: 619560157


Runtime kernel version: 17.4.0


travis-build version: 2a7679d1b


[34m[1mBuild image provisioning date and time[0m


Mon Jun 25 21:55:14 GMT 2018


[34m[1mOperating System Details[0m


ProductName:	Mac OS X


ProductVersion:	10.13.3


BuildVersion:	17D102


[34m[1mGit version[0m


git version 2.18.0


[34m[1mbash version[0m


GNU bash, version 3.2.57(1)-release (x86_64-apple-darwin17)


Copyright (C) 2007 Free Software Foundation, Inc.


[34m[1mGCC version[0m


Apple LLVM version 9.1.0 (clang-902.0.39.2)


Target: x86_64-apple-darwin17.4.0


Thread model: posix


InstalledDir: /Applications/Xcode-9.4.1.app/Contents/Developer/Toolchains/XcodeDefault.xctoolchain/usr/bin


[34m[1mLLVM version[0m


Apple LLVM version 9.1.0 (clang-902.0.39.2)


Target: x86_64-apple-darwin17.4.0


Thread model: posix


InstalledDir: /Applications/Xcode-9.4.1.app/Contents/Developer/Toolchains/XcodeDefault.xctoolchain/usr/bin


[34m[1mPre-installed Ruby versions[0m


ruby-2.3.5


ruby-2.4.3


[34m[1mPre-installed Node.js versions[0m


v4.9.1


v5.12.0


v6.14.3


v8.11.3


[34m[1mmvn -version[0m


Apache Maven 3.5.4 (1edded0938998edf8bf061f1ceb3cfdeccf443fe; 2018-06-17T18:33:14Z)


Maven home: /usr/local/Cellar/maven/3.5.4/libexec


Java version: 10.0.1, vendor: Oracle Corporation, runtime: /Library/Java/JavaVirtualMachines/jdk-10.0.1.jdk/Contents/Home


Default locale: en_US, platform encoding: UTF-8


OS name: "mac os x", version: "10.13.3", arch: "x86_64", family: "mac"


travis_fold:end:system_info
[0K


travis_time:end:01980ea8:start=1575284113877097000,finish=1575284113894339000,duration=17242000,event=show_system_info
[0Ktravis_time:start:286cf2da
[0Ktravis_time:end:286cf2da:start=1575284113902292000,finish=1575284113909525000,duration=7233000,event=rm_riak_source
[0Ktravis_time:start:0894626a
[0Ktravis_time:end:0894626a:start=1575284113917541000,finish=1575284113924459000,duration=6918000,event=fix_rwky_redis
[0Ktravis_time:start:068fa640
[0Ktravis_time:end:068fa640:start=1575284113932429000,finish=1575284114304446000,duration=372017000,event=wait_for_network
[0Ktravis_time:start:04077904
[0Ktravis_time:end:04077904:start=1575284114319904000,finish=1575284114331954000,duration=12050000,event=update_apt_keys
[0Ktravis_time:start:09a0f42e
[0Ktravis_time:end:09a0f42e:start=1575284114346943000,finish=1575284114360019000,duration=13076000,event=fix_hhvm_source
[0Ktravis_time:start:0f39da94
[0Ktravis_time:end:0f39da94:start=1575284114374361000,finish=1575284114390993000,duration=16632000,event=update_mongo_arch
[0Ktravis_time:start:14802bb7
[0Ktravis_time:end:14802bb7:start=1575284114406254000,finish=1575284114426240000,duration=19986000,event=fix_sudo_enabled_trusty
[0Ktravis_time:start:00d5b919
[0Ktravis_time:end:00d5b919:start=1575284114445812000,finish=1575284114462893000,duration=17081000,event=update_glibc
[0Ktravis_time:start:003db300
[0Ktravis_time:end:003db300:start=1575284114480618000,finish=1575284114573514000,duration=92896000,event=clean_up_path
[0Ktravis_time:start:0f239ee0
[0Ktravis_time:end:0f239ee0:start=1575284114587069000,finish=1575284114631606000,duration=44537000,event=fix_resolv_conf
[0Ktravis_time:start:19ccbb2b
[0Ktravis_time:end:19ccbb2b:start=1575284114642754000,finish=1575284114700080000,duration=57326000,event=fix_etc_hosts
[0Ktravis_time:start:26cc31ae
[0Ktravis_time:end:26cc31ae:start=1575284114720204000,finish=1575284114730453000,duration=10249000,event=fix_mvn_settings_xml
[0Ktravis_time:start:0863e464
[0Ktravis_time:end:0863e464:start=1575284114747375000,finish=1575284114811055000,duration=63680000,event=no_ipv6_localhost
[0Ktravis_time:start:04a65032
[0Ktravis_time:end:04a65032:start=1575284114829106000,finish=1575284114841815000,duration=12709000,event=fix_etc_mavenrc
[0Ktravis_time:start:17e2e5b3
[0Ktravis_time:end:17e2e5b3:start=1575284114858939000,finish=1575284115085378000,duration=226439000,event=fix_wwdr_certificate
[0Ktravis_time:start:2ade44d0
[0Ktravis_time:end:2ade44d0:start=1575284115095131000,finish=1575284115255330000,duration=160199000,event=put_localhost_first
[0Ktravis_time:start:01559485
[0Ktravis_time:end:01559485:start=1575284115264432000,finish=1575284115271123000,duration=6691000,event=home_paths
[0Ktravis_time:start:235e4410
[0Ktravis_time:end:235e4410:start=1575284115280188000,finish=1575284115293914000,duration=13726000,event=disable_initramfs
[0Ktravis_time:start:004e4bcc
[0Ktravis_time:end:004e4bcc:start=1575284115304591000,finish=1575284115325786000,duration=21195000,event=disable_ssh_roaming
[0Ktravis_time:start:099c4413
[0Ktravis_time:end:099c4413:start=1575284115335866000,finish=1575284115342687000,duration=6821000,event=debug_tools
[0Ktravis_time:start:162e3b8a
[0KUninstalled oclint to prevent interference with other packages.


If you need oclint, you must explicitly install it.





travis_time:end:162e3b8a:start=1575284115351309000,finish=1575284118958824000,duration=3607515000,event=uninstall_oclint
[0Ktravis_time:start:07966ea8
[0Ktravis_time:end:07966ea8:start=1575284118969229000,finish=1575284119921587000,duration=952358000,event=rvm_use
[0Ktravis_time:start:23778ec4
[0Ktravis_time:end:23778ec4:start=1575284119931625000,finish=1575284119973236000,duration=41611000,event=rm_etc_boto_cfg
[0Ktravis_time:start:088d6528
[0Ktravis_time:end:088d6528:start=1575284119984211000,finish=1575284119991172000,duration=6961000,event=rm_oraclejdk8_symlink
[0Ktravis_time:start:39f777f0
[0Ktravis_time:end:39f777f0:start=1575284120001613000,finish=1575284120014405000,duration=12792000,event=enable_i386
[0Ktravis_time:start:006cf70e
[0Ktravis_time:end:006cf70e:start=1575284120025516000,finish=1575284120036822000,duration=11306000,event=update_rubygems
[0Ktravis_time:start:022c3420
[0Ktravis_time:end:022c3420:start=1575284120047045000,finish=1575284120060350000,duration=13305000,event=ensure_path_components
[0Ktravis_time:start:068c2fb0
[0Ktravis_time:end:068c2fb0:start=1575284120071413000,finish=1575284120078402000,duration=6989000,event=redefine_curl
[0Ktravis_time:start:00ed0aba
[0Ktravis_time:end:00ed0aba:start=1575284120088650000,finish=1575284120231147000,duration=142497000,event=nonblock_pipe
[0Ktravis_time:start:0ad1fb04
[0Ktravis_time:end:0ad1fb04:start=1575284120241504000,finish=1575284120249229000,duration=7725000,event=apt_get_update
[0Ktravis_time:start:18f0cf18
[0Ktravis_time:end:18f0cf18:start=1575284120258228000,finish=1575284120265256000,duration=7028000,event=deprecate_xcode_64
[0Ktravis_time:start:01a101ec
[0Ktravis_time:end:01a101ec:start=1575284120275014000,finish=1575284120286030000,duration=11016000,event=update_heroku
[0Ktravis_time:start:04df069b
[0Ktravis_time:end:04df069b:start=1575284120296458000,finish=1575284120303394000,duration=6936000,event=shell_session_update
[0Ktravis_time:start:0545ee30
[0Ktravis_time:end:0545ee30:start=1575284120313975000,finish=1575284120320983000,duration=7008000,event=maven_central_mirror
[0Ktravis_time:start:0d32d8a8
[0Ktravis_time:end:0d32d8a8:start=1575284120336259000,finish=1575284120346469000,duration=10210000,event=fix_ps4
[0KUpdating gimme


travis_time:start:2030f0be
[0K


travis_fold:start:git.checkout
[0Ktravis_time:start:0345905d
[0K$ git clone --depth=50 --branch=master https://github.com/ethereum/go-ethereum.git ethereum/go-ethereum


Cloning into 'ethereum/go-ethereum'...


travis_time:end:0345905d:start=1575284132056128000,finish=1575284135002091000,duration=2945963000,event=checkout
[0K$ cd ethereum/go-ethereum


$ git checkout -qf c2d65d34d5c6f27b8d1a52280964023a3eefd66e


travis_fold:end:git.checkout
[0K


travis_fold:start:git.submodule
[0Ktravis_time:start:18039598
[0K$ git submodule update --init --recursive


Submodule 'tests' (https://github.com/ethereum/tests) registered for path 'tests/testdata'


Cloning into '/Users/travis/build/ethereum/go-ethereum/tests/testdata'...


Submodule path 'tests/testdata': checked out 'b5eb9900ee2147b40d3e681fe86efa4fd693959a'


travis_time:end:18039598:start=1575284135687781000,finish=1575284183516381000,duration=47828600000,event=checkout
[0Ktravis_fold:end:git.submodule
[0Ktravis_time:end:18039598:start=1575284135687781000,finish=1575284183525499000,duration=47837718000,event=checkout
[0K$ travis_export_go 1.13.x github.com/ethereum/go-ethereum


travis_time:start:1055e359
[0K


[33;1mSetting environment variables from repository settings[0m


$ export IOS_SIGNING_KEY=[secure]


$ export LINUX_SIGNING_KEY=[secure]


$ export OSX_SIGNING_KEY=[secure]


$ export ANDROID_SIGNING_KEY=[secure]


$ export AZURE_BLOBSTORE_TOKEN=[secure]


$ export ANDROID_SONATYPE_USERNAME=[secure]


$ export ANDROID_SONATYPE_PASSWORD=[secure]


$ export COCOAPODS_TRUNK_TOKEN=[secure]


$ export PPA_SIGNING_KEY=[secure]


$ export PPA_SSH_KEY=[secure]





travis_time:end:1055e359:start=1575284183548439000,finish=1575284183589740000,duration=41301000,event=env
[0Ktravis_time:start:1cd14aae
[0K$ travis_setup_go


go version go1.13.4 darwin/amd64


$ export GOPATH="/Users/travis/gopath"


$ export PATH="/Users/travis/gopath/bin:/Users/travis/.gimme/versions/go1.13.4.darwin.amd64/bin:/Users/travis/bin:/Users/travis/.rvm/gems/ruby-2.4.3/bin:/Users/travis/.rvm/gems/ruby-2.4.3@global/bin:/Users/travis/.rvm/rubies/ruby-2.4.3/bin:/Users/travis/.rvm/bin:/Users/travis/bin:/Users/travis/.local/bin:/Users/travis/.nvm/versions/node/v6.14.3/bin:/usr/local/bin:/usr/bin:/bin:/usr/sbin:/sbin:/opt/X11/bin"


$ export GO111MODULE="auto"


travis_time:end:1cd14aae:start=1575284183600706000,finish=1575284233903902000,duration=50303196000,event=
[0K$ gimme version


v1.5.3


$ go version


go version go1.13.4 darwin/amd64


travis_fold:start:go.env
[0K$ go env


GO111MODULE="auto"


GOARCH="amd64"


GOBIN=""


GOCACHE="/Users/travis/Library/Caches/go-build"


GOENV="/Users/travis/Library/Application Support/go/env"


GOEXE=""


GOFLAGS=""


GOHOSTARCH="amd64"


GOHOSTOS="darwin"


GONOPROXY=""


GONOSUMDB=""


GOOS="darwin"


GOPATH="/Users/travis/gopath"


GOPRIVATE=""


GOPROXY="https://proxy.golang.org,direct"


GOROOT="/Users/travis/.gimme/versions/go1.13.4.darwin.amd64"


GOSUMDB="sum.golang.org"


GOTMPDIR=""


GOTOOLDIR="/Users/travis/.gimme/versions/go1.13.4.darwin.amd64/pkg/tool/darwin_amd64"


GCCGO="gccgo"


AR="ar"


CC="clang"


CXX="clang++"


CGO_ENABLED="1"


GOMOD="/Users/travis/gopath/src/github.com/ethereum/go-ethereum/go.mod"


CGO_CFLAGS="-g -O2"


CGO_CPPFLAGS=""


CGO_CXXFLAGS="-g -O2"


CGO_FFLAGS="-g -O2"


CGO_LDFLAGS="-g -O2"


PKG_CONFIG="pkg-config"


GOGCCFLAGS="-fPIC -m64 -pthread -fno-caret-diagnostics -Qunused-arguments -fmessage-length=0 -fdebug-prefix-map=/var/folders/nz/vv4_9tw56nv9k3tkvyszvwg80000gn/T/go-build572626396=/tmp/go-build -gno-record-gcc-switches -fno-common"


travis_fold:end:go.env
[0Ktravis_fold:start:install
[0Ktravis_time:start:17c97d38
[0K$ travis_install_go_dependencies 1.13.x -v


Makefile detected


travis_time:end:17c97d38:start=1575284234498949000,finish=1575284234511154000,duration=12205000,event=install
[0Ktravis_fold:end:install
[0Ktravis_time:start:0268f306
[0K$ echo "Increase the maximum number of open file descriptors on macOS"


Increase the maximum number of open file descriptors on macOS


travis_time:end:0268f306:start=1575284234524461000,finish=1575284234535375000,duration=10914000,event=script
[0K[32;1mThe command "echo "Increase the maximum number of open file descriptors on macOS"" exited with 0.[0m


travis_time:start:04db6a25
[0K$ NOFILE=20480


travis_time:end:04db6a25:start=1575284234547251000,finish=1575284234555741000,duration=8490000,event=script
[0K[32;1mThe command "NOFILE=20480" exited with 0.[0m


travis_time:start:09c563b8
[0K$ sudo sysctl -w kern.maxfiles=$NOFILE


kern.maxfiles: 12288 -> 20480


travis_time:end:09c563b8:start=1575284234566375000,finish=1575284234669564000,duration=103189000,event=script
[0K[32;1mThe command "sudo sysctl -w kern.maxfiles=$NOFILE" exited with 0.[0m


travis_time:start:12e750fa
[0K$ sudo sysctl -w kern.maxfilesperproc=$NOFILE


kern.maxfilesperproc: 10240 -> 20480


travis_time:end:12e750fa:start=1575284234680840000,finish=1575284234724440000,duration=43600000,event=script
[0K[32;1mThe command "sudo sysctl -w kern.maxfilesperproc=$NOFILE" exited with 0.[0m


travis_time:start:003de352
[0K$ sudo launchctl limit maxfiles $NOFILE $NOFILE


travis_time:end:003de352:start=1575284234736739000,finish=1575284234783774000,duration=47035000,event=script
[0K[32;1mThe command "sudo launchctl limit maxfiles $NOFILE $NOFILE" exited with 0.[0m


travis_time:start:001f097d
[0K$ sudo launchctl limit maxfiles


	maxfiles    20480          20480          


travis_time:end:001f097d:start=1575284234795177000,finish=1575284234842543000,duration=47366000,event=script
[0K[32;1mThe command "sudo launchctl limit maxfiles" exited with 0.[0m


travis_time:start:0b6c6ea7
[0K$ ulimit -S -n $NOFILE


travis_time:end:0b6c6ea7:start=1575284234856500000,finish=1575284234864296000,duration=7796000,event=script
[0K[32;1mThe command "ulimit -S -n $NOFILE" exited with 0.[0m


travis_time:start:09c0f3d4
[0K$ ulimit -n


20480


travis_time:end:09c0f3d4:start=1575284234874753000,finish=1575284234882460000,duration=7707000,event=script
[0K[32;1mThe command "ulimit -n" exited with 0.[0m


travis_time:start:17cb7dd6
[0K$ unset -f cd


travis_time:end:17cb7dd6:start=1575284234893950000,finish=1575284234901879000,duration=7929000,event=script
[0K[32;1mThe command "unset -f cd" exited with 0.[0m


travis_time:start:021858fc
[0K$ go run build/ci.go install


go: downloading github.com/cespare/cp v0.1.0


go: downloading golang.org/x/crypto v0.0.0-20190308221718-c2843e01d9a2


go: extracting github.com/cespare/cp v0.1.0


go: downloading github.com/Azure/azure-storage-blob-go v0.7.0


go: extracting github.com/Azure/azure-storage-blob-go v0.7.0


go: downloading github.com/Azure/azure-pipeline-go v0.2.2


go: extracting github.com/Azure/azure-pipeline-go v0.2.2


go: downloading github.com/mattn/go-ieproxy v0.0.0-20190702010315-6dee0af9227d


go: extracting github.com/mattn/go-ieproxy v0.0.0-20190702010315-6dee0af9227d


go: extracting golang.org/x/crypto v0.0.0-20190308221718-c2843e01d9a2


go: finding github.com/cespare/cp v0.1.0


go: finding github.com/Azure/azure-storage-blob-go v0.7.0


go: finding github.com/Azure/azure-pipeline-go v0.2.2


go: finding github.com/mattn/go-ieproxy v0.0.0-20190702010315-6dee0af9227d


go: finding golang.org/x/crypto v0.0.0-20190308221718-c2843e01d9a2


>>> /Users/travis/.gimme/versions/go1.13.4.darwin.amd64/bin/go install -ldflags -X main.gitCommit=c2d65d34d5c6f27b8d1a52280964023a3eefd66e -X main.gitDate=20191202 -s -v ./...


go: downloading gopkg.in/urfave/cli.v1 v1.20.0


go: downloading github.com/aristanetworks/goarista v0.0.0-20170210015632-ea17b1a17847


go: downloading github.com/gorilla/websocket v1.4.1-0.20190629185528-ae1634f6a989


go: downloading github.com/graph-gophers/graphql-go v0.0.0-20191115155744-f33e81362277


go: downloading github.com/naoina/toml v0.1.2-0.20170918210437-9fafd6967416


go: downloading github.com/golang/snappy v0.0.1


go: downloading github.com/robertkrimen/otto v0.0.0-20170205013659-6a77b7cbc37d


go: downloading github.com/elastic/gosigar v0.8.1-0.20180330100440-37f05ff46ffa


go: downloading github.com/deckarep/golang-set v0.0.0-20180603214616-504e848d77ea


go: downloading github.com/fatih/color v1.3.0


go: extracting github.com/fatih/color v1.3.0


go: extracting github.com/graph-gophers/graphql-go v0.0.0-20191115155744-f33e81362277


go: extracting github.com/deckarep/golang-set v0.0.0-20180603214616-504e848d77ea


go: extracting github.com/gorilla/websocket v1.4.1-0.20190629185528-ae1634f6a989


go: downloading github.com/prometheus/tsdb v0.6.2-0.20190402121629-4f204dcbc150


go: downloading github.com/mattn/go-isatty v0.0.5-0.20180830101745-3fb116b82035


go: extracting gopkg.in/urfave/cli.v1 v1.20.0


go: extracting github.com/golang/snappy v0.0.1


go: extracting github.com/robertkrimen/otto v0.0.0-20170205013659-6a77b7cbc37d


go: extracting github.com/elastic/gosigar v0.8.1-0.20180330100440-37f05ff46ffa


go: extracting github.com/naoina/toml v0.1.2-0.20170918210437-9fafd6967416


go: extracting github.com/aristanetworks/goarista v0.0.0-20170210015632-ea17b1a17847


go: downloading github.com/docker/docker v1.4.2-0.20180625184442-8e610b2b55bf


go: downloading gopkg.in/olebedev/go-duktape.v3 v3.0.0-20190213234257-ec84240a7772


go: downloading golang.org/x/sys v0.0.0-20190712062909-fae7ac547cb7


go: downloading github.com/gballet/go-libpcsclite v0.0.0-20190607065134-2772fd86a8ff


go: downloading github.com/syndtr/goleveldb v1.0.1-0.20190923125748-758128399b1d


go: downloading golang.org/x/text v0.3.2


go: extracting github.com/mattn/go-isatty v0.0.5-0.20180830101745-3fb116b82035


go: downloading github.com/hashicorp/golang-lru v0.0.0-20160813221303-0a025b7e63ad


go: downloading github.com/wsddn/go-ecdh v0.0.0-20161211032359-48726bab9208


go: extracting github.com/gballet/go-libpcsclite v0.0.0-20190607065134-2772fd86a8ff


go: downloading golang.org/x/sync v0.0.0-20181108010431-42b317875d0f


go: downloading github.com/tyler-smith/go-bip39 v1.0.1-0.20181017060643-dbb3b84ba2ef


go: extracting github.com/wsddn/go-ecdh v0.0.0-20161211032359-48726bab9208


go: downloading github.com/golang/protobuf v1.3.2-0.20190517061210-b285ee9cfc6c


go: extracting gopkg.in/olebedev/go-duktape.v3 v3.0.0-20190213234257-ec84240a7772


go: extracting golang.org/x/sync v0.0.0-20181108010431-42b317875d0f


go: extracting github.com/tyler-smith/go-bip39 v1.0.1-0.20181017060643-dbb3b84ba2ef


go: downloading github.com/edsrzf/mmap-go v0.0.0-20160512033002-935e0e8a636c


go: downloading github.com/davecgh/go-spew v1.1.1


go: extracting github.com/syndtr/goleveldb v1.0.1-0.20190923125748-758128399b1d


go: extracting github.com/hashicorp/golang-lru v0.0.0-20160813221303-0a025b7e63ad


go: downloading github.com/olekukonko/tablewriter v0.0.2-0.20190409134802-7e037d187b0c


go: downloading github.com/mattn/go-colorable v0.1.0


go: extracting github.com/golang/protobuf v1.3.2-0.20190517061210-b285ee9cfc6c


go: extracting github.com/olekukonko/tablewriter v0.0.2-0.20190409134802-7e037d187b0c


go: extracting github.com/edsrzf/mmap-go v0.0.0-20160512033002-935e0e8a636c


go: extracting github.com/davecgh/go-spew v1.1.1


go: downloading github.com/cloudflare/cloudflare-go v0.10.2-0.20190916151808-a80f83b9add9


go: extracting github.com/mattn/go-colorable v0.1.0


go: downloading github.com/julienschmidt/httprouter v1.1.1-0.20170430222011-975b5c4c7c21


go: downloading gopkg.in/sourcemap.v1 v1.0.5


go: downloading github.com/influxdata/influxdb v1.2.3-0.20180221223340-01288bdb0883


go: extracting gopkg.in/sourcemap.v1 v1.0.5


go: extracting github.com/cloudflare/cloudflare-go v0.10.2-0.20190916151808-a80f83b9add9


go: extracting github.com/julienschmidt/httprouter v1.1.1-0.20170430222011-975b5c4c7c21


go: downloading github.com/pborman/uuid v0.0.0-20170112150404-1b00554d8222


go: downloading github.com/steakknife/bloomfilter v0.0.0-20180922174646-6819c0d2a570


go: downloading github.com/peterh/liner v1.1.1-0.20190123174540-a2c9a5303de7


go: extracting github.com/prometheus/tsdb v0.6.2-0.20190402121629-4f204dcbc150


go: extracting github.com/steakknife/bloomfilter v0.0.0-20180922174646-6819c0d2a570


go: extracting golang.org/x/sys v0.0.0-20190712062909-fae7ac547cb7


go: downloading github.com/mattn/go-runewidth v0.0.4


go: extracting github.com/pborman/uuid v0.0.0-20170112150404-1b00554d8222


go: downloading github.com/pkg/errors v0.8.1


go: downloading github.com/rjeczalik/notify v0.9.1


go: extracting github.com/peterh/liner v1.1.1-0.20190123174540-a2c9a5303de7


go: extracting github.com/pkg/errors v0.8.1


go: downloading github.com/[secure]/usb v0.0.0-20190919080040-51dc0efba356


go: extracting github.com/mattn/go-runewidth v0.0.4


go: downloading golang.org/x/time v0.0.0-20190308202827-9d24e82272b4


go: downloading github.com/go-stack/stack v1.8.0


go: extracting github.com/rjeczalik/notify v0.9.1


go: extracting golang.org/x/time v0.0.0-20190308202827-9d24e82272b4


go: extracting github.com/influxdata/influxdb v1.2.3-0.20180221223340-01288bdb0883


go: downloading github.com/jackpal/go-nat-pmp v1.0.2-0.20160603034137-1fa385a6f458


go: downloading github.com/huin/goupnp v0.0.0-20161224104101-679507af18f3


go: downloading github.com/VictoriaMetrics/fastcache v1.5.3


go: extracting github.com/[secure]/usb v0.0.0-20190919080040-51dc0efba356


go: extracting github.com/docker/docker v1.4.2-0.20180625184442-8e610b2b55bf


go: extracting github.com/jackpal/go-nat-pmp v1.0.2-0.20160603034137-1fa385a6f458


go: extracting github.com/go-stack/stack v1.8.0


go: downloading github.com/fjl/memsize v0.0.0-20180418122429-ca190fb6ffbc


go: extracting github.com/huin/goupnp v0.0.0-20161224104101-679507af18f3


go: downloading golang.org/x/net v0.0.0-20190628185345-da137c7871d7


go: extracting github.com/VictoriaMetrics/fastcache v1.5.3


go: downloading github.com/naoina/go-stringutil v0.1.0


go: downloading github.com/rs/cors v0.0.0-20160617231935-a62a804a8a00


go: extracting github.com/fjl/memsize v0.0.0-20180418122429-ca190fb6ffbc


go: downloading github.com/cespare/xxhash v1.1.0


go: downloading github.com/opentracing/opentracing-go v1.1.0


go: extracting github.com/naoina/go-stringutil v0.1.0


go: downloading github.com/status-im/keycard-go v0.0.0-20190316090335-8537d3370df4


go: extracting github.com/rs/cors v0.0.0-20160617231935-a62a804a8a00


go: extracting github.com/opentracing/opentracing-go v1.1.0


go: downloading github.com/rs/xhandler v0.0.0-20160618193221-ed27b6fd6521


go: extracting github.com/cespare/xxhash v1.1.0


go: downloading github.com/steakknife/hamming v0.0.0-20180906055917-c99c65617cd3


go: downloading github.com/cespare/xxhash/v2 v2.1.1


go: extracting github.com/status-im/keycard-go v0.0.0-20190316090335-8537d3370df4


go: extracting github.com/rs/xhandler v0.0.0-20160618193221-ed27b6fd6521


go: extracting golang.org/x/text v0.3.2


go: extracting github.com/cespare/xxhash/v2 v2.1.1


go: extracting github.com/steakknife/hamming v0.0.0-20180906055917-c99c65617cd3


go: extracting golang.org/x/net v0.0.0-20190628185345-da137c7871d7


go: finding github.com/golang/protobuf v1.3.2-0.20190517061210-b285ee9cfc6c


go: finding github.com/aristanetworks/goarista v0.0.0-20170210015632-ea17b1a17847


go: finding github.com/deckarep/golang-set v0.0.0-20180603214616-504e848d77ea


go: finding gopkg.in/urfave/cli.v1 v1.20.0


go: finding github.com/davecgh/go-spew v1.1.1


go: finding github.com/go-stack/stack v1.8.0


go: finding github.com/edsrzf/mmap-go v0.0.0-20160512033002-935e0e8a636c


go: finding github.com/cloudflare/cloudflare-go v0.10.2-0.20190916151808-a80f83b9add9


go: finding github.com/pborman/uuid v0.0.0-20170112150404-1b00554d8222


go: finding github.com/huin/goupnp v0.0.0-20161224104101-679507af18f3


go: finding github.com/[secure]/usb v0.0.0-20190919080040-51dc0efba356


go: finding github.com/VictoriaMetrics/fastcache v1.5.3


go: finding github.com/elastic/gosigar v0.8.1-0.20180330100440-37f05ff46ffa


go: finding github.com/gballet/go-libpcsclite v0.0.0-20190607065134-2772fd86a8ff


go: finding github.com/jackpal/go-nat-pmp v1.0.2-0.20160603034137-1fa385a6f458


go: finding github.com/rjeczalik/notify v0.9.1


go: finding github.com/cespare/xxhash/v2 v2.1.1


go: finding github.com/pkg/errors v0.8.1


go: finding github.com/status-im/keycard-go v0.0.0-20190316090335-8537d3370df4


go: finding github.com/golang/snappy v0.0.1


go: finding golang.org/x/time v0.0.0-20190308202827-9d24e82272b4


go: finding github.com/wsddn/go-ecdh v0.0.0-20161211032359-48726bab9208


go: finding github.com/hashicorp/golang-lru v0.0.0-20160813221303-0a025b7e63ad


go: finding github.com/mattn/go-colorable v0.1.0


go: finding golang.org/x/text v0.3.2


go: finding github.com/syndtr/goleveldb v1.0.1-0.20190923125748-758128399b1d


go: finding golang.org/x/sys v0.0.0-20190712062909-fae7ac547cb7


go: finding github.com/peterh/liner v1.1.1-0.20190123174540-a2c9a5303de7


go: finding github.com/gorilla/websocket v1.4.1-0.20190629185528-ae1634f6a989


go: finding golang.org/x/net v0.0.0-20190628185345-da137c7871d7


go: finding github.com/steakknife/bloomfilter v0.0.0-20180922174646-6819c0d2a570


go: finding github.com/olekukonko/tablewriter v0.0.2-0.20190409134802-7e037d187b0c


go: finding github.com/robertkrimen/otto v0.0.0-20170205013659-6a77b7cbc37d


go: finding github.com/fatih/color v1.3.0


go: finding github.com/fjl/memsize v0.0.0-20180418122429-ca190fb6ffbc


go: finding github.com/mattn/go-isatty v0.0.5-0.20180830101745-3fb116b82035


go: finding github.com/rs/cors v0.0.0-20160617231935-a62a804a8a00


go: finding github.com/prometheus/tsdb v0.6.2-0.20190402121629-4f204dcbc150


go: finding github.com/rs/xhandler v0.0.0-20160618193221-ed27b6fd6521


go: finding github.com/docker/docker v1.4.2-0.20180625184442-8e610b2b55bf


go: finding github.com/mattn/go-runewidth v0.0.4


go: finding github.com/julienschmidt/httprouter v1.1.1-0.20170430222011-975b5c4c7c21


go: finding github.com/tyler-smith/go-bip39 v1.0.1-0.20181017060643-dbb3b84ba2ef


go: finding github.com/steakknife/hamming v0.0.0-20180906055917-c99c65617cd3


go: finding gopkg.in/sourcemap.v1 v1.0.5


go: finding github.com/influxdata/influxdb v1.2.3-0.20180221223340-01288bdb0883


go: finding github.com/graph-gophers/graphql-go v0.0.0-20191115155744-f33e81362277


go: finding github.com/naoina/toml v0.1.2-0.20170918210437-9fafd6967416


go: finding golang.org/x/sync v0.0.0-20181108010431-42b317875d0f


go: finding gopkg.in/olebedev/go-duktape.v3 v3.0.0-20190213234257-ec84240a7772


go: finding github.com/naoina/go-stringutil v0.1.0


go: finding github.com/opentracing/opentracing-go v1.1.0


golang.org/x/crypto/curve25519


github.com/cespare/xxhash/v2


github.com/golang/snappy


github.com/aristanetworks/goarista/monotime


github.com/VictoriaMetrics/fastcache


github.com/ethereum/go-ethereum/common/mclock


github.com/ethereum/go-ethereum/common/prque


github.com/ethereum/go-ethereum/ethdb


github.com/go-stack/stack


golang.org/x/sys/unix


github.com/ethereum/go-ethereum/log


github.com/steakknife/hamming


github.com/steakknife/bloomfilter


github.com/ethereum/go-ethereum/event


github.com/ethereum/go-ethereum/accounts/abi


github.com/elastic/gosigar


github.com/davecgh/go-spew/spew


github.com/deckarep/golang-set


github.com/pborman/uuid


github.com/rjeczalik/notify


github.com/ethereum/go-ethereum/metrics


github.com/ethereum/go-ethereum/trie


github.com/ethereum/go-ethereum/core/types


github.com/ethereum/go-ethereum


github.com/ethereum/go-ethereum/accounts


golang.org/x/crypto/pbkdf2


golang.org/x/crypto/scrypt


github.com/gballet/go-libpcsclite


github.com/status-im/keycard-go/derivationpath


github.com/wsddn/go-ecdh


golang.org/x/text/transform


golang.org/x/text/unicode/norm


github.com/ethereum/go-ethereum/accounts/scwallet


github.com/hashicorp/golang-lru/simplelru


github.com/hashicorp/golang-lru


github.com/ethereum/go-ethereum/core/state


github.com/ethereum/go-ethereum/p2p/netutil


github.com/gorilla/websocket


golang.org/x/net/context


github.com/rs/xhandler


github.com/rs/cors


github.com/ethereum/go-ethereum/rpc


github.com/ethereum/go-ethereum/consensus


github.com/ethereum/go-ethereum/consensus/misc


github.com/ethereum/go-ethereum/consensus/clique


github.com/edsrzf/mmap-go


github.com/ethereum/go-ethereum/common/bitutil


github.com/ethereum/go-ethereum/consensus/ethash


github.com/syndtr/goleveldb/leveldb/util


github.com/syndtr/goleveldb/leveldb/cache


github.com/syndtr/goleveldb/leveldb/comparer


github.com/syndtr/goleveldb/leveldb/storage


github.com/syndtr/goleveldb/leveldb/errors


github.com/syndtr/goleveldb/leveldb/filter


github.com/syndtr/goleveldb/leveldb/iterator


github.com/syndtr/goleveldb/leveldb/journal


github.com/syndtr/goleveldb/leveldb/memdb


github.com/syndtr/goleveldb/leveldb/opt


github.com/syndtr/goleveldb/leveldb/table


github.com/syndtr/goleveldb/leveldb


github.com/ethereum/go-ethereum/accounts/keystore


github.com/ethereum/go-ethereum/ethdb/memorydb


github.com/mattn/go-runewidth


github.com/olekukonko/tablewriter


github.com/pkg/errors


github.com/prometheus/tsdb/fileutil


golang.org/x/sys/cpu


github.com/ethereum/go-ethereum/crypto/blake2b


github.com/ethereum/go-ethereum/crypto/bn256/cloudflare


github.com/ethereum/go-ethereum/crypto/bn256


golang.org/x/crypto/ripemd160


github.com/ethereum/go-ethereum/core/vm


github.com/ethereum/go-ethereum/ethdb/leveldb


github.com/ethereum/go-ethereum/core/rawdb


github.com/ethereum/go-ethereum/core/bloombits


github.com/ethereum/go-ethereum/crypto/ecies


github.com/ethereum/go-ethereum/p2p/enr


github.com/ethereum/go-ethereum/core


github.com/ethereum/go-ethereum/p2p/enode


github.com/ethereum/go-ethereum/p2p/discover


github.com/ethereum/go-ethereum/p2p/discv5


github.com/huin/goupnp/httpu


github.com/huin/goupnp/scpd


github.com/huin/goupnp/soap


github.com/huin/goupnp/ssdp


golang.org/x/net/html/atom


golang.org/x/net/html


github.com/ethereum/go-ethereum/eth/downloader


golang.org/x/text/encoding/internal/identifier


golang.org/x/text/encoding


golang.org/x/text/encoding/internal


golang.org/x/text/encoding/charmap


golang.org/x/text/encoding/japanese


golang.org/x/text/encoding/korean


golang.org/x/text/encoding/simplifiedchinese


golang.org/x/text/encoding/traditionalchinese


golang.org/x/text/internal/utf8internal


golang.org/x/text/runes


golang.org/x/text/encoding/unicode


golang.org/x/text/internal/tag


golang.org/x/text/internal/language


github.com/jackpal/go-nat-pmp


github.com/tyler-smith/go-bip39/wordlists


github.com/tyler-smith/go-bip39


github.com/golang/protobuf/proto


golang.org/x/text/internal/language/compact


golang.org/x/text/language


golang.org/x/text/encoding/htmlindex


golang.org/x/net/html/charset


github.com/huin/goupnp


github.com/huin/goupnp/dcps/internetgateway1


github.com/huin/goupnp/dcps/internetgateway2


github.com/ethereum/go-ethereum/p2p/nat


github.com/ethereum/go-ethereum/p2p


github.com/golang/protobuf/protoc-gen-go/descriptor


github.com/ethereum/go-ethereum/internal/ethapi


github.com/ethereum/go-ethereum/accounts/usbwallet/trezor


github.com/[secure]/usb


github.com/ethereum/go-ethereum/signer/storage


golang.org/x/crypto/ssh/terminal


github.com/ethereum/go-ethereum/eth/filters


github.com/ethereum/go-ethereum/common/fdlimit


github.com/ethereum/go-ethereum/core/forkid


github.com/ethereum/go-ethereum/eth/fetcher


github.com/ethereum/go-ethereum/eth/gasprice


github.com/ethereum/go-ethereum/eth/tracers/internal/tracers


gopkg.in/olebedev/go-duktape.v3


github.com/ethereum/go-ethereum/accounts/usbwallet


github.com/ethereum/go-ethereum/signer/core


github.com/ethereum/go-ethereum/accounts/external


github.com/ethereum/go-ethereum/accounts/abi/bind


github.com/ethereum/go-ethereum/accounts/abi/bind/backends


github.com/ethereum/go-ethereum/miner


github.com/ethereum/go-ethereum/metrics/prometheus


github.com/ethereum/go-ethereum/metrics/exp


github.com/fjl/memsize


github.com/fjl/memsize/memsizeui


github.com/mattn/go-isatty


github.com/mattn/go-colorable


gopkg.in/urfave/cli.v1


github.com/ethereum/go-ethereum/internal/debug


github.com/ethereum/go-ethereum/node


github.com/ethereum/go-ethereum/contracts/checkpointoracle/contract


github.com/ethereum/go-ethereum/contracts/checkpointoracle


github.com/ethereum/go-ethereum/les/flowcontrol


github.com/ethereum/go-ethereum/light


github.com/graph-gophers/graphql-go/errors


github.com/graph-gophers/graphql-go/internal/common


github.com/graph-gophers/graphql-go/internal/schema


github.com/graph-gophers/graphql-go/internal/exec/packer


github.com/graph-gophers/graphql-go/introspection


github.com/graph-gophers/graphql-go/internal/exec/resolvable


github.com/graph-gophers/graphql-go/internal/query


github.com/graph-gophers/graphql-go/internal/exec/selected


github.com/graph-gophers/graphql-go/log


github.com/opentracing/opentracing-go/log


github.com/opentracing/opentracing-go


github.com/opentracing/opentracing-go/ext


github.com/graph-gophers/graphql-go/trace


github.com/graph-gophers/graphql-go/internal/exec


github.com/graph-gophers/graphql-go/internal/validation


github.com/graph-gophers/graphql-go


github.com/graph-gophers/graphql-go/relay


github.com/ethereum/go-ethereum/graphql


github.com/influxdata/influxdb/pkg/escape


github.com/influxdata/influxdb/models


github.com/influxdata/influxdb/client


github.com/ethereum/go-ethereum/metrics/influxdb


golang.org/x/sync/syncmap


github.com/ethereum/go-ethereum/whisper/whisperv6


github.com/ethereum/go-ethereum/common/compiler


github.com/ethereum/go-ethereum/ethclient


github.com/ethereum/go-ethereum/internal/jsre/deps


github.com/fatih/color


gopkg.in/sourcemap.v1/base64vlq


gopkg.in/sourcemap.v1


github.com/robertkrimen/otto/file


github.com/robertkrimen/otto/token


github.com/robertkrimen/otto/ast


github.com/robertkrimen/otto/dbg


github.com/robertkrimen/otto/parser


github.com/robertkrimen/otto/registry


github.com/robertkrimen/otto


github.com/ethereum/go-ethereum/internal/jsre


github.com/ethereum/go-ethereum/internal/web3ext


github.com/peterh/liner


github.com/ethereum/go-ethereum/console


github.com/ethereum/go-ethereum/signer/fourbyte


github.com/ethereum/go-ethereum/signer/rules/deps


github.com/ethereum/go-ethereum/signer/rules


golang.org/x/time/rate


github.com/cloudflare/cloudflare-go


github.com/ethereum/go-ethereum/p2p/dnsdisc


github.com/ethereum/go-ethereum/cmd/devp2p


github.com/ethereum/go-ethereum/core/asm


github.com/ethereum/go-ethereum/cmd/evm/internal/compiler


github.com/ethereum/go-ethereum/core/vm/runtime


github.com/ethereum/go-ethereum/tests


github.com/naoina/go-stringutil


github.com/naoina/toml/ast


github.com/naoina/toml


github.com/docker/docker/pkg/reexec


github.com/ethereum/go-ethereum/p2p/simulations/pipes


github.com/ethereum/go-ethereum/p2p/simulations/adapters


github.com/julienschmidt/httprouter


github.com/ethereum/go-ethereum/p2p/simulations


github.com/ethereum/go-ethereum/cmd/p2psim


golang.org/x/crypto/ed25519/internal/edwards25519


golang.org/x/crypto/ed25519


golang.org/x/crypto/internal/subtle


golang.org/x/crypto/internal/chacha20


golang.org/x/crypto/poly1305


golang.org/x/crypto/ssh


github.com/ethereum/go-ethereum/cmd/puppeth


github.com/ethereum/go-ethereum/cmd/rlpdump


github.com/ethereum/go-ethereum/whisper/mailserver


github.com/ethereum/go-ethereum/crypto/bn256/google


github.com/ethereum/go-ethereum/ethdb/dbtest


github.com/ethereum/go-ethereum/internal/cmdtest


github.com/ethereum/go-ethereum/internal/guide


github.com/ethereum/go-ethereum/internal/testlog


github.com/ethereum/go-ethereum/metrics/librato


github.com/ethereum/go-ethereum/whisper/shhclient


github.com/ethereum/go-ethereum/p2p/simulations/examples


github.com/ethereum/go-ethereum/p2p/testing


github.com/ethereum/go-ethereum/eth/tracers


github.com/ethereum/go-ethereum/eth


github.com/ethereum/go-ethereum/les


github.com/ethereum/go-ethereum/ethstats


github.com/ethereum/go-ethereum/cmd/faucet


github.com/ethereum/go-ethereum/cmd/utils


github.com/ethereum/go-ethereum/cmd/abigen


github.com/ethereum/go-ethereum/cmd/bootnode


github.com/ethereum/go-ethereum/cmd/checkpoint-admin


github.com/ethereum/go-ethereum/cmd/clef


github.com/ethereum/go-ethereum/cmd/ethkey


github.com/ethereum/go-ethereum/cmd/evm


github.com/ethereum/go-ethereum/cmd/geth


github.com/ethereum/go-ethereum/cmd/wnode


github.com/ethereum/go-ethereum/mobile


travis_time:end:021858fc:start=1575284234913581000,finish=1575284346987000000,duration=112073419000,event=script
[0K[32;1mThe command "go run build/ci.go install" exited with 0.[0m


travis_time:start:079874b8
[0K$ go run build/ci.go test -coverage $TEST_PACKAGES


>>> /Users/travis/.gimme/versions/go1.13.4.darwin.amd64/bin/go test -ldflags -X main.gitCommit=c2d65d34d5c6f27b8d1a52280964023a3eefd66e -X main.gitDate=20191202 -s -p 1 -timeout 5m -covermode=atomic -cover ./...


go: downloading github.com/stretchr/testify v1.4.0


go: extracting github.com/stretchr/testify v1.4.0


go: downloading github.com/pmezard/go-difflib v1.0.0


go: downloading gopkg.in/yaml.v2 v2.2.2


go: extracting github.com/pmezard/go-difflib v1.0.0


go: extracting gopkg.in/yaml.v2 v2.2.2


go: finding github.com/stretchr/testify v1.4.0


go: finding github.com/pmezard/go-difflib v1.0.0


go: finding gopkg.in/yaml.v2 v2.2.2


?   	github.com/ethereum/go-ethereum	[no test files]


ok  	github.com/ethereum/go-ethereum/accounts	0.040s	coverage: 30.8% of statements


ok  	github.com/ethereum/go-ethereum/accounts/abi	0.068s	coverage: 88.8% of statements


ok  	github.com/ethereum/go-ethereum/accounts/abi/bind	8.665s	coverage: 52.0% of statements


ok  	github.com/ethereum/go-ethereum/accounts/abi/bind/backends	0.053s	coverage: 21.5% of statements


?   	github.com/ethereum/go-ethereum/accounts/external	[no test files]


ok  	github.com/ethereum/go-ethereum/accounts/keystore	19.463s	coverage: 76.6% of statements


?   	github.com/ethereum/go-ethereum/accounts/scwallet	[no test files]


?   	github.com/ethereum/go-ethereum/accounts/usbwallet	[no test files]


?   	github.com/ethereum/go-ethereum/accounts/usbwallet/trezor	[no test files]


?   	github.com/ethereum/go-ethereum/cmd/abigen	[no test files]


?   	github.com/ethereum/go-ethereum/cmd/bootnode	[no test files]


?   	github.com/ethereum/go-ethereum/cmd/checkpoint-admin	[no test files]


?   	github.com/ethereum/go-ethereum/cmd/clef	[no test files]


?   	github.com/ethereum/go-ethereum/cmd/devp2p	[no test files]


ok  	github.com/ethereum/go-ethereum/cmd/ethkey	2.628s	coverage: 2.0% of statements


?   	github.com/ethereum/go-ethereum/cmd/evm	[no test files]


?   	github.com/ethereum/go-ethereum/cmd/evm/internal/compiler	[no test files]


?   	github.com/ethereum/go-ethereum/cmd/faucet	[no test files]


ok  	github.com/ethereum/go-ethereum/cmd/geth	14.094s	coverage: 1.6% of statements


?   	github.com/ethereum/go-ethereum/cmd/p2psim	[no test files]


ok  	github.com/ethereum/go-ethereum/cmd/puppeth	0.051s	coverage: 8.6% of statements


?   	github.com/ethereum/go-ethereum/cmd/rlpdump	[no test files]


ok  	github.com/ethereum/go-ethereum/cmd/utils	0.081s	coverage: 2.3% of statements


?   	github.com/ethereum/go-ethereum/cmd/wnode	[no test files]


ok  	github.com/ethereum/go-ethereum/common	0.010s	coverage: 39.3% of statements


ok  	github.com/ethereum/go-ethereum/common/bitutil	0.009s	coverage: 95.7% of statements


ok  	github.com/ethereum/go-ethereum/common/compiler	0.011s	coverage: 0.0% of statements


ok  	github.com/ethereum/go-ethereum/common/fdlimit	0.009s	coverage: 76.2% of statements


ok  	github.com/ethereum/go-ethereum/common/hexutil	0.009s	coverage: 80.9% of statements


ok  	github.com/ethereum/go-ethereum/common/math	0.008s	coverage: 92.4% of statements


ok  	github.com/ethereum/go-ethereum/common/mclock	0.008s	coverage: 86.6% of statements


ok  	github.com/ethereum/go-ethereum/common/prque	1.322s	coverage: 74.0% of statements


?   	github.com/ethereum/go-ethereum/consensus	[no test files]


ok  	github.com/ethereum/go-ethereum/consensus/clique	0.174s	coverage: 52.5% of statements


ok  	github.com/ethereum/go-ethereum/consensus/ethash	13.639s	coverage: 64.3% of statements


?   	github.com/ethereum/go-ethereum/consensus/misc	[no test files]


ok  	github.com/ethereum/go-ethereum/console	1.435s	coverage: 37.8% of statements


ok  	github.com/ethereum/go-ethereum/contracts/checkpointoracle	0.933s	coverage: 0.0% of statements


?   	github.com/ethereum/go-ethereum/contracts/checkpointoracle/contract	[no test files]


ok  	github.com/ethereum/go-ethereum/core	35.216s	coverage: 73.3% of statements


ok  	github.com/ethereum/go-ethereum/core/asm	0.035s	coverage: 72.6% of statements


ok  	github.com/ethereum/go-ethereum/core/bloombits	4.066s	coverage: 95.5% of statements


ok  	github.com/ethereum/go-ethereum/core/forkid	0.050s	coverage: 85.9% of statements


ok  	github.com/ethereum/go-ethereum/core/rawdb	3.634s	coverage: 48.2% of statements


ok  	github.com/ethereum/go-ethereum/core/state	11.822s	coverage: 76.9% of statements


ok  	github.com/ethereum/go-ethereum/core/types	0.355s	coverage: 50.1% of statements


ok  	github.com/ethereum/go-ethereum/core/vm	0.329s	coverage: 40.3% of statements


ok  	github.com/ethereum/go-ethereum/core/vm/runtime	0.050s	coverage: 76.7% of statements


ok  	github.com/ethereum/go-ethereum/crypto	0.098s	coverage: 80.5% of statements


ok  	github.com/ethereum/go-ethereum/crypto/blake2b	0.070s	coverage: 90.3% of statements


?   	github.com/ethereum/go-ethereum/crypto/bn256	[no test files]


ok  	github.com/ethereum/go-ethereum/crypto/bn256/cloudflare	0.141s	coverage: 81.3% of statements


ok  	github.com/ethereum/go-ethereum/crypto/bn256/google	0.679s	coverage: 91.6% of statements


ok  	github.com/ethereum/go-ethereum/crypto/ecies	0.056s	coverage: 75.9% of statements


ok  	github.com/ethereum/go-ethereum/crypto/secp256k1	1.648s	coverage: 30.6% of statements


ok  	github.com/ethereum/go-ethereum/eth	17.905s	coverage: 28.8% of statements


ok  	github.com/ethereum/go-ethereum/eth/downloader	102.154s	coverage: 78.2% of statements


ok  	github.com/ethereum/go-ethereum/eth/fetcher	13.601s	coverage: 89.7% of statements


ok  	github.com/ethereum/go-ethereum/eth/filters	2.743s	coverage: 54.1% of statements


?   	github.com/ethereum/go-ethereum/eth/gasprice	[no test files]


ok  	github.com/ethereum/go-ethereum/eth/tracers	0.317s	coverage: 75.6% of statements


?   	github.com/ethereum/go-ethereum/eth/tracers/internal/tracers	[no test files]


ok  	github.com/ethereum/go-ethereum/ethclient	0.165s	coverage: 14.0% of statements


?   	github.com/ethereum/go-ethereum/ethdb	[no test files]


?   	github.com/ethereum/go-ethereum/ethdb/dbtest	[no test files]


ok  	github.com/ethereum/go-ethereum/ethdb/leveldb	0.036s	coverage: 15.1% of statements


ok  	github.com/ethereum/go-ethereum/ethdb/memorydb	0.009s	coverage: 81.6% of statements


?   	github.com/ethereum/go-ethereum/ethstats	[no test files]


ok  	github.com/ethereum/go-ethereum/event	0.745s	coverage: 94.3% of statements


ok  	github.com/ethereum/go-ethereum/graphql	0.059s	coverage: 2.1% of statements


?   	github.com/ethereum/go-ethereum/internal/build	[no test files]


?   	github.com/ethereum/go-ethereum/internal/cmdtest	[no test files]


?   	github.com/ethereum/go-ethereum/internal/debug	[no test files]


?   	github.com/ethereum/go-ethereum/internal/ethapi	[no test files]


ok  	github.com/ethereum/go-ethereum/internal/guide	16.953s	coverage: [no statements]


ok  	github.com/ethereum/go-ethereum/internal/jsre	0.154s	coverage: 48.5% of statements


?   	github.com/ethereum/go-ethereum/internal/jsre/deps	[no test files]


?   	github.com/ethereum/go-ethereum/internal/testlog	[no test files]


?   	github.com/ethereum/go-ethereum/internal/web3ext	[no test files]


ok  	github.com/ethereum/go-ethereum/les	72.972s	coverage: 51.6% of statements


ok  	github.com/ethereum/go-ethereum/les/flowcontrol	13.490s	coverage: 37.9% of statements


ok  	github.com/ethereum/go-ethereum/light	1.125s	coverage: 38.4% of statements


?   	github.com/ethereum/go-ethereum/log	[no test files]


ok  	github.com/ethereum/go-ethereum/metrics	7.745s	coverage: 49.5% of statements


?   	github.com/ethereum/go-ethereum/metrics/exp	[no test files]


?   	github.com/ethereum/go-ethereum/metrics/influxdb	[no test files]


?   	github.com/ethereum/go-ethereum/metrics/librato	[no test files]


?   	github.com/ethereum/go-ethereum/metrics/prometheus	[no test files]


ok  	github.com/ethereum/go-ethereum/miner	13.484s	coverage: 67.2% of statements


ok  	github.com/ethereum/go-ethereum/mobile	0.066s	coverage: 15.2% of statements


ok  	github.com/ethereum/go-ethereum/node	1.029s	coverage: 43.0% of statements


ok  	github.com/ethereum/go-ethereum/p2p	0.754s	coverage: 74.2% of statements


ok  	github.com/ethereum/go-ethereum/p2p/discover	70.464s	coverage: 76.2% of statements


ok  	github.com/ethereum/go-ethereum/p2p/discv5	7.039s	coverage: 46.0% of statements


ok  	github.com/ethereum/go-ethereum/p2p/dnsdisc	0.277s	coverage: 82.7% of statements


ok  	github.com/ethereum/go-ethereum/p2p/enode	2.792s	coverage: 81.3% of statements


ok  	github.com/ethereum/go-ethereum/p2p/enr	0.020s	coverage: 62.3% of statements


ok  	github.com/ethereum/go-ethereum/p2p/nat	2.653s	coverage: 19.8% of statements


ok  	github.com/ethereum/go-ethereum/p2p/netutil	0.020s	coverage: 84.1% of statements


ok  	github.com/ethereum/go-ethereum/p2p/simulations	3.954s	coverage: 69.1% of statements


ok  	github.com/ethereum/go-ethereum/p2p/simulations/adapters	0.071s	coverage: 0.2% of statements


?   	github.com/ethereum/go-ethereum/p2p/simulations/examples	[no test files]


?   	github.com/ethereum/go-ethereum/p2p/simulations/pipes	[no test files]


?   	github.com/ethereum/go-ethereum/p2p/testing	[no test files]


ok  	github.com/ethereum/go-ethereum/params	0.034s	coverage: 50.0% of statements


ok  	github.com/ethereum/go-ethereum/rlp	0.022s	coverage: 96.6% of statements


ok  	github.com/ethereum/go-ethereum/rpc	9.568s	coverage: 78.1% of statements


ok  	github.com/ethereum/go-ethereum/signer/core	4.530s	coverage: 42.0% of statements


ok  	github.com/ethereum/go-ethereum/signer/fourbyte	3.981s	coverage: 46.9% of statements


ok  	github.com/ethereum/go-ethereum/signer/rules	0.199s	coverage: 77.1% of statements


?   	github.com/ethereum/go-ethereum/signer/rules/deps	[no test files]


ok  	github.com/ethereum/go-ethereum/signer/storage	0.018s	coverage: 52.3% of statements


ok  	github.com/ethereum/go-ethereum/tests	124.346s	coverage: 68.5% of statements


ok  	github.com/ethereum/go-ethereum/trie	4.267s	coverage: 70.6% of statements


ok  	github.com/ethereum/go-ethereum/whisper/mailserver	0.341s	coverage: 66.7% of statements


?   	github.com/ethereum/go-ethereum/whisper/shhclient	[no test files]


--- FAIL: TestMessageSeal (1.13s)


    message_test.go:204: failed Wrap with seed 1976726903: pow too small 35.310345.


FAIL


coverage: 64.5% of statements


FAIL	github.com/ethereum/go-ethereum/whisper/whisperv6	21.136s


FAIL


util.go:45: exit status 1


exit status 1


travis_time:end:079874b8:start=1575284346997766000,finish=1575285205122799000,duration=858125033000,event=script
[0K[31;1mThe command "go run build/ci.go test -coverage $TEST_PACKAGES" exited with 1.[0m








Done. Your build exited with 1.


