travis_fold:start:worker_info
[0K[33;1mWorker information[0m
hostname: 6b14a6ca-952e-4bc2-952a-a68be667f8aa@1.worker-org-659784bb45-2kfrj.gce-production-2
version: v6.2.5 https://github.com/travis-ci/worker/tree/0bd72df572e7d08bf9338416c9db10866fed0617
instance: travis-job-428cbd96-1b4c-4d1f-8338-0a86389744bb travis-ci-sardonyx-xenial-1553530528-f909ac5 (via amqp)
startup: 6.363788017s
travis_fold:end:worker_info
[0Ktravis_time:start:14902886
[0Ktravis_time:end:14902886:start=1575580819272144368,finish=1575580819455846795,duration=183702427,event=no_world_writable_dirs
[0Ktravis_time:start:15e02b60
[0Ktravis_time:end:15e02b60:start=1575580819459051660,finish=1575580819467762285,duration=8710625,event=setup_filter
[0Ktravis_time:start:1d046af9
[0Ktravis_time:end:1d046af9:start=1575580819472400784,finish=1575580819481865687,duration=9464903,event=agent
[0Ktravis_time:start:003f2e0c
[0Ktravis_time:end:003f2e0c:start=1575580819485356701,finish=1575580819487900305,duration=2543604,event=check_unsupported
[0Ktravis_time:start:115cdcf2
[0Ktravis_fold:start:system_info
[0K[33;1mBuild system information[0m

Build language: go

Build group: stable

Build dist: xenial

Build id: 621317460

Job id: 621317464

Runtime kernel version: 4.15.0-1028-gcp

travis-build version: 773cff0ed

[34m[1mBuild image provisioning date and time[0m

Mon Mar 25 16:43:24 UTC 2019

[34m[1mOperating System Details[0m

Distributor ID:	Ubuntu

Description:	Ubuntu 16.04.6 LTS

Release:	16.04

Codename:	xenial

[34m[1mSystemd Version[0m

systemd 229

[34m[1mCookbooks Version[0m

42e42e4 https://github.com/travis-ci/travis-cookbooks/tree/42e42e4

[34m[1mgit version[0m

git version 2.21.0

[34m[1mbash version[0m

GNU bash, version 4.3.48(1)-release (x86_64-pc-linux-gnu)

[34m[1mgcc version[0m

gcc (Ubuntu 5.4.0-6ubuntu1~16.04.11) 5.4.0 20160609

[34m[1mdocker version[0m

Client:

 Version:           18.06.0-ce

 API version:       1.38

 Go version:        go1.10.3

 Git commit:        0ffa825

 Built:             Wed Jul 18 19:11:02 2018

 OS/Arch:           linux/amd64

 Experimental:      false



Server:

 Engine:

  Version:          18.06.0-ce

  API version:      1.38 (minimum version 1.12)

  Go version:       go1.10.3

  Git commit:       0ffa825

  Built:            Wed Jul 18 19:09:05 2018

  OS/Arch:          linux/amd64

  Experimental:     false

[34m[1mclang version[0m

clang version 7.0.0 (tags/RELEASE_700/final)

[34m[1mjq version[0m

jq-1.5

[34m[1mbats version[0m

Bats 0.4.0

[34m[1mshellcheck version[0m

0.6.0

[34m[1mshfmt version[0m

v2.6.3

[34m[1mccache version[0m

3.2.4

[34m[1mcmake version[0m

cmake version 3.12.4

[34m[1mheroku version[0m

heroku/7.22.7 linux-x64 node-v11.10.1

[34m[1mimagemagick version[0m

Version: ImageMagick 6.8.9-9 Q16 x86_64 2018-09-28 http://www.imagemagick.org

[34m[1mmd5deep version[0m

4.4

[34m[1mmercurial version[0m

version 4.8

[34m[1mmysql version[0m

mysql  Ver 14.14 Distrib 5.7.25, for Linux (x86_64) using  EditLine wrapper

[34m[1mopenssl version[0m

OpenSSL 1.0.2g  1 Mar 2016

[34m[1mpacker version[0m

1.3.3

[34m[1mpostgresql client version[0m

psql (PostgreSQL) 10.7 (Ubuntu 10.7-1.pgdg16.04+1)

[34m[1mragel version[0m

Ragel State Machine Compiler version 6.8 Feb 2013

[34m[1msudo version[0m

1.8.16

[34m[1mgzip version[0m

gzip 1.6

[34m[1mzip version[0m

Zip 3.0

[34m[1mvim version[0m

VIM - Vi IMproved 7.4 (2013 Aug 10, compiled Nov 24 2016 16:44:48)

[34m[1miptables version[0m

iptables v1.6.0

[34m[1mcurl version[0m

curl 7.47.0 (x86_64-pc-linux-gnu) libcurl/7.47.0 GnuTLS/3.4.10 zlib/1.2.8 libidn/1.32 librtmp/2.3

[34m[1mwget version[0m

GNU Wget 1.17.1 built on linux-gnu.

[34m[1mrsync version[0m

rsync  version 3.1.1  protocol version 31

[34m[1mgimme version[0m

v1.5.3

[34m[1mnvm version[0m

0.34.0

[34m[1mperlbrew version[0m

/home/travis/perl5/perlbrew/bin/perlbrew  - App::perlbrew/0.86

[34m[1mphpenv version[0m

rbenv 1.1.2

[34m[1mrvm version[0m

rvm 1.29.7 (latest) by Michal Papis, Piotr Kuczynski, Wayne E. Seguin [https://rvm.io]

[34m[1mdefault ruby version[0m

ruby 2.5.3p105 (2018-10-18 revision 65156) [x86_64-linux]

[34m[1mCouchDB version[0m

couchdb 1.6.1

[34m[1mElasticSearch version[0m

5.5.0

[34m[1mInstalled Firefox version[0m

firefox 63.0.1

[34m[1mMongoDB version[0m

MongoDB 4.0.7

[34m[1mPhantomJS version[0m

2.1.1

[34m[1mPre-installed PostgreSQL versions[0m

9.4.21

9.5.16

9.6.12

[34m[1mRedis version[0m

redis-server 5.0.4

[34m[1mPre-installed Go versions[0m

1.11.1

[34m[1mmvn version[0m

Apache Maven 3.6.0 (97c98ec64a1fdfee7767ce5ffb20918da4f719f3; 2018-10-24T18:41:47Z)

[34m[1mgradle version[0m

Gradle 4.10.2!

[34m[1mlein version[0m

Leiningen 2.9.1 on Java 11.0.2 OpenJDK 64-Bit Server VM

[34m[1mPre-installed Node.js versions[0m

v10.15.3

v11.0.0

v4.9.1

v6.17.0

v8.12.0

v8.15.1

v8.9

[34m[1mphpenv versions[0m

  system

  5.6

  5.6.40

  7.1

  7.1.27

  7.2

* 7.2.15 (set by /home/travis/.phpenv/version)

  hhvm

  hhvm-stable

[34m[1mcomposer --version[0m

Composer version 1.8.4 2019-02-11 10:52:10

[34m[1mPre-installed Ruby versions[0m

ruby-2.3.8

ruby-2.4.5

ruby-2.5.3

travis_fold:end:system_info
[0K

travis_time:end:115cdcf2:start=1575580819491101505,finish=1575580819497447721,duration=6346216,event=show_system_info
[0Ktravis_time:start:01d8e958
[0Ktravis_time:end:01d8e958:start=1575580819500978553,finish=1575580819559280872,duration=58302319,event=rm_riak_source
[0Ktravis_time:start:10c4f5cc
[0Ktravis_time:end:10c4f5cc:start=1575580819576628663,finish=1575580819590692844,duration=14064181,event=fix_rwky_redis
[0Ktravis_time:start:06bb335d
[0Ktravis_time:end:06bb335d:start=1575580819596242937,finish=1575580820253705661,duration=657462724,event=wait_for_network
[0Ktravis_time:start:10bba3f6
[0Ktravis_time:end:10bba3f6:start=1575580820265193465,finish=1575580820510615482,duration=245422017,event=update_apt_keys
[0Ktravis_time:start:0e42ebae
[0Ktravis_time:end:0e42ebae:start=1575580820522371804,finish=1575580820587639531,duration=65267727,event=fix_hhvm_source
[0Ktravis_time:start:081e0f98
[0Ktravis_time:end:081e0f98:start=1575580820593313564,finish=1575580820598794669,duration=5481105,event=update_mongo_arch
[0Ktravis_time:start:056fd8d0
[0Ktravis_time:end:056fd8d0:start=1575580820609904462,finish=1575580820661294050,duration=51389588,event=fix_sudo_enabled_trusty
[0Ktravis_time:start:1ee29562
[0Ktravis_time:end:1ee29562:start=1575580820666999016,finish=1575580820671102004,duration=4102988,event=update_glibc
[0Ktravis_time:start:04a081a0
[0Ktravis_time:end:04a081a0:start=1575580820676722542,finish=1575580820692239277,duration=15516735,event=clean_up_path
[0Ktravis_time:start:0300b432
[0Ktravis_time:end:0300b432:start=1575580820697493123,finish=1575580820713064592,duration=15571469,event=fix_resolv_conf
[0Ktravis_time:start:16b594ea
[0Ktravis_time:end:16b594ea:start=1575580820718785329,finish=1575580820734101938,duration=15316609,event=fix_etc_hosts
[0Ktravis_time:start:0050c7a4
[0Ktravis_time:end:0050c7a4:start=1575580820743428093,finish=1575580820774671067,duration=31242974,event=fix_mvn_settings_xml
[0Ktravis_time:start:08fd16e0
[0Ktravis_time:end:08fd16e0:start=1575580820781332262,finish=1575580820794115794,duration=12783532,event=no_ipv6_localhost
[0Ktravis_time:start:0d31b9be
[0Ktravis_time:end:0d31b9be:start=1575580820803597659,finish=1575580820808308495,duration=4710836,event=fix_etc_mavenrc
[0Ktravis_time:start:0035700c
[0Ktravis_time:end:0035700c:start=1575580820818969384,finish=1575580820824923586,duration=5954202,event=fix_wwdr_certificate
[0Ktravis_time:start:2510cf28
[0Ktravis_time:end:2510cf28:start=1575580820837215107,finish=1575580820869815867,duration=32600760,event=put_localhost_first
[0Ktravis_time:start:1b01116c
[0Ktravis_time:end:1b01116c:start=1575580820880583296,finish=1575580820888747419,duration=8164123,event=home_paths
[0Ktravis_time:start:0902f814
[0Ktravis_time:end:0902f814:start=1575580820897147945,finish=1575580820913026672,duration=15878727,event=disable_initramfs
[0Ktravis_time:start:152bd2c5
[0Ktravis_time:end:152bd2c5:start=1575580820919071550,finish=1575580821264032837,duration=344961287,event=disable_ssh_roaming
[0Ktravis_time:start:14b1da3e
[0Ktravis_time:end:14b1da3e:start=1575580821271382205,finish=1575580821274270109,duration=2887904,event=debug_tools
[0Ktravis_time:start:0031bd5e
[0Ktravis_time:end:0031bd5e:start=1575580821280543972,finish=1575580821284707559,duration=4163587,event=uninstall_oclint
[0Ktravis_time:start:0514a223
[0Ktravis_time:end:0514a223:start=1575580821291211226,finish=1575580821295462691,duration=4251465,event=rvm_use
[0Ktravis_time:start:107e1cc0
[0Ktravis_time:end:107e1cc0:start=1575580821301724161,finish=1575580821311308533,duration=9584372,event=rm_etc_boto_cfg
[0Ktravis_time:start:000e9ba3
[0Ktravis_time:end:000e9ba3:start=1575580821318397295,finish=1575580821322039175,duration=3641880,event=rm_oraclejdk8_symlink
[0Ktravis_time:start:03faf7f5
[0Ktravis_time:end:03faf7f5:start=1575580821327901256,finish=1575580821449615801,duration=121714545,event=enable_i386
[0Ktravis_time:start:0d86ee7a
[0Ktravis_time:end:0d86ee7a:start=1575580821456999945,finish=1575580821464343582,duration=7343637,event=update_rubygems
[0Ktravis_time:start:1de42965
[0Ktravis_time:end:1de42965:start=1575580821472828375,finish=1575580822405722673,duration=932894298,event=ensure_path_components
[0Ktravis_time:start:1bfc5c20
[0Ktravis_time:end:1bfc5c20:start=1575580822411707093,finish=1575580822414801662,duration=3094569,event=redefine_curl
[0Ktravis_time:start:03ad0700
[0Ktravis_time:end:03ad0700:start=1575580822421120709,finish=1575580822537831735,duration=116711026,event=nonblock_pipe
[0Ktravis_time:start:011881c7
[0Ktravis_time:end:011881c7:start=1575580822543933902,finish=1575580825601202514,duration=3057268612,event=apt_get_update
[0Ktravis_time:start:0330a176
[0Ktravis_time:end:0330a176:start=1575580825606677571,finish=1575580825609421546,duration=2743975,event=deprecate_xcode_64
[0Ktravis_time:start:0547a2a0
[0Ktravis_time:end:0547a2a0:start=1575580825614908749,finish=1575580828390368312,duration=2775459563,event=update_heroku
[0Ktravis_time:start:2ce4cd12
[0Ktravis_time:end:2ce4cd12:start=1575580828396613834,finish=1575580828399603356,duration=2989522,event=shell_session_update
[0Ktravis_time:start:00c2fd1c
[0Ktravis_fold:start:docker_mtu
[0Ktravis_fold:end:docker_mtu
[0Ktravis_time:end:00c2fd1c:start=1575580828406153401,finish=1575580830667994200,duration=2261840799,event=set_docker_mtu
[0Ktravis_time:start:1c4b4040
[0Ktravis_fold:start:resolvconf
[0Ktravis_fold:end:resolvconf
[0Ktravis_time:end:1c4b4040:start=1575580830674592894,finish=1575580830757133273,duration=82540379,event=resolvconf
[0Ktravis_time:start:017c0acf
[0Ktravis_time:end:017c0acf:start=1575580830773729274,finish=1575580830948037908,duration=174308634,event=maven_central_mirror
[0Ktravis_time:start:0d6463c0
[0Ktravis_time:end:0d6463c0:start=1575580830954439126,finish=1575580830957956189,duration=3517063,event=fix_ps4
[0KUpdating gimme

travis_time:start:0189be88
[0K

travis_fold:start:git.checkout
[0Ktravis_time:start:080cb31d
[0K$ git clone --depth=50 --branch=master https://github.com/ethereum/go-ethereum.git ethereum/go-ethereum

Cloning into 'ethereum/go-ethereum'...

travis_time:end:080cb31d:start=1575580836231348733,finish=1575580839219894770,duration=2988546037,event=checkout
[0K$ cd ethereum/go-ethereum

$ git checkout -qf c9dce0bfd769808f75aedbe119caa5f67be26b76

travis_fold:end:git.checkout
[0K

travis_fold:start:git.submodule
[0Ktravis_time:start:03b7add3
[0K$ git submodule update --init --recursive

Submodule 'tests' (https://github.com/ethereum/tests) registered for path 'tests/testdata'

Cloning into '/home/travis/build/ethereum/go-ethereum/tests/testdata'...

Submodule path 'tests/testdata': checked out 'b5eb9900ee2147b40d3e681fe86efa4fd693959a'

travis_time:end:03b7add3:start=1575580839803745926,finish=1575580897074083603,duration=57270337677,event=checkout
[0Ktravis_fold:end:git.submodule
[0Ktravis_time:end:03b7add3:start=1575580839803745926,finish=1575580897079421092,duration=57275675166,event=checkout
[0K$ travis_export_go 1.13.x github.com/ethereum/go-ethereum

travis_time:start:2a5f81da
[0K

[33;1mSetting environment variables from repository settings[0m

$ export IOS_SIGNING_KEY=[secure]

$ export LINUX_SIGNING_KEY=[secure]

$ export OSX_SIGNING_KEY=[secure]

$ export ANDROID_SIGNING_KEY=[secure]

$ export AZURE_BLOBSTORE_TOKEN=[secure]

$ export ANDROID_SONATYPE_USERNAME=[secure]

$ export ANDROID_SONATYPE_PASSWORD=[secure]

$ export COCOAPODS_TRUNK_TOKEN=[secure]

$ export PPA_SIGNING_KEY=[secure]

$ export PPA_SSH_KEY=[secure]



travis_time:end:2a5f81da:start=1575580897089009668,finish=1575580897123818432,duration=34808764,event=env
[0Ktravis_time:start:020aad62
[0K$ travis_setup_go

go version go1.13.5 linux/amd64

$ export GOPATH="/home/travis/gopath"

$ export PATH="/home/travis/gopath/bin:/home/travis/.gimme/versions/go1.13.5.linux.amd64/bin:/home/travis/bin:/home/travis/bin:/home/travis/.local/bin:/usr/local/lib/jvm/openjdk11/bin:/opt/pyenv/shims:/home/travis/.phpenv/shims:/home/travis/perl5/perlbrew/bin:/home/travis/.nvm/versions/node/v8.12.0/bin:/home/travis/.rvm/gems/ruby-2.5.3/bin:/home/travis/.rvm/gems/ruby-2.5.3@global/bin:/home/travis/.rvm/rubies/ruby-2.5.3/bin:/home/travis/gopath/bin:/home/travis/.gimme/versions/go1.11.1.linux.amd64/bin:/usr/local/maven-3.6.0/bin:/usr/local/cmake-3.12.4/bin:/usr/local/clang-7.0.0/bin:/usr/local/sbin:/usr/local/bin:/usr/sbin:/usr/bin:/sbin:/bin:/snap/bin:/home/travis/.rvm/bin:/home/travis/.phpenv/bin:/opt/pyenv/bin:/home/travis/.yarn/bin"

$ export GO111MODULE="auto"

travis_time:end:020aad62:start=1575580897131518176,finish=1575580934106165593,duration=36974647417,event=
[0K$ gimme version

v1.5.3

$ go version

go version go1.13.5 linux/amd64

travis_fold:start:go.env
[0K$ go env

GO111MODULE="auto"

GOARCH="amd64"

GOBIN=""

GOCACHE="/home/travis/.cache/go-build"

GOENV="/home/travis/.config/go/env"

GOEXE=""

GOFLAGS=""

GOHOSTARCH="amd64"

GOHOSTOS="linux"

GONOPROXY=""

GONOSUMDB=""

GOOS="linux"

GOPATH="/home/travis/gopath"

GOPRIVATE=""

GOPROXY="https://proxy.golang.org,direct"

GOROOT="/home/travis/.gimme/versions/go1.13.5.linux.amd64"

GOSUMDB="sum.golang.org"

GOTMPDIR=""

GOTOOLDIR="/home/travis/.gimme/versions/go1.13.5.linux.amd64/pkg/tool/linux_amd64"

GCCGO="gccgo"

AR="ar"

CC="gcc"

CXX="g++"

CGO_ENABLED="1"

GOMOD="/home/travis/gopath/src/github.com/ethereum/go-ethereum/go.mod"

CGO_CFLAGS="-g -O2"

CGO_CPPFLAGS=""

CGO_CXXFLAGS="-g -O2"

CGO_FFLAGS="-g -O2"

CGO_LDFLAGS="-g -O2"

PKG_CONFIG="pkg-config"

GOGCCFLAGS="-fPIC -m64 -pthread -fmessage-length=0 -fdebug-prefix-map=/tmp/go-build118094491=/tmp/go-build -gno-record-gcc-switches"

travis_fold:end:go.env
[0Ktravis_fold:start:install
[0Ktravis_time:start:207d13df
[0K$ travis_install_go_dependencies 1.13.x -v

Makefile detected

travis_time:end:207d13df:start=1575580934944539140,finish=1575580934950714940,duration=6175800,event=install
[0Ktravis_fold:end:install
[0Ktravis_time:start:08c99788
[0K$ go run build/ci.go install

go: downloading github.com/cespare/cp v0.1.0

go: downloading golang.org/x/crypto v0.0.0-20190308221718-c2843e01d9a2

go: downloading github.com/Azure/azure-storage-blob-go v0.7.0

go: extracting github.com/cespare/cp v0.1.0

go: extracting github.com/Azure/azure-storage-blob-go v0.7.0

go: downloading github.com/Azure/azure-pipeline-go v0.2.2

go: extracting github.com/Azure/azure-pipeline-go v0.2.2

go: downloading github.com/mattn/go-ieproxy v0.0.0-20190702010315-6dee0af9227d

go: extracting github.com/mattn/go-ieproxy v0.0.0-20190702010315-6dee0af9227d

go: extracting golang.org/x/crypto v0.0.0-20190308221718-c2843e01d9a2

go: finding github.com/cespare/cp v0.1.0

go: finding github.com/Azure/azure-storage-blob-go v0.7.0

go: finding github.com/Azure/azure-pipeline-go v0.2.2

go: finding github.com/mattn/go-ieproxy v0.0.0-20190702010315-6dee0af9227d

go: finding golang.org/x/crypto v0.0.0-20190308221718-c2843e01d9a2

>>> /home/travis/.gimme/versions/go1.13.5.linux.amd64/bin/go install -ldflags -X main.gitCommit=c9dce0bfd769808f75aedbe119caa5f67be26b76 -X main.gitDate=20191205 -v ./...

go: downloading gopkg.in/urfave/cli.v1 v1.20.0

go: downloading github.com/syndtr/goleveldb v1.0.1-0.20190923125748-758128399b1d

go: downloading github.com/golang/snappy v0.0.1

go: downloading github.com/graph-gophers/graphql-go v0.0.0-20191115155744-f33e81362277

go: downloading github.com/hashicorp/golang-lru v0.0.0-20160813221303-0a025b7e63ad

go: downloading github.com/rjeczalik/notify v0.9.1

go: downloading github.com/elastic/gosigar v0.8.1-0.20180330100440-37f05ff46ffa

go: downloading github.com/mattn/go-colorable v0.1.0

go: extracting github.com/hashicorp/golang-lru v0.0.0-20160813221303-0a025b7e63ad

go: extracting github.com/mattn/go-colorable v0.1.0

go: downloading github.com/docker/docker v1.4.2-0.20180625184442-8e610b2b55bf

go: extracting github.com/elastic/gosigar v0.8.1-0.20180330100440-37f05ff46ffa

go: extracting github.com/graph-gophers/graphql-go v0.0.0-20191115155744-f33e81362277

go: extracting github.com/syndtr/goleveldb v1.0.1-0.20190923125748-758128399b1d

go: extracting github.com/rjeczalik/notify v0.9.1

go: downloading github.com/peterh/liner v1.1.1-0.20190123174540-a2c9a5303de7

go: extracting gopkg.in/urfave/cli.v1 v1.20.0

go: extracting github.com/golang/snappy v0.0.1

go: downloading github.com/tyler-smith/go-bip39 v1.0.1-0.20181017060643-dbb3b84ba2ef

go: downloading github.com/naoina/toml v0.1.2-0.20170918210437-9fafd6967416

go: downloading github.com/aristanetworks/goarista v0.0.0-20170210015632-ea17b1a17847

go: extracting github.com/peterh/liner v1.1.1-0.20190123174540-a2c9a5303de7

go: extracting github.com/tyler-smith/go-bip39 v1.0.1-0.20181017060643-dbb3b84ba2ef

go: downloading github.com/mattn/go-isatty v0.0.5-0.20180830101745-3fb116b82035

go: downloading github.com/prometheus/tsdb v0.6.2-0.20190402121629-4f204dcbc150

go: downloading github.com/gorilla/websocket v1.4.1-0.20190629185528-ae1634f6a989

go: downloading github.com/deckarep/golang-set v0.0.0-20180603214616-504e848d77ea

go: downloading gopkg.in/olebedev/go-duktape.v3 v3.0.0-20190213234257-ec84240a7772

go: downloading github.com/robertkrimen/otto v0.0.0-20170205013659-6a77b7cbc37d

go: downloading github.com/go-stack/stack v1.8.0

go: extracting github.com/naoina/toml v0.1.2-0.20170918210437-9fafd6967416

go: downloading golang.org/x/sys v0.0.0-20190712062909-fae7ac547cb7

go: extracting github.com/aristanetworks/goarista v0.0.0-20170210015632-ea17b1a17847

go: extracting github.com/deckarep/golang-set v0.0.0-20180603214616-504e848d77ea

go: extracting github.com/go-stack/stack v1.8.0

go: downloading github.com/fatih/color v1.3.0

go: extracting github.com/gorilla/websocket v1.4.1-0.20190629185528-ae1634f6a989

go: downloading github.com/gballet/go-libpcsclite v0.0.0-20190607065134-2772fd86a8ff

go: downloading github.com/steakknife/bloomfilter v0.0.0-20180922174646-6819c0d2a570

go: extracting github.com/mattn/go-isatty v0.0.5-0.20180830101745-3fb116b82035

go: downloading github.com/davecgh/go-spew v1.1.1

go: extracting github.com/davecgh/go-spew v1.1.1

go: extracting github.com/steakknife/bloomfilter v0.0.0-20180922174646-6819c0d2a570

go: downloading github.com/olekukonko/tablewriter v0.0.2-0.20190409134802-7e037d187b0c

go: extracting github.com/fatih/color v1.3.0

go: downloading github.com/VictoriaMetrics/fastcache v1.5.3

go: extracting github.com/robertkrimen/otto v0.0.0-20170205013659-6a77b7cbc37d

go: extracting github.com/gballet/go-libpcsclite v0.0.0-20190607065134-2772fd86a8ff

go: extracting gopkg.in/olebedev/go-duktape.v3 v3.0.0-20190213234257-ec84240a7772

go: downloading github.com/naoina/go-stringutil v0.1.0

go: extracting github.com/VictoriaMetrics/fastcache v1.5.3

go: downloading github.com/mattn/go-runewidth v0.0.4

go: downloading github.com/opentracing/opentracing-go v1.1.0

go: extracting github.com/olekukonko/tablewriter v0.0.2-0.20190409134802-7e037d187b0c

go: downloading github.com/pborman/uuid v0.0.0-20170112150404-1b00554d8222

go: extracting github.com/opentracing/opentracing-go v1.1.0

go: extracting github.com/naoina/go-stringutil v0.1.0

go: downloading github.com/wsddn/go-ecdh v0.0.0-20161211032359-48726bab9208

go: extracting github.com/mattn/go-runewidth v0.0.4

go: downloading github.com/edsrzf/mmap-go v0.0.0-20160512033002-935e0e8a636c

go: extracting github.com/pborman/uuid v0.0.0-20170112150404-1b00554d8222

go: extracting github.com/edsrzf/mmap-go v0.0.0-20160512033002-935e0e8a636c

go: downloading github.com/cespare/xxhash v1.1.0

go: extracting github.com/wsddn/go-ecdh v0.0.0-20161211032359-48726bab9208

go: downloading github.com/cloudflare/cloudflare-go v0.10.2-0.20190916151808-a80f83b9add9

go: downloading github.com/fjl/memsize v0.0.0-20180418122429-ca190fb6ffbc

go: downloading github.com/julienschmidt/httprouter v1.1.1-0.20170430222011-975b5c4c7c21

go: downloading github.com/status-im/keycard-go v0.0.0-20190316090335-8537d3370df4

go: downloading github.com/rs/cors v0.0.0-20160617231935-a62a804a8a00

go: extracting github.com/rs/cors v0.0.0-20160617231935-a62a804a8a00

go: extracting github.com/fjl/memsize v0.0.0-20180418122429-ca190fb6ffbc

go: downloading golang.org/x/sync v0.0.0-20181108010431-42b317875d0f

go: extracting github.com/julienschmidt/httprouter v1.1.1-0.20170430222011-975b5c4c7c21

go: extracting github.com/cespare/xxhash v1.1.0

go: downloading github.com/cespare/xxhash/v2 v2.1.1

go: downloading github.com/steakknife/hamming v0.0.0-20180906055917-c99c65617cd3

go: extracting github.com/status-im/keycard-go v0.0.0-20190316090335-8537d3370df4

go: downloading golang.org/x/text v0.3.2

go: extracting github.com/steakknife/hamming v0.0.0-20180906055917-c99c65617cd3

go: extracting golang.org/x/sync v0.0.0-20181108010431-42b317875d0f

go: downloading github.com/huin/goupnp v0.0.0-20161224104101-679507af18f3

go: extracting github.com/cespare/xxhash/v2 v2.1.1

go: downloading github.com/jackpal/go-nat-pmp v1.0.2-0.20160603034137-1fa385a6f458

go: extracting github.com/cloudflare/cloudflare-go v0.10.2-0.20190916151808-a80f83b9add9

go: downloading golang.org/x/net v0.0.0-20190628185345-da137c7871d7

go: extracting golang.org/x/sys v0.0.0-20190712062909-fae7ac547cb7

go: extracting github.com/jackpal/go-nat-pmp v1.0.2-0.20160603034137-1fa385a6f458

go: downloading gopkg.in/sourcemap.v1 v1.0.5

go: extracting github.com/huin/goupnp v0.0.0-20161224104101-679507af18f3

go: extracting github.com/docker/docker v1.4.2-0.20180625184442-8e610b2b55bf

go: downloading github.com/golang/protobuf v1.3.2-0.20190517061210-b285ee9cfc6c

go: downloading github.com/pkg/errors v0.8.1

go: downloading github.com/rs/xhandler v0.0.0-20160618193221-ed27b6fd6521

go: extracting github.com/prometheus/tsdb v0.6.2-0.20190402121629-4f204dcbc150

go: extracting gopkg.in/sourcemap.v1 v1.0.5

go: downloading github.com/influxdata/influxdb v1.2.3-0.20180221223340-01288bdb0883

go: extracting github.com/pkg/errors v0.8.1

go: extracting github.com/rs/xhandler v0.0.0-20160618193221-ed27b6fd6521

go: extracting github.com/golang/protobuf v1.3.2-0.20190517061210-b285ee9cfc6c

go: downloading golang.org/x/time v0.0.0-20190308202827-9d24e82272b4

go: extracting golang.org/x/time v0.0.0-20190308202827-9d24e82272b4

go: downloading github.com/[secure]/usb v0.0.0-20190919080040-51dc0efba356

go: extracting github.com/[secure]/usb v0.0.0-20190919080040-51dc0efba356

go: extracting golang.org/x/net v0.0.0-20190628185345-da137c7871d7

go: extracting github.com/influxdata/influxdb v1.2.3-0.20180221223340-01288bdb0883

go: extracting golang.org/x/text v0.3.2

go: finding github.com/golang/protobuf v1.3.2-0.20190517061210-b285ee9cfc6c

go: finding github.com/aristanetworks/goarista v0.0.0-20170210015632-ea17b1a17847

go: finding github.com/deckarep/golang-set v0.0.0-20180603214616-504e848d77ea

go: finding gopkg.in/urfave/cli.v1 v1.20.0

go: finding github.com/davecgh/go-spew v1.1.1

go: finding github.com/go-stack/stack v1.8.0

go: finding github.com/cloudflare/cloudflare-go v0.10.2-0.20190916151808-a80f83b9add9

go: finding github.com/edsrzf/mmap-go v0.0.0-20160512033002-935e0e8a636c

go: finding github.com/pborman/uuid v0.0.0-20170112150404-1b00554d8222

go: finding github.com/huin/goupnp v0.0.0-20161224104101-679507af18f3

go: finding github.com/[secure]/usb v0.0.0-20190919080040-51dc0efba356

go: finding github.com/VictoriaMetrics/fastcache v1.5.3

go: finding github.com/elastic/gosigar v0.8.1-0.20180330100440-37f05ff46ffa

go: finding github.com/pkg/errors v0.8.1

go: finding github.com/jackpal/go-nat-pmp v1.0.2-0.20160603034137-1fa385a6f458

go: finding github.com/gballet/go-libpcsclite v0.0.0-20190607065134-2772fd86a8ff

go: finding github.com/rjeczalik/notify v0.9.1

go: finding golang.org/x/time v0.0.0-20190308202827-9d24e82272b4

go: finding github.com/cespare/xxhash/v2 v2.1.1

go: finding github.com/status-im/keycard-go v0.0.0-20190316090335-8537d3370df4

go: finding github.com/golang/snappy v0.0.1

go: finding golang.org/x/sys v0.0.0-20190712062909-fae7ac547cb7

go: finding github.com/wsddn/go-ecdh v0.0.0-20161211032359-48726bab9208

go: finding github.com/hashicorp/golang-lru v0.0.0-20160813221303-0a025b7e63ad

go: finding github.com/mattn/go-colorable v0.1.0

go: finding github.com/syndtr/goleveldb v1.0.1-0.20190923125748-758128399b1d

go: finding golang.org/x/text v0.3.2

go: finding github.com/peterh/liner v1.1.1-0.20190123174540-a2c9a5303de7

go: finding golang.org/x/net v0.0.0-20190628185345-da137c7871d7

go: finding github.com/olekukonko/tablewriter v0.0.2-0.20190409134802-7e037d187b0c

go: finding github.com/steakknife/bloomfilter v0.0.0-20180922174646-6819c0d2a570

go: finding github.com/gorilla/websocket v1.4.1-0.20190629185528-ae1634f6a989

go: finding github.com/fjl/memsize v0.0.0-20180418122429-ca190fb6ffbc

go: finding github.com/robertkrimen/otto v0.0.0-20170205013659-6a77b7cbc37d

go: finding github.com/fatih/color v1.3.0

go: finding github.com/mattn/go-isatty v0.0.5-0.20180830101745-3fb116b82035

go: finding github.com/prometheus/tsdb v0.6.2-0.20190402121629-4f204dcbc150

go: finding github.com/rs/cors v0.0.0-20160617231935-a62a804a8a00

go: finding github.com/docker/docker v1.4.2-0.20180625184442-8e610b2b55bf

go: finding github.com/rs/xhandler v0.0.0-20160618193221-ed27b6fd6521

go: finding github.com/mattn/go-runewidth v0.0.4

go: finding github.com/tyler-smith/go-bip39 v1.0.1-0.20181017060643-dbb3b84ba2ef

go: finding github.com/julienschmidt/httprouter v1.1.1-0.20170430222011-975b5c4c7c21

go: finding github.com/steakknife/hamming v0.0.0-20180906055917-c99c65617cd3

go: finding gopkg.in/sourcemap.v1 v1.0.5

go: finding github.com/influxdata/influxdb v1.2.3-0.20180221223340-01288bdb0883

go: finding github.com/graph-gophers/graphql-go v0.0.0-20191115155744-f33e81362277

go: finding github.com/naoina/toml v0.1.2-0.20170918210437-9fafd6967416

go: finding github.com/naoina/go-stringutil v0.1.0

go: finding golang.org/x/sync v0.0.0-20181108010431-42b317875d0f

go: finding gopkg.in/olebedev/go-duktape.v3 v3.0.0-20190213234257-ec84240a7772

go: finding github.com/opentracing/opentracing-go v1.1.0

github.com/cespare/xxhash/v2

github.com/golang/snappy

github.com/aristanetworks/goarista/monotime

github.com/VictoriaMetrics/fastcache

github.com/ethereum/go-ethereum/common/mclock

github.com/ethereum/go-ethereum/common/prque

github.com/ethereum/go-ethereum/ethdb

github.com/go-stack/stack

golang.org/x/sys/unix

github.com/ethereum/go-ethereum/log

github.com/steakknife/hamming

github.com/steakknife/bloomfilter

github.com/ethereum/go-ethereum/event

github.com/ethereum/go-ethereum/accounts/abi

github.com/elastic/gosigar

github.com/ethereum/go-ethereum/metrics

github.com/davecgh/go-spew/spew

github.com/deckarep/golang-set

github.com/pborman/uuid

github.com/rjeczalik/notify

github.com/ethereum/go-ethereum/trie

golang.org/x/crypto/pbkdf2

golang.org/x/crypto/scrypt

github.com/gballet/go-libpcsclite

github.com/status-im/keycard-go/derivationpath

github.com/ethereum/go-ethereum/core/types

golang.org/x/crypto/curve25519

github.com/wsddn/go-ecdh

golang.org/x/text/transform

github.com/ethereum/go-ethereum

golang.org/x/text/unicode/norm

github.com/ethereum/go-ethereum/accounts

github.com/ethereum/go-ethereum/accounts/keystore

github.com/ethereum/go-ethereum/accounts/scwallet

github.com/hashicorp/golang-lru/simplelru

github.com/hashicorp/golang-lru

github.com/ethereum/go-ethereum/core/state

github.com/ethereum/go-ethereum/p2p/netutil

github.com/gorilla/websocket

golang.org/x/net/context

github.com/rs/xhandler

github.com/rs/cors

github.com/ethereum/go-ethereum/consensus/misc

github.com/ethereum/go-ethereum/rpc

github.com/edsrzf/mmap-go

github.com/ethereum/go-ethereum/common/bitutil

github.com/syndtr/goleveldb/leveldb/util

github.com/syndtr/goleveldb/leveldb/cache

github.com/syndtr/goleveldb/leveldb/comparer

github.com/syndtr/goleveldb/leveldb/storage

github.com/syndtr/goleveldb/leveldb/errors

github.com/syndtr/goleveldb/leveldb/filter

github.com/syndtr/goleveldb/leveldb/iterator

github.com/syndtr/goleveldb/leveldb/journal

github.com/syndtr/goleveldb/leveldb/memdb

github.com/syndtr/goleveldb/leveldb/opt

github.com/ethereum/go-ethereum/consensus

github.com/syndtr/goleveldb/leveldb/table

github.com/ethereum/go-ethereum/consensus/clique

github.com/ethereum/go-ethereum/consensus/ethash

github.com/syndtr/goleveldb/leveldb

github.com/ethereum/go-ethereum/ethdb/memorydb

github.com/mattn/go-runewidth

github.com/olekukonko/tablewriter

github.com/pkg/errors

github.com/prometheus/tsdb/fileutil

golang.org/x/sys/cpu

github.com/ethereum/go-ethereum/crypto/blake2b

github.com/ethereum/go-ethereum/crypto/bn256/cloudflare

github.com/ethereum/go-ethereum/ethdb/leveldb

github.com/ethereum/go-ethereum/crypto/bn256

golang.org/x/crypto/ripemd160

github.com/ethereum/go-ethereum/core/vm

github.com/ethereum/go-ethereum/core/rawdb

github.com/ethereum/go-ethereum/core/bloombits

github.com/ethereum/go-ethereum/crypto/ecies

github.com/ethereum/go-ethereum/p2p/enr

github.com/ethereum/go-ethereum/p2p/enode

github.com/ethereum/go-ethereum/core

github.com/ethereum/go-ethereum/p2p/discover

github.com/ethereum/go-ethereum/p2p/discv5

github.com/huin/goupnp/httpu

github.com/huin/goupnp/scpd

github.com/huin/goupnp/soap

github.com/ethereum/go-ethereum/eth/downloader

github.com/huin/goupnp/ssdp

golang.org/x/net/html/atom

golang.org/x/net/html

golang.org/x/text/encoding/internal/identifier

golang.org/x/text/encoding

golang.org/x/text/encoding/internal

golang.org/x/text/encoding/charmap

golang.org/x/text/encoding/japanese

golang.org/x/text/encoding/korean

golang.org/x/text/encoding/simplifiedchinese

golang.org/x/text/encoding/traditionalchinese

golang.org/x/text/internal/utf8internal

golang.org/x/text/runes

golang.org/x/text/encoding/unicode

golang.org/x/text/internal/tag

golang.org/x/text/internal/language

github.com/jackpal/go-nat-pmp

github.com/tyler-smith/go-bip39/wordlists

github.com/tyler-smith/go-bip39

github.com/golang/protobuf/proto

golang.org/x/text/internal/language/compact

golang.org/x/text/language

golang.org/x/text/encoding/htmlindex

golang.org/x/net/html/charset

github.com/huin/goupnp

github.com/huin/goupnp/dcps/internetgateway1

github.com/huin/goupnp/dcps/internetgateway2

github.com/golang/protobuf/protoc-gen-go/descriptor

github.com/ethereum/go-ethereum/p2p/nat

github.com/ethereum/go-ethereum/p2p

github.com/ethereum/go-ethereum/accounts/usbwallet/trezor

github.com/[secure]/usb

github.com/ethereum/go-ethereum/internal/ethapi

github.com/ethereum/go-ethereum/signer/storage

golang.org/x/crypto/ssh/terminal

github.com/ethereum/go-ethereum/eth/filters

github.com/ethereum/go-ethereum/common/fdlimit

github.com/ethereum/go-ethereum/core/forkid

github.com/ethereum/go-ethereum/eth/fetcher

github.com/ethereum/go-ethereum/eth/gasprice

github.com/ethereum/go-ethereum/eth/tracers/internal/tracers

gopkg.in/olebedev/go-duktape.v3

github.com/ethereum/go-ethereum/accounts/usbwallet

github.com/ethereum/go-ethereum/signer/core

github.com/ethereum/go-ethereum/accounts/external

github.com/ethereum/go-ethereum/accounts/abi/bind

github.com/ethereum/go-ethereum/accounts/abi/bind/backends

github.com/ethereum/go-ethereum/miner

github.com/ethereum/go-ethereum/metrics/prometheus

github.com/ethereum/go-ethereum/metrics/exp

github.com/fjl/memsize

github.com/fjl/memsize/memsizeui

github.com/mattn/go-isatty

github.com/mattn/go-colorable

gopkg.in/urfave/cli.v1

github.com/ethereum/go-ethereum/internal/debug

github.com/ethereum/go-ethereum/node

github.com/ethereum/go-ethereum/contracts/checkpointoracle/contract

github.com/ethereum/go-ethereum/contracts/checkpointoracle

github.com/ethereum/go-ethereum/les/flowcontrol

github.com/ethereum/go-ethereum/light

github.com/graph-gophers/graphql-go/errors

github.com/graph-gophers/graphql-go/internal/common

github.com/graph-gophers/graphql-go/internal/schema

github.com/graph-gophers/graphql-go/internal/exec/packer

github.com/graph-gophers/graphql-go/introspection

github.com/graph-gophers/graphql-go/internal/exec/resolvable

github.com/graph-gophers/graphql-go/internal/query

github.com/graph-gophers/graphql-go/internal/exec/selected

github.com/graph-gophers/graphql-go/log

github.com/opentracing/opentracing-go/log

github.com/opentracing/opentracing-go

github.com/opentracing/opentracing-go/ext

github.com/graph-gophers/graphql-go/trace

github.com/graph-gophers/graphql-go/internal/exec

github.com/graph-gophers/graphql-go/internal/validation

github.com/graph-gophers/graphql-go

github.com/graph-gophers/graphql-go/relay

github.com/ethereum/go-ethereum/graphql

github.com/influxdata/influxdb/pkg/escape

github.com/influxdata/influxdb/models

github.com/influxdata/influxdb/client

github.com/ethereum/go-ethereum/metrics/influxdb

golang.org/x/sync/syncmap

github.com/ethereum/go-ethereum/whisper/whisperv6

github.com/ethereum/go-ethereum/common/compiler

github.com/ethereum/go-ethereum/ethclient

github.com/ethereum/go-ethereum/internal/jsre/deps

github.com/fatih/color

gopkg.in/sourcemap.v1/base64vlq

gopkg.in/sourcemap.v1

github.com/robertkrimen/otto/file

github.com/robertkrimen/otto/token

github.com/robertkrimen/otto/ast

github.com/robertkrimen/otto/dbg

github.com/robertkrimen/otto/parser

github.com/robertkrimen/otto/registry

github.com/robertkrimen/otto

github.com/ethereum/go-ethereum/internal/jsre

github.com/ethereum/go-ethereum/internal/web3ext

github.com/peterh/liner

github.com/ethereum/go-ethereum/console

github.com/ethereum/go-ethereum/signer/fourbyte

github.com/ethereum/go-ethereum/signer/rules/deps

github.com/ethereum/go-ethereum/signer/rules

golang.org/x/time/rate

github.com/cloudflare/cloudflare-go

github.com/ethereum/go-ethereum/p2p/dnsdisc

github.com/ethereum/go-ethereum/cmd/devp2p

github.com/ethereum/go-ethereum/core/asm

github.com/ethereum/go-ethereum/cmd/evm/internal/compiler

github.com/ethereum/go-ethereum/core/vm/runtime

github.com/ethereum/go-ethereum/tests

github.com/naoina/go-stringutil

github.com/naoina/toml/ast

github.com/naoina/toml

github.com/docker/docker/pkg/reexec

github.com/ethereum/go-ethereum/p2p/simulations/pipes

github.com/ethereum/go-ethereum/p2p/simulations/adapters

github.com/julienschmidt/httprouter

github.com/ethereum/go-ethereum/p2p/simulations

github.com/ethereum/go-ethereum/cmd/p2psim

github.com/ethereum/go-ethereum/eth/tracers

github.com/ethereum/go-ethereum/eth

github.com/ethereum/go-ethereum/les

github.com/ethereum/go-ethereum/ethstats

github.com/ethereum/go-ethereum/cmd/utils

github.com/ethereum/go-ethereum/cmd/faucet

github.com/ethereum/go-ethereum/cmd/abigen

github.com/ethereum/go-ethereum/cmd/bootnode

github.com/ethereum/go-ethereum/cmd/checkpoint-admin

github.com/ethereum/go-ethereum/cmd/clef

github.com/ethereum/go-ethereum/cmd/ethkey

github.com/ethereum/go-ethereum/cmd/evm

github.com/ethereum/go-ethereum/cmd/geth

golang.org/x/crypto/ed25519/internal/edwards25519

golang.org/x/crypto/ed25519

golang.org/x/crypto/internal/subtle

golang.org/x/crypto/internal/chacha20

golang.org/x/crypto/poly1305

golang.org/x/crypto/ssh

github.com/ethereum/go-ethereum/cmd/puppeth

github.com/ethereum/go-ethereum/cmd/rlpdump

github.com/ethereum/go-ethereum/whisper/mailserver

github.com/ethereum/go-ethereum/cmd/wnode

github.com/ethereum/go-ethereum/crypto/bn256/google

github.com/ethereum/go-ethereum/ethdb/dbtest

github.com/ethereum/go-ethereum/internal/cmdtest

github.com/ethereum/go-ethereum/internal/guide

github.com/ethereum/go-ethereum/internal/testlog

github.com/ethereum/go-ethereum/metrics/librato

github.com/ethereum/go-ethereum/whisper/shhclient

github.com/ethereum/go-ethereum/mobile

github.com/ethereum/go-ethereum/p2p/simulations/examples

github.com/ethereum/go-ethereum/p2p/testing

travis_time:end:08c99788:start=1575580934963908393,finish=1575581046279847243,duration=111315938850,event=script
[0K[32;1mThe command "go run build/ci.go install" exited with 0.[0m

travis_time:start:0c0af62f
[0K$ go run build/ci.go test -coverage $TEST_PACKAGES

>>> /home/travis/.gimme/versions/go1.13.5.linux.amd64/bin/go test -ldflags -X main.gitCommit=c9dce0bfd769808f75aedbe119caa5f67be26b76 -X main.gitDate=20191205 -p 1 -timeout 5m -covermode=atomic -cover ./...

go: downloading github.com/stretchr/testify v1.4.0

go: extracting github.com/stretchr/testify v1.4.0

go: downloading gopkg.in/yaml.v2 v2.2.2

go: downloading github.com/pmezard/go-difflib v1.0.0

go: extracting github.com/pmezard/go-difflib v1.0.0

go: extracting gopkg.in/yaml.v2 v2.2.2

go: finding github.com/stretchr/testify v1.4.0

go: finding github.com/pmezard/go-difflib v1.0.0

go: finding gopkg.in/yaml.v2 v2.2.2

?   	github.com/ethereum/go-ethereum	[no test files]

ok  	github.com/ethereum/go-ethereum/accounts	0.030s	coverage: 30.8% of statements

ok  	github.com/ethereum/go-ethereum/accounts/abi	0.046s	coverage: 88.8% of statements

ok  	github.com/ethereum/go-ethereum/accounts/abi/bind	6.254s	coverage: 52.0% of statements

ok  	github.com/ethereum/go-ethereum/accounts/abi/bind/backends	0.034s	coverage: 21.5% of statements

?   	github.com/ethereum/go-ethereum/accounts/external	[no test files]

ok  	github.com/ethereum/go-ethereum/accounts/keystore	18.292s	coverage: 76.3% of statements

?   	github.com/ethereum/go-ethereum/accounts/scwallet	[no test files]

?   	github.com/ethereum/go-ethereum/accounts/usbwallet	[no test files]

?   	github.com/ethereum/go-ethereum/accounts/usbwallet/trezor	[no test files]

?   	github.com/ethereum/go-ethereum/cmd/abigen	[no test files]

?   	github.com/ethereum/go-ethereum/cmd/bootnode	[no test files]

?   	github.com/ethereum/go-ethereum/cmd/checkpoint-admin	[no test files]

?   	github.com/ethereum/go-ethereum/cmd/clef	[no test files]

?   	github.com/ethereum/go-ethereum/cmd/devp2p	[no test files]

ok  	github.com/ethereum/go-ethereum/cmd/ethkey	1.986s	coverage: 2.0% of statements

?   	github.com/ethereum/go-ethereum/cmd/evm	[no test files]

?   	github.com/ethereum/go-ethereum/cmd/evm/internal/compiler	[no test files]

?   	github.com/ethereum/go-ethereum/cmd/faucet	[no test files]

ok  	github.com/ethereum/go-ethereum/cmd/geth	11.199s	coverage: 1.6% of statements

?   	github.com/ethereum/go-ethereum/cmd/p2psim	[no test files]

ok  	github.com/ethereum/go-ethereum/cmd/puppeth	0.030s	coverage: 8.6% of statements

?   	github.com/ethereum/go-ethereum/cmd/rlpdump	[no test files]

ok  	github.com/ethereum/go-ethereum/cmd/utils	0.041s	coverage: 2.3% of statements

?   	github.com/ethereum/go-ethereum/cmd/wnode	[no test files]

ok  	github.com/ethereum/go-ethereum/common	0.005s	coverage: 39.3% of statements

ok  	github.com/ethereum/go-ethereum/common/bitutil	0.005s	coverage: 95.7% of statements

ok  	github.com/ethereum/go-ethereum/common/compiler	0.003s	coverage: 0.0% of statements

ok  	github.com/ethereum/go-ethereum/common/fdlimit	0.002s	coverage: 73.7% of statements

ok  	github.com/ethereum/go-ethereum/common/hexutil	0.003s	coverage: 80.9% of statements

ok  	github.com/ethereum/go-ethereum/common/math	0.003s	coverage: 92.4% of statements

ok  	github.com/ethereum/go-ethereum/common/mclock	0.003s	coverage: 86.6% of statements

ok  	github.com/ethereum/go-ethereum/common/prque	1.217s	coverage: 74.0% of statements

?   	github.com/ethereum/go-ethereum/consensus	[no test files]

ok  	github.com/ethereum/go-ethereum/consensus/clique	0.140s	coverage: 52.5% of statements

ok  	github.com/ethereum/go-ethereum/consensus/ethash	11.707s	coverage: 63.8% of statements

?   	github.com/ethereum/go-ethereum/consensus/misc	[no test files]

ok  	github.com/ethereum/go-ethereum/console	0.845s	coverage: 37.8% of statements

ok  	github.com/ethereum/go-ethereum/contracts/checkpointoracle	0.904s	coverage: 0.0% of statements

?   	github.com/ethereum/go-ethereum/contracts/checkpointoracle/contract	[no test files]

ok  	github.com/ethereum/go-ethereum/core	25.229s	coverage: 73.4% of statements

ok  	github.com/ethereum/go-ethereum/core/asm	0.028s	coverage: 72.6% of statements

ok  	github.com/ethereum/go-ethereum/core/bloombits	3.178s	coverage: 95.5% of statements

ok  	github.com/ethereum/go-ethereum/core/forkid	0.028s	coverage: 85.9% of statements

ok  	github.com/ethereum/go-ethereum/core/rawdb	1.207s	coverage: 48.2% of statements

ok  	github.com/ethereum/go-ethereum/core/state	9.220s	coverage: 76.9% of statements

ok  	github.com/ethereum/go-ethereum/core/types	0.304s	coverage: 50.1% of statements

ok  	github.com/ethereum/go-ethereum/core/vm	0.237s	coverage: 40.3% of statements

ok  	github.com/ethereum/go-ethereum/core/vm/runtime	0.028s	coverage: 76.7% of statements

ok  	github.com/ethereum/go-ethereum/crypto	0.078s	coverage: 80.5% of statements

ok  	github.com/ethereum/go-ethereum/crypto/blake2b	0.075s	coverage: 90.6% of statements

?   	github.com/ethereum/go-ethereum/crypto/bn256	[no test files]

ok  	github.com/ethereum/go-ethereum/crypto/bn256/cloudflare	0.099s	coverage: 81.3% of statements

ok  	github.com/ethereum/go-ethereum/crypto/bn256/google	0.634s	coverage: 91.6% of statements

ok  	github.com/ethereum/go-ethereum/crypto/ecies	0.035s	coverage: 75.9% of statements

ok  	github.com/ethereum/go-ethereum/crypto/secp256k1	1.391s	coverage: 30.6% of statements

ok  	github.com/ethereum/go-ethereum/eth	17.517s	coverage: 28.2% of statements

ok  	github.com/ethereum/go-ethereum/eth/downloader	104.902s	coverage: 78.5% of statements

ok  	github.com/ethereum/go-ethereum/eth/fetcher	9.792s	coverage: 89.7% of statements

ok  	github.com/ethereum/go-ethereum/eth/filters	2.304s	coverage: 54.1% of statements

?   	github.com/ethereum/go-ethereum/eth/gasprice	[no test files]

ok  	github.com/ethereum/go-ethereum/eth/tracers	0.270s	coverage: 75.6% of statements

?   	github.com/ethereum/go-ethereum/eth/tracers/internal/tracers	[no test files]

ok  	github.com/ethereum/go-ethereum/ethclient	0.062s	coverage: 14.0% of statements

?   	github.com/ethereum/go-ethereum/ethdb	[no test files]

?   	github.com/ethereum/go-ethereum/ethdb/dbtest	[no test files]

ok  	github.com/ethereum/go-ethereum/ethdb/leveldb	0.018s	coverage: 15.1% of statements

ok  	github.com/ethereum/go-ethereum/ethdb/memorydb	0.003s	coverage: 81.6% of statements

?   	github.com/ethereum/go-ethereum/ethstats	[no test files]

ok  	github.com/ethereum/go-ethereum/event	0.783s	coverage: 94.3% of statements

ok  	github.com/ethereum/go-ethereum/graphql	0.034s	coverage: 2.1% of statements

?   	github.com/ethereum/go-ethereum/internal/build	[no test files]

?   	github.com/ethereum/go-ethereum/internal/cmdtest	[no test files]

?   	github.com/ethereum/go-ethereum/internal/debug	[no test files]

?   	github.com/ethereum/go-ethereum/internal/ethapi	[no test files]

ok  	github.com/ethereum/go-ethereum/internal/guide	14.855s	coverage: [no statements]

ok  	github.com/ethereum/go-ethereum/internal/jsre	0.113s	coverage: 48.5% of statements

?   	github.com/ethereum/go-ethereum/internal/jsre/deps	[no test files]

?   	github.com/ethereum/go-ethereum/internal/testlog	[no test files]

?   	github.com/ethereum/go-ethereum/internal/web3ext	[no test files]

ok  	github.com/ethereum/go-ethereum/les	56.984s	coverage: 51.5% of statements

ok  	github.com/ethereum/go-ethereum/les/flowcontrol	12.805s	coverage: 37.9% of statements

ok  	github.com/ethereum/go-ethereum/light	0.875s	coverage: 38.4% of statements

?   	github.com/ethereum/go-ethereum/log	[no test files]

ok  	github.com/ethereum/go-ethereum/metrics	5.400s	coverage: 48.6% of statements

?   	github.com/ethereum/go-ethereum/metrics/exp	[no test files]

?   	github.com/ethereum/go-ethereum/metrics/influxdb	[no test files]

?   	github.com/ethereum/go-ethereum/metrics/librato	[no test files]

?   	github.com/ethereum/go-ethereum/metrics/prometheus	[no test files]

ok  	github.com/ethereum/go-ethereum/miner	11.394s	coverage: 67.0% of statements

ok  	github.com/ethereum/go-ethereum/mobile	0.039s	coverage: 15.2% of statements

ok  	github.com/ethereum/go-ethereum/node	0.772s	coverage: 43.0% of statements

ok  	github.com/ethereum/go-ethereum/p2p	0.639s	coverage: 74.3% of statements

ok  	github.com/ethereum/go-ethereum/p2p/discover	72.615s	coverage: 76.2% of statements

ok  	github.com/ethereum/go-ethereum/p2p/discv5	8.695s	coverage: 46.0% of statements

--- FAIL: TestClientRandomNodeLinkUpdates (0.04s)

    testlog.go:44: TRACE[12-05|21:32:56.949] Updating DNS discovery root              tree=t1 err=nil

    testlog.go:44: TRACE[12-05|21:32:56.949] DNS discovery lookup                     name=IFH2GR4TWMNEVWQFAMAZUDGWGM.t1 err=nil

    testlog.go:44: TRACE[12-05|21:32:56.949] DNS discovery lookup                     name=G7HXTLDR7K56BQL4NXDNXCN57Y.t1 err=nil

    testlog.go:44: TRACE[12-05|21:32:56.949] DNS discovery lookup                     name=HGLPZKSXJAHBSI6H2L7KXAT2GY.t1 err=nil

    testlog.go:44: TRACE[12-05|21:32:56.949] DNS discovery lookup                     name=KASKEOKIVNJN7UAO2YEG6EKYU4.t1 err=nil

    testlog.go:44: TRACE[12-05|21:32:56.950] DNS discovery lookup                     name=CV3LG47655KT2B7T27W5X5HJSE.t1 err=nil

    testlog.go:44: TRACE[12-05|21:32:56.950] DNS discovery lookup                     name=PVVIKMIVQ5DP7QNCFC7PSBHRBM.t1 err=nil

    testlog.go:44: TRACE[12-05|21:32:56.950] DNS discovery lookup                     name=JCKJSDDLNH4MY7HU5PYEUT3JTE.t1 err=nil

    testlog.go:44: TRACE[12-05|21:32:56.950] Updating DNS discovery root              tree=t2 err=nil

    testlog.go:44: TRACE[12-05|21:32:56.951] DNS discovery lookup                     name=FDXN3SN67NA5DKA4J2GOK7BVQI.t2 err=nil

    testlog.go:44: TRACE[12-05|21:32:56.951] DNS discovery lookup                     name=3MXPAR5DKSQMKVU3PCMVX43JRA.t2 err=nil

    testlog.go:44: TRACE[12-05|21:32:56.951] DNS discovery lookup                     name=NJNH6WMF6SAXMNTMK7TNTDWIU4.t1 err=nil

    testlog.go:44: TRACE[12-05|21:32:56.951] DNS discovery lookup                     name=KJT6NGQG3F6WPMEF6OQDLUA7DQ.t2 err=nil

    testlog.go:44: TRACE[12-05|21:32:56.951] DNS discovery lookup                     name=JESF6JERW2UBZ27GFSCKUQQ2LM.t2 err=nil

    testlog.go:44: TRACE[12-05|21:32:56.951] DNS discovery lookup                     name=ISKQ3SCDKZAMHP7G52IDYS2XLA.t1 err=nil

    testlog.go:44: TRACE[12-05|21:32:56.952] DNS discovery lookup                     name=ED24X26EXDKNQ6TBTJNUNHB2BQ.t1 err=nil

    testlog.go:44: TRACE[12-05|21:32:56.952] DNS discovery lookup                     name=RWYQDYAWKL4ZTNKATWMAXJY6QE.t2 err=nil

    testlog.go:44: TRACE[12-05|21:32:56.952] DNS discovery lookup                     name=65TK4VK4J4E626M2NNTPYUXXSM.t1 err=nil

    testlog.go:44: TRACE[12-05|21:32:56.952] DNS discovery lookup                     name=FDF37FVWR3CGGBC52S3WTU6AGI.t1 err=nil

    testlog.go:44: TRACE[12-05|21:32:56.953] DNS discovery lookup                     name=NAGN5XYXUNAAHZU7HW4SW3QS5U.t2 err=nil

    testlog.go:44: TRACE[12-05|21:32:56.953] DNS discovery lookup                     name=3EIIX62FPYUZ34JY2RIXQ535DQ.t2 err=nil

    testlog.go:44: TRACE[12-05|21:32:56.953] DNS discovery lookup                     name=ABLDMCLFIHDRVREPJYHSDXV4CI.t2 err=nil

    testlog.go:44: TRACE[12-05|21:32:56.953] DNS discovery lookup                     name=LN2Z6TAA43OUWGDVWMGLQBIUQY.t2 err=nil

    testlog.go:44: TRACE[12-05|21:32:56.954] DNS discovery lookup                     name=GPW2D5GXJZNS4I4XRKE2FFBWYQ.t2 err=nil

    testlog.go:44: TRACE[12-05|21:32:56.954] DNS discovery lookup                     name=ELQ7TXZ2VRJV4ONMVP3J3OE2LI.t2 err=nil

    testlog.go:44: TRACE[12-05|21:32:56.954] DNS discovery lookup                     name=PHY3RMFS4UERATTFVUVAE2PZNE.t2 err=nil

    client_test.go:195: checkRandomNode called RandomNode 23 times to find 20 nodes

    client_test.go:201: tree1 updated

    testlog.go:44: TRACE[12-05|21:32:56.955] Updating DNS discovery root              tree=t2 err=nil

    testlog.go:44: TRACE[12-05|21:32:56.955] Updating DNS discovery root              tree=t1 err=nil

    testlog.go:44: TRACE[12-05|21:32:56.956] DNS discovery lookup                     name=VYH5MZDYUAIBMNWRJQKFTNZASA.t1 err=nil

    testlog.go:44: TRACE[12-05|21:32:56.956] Updating DNS discovery root              tree=t3 err=nil

    testlog.go:44: TRACE[12-05|21:32:56.956] DNS discovery lookup                     name=TY7ERCYUVJPXUXPAGLOUW5KDUQ.t3 err=nil

    testlog.go:44: TRACE[12-05|21:32:56.956] DNS discovery lookup                     name=TF4REUXUIHMEDZ22NWTKHZX54A.t3 err=nil

    testlog.go:44: TRACE[12-05|21:32:56.956] DNS discovery lookup                     name=AXR2FMOBUUYEBVS3EPD5JP7KVQ.t3 err=nil

    testlog.go:44: TRACE[12-05|21:32:56.956] DNS discovery lookup                     name=U5NAOXREPWARWQLK22T5ONCY2I.t3 err=nil

    testlog.go:44: TRACE[12-05|21:32:56.957] DNS discovery lookup                     name=V5UHOWOW6JPLOAUYWWESN77EXM.t3 err=nil

    testlog.go:44: TRACE[12-05|21:32:56.957] DNS discovery lookup                     name=ICF52NVVRFKCCDV6X3L22CTYVY.t3 err=nil

    testlog.go:44: TRACE[12-05|21:32:56.957] DNS discovery lookup                     name=PYV2C4MTGIDCTWEKFDZ2KY7XEE.t3 err=nil

    testlog.go:44: TRACE[12-05|21:32:56.957] DNS discovery lookup                     name=SV2NB27OQ6RM5SLOX4HAMFZBYM.t3 err=nil

    testlog.go:44: TRACE[12-05|21:32:56.958] DNS discovery lookup                     name=FGDSGPWJDMNAWULPQDIHOJHJB4.t3 err=nil

    testlog.go:44: TRACE[12-05|21:32:56.958] DNS discovery lookup                     name=GSUINNFGY5UQAQZK4EXV4KNIJA.t3 err=nil

    testlog.go:44: TRACE[12-05|21:32:56.958] DNS discovery lookup                     name=LGWSB5U2P2I6PHNLIKWGOUVG3Q.t3 err=nil

    client_test.go:206: checkRandomNode called RandomNode 40 times to find 20 nodes

    client_test.go:206: RandomNode didn't discover node 5d30dba637d2f2439721e185c0f9492b048940ef2fb471f961dc8fb3c53c9d84

FAIL

coverage: 82.7% of statements

FAIL	github.com/ethereum/go-ethereum/p2p/dnsdisc	0.249s

ok  	github.com/ethereum/go-ethereum/p2p/enode	1.902s	coverage: 81.5% of statements

ok  	github.com/ethereum/go-ethereum/p2p/enr	0.005s	coverage: 62.3% of statements

ok  	github.com/ethereum/go-ethereum/p2p/nat	2.607s	coverage: 20.3% of statements

ok  	github.com/ethereum/go-ethereum/p2p/netutil	0.013s	coverage: 84.1% of statements

ok  	github.com/ethereum/go-ethereum/p2p/simulations	2.992s	coverage: 69.1% of statements

ok  	github.com/ethereum/go-ethereum/p2p/simulations/adapters	0.038s	coverage: 0.2% of statements

?   	github.com/ethereum/go-ethereum/p2p/simulations/examples	[no test files]

?   	github.com/ethereum/go-ethereum/p2p/simulations/pipes	[no test files]

?   	github.com/ethereum/go-ethereum/p2p/testing	[no test files]

ok  	github.com/ethereum/go-ethereum/params	0.025s	coverage: 50.0% of statements

ok  	github.com/ethereum/go-ethereum/rlp	0.011s	coverage: 96.6% of statements

ok  	github.com/ethereum/go-ethereum/rpc	8.121s	coverage: 78.1% of statements

ok  	github.com/ethereum/go-ethereum/signer/core	4.203s	coverage: 42.0% of statements

ok  	github.com/ethereum/go-ethereum/signer/fourbyte	3.119s	coverage: 46.9% of statements

ok  	github.com/ethereum/go-ethereum/signer/rules	0.166s	coverage: 77.1% of statements

?   	github.com/ethereum/go-ethereum/signer/rules/deps	[no test files]

ok  	github.com/ethereum/go-ethereum/signer/storage	0.005s	coverage: 52.3% of statements

ok  	github.com/ethereum/go-ethereum/tests	153.192s	coverage: 68.5% of statements

ok  	github.com/ethereum/go-ethereum/trie	3.903s	coverage: 71.0% of statements

ok  	github.com/ethereum/go-ethereum/whisper/mailserver	0.184s	coverage: 66.7% of statements

?   	github.com/ethereum/go-ethereum/whisper/shhclient	[no test files]

ok  	github.com/ethereum/go-ethereum/whisper/whisperv6	18.533s	coverage: 64.5% of statements

FAIL

util.go:45: exit status 1

exit status 1

travis_time:end:0c0af62f:start=1575581046293695012,finish=1575581801080448258,duration=754786753246,event=script
[0K[31;1mThe command "go run build/ci.go test -coverage $TEST_PACKAGES" exited with 1.[0m





Done. Your build exited with 1.

