travis_fold:start:worker_info
[0K[33;1mWorker information[0m
hostname: 0d0d5285-181e-4b1c-9e24-6a3c34a3e640@1.worker-org-869ccb6868-h77zf.gce-production-2
version: v6.2.5 https://github.com/travis-ci/worker/tree/0bd72df572e7d08bf9338416c9db10866fed0617
instance: travis-job-c5218a9b-641a-4c41-bd67-06f75e9abe21 travis-ci-sardonyx-xenial-1553530528-f909ac5 (via amqp)
startup: 6.466733758s
travis_fold:end:worker_info
[0Ktravis_time:start:04203760
[0Ktravis_time:end:04203760:start=1576499877999399748,finish=1576499878198513883,duration=199114135,event=no_world_writable_dirs
[0Ktravis_time:start:0e787ac5
[0Ktravis_time:end:0e787ac5:start=1576499878202167579,finish=1576499878207765737,duration=5598158,event=setup_filter
[0Ktravis_time:start:08c8bfba
[0Ktravis_time:end:08c8bfba:start=1576499878213218525,finish=1576499878223289387,duration=10070862,event=agent
[0Ktravis_time:start:0258c749
[0Ktravis_time:end:0258c749:start=1576499878226856931,finish=1576499878229633206,duration=2776275,event=check_unsupported
[0Ktravis_time:start:23b6cf42
[0Ktravis_fold:start:system_info
[0K[33;1mBuild system information[0m

Build language: go

Build group: stable

Build dist: xenial

Build id: 625660172

Job id: 625660173

Runtime kernel version: 4.15.0-1028-gcp

travis-build version: 2dca56efb

[34m[1mBuild image provisioning date and time[0m

Mon Mar 25 16:43:24 UTC 2019

[34m[1mOperating System Details[0m

Distributor ID:	Ubuntu

Description:	Ubuntu 16.04.6 LTS

Release:	16.04

Codename:	xenial

[34m[1mSystemd Version[0m

systemd 229

[34m[1mCookbooks Version[0m

42e42e4 https://github.com/travis-ci/travis-cookbooks/tree/42e42e4

[34m[1mgit version[0m

git version 2.21.0

[34m[1mbash version[0m

GNU bash, version 4.3.48(1)-release (x86_64-pc-linux-gnu)

[34m[1mgcc version[0m

gcc (Ubuntu 5.4.0-6ubuntu1~16.04.11) 5.4.0 20160609

[34m[1mdocker version[0m

Client:

 Version:           18.06.0-ce

 API version:       1.38

 Go version:        go1.10.3

 Git commit:        0ffa825

 Built:             Wed Jul 18 19:11:02 2018

 OS/Arch:           linux/amd64

 Experimental:      false



Server:

 Engine:

  Version:          18.06.0-ce

  API version:      1.38 (minimum version 1.12)

  Go version:       go1.10.3

  Git commit:       0ffa825

  Built:            Wed Jul 18 19:09:05 2018

  OS/Arch:          linux/amd64

  Experimental:     false

[34m[1mclang version[0m

clang version 7.0.0 (tags/RELEASE_700/final)

[34m[1mjq version[0m

jq-1.5

[34m[1mbats version[0m

Bats 0.4.0

[34m[1mshellcheck version[0m

0.6.0

[34m[1mshfmt version[0m

v2.6.3

[34m[1mccache version[0m

3.2.4

[34m[1mcmake version[0m

cmake version 3.12.4

[34m[1mheroku version[0m

heroku/7.22.7 linux-x64 node-v11.10.1

[34m[1mimagemagick version[0m

Version: ImageMagick 6.8.9-9 Q16 x86_64 2018-09-28 http://www.imagemagick.org

[34m[1mmd5deep version[0m

4.4

[34m[1mmercurial version[0m

version 4.8

[34m[1mmysql version[0m

mysql  Ver 14.14 Distrib 5.7.25, for Linux (x86_64) using  EditLine wrapper

[34m[1mopenssl version[0m

OpenSSL 1.0.2g  1 Mar 2016

[34m[1mpacker version[0m

1.3.3

[34m[1mpostgresql client version[0m

psql (PostgreSQL) 10.7 (Ubuntu 10.7-1.pgdg16.04+1)

[34m[1mragel version[0m

Ragel State Machine Compiler version 6.8 Feb 2013

[34m[1msudo version[0m

1.8.16

[34m[1mgzip version[0m

gzip 1.6

[34m[1mzip version[0m

Zip 3.0

[34m[1mvim version[0m

VIM - Vi IMproved 7.4 (2013 Aug 10, compiled Nov 24 2016 16:44:48)

[34m[1miptables version[0m

iptables v1.6.0

[34m[1mcurl version[0m

curl 7.47.0 (x86_64-pc-linux-gnu) libcurl/7.47.0 GnuTLS/3.4.10 zlib/1.2.8 libidn/1.32 librtmp/2.3

[34m[1mwget version[0m

GNU Wget 1.17.1 built on linux-gnu.

[34m[1mrsync version[0m

rsync  version 3.1.1  protocol version 31

[34m[1mgimme version[0m

v1.5.3

[34m[1mnvm version[0m

0.34.0

[34m[1mperlbrew version[0m

/home/travis/perl5/perlbrew/bin/perlbrew  - App::perlbrew/0.86

[34m[1mphpenv version[0m

rbenv 1.1.2

[34m[1mrvm version[0m

rvm 1.29.7 (latest) by Michal Papis, Piotr Kuczynski, Wayne E. Seguin [https://rvm.io]

[34m[1mdefault ruby version[0m

ruby 2.5.3p105 (2018-10-18 revision 65156) [x86_64-linux]

[34m[1mCouchDB version[0m

couchdb 1.6.1

[34m[1mElasticSearch version[0m

5.5.0

[34m[1mInstalled Firefox version[0m

firefox 63.0.1

[34m[1mMongoDB version[0m

MongoDB 4.0.7

[34m[1mPhantomJS version[0m

2.1.1

[34m[1mPre-installed PostgreSQL versions[0m

9.4.21

9.5.16

9.6.12

[34m[1mRedis version[0m

redis-server 5.0.4

[34m[1mPre-installed Go versions[0m

1.11.1

[34m[1mmvn version[0m

Apache Maven 3.6.0 (97c98ec64a1fdfee7767ce5ffb20918da4f719f3; 2018-10-24T18:41:47Z)

[34m[1mgradle version[0m

Gradle 4.10.2!

[34m[1mlein version[0m

Leiningen 2.9.1 on Java 11.0.2 OpenJDK 64-Bit Server VM

[34m[1mPre-installed Node.js versions[0m

v10.15.3

v11.0.0

v4.9.1

v6.17.0

v8.12.0

v8.15.1

v8.9

[34m[1mphpenv versions[0m

  system

  5.6

  5.6.40

  7.1

  7.1.27

  7.2

* 7.2.15 (set by /home/travis/.phpenv/version)

  hhvm

  hhvm-stable

[34m[1mcomposer --version[0m

Composer version 1.8.4 2019-02-11 10:52:10

[34m[1mPre-installed Ruby versions[0m

ruby-2.3.8

ruby-2.4.5

ruby-2.5.3

travis_fold:end:system_info
[0K

travis_time:end:23b6cf42:start=1576499878233079698,finish=1576499878240734330,duration=7654632,event=show_system_info
[0Ktravis_time:start:0120e3b2
[0Ktravis_time:end:0120e3b2:start=1576499878244301854,finish=1576499878260197096,duration=15895242,event=rm_riak_source
[0Ktravis_time:start:03396cc0
[0Ktravis_time:end:03396cc0:start=1576499878264559214,finish=1576499878271705632,duration=7146418,event=fix_rwky_redis
[0Ktravis_time:start:1bf0b712
[0Ktravis_time:end:1bf0b712:start=1576499878281041785,finish=1576499878722537542,duration=441495757,event=wait_for_network
[0Ktravis_time:start:11e704c3
[0Ktravis_time:end:11e704c3:start=1576499878747672212,finish=1576499879022592367,duration=274920155,event=update_apt_keys
[0Ktravis_time:start:0ce5a646
[0Ktravis_time:end:0ce5a646:start=1576499879029277848,finish=1576499879098834141,duration=69556293,event=fix_hhvm_source
[0Ktravis_time:start:01d279ac
[0Ktravis_time:end:01d279ac:start=1576499879103455429,finish=1576499879107182918,duration=3727489,event=update_mongo_arch
[0Ktravis_time:start:103b4dd8
[0Ktravis_time:end:103b4dd8:start=1576499879118621054,finish=1576499879173303161,duration=54682107,event=fix_sudo_enabled_trusty
[0Ktravis_time:start:087114a5
[0Ktravis_time:end:087114a5:start=1576499879186089324,finish=1576499879191663969,duration=5574645,event=update_glibc
[0Ktravis_time:start:1def139a
[0Ktravis_time:end:1def139a:start=1576499879203500588,finish=1576499879214738604,duration=11238016,event=clean_up_path
[0Ktravis_time:start:00feb908
[0Ktravis_time:end:00feb908:start=1576499879222063167,finish=1576499879234309336,duration=12246169,event=fix_resolv_conf
[0Ktravis_time:start:2254ba9a
[0Ktravis_time:end:2254ba9a:start=1576499879242012359,finish=1576499879254427504,duration=12415145,event=fix_etc_hosts
[0Ktravis_time:start:10302120
[0Ktravis_time:end:10302120:start=1576499879259301874,finish=1576499879272830900,duration=13529026,event=fix_mvn_settings_xml
[0Ktravis_time:start:0001869b
[0Ktravis_time:end:0001869b:start=1576499879284311459,finish=1576499879298855161,duration=14543702,event=no_ipv6_localhost
[0Ktravis_time:start:080ccb20
[0Ktravis_time:end:080ccb20:start=1576499879306378939,finish=1576499879309995757,duration=3616818,event=fix_etc_mavenrc
[0Ktravis_time:start:013e1139
[0Ktravis_time:end:013e1139:start=1576499879319746645,finish=1576499879325200593,duration=5453948,event=fix_wwdr_certificate
[0Ktravis_time:start:0add839c
[0Ktravis_time:end:0add839c:start=1576499879330195535,finish=1576499879364925074,duration=34729539,event=put_localhost_first
[0Ktravis_time:start:0fe105d0
[0Ktravis_time:end:0fe105d0:start=1576499879372008035,finish=1576499879376155394,duration=4147359,event=home_paths
[0Ktravis_time:start:0e879c25
[0Ktravis_time:end:0e879c25:start=1576499879382157286,finish=1576499879398764949,duration=16607663,event=disable_initramfs
[0Ktravis_time:start:0886eb8e
[0Ktravis_time:end:0886eb8e:start=1576499879403931041,finish=1576499879894751650,duration=490820609,event=disable_ssh_roaming
[0Ktravis_time:start:0c549988
[0Ktravis_time:end:0c549988:start=1576499879902341006,finish=1576499879905770440,duration=3429434,event=debug_tools
[0Ktravis_time:start:0b85652c
[0Ktravis_time:end:0b85652c:start=1576499879911694243,finish=1576499879916409658,duration=4715415,event=uninstall_oclint
[0Ktravis_time:start:1b224fae
[0Ktravis_time:end:1b224fae:start=1576499879922964848,finish=1576499879927862471,duration=4897623,event=rvm_use
[0Ktravis_time:start:05706364
[0Ktravis_time:end:05706364:start=1576499879939693988,finish=1576499879952944286,duration=13250298,event=rm_etc_boto_cfg
[0Ktravis_time:start:07477db8
[0Ktravis_time:end:07477db8:start=1576499879960672200,finish=1576499879965844900,duration=5172700,event=rm_oraclejdk8_symlink
[0Ktravis_time:start:0e94aa8a
[0Ktravis_time:end:0e94aa8a:start=1576499879971359688,finish=1576499880132365843,duration=161006155,event=enable_i386
[0Ktravis_time:start:01f6f168
[0Ktravis_time:end:01f6f168:start=1576499880140034428,finish=1576499880155818437,duration=15784009,event=update_rubygems
[0Ktravis_time:start:3664728e
[0Ktravis_time:end:3664728e:start=1576499880163043945,finish=1576499881221754194,duration=1058710249,event=ensure_path_components
[0Ktravis_time:start:14b32ae0
[0Ktravis_time:end:14b32ae0:start=1576499881229283413,finish=1576499881233008452,duration=3725039,event=redefine_curl
[0Ktravis_time:start:272dcbdc
[0Ktravis_time:end:272dcbdc:start=1576499881240740537,finish=1576499881395529642,duration=154789105,event=nonblock_pipe
[0Ktravis_time:start:1e772998
[0Ktravis_time:end:1e772998:start=1576499881406805202,finish=1576499884490553334,duration=3083748132,event=apt_get_update
[0Ktravis_time:start:01b064d4
[0Ktravis_time:end:01b064d4:start=1576499884502098114,finish=1576499884507354086,duration=5255972,event=deprecate_xcode_64
[0Ktravis_time:start:090b0a27
[0Ktravis_time:end:090b0a27:start=1576499884512468833,finish=1576499887640385139,duration=3127916306,event=update_heroku
[0Ktravis_time:start:27b65140
[0Ktravis_time:end:27b65140:start=1576499887647927422,finish=1576499887653630140,duration=5702718,event=shell_session_update
[0Ktravis_time:start:025feabc
[0Ktravis_fold:start:docker_mtu
[0Ktravis_fold:end:docker_mtu
[0Ktravis_time:end:025feabc:start=1576499887661754215,finish=1576499890030024318,duration=2368270103,event=set_docker_mtu
[0Ktravis_time:start:0be02e22
[0Ktravis_fold:start:resolvconf
[0Ktravis_fold:end:resolvconf
[0Ktravis_time:end:0be02e22:start=1576499890037485135,finish=1576499890135197415,duration=97712280,event=resolvconf
[0Ktravis_time:start:0083a85b
[0Ktravis_time:end:0083a85b:start=1576499890149287355,finish=1576499890338718725,duration=189431370,event=maven_central_mirror
[0Ktravis_time:start:008842bc
[0Ktravis_time:end:008842bc:start=1576499890344596459,finish=1576499890348993950,duration=4397491,event=fix_ps4
[0KUpdating gimme

travis_time:start:0a446420
[0K

travis_fold:start:git.checkout
[0Ktravis_time:start:025d3ea4
[0K$ git clone --depth=50 --branch=master https://github.com/ethereum/go-ethereum.git ethereum/go-ethereum

Cloning into 'ethereum/go-ethereum'...

travis_time:end:025d3ea4:start=1576499896411873978,finish=1576499898589204938,duration=2177330960,event=checkout
[0K$ cd ethereum/go-ethereum

$ git checkout -qf 275cd4988dbef4b81e856a6c6ae8cb12242e3976

travis_fold:end:git.checkout
[0K

travis_time:end:025d3ea4:start=1576499896411873978,finish=1576499899219696057,duration=2807822079,event=checkout
[0K$ travis_export_go 1.13.x github.com/ethereum/go-ethereum

travis_time:start:04d08638
[0K

[33;1mSetting environment variables from repository settings[0m

$ export IOS_SIGNING_KEY=[secure]

$ export LINUX_SIGNING_KEY=[secure]

$ export OSX_SIGNING_KEY=[secure]

$ export ANDROID_SIGNING_KEY=[secure]

$ export AZURE_BLOBSTORE_TOKEN=[secure]

$ export ANDROID_SONATYPE_USERNAME=[secure]

$ export ANDROID_SONATYPE_PASSWORD=[secure]

$ export COCOAPODS_TRUNK_TOKEN=[secure]

$ export PPA_SIGNING_KEY=[secure]

$ export PPA_SSH_KEY=[secure]



travis_time:end:04d08638:start=1576499899229469032,finish=1576499899272296646,duration=42827614,event=env
[0Ktravis_time:start:1b603cd8
[0K$ travis_setup_go

go version go1.13.5 linux/amd64

$ export GOPATH="/home/travis/gopath"

$ export PATH="/home/travis/gopath/bin:/home/travis/.gimme/versions/go1.13.5.linux.amd64/bin:/home/travis/bin:/home/travis/bin:/home/travis/.local/bin:/usr/local/lib/jvm/openjdk11/bin:/opt/pyenv/shims:/home/travis/.phpenv/shims:/home/travis/perl5/perlbrew/bin:/home/travis/.nvm/versions/node/v8.12.0/bin:/home/travis/.rvm/gems/ruby-2.5.3/bin:/home/travis/.rvm/gems/ruby-2.5.3@global/bin:/home/travis/.rvm/rubies/ruby-2.5.3/bin:/home/travis/gopath/bin:/home/travis/.gimme/versions/go1.11.1.linux.amd64/bin:/usr/local/maven-3.6.0/bin:/usr/local/cmake-3.12.4/bin:/usr/local/clang-7.0.0/bin:/usr/local/sbin:/usr/local/bin:/usr/sbin:/usr/bin:/sbin:/bin:/snap/bin:/home/travis/.rvm/bin:/home/travis/.phpenv/bin:/opt/pyenv/bin:/home/travis/.yarn/bin"

$ export GO111MODULE="auto"

travis_time:end:1b603cd8:start=1576499899278288292,finish=1576499907874878702,duration=8596590410,event=
[0K$ gimme version

v1.5.3

$ go version

go version go1.13.5 linux/amd64

travis_fold:start:go.env
[0K$ go env

GO111MODULE="auto"

GOARCH="amd64"

GOBIN=""

GOCACHE="/home/travis/.cache/go-build"

GOENV="/home/travis/.config/go/env"

GOEXE=""

GOFLAGS=""

GOHOSTARCH="amd64"

GOHOSTOS="linux"

GONOPROXY=""

GONOSUMDB=""

GOOS="linux"

GOPATH="/home/travis/gopath"

GOPRIVATE=""

GOPROXY="https://proxy.golang.org,direct"

GOROOT="/home/travis/.gimme/versions/go1.13.5.linux.amd64"

GOSUMDB="sum.golang.org"

GOTMPDIR=""

GOTOOLDIR="/home/travis/.gimme/versions/go1.13.5.linux.amd64/pkg/tool/linux_amd64"

GCCGO="gccgo"

AR="ar"

CC="gcc"

CXX="g++"

CGO_ENABLED="1"

GOMOD="/home/travis/gopath/src/github.com/ethereum/go-ethereum/go.mod"

CGO_CFLAGS="-g -O2"

CGO_CPPFLAGS=""

CGO_CXXFLAGS="-g -O2"

CGO_FFLAGS="-g -O2"

CGO_LDFLAGS="-g -O2"

PKG_CONFIG="pkg-config"

GOGCCFLAGS="-fPIC -m64 -pthread -fmessage-length=0 -fdebug-prefix-map=/tmp/go-build782166972=/tmp/go-build -gno-record-gcc-switches"

travis_fold:end:go.env
[0Ktravis_fold:start:install
[0Ktravis_time:start:07e582a4
[0K$ travis_install_go_dependencies 1.13.x -v

Makefile detected

travis_time:end:07e582a4:start=1576499909762325933,finish=1576499909766638052,duration=4312119,event=install
[0Ktravis_fold:end:install
[0Ktravis_time:start:0a7277d8
[0K$ go run build/ci.go lint

go: downloading golang.org/x/crypto v0.0.0-20190308221718-c2843e01d9a2

go: downloading github.com/Azure/azure-storage-blob-go v0.7.0

go: downloading github.com/cespare/cp v0.1.0

go: extracting github.com/cespare/cp v0.1.0

go: extracting github.com/Azure/azure-storage-blob-go v0.7.0

go: downloading github.com/Azure/azure-pipeline-go v0.2.2

go: extracting github.com/Azure/azure-pipeline-go v0.2.2

go: downloading github.com/mattn/go-ieproxy v0.0.0-20190702010315-6dee0af9227d

go: extracting github.com/mattn/go-ieproxy v0.0.0-20190702010315-6dee0af9227d

go: extracting golang.org/x/crypto v0.0.0-20190308221718-c2843e01d9a2

go: finding github.com/cespare/cp v0.1.0

go: finding github.com/Azure/azure-storage-blob-go v0.7.0

go: finding github.com/Azure/azure-pipeline-go v0.2.2

go: finding github.com/mattn/go-ieproxy v0.0.0-20190702010315-6dee0af9227d

go: finding golang.org/x/crypto v0.0.0-20190308221718-c2843e01d9a2

build/cache/golangci-lint-1.21.0-linux-amd64.tar.gz is stale

downloading from https://github.com/golangci/golangci-lint/releases/download/v1.21.0/golangci-lint-1.21.0-linux-amd64.tar.gz

10%...20%...30%...40%...50%...60%...70%...80%...90%...100%

>>> build/cache/golangci-lint-1.21.0-linux-amd64/golangci-lint run --config .golangci.yml ./...

level=error msg="Timeout exceeded: try increase it by passing --timeout option"

util.go:45: exit status 4

exit status 1

travis_time:end:0a7277d8:start=1576499909772805843,finish=1576500067961510493,duration=158188704650,event=script
[0K[31;1mThe command "go run build/ci.go lint" exited with 1.[0m





Done. Your build exited with 1.

