travis_fold:start:worker_info
[0K[33;1mWorker information[0m
hostname: f99bec3f-8480-4e4e-a959-1f7fdbe91e8d@1.worker-org-6bc68c5dcd-6fz2z.macstadium-prod-2
version: v6.2.0 https://github.com/travis-ci/worker/tree/5e5476e01646095f48eec13196fdb3faf8f5cbf7
instance: 789733e3-7b00-4b43-a594-eda9801a03a7 travis-ci-macos10.14-xcode11.3-1576638729 (via amqp)
startup: 1m12.398806156s
travis_fold:end:worker_info
[0Ktravis_time:start:1c301080
[0Ktravis_time:end:1c301080:start=1578496904633682000,finish=1578496905329066000,duration=695384000,event=no_world_writable_dirs
[0Ktravis_time:start:08f8fe78
[0Ktravis_time:end:08f8fe78:start=1578496905338944000,finish=1578496905359912000,duration=20968000,event=setup_filter
[0Ktravis_time:start:172ee434
[0Ktravis_time:end:172ee434:start=1578496905372170000,finish=1578496905384705000,duration=12535000,event=check_unsupported
[0Ktravis_time:start:00738507
[0Ktravis_fold:start:system_info
[0K[33;1mBuild system information[0m


Build language: go


Build id: 634281120


Job id: 634281125


Runtime kernel version: 18.5.0


travis-build version: 1c634e1df


[34m[1mBuild image provisioning date and time[0m


Wed Dec 18 06:34:24 GMT 2019


[34m[1mOperating System Details[0m


ProductName:	Mac OS X


ProductVersion:	10.14.4


BuildVersion:	18E226


[34m[1mGit version[0m


git version 2.24.1


[34m[1mbash version[0m


GNU bash, version 3.2.57(1)-release (x86_64-apple-darwin18)


Copyright (C) 2007 Free Software Foundation, Inc.


[34m[1mGCC version[0m


Apple clang version 11.0.0 (clang-1100.0.33.16)


Target: x86_64-apple-darwin18.5.0


Thread model: posix


InstalledDir: /Applications/Xcode-11.3.app/Contents/Developer/Toolchains/XcodeDefault.xctoolchain/usr/bin


[34m[1mLLVM version[0m


Apple clang version 11.0.0 (clang-1100.0.33.16)


Target: x86_64-apple-darwin18.5.0


Thread model: posix


InstalledDir: /Applications/Xcode-11.3.app/Contents/Developer/Toolchains/XcodeDefault.xctoolchain/usr/bin


[34m[1mPre-installed Ruby versions[0m


ruby-2.6.4


[34m[1mPre-installed Node.js versions[0m


v10.17.0


v10.18.0


v12.13.0


v12.14.0


v13.0.1


v4.9.1


v6.17.1


v8.16.2


v8.17.0


[34m[1mmvn -version[0m


Apache Maven 3.6.3 (cecedd343002696d0abb50b32b541b8a6ba2883f)


Maven home: /usr/local/Cellar/maven/3.6.3/libexec


Java version: 13.0.1, vendor: Oracle Corporation, runtime: /Library/Java/JavaVirtualMachines/openjdk-13.0.1.jdk/Contents/Home


Default locale: en_US, platform encoding: UTF-8


OS name: "mac os x", version: "10.14.4", arch: "x86_64", family: "mac"


travis_fold:end:system_info
[0K


travis_time:end:00738507:start=1578496905403465000,finish=1578496905440303000,duration=36838000,event=show_system_info
[0Ktravis_time:start:0232e225
[0Ktravis_time:end:0232e225:start=1578496905449056000,finish=1578496905456821000,duration=7765000,event=rm_riak_source
[0Ktravis_time:start:07bce7fe
[0Ktravis_time:end:07bce7fe:start=1578496905465423000,finish=1578496905473178000,duration=7755000,event=fix_rwky_redis
[0Ktravis_time:start:0c9d2b14
[0Ktravis_time:end:0c9d2b14:start=1578496905486683000,finish=1578496905929020000,duration=442337000,event=wait_for_network
[0Ktravis_time:start:0a9b66a8
[0Ktravis_time:end:0a9b66a8:start=1578496905968264000,finish=1578496905987710000,duration=19446000,event=update_apt_keys
[0Ktravis_time:start:097f2ba9
[0Ktravis_time:end:097f2ba9:start=1578496906001408000,finish=1578496906010583000,duration=9175000,event=fix_hhvm_source
[0Ktravis_time:start:000c37df
[0Ktravis_time:end:000c37df:start=1578496906022004000,finish=1578496906031614000,duration=9610000,event=update_mongo_arch
[0Ktravis_time:start:1fd8a232
[0Ktravis_time:end:1fd8a232:start=1578496906042403000,finish=1578496906056401000,duration=13998000,event=fix_sudo_enabled_trusty
[0Ktravis_time:start:2a391356
[0Ktravis_time:end:2a391356:start=1578496906066521000,finish=1578496906074271000,duration=7750000,event=update_glibc
[0Ktravis_time:start:0a13d50c
[0Ktravis_time:end:0a13d50c:start=1578496906083955000,finish=1578496906167743000,duration=83788000,event=clean_up_path
[0Ktravis_time:start:0079ac26
[0Ktravis_time:end:0079ac26:start=1578496906178677000,finish=1578496906233754000,duration=55077000,event=fix_resolv_conf
[0Ktravis_time:start:03649010
[0Ktravis_time:end:03649010:start=1578496906244756000,finish=1578496906304943000,duration=60187000,event=fix_etc_hosts
[0Ktravis_time:start:08a5fc2e
[0Ktravis_time:end:08a5fc2e:start=1578496906314672000,finish=1578496906322552000,duration=7880000,event=fix_mvn_settings_xml
[0Ktravis_time:start:3a31f964
[0Ktravis_time:end:3a31f964:start=1578496906337112000,finish=1578496906396556000,duration=59444000,event=no_ipv6_localhost
[0Ktravis_time:start:1778fef3
[0Ktravis_time:end:1778fef3:start=1578496906408025000,finish=1578496906416227000,duration=8202000,event=fix_etc_mavenrc
[0Ktravis_time:start:01fe630c
[0Ktravis_time:end:01fe630c:start=1578496906427170000,finish=1578496906986803000,duration=559633000,event=fix_wwdr_certificate
[0Ktravis_time:start:0048f734
[0Ktravis_time:end:0048f734:start=1578496906998408000,finish=1578496907222008000,duration=223600000,event=put_localhost_first
[0Ktravis_time:start:21559b60
[0Ktravis_time:end:21559b60:start=1578496907231496000,finish=1578496907242444000,duration=10948000,event=home_paths
[0Ktravis_time:start:044fdbd0
[0Ktravis_time:end:044fdbd0:start=1578496907254143000,finish=1578496907275303000,duration=21160000,event=disable_initramfs
[0Ktravis_time:start:0aa24fb0
[0Ktravis_time:end:0aa24fb0:start=1578496907286784000,finish=1578496907318813000,duration=32029000,event=disable_ssh_roaming
[0Ktravis_time:start:134b8edc
[0Ktravis_time:end:134b8edc:start=1578496907330387000,finish=1578496907349139000,duration=18752000,event=debug_tools
[0Ktravis_time:start:1bbe3c14
[0K


travis_time:end:1bbe3c14:start=1578496907360144000,finish=1578496913634664000,duration=6274520000,event=uninstall_oclint
[0Ktravis_time:start:1a21fbb2
[0Ktravis_time:end:1a21fbb2:start=1578496913644018000,finish=1578496914796012000,duration=1151994000,event=rvm_use
[0Ktravis_time:start:0f274954
[0Ktravis_time:end:0f274954:start=1578496914807424000,finish=1578496914865462000,duration=58038000,event=rm_etc_boto_cfg
[0Ktravis_time:start:108f2406
[0Ktravis_time:end:108f2406:start=1578496914877343000,finish=1578496914886708000,duration=9365000,event=rm_oraclejdk8_symlink
[0Ktravis_time:start:1e6c2a78
[0Ktravis_time:end:1e6c2a78:start=1578496914900664000,finish=1578496914915481000,duration=14817000,event=enable_i386
[0Ktravis_time:start:04c02438
[0Ktravis_time:end:04c02438:start=1578496914928116000,finish=1578496914940201000,duration=12085000,event=update_rubygems
[0Ktravis_time:start:09473aa2
[0Ktravis_time:end:09473aa2:start=1578496914950381000,finish=1578496914966552000,duration=16171000,event=ensure_path_components
[0Ktravis_time:start:115cb252
[0Ktravis_time:end:115cb252:start=1578496914977633000,finish=1578496914986410000,duration=8777000,event=redefine_curl
[0Ktravis_time:start:17687814
[0Ktravis_time:end:17687814:start=1578496914996568000,finish=1578496915164260000,duration=167692000,event=nonblock_pipe
[0Ktravis_time:start:02ffc3fb
[0Ktravis_time:end:02ffc3fb:start=1578496915173797000,finish=1578496915182662000,duration=8865000,event=apt_get_update
[0Ktravis_time:start:048a439c
[0Ktravis_time:end:048a439c:start=1578496915193293000,finish=1578496915201334000,duration=8041000,event=deprecate_xcode_64
[0Ktravis_time:start:0ca1fc64
[0Ktravis_time:end:0ca1fc64:start=1578496915210683000,finish=1578496915223299000,duration=12616000,event=update_heroku
[0Ktravis_time:start:142a7710
[0Ktravis_time:end:142a7710:start=1578496915232988000,finish=1578496915240134000,duration=7146000,event=shell_session_update
[0Ktravis_time:start:006b3ebd
[0Ktravis_time:end:006b3ebd:start=1578496915249707000,finish=1578496915257373000,duration=7666000,event=maven_central_mirror
[0Ktravis_time:start:23a51a92
[0Ktravis_time:end:23a51a92:start=1578496915268751000,finish=1578496915276438000,duration=7687000,event=fix_ps4
[0KUpdating gimme


travis_time:start:1519296c
[0K


travis_fold:start:git.checkout
[0Ktravis_time:start:143ac108
[0K$ git clone --depth=50 --branch=master https://github.com/ethereum/go-ethereum.git ethereum/go-ethereum


Cloning into 'ethereum/go-ethereum'...


Updating files:  64% (782/1217)
Updating files:  65% (792/1217)
Updating files:  66% (804/1217)
Updating files:  67% (816/1217)
Updating files:  68% (828/1217)
Updating files:  69% (840/1217)
Updating files:  70% (852/1217)
Updating files:  71% (865/1217)
Updating files:  72% (877/1217)
Updating files:  73% (889/1217)
Updating files:  74% (901/1217)
Updating files:  75% (913/1217)
Updating files:  76% (925/1217)
Updating files:  77% (938/1217)
Updating files:  78% (950/1217)
Updating files:  79% (962/1217)
Updating files:  80% (974/1217)
Updating files:  81% (986/1217)
Updating files:  82% (998/1217)
Updating files:  83% (1011/1217)
Updating files:  84% (1023/1217)
Updating files:  85% (1035/1217)
Updating files:  86% (1047/1217)
Updating files:  87% (1059/1217)
Updating files:  88% (1071/1217)
Updating files:  89% (1084/1217)
Updating files:  90% (1096/1217)
Updating files:  91% (1108/1217)
Updating files:  92% (1120/1217)
Updating files:  93% (1132/1217)
Updating files:  94% (1144/1217)
Updating files:  95% (1157/1217)
Updating files:  96% (1169/1217)
Updating files:  97% (1181/1217)
Updating files:  98% (1193/1217)
Updating files:  99% (1205/1217)
Updating files: 100% (1217/1217)
Updating files: 100% (1217/1217), done.


travis_time:end:143ac108:start=1578496936403317000,finish=1578496939569081000,duration=3165764000,event=checkout
[0K$ cd ethereum/go-ethereum


$ git checkout -qf 0218d7001d2a566b35072ee21b9f84f6b2711bbe


travis_fold:end:git.checkout
[0K


travis_fold:start:git.submodule
[0Ktravis_time:start:118890a0
[0K$ git submodule update --init --recursive


Submodule 'tests' (https://github.com/ethereum/tests) registered for path 'tests/testdata'


Cloning into '/Users/travis/build/ethereum/go-ethereum/tests/testdata'...


Submodule path 'tests/testdata': checked out 'b5eb9900ee2147b40d3e681fe86efa4fd693959a'


travis_time:end:118890a0:start=1578496939977884000,finish=1578497034553344000,duration=94575460000,event=checkout
[0Ktravis_fold:end:git.submodule
[0Ktravis_time:end:118890a0:start=1578496939977884000,finish=1578497034562139000,duration=94584255000,event=checkout
[0K$ travis_export_go 1.13.x github.com/ethereum/go-ethereum


travis_time:start:2b17c723
[0K


[33;1mSetting environment variables from repository settings[0m


$ export IOS_SIGNING_KEY=[secure]


$ export LINUX_SIGNING_KEY=[secure]


$ export OSX_SIGNING_KEY=[secure]


$ export ANDROID_SIGNING_KEY=[secure]


$ export AZURE_BLOBSTORE_TOKEN=[secure]


$ export ANDROID_SONATYPE_USERNAME=[secure]


$ export ANDROID_SONATYPE_PASSWORD=[secure]


$ export COCOAPODS_TRUNK_TOKEN=[secure]


$ export PPA_SIGNING_KEY=[secure]


$ export PPA_SSH_KEY=[secure]





travis_time:end:2b17c723:start=1578497034588851000,finish=1578497034633889000,duration=45038000,event=env
[0Ktravis_time:start:01f474ad
[0K$ travis_setup_go


go version go1.13.5 darwin/amd64


$ export GOPATH="/Users/travis/gopath"


$ export PATH="/Users/travis/gopath/bin:/Users/travis/.gimme/versions/go1.13.5.darwin.amd64/bin:/Users/travis/bin:/Users/travis/.rvm/gems/ruby-2.6.4/bin:/Users/travis/.rvm/gems/ruby-2.6.4@global/bin:/Users/travis/.rvm/rubies/ruby-2.6.4/bin:/Users/travis/.rvm/bin:/Users/travis/bin:/Users/travis/.local/bin:/Users/travis/.nvm/versions/node/v13.0.1/bin:/usr/local/bin:/usr/bin:/bin:/usr/sbin:/sbin:/opt/X11/bin"


$ export GO111MODULE="auto"


travis_time:end:01f474ad:start=1578497034644968000,finish=1578497140141695000,duration=105496727000,event=
[0K$ gimme version


v1.5.3


$ go version


go version go1.13.5 darwin/amd64


travis_fold:start:go.env
[0K$ go env


GO111MODULE="auto"


GOARCH="amd64"


GOBIN=""


GOCACHE="/Users/travis/Library/Caches/go-build"


GOENV="/Users/travis/Library/Application Support/go/env"


GOEXE=""


GOFLAGS=""


GOHOSTARCH="amd64"


GOHOSTOS="darwin"


GONOPROXY=""


GONOSUMDB=""


GOOS="darwin"


GOPATH="/Users/travis/gopath"


GOPRIVATE=""


GOPROXY="https://proxy.golang.org,direct"


GOROOT="/Users/travis/.gimme/versions/go1.13.5.darwin.amd64"


GOSUMDB="sum.golang.org"


GOTMPDIR=""


GOTOOLDIR="/Users/travis/.gimme/versions/go1.13.5.darwin.amd64/pkg/tool/darwin_amd64"


GCCGO="gccgo"


AR="ar"


CC="clang"


CXX="clang++"


CGO_ENABLED="1"


GOMOD="/Users/travis/gopath/src/github.com/ethereum/go-ethereum/go.mod"


CGO_CFLAGS="-g -O2"


CGO_CPPFLAGS=""


CGO_CXXFLAGS="-g -O2"


CGO_FFLAGS="-g -O2"


CGO_LDFLAGS="-g -O2"


PKG_CONFIG="pkg-config"


GOGCCFLAGS="-fPIC -m64 -pthread -fno-caret-diagnostics -Qunused-arguments -fmessage-length=0 -fdebug-prefix-map=/var/folders/17/5mc7816d3mndxjqgplq6057w0000gn/T/go-build048475909=/tmp/go-build -gno-record-gcc-switches -fno-common"


travis_fold:end:go.env
[0Ktravis_fold:start:install
[0Ktravis_time:start:14564604
[0K$ travis_install_go_dependencies 1.13.x -v


Makefile detected


travis_time:end:14564604:start=1578497140675679000,finish=1578497140695137000,duration=19458000,event=install
[0Ktravis_fold:end:install
[0Ktravis_time:start:2474a912
[0K$ echo "Increase the maximum number of open file descriptors on macOS"


Increase the maximum number of open file descriptors on macOS


travis_time:end:2474a912:start=1578497140705649000,finish=1578497140716310000,duration=10661000,event=script
[0K[32;1mThe command "echo "Increase the maximum number of open file descriptors on macOS"" exited with 0.[0m


travis_time:start:06ff4f50
[0K$ NOFILE=20480


travis_time:end:06ff4f50:start=1578497140730745000,finish=1578497140738699000,duration=7954000,event=script
[0K[32;1mThe command "NOFILE=20480" exited with 0.[0m


travis_time:start:02c7ea29
[0K$ sudo sysctl -w kern.maxfiles=$NOFILE


kern.maxfiles: 12288 -> 20480


travis_time:end:02c7ea29:start=1578497140749204000,finish=1578497140826966000,duration=77762000,event=script
[0K[32;1mThe command "sudo sysctl -w kern.maxfiles=$NOFILE" exited with 0.[0m


travis_time:start:13acc477
[0K$ sudo sysctl -w kern.maxfilesperproc=$NOFILE


kern.maxfilesperproc: 10240 -> 20480


travis_time:end:13acc477:start=1578497140850457000,finish=1578497140910429000,duration=59972000,event=script
[0K[32;1mThe command "sudo sysctl -w kern.maxfilesperproc=$NOFILE" exited with 0.[0m


travis_time:start:01da5ef5
[0K$ sudo launchctl limit maxfiles $NOFILE $NOFILE


travis_time:end:01da5ef5:start=1578497140928062000,finish=1578497140986348000,duration=58286000,event=script
[0K[32;1mThe command "sudo launchctl limit maxfiles $NOFILE $NOFILE" exited with 0.[0m


travis_time:start:291e0718
[0K$ sudo launchctl limit maxfiles


	maxfiles    20480          20480          


travis_time:end:291e0718:start=1578497140997798000,finish=1578497141054072000,duration=56274000,event=script
[0K[32;1mThe command "sudo launchctl limit maxfiles" exited with 0.[0m


travis_time:start:38957aec
[0K$ ulimit -S -n $NOFILE


travis_time:end:38957aec:start=1578497141064820000,finish=1578497141074353000,duration=9533000,event=script
[0K[32;1mThe command "ulimit -S -n $NOFILE" exited with 0.[0m


travis_time:start:11bde6e8
[0K$ ulimit -n


20480


travis_time:end:11bde6e8:start=1578497141095178000,finish=1578497141107566000,duration=12388000,event=script
[0K[32;1mThe command "ulimit -n" exited with 0.[0m


travis_time:start:00c9a0b9
[0K$ unset -f cd


travis_time:end:00c9a0b9:start=1578497141130296000,finish=1578497141145350000,duration=15054000,event=script
[0K[32;1mThe command "unset -f cd" exited with 0.[0m


travis_time:start:1f2a7d08
[0K$ go run build/ci.go install


go: downloading golang.org/x/crypto v0.0.0-20190308221718-c2843e01d9a2


go: downloading github.com/Azure/azure-storage-blob-go v0.7.0


go: downloading github.com/cespare/cp v0.1.0


go: extracting github.com/cespare/cp v0.1.0


go: extracting github.com/Azure/azure-storage-blob-go v0.7.0


go: extracting golang.org/x/crypto v0.0.0-20190308221718-c2843e01d9a2


go: downloading github.com/Azure/azure-pipeline-go v0.2.2


go: extracting github.com/Azure/azure-pipeline-go v0.2.2


go: downloading github.com/mattn/go-ieproxy v0.0.0-20190702010315-6dee0af9227d


go: extracting github.com/mattn/go-ieproxy v0.0.0-20190702010315-6dee0af9227d


go: finding github.com/cespare/cp v0.1.0


go: finding github.com/Azure/azure-storage-blob-go v0.7.0


go: finding github.com/Azure/azure-pipeline-go v0.2.2


go: finding github.com/mattn/go-ieproxy v0.0.0-20190702010315-6dee0af9227d


go: finding golang.org/x/crypto v0.0.0-20190308221718-c2843e01d9a2


>>> /Users/travis/.gimme/versions/go1.13.5.darwin.amd64/bin/go install -ldflags -X main.gitCommit=0218d7001d2a566b35072ee21b9f84f6b2711bbe -X main.gitDate=20200108 -s -v ./...


go: downloading github.com/pborman/uuid v0.0.0-20170112150404-1b00554d8222


go: downloading github.com/edsrzf/mmap-go v0.0.0-20160512033002-935e0e8a636c


go: downloading github.com/syndtr/goleveldb v1.0.1-0.20190923125748-758128399b1d


go: downloading github.com/huin/goupnp v0.0.0-20161224104101-679507af18f3


go: downloading github.com/graph-gophers/graphql-go v0.0.0-20191115155744-f33e81362277


go: downloading github.com/aws/aws-sdk-go v1.25.48


go: downloading github.com/aristanetworks/goarista v0.0.0-20170210015632-ea17b1a17847


go: downloading github.com/gballet/go-libpcsclite v0.0.0-20190607065134-2772fd86a8ff


go: downloading github.com/hashicorp/golang-lru v0.0.0-20160813221303-0a025b7e63ad


go: extracting github.com/gballet/go-libpcsclite v0.0.0-20190607065134-2772fd86a8ff


go: downloading github.com/jackpal/go-nat-pmp v1.0.2-0.20160603034137-1fa385a6f458


go: extracting github.com/aristanetworks/goarista v0.0.0-20170210015632-ea17b1a17847


go: extracting github.com/hashicorp/golang-lru v0.0.0-20160813221303-0a025b7e63ad


go: extracting github.com/pborman/uuid v0.0.0-20170112150404-1b00554d8222


go: extracting github.com/graph-gophers/graphql-go v0.0.0-20191115155744-f33e81362277


go: extracting github.com/syndtr/goleveldb v1.0.1-0.20190923125748-758128399b1d


go: extracting github.com/edsrzf/mmap-go v0.0.0-20160512033002-935e0e8a636c


go: extracting github.com/huin/goupnp v0.0.0-20161224104101-679507af18f3


go: extracting github.com/jackpal/go-nat-pmp v1.0.2-0.20160603034137-1fa385a6f458


go: downloading github.com/go-stack/stack v1.8.0


go: downloading golang.org/x/sys v0.0.0-20190712062909-fae7ac547cb7


go: downloading github.com/cloudflare/cloudflare-go v0.10.2-0.20190916151808-a80f83b9add9


go: extracting github.com/go-stack/stack v1.8.0


go: extracting github.com/cloudflare/cloudflare-go v0.10.2-0.20190916151808-a80f83b9add9


go: downloading github.com/julienschmidt/httprouter v1.1.1-0.20170430222011-975b5c4c7c21


go: downloading github.com/mattn/go-colorable v0.1.0


go: extracting golang.org/x/sys v0.0.0-20190712062909-fae7ac547cb7


go: extracting github.com/mattn/go-colorable v0.1.0


go: extracting github.com/julienschmidt/httprouter v1.1.1-0.20170430222011-975b5c4c7c21


go: downloading github.com/rs/cors v0.0.0-20160617231935-a62a804a8a00


go: downloading github.com/deckarep/golang-set v0.0.0-20180603214616-504e848d77ea


go: extracting github.com/deckarep/golang-set v0.0.0-20180603214616-504e848d77ea


go: downloading golang.org/x/text v0.3.2


go: extracting github.com/rs/cors v0.0.0-20160617231935-a62a804a8a00


go: downloading github.com/rjeczalik/notify v0.9.1


go: downloading golang.org/x/net v0.0.0-20190628185345-da137c7871d7


go: downloading github.com/golang/snappy v0.0.1


go: downloading gopkg.in/urfave/cli.v1 v1.20.0


go: downloading github.com/fjl/memsize v0.0.0-20180418122429-ca190fb6ffbc


go: extracting gopkg.in/urfave/cli.v1 v1.20.0


go: extracting github.com/rjeczalik/notify v0.9.1


go: extracting github.com/golang/snappy v0.0.1


go: extracting github.com/fjl/memsize v0.0.0-20180418122429-ca190fb6ffbc


go: extracting golang.org/x/net v0.0.0-20190628185345-da137c7871d7


go: downloading github.com/wsddn/go-ecdh v0.0.0-20161211032359-48726bab9208


go: downloading golang.org/x/sync v0.0.0-20181108010431-42b317875d0f


go: downloading github.com/golang/protobuf v1.3.2-0.20190517061210-b285ee9cfc6c


go: extracting github.com/wsddn/go-ecdh v0.0.0-20161211032359-48726bab9208


go: downloading github.com/fatih/color v1.3.0


go: extracting golang.org/x/sync v0.0.0-20181108010431-42b317875d0f


go: downloading github.com/peterh/liner v1.1.1-0.20190123174540-a2c9a5303de7


go: downloading github.com/opentracing/opentracing-go v1.1.0


go: extracting github.com/golang/protobuf v1.3.2-0.20190517061210-b285ee9cfc6c


go: extracting github.com/opentracing/opentracing-go v1.1.0


go: extracting github.com/fatih/color v1.3.0


go: extracting github.com/peterh/liner v1.1.1-0.20190123174540-a2c9a5303de7


go: downloading github.com/gorilla/websocket v1.4.1-0.20190629185528-ae1634f6a989


go: downloading github.com/tyler-smith/go-bip39 v1.0.1-0.20181017060643-dbb3b84ba2ef


go: extracting github.com/gorilla/websocket v1.4.1-0.20190629185528-ae1634f6a989


go: downloading github.com/steakknife/bloomfilter v0.0.0-20180922174646-6819c0d2a570


go: downloading github.com/VictoriaMetrics/fastcache v1.5.3


go: extracting github.com/tyler-smith/go-bip39 v1.0.1-0.20181017060643-dbb3b84ba2ef


go: extracting golang.org/x/text v0.3.2


go: extracting github.com/VictoriaMetrics/fastcache v1.5.3


go: extracting github.com/steakknife/bloomfilter v0.0.0-20180922174646-6819c0d2a570


go: downloading github.com/prometheus/tsdb v0.6.2-0.20190402121629-4f204dcbc150


go: extracting github.com/aws/aws-sdk-go v1.25.48


go: downloading github.com/status-im/keycard-go v0.0.0-20190316090335-8537d3370df4


go: downloading github.com/docker/docker v1.4.2-0.20180625184442-8e610b2b55bf


go: extracting github.com/status-im/keycard-go v0.0.0-20190316090335-8537d3370df4


go: extracting github.com/prometheus/tsdb v0.6.2-0.20190402121629-4f204dcbc150


go: extracting github.com/docker/docker v1.4.2-0.20180625184442-8e610b2b55bf


go: downloading github.com/robertkrimen/otto v0.0.0-20170205013659-6a77b7cbc37d


go: downloading github.com/steakknife/hamming v0.0.0-20180906055917-c99c65617cd3


go: extracting github.com/steakknife/hamming v0.0.0-20180906055917-c99c65617cd3


go: extracting github.com/robertkrimen/otto v0.0.0-20170205013659-6a77b7cbc37d


go: downloading github.com/influxdata/influxdb v1.2.3-0.20180221223340-01288bdb0883


go: extracting github.com/influxdata/influxdb v1.2.3-0.20180221223340-01288bdb0883


go: downloading gopkg.in/olebedev/go-duktape.v3 v3.0.0-20190213234257-ec84240a7772


go: downloading github.com/cespare/xxhash v1.1.0


go: extracting gopkg.in/olebedev/go-duktape.v3 v3.0.0-20190213234257-ec84240a7772


go: extracting github.com/cespare/xxhash v1.1.0


go: downloading github.com/cespare/xxhash/v2 v2.1.1


go: extracting github.com/cespare/xxhash/v2 v2.1.1


go: downloading golang.org/x/time v0.0.0-20190308202827-9d24e82272b4


go: downloading github.com/mattn/go-isatty v0.0.5-0.20180830101745-3fb116b82035


go: extracting golang.org/x/time v0.0.0-20190308202827-9d24e82272b4


go: extracting github.com/mattn/go-isatty v0.0.5-0.20180830101745-3fb116b82035


go: downloading github.com/[secure]/usb v0.0.0-20190919080040-51dc0efba356


go: extracting github.com/[secure]/usb v0.0.0-20190919080040-51dc0efba356


go: downloading github.com/olekukonko/tablewriter v0.0.2-0.20190409134802-7e037d187b0c


go: extracting github.com/olekukonko/tablewriter v0.0.2-0.20190409134802-7e037d187b0c


go: downloading github.com/rs/xhandler v0.0.0-20160618193221-ed27b6fd6521


go: extracting github.com/rs/xhandler v0.0.0-20160618193221-ed27b6fd6521


go: downloading github.com/pkg/errors v0.8.1


go: extracting github.com/pkg/errors v0.8.1


go: downloading github.com/naoina/toml v0.1.2-0.20170918210437-9fafd6967416


go: extracting github.com/naoina/toml v0.1.2-0.20170918210437-9fafd6967416


go: downloading github.com/naoina/go-stringutil v0.1.0


go: extracting github.com/naoina/go-stringutil v0.1.0


go: downloading github.com/davecgh/go-spew v1.1.1


go: extracting github.com/davecgh/go-spew v1.1.1


go: downloading github.com/mattn/go-runewidth v0.0.4


go: downloading gopkg.in/sourcemap.v1 v1.0.5


go: downloading github.com/elastic/gosigar v0.8.1-0.20180330100440-37f05ff46ffa


go: extracting github.com/mattn/go-runewidth v0.0.4


go: extracting gopkg.in/sourcemap.v1 v1.0.5


go: extracting github.com/elastic/gosigar v0.8.1-0.20180330100440-37f05ff46ffa


go: downloading github.com/jmespath/go-jmespath v0.0.0-20180206201540-c2b33e8439af


go: extracting github.com/jmespath/go-jmespath v0.0.0-20180206201540-c2b33e8439af


go: finding github.com/golang/protobuf v1.3.2-0.20190517061210-b285ee9cfc6c


go: finding github.com/aristanetworks/goarista v0.0.0-20170210015632-ea17b1a17847


go: finding github.com/deckarep/golang-set v0.0.0-20180603214616-504e848d77ea


go: finding github.com/davecgh/go-spew v1.1.1


go: finding gopkg.in/urfave/cli.v1 v1.20.0


go: finding github.com/go-stack/stack v1.8.0


go: finding github.com/edsrzf/mmap-go v0.0.0-20160512033002-935e0e8a636c


go: finding github.com/aws/aws-sdk-go v1.25.48


go: finding github.com/VictoriaMetrics/fastcache v1.5.3


go: finding github.com/pborman/uuid v0.0.0-20170112150404-1b00554d8222


go: finding github.com/huin/goupnp v0.0.0-20161224104101-679507af18f3


go: finding github.com/[secure]/usb v0.0.0-20190919080040-51dc0efba356


go: finding github.com/cloudflare/cloudflare-go v0.10.2-0.20190916151808-a80f83b9add9


go: finding github.com/elastic/gosigar v0.8.1-0.20180330100440-37f05ff46ffa


go: finding github.com/cespare/xxhash/v2 v2.1.1


go: finding github.com/gballet/go-libpcsclite v0.0.0-20190607065134-2772fd86a8ff


go: finding github.com/rjeczalik/notify v0.9.1


go: finding github.com/jackpal/go-nat-pmp v1.0.2-0.20160603034137-1fa385a6f458


go: finding github.com/golang/snappy v0.0.1


go: finding github.com/status-im/keycard-go v0.0.0-20190316090335-8537d3370df4


go: finding github.com/wsddn/go-ecdh v0.0.0-20161211032359-48726bab9208


go: finding github.com/hashicorp/golang-lru v0.0.0-20160813221303-0a025b7e63ad


go: finding github.com/mattn/go-colorable v0.1.0


go: finding golang.org/x/text v0.3.2


go: finding github.com/pkg/errors v0.8.1


go: finding golang.org/x/sys v0.0.0-20190712062909-fae7ac547cb7


go: finding github.com/syndtr/goleveldb v1.0.1-0.20190923125748-758128399b1d


go: finding github.com/steakknife/bloomfilter v0.0.0-20180922174646-6819c0d2a570


go: finding github.com/peterh/liner v1.1.1-0.20190123174540-a2c9a5303de7


go: finding github.com/jmespath/go-jmespath v0.0.0-20180206201540-c2b33e8439af


go: finding golang.org/x/time v0.0.0-20190308202827-9d24e82272b4


go: finding github.com/gorilla/websocket v1.4.1-0.20190629185528-ae1634f6a989


go: finding github.com/olekukonko/tablewriter v0.0.2-0.20190409134802-7e037d187b0c


go: finding golang.org/x/net v0.0.0-20190628185345-da137c7871d7


go: finding github.com/fatih/color v1.3.0


go: finding github.com/robertkrimen/otto v0.0.0-20170205013659-6a77b7cbc37d


go: finding github.com/mattn/go-isatty v0.0.5-0.20180830101745-3fb116b82035


go: finding github.com/rs/cors v0.0.0-20160617231935-a62a804a8a00


go: finding github.com/prometheus/tsdb v0.6.2-0.20190402121629-4f204dcbc150


go: finding github.com/rs/xhandler v0.0.0-20160618193221-ed27b6fd6521


go: finding github.com/docker/docker v1.4.2-0.20180625184442-8e610b2b55bf


go: finding github.com/mattn/go-runewidth v0.0.4


go: finding github.com/fjl/memsize v0.0.0-20180418122429-ca190fb6ffbc


go: finding github.com/julienschmidt/httprouter v1.1.1-0.20170430222011-975b5c4c7c21


go: finding github.com/tyler-smith/go-bip39 v1.0.1-0.20181017060643-dbb3b84ba2ef


go: finding github.com/steakknife/hamming v0.0.0-20180906055917-c99c65617cd3


go: finding gopkg.in/sourcemap.v1 v1.0.5


go: finding github.com/influxdata/influxdb v1.2.3-0.20180221223340-01288bdb0883


go: finding github.com/graph-gophers/graphql-go v0.0.0-20191115155744-f33e81362277


go: finding github.com/naoina/toml v0.1.2-0.20170918210437-9fafd6967416


go: finding github.com/naoina/go-stringutil v0.1.0


go: finding golang.org/x/sync v0.0.0-20181108010431-42b317875d0f


go: finding gopkg.in/olebedev/go-duktape.v3 v3.0.0-20190213234257-ec84240a7772


go: finding github.com/opentracing/opentracing-go v1.1.0


golang.org/x/crypto/curve25519


github.com/cespare/xxhash/v2


github.com/golang/snappy


github.com/aristanetworks/goarista/monotime


github.com/VictoriaMetrics/fastcache


github.com/ethereum/go-ethereum/common/mclock


github.com/ethereum/go-ethereum/common/prque


github.com/ethereum/go-ethereum/ethdb


github.com/go-stack/stack


golang.org/x/sys/unix


github.com/ethereum/go-ethereum/log


github.com/steakknife/hamming


github.com/steakknife/bloomfilter


github.com/ethereum/go-ethereum/event


github.com/elastic/gosigar


github.com/ethereum/go-ethereum/accounts/abi


github.com/davecgh/go-spew/spew


github.com/deckarep/golang-set


github.com/pborman/uuid


github.com/rjeczalik/notify


github.com/ethereum/go-ethereum/metrics


github.com/ethereum/go-ethereum/trie


github.com/ethereum/go-ethereum/core/types


github.com/ethereum/go-ethereum


github.com/ethereum/go-ethereum/accounts


golang.org/x/crypto/pbkdf2


golang.org/x/crypto/scrypt


github.com/gballet/go-libpcsclite


github.com/status-im/keycard-go/derivationpath


github.com/wsddn/go-ecdh


golang.org/x/text/transform


golang.org/x/text/unicode/norm


github.com/ethereum/go-ethereum/accounts/scwallet


github.com/hashicorp/golang-lru/simplelru


github.com/hashicorp/golang-lru


github.com/ethereum/go-ethereum/core/state


github.com/ethereum/go-ethereum/p2p/netutil


github.com/gorilla/websocket


golang.org/x/net/context


github.com/rs/xhandler


github.com/rs/cors


github.com/ethereum/go-ethereum/rpc


github.com/ethereum/go-ethereum/consensus


github.com/ethereum/go-ethereum/consensus/misc


github.com/ethereum/go-ethereum/consensus/clique


github.com/edsrzf/mmap-go


github.com/ethereum/go-ethereum/common/bitutil


github.com/ethereum/go-ethereum/consensus/ethash


github.com/ethereum/go-ethereum/accounts/keystore


github.com/syndtr/goleveldb/leveldb/util


github.com/syndtr/goleveldb/leveldb/comparer


github.com/syndtr/goleveldb/leveldb/storage


github.com/syndtr/goleveldb/leveldb/cache


github.com/syndtr/goleveldb/leveldb/filter


github.com/syndtr/goleveldb/leveldb/opt


github.com/syndtr/goleveldb/leveldb/errors


github.com/ethereum/go-ethereum/ethdb/memorydb


github.com/syndtr/goleveldb/leveldb/iterator


github.com/syndtr/goleveldb/leveldb/journal


github.com/syndtr/goleveldb/leveldb/memdb


github.com/syndtr/goleveldb/leveldb/table


github.com/mattn/go-runewidth


github.com/olekukonko/tablewriter


github.com/pkg/errors


github.com/syndtr/goleveldb/leveldb


github.com/prometheus/tsdb/fileutil


golang.org/x/sys/cpu


github.com/ethereum/go-ethereum/crypto/blake2b


github.com/ethereum/go-ethereum/crypto/bn256/cloudflare


github.com/ethereum/go-ethereum/crypto/bn256


golang.org/x/crypto/ripemd160


github.com/ethereum/go-ethereum/core/vm


github.com/ethereum/go-ethereum/ethdb/leveldb


github.com/ethereum/go-ethereum/core/rawdb


github.com/ethereum/go-ethereum/core/bloombits


github.com/ethereum/go-ethereum/crypto/ecies


github.com/ethereum/go-ethereum/p2p/enr


github.com/ethereum/go-ethereum/p2p/enode


github.com/ethereum/go-ethereum/core


github.com/ethereum/go-ethereum/p2p/discover


github.com/ethereum/go-ethereum/p2p/discv5


github.com/huin/goupnp/httpu


github.com/huin/goupnp/scpd


github.com/ethereum/go-ethereum/eth/downloader


github.com/huin/goupnp/soap


github.com/huin/goupnp/ssdp


golang.org/x/net/html/atom


golang.org/x/net/html


golang.org/x/text/encoding/internal/identifier


golang.org/x/text/encoding


golang.org/x/text/encoding/internal


golang.org/x/text/encoding/charmap


golang.org/x/text/encoding/japanese


golang.org/x/text/encoding/korean


golang.org/x/text/encoding/simplifiedchinese


golang.org/x/text/encoding/traditionalchinese


golang.org/x/text/internal/utf8internal


golang.org/x/text/runes


golang.org/x/text/encoding/unicode


golang.org/x/text/internal/tag


golang.org/x/text/internal/language


github.com/jackpal/go-nat-pmp


github.com/tyler-smith/go-bip39/wordlists


github.com/tyler-smith/go-bip39


github.com/golang/protobuf/proto


golang.org/x/text/internal/language/compact


golang.org/x/text/language


golang.org/x/text/encoding/htmlindex


golang.org/x/net/html/charset


github.com/huin/goupnp


github.com/huin/goupnp/dcps/internetgateway1


github.com/huin/goupnp/dcps/internetgateway2


github.com/ethereum/go-ethereum/p2p/nat


github.com/ethereum/go-ethereum/p2p


github.com/golang/protobuf/protoc-gen-go/descriptor


github.com/ethereum/go-ethereum/internal/ethapi


github.com/ethereum/go-ethereum/accounts/usbwallet/trezor


github.com/[secure]/usb


github.com/ethereum/go-ethereum/signer/storage


golang.org/x/crypto/ssh/terminal


github.com/ethereum/go-ethereum/eth/filters


github.com/ethereum/go-ethereum/common/fdlimit


github.com/ethereum/go-ethereum/core/forkid


github.com/ethereum/go-ethereum/eth/fetcher


github.com/ethereum/go-ethereum/eth/gasprice


github.com/ethereum/go-ethereum/eth/tracers/internal/tracers


gopkg.in/olebedev/go-duktape.v3


github.com/ethereum/go-ethereum/accounts/usbwallet


github.com/ethereum/go-ethereum/signer/core


github.com/ethereum/go-ethereum/accounts/external


github.com/ethereum/go-ethereum/accounts/abi/bind


github.com/ethereum/go-ethereum/accounts/abi/bind/backends


github.com/ethereum/go-ethereum/miner


github.com/ethereum/go-ethereum/metrics/prometheus


github.com/ethereum/go-ethereum/metrics/exp


github.com/fjl/memsize


github.com/fjl/memsize/memsizeui


github.com/mattn/go-isatty


github.com/mattn/go-colorable


gopkg.in/urfave/cli.v1


github.com/ethereum/go-ethereum/internal/debug


github.com/ethereum/go-ethereum/node


github.com/ethereum/go-ethereum/contracts/checkpointoracle/contract


github.com/ethereum/go-ethereum/contracts/checkpointoracle


github.com/ethereum/go-ethereum/les/checkpointoracle


github.com/ethereum/go-ethereum/les/flowcontrol


github.com/ethereum/go-ethereum/light


github.com/graph-gophers/graphql-go/errors


github.com/graph-gophers/graphql-go/internal/common


github.com/graph-gophers/graphql-go/internal/schema


github.com/graph-gophers/graphql-go/internal/exec/packer


github.com/graph-gophers/graphql-go/introspection


github.com/graph-gophers/graphql-go/internal/exec/resolvable


github.com/graph-gophers/graphql-go/internal/query


github.com/graph-gophers/graphql-go/internal/exec/selected


github.com/graph-gophers/graphql-go/log


github.com/opentracing/opentracing-go/log


github.com/opentracing/opentracing-go


github.com/opentracing/opentracing-go/ext


github.com/graph-gophers/graphql-go/trace


github.com/graph-gophers/graphql-go/internal/exec


github.com/graph-gophers/graphql-go/internal/validation


github.com/graph-gophers/graphql-go


github.com/graph-gophers/graphql-go/relay


github.com/ethereum/go-ethereum/graphql


github.com/influxdata/influxdb/pkg/escape


github.com/influxdata/influxdb/models


github.com/influxdata/influxdb/client


github.com/ethereum/go-ethereum/metrics/influxdb


golang.org/x/sync/syncmap


github.com/ethereum/go-ethereum/whisper/whisperv6


github.com/ethereum/go-ethereum/common/compiler


github.com/ethereum/go-ethereum/ethclient


github.com/ethereum/go-ethereum/internal/jsre/deps


github.com/fatih/color


gopkg.in/sourcemap.v1/base64vlq


gopkg.in/sourcemap.v1


github.com/robertkrimen/otto/file


github.com/robertkrimen/otto/token


github.com/robertkrimen/otto/ast


github.com/robertkrimen/otto/dbg


github.com/robertkrimen/otto/parser


github.com/robertkrimen/otto/registry


github.com/robertkrimen/otto


github.com/ethereum/go-ethereum/internal/jsre


github.com/ethereum/go-ethereum/internal/web3ext


github.com/peterh/liner


github.com/ethereum/go-ethereum/console


github.com/ethereum/go-ethereum/signer/fourbyte


github.com/ethereum/go-ethereum/signer/rules/deps


github.com/ethereum/go-ethereum/signer/rules


github.com/aws/aws-sdk-go/aws/awserr


github.com/aws/aws-sdk-go/internal/ini


github.com/aws/aws-sdk-go/internal/shareddefaults


github.com/aws/aws-sdk-go/aws/credentials


github.com/aws/aws-sdk-go/aws/endpoints


github.com/aws/aws-sdk-go/internal/sdkio


github.com/aws/aws-sdk-go/aws


github.com/aws/aws-sdk-go/aws/client/metadata


github.com/jmespath/go-jmespath


github.com/aws/aws-sdk-go/aws/awsutil


github.com/aws/aws-sdk-go/aws/request


github.com/aws/aws-sdk-go/internal/sdkrand


github.com/aws/aws-sdk-go/aws/client


github.com/aws/aws-sdk-go/aws/corehandlers


github.com/aws/aws-sdk-go/aws/credentials/processcreds


github.com/aws/aws-sdk-go/internal/sdkmath


github.com/aws/aws-sdk-go/private/protocol


github.com/aws/aws-sdk-go/private/protocol/rest


github.com/aws/aws-sdk-go/aws/signer/v4


github.com/aws/aws-sdk-go/private/protocol/query/queryutil


github.com/aws/aws-sdk-go/private/protocol/xml/xmlutil


github.com/aws/aws-sdk-go/private/protocol/query


github.com/aws/aws-sdk-go/service/sts


github.com/aws/aws-sdk-go/service/sts/stsiface


github.com/aws/aws-sdk-go/aws/credentials/stscreds


github.com/aws/aws-sdk-go/aws/csm


github.com/aws/aws-sdk-go/internal/sdkuri


github.com/aws/aws-sdk-go/aws/ec2metadata


github.com/aws/aws-sdk-go/aws/credentials/ec2rolecreds


github.com/aws/aws-sdk-go/private/protocol/json/jsonutil


github.com/aws/aws-sdk-go/aws/credentials/endpointcreds


github.com/aws/aws-sdk-go/aws/defaults


github.com/aws/aws-sdk-go/aws/session


github.com/aws/aws-sdk-go/private/protocol/restxml


github.com/aws/aws-sdk-go/service/route53


golang.org/x/time/rate


github.com/cloudflare/cloudflare-go


github.com/ethereum/go-ethereum/p2p/dnsdisc


github.com/ethereum/go-ethereum/cmd/devp2p


github.com/ethereum/go-ethereum/core/asm


github.com/ethereum/go-ethereum/cmd/evm/internal/compiler


github.com/ethereum/go-ethereum/core/vm/runtime


github.com/ethereum/go-ethereum/tests


github.com/naoina/go-stringutil


github.com/naoina/toml/ast


github.com/naoina/toml


github.com/docker/docker/pkg/reexec


github.com/ethereum/go-ethereum/p2p/simulations/pipes


github.com/ethereum/go-ethereum/p2p/simulations/adapters


github.com/julienschmidt/httprouter


github.com/ethereum/go-ethereum/p2p/simulations


github.com/ethereum/go-ethereum/cmd/p2psim


golang.org/x/crypto/ed25519/internal/edwards25519


golang.org/x/crypto/ed25519


github.com/ethereum/go-ethereum/eth/tracers


golang.org/x/crypto/internal/subtle


golang.org/x/crypto/internal/chacha20


golang.org/x/crypto/poly1305


github.com/ethereum/go-ethereum/eth


golang.org/x/crypto/ssh


github.com/ethereum/go-ethereum/les


github.com/ethereum/go-ethereum/cmd/puppeth


github.com/ethereum/go-ethereum/ethstats


github.com/ethereum/go-ethereum/cmd/utils


github.com/ethereum/go-ethereum/cmd/abigen


github.com/ethereum/go-ethereum/cmd/bootnode


github.com/ethereum/go-ethereum/cmd/checkpoint-admin


github.com/ethereum/go-ethereum/cmd/clef


github.com/ethereum/go-ethereum/cmd/ethkey


github.com/ethereum/go-ethereum/cmd/evm


github.com/ethereum/go-ethereum/cmd/faucet


github.com/ethereum/go-ethereum/cmd/geth


github.com/ethereum/go-ethereum/cmd/rlpdump


github.com/ethereum/go-ethereum/whisper/mailserver


github.com/ethereum/go-ethereum/cmd/wnode


github.com/ethereum/go-ethereum/crypto/bn256/google


github.com/ethereum/go-ethereum/ethdb/dbtest


github.com/ethereum/go-ethereum/internal/cmdtest


github.com/ethereum/go-ethereum/internal/guide


github.com/ethereum/go-ethereum/internal/testlog


github.com/ethereum/go-ethereum/metrics/librato


github.com/ethereum/go-ethereum/whisper/shhclient


github.com/ethereum/go-ethereum/mobile


github.com/ethereum/go-ethereum/p2p/simulations/examples


github.com/ethereum/go-ethereum/p2p/testing


github.com/ethereum/go-ethereum/tests/fuzzers/keystore


github.com/ethereum/go-ethereum/tests/fuzzers/rlp


github.com/ethereum/go-ethereum/tests/fuzzers/trie


github.com/ethereum/go-ethereum/tests/fuzzers/whisperv6


travis_time:end:1f2a7d08:start=1578497141173593000,finish=1578497276802950000,duration=135629357000,event=script
[0K[32;1mThe command "go run build/ci.go install" exited with 0.[0m


travis_time:start:0dbeab78
[0K$ go run build/ci.go test -coverage $TEST_PACKAGES


>>> /Users/travis/.gimme/versions/go1.13.5.darwin.amd64/bin/go test -ldflags -X main.gitCommit=0218d7001d2a566b35072ee21b9f84f6b2711bbe -X main.gitDate=20200108 -s -p 1 -timeout 5m -covermode=atomic -cover ./...


go: downloading github.com/stretchr/testify v1.4.0


go: extracting github.com/stretchr/testify v1.4.0


go: downloading gopkg.in/yaml.v2 v2.2.2


go: downloading github.com/pmezard/go-difflib v1.0.0


go: extracting github.com/pmezard/go-difflib v1.0.0


go: extracting gopkg.in/yaml.v2 v2.2.2


go: finding github.com/stretchr/testify v1.4.0


go: finding github.com/pmezard/go-difflib v1.0.0


go: finding gopkg.in/yaml.v2 v2.2.2


?   	github.com/ethereum/go-ethereum	[no test files]


ok  	github.com/ethereum/go-ethereum/accounts	0.035s	coverage: 30.8% of statements


ok  	github.com/ethereum/go-ethereum/accounts/abi	0.076s	coverage: 88.9% of statements


ok  	github.com/ethereum/go-ethereum/accounts/abi/bind	8.306s	coverage: 53.2% of statements


ok  	github.com/ethereum/go-ethereum/accounts/abi/bind/backends	0.094s	coverage: 64.7% of statements


?   	github.com/ethereum/go-ethereum/accounts/external	[no test files]


ok  	github.com/ethereum/go-ethereum/accounts/keystore	21.541s	coverage: 76.7% of statements


?   	github.com/ethereum/go-ethereum/accounts/scwallet	[no test files]


?   	github.com/ethereum/go-ethereum/accounts/usbwallet	[no test files]


?   	github.com/ethereum/go-ethereum/accounts/usbwallet/trezor	[no test files]


?   	github.com/ethereum/go-ethereum/cmd/abigen	[no test files]


?   	github.com/ethereum/go-ethereum/cmd/bootnode	[no test files]


?   	github.com/ethereum/go-ethereum/cmd/checkpoint-admin	[no test files]


?   	github.com/ethereum/go-ethereum/cmd/clef	[no test files]


?   	github.com/ethereum/go-ethereum/cmd/devp2p	[no test files]


ok  	github.com/ethereum/go-ethereum/cmd/ethkey	2.776s	coverage: 2.0% of statements


?   	github.com/ethereum/go-ethereum/cmd/evm	[no test files]


?   	github.com/ethereum/go-ethereum/cmd/evm/internal/compiler	[no test files]


?   	github.com/ethereum/go-ethereum/cmd/faucet	[no test files]


ok  	github.com/ethereum/go-ethereum/cmd/geth	20.017s	coverage: 1.6% of statements


?   	github.com/ethereum/go-ethereum/cmd/p2psim	[no test files]


ok  	github.com/ethereum/go-ethereum/cmd/puppeth	0.055s	coverage: 8.6% of statements


?   	github.com/ethereum/go-ethereum/cmd/rlpdump	[no test files]


ok  	github.com/ethereum/go-ethereum/cmd/utils	0.060s	coverage: 2.3% of statements


?   	github.com/ethereum/go-ethereum/cmd/wnode	[no test files]


ok  	github.com/ethereum/go-ethereum/common	0.009s	coverage: 39.3% of statements


ok  	github.com/ethereum/go-ethereum/common/bitutil	0.014s	coverage: 95.7% of statements


ok  	github.com/ethereum/go-ethereum/common/compiler	0.011s	coverage: 0.0% of statements


ok  	github.com/ethereum/go-ethereum/common/fdlimit	0.008s	coverage: 76.2% of statements


ok  	github.com/ethereum/go-ethereum/common/hexutil	0.009s	coverage: 80.9% of statements


ok  	github.com/ethereum/go-ethereum/common/math	0.009s	coverage: 92.4% of statements


ok  	github.com/ethereum/go-ethereum/common/mclock	0.008s	coverage: 86.6% of statements


ok  	github.com/ethereum/go-ethereum/common/prque	1.368s	coverage: 74.0% of statements


?   	github.com/ethereum/go-ethereum/consensus	[no test files]


ok  	github.com/ethereum/go-ethereum/consensus/clique	0.164s	coverage: 52.5% of statements


ok  	github.com/ethereum/go-ethereum/consensus/ethash	15.034s	coverage: 64.6% of statements


?   	github.com/ethereum/go-ethereum/consensus/misc	[no test files]


ok  	github.com/ethereum/go-ethereum/console	1.833s	coverage: 37.8% of statements


ok  	github.com/ethereum/go-ethereum/contracts/checkpointoracle	1.070s	coverage: 0.0% of statements


?   	github.com/ethereum/go-ethereum/contracts/checkpointoracle/contract	[no test files]


ok  	github.com/ethereum/go-ethereum/core	36.614s	coverage: 73.3% of statements


ok  	github.com/ethereum/go-ethereum/core/asm	0.037s	coverage: 72.6% of statements


ok  	github.com/ethereum/go-ethereum/core/bloombits	4.519s	coverage: 95.5% of statements


ok  	github.com/ethereum/go-ethereum/core/forkid	0.108s	coverage: 85.9% of statements


ok  	github.com/ethereum/go-ethereum/core/rawdb	12.807s	coverage: 48.2% of statements


ok  	github.com/ethereum/go-ethereum/core/state	12.701s	coverage: 76.9% of statements


ok  	github.com/ethereum/go-ethereum/core/types	0.351s	coverage: 50.1% of statements


ok  	github.com/ethereum/go-ethereum/core/vm	0.327s	coverage: 40.3% of statements


ok  	github.com/ethereum/go-ethereum/core/vm/runtime	0.049s	coverage: 76.7% of statements


ok  	github.com/ethereum/go-ethereum/crypto	0.110s	coverage: 80.5% of statements


ok  	github.com/ethereum/go-ethereum/crypto/blake2b	0.063s	coverage: 90.3% of statements


?   	github.com/ethereum/go-ethereum/crypto/bn256	[no test files]


ok  	github.com/ethereum/go-ethereum/crypto/bn256/cloudflare	0.133s	coverage: 81.3% of statements


ok  	github.com/ethereum/go-ethereum/crypto/bn256/google	0.698s	coverage: 91.6% of statements


ok  	github.com/ethereum/go-ethereum/crypto/ecies	0.044s	coverage: 75.9% of statements


ok  	github.com/ethereum/go-ethereum/crypto/secp256k1	1.424s	coverage: 30.6% of statements


--- FAIL: TestCheckpointChallenge (3.79s)


    --- FAIL: TestCheckpointChallenge/sync_full_checkpoint_true_timeout_true_empty_false_match_true (0.37s)


        handler_test.go:542: peer count mismatch: have 1, want 0


FAIL


coverage: 28.6% of statements


FAIL	github.com/ethereum/go-ethereum/eth	15.108s


ok  	github.com/ethereum/go-ethereum/eth/downloader	110.362s	coverage: 78.2% of statements


--- FAIL: TestInvalidNumberAnnouncement63 (0.08s)


    fetcher_test.go:628: peer with invalid numbered announcement not dropped


FAIL


coverage: 90.1% of statements


FAIL	github.com/ethereum/go-ethereum/eth/fetcher	13.267s


ok  	github.com/ethereum/go-ethereum/eth/filters	2.833s	coverage: 53.8% of statements


?   	github.com/ethereum/go-ethereum/eth/gasprice	[no test files]


ok  	github.com/ethereum/go-ethereum/eth/tracers	0.294s	coverage: 75.6% of statements


?   	github.com/ethereum/go-ethereum/eth/tracers/internal/tracers	[no test files]


ok  	github.com/ethereum/go-ethereum/ethclient	0.182s	coverage: 14.0% of statements


?   	github.com/ethereum/go-ethereum/ethdb	[no test files]


?   	github.com/ethereum/go-ethereum/ethdb/dbtest	[no test files]


ok  	github.com/ethereum/go-ethereum/ethdb/leveldb	0.034s	coverage: 15.1% of statements


ok  	github.com/ethereum/go-ethereum/ethdb/memorydb	0.010s	coverage: 81.6% of statements


?   	github.com/ethereum/go-ethereum/ethstats	[no test files]


ok  	github.com/ethereum/go-ethereum/event	0.986s	coverage: 94.3% of statements


ok  	github.com/ethereum/go-ethereum/graphql	0.058s	coverage: 2.1% of statements


?   	github.com/ethereum/go-ethereum/internal/build	[no test files]


?   	github.com/ethereum/go-ethereum/internal/cmdtest	[no test files]


?   	github.com/ethereum/go-ethereum/internal/debug	[no test files]


?   	github.com/ethereum/go-ethereum/internal/ethapi	[no test files]


ok  	github.com/ethereum/go-ethereum/internal/guide	17.309s	coverage: [no statements]


ok  	github.com/ethereum/go-ethereum/internal/jsre	0.228s	coverage: 48.5% of statements


?   	github.com/ethereum/go-ethereum/internal/jsre/deps	[no test files]


?   	github.com/ethereum/go-ethereum/internal/testlog	[no test files]


?   	github.com/ethereum/go-ethereum/internal/web3ext	[no test files]


--- FAIL: TestTrieEntryAccessLes3 (0.34s)


    request_test.go:90: Failed to sync the chain with server, head: 0


FAIL


coverage: 51.5% of statements


FAIL	github.com/ethereum/go-ethereum/les	78.978s


?   	github.com/ethereum/go-ethereum/les/checkpointoracle	[no test files]


ok  	github.com/ethereum/go-ethereum/les/flowcontrol	14.030s	coverage: 37.9% of statements


ok  	github.com/ethereum/go-ethereum/light	1.011s	coverage: 38.4% of statements


?   	github.com/ethereum/go-ethereum/log	[no test files]


ok  	github.com/ethereum/go-ethereum/metrics	7.106s	coverage: 49.5% of statements


?   	github.com/ethereum/go-ethereum/metrics/exp	[no test files]


?   	github.com/ethereum/go-ethereum/metrics/influxdb	[no test files]


?   	github.com/ethereum/go-ethereum/metrics/librato	[no test files]


?   	github.com/ethereum/go-ethereum/metrics/prometheus	[no test files]


ok  	github.com/ethereum/go-ethereum/miner	12.129s	coverage: 66.7% of statements


ok  	github.com/ethereum/go-ethereum/mobile	0.156s	coverage: 15.2% of statements


ok  	github.com/ethereum/go-ethereum/node	1.345s	coverage: 43.0% of statements


ok  	github.com/ethereum/go-ethereum/p2p	0.854s	coverage: 74.0% of statements


ok  	github.com/ethereum/go-ethereum/p2p/discover	70.425s	coverage: 76.2% of statements


ok  	github.com/ethereum/go-ethereum/p2p/discv5	9.599s	coverage: 46.0% of statements


ok  	github.com/ethereum/go-ethereum/p2p/dnsdisc	1.032s	coverage: 86.7% of statements


ok  	github.com/ethereum/go-ethereum/p2p/enode	4.492s	coverage: 81.3% of statements


ok  	github.com/ethereum/go-ethereum/p2p/enr	0.021s	coverage: 62.3% of statements


ok  	github.com/ethereum/go-ethereum/p2p/nat	2.758s	coverage: 20.3% of statements


ok  	github.com/ethereum/go-ethereum/p2p/netutil	0.019s	coverage: 84.1% of statements


--- FAIL: TestHTTPNodeRPC (10.01s)


    http_test.go:588: context deadline exceeded


FAIL


coverage: 69.5% of statements


FAIL	github.com/ethereum/go-ethereum/p2p/simulations	14.207s


ok  	github.com/ethereum/go-ethereum/p2p/simulations/adapters	0.077s	coverage: 0.2% of statements


?   	github.com/ethereum/go-ethereum/p2p/simulations/examples	[no test files]


?   	github.com/ethereum/go-ethereum/p2p/simulations/pipes	[no test files]


?   	github.com/ethereum/go-ethereum/p2p/testing	[no test files]


ok  	github.com/ethereum/go-ethereum/params	0.032s	coverage: 49.6% of statements


ok  	github.com/ethereum/go-ethereum/rlp	0.021s	coverage: 96.6% of statements


ok  	github.com/ethereum/go-ethereum/rpc	9.055s	coverage: 78.2% of statements


ok  	github.com/ethereum/go-ethereum/signer/core	5.765s	coverage: 42.0% of statements


ok  	github.com/ethereum/go-ethereum/signer/fourbyte	4.466s	coverage: 46.9% of statements


ok  	github.com/ethereum/go-ethereum/signer/rules	0.238s	coverage: 77.1% of statements


?   	github.com/ethereum/go-ethereum/signer/rules/deps	[no test files]


ok  	github.com/ethereum/go-ethereum/signer/storage	0.026s	coverage: 52.3% of statements


ok  	github.com/ethereum/go-ethereum/tests	143.144s	coverage: 68.5% of statements


?   	github.com/ethereum/go-ethereum/tests/fuzzers/keystore	[no test files]


?   	github.com/ethereum/go-ethereum/tests/fuzzers/rlp	[no test files]


?   	github.com/ethereum/go-ethereum/tests/fuzzers/trie	[no test files]


?   	github.com/ethereum/go-ethereum/tests/fuzzers/whisperv6	[no test files]


ok  	github.com/ethereum/go-ethereum/trie	4.829s	coverage: 71.1% of statements


ok  	github.com/ethereum/go-ethereum/whisper/mailserver	0.406s	coverage: 66.7% of statements


?   	github.com/ethereum/go-ethereum/whisper/shhclient	[no test files]


ok  	github.com/ethereum/go-ethereum/whisper/whisperv6	20.608s	coverage: 64.5% of statements


FAIL


util.go:45: exit status 1


exit status 1


travis_time:end:0dbeab78:start=1578497276815257000,finish=1578498246826790000,duration=970011533000,event=script
[0K[31;1mThe command "go run build/ci.go test -coverage $TEST_PACKAGES" exited with 1.[0m








Done. Your build exited with 1.


