travis_fold:start:worker_info
[0K[33;1mWorker information[0m
hostname: e2909f3f-7968-4cbf-a8d6-3b8588e1a674@1.worker-org-6bc68c5dcd-2t24f.macstadium-prod-2
version: v6.2.0 https://github.com/travis-ci/worker/tree/5e5476e01646095f48eec13196fdb3faf8f5cbf7
instance: e8b3e325-99b6-4123-8fcd-a00b602ae16e travis-ci-macos10.14-xcode11.3-1576638729 (via amqp)
startup: 1m14.663018718s
travis_fold:end:worker_info
[0Ktravis_time:start:068ddd82
[0Ktravis_time:end:068ddd82:start=1580476794006546000,finish=1580476794661325000,duration=654779000,event=no_world_writable_dirs
[0Ktravis_time:start:18f844f8
[0Ktravis_time:end:18f844f8:start=1580476794670234000,finish=1580476794688801000,duration=18567000,event=setup_filter
[0Ktravis_time:start:0027c81c
[0Ktravis_time:end:0027c81c:start=1580476794700613000,finish=1580476794708179000,duration=7566000,event=check_unsupported
[0Ktravis_time:start:078c227c
[0Ktravis_fold:start:system_info
[0K[33;1mBuild system information[0m


Build language: go


Build id: 644348175


Job id: 644348180


Runtime kernel version: 18.5.0


travis-build version: 8020c22dd


[34m[1mBuild image provisioning date and time[0m


Wed Dec 18 06:34:24 GMT 2019


[34m[1mOperating System Details[0m


ProductName:	Mac OS X


ProductVersion:	10.14.4


BuildVersion:	18E226


[34m[1mGit version[0m


git version 2.24.1


[34m[1mbash version[0m


GNU bash, version 3.2.57(1)-release (x86_64-apple-darwin18)


Copyright (C) 2007 Free Software Foundation, Inc.


[34m[1mGCC version[0m


Apple clang version 11.0.0 (clang-1100.0.33.16)


Target: x86_64-apple-darwin18.5.0


Thread model: posix


InstalledDir: /Applications/Xcode-11.3.app/Contents/Developer/Toolchains/XcodeDefault.xctoolchain/usr/bin


[34m[1mLLVM version[0m


Apple clang version 11.0.0 (clang-1100.0.33.16)


Target: x86_64-apple-darwin18.5.0


Thread model: posix


InstalledDir: /Applications/Xcode-11.3.app/Contents/Developer/Toolchains/XcodeDefault.xctoolchain/usr/bin


[34m[1mPre-installed Ruby versions[0m


ruby-2.6.4


[34m[1mPre-installed Node.js versions[0m


v10.17.0


v10.18.0


v12.13.0


v12.14.0


v13.0.1


v4.9.1


v6.17.1


v8.16.2


v8.17.0


[34m[1mmvn -version[0m


Apache Maven 3.6.3 (cecedd343002696d0abb50b32b541b8a6ba2883f)


Maven home: /usr/local/Cellar/maven/3.6.3/libexec


Java version: 13.0.1, vendor: Oracle Corporation, runtime: /Library/Java/JavaVirtualMachines/openjdk-13.0.1.jdk/Contents/Home


Default locale: en_US, platform encoding: UTF-8


OS name: "mac os x", version: "10.14.4", arch: "x86_64", family: "mac"


travis_fold:end:system_info
[0K


travis_time:end:078c227c:start=1580476794729631000,finish=1580476794752889000,duration=23258000,event=show_system_info
[0Ktravis_time:start:0944b4b0
[0Ktravis_time:end:0944b4b0:start=1580476794765706000,finish=1580476794775471000,duration=9765000,event=rm_riak_source
[0Ktravis_time:start:156f35cc
[0Ktravis_time:end:156f35cc:start=1580476794783938000,finish=1580476794791446000,duration=7508000,event=fix_rwky_redis
[0Ktravis_time:start:011a026f
[0Ktravis_time:end:011a026f:start=1580476794800992000,finish=1580476795236992000,duration=436000000,event=wait_for_network
[0Ktravis_time:start:0d15273e
[0Ktravis_time:end:0d15273e:start=1580476795252188000,finish=1580476795260711000,duration=8523000,event=update_apt_keys
[0Ktravis_time:start:0655d015
[0Ktravis_time:end:0655d015:start=1580476795271050000,finish=1580476795279457000,duration=8407000,event=fix_hhvm_source
[0Ktravis_time:start:195257ac
[0Ktravis_time:end:195257ac:start=1580476795289767000,finish=1580476795298176000,duration=8409000,event=update_mongo_arch
[0Ktravis_time:start:02f6a532
[0Ktravis_time:end:02f6a532:start=1580476795309048000,finish=1580476795321950000,duration=12902000,event=fix_sudo_enabled_trusty
[0Ktravis_time:start:068aac38
[0Ktravis_time:end:068aac38:start=1580476795336410000,finish=1580476795352944000,duration=16534000,event=update_glibc
[0Ktravis_time:start:388e872c
[0Ktravis_time:end:388e872c:start=1580476795367027000,finish=1580476795464942000,duration=97915000,event=clean_up_path
[0Ktravis_time:start:253ecc4c
[0Ktravis_time:end:253ecc4c:start=1580476795482594000,finish=1580476795581285000,duration=98691000,event=fix_resolv_conf
[0Ktravis_time:start:00e21e2c
[0Ktravis_time:end:00e21e2c:start=1580476795595448000,finish=1580476795671741000,duration=76293000,event=fix_etc_hosts
[0Ktravis_time:start:0a899bce
[0Ktravis_time:end:0a899bce:start=1580476795683657000,finish=1580476795692449000,duration=8792000,event=fix_mvn_settings_xml
[0Ktravis_time:start:17cba0e0
[0Ktravis_time:end:17cba0e0:start=1580476795702988000,finish=1580476795758124000,duration=55136000,event=no_ipv6_localhost
[0Ktravis_time:start:02f65e7b
[0Ktravis_time:end:02f65e7b:start=1580476795767916000,finish=1580476795775729000,duration=7813000,event=fix_etc_mavenrc
[0Ktravis_time:start:03214e60
[0Ktravis_time:end:03214e60:start=1580476795786368000,finish=1580476796088289000,duration=301921000,event=fix_wwdr_certificate
[0Ktravis_time:start:1118f93c
[0Ktravis_time:end:1118f93c:start=1580476796099015000,finish=1580476796300744000,duration=201729000,event=put_localhost_first
[0Ktravis_time:start:0537f226
[0Ktravis_time:end:0537f226:start=1580476796311603000,finish=1580476796320075000,duration=8472000,event=home_paths
[0Ktravis_time:start:0e97d1c0
[0Ktravis_time:end:0e97d1c0:start=1580476796331394000,finish=1580476796350696000,duration=19302000,event=disable_initramfs
[0Ktravis_time:start:1950a564
[0Ktravis_time:end:1950a564:start=1580476796361506000,finish=1580476796390486000,duration=28980000,event=disable_ssh_roaming
[0Ktravis_time:start:26605646
[0Ktravis_time:end:26605646:start=1580476796402091000,finish=1580476796419276000,duration=17185000,event=debug_tools
[0Ktravis_time:start:081285ea
[0K


travis_time:end:081285ea:start=1580476796429698000,finish=1580476800300615000,duration=3870917000,event=uninstall_oclint
[0Ktravis_time:start:2b72e3e4
[0Ktravis_time:end:2b72e3e4:start=1580476800311068000,finish=1580476801479317000,duration=1168249000,event=rvm_use
[0Ktravis_time:start:15b96d78
[0Ktravis_time:end:15b96d78:start=1580476801494273000,finish=1580476801550969000,duration=56696000,event=rm_etc_boto_cfg
[0Ktravis_time:start:008dc9e1
[0Ktravis_time:end:008dc9e1:start=1580476801561475000,finish=1580476801569338000,duration=7863000,event=rm_oraclejdk8_symlink
[0Ktravis_time:start:030a1808
[0Ktravis_time:end:030a1808:start=1580476801579070000,finish=1580476801592768000,duration=13698000,event=enable_i386
[0Ktravis_time:start:0b62dcac
[0Ktravis_time:end:0b62dcac:start=1580476801604089000,finish=1580476801616123000,duration=12034000,event=update_rubygems
[0Ktravis_time:start:12c64960
[0Ktravis_time:end:12c64960:start=1580476801625968000,finish=1580476801639781000,duration=13813000,event=ensure_path_components
[0Ktravis_time:start:1eac2684
[0Ktravis_time:end:1eac2684:start=1580476801651472000,finish=1580476801659145000,duration=7673000,event=redefine_curl
[0Ktravis_time:start:0457b1ce
[0Ktravis_time:end:0457b1ce:start=1580476801668581000,finish=1580476801880736000,duration=212155000,event=nonblock_pipe
[0Ktravis_time:start:0b387a50
[0Ktravis_time:end:0b387a50:start=1580476801892001000,finish=1580476801900591000,duration=8590000,event=apt_get_update
[0Ktravis_time:start:06edc784
[0Ktravis_time:end:06edc784:start=1580476801910940000,finish=1580476801920677000,duration=9737000,event=deprecate_xcode_64
[0Ktravis_time:start:171b7378
[0Ktravis_time:end:171b7378:start=1580476801930737000,finish=1580476801942843000,duration=12106000,event=update_heroku
[0Ktravis_time:start:1ffdf70e
[0Ktravis_time:end:1ffdf70e:start=1580476801952355000,finish=1580476801960277000,duration=7922000,event=shell_session_update
[0Ktravis_time:start:0579d7c3
[0Ktravis_time:end:0579d7c3:start=1580476801969832000,finish=1580476801977957000,duration=8125000,event=maven_central_mirror
[0Ktravis_time:start:31b929c0
[0Ktravis_time:end:31b929c0:start=1580476801987924000,finish=1580476801995916000,duration=7992000,event=maven_https
[0Ktravis_time:start:3e1d6a02
[0Ktravis_time:end:3e1d6a02:start=1580476802007462000,finish=1580476802015151000,duration=7689000,event=fix_ps4
[0KUpdating gimme


travis_time:start:0600078e
[0K


travis_fold:start:git.checkout
[0Ktravis_time:start:2f7aabdb
[0K$ git clone --depth=50 --branch=master https://github.com/ethereum/go-ethereum.git ethereum/go-ethereum


Cloning into 'ethereum/go-ethereum'...


Updating files:  82% (1006/1218)
Updating files:  83% (1011/1218)
Updating files:  84% (1024/1218)
Updating files:  85% (1036/1218)
Updating files:  86% (1048/1218)
Updating files:  87% (1060/1218)
Updating files:  88% (1072/1218)
Updating files:  89% (1085/1218)
Updating files:  90% (1097/1218)
Updating files:  91% (1109/1218)
Updating files:  92% (1121/1218)
Updating files:  93% (1133/1218)
Updating files:  94% (1145/1218)
Updating files:  95% (1158/1218)
Updating files:  96% (1170/1218)
Updating files:  97% (1182/1218)
Updating files:  98% (1194/1218)
Updating files:  99% (1206/1218)
Updating files: 100% (1218/1218)
Updating files: 100% (1218/1218), done.


travis_time:end:2f7aabdb:start=1580476822488683000,finish=1580476825550460000,duration=3061777000,event=checkout
[0K$ cd ethereum/go-ethereum


$ git checkout -qf 15d09038a6b1d533bc78662f2f0b77ccf03aaab0


travis_fold:end:git.checkout
[0K


travis_fold:start:git.submodule
[0Ktravis_time:start:218163bd
[0K$ git submodule update --init --recursive


Submodule 'tests' (https://github.com/ethereum/tests) registered for path 'tests/testdata'


Cloning into '/Users/travis/build/ethereum/go-ethereum/tests/testdata'...


Submodule path 'tests/testdata': checked out 'b5eb9900ee2147b40d3e681fe86efa4fd693959a'


travis_time:end:218163bd:start=1580476825935549000,finish=1580476888602605000,duration=62667056000,event=checkout
[0Ktravis_fold:end:git.submodule
[0Ktravis_time:end:218163bd:start=1580476825935549000,finish=1580476888612735000,duration=62677186000,event=checkout
[0K$ travis_export_go 1.13.x github.com/ethereum/go-ethereum


travis_time:start:0b8df292
[0K


[33;1mSetting environment variables from repository settings[0m


$ export IOS_SIGNING_KEY=[secure]


$ export LINUX_SIGNING_KEY=[secure]


$ export OSX_SIGNING_KEY=[secure]


$ export ANDROID_SIGNING_KEY=[secure]


$ export AZURE_BLOBSTORE_TOKEN=[secure]


$ export ANDROID_SONATYPE_USERNAME=[secure]


$ export ANDROID_SONATYPE_PASSWORD=[secure]


$ export COCOAPODS_TRUNK_TOKEN=[secure]


$ export PPA_SIGNING_KEY=[secure]


$ export PPA_SSH_KEY=[secure]





travis_time:end:0b8df292:start=1580476888637379000,finish=1580476888683582000,duration=46203000,event=env
[0Ktravis_time:start:1417765e
[0K$ travis_setup_go


go version go1.13.7 darwin/amd64


$ export GOPATH="/Users/travis/gopath"


$ export PATH="/Users/travis/gopath/bin:/Users/travis/.gimme/versions/go1.13.7.darwin.amd64/bin:/Users/travis/bin:/Users/travis/.rvm/gems/ruby-2.6.4/bin:/Users/travis/.rvm/gems/ruby-2.6.4@global/bin:/Users/travis/.rvm/rubies/ruby-2.6.4/bin:/Users/travis/.rvm/bin:/Users/travis/bin:/Users/travis/.local/bin:/Users/travis/.nvm/versions/node/v13.0.1/bin:/usr/local/bin:/usr/bin:/bin:/usr/sbin:/sbin:/opt/X11/bin"


$ export GO111MODULE="auto"


travis_time:end:1417765e:start=1580476888694902000,finish=1580476970042842000,duration=81347940000,event=
[0K$ gimme version


v1.5.3


$ go version


go version go1.13.7 darwin/amd64


travis_fold:start:go.env
[0K$ go env


GO111MODULE="auto"


GOARCH="amd64"


GOBIN=""


GOCACHE="/Users/travis/Library/Caches/go-build"


GOENV="/Users/travis/Library/Application Support/go/env"


GOEXE=""


GOFLAGS=""


GOHOSTARCH="amd64"


GOHOSTOS="darwin"


GONOPROXY=""


GONOSUMDB=""


GOOS="darwin"


GOPATH="/Users/travis/gopath"


GOPRIVATE=""


GOPROXY="https://proxy.golang.org,direct"


GOROOT="/Users/travis/.gimme/versions/go1.13.7.darwin.amd64"


GOSUMDB="sum.golang.org"


GOTMPDIR=""


GOTOOLDIR="/Users/travis/.gimme/versions/go1.13.7.darwin.amd64/pkg/tool/darwin_amd64"


GCCGO="gccgo"


AR="ar"


CC="clang"


CXX="clang++"


CGO_ENABLED="1"


GOMOD="/Users/travis/gopath/src/github.com/ethereum/go-ethereum/go.mod"


CGO_CFLAGS="-g -O2"


CGO_CPPFLAGS=""


CGO_CXXFLAGS="-g -O2"


CGO_FFLAGS="-g -O2"


CGO_LDFLAGS="-g -O2"


PKG_CONFIG="pkg-config"


GOGCCFLAGS="-fPIC -m64 -pthread -fno-caret-diagnostics -Qunused-arguments -fmessage-length=0 -fdebug-prefix-map=/var/folders/17/5mc7816d3mndxjqgplq6057w0000gn/T/go-build792781466=/tmp/go-build -gno-record-gcc-switches -fno-common"


travis_fold:end:go.env
[0Ktravis_fold:start:install
[0Ktravis_time:start:166e372a
[0K$ travis_install_go_dependencies 1.13.x -v


Makefile detected


travis_time:end:166e372a:start=1580476970622244000,finish=1580476970637456000,duration=15212000,event=install
[0Ktravis_fold:end:install
[0Ktravis_time:start:26d9c400
[0K$ echo "Increase the maximum number of open file descriptors on macOS"


Increase the maximum number of open file descriptors on macOS


travis_time:end:26d9c400:start=1580476970657433000,finish=1580476970688303000,duration=30870000,event=script
[0K[32;1mThe command "echo "Increase the maximum number of open file descriptors on macOS"" exited with 0.[0m


travis_time:start:07fd0014
[0K$ NOFILE=20480


travis_time:end:07fd0014:start=1580476970700069000,finish=1580476970709521000,duration=9452000,event=script
[0K[32;1mThe command "NOFILE=20480" exited with 0.[0m


travis_time:start:04b08f8e
[0K$ sudo sysctl -w kern.maxfiles=$NOFILE


kern.maxfiles: 12288 -> 20480


travis_time:end:04b08f8e:start=1580476970727087000,finish=1580476970810867000,duration=83780000,event=script
[0K[32;1mThe command "sudo sysctl -w kern.maxfiles=$NOFILE" exited with 0.[0m


travis_time:start:13da4074
[0K$ sudo sysctl -w kern.maxfilesperproc=$NOFILE


kern.maxfilesperproc: 10240 -> 20480


travis_time:end:13da4074:start=1580476970824648000,finish=1580476970888361000,duration=63713000,event=script
[0K[32;1mThe command "sudo sysctl -w kern.maxfilesperproc=$NOFILE" exited with 0.[0m


travis_time:start:007db18a
[0K$ sudo launchctl limit maxfiles $NOFILE $NOFILE


travis_time:end:007db18a:start=1580476970902678000,finish=1580476970967215000,duration=64537000,event=script
[0K[32;1mThe command "sudo launchctl limit maxfiles $NOFILE $NOFILE" exited with 0.[0m


travis_time:start:00d462d0
[0K$ sudo launchctl limit maxfiles


	maxfiles    20480          20480          


travis_time:end:00d462d0:start=1580476970983967000,finish=1580476971055444000,duration=71477000,event=script
[0K[32;1mThe command "sudo launchctl limit maxfiles" exited with 0.[0m


travis_time:start:08a7f3a2
[0K$ ulimit -S -n $NOFILE


travis_time:end:08a7f3a2:start=1580476971072495000,finish=1580476971083761000,duration=11266000,event=script
[0K[32;1mThe command "ulimit -S -n $NOFILE" exited with 0.[0m


travis_time:start:0f05c7a2
[0K$ ulimit -n


20480


travis_time:end:0f05c7a2:start=1580476971100955000,finish=1580476971111661000,duration=10706000,event=script
[0K[32;1mThe command "ulimit -n" exited with 0.[0m


travis_time:start:15ba1227
[0K$ unset -f cd


travis_time:end:15ba1227:start=1580476971128926000,finish=1580476971139737000,duration=10811000,event=script
[0K[32;1mThe command "unset -f cd" exited with 0.[0m


travis_time:start:010f3835
[0K$ go run build/ci.go install


go: downloading github.com/cespare/cp v0.1.0


go: downloading golang.org/x/crypto v0.0.0-20190308221718-c2843e01d9a2


go: extracting github.com/cespare/cp v0.1.0


go: downloading github.com/Azure/azure-storage-blob-go v0.7.0


go: extracting github.com/Azure/azure-storage-blob-go v0.7.0


go: extracting golang.org/x/crypto v0.0.0-20190308221718-c2843e01d9a2


go: downloading github.com/Azure/azure-pipeline-go v0.2.2


go: extracting github.com/Azure/azure-pipeline-go v0.2.2


go: downloading github.com/mattn/go-ieproxy v0.0.0-20190702010315-6dee0af9227d


go: extracting github.com/mattn/go-ieproxy v0.0.0-20190702010315-6dee0af9227d


go: finding github.com/cespare/cp v0.1.0


go: finding github.com/Azure/azure-storage-blob-go v0.7.0


go: finding github.com/Azure/azure-pipeline-go v0.2.2


go: finding github.com/mattn/go-ieproxy v0.0.0-20190702010315-6dee0af9227d


go: finding golang.org/x/crypto v0.0.0-20190308221718-c2843e01d9a2


>>> /Users/travis/.gimme/versions/go1.13.7.darwin.amd64/bin/go install -ldflags -X main.gitCommit=15d09038a6b1d533bc78662f2f0b77ccf03aaab0 -X main.gitDate=20200131 -s -v ./...


go: downloading github.com/syndtr/goleveldb v1.0.1-0.20190923125748-758128399b1d


go: downloading github.com/deckarep/golang-set v0.0.0-20180603214616-504e848d77ea


go: downloading github.com/golang/protobuf v1.3.2-0.20190517061210-b285ee9cfc6c


go: downloading github.com/gballet/go-libpcsclite v0.0.0-20190607065134-2772fd86a8ff


go: downloading golang.org/x/sys v0.0.0-20190712062909-fae7ac547cb7


go: downloading github.com/huin/goupnp v0.0.0-20161224104101-679507af18f3


go: downloading github.com/elastic/gosigar v0.8.1-0.20180330100440-37f05ff46ffa


go: downloading github.com/olekukonko/tablewriter v0.0.2-0.20190409134802-7e037d187b0c


go: downloading github.com/julienschmidt/httprouter v1.1.1-0.20170430222011-975b5c4c7c21


go: extracting github.com/gballet/go-libpcsclite v0.0.0-20190607065134-2772fd86a8ff


go: extracting github.com/julienschmidt/httprouter v1.1.1-0.20170430222011-975b5c4c7c21


go: extracting github.com/deckarep/golang-set v0.0.0-20180603214616-504e848d77ea


go: extracting github.com/huin/goupnp v0.0.0-20161224104101-679507af18f3


go: extracting github.com/olekukonko/tablewriter v0.0.2-0.20190409134802-7e037d187b0c


go: extracting github.com/syndtr/goleveldb v1.0.1-0.20190923125748-758128399b1d


go: extracting github.com/elastic/gosigar v0.8.1-0.20180330100440-37f05ff46ffa


go: downloading github.com/hashicorp/golang-lru v0.0.0-20160813221303-0a025b7e63ad


go: extracting github.com/golang/protobuf v1.3.2-0.20190517061210-b285ee9cfc6c


go: downloading gopkg.in/urfave/cli.v1 v1.20.0


go: extracting github.com/hashicorp/golang-lru v0.0.0-20160813221303-0a025b7e63ad


go: downloading github.com/[secure]/usb v0.0.0-20190919080040-51dc0efba356


go: extracting golang.org/x/sys v0.0.0-20190712062909-fae7ac547cb7


go: extracting gopkg.in/urfave/cli.v1 v1.20.0


go: extracting github.com/[secure]/usb v0.0.0-20190919080040-51dc0efba356


go: downloading github.com/fatih/color v1.3.0


go: extracting github.com/fatih/color v1.3.0


go: downloading github.com/aws/aws-sdk-go v1.25.48


go: downloading golang.org/x/sync v0.0.0-20181108010431-42b317875d0f


go: downloading github.com/fjl/memsize v0.0.0-20180418122429-ca190fb6ffbc


go: downloading github.com/rjeczalik/notify v0.9.1


go: downloading github.com/mattn/go-isatty v0.0.5-0.20180830101745-3fb116b82035


go: downloading github.com/jackpal/go-nat-pmp v1.0.2-0.20160603034137-1fa385a6f458


go: extracting golang.org/x/sync v0.0.0-20181108010431-42b317875d0f


go: extracting github.com/fjl/memsize v0.0.0-20180418122429-ca190fb6ffbc


go: extracting github.com/jackpal/go-nat-pmp v1.0.2-0.20160603034137-1fa385a6f458


go: extracting github.com/rjeczalik/notify v0.9.1


go: extracting github.com/mattn/go-isatty v0.0.5-0.20180830101745-3fb116b82035


go: downloading github.com/aristanetworks/goarista v0.0.0-20170210015632-ea17b1a17847


go: extracting github.com/aristanetworks/goarista v0.0.0-20170210015632-ea17b1a17847


go: downloading github.com/docker/docker v1.4.2-0.20180625184442-8e610b2b55bf


go: downloading golang.org/x/time v0.0.0-20190308202827-9d24e82272b4


go: downloading github.com/mattn/go-runewidth v0.0.4


go: extracting golang.org/x/time v0.0.0-20190308202827-9d24e82272b4


go: extracting github.com/mattn/go-runewidth v0.0.4


go: downloading github.com/prometheus/tsdb v0.6.2-0.20190402121629-4f204dcbc150


go: downloading github.com/pborman/uuid v0.0.0-20170112150404-1b00554d8222


go: extracting github.com/pborman/uuid v0.0.0-20170112150404-1b00554d8222


go: downloading github.com/cloudflare/cloudflare-go v0.10.2-0.20190916151808-a80f83b9add9


go: downloading github.com/golang/snappy v0.0.1


go: downloading github.com/graph-gophers/graphql-go v0.0.0-20191115155744-f33e81362277


go: extracting github.com/cloudflare/cloudflare-go v0.10.2-0.20190916151808-a80f83b9add9


go: extracting github.com/golang/snappy v0.0.1


go: extracting github.com/graph-gophers/graphql-go v0.0.0-20191115155744-f33e81362277


go: downloading github.com/dop251/goja v0.0.0-20200106141417-aaec0e7bde29


go: extracting github.com/docker/docker v1.4.2-0.20180625184442-8e610b2b55bf


go: extracting github.com/dop251/goja v0.0.0-20200106141417-aaec0e7bde29


go: downloading github.com/go-stack/stack v1.8.0


go: extracting github.com/prometheus/tsdb v0.6.2-0.20190402121629-4f204dcbc150


go: downloading github.com/pkg/errors v0.8.1


go: extracting github.com/pkg/errors v0.8.1


go: extracting github.com/go-stack/stack v1.8.0


go: downloading gopkg.in/olebedev/go-duktape.v3 v3.0.0-20190213234257-ec84240a7772


go: downloading github.com/status-im/keycard-go v0.0.0-20190316090335-8537d3370df4


go: extracting github.com/status-im/keycard-go v0.0.0-20190316090335-8537d3370df4


go: extracting gopkg.in/olebedev/go-duktape.v3 v3.0.0-20190213234257-ec84240a7772


go: downloading github.com/naoina/toml v0.1.2-0.20170918210437-9fafd6967416


go: extracting github.com/naoina/toml v0.1.2-0.20170918210437-9fafd6967416


go: downloading github.com/gorilla/websocket v1.4.1-0.20190629185528-ae1634f6a989


go: extracting github.com/gorilla/websocket v1.4.1-0.20190629185528-ae1634f6a989


go: downloading github.com/edsrzf/mmap-go v0.0.0-20160512033002-935e0e8a636c


go: downloading github.com/dlclark/regexp2 v1.2.0


go: extracting github.com/edsrzf/mmap-go v0.0.0-20160512033002-935e0e8a636c


go: downloading github.com/go-sourcemap/sourcemap v2.1.2+incompatible


go: extracting github.com/go-sourcemap/sourcemap v2.1.2+incompatible


go: downloading golang.org/x/text v0.3.2


go: downloading github.com/influxdata/influxdb v1.2.3-0.20180221223340-01288bdb0883


go: extracting github.com/dlclark/regexp2 v1.2.0


go: extracting github.com/aws/aws-sdk-go v1.25.48


go: downloading github.com/peterh/liner v1.1.1-0.20190123174540-a2c9a5303de7


go: downloading github.com/naoina/go-stringutil v0.1.0


go: extracting github.com/peterh/liner v1.1.1-0.20190123174540-a2c9a5303de7


go: extracting github.com/naoina/go-stringutil v0.1.0


go: extracting github.com/influxdata/influxdb v1.2.3-0.20180221223340-01288bdb0883


go: downloading github.com/tyler-smith/go-bip39 v1.0.1-0.20181017060643-dbb3b84ba2ef


go: extracting github.com/tyler-smith/go-bip39 v1.0.1-0.20181017060643-dbb3b84ba2ef


go: extracting golang.org/x/text v0.3.2


go: downloading github.com/opentracing/opentracing-go v1.1.0


go: extracting github.com/opentracing/opentracing-go v1.1.0


go: downloading golang.org/x/net v0.0.0-20190628185345-da137c7871d7


go: extracting golang.org/x/net v0.0.0-20190628185345-da137c7871d7


go: downloading github.com/davecgh/go-spew v1.1.1


go: downloading github.com/rs/cors v0.0.0-20160617231935-a62a804a8a00


go: downloading github.com/VictoriaMetrics/fastcache v1.5.3


go: extracting github.com/rs/cors v0.0.0-20160617231935-a62a804a8a00


go: extracting github.com/davecgh/go-spew v1.1.1


go: extracting github.com/VictoriaMetrics/fastcache v1.5.3


go: downloading github.com/steakknife/bloomfilter v0.0.0-20180922174646-6819c0d2a570


go: downloading github.com/rs/xhandler v0.0.0-20160618193221-ed27b6fd6521


go: downloading github.com/wsddn/go-ecdh v0.0.0-20161211032359-48726bab9208


go: extracting github.com/steakknife/bloomfilter v0.0.0-20180922174646-6819c0d2a570


go: extracting github.com/rs/xhandler v0.0.0-20160618193221-ed27b6fd6521


go: extracting github.com/wsddn/go-ecdh v0.0.0-20161211032359-48726bab9208


go: downloading github.com/mattn/go-colorable v0.1.0


go: downloading github.com/cespare/xxhash v1.1.0


go: extracting github.com/mattn/go-colorable v0.1.0


go: extracting github.com/cespare/xxhash v1.1.0


go: downloading github.com/cespare/xxhash/v2 v2.1.1


go: extracting github.com/cespare/xxhash/v2 v2.1.1


go: downloading github.com/steakknife/hamming v0.0.0-20180906055917-c99c65617cd3


go: extracting github.com/steakknife/hamming v0.0.0-20180906055917-c99c65617cd3


go: downloading github.com/jmespath/go-jmespath v0.0.0-20180206201540-c2b33e8439af


go: extracting github.com/jmespath/go-jmespath v0.0.0-20180206201540-c2b33e8439af


go: finding github.com/golang/protobuf v1.3.2-0.20190517061210-b285ee9cfc6c


go: finding github.com/aristanetworks/goarista v0.0.0-20170210015632-ea17b1a17847


go: finding github.com/deckarep/golang-set v0.0.0-20180603214616-504e848d77ea


go: finding github.com/davecgh/go-spew v1.1.1


go: finding github.com/go-stack/stack v1.8.0


go: finding gopkg.in/urfave/cli.v1 v1.20.0


go: finding github.com/edsrzf/mmap-go v0.0.0-20160512033002-935e0e8a636c


go: finding github.com/aws/aws-sdk-go v1.25.48


go: finding github.com/VictoriaMetrics/fastcache v1.5.3


go: finding github.com/[secure]/usb v0.0.0-20190919080040-51dc0efba356


go: finding github.com/pborman/uuid v0.0.0-20170112150404-1b00554d8222


go: finding github.com/huin/goupnp v0.0.0-20161224104101-679507af18f3


go: finding github.com/elastic/gosigar v0.8.1-0.20180330100440-37f05ff46ffa


go: finding github.com/dop251/goja v0.0.0-20200106141417-aaec0e7bde29


go: finding github.com/cloudflare/cloudflare-go v0.10.2-0.20190916151808-a80f83b9add9


go: finding github.com/gballet/go-libpcsclite v0.0.0-20190607065134-2772fd86a8ff


go: finding github.com/rjeczalik/notify v0.9.1


go: finding github.com/cespare/xxhash/v2 v2.1.1


go: finding github.com/jackpal/go-nat-pmp v1.0.2-0.20160603034137-1fa385a6f458


go: finding github.com/status-im/keycard-go v0.0.0-20190316090335-8537d3370df4


go: finding github.com/golang/snappy v0.0.1


go: finding github.com/wsddn/go-ecdh v0.0.0-20161211032359-48726bab9208


go: finding github.com/hashicorp/golang-lru v0.0.0-20160813221303-0a025b7e63ad


go: finding golang.org/x/sys v0.0.0-20190712062909-fae7ac547cb7


go: finding github.com/dlclark/regexp2 v1.2.0


go: finding golang.org/x/text v0.3.2


go: finding github.com/syndtr/goleveldb v1.0.1-0.20190923125748-758128399b1d


go: finding github.com/steakknife/bloomfilter v0.0.0-20180922174646-6819c0d2a570


go: finding github.com/pkg/errors v0.8.1


go: finding github.com/gorilla/websocket v1.4.1-0.20190629185528-ae1634f6a989


go: finding github.com/olekukonko/tablewriter v0.0.2-0.20190409134802-7e037d187b0c


go: finding github.com/jmespath/go-jmespath v0.0.0-20180206201540-c2b33e8439af


go: finding github.com/rs/cors v0.0.0-20160617231935-a62a804a8a00


go: finding golang.org/x/time v0.0.0-20190308202827-9d24e82272b4


go: finding github.com/prometheus/tsdb v0.6.2-0.20190402121629-4f204dcbc150


go: finding golang.org/x/net v0.0.0-20190628185345-da137c7871d7


go: finding github.com/mattn/go-colorable v0.1.0


go: finding github.com/rs/xhandler v0.0.0-20160618193221-ed27b6fd6521


go: finding github.com/peterh/liner v1.1.1-0.20190123174540-a2c9a5303de7


go: finding github.com/go-sourcemap/sourcemap v2.1.2+incompatible


go: finding github.com/docker/docker v1.4.2-0.20180625184442-8e610b2b55bf


go: finding github.com/fatih/color v1.3.0


go: finding github.com/mattn/go-isatty v0.0.5-0.20180830101745-3fb116b82035


go: finding github.com/mattn/go-runewidth v0.0.4


go: finding github.com/fjl/memsize v0.0.0-20180418122429-ca190fb6ffbc


go: finding github.com/tyler-smith/go-bip39 v1.0.1-0.20181017060643-dbb3b84ba2ef


go: finding github.com/steakknife/hamming v0.0.0-20180906055917-c99c65617cd3


go: finding github.com/julienschmidt/httprouter v1.1.1-0.20170430222011-975b5c4c7c21


go: finding github.com/influxdata/influxdb v1.2.3-0.20180221223340-01288bdb0883


go: finding github.com/naoina/toml v0.1.2-0.20170918210437-9fafd6967416


go: finding github.com/graph-gophers/graphql-go v0.0.0-20191115155744-f33e81362277


go: finding github.com/naoina/go-stringutil v0.1.0


go: finding golang.org/x/sync v0.0.0-20181108010431-42b317875d0f


go: finding gopkg.in/olebedev/go-duktape.v3 v3.0.0-20190213234257-ec84240a7772


go: finding github.com/opentracing/opentracing-go v1.1.0


golang.org/x/crypto/curve25519


github.com/cespare/xxhash/v2


github.com/golang/snappy


github.com/aristanetworks/goarista/monotime


github.com/ethereum/go-ethereum/common/mclock


github.com/VictoriaMetrics/fastcache


github.com/ethereum/go-ethereum/common/prque


github.com/ethereum/go-ethereum/ethdb


github.com/go-stack/stack


golang.org/x/sys/unix


github.com/ethereum/go-ethereum/log


github.com/steakknife/hamming


github.com/steakknife/bloomfilter


github.com/ethereum/go-ethereum/event


github.com/elastic/gosigar


github.com/ethereum/go-ethereum/accounts/abi


github.com/davecgh/go-spew/spew


github.com/deckarep/golang-set


github.com/pborman/uuid


github.com/rjeczalik/notify


github.com/ethereum/go-ethereum/metrics


github.com/ethereum/go-ethereum/trie


github.com/ethereum/go-ethereum/core/types


github.com/ethereum/go-ethereum


github.com/ethereum/go-ethereum/accounts


golang.org/x/crypto/pbkdf2


golang.org/x/crypto/scrypt


github.com/gballet/go-libpcsclite


github.com/status-im/keycard-go/derivationpath


github.com/wsddn/go-ecdh


golang.org/x/text/transform


golang.org/x/text/unicode/norm


github.com/ethereum/go-ethereum/accounts/scwallet


github.com/hashicorp/golang-lru/simplelru


github.com/hashicorp/golang-lru


github.com/ethereum/go-ethereum/core/state


github.com/ethereum/go-ethereum/p2p/netutil


github.com/gorilla/websocket


golang.org/x/net/context


github.com/rs/xhandler


github.com/rs/cors


github.com/ethereum/go-ethereum/rpc


github.com/ethereum/go-ethereum/accounts/keystore


github.com/ethereum/go-ethereum/consensus/misc


github.com/edsrzf/mmap-go


github.com/ethereum/go-ethereum/common/bitutil


github.com/ethereum/go-ethereum/consensus


github.com/syndtr/goleveldb/leveldb/util


github.com/ethereum/go-ethereum/consensus/clique


github.com/ethereum/go-ethereum/consensus/ethash


github.com/syndtr/goleveldb/leveldb/cache


github.com/syndtr/goleveldb/leveldb/comparer


github.com/syndtr/goleveldb/leveldb/storage


github.com/syndtr/goleveldb/leveldb/filter


github.com/syndtr/goleveldb/leveldb/opt


github.com/ethereum/go-ethereum/ethdb/memorydb


github.com/mattn/go-runewidth


github.com/syndtr/goleveldb/leveldb/errors


github.com/syndtr/goleveldb/leveldb/journal


github.com/syndtr/goleveldb/leveldb/iterator


github.com/olekukonko/tablewriter


github.com/syndtr/goleveldb/leveldb/memdb


github.com/syndtr/goleveldb/leveldb/table


github.com/pkg/errors


github.com/prometheus/tsdb/fileutil


golang.org/x/sys/cpu


github.com/ethereum/go-ethereum/crypto/blake2b


github.com/syndtr/goleveldb/leveldb


github.com/ethereum/go-ethereum/crypto/bn256/cloudflare


github.com/ethereum/go-ethereum/crypto/bn256


golang.org/x/crypto/ripemd160


github.com/ethereum/go-ethereum/core/vm


github.com/ethereum/go-ethereum/ethdb/leveldb


github.com/ethereum/go-ethereum/core/rawdb


github.com/ethereum/go-ethereum/core/bloombits


github.com/ethereum/go-ethereum/crypto/ecies


github.com/ethereum/go-ethereum/p2p/enr


github.com/ethereum/go-ethereum/core


github.com/ethereum/go-ethereum/p2p/enode


github.com/ethereum/go-ethereum/p2p/discover


github.com/ethereum/go-ethereum/p2p/discv5


github.com/huin/goupnp/httpu


github.com/huin/goupnp/scpd


github.com/huin/goupnp/soap


github.com/ethereum/go-ethereum/eth/downloader


github.com/huin/goupnp/ssdp


golang.org/x/net/html/atom


golang.org/x/net/html


golang.org/x/text/encoding/internal/identifier


golang.org/x/text/internal/utf8internal


golang.org/x/text/encoding


golang.org/x/text/runes


golang.org/x/text/encoding/internal


golang.org/x/text/internal/tag


golang.org/x/text/internal/language


golang.org/x/text/encoding/charmap


golang.org/x/text/encoding/japanese


golang.org/x/text/encoding/korean


golang.org/x/text/encoding/simplifiedchinese


golang.org/x/text/encoding/traditionalchinese


golang.org/x/text/encoding/unicode


golang.org/x/text/internal/language/compact


github.com/jackpal/go-nat-pmp


github.com/tyler-smith/go-bip39/wordlists


golang.org/x/text/language


github.com/tyler-smith/go-bip39


github.com/golang/protobuf/proto


golang.org/x/text/encoding/htmlindex


golang.org/x/net/html/charset


github.com/huin/goupnp


github.com/huin/goupnp/dcps/internetgateway1


github.com/huin/goupnp/dcps/internetgateway2


github.com/ethereum/go-ethereum/p2p/nat


github.com/ethereum/go-ethereum/p2p


github.com/golang/protobuf/protoc-gen-go/descriptor


github.com/ethereum/go-ethereum/accounts/usbwallet/trezor


github.com/ethereum/go-ethereum/internal/ethapi


github.com/[secure]/usb


github.com/ethereum/go-ethereum/signer/storage


golang.org/x/crypto/ssh/terminal


github.com/ethereum/go-ethereum/eth/filters


github.com/ethereum/go-ethereum/common/fdlimit


github.com/ethereum/go-ethereum/core/forkid


github.com/ethereum/go-ethereum/eth/fetcher


github.com/ethereum/go-ethereum/eth/gasprice


github.com/ethereum/go-ethereum/eth/tracers/internal/tracers


gopkg.in/olebedev/go-duktape.v3


github.com/ethereum/go-ethereum/accounts/usbwallet


github.com/ethereum/go-ethereum/signer/core


github.com/ethereum/go-ethereum/accounts/external


github.com/ethereum/go-ethereum/accounts/abi/bind


github.com/ethereum/go-ethereum/accounts/abi/bind/backends


github.com/ethereum/go-ethereum/signer/fourbyte


github.com/ethereum/go-ethereum/cmd/abidump


github.com/ethereum/go-ethereum/miner


github.com/ethereum/go-ethereum/metrics/prometheus


github.com/ethereum/go-ethereum/metrics/exp


github.com/fjl/memsize


github.com/fjl/memsize/memsizeui


github.com/mattn/go-isatty


github.com/mattn/go-colorable


gopkg.in/urfave/cli.v1


github.com/ethereum/go-ethereum/internal/debug


github.com/ethereum/go-ethereum/node


github.com/ethereum/go-ethereum/contracts/checkpointoracle/contract


github.com/ethereum/go-ethereum/contracts/checkpointoracle


github.com/ethereum/go-ethereum/les/checkpointoracle


github.com/ethereum/go-ethereum/les/flowcontrol


github.com/ethereum/go-ethereum/light


github.com/graph-gophers/graphql-go/errors


github.com/graph-gophers/graphql-go/internal/common


github.com/graph-gophers/graphql-go/internal/schema


github.com/graph-gophers/graphql-go/internal/exec/packer


github.com/graph-gophers/graphql-go/introspection


github.com/graph-gophers/graphql-go/internal/exec/resolvable


github.com/graph-gophers/graphql-go/internal/query


github.com/graph-gophers/graphql-go/internal/exec/selected


github.com/graph-gophers/graphql-go/log


github.com/opentracing/opentracing-go/log


github.com/opentracing/opentracing-go


github.com/opentracing/opentracing-go/ext


github.com/graph-gophers/graphql-go/trace


github.com/graph-gophers/graphql-go/internal/exec


github.com/graph-gophers/graphql-go/internal/validation


github.com/graph-gophers/graphql-go


github.com/graph-gophers/graphql-go/relay


github.com/ethereum/go-ethereum/graphql


github.com/influxdata/influxdb/pkg/escape


github.com/influxdata/influxdb/models


github.com/influxdata/influxdb/client


github.com/ethereum/go-ethereum/metrics/influxdb


golang.org/x/sync/syncmap


github.com/ethereum/go-ethereum/whisper/whisperv6


github.com/ethereum/go-ethereum/common/compiler


github.com/ethereum/go-ethereum/ethclient


github.com/dlclark/regexp2/syntax


github.com/dlclark/regexp2


github.com/dop251/goja/file


github.com/dop251/goja/token


github.com/go-sourcemap/sourcemap/internal/base64vlq


github.com/go-sourcemap/sourcemap


github.com/dop251/goja/ast


github.com/dop251/goja/parser


golang.org/x/text/internal


golang.org/x/text/cases


golang.org/x/text/internal/colltab


golang.org/x/text/collate


github.com/dop251/goja


github.com/fatih/color


github.com/ethereum/go-ethereum/internal/jsre


github.com/ethereum/go-ethereum/internal/jsre/deps


github.com/ethereum/go-ethereum/internal/web3ext


github.com/peterh/liner


github.com/ethereum/go-ethereum/console


github.com/ethereum/go-ethereum/signer/rules/deps


github.com/ethereum/go-ethereum/signer/rules


github.com/aws/aws-sdk-go/aws/awserr


github.com/aws/aws-sdk-go/internal/ini


github.com/aws/aws-sdk-go/internal/shareddefaults


github.com/aws/aws-sdk-go/aws/credentials


github.com/aws/aws-sdk-go/aws/endpoints


github.com/aws/aws-sdk-go/internal/sdkio


github.com/aws/aws-sdk-go/aws


github.com/aws/aws-sdk-go/aws/client/metadata


github.com/jmespath/go-jmespath


github.com/aws/aws-sdk-go/aws/awsutil


github.com/aws/aws-sdk-go/aws/request


github.com/aws/aws-sdk-go/internal/sdkrand


github.com/aws/aws-sdk-go/aws/client


github.com/aws/aws-sdk-go/aws/corehandlers


github.com/aws/aws-sdk-go/aws/credentials/processcreds


github.com/aws/aws-sdk-go/internal/sdkmath


github.com/aws/aws-sdk-go/private/protocol


github.com/aws/aws-sdk-go/private/protocol/rest


github.com/aws/aws-sdk-go/aws/signer/v4


github.com/aws/aws-sdk-go/private/protocol/query/queryutil


github.com/aws/aws-sdk-go/private/protocol/xml/xmlutil


github.com/aws/aws-sdk-go/private/protocol/query


github.com/aws/aws-sdk-go/service/sts


github.com/aws/aws-sdk-go/service/sts/stsiface


github.com/aws/aws-sdk-go/aws/credentials/stscreds


github.com/aws/aws-sdk-go/aws/csm


github.com/aws/aws-sdk-go/internal/sdkuri


github.com/aws/aws-sdk-go/aws/ec2metadata


github.com/aws/aws-sdk-go/aws/credentials/ec2rolecreds


github.com/aws/aws-sdk-go/private/protocol/json/jsonutil


github.com/aws/aws-sdk-go/aws/credentials/endpointcreds


github.com/aws/aws-sdk-go/aws/defaults


github.com/aws/aws-sdk-go/aws/session


github.com/aws/aws-sdk-go/private/protocol/restxml


github.com/aws/aws-sdk-go/service/route53


golang.org/x/time/rate


github.com/cloudflare/cloudflare-go


github.com/ethereum/go-ethereum/p2p/dnsdisc


github.com/ethereum/go-ethereum/cmd/devp2p


github.com/ethereum/go-ethereum/core/asm


github.com/ethereum/go-ethereum/cmd/evm/internal/compiler


github.com/ethereum/go-ethereum/core/vm/runtime


github.com/ethereum/go-ethereum/tests


github.com/naoina/go-stringutil


github.com/naoina/toml/ast


github.com/naoina/toml


github.com/ethereum/go-ethereum/eth/tracers


github.com/docker/docker/pkg/reexec


github.com/ethereum/go-ethereum/p2p/simulations/pipes


github.com/ethereum/go-ethereum/p2p/simulations/adapters


github.com/ethereum/go-ethereum/eth


github.com/julienschmidt/httprouter


github.com/ethereum/go-ethereum/p2p/simulations


github.com/ethereum/go-ethereum/cmd/p2psim


github.com/ethereum/go-ethereum/les


github.com/ethereum/go-ethereum/ethstats


github.com/ethereum/go-ethereum/cmd/utils


github.com/ethereum/go-ethereum/cmd/abigen


github.com/ethereum/go-ethereum/cmd/bootnode


github.com/ethereum/go-ethereum/cmd/checkpoint-admin


github.com/ethereum/go-ethereum/cmd/clef


github.com/ethereum/go-ethereum/cmd/ethkey


github.com/ethereum/go-ethereum/cmd/evm


github.com/ethereum/go-ethereum/cmd/faucet


github.com/ethereum/go-ethereum/cmd/geth


golang.org/x/crypto/ed25519/internal/edwards25519


golang.org/x/crypto/ed25519


golang.org/x/crypto/internal/subtle


golang.org/x/crypto/internal/chacha20


golang.org/x/crypto/poly1305


golang.org/x/crypto/ssh


github.com/ethereum/go-ethereum/cmd/puppeth


github.com/ethereum/go-ethereum/cmd/rlpdump


github.com/ethereum/go-ethereum/whisper/mailserver


github.com/ethereum/go-ethereum/cmd/wnode


github.com/ethereum/go-ethereum/crypto/bn256/google


github.com/ethereum/go-ethereum/ethdb/dbtest


github.com/ethereum/go-ethereum/internal/cmdtest


github.com/ethereum/go-ethereum/internal/guide


github.com/ethereum/go-ethereum/internal/testlog


github.com/ethereum/go-ethereum/metrics/librato


github.com/ethereum/go-ethereum/whisper/shhclient


github.com/ethereum/go-ethereum/mobile


github.com/ethereum/go-ethereum/p2p/simulations/examples


github.com/ethereum/go-ethereum/p2p/testing


github.com/ethereum/go-ethereum/tests/fuzzers/keystore


github.com/ethereum/go-ethereum/tests/fuzzers/rlp


github.com/ethereum/go-ethereum/tests/fuzzers/trie


github.com/ethereum/go-ethereum/tests/fuzzers/whisperv6


travis_time:end:010f3835:start=1580476971156611000,finish=1580477104510742000,duration=133354131000,event=script
[0K[32;1mThe command "go run build/ci.go install" exited with 0.[0m


travis_time:start:126c141c
[0K$ go run build/ci.go test -coverage $TEST_PACKAGES


>>> /Users/travis/.gimme/versions/go1.13.7.darwin.amd64/bin/go test -ldflags -X main.gitCommit=15d09038a6b1d533bc78662f2f0b77ccf03aaab0 -X main.gitDate=20200131 -s -p 1 -timeout 5m -covermode=atomic -cover ./...


go: downloading github.com/stretchr/testify v1.4.0


go: extracting github.com/stretchr/testify v1.4.0


go: downloading gopkg.in/yaml.v2 v2.2.2


go: downloading github.com/pmezard/go-difflib v1.0.0


go: extracting github.com/pmezard/go-difflib v1.0.0


go: extracting gopkg.in/yaml.v2 v2.2.2


go: finding github.com/stretchr/testify v1.4.0


go: finding github.com/pmezard/go-difflib v1.0.0


go: finding gopkg.in/yaml.v2 v2.2.2


?   	github.com/ethereum/go-ethereum	[no test files]


ok  	github.com/ethereum/go-ethereum/accounts	0.034s	coverage: 30.8% of statements


ok  	github.com/ethereum/go-ethereum/accounts/abi	0.079s	coverage: 88.9% of statements


ok  	github.com/ethereum/go-ethereum/accounts/abi/bind	5.799s	coverage: 53.2% of statements


ok  	github.com/ethereum/go-ethereum/accounts/abi/bind/backends	0.093s	coverage: 64.7% of statements


?   	github.com/ethereum/go-ethereum/accounts/external	[no test files]


ok  	github.com/ethereum/go-ethereum/accounts/keystore	20.685s	coverage: 76.6% of statements


?   	github.com/ethereum/go-ethereum/accounts/scwallet	[no test files]


?   	github.com/ethereum/go-ethereum/accounts/usbwallet	[no test files]


?   	github.com/ethereum/go-ethereum/accounts/usbwallet/trezor	[no test files]


?   	github.com/ethereum/go-ethereum/cmd/abidump	[no test files]


?   	github.com/ethereum/go-ethereum/cmd/abigen	[no test files]


?   	github.com/ethereum/go-ethereum/cmd/bootnode	[no test files]


?   	github.com/ethereum/go-ethereum/cmd/checkpoint-admin	[no test files]


?   	github.com/ethereum/go-ethereum/cmd/clef	[no test files]


ok  	github.com/ethereum/go-ethereum/cmd/devp2p	0.058s	coverage: 11.0% of statements


ok  	github.com/ethereum/go-ethereum/cmd/ethkey	2.534s	coverage: 2.0% of statements


?   	github.com/ethereum/go-ethereum/cmd/evm	[no test files]


?   	github.com/ethereum/go-ethereum/cmd/evm/internal/compiler	[no test files]


?   	github.com/ethereum/go-ethereum/cmd/faucet	[no test files]


ok  	github.com/ethereum/go-ethereum/cmd/geth	14.609s	coverage: 1.6% of statements


?   	github.com/ethereum/go-ethereum/cmd/p2psim	[no test files]


ok  	github.com/ethereum/go-ethereum/cmd/puppeth	0.051s	coverage: 8.6% of statements


?   	github.com/ethereum/go-ethereum/cmd/rlpdump	[no test files]


ok  	github.com/ethereum/go-ethereum/cmd/utils	0.061s	coverage: 2.3% of statements


?   	github.com/ethereum/go-ethereum/cmd/wnode	[no test files]


ok  	github.com/ethereum/go-ethereum/common	0.010s	coverage: 39.3% of statements


ok  	github.com/ethereum/go-ethereum/common/bitutil	0.010s	coverage: 95.7% of statements


ok  	github.com/ethereum/go-ethereum/common/compiler	0.009s	coverage: 0.0% of statements


ok  	github.com/ethereum/go-ethereum/common/fdlimit	0.008s	coverage: 76.2% of statements


ok  	github.com/ethereum/go-ethereum/common/hexutil	0.011s	coverage: 80.9% of statements


ok  	github.com/ethereum/go-ethereum/common/math	0.009s	coverage: 92.4% of statements


ok  	github.com/ethereum/go-ethereum/common/mclock	0.009s	coverage: 86.6% of statements


ok  	github.com/ethereum/go-ethereum/common/prque	1.218s	coverage: 74.0% of statements


?   	github.com/ethereum/go-ethereum/consensus	[no test files]


ok  	github.com/ethereum/go-ethereum/consensus/clique	0.155s	coverage: 52.5% of statements


ok  	github.com/ethereum/go-ethereum/consensus/ethash	11.659s	coverage: 64.6% of statements


?   	github.com/ethereum/go-ethereum/consensus/misc	[no test files]


ok  	github.com/ethereum/go-ethereum/console	1.567s	coverage: 40.3% of statements


ok  	github.com/ethereum/go-ethereum/contracts/checkpointoracle	0.996s	coverage: 0.0% of statements


?   	github.com/ethereum/go-ethereum/contracts/checkpointoracle/contract	[no test files]


ok  	github.com/ethereum/go-ethereum/core	34.569s	coverage: 73.3% of statements


ok  	github.com/ethereum/go-ethereum/core/asm	0.037s	coverage: 72.6% of statements


ok  	github.com/ethereum/go-ethereum/core/bloombits	4.480s	coverage: 95.5% of statements


ok  	github.com/ethereum/go-ethereum/core/forkid	0.050s	coverage: 85.9% of statements


ok  	github.com/ethereum/go-ethereum/core/rawdb	5.753s	coverage: 48.2% of statements


ok  	github.com/ethereum/go-ethereum/core/state	12.273s	coverage: 76.9% of statements


ok  	github.com/ethereum/go-ethereum/core/types	0.340s	coverage: 50.1% of statements


ok  	github.com/ethereum/go-ethereum/core/vm	0.322s	coverage: 40.3% of statements


ok  	github.com/ethereum/go-ethereum/core/vm/runtime	0.071s	coverage: 76.7% of statements


ok  	github.com/ethereum/go-ethereum/crypto	0.086s	coverage: 80.5% of statements


ok  	github.com/ethereum/go-ethereum/crypto/blake2b	0.065s	coverage: 90.3% of statements


?   	github.com/ethereum/go-ethereum/crypto/bn256	[no test files]


ok  	github.com/ethereum/go-ethereum/crypto/bn256/cloudflare	0.133s	coverage: 81.3% of statements


ok  	github.com/ethereum/go-ethereum/crypto/bn256/google	0.699s	coverage: 91.6% of statements


ok  	github.com/ethereum/go-ethereum/crypto/ecies	0.045s	coverage: 75.9% of statements


ok  	github.com/ethereum/go-ethereum/crypto/secp256k1	1.730s	coverage: 30.6% of statements


ok  	github.com/ethereum/go-ethereum/eth	21.827s	coverage: 27.4% of statements


ok  	github.com/ethereum/go-ethereum/eth/downloader	115.186s	coverage: 78.4% of statements


ok  	github.com/ethereum/go-ethereum/eth/fetcher	13.022s	coverage: 90.1% of statements


ok  	github.com/ethereum/go-ethereum/eth/filters	2.892s	coverage: 53.8% of statements


?   	github.com/ethereum/go-ethereum/eth/gasprice	[no test files]


ok  	github.com/ethereum/go-ethereum/eth/tracers	0.292s	coverage: 75.6% of statements


?   	github.com/ethereum/go-ethereum/eth/tracers/internal/tracers	[no test files]


ok  	github.com/ethereum/go-ethereum/ethclient	0.204s	coverage: 14.0% of statements


?   	github.com/ethereum/go-ethereum/ethdb	[no test files]


?   	github.com/ethereum/go-ethereum/ethdb/dbtest	[no test files]


ok  	github.com/ethereum/go-ethereum/ethdb/leveldb	0.032s	coverage: 15.1% of statements


ok  	github.com/ethereum/go-ethereum/ethdb/memorydb	0.009s	coverage: 81.6% of statements


?   	github.com/ethereum/go-ethereum/ethstats	[no test files]


ok  	github.com/ethereum/go-ethereum/event	1.003s	coverage: 94.3% of statements


ok  	github.com/ethereum/go-ethereum/graphql	0.061s	coverage: 2.1% of statements


?   	github.com/ethereum/go-ethereum/internal/build	[no test files]


?   	github.com/ethereum/go-ethereum/internal/cmdtest	[no test files]


?   	github.com/ethereum/go-ethereum/internal/debug	[no test files]


?   	github.com/ethereum/go-ethereum/internal/ethapi	[no test files]


ok  	github.com/ethereum/go-ethereum/internal/guide	17.266s	coverage: [no statements]


ok  	github.com/ethereum/go-ethereum/internal/jsre	0.260s	coverage: 48.9% of statements


?   	github.com/ethereum/go-ethereum/internal/jsre/deps	[no test files]


?   	github.com/ethereum/go-ethereum/internal/testlog	[no test files]


?   	github.com/ethereum/go-ethereum/internal/web3ext	[no test files]


ok  	github.com/ethereum/go-ethereum/les	49.087s	coverage: 51.4% of statements


?   	github.com/ethereum/go-ethereum/les/checkpointoracle	[no test files]


ok  	github.com/ethereum/go-ethereum/les/flowcontrol	14.521s	coverage: 37.9% of statements


ok  	github.com/ethereum/go-ethereum/light	1.063s	coverage: 38.0% of statements


?   	github.com/ethereum/go-ethereum/log	[no test files]


--- FAIL: TestTimerFunc (0.16s)


    timer_test.go:51: tm.Max(): 35e6 > 159968887 || 159968887 > 145e6


FAIL


coverage: 49.5% of statements


FAIL	github.com/ethereum/go-ethereum/metrics	6.728s


?   	github.com/ethereum/go-ethereum/metrics/exp	[no test files]


?   	github.com/ethereum/go-ethereum/metrics/influxdb	[no test files]


?   	github.com/ethereum/go-ethereum/metrics/librato	[no test files]


?   	github.com/ethereum/go-ethereum/metrics/prometheus	[no test files]


ok  	github.com/ethereum/go-ethereum/miner	12.712s	coverage: 67.3% of statements


ok  	github.com/ethereum/go-ethereum/mobile	0.091s	coverage: 15.2% of statements


ok  	github.com/ethereum/go-ethereum/node	1.223s	coverage: 43.0% of statements


ok  	github.com/ethereum/go-ethereum/p2p	0.753s	coverage: 74.2% of statements


ok  	github.com/ethereum/go-ethereum/p2p/discover	73.129s	coverage: 76.2% of statements


ok  	github.com/ethereum/go-ethereum/p2p/discv5	9.293s	coverage: 46.0% of statements


ok  	github.com/ethereum/go-ethereum/p2p/dnsdisc	1.008s	coverage: 86.7% of statements


ok  	github.com/ethereum/go-ethereum/p2p/enode	2.563s	coverage: 81.3% of statements


ok  	github.com/ethereum/go-ethereum/p2p/enr	0.022s	coverage: 62.3% of statements


ok  	github.com/ethereum/go-ethereum/p2p/nat	2.757s	coverage: 20.3% of statements


ok  	github.com/ethereum/go-ethereum/p2p/netutil	0.019s	coverage: 84.1% of statements


ok  	github.com/ethereum/go-ethereum/p2p/simulations	5.095s	coverage: 69.2% of statements


ok  	github.com/ethereum/go-ethereum/p2p/simulations/adapters	0.102s	coverage: 0.2% of statements


?   	github.com/ethereum/go-ethereum/p2p/simulations/examples	[no test files]


?   	github.com/ethereum/go-ethereum/p2p/simulations/pipes	[no test files]


?   	github.com/ethereum/go-ethereum/p2p/testing	[no test files]


ok  	github.com/ethereum/go-ethereum/params	0.034s	coverage: 49.6% of statements


ok  	github.com/ethereum/go-ethereum/rlp	0.021s	coverage: 96.6% of statements


ok  	github.com/ethereum/go-ethereum/rpc	11.111s	coverage: 76.9% of statements


ok  	github.com/ethereum/go-ethereum/signer/core	4.766s	coverage: 42.0% of statements


ok  	github.com/ethereum/go-ethereum/signer/fourbyte	4.347s	coverage: 46.9% of statements


ok  	github.com/ethereum/go-ethereum/signer/rules	0.213s	coverage: 78.6% of statements


?   	github.com/ethereum/go-ethereum/signer/rules/deps	[no test files]


ok  	github.com/ethereum/go-ethereum/signer/storage	0.031s	coverage: 52.3% of statements


ok  	github.com/ethereum/go-ethereum/tests	146.372s	coverage: 68.5% of statements


?   	github.com/ethereum/go-ethereum/tests/fuzzers/keystore	[no test files]


?   	github.com/ethereum/go-ethereum/tests/fuzzers/rlp	[no test files]


?   	github.com/ethereum/go-ethereum/tests/fuzzers/trie	[no test files]


?   	github.com/ethereum/go-ethereum/tests/fuzzers/whisperv6	[no test files]


ok  	github.com/ethereum/go-ethereum/trie	4.375s	coverage: 71.2% of statements


ok  	github.com/ethereum/go-ethereum/whisper/mailserver	0.458s	coverage: 66.7% of statements


?   	github.com/ethereum/go-ethereum/whisper/shhclient	[no test files]


ok  	github.com/ethereum/go-ethereum/whisper/whisperv6	20.374s	coverage: 64.5% of statements


FAIL


util.go:45: exit status 1


exit status 1


travis_time:end:126c141c:start=1580477104524737000,finish=1580478012664157000,duration=908139420000,event=script
[0K[31;1mThe command "go run build/ci.go test -coverage $TEST_PACKAGES" exited with 1.[0m








Done. Your build exited with 1.


