travis_fold:start:worker_info
[0K[33;1mWorker information[0m
hostname: 5c78a913-be11-4cbe-ac12-53bf9492576a@1.worker-org-6bc68c5dcd-ngr4h.macstadium-prod-2
version: v6.2.0 https://github.com/travis-ci/worker/tree/5e5476e01646095f48eec13196fdb3faf8f5cbf7
instance: ea73b5d8-67de-499b-a4f1-6c964fae8a04 travis-ci-macos10.14-xcode11.3-1576638729 (via amqp)
startup: 1m18.899497085s
travis_fold:end:worker_info
[0Ktravis_time:start:01a8b3a0
[0Ktravis_time:end:01a8b3a0:start=1580743800583093000,finish=1580743801292277000,duration=709184000,event=no_world_writable_dirs
[0Ktravis_time:start:0e94e467
[0Ktravis_time:end:0e94e467:start=1580743801304333000,finish=1580743801326584000,duration=22251000,event=setup_filter
[0Ktravis_time:start:20743e2d
[0Ktravis_time:end:20743e2d:start=1580743801337747000,finish=1580743801348698000,duration=10951000,event=check_unsupported
[0Ktravis_time:start:057312a2
[0Ktravis_fold:start:system_info
[0K[33;1mBuild system information[0m


Build language: go


Build id: 645505769


Job id: 645505774


Runtime kernel version: 18.5.0


travis-build version: fac76917d


[34m[1mBuild image provisioning date and time[0m


Wed Dec 18 06:34:24 GMT 2019


[34m[1mOperating System Details[0m


ProductName:	Mac OS X


ProductVersion:	10.14.4


BuildVersion:	18E226


[34m[1mGit version[0m


git version 2.24.1


[34m[1mbash version[0m


GNU bash, version 3.2.57(1)-release (x86_64-apple-darwin18)


Copyright (C) 2007 Free Software Foundation, Inc.


[34m[1mGCC version[0m


Apple clang version 11.0.0 (clang-1100.0.33.16)


Target: x86_64-apple-darwin18.5.0


Thread model: posix


InstalledDir: /Applications/Xcode-11.3.app/Contents/Developer/Toolchains/XcodeDefault.xctoolchain/usr/bin


[34m[1mLLVM version[0m


Apple clang version 11.0.0 (clang-1100.0.33.16)


Target: x86_64-apple-darwin18.5.0


Thread model: posix


InstalledDir: /Applications/Xcode-11.3.app/Contents/Developer/Toolchains/XcodeDefault.xctoolchain/usr/bin


[34m[1mPre-installed Ruby versions[0m


ruby-2.6.4


[34m[1mPre-installed Node.js versions[0m


v10.17.0


v10.18.0


v12.13.0


v12.14.0


v13.0.1


v4.9.1


v6.17.1


v8.16.2


v8.17.0


[34m[1mmvn -version[0m


Apache Maven 3.6.3 (cecedd343002696d0abb50b32b541b8a6ba2883f)


Maven home: /usr/local/Cellar/maven/3.6.3/libexec


Java version: 13.0.1, vendor: Oracle Corporation, runtime: /Library/Java/JavaVirtualMachines/openjdk-13.0.1.jdk/Contents/Home


Default locale: en_US, platform encoding: UTF-8


OS name: "mac os x", version: "10.14.4", arch: "x86_64", family: "mac"


travis_fold:end:system_info
[0K


travis_time:end:057312a2:start=1580743801360312000,finish=1580743801398379000,duration=38067000,event=show_system_info
[0Ktravis_time:start:36bdcb49
[0Ktravis_time:end:36bdcb49:start=1580743801413380000,finish=1580743801431557000,duration=18177000,event=rm_riak_source
[0Ktravis_time:start:10b2ab68
[0Ktravis_time:end:10b2ab68:start=1580743801445033000,finish=1580743801456232000,duration=11199000,event=fix_rwky_redis
[0Ktravis_time:start:008b57cc
[0Ktravis_time:end:008b57cc:start=1580743801464804000,finish=1580743808809358000,duration=7344554000,event=wait_for_network
[0Ktravis_time:start:11cc7192
[0Ktravis_time:end:11cc7192:start=1580743808818913000,finish=1580743808826611000,duration=7698000,event=update_apt_keys
[0Ktravis_time:start:126c671a
[0Ktravis_time:end:126c671a:start=1580743808836119000,finish=1580743808845501000,duration=9382000,event=fix_hhvm_source
[0Ktravis_time:start:1f101430
[0Ktravis_time:end:1f101430:start=1580743808855316000,finish=1580743808863387000,duration=8071000,event=update_mongo_arch
[0Ktravis_time:start:037fdfb1
[0Ktravis_time:end:037fdfb1:start=1580743808872920000,finish=1580743808884849000,duration=11929000,event=fix_sudo_enabled_trusty
[0Ktravis_time:start:07b17d3f
[0Ktravis_time:end:07b17d3f:start=1580743808895946000,finish=1580743808903993000,duration=8047000,event=update_glibc
[0Ktravis_time:start:0b293dd6
[0Ktravis_time:end:0b293dd6:start=1580743808915819000,finish=1580743808982454000,duration=66635000,event=clean_up_path
[0Ktravis_time:start:194e5390
[0Ktravis_time:end:194e5390:start=1580743808992843000,finish=1580743809045971000,duration=53128000,event=fix_resolv_conf
[0Ktravis_time:start:01954fa6
[0Ktravis_time:end:01954fa6:start=1580743809055990000,finish=1580743809112538000,duration=56548000,event=fix_etc_hosts
[0Ktravis_time:start:07b5068e
[0Ktravis_time:end:07b5068e:start=1580743809121879000,finish=1580743809129525000,duration=7646000,event=fix_mvn_settings_xml
[0Ktravis_time:start:12ca20d5
[0Ktravis_time:end:12ca20d5:start=1580743809140744000,finish=1580743809196297000,duration=55553000,event=no_ipv6_localhost
[0Ktravis_time:start:020fa404
[0Ktravis_time:end:020fa404:start=1580743809208561000,finish=1580743809216084000,duration=7523000,event=fix_etc_mavenrc
[0Ktravis_time:start:28b438a4
[0Ktravis_time:end:28b438a4:start=1580743809225276000,finish=1580743809554257000,duration=328981000,event=fix_wwdr_certificate
[0Ktravis_time:start:0f500d89
[0Ktravis_time:end:0f500d89:start=1580743809565202000,finish=1580743809760802000,duration=195600000,event=put_localhost_first
[0Ktravis_time:start:2d077583
[0Ktravis_time:end:2d077583:start=1580743809770592000,finish=1580743809778310000,duration=7718000,event=home_paths
[0Ktravis_time:start:0b8b9f6c
[0Ktravis_time:end:0b8b9f6c:start=1580743809789708000,finish=1580743809805865000,duration=16157000,event=disable_initramfs
[0Ktravis_time:start:142a553e
[0Ktravis_time:end:142a553e:start=1580743809815296000,finish=1580743809840621000,duration=25325000,event=disable_ssh_roaming
[0Ktravis_time:start:1f1f8ff9
[0Ktravis_time:end:1f1f8ff9:start=1580743809850072000,finish=1580743809857757000,duration=7685000,event=debug_tools
[0Ktravis_time:start:04d04e20
[0K


travis_time:end:04d04e20:start=1580743809867320000,finish=1580743813603848000,duration=3736528000,event=uninstall_oclint
[0Ktravis_time:start:033ad724
[0Ktravis_time:end:033ad724:start=1580743813612859000,finish=1580743814760774000,duration=1147915000,event=rvm_use
[0Ktravis_time:start:07ce3708
[0Ktravis_time:end:07ce3708:start=1580743814770828000,finish=1580743814823533000,duration=52705000,event=rm_etc_boto_cfg
[0Ktravis_time:start:1bcbc694
[0Ktravis_time:end:1bcbc694:start=1580743814835979000,finish=1580743814843826000,duration=7847000,event=rm_oraclejdk8_symlink
[0Ktravis_time:start:03ce3ec8
[0Ktravis_time:end:03ce3ec8:start=1580743814854513000,finish=1580743814868395000,duration=13882000,event=enable_i386
[0Ktravis_time:start:30449f50
[0Ktravis_time:end:30449f50:start=1580743814879454000,finish=1580743814891808000,duration=12354000,event=update_rubygems
[0Ktravis_time:start:3c79b198
[0Ktravis_time:end:3c79b198:start=1580743814901885000,finish=1580743814915821000,duration=13936000,event=ensure_path_components
[0Ktravis_time:start:00bbd5a8
[0Ktravis_time:end:00bbd5a8:start=1580743814927709000,finish=1580743814935761000,duration=8052000,event=redefine_curl
[0Ktravis_time:start:1ee4d1b0
[0Ktravis_time:end:1ee4d1b0:start=1580743814946211000,finish=1580743815144128000,duration=197917000,event=nonblock_pipe
[0Ktravis_time:start:078ee69e
[0Ktravis_time:end:078ee69e:start=1580743815155439000,finish=1580743815163904000,duration=8465000,event=apt_get_update
[0Ktravis_time:start:0165b2e0
[0Ktravis_time:end:0165b2e0:start=1580743815173457000,finish=1580743815181628000,duration=8171000,event=deprecate_xcode_64
[0Ktravis_time:start:10d11400
[0Ktravis_time:end:10d11400:start=1580743815193931000,finish=1580743815205618000,duration=11687000,event=update_heroku
[0Ktravis_time:start:18200a8a
[0Ktravis_time:end:18200a8a:start=1580743815217408000,finish=1580743815225174000,duration=7766000,event=shell_session_update
[0Ktravis_time:start:0199f744
[0Ktravis_time:end:0199f744:start=1580743815235148000,finish=1580743815242962000,duration=7814000,event=maven_central_mirror
[0Ktravis_time:start:273aa305
[0Ktravis_time:end:273aa305:start=1580743815253322000,finish=1580743815260786000,duration=7464000,event=maven_https
[0Ktravis_time:start:0781e5b8
[0Ktravis_time:end:0781e5b8:start=1580743815270599000,finish=1580743815278030000,duration=7431000,event=fix_ps4
[0KUpdating gimme


travis_time:start:08764122
[0K


travis_fold:start:git.checkout
[0Ktravis_time:start:065f2b60
[0K$ git clone --depth=50 --branch=master https://github.com/ethereum/go-ethereum.git ethereum/go-ethereum


Cloning into 'ethereum/go-ethereum'...


Updating files:  35% (432/1219)
Updating files:  36% (439/1219)
Updating files:  37% (452/1219)
Updating files:  38% (464/1219)
Updating files:  39% (476/1219)
Updating files:  40% (488/1219)
Updating files:  41% (500/1219)
Updating files:  42% (512/1219)
Updating files:  43% (525/1219)
Updating files:  44% (537/1219)
Updating files:  45% (549/1219)
Updating files:  46% (561/1219)
Updating files:  47% (573/1219)
Updating files:  48% (586/1219)
Updating files:  49% (598/1219)
Updating files:  50% (610/1219)
Updating files:  51% (622/1219)
Updating files:  52% (634/1219)
Updating files:  53% (647/1219)
Updating files:  54% (659/1219)
Updating files:  55% (671/1219)
Updating files:  56% (683/1219)
Updating files:  57% (695/1219)
Updating files:  58% (708/1219)
Updating files:  59% (720/1219)
Updating files:  60% (732/1219)
Updating files:  61% (744/1219)
Updating files:  62% (756/1219)
Updating files:  63% (768/1219)
Updating files:  64% (781/1219)
Updating files:  65% (793/1219)
Updating files:  66% (805/1219)
Updating files:  66% (808/1219)
Updating files:  67% (817/1219)
Updating files:  68% (829/1219)
Updating files:  69% (842/1219)
Updating files:  70% (854/1219)
Updating files:  71% (866/1219)
Updating files:  72% (878/1219)
Updating files:  73% (890/1219)
Updating files:  74% (903/1219)
Updating files:  75% (915/1219)
Updating files:  76% (927/1219)
Updating files:  77% (939/1219)
Updating files:  78% (951/1219)
Updating files:  79% (964/1219)
Updating files:  80% (976/1219)
Updating files:  81% (988/1219)
Updating files:  82% (1000/1219)
Updating files:  83% (1012/1219)
Updating files:  84% (1024/1219)
Updating files:  85% (1037/1219)
Updating files:  86% (1049/1219)
Updating files:  87% (1061/1219)
Updating files:  88% (1073/1219)
Updating files:  89% (1085/1219)
Updating files:  90% (1098/1219)
Updating files:  91% (1110/1219)
Updating files:  92% (1122/1219)
Updating files:  93% (1134/1219)
Updating files:  94% (1146/1219)
Updating files:  95% (1159/1219)
Updating files:  96% (1171/1219)
Updating files:  97% (1183/1219)
Updating files:  98% (1195/1219)
Updating files:  99% (1207/1219)
Updating files: 100% (1219/1219)
Updating files: 100% (1219/1219), done.


travis_time:end:065f2b60:start=1580743845127748000,finish=1580743850022091000,duration=4894343000,event=checkout
[0K$ cd ethereum/go-ethereum


$ git checkout -qf 4cc89a5a32bd3623a065765637d5c08641e2a251


travis_fold:end:git.checkout
[0K


travis_fold:start:git.submodule
[0Ktravis_time:start:0449ef97
[0K$ git submodule update --init --recursive


Submodule 'tests' (https://github.com/ethereum/tests) registered for path 'tests/testdata'


Cloning into '/Users/travis/build/ethereum/go-ethereum/tests/testdata'...


Submodule path 'tests/testdata': checked out 'b5eb9900ee2147b40d3e681fe86efa4fd693959a'


travis_time:end:0449ef97:start=1580743850103461000,finish=1580743971709202000,duration=121605741000,event=checkout
[0Ktravis_fold:end:git.submodule
[0Ktravis_time:end:0449ef97:start=1580743850103461000,finish=1580743971717639000,duration=121614178000,event=checkout
[0K$ travis_export_go 1.13.x github.com/ethereum/go-ethereum


travis_time:start:1744e940
[0K


[33;1mSetting environment variables from repository settings[0m


$ export IOS_SIGNING_KEY=[secure]


$ export LINUX_SIGNING_KEY=[secure]


$ export OSX_SIGNING_KEY=[secure]


$ export ANDROID_SIGNING_KEY=[secure]


$ export AZURE_BLOBSTORE_TOKEN=[secure]


$ export ANDROID_SONATYPE_USERNAME=[secure]


$ export ANDROID_SONATYPE_PASSWORD=[secure]


$ export COCOAPODS_TRUNK_TOKEN=[secure]


$ export PPA_SIGNING_KEY=[secure]


$ export PPA_SSH_KEY=[secure]





travis_time:end:1744e940:start=1580743971745895000,finish=1580743971784708000,duration=38813000,event=env
[0Ktravis_time:start:231ebcd4
[0K$ travis_setup_go


go version go1.13.7 darwin/amd64


$ export GOPATH="/Users/travis/gopath"


$ export PATH="/Users/travis/gopath/bin:/Users/travis/.gimme/versions/go1.13.7.darwin.amd64/bin:/Users/travis/bin:/Users/travis/.rvm/gems/ruby-2.6.4/bin:/Users/travis/.rvm/gems/ruby-2.6.4@global/bin:/Users/travis/.rvm/rubies/ruby-2.6.4/bin:/Users/travis/.rvm/bin:/Users/travis/bin:/Users/travis/.local/bin:/Users/travis/.nvm/versions/node/v13.0.1/bin:/usr/local/bin:/usr/bin:/bin:/usr/sbin:/sbin:/opt/X11/bin"


$ export GO111MODULE="auto"


travis_time:end:231ebcd4:start=1580743971795910000,finish=1580744117132388000,duration=145336478000,event=
[0K$ gimme version


v1.5.3


$ go version


go version go1.13.7 darwin/amd64


travis_fold:start:go.env
[0K$ go env


GO111MODULE="auto"


GOARCH="amd64"


GOBIN=""


GOCACHE="/Users/travis/Library/Caches/go-build"


GOENV="/Users/travis/Library/Application Support/go/env"


GOEXE=""


GOFLAGS=""


GOHOSTARCH="amd64"


GOHOSTOS="darwin"


GONOPROXY=""


GONOSUMDB=""


GOOS="darwin"


GOPATH="/Users/travis/gopath"


GOPRIVATE=""


GOPROXY="https://proxy.golang.org,direct"


GOROOT="/Users/travis/.gimme/versions/go1.13.7.darwin.amd64"


GOSUMDB="sum.golang.org"


GOTMPDIR=""


GOTOOLDIR="/Users/travis/.gimme/versions/go1.13.7.darwin.amd64/pkg/tool/darwin_amd64"


GCCGO="gccgo"


AR="ar"


CC="clang"


CXX="clang++"


CGO_ENABLED="1"


GOMOD="/Users/travis/gopath/src/github.com/ethereum/go-ethereum/go.mod"


CGO_CFLAGS="-g -O2"


CGO_CPPFLAGS=""


CGO_CXXFLAGS="-g -O2"


CGO_FFLAGS="-g -O2"


CGO_LDFLAGS="-g -O2"


PKG_CONFIG="pkg-config"


GOGCCFLAGS="-fPIC -m64 -pthread -fno-caret-diagnostics -Qunused-arguments -fmessage-length=0 -fdebug-prefix-map=/var/folders/17/5mc7816d3mndxjqgplq6057w0000gn/T/go-build871035929=/tmp/go-build -gno-record-gcc-switches -fno-common"


travis_fold:end:go.env
[0Ktravis_fold:start:install
[0Ktravis_time:start:2d207709
[0K$ travis_install_go_dependencies 1.13.x -v


Makefile detected


travis_time:end:2d207709:start=1580744117749565000,finish=1580744117769422000,duration=19857000,event=install
[0Ktravis_fold:end:install
[0Ktravis_time:start:2abf5f6a
[0K$ echo "Increase the maximum number of open file descriptors on macOS"


Increase the maximum number of open file descriptors on macOS


travis_time:end:2abf5f6a:start=1580744117780352000,finish=1580744117788355000,duration=8003000,event=script
[0K[32;1mThe command "echo "Increase the maximum number of open file descriptors on macOS"" exited with 0.[0m


travis_time:start:0a1bfc4c
[0K$ NOFILE=20480


travis_time:end:0a1bfc4c:start=1580744117799933000,finish=1580744117807994000,duration=8061000,event=script
[0K[32;1mThe command "NOFILE=20480" exited with 0.[0m


travis_time:start:05496c13
[0K$ sudo sysctl -w kern.maxfiles=$NOFILE


kern.maxfiles: 12288 -> 20480


travis_time:end:05496c13:start=1580744117818425000,finish=1580744117890462000,duration=72037000,event=script
[0K[32;1mThe command "sudo sysctl -w kern.maxfiles=$NOFILE" exited with 0.[0m


travis_time:start:170d88d1
[0K$ sudo sysctl -w kern.maxfilesperproc=$NOFILE


kern.maxfilesperproc: 10240 -> 20480


travis_time:end:170d88d1:start=1580744117915749000,finish=1580744117972694000,duration=56945000,event=script
[0K[32;1mThe command "sudo sysctl -w kern.maxfilesperproc=$NOFILE" exited with 0.[0m


travis_time:start:0218967e
[0K$ sudo launchctl limit maxfiles $NOFILE $NOFILE


travis_time:end:0218967e:start=1580744117997513000,finish=1580744118057734000,duration=60221000,event=script
[0K[32;1mThe command "sudo launchctl limit maxfiles $NOFILE $NOFILE" exited with 0.[0m


travis_time:start:06dfe310
[0K$ sudo launchctl limit maxfiles


	maxfiles    20480          20480          


travis_time:end:06dfe310:start=1580744118073558000,finish=1580744118129470000,duration=55912000,event=script
[0K[32;1mThe command "sudo launchctl limit maxfiles" exited with 0.[0m


travis_time:start:09a2c9c0
[0K$ ulimit -S -n $NOFILE


travis_time:end:09a2c9c0:start=1580744118152103000,finish=1580744118163891000,duration=11788000,event=script
[0K[32;1mThe command "ulimit -S -n $NOFILE" exited with 0.[0m


travis_time:start:126d6380
[0K$ ulimit -n


20480


travis_time:end:126d6380:start=1580744118183979000,finish=1580744118194403000,duration=10424000,event=script
[0K[32;1mThe command "ulimit -n" exited with 0.[0m


travis_time:start:179b2960
[0K$ unset -f cd


travis_time:end:179b2960:start=1580744118215711000,finish=1580744118226951000,duration=11240000,event=script
[0K[32;1mThe command "unset -f cd" exited with 0.[0m


travis_time:start:2012b373
[0K$ go run build/ci.go install


go: downloading github.com/cespare/cp v0.1.0


go: downloading github.com/Azure/azure-storage-blob-go v0.7.0


go: downloading golang.org/x/crypto v0.0.0-20190308221718-c2843e01d9a2


go: extracting github.com/cespare/cp v0.1.0


go: extracting github.com/Azure/azure-storage-blob-go v0.7.0


go: extracting golang.org/x/crypto v0.0.0-20190308221718-c2843e01d9a2


go: downloading github.com/Azure/azure-pipeline-go v0.2.2


go: extracting github.com/Azure/azure-pipeline-go v0.2.2


go: downloading github.com/mattn/go-ieproxy v0.0.0-20190702010315-6dee0af9227d


go: extracting github.com/mattn/go-ieproxy v0.0.0-20190702010315-6dee0af9227d


go: finding github.com/cespare/cp v0.1.0


go: finding github.com/Azure/azure-storage-blob-go v0.7.0


go: finding github.com/Azure/azure-pipeline-go v0.2.2


go: finding github.com/mattn/go-ieproxy v0.0.0-20190702010315-6dee0af9227d


go: finding golang.org/x/crypto v0.0.0-20190308221718-c2843e01d9a2


>>> /Users/travis/.gimme/versions/go1.13.7.darwin.amd64/bin/go install -ldflags -X main.gitCommit=4cc89a5a32bd3623a065765637d5c08641e2a251 -X main.gitDate=20200203 -s -v ./...


go: downloading golang.org/x/sync v0.0.0-20181108010431-42b317875d0f


go: downloading github.com/gorilla/websocket v1.4.1-0.20190629185528-ae1634f6a989


go: downloading github.com/deckarep/golang-set v0.0.0-20180603214616-504e848d77ea


go: downloading github.com/graph-gophers/graphql-go v0.0.0-20191115155744-f33e81362277


go: downloading github.com/aristanetworks/goarista v0.0.0-20170210015632-ea17b1a17847


go: downloading github.com/wsddn/go-ecdh v0.0.0-20161211032359-48726bab9208


go: downloading github.com/rjeczalik/notify v0.9.1


go: downloading github.com/syndtr/goleveldb v1.0.1-0.20190923125748-758128399b1d


go: downloading github.com/prometheus/tsdb v0.6.2-0.20190402121629-4f204dcbc150


go: downloading github.com/gballet/go-libpcsclite v0.0.0-20190607065134-2772fd86a8ff


go: extracting github.com/wsddn/go-ecdh v0.0.0-20161211032359-48726bab9208


go: extracting github.com/rjeczalik/notify v0.9.1


go: extracting github.com/deckarep/golang-set v0.0.0-20180603214616-504e848d77ea


go: extracting github.com/syndtr/goleveldb v1.0.1-0.20190923125748-758128399b1d


go: extracting github.com/aristanetworks/goarista v0.0.0-20170210015632-ea17b1a17847


go: extracting github.com/gballet/go-libpcsclite v0.0.0-20190607065134-2772fd86a8ff


go: extracting github.com/graph-gophers/graphql-go v0.0.0-20191115155744-f33e81362277


go: extracting github.com/gorilla/websocket v1.4.1-0.20190629185528-ae1634f6a989


go: extracting golang.org/x/sync v0.0.0-20181108010431-42b317875d0f


go: downloading github.com/status-im/keycard-go v0.0.0-20190316090335-8537d3370df4


go: extracting github.com/status-im/keycard-go v0.0.0-20190316090335-8537d3370df4


go: extracting github.com/prometheus/tsdb v0.6.2-0.20190402121629-4f204dcbc150


go: downloading github.com/elastic/gosigar v0.8.1-0.20180330100440-37f05ff46ffa


go: downloading github.com/jackpal/go-nat-pmp v1.0.2-0.20160603034137-1fa385a6f458


go: extracting github.com/elastic/gosigar v0.8.1-0.20180330100440-37f05ff46ffa


go: extracting github.com/jackpal/go-nat-pmp v1.0.2-0.20160603034137-1fa385a6f458


go: downloading github.com/huin/goupnp v0.0.0-20161224104101-679507af18f3


go: downloading github.com/mattn/go-colorable v0.1.0


go: extracting github.com/huin/goupnp v0.0.0-20161224104101-679507af18f3


go: extracting github.com/mattn/go-colorable v0.1.0


go: downloading github.com/naoina/toml v0.1.2-0.20170918210437-9fafd6967416


go: downloading github.com/aws/aws-sdk-go v1.25.48


go: extracting github.com/naoina/toml v0.1.2-0.20170918210437-9fafd6967416


go: downloading golang.org/x/text v0.3.2


go: downloading github.com/VictoriaMetrics/fastcache v1.5.3


go: downloading github.com/golang/protobuf v1.3.2-0.20190517061210-b285ee9cfc6c


go: downloading golang.org/x/time v0.0.0-20190308202827-9d24e82272b4


go: downloading golang.org/x/net v0.0.0-20190628185345-da137c7871d7


go: extracting github.com/VictoriaMetrics/fastcache v1.5.3


go: extracting golang.org/x/time v0.0.0-20190308202827-9d24e82272b4


go: downloading github.com/edsrzf/mmap-go v0.0.0-20160512033002-935e0e8a636c


go: extracting github.com/edsrzf/mmap-go v0.0.0-20160512033002-935e0e8a636c


go: downloading github.com/peterh/liner v1.1.1-0.20190123174540-a2c9a5303de7


go: downloading github.com/naoina/go-stringutil v0.1.0


go: downloading github.com/fatih/color v1.3.0


go: extracting github.com/peterh/liner v1.1.1-0.20190123174540-a2c9a5303de7


go: extracting github.com/golang/protobuf v1.3.2-0.20190517061210-b285ee9cfc6c


go: extracting golang.org/x/net v0.0.0-20190628185345-da137c7871d7


go: extracting github.com/naoina/go-stringutil v0.1.0


go: downloading gopkg.in/urfave/cli.v1 v1.20.0


go: extracting github.com/fatih/color v1.3.0


go: extracting golang.org/x/text v0.3.2


go: downloading github.com/pkg/errors v0.8.1


go: downloading github.com/pborman/uuid v0.0.0-20170112150404-1b00554d8222


go: downloading github.com/mattn/go-isatty v0.0.5-0.20180830101745-3fb116b82035


go: extracting gopkg.in/urfave/cli.v1 v1.20.0


go: extracting github.com/pborman/uuid v0.0.0-20170112150404-1b00554d8222


go: extracting github.com/mattn/go-isatty v0.0.5-0.20180830101745-3fb116b82035


go: extracting github.com/pkg/errors v0.8.1


go: downloading github.com/hashicorp/golang-lru v0.0.0-20160813221303-0a025b7e63ad


go: downloading gopkg.in/olebedev/go-duktape.v3 v3.0.0-20190213234257-ec84240a7772


go: extracting github.com/hashicorp/golang-lru v0.0.0-20160813221303-0a025b7e63ad


go: downloading github.com/steakknife/bloomfilter v0.0.0-20180922174646-6819c0d2a570


go: downloading github.com/influxdata/influxdb v1.2.3-0.20180221223340-01288bdb0883


go: extracting github.com/steakknife/bloomfilter v0.0.0-20180922174646-6819c0d2a570


go: downloading github.com/julienschmidt/httprouter v1.1.1-0.20170430222011-975b5c4c7c21


go: extracting gopkg.in/olebedev/go-duktape.v3 v3.0.0-20190213234257-ec84240a7772


go: downloading github.com/davecgh/go-spew v1.1.1


go: extracting github.com/julienschmidt/httprouter v1.1.1-0.20170430222011-975b5c4c7c21


go: downloading github.com/docker/docker v1.4.2-0.20180625184442-8e610b2b55bf


go: extracting github.com/influxdata/influxdb v1.2.3-0.20180221223340-01288bdb0883


go: extracting github.com/davecgh/go-spew v1.1.1


go: downloading github.com/mattn/go-runewidth v0.0.4


go: extracting github.com/mattn/go-runewidth v0.0.4


go: downloading github.com/dop251/goja v0.0.0-20200106141417-aaec0e7bde29


go: downloading github.com/rs/cors v0.0.0-20160617231935-a62a804a8a00


go: extracting github.com/dop251/goja v0.0.0-20200106141417-aaec0e7bde29


go: extracting github.com/docker/docker v1.4.2-0.20180625184442-8e610b2b55bf


go: extracting github.com/aws/aws-sdk-go v1.25.48


go: extracting github.com/rs/cors v0.0.0-20160617231935-a62a804a8a00


go: downloading github.com/golang/snappy v0.0.1


go: extracting github.com/golang/snappy v0.0.1


go: downloading github.com/go-sourcemap/sourcemap v2.1.2+incompatible


go: extracting github.com/go-sourcemap/sourcemap v2.1.2+incompatible


go: downloading github.com/cloudflare/cloudflare-go v0.10.2-0.20190916151808-a80f83b9add9


go: extracting github.com/cloudflare/cloudflare-go v0.10.2-0.20190916151808-a80f83b9add9


go: downloading golang.org/x/sys v0.0.0-20190712062909-fae7ac547cb7


go: extracting golang.org/x/sys v0.0.0-20190712062909-fae7ac547cb7


go: downloading github.com/olekukonko/tablewriter v0.0.2-0.20190409134802-7e037d187b0c


go: downloading github.com/opentracing/opentracing-go v1.1.0


go: extracting github.com/olekukonko/tablewriter v0.0.2-0.20190409134802-7e037d187b0c


go: extracting github.com/opentracing/opentracing-go v1.1.0


go: downloading github.com/dlclark/regexp2 v1.2.0


go: downloading github.com/cespare/xxhash v1.1.0


go: extracting github.com/cespare/xxhash v1.1.0


go: extracting github.com/dlclark/regexp2 v1.2.0


go: downloading github.com/cespare/xxhash/v2 v2.1.1


go: extracting github.com/cespare/xxhash/v2 v2.1.1


go: downloading github.com/fjl/memsize v0.0.0-20180418122429-ca190fb6ffbc


go: downloading github.com/[secure]/usb v0.0.0-20190919080040-51dc0efba356


go: extracting github.com/fjl/memsize v0.0.0-20180418122429-ca190fb6ffbc


go: extracting github.com/[secure]/usb v0.0.0-20190919080040-51dc0efba356


go: downloading github.com/rs/xhandler v0.0.0-20160618193221-ed27b6fd6521


go: extracting github.com/rs/xhandler v0.0.0-20160618193221-ed27b6fd6521


go: downloading github.com/go-stack/stack v1.8.0


go: extracting github.com/go-stack/stack v1.8.0


go: downloading github.com/tyler-smith/go-bip39 v1.0.1-0.20181017060643-dbb3b84ba2ef


go: extracting github.com/tyler-smith/go-bip39 v1.0.1-0.20181017060643-dbb3b84ba2ef


go: downloading github.com/steakknife/hamming v0.0.0-20180906055917-c99c65617cd3


go: extracting github.com/steakknife/hamming v0.0.0-20180906055917-c99c65617cd3


go: downloading github.com/jmespath/go-jmespath v0.0.0-20180206201540-c2b33e8439af


go: extracting github.com/jmespath/go-jmespath v0.0.0-20180206201540-c2b33e8439af


go: finding github.com/golang/protobuf v1.3.2-0.20190517061210-b285ee9cfc6c


go: finding github.com/aristanetworks/goarista v0.0.0-20170210015632-ea17b1a17847


go: finding github.com/davecgh/go-spew v1.1.1


go: finding github.com/deckarep/golang-set v0.0.0-20180603214616-504e848d77ea


go: finding github.com/go-stack/stack v1.8.0


go: finding gopkg.in/urfave/cli.v1 v1.20.0


go: finding github.com/edsrzf/mmap-go v0.0.0-20160512033002-935e0e8a636c


go: finding github.com/aws/aws-sdk-go v1.25.48


go: finding github.com/[secure]/usb v0.0.0-20190919080040-51dc0efba356


go: finding github.com/VictoriaMetrics/fastcache v1.5.3


go: finding github.com/huin/goupnp v0.0.0-20161224104101-679507af18f3


go: finding github.com/pborman/uuid v0.0.0-20170112150404-1b00554d8222


go: finding github.com/elastic/gosigar v0.8.1-0.20180330100440-37f05ff46ffa


go: finding github.com/cloudflare/cloudflare-go v0.10.2-0.20190916151808-a80f83b9add9


go: finding github.com/dop251/goja v0.0.0-20200106141417-aaec0e7bde29


go: finding github.com/gballet/go-libpcsclite v0.0.0-20190607065134-2772fd86a8ff


go: finding github.com/rjeczalik/notify v0.9.1


go: finding github.com/jackpal/go-nat-pmp v1.0.2-0.20160603034137-1fa385a6f458


go: finding github.com/cespare/xxhash/v2 v2.1.1


go: finding github.com/status-im/keycard-go v0.0.0-20190316090335-8537d3370df4


go: finding github.com/golang/snappy v0.0.1


go: finding github.com/wsddn/go-ecdh v0.0.0-20161211032359-48726bab9208


go: finding github.com/hashicorp/golang-lru v0.0.0-20160813221303-0a025b7e63ad


go: finding golang.org/x/sys v0.0.0-20190712062909-fae7ac547cb7


go: finding golang.org/x/text v0.3.2


go: finding github.com/syndtr/goleveldb v1.0.1-0.20190923125748-758128399b1d


go: finding github.com/dlclark/regexp2 v1.2.0


go: finding github.com/gorilla/websocket v1.4.1-0.20190629185528-ae1634f6a989


go: finding github.com/steakknife/bloomfilter v0.0.0-20180922174646-6819c0d2a570


go: finding github.com/pkg/errors v0.8.1


go: finding github.com/olekukonko/tablewriter v0.0.2-0.20190409134802-7e037d187b0c


go: finding golang.org/x/net v0.0.0-20190628185345-da137c7871d7


go: finding github.com/jmespath/go-jmespath v0.0.0-20180206201540-c2b33e8439af


go: finding github.com/rs/cors v0.0.0-20160617231935-a62a804a8a00


go: finding golang.org/x/time v0.0.0-20190308202827-9d24e82272b4


go: finding github.com/prometheus/tsdb v0.6.2-0.20190402121629-4f204dcbc150


go: finding github.com/mattn/go-colorable v0.1.0


go: finding github.com/rs/xhandler v0.0.0-20160618193221-ed27b6fd6521


go: finding github.com/peterh/liner v1.1.1-0.20190123174540-a2c9a5303de7


go: finding github.com/docker/docker v1.4.2-0.20180625184442-8e610b2b55bf


go: finding github.com/go-sourcemap/sourcemap v2.1.2+incompatible


go: finding github.com/mattn/go-isatty v0.0.5-0.20180830101745-3fb116b82035


go: finding github.com/fatih/color v1.3.0


go: finding github.com/mattn/go-runewidth v0.0.4


go: finding github.com/fjl/memsize v0.0.0-20180418122429-ca190fb6ffbc


go: finding github.com/tyler-smith/go-bip39 v1.0.1-0.20181017060643-dbb3b84ba2ef


go: finding github.com/julienschmidt/httprouter v1.1.1-0.20170430222011-975b5c4c7c21


go: finding github.com/steakknife/hamming v0.0.0-20180906055917-c99c65617cd3


go: finding github.com/influxdata/influxdb v1.2.3-0.20180221223340-01288bdb0883


go: finding github.com/naoina/toml v0.1.2-0.20170918210437-9fafd6967416


go: finding github.com/graph-gophers/graphql-go v0.0.0-20191115155744-f33e81362277


go: finding github.com/naoina/go-stringutil v0.1.0


go: finding golang.org/x/sync v0.0.0-20181108010431-42b317875d0f


go: finding gopkg.in/olebedev/go-duktape.v3 v3.0.0-20190213234257-ec84240a7772


go: finding github.com/opentracing/opentracing-go v1.1.0


golang.org/x/crypto/curve25519


github.com/cespare/xxhash/v2


github.com/golang/snappy


github.com/aristanetworks/goarista/monotime


github.com/VictoriaMetrics/fastcache


github.com/ethereum/go-ethereum/common/mclock


github.com/ethereum/go-ethereum/common/prque


github.com/ethereum/go-ethereum/ethdb


github.com/go-stack/stack


golang.org/x/sys/unix


github.com/ethereum/go-ethereum/log


github.com/steakknife/hamming


github.com/steakknife/bloomfilter


github.com/ethereum/go-ethereum/event


github.com/elastic/gosigar


github.com/ethereum/go-ethereum/accounts/abi


github.com/davecgh/go-spew/spew


github.com/deckarep/golang-set


github.com/pborman/uuid


github.com/rjeczalik/notify


github.com/ethereum/go-ethereum/metrics


github.com/ethereum/go-ethereum/trie


github.com/ethereum/go-ethereum/core/types


github.com/ethereum/go-ethereum


github.com/ethereum/go-ethereum/accounts


golang.org/x/crypto/pbkdf2


golang.org/x/crypto/scrypt


github.com/gballet/go-libpcsclite


github.com/status-im/keycard-go/derivationpath


github.com/wsddn/go-ecdh


golang.org/x/text/transform


golang.org/x/text/unicode/norm


github.com/ethereum/go-ethereum/accounts/scwallet


github.com/hashicorp/golang-lru/simplelru


github.com/hashicorp/golang-lru


github.com/ethereum/go-ethereum/core/state


github.com/ethereum/go-ethereum/p2p/netutil


github.com/gorilla/websocket


golang.org/x/net/context


github.com/rs/xhandler


github.com/rs/cors


github.com/ethereum/go-ethereum/rpc


github.com/ethereum/go-ethereum/consensus


github.com/ethereum/go-ethereum/consensus/misc


github.com/ethereum/go-ethereum/consensus/clique


github.com/ethereum/go-ethereum/accounts/keystore


github.com/edsrzf/mmap-go


github.com/ethereum/go-ethereum/common/bitutil


github.com/ethereum/go-ethereum/consensus/ethash


github.com/syndtr/goleveldb/leveldb/util


github.com/syndtr/goleveldb/leveldb/cache


github.com/syndtr/goleveldb/leveldb/comparer


github.com/syndtr/goleveldb/leveldb/storage


github.com/syndtr/goleveldb/leveldb/filter


github.com/syndtr/goleveldb/leveldb/opt


github.com/ethereum/go-ethereum/ethdb/memorydb


github.com/mattn/go-runewidth


github.com/syndtr/goleveldb/leveldb/errors


github.com/olekukonko/tablewriter


github.com/syndtr/goleveldb/leveldb/iterator


github.com/syndtr/goleveldb/leveldb/journal


github.com/syndtr/goleveldb/leveldb/memdb


github.com/syndtr/goleveldb/leveldb/table


github.com/pkg/errors


github.com/prometheus/tsdb/fileutil


golang.org/x/sys/cpu


github.com/syndtr/goleveldb/leveldb


github.com/ethereum/go-ethereum/crypto/blake2b


github.com/ethereum/go-ethereum/crypto/bn256/cloudflare


github.com/ethereum/go-ethereum/crypto/bn256


golang.org/x/crypto/ripemd160


github.com/ethereum/go-ethereum/core/vm


github.com/ethereum/go-ethereum/ethdb/leveldb


github.com/ethereum/go-ethereum/core/rawdb


github.com/ethereum/go-ethereum/core/bloombits


github.com/ethereum/go-ethereum/crypto/ecies


github.com/ethereum/go-ethereum/p2p/enr


github.com/ethereum/go-ethereum/p2p/enode


github.com/ethereum/go-ethereum/core


github.com/ethereum/go-ethereum/p2p/discover


github.com/ethereum/go-ethereum/p2p/discv5


github.com/huin/goupnp/httpu


github.com/huin/goupnp/scpd


github.com/huin/goupnp/soap


github.com/ethereum/go-ethereum/eth/downloader


github.com/huin/goupnp/ssdp


golang.org/x/net/html/atom


golang.org/x/net/html


golang.org/x/text/encoding/internal/identifier


golang.org/x/text/encoding


golang.org/x/text/internal/utf8internal


golang.org/x/text/runes


golang.org/x/text/encoding/internal


golang.org/x/text/encoding/charmap


golang.org/x/text/encoding/japanese


golang.org/x/text/encoding/korean


golang.org/x/text/encoding/simplifiedchinese


golang.org/x/text/encoding/traditionalchinese


golang.org/x/text/encoding/unicode


golang.org/x/text/internal/tag


golang.org/x/text/internal/language


github.com/jackpal/go-nat-pmp


github.com/tyler-smith/go-bip39/wordlists


github.com/tyler-smith/go-bip39


github.com/golang/protobuf/proto


golang.org/x/text/internal/language/compact


golang.org/x/text/language


golang.org/x/text/encoding/htmlindex


golang.org/x/net/html/charset


github.com/huin/goupnp


github.com/huin/goupnp/dcps/internetgateway1


github.com/huin/goupnp/dcps/internetgateway2


github.com/ethereum/go-ethereum/p2p/nat


github.com/ethereum/go-ethereum/p2p


github.com/golang/protobuf/protoc-gen-go/descriptor


github.com/ethereum/go-ethereum/accounts/usbwallet/trezor


github.com/ethereum/go-ethereum/internal/ethapi


github.com/[secure]/usb


github.com/ethereum/go-ethereum/signer/storage


golang.org/x/crypto/ssh/terminal


github.com/ethereum/go-ethereum/eth/filters


github.com/ethereum/go-ethereum/common/fdlimit


github.com/ethereum/go-ethereum/core/forkid


github.com/ethereum/go-ethereum/eth/fetcher


github.com/ethereum/go-ethereum/eth/gasprice


github.com/ethereum/go-ethereum/eth/tracers/internal/tracers


gopkg.in/olebedev/go-duktape.v3


github.com/ethereum/go-ethereum/accounts/usbwallet


github.com/ethereum/go-ethereum/signer/core


github.com/ethereum/go-ethereum/accounts/external


github.com/ethereum/go-ethereum/accounts/abi/bind


github.com/ethereum/go-ethereum/accounts/abi/bind/backends


github.com/ethereum/go-ethereum/signer/fourbyte


github.com/ethereum/go-ethereum/cmd/abidump


github.com/ethereum/go-ethereum/miner


github.com/ethereum/go-ethereum/metrics/prometheus


github.com/ethereum/go-ethereum/metrics/exp


github.com/fjl/memsize


github.com/fjl/memsize/memsizeui


github.com/mattn/go-isatty


github.com/mattn/go-colorable


gopkg.in/urfave/cli.v1


github.com/ethereum/go-ethereum/internal/debug


github.com/ethereum/go-ethereum/node


github.com/ethereum/go-ethereum/contracts/checkpointoracle/contract


github.com/ethereum/go-ethereum/contracts/checkpointoracle


github.com/ethereum/go-ethereum/les/checkpointoracle


github.com/ethereum/go-ethereum/les/flowcontrol


github.com/ethereum/go-ethereum/light


github.com/graph-gophers/graphql-go/errors


github.com/graph-gophers/graphql-go/internal/common


github.com/graph-gophers/graphql-go/internal/schema


github.com/graph-gophers/graphql-go/internal/exec/packer


github.com/graph-gophers/graphql-go/introspection


github.com/graph-gophers/graphql-go/internal/exec/resolvable


github.com/graph-gophers/graphql-go/internal/query


github.com/graph-gophers/graphql-go/internal/exec/selected


github.com/graph-gophers/graphql-go/log


github.com/opentracing/opentracing-go/log


github.com/opentracing/opentracing-go


github.com/opentracing/opentracing-go/ext


github.com/graph-gophers/graphql-go/trace


github.com/graph-gophers/graphql-go/internal/exec


github.com/graph-gophers/graphql-go/internal/validation


github.com/graph-gophers/graphql-go


github.com/graph-gophers/graphql-go/relay


github.com/ethereum/go-ethereum/graphql


github.com/influxdata/influxdb/pkg/escape


github.com/influxdata/influxdb/models


github.com/influxdata/influxdb/client


github.com/ethereum/go-ethereum/metrics/influxdb


golang.org/x/sync/syncmap


github.com/ethereum/go-ethereum/whisper/whisperv6


github.com/ethereum/go-ethereum/common/compiler


github.com/ethereum/go-ethereum/ethclient


github.com/dlclark/regexp2/syntax


github.com/dlclark/regexp2


github.com/dop251/goja/file


github.com/dop251/goja/token


github.com/go-sourcemap/sourcemap/internal/base64vlq


github.com/go-sourcemap/sourcemap


github.com/dop251/goja/ast


github.com/dop251/goja/parser


golang.org/x/text/internal


golang.org/x/text/cases


golang.org/x/text/internal/colltab


golang.org/x/text/collate


github.com/dop251/goja


github.com/fatih/color


github.com/ethereum/go-ethereum/internal/jsre


github.com/ethereum/go-ethereum/internal/jsre/deps


github.com/ethereum/go-ethereum/internal/web3ext


github.com/peterh/liner


github.com/ethereum/go-ethereum/console


github.com/ethereum/go-ethereum/signer/rules/deps


github.com/ethereum/go-ethereum/signer/rules


github.com/aws/aws-sdk-go/aws/awserr


github.com/aws/aws-sdk-go/internal/ini


github.com/aws/aws-sdk-go/internal/shareddefaults


github.com/aws/aws-sdk-go/aws/credentials


github.com/aws/aws-sdk-go/aws/endpoints


github.com/aws/aws-sdk-go/internal/sdkio


github.com/aws/aws-sdk-go/aws


github.com/aws/aws-sdk-go/aws/client/metadata


github.com/jmespath/go-jmespath


github.com/aws/aws-sdk-go/aws/awsutil


github.com/aws/aws-sdk-go/aws/request


github.com/aws/aws-sdk-go/internal/sdkrand


github.com/aws/aws-sdk-go/aws/client


github.com/aws/aws-sdk-go/aws/corehandlers


github.com/aws/aws-sdk-go/aws/credentials/processcreds


github.com/aws/aws-sdk-go/internal/sdkmath


github.com/aws/aws-sdk-go/private/protocol


github.com/aws/aws-sdk-go/private/protocol/rest


github.com/aws/aws-sdk-go/aws/signer/v4


github.com/aws/aws-sdk-go/private/protocol/query/queryutil


github.com/aws/aws-sdk-go/private/protocol/xml/xmlutil


github.com/aws/aws-sdk-go/private/protocol/query


github.com/aws/aws-sdk-go/service/sts


github.com/aws/aws-sdk-go/service/sts/stsiface


github.com/aws/aws-sdk-go/aws/credentials/stscreds


github.com/aws/aws-sdk-go/aws/csm


github.com/aws/aws-sdk-go/internal/sdkuri


github.com/aws/aws-sdk-go/aws/ec2metadata


github.com/aws/aws-sdk-go/aws/credentials/ec2rolecreds


github.com/aws/aws-sdk-go/private/protocol/json/jsonutil


github.com/aws/aws-sdk-go/aws/credentials/endpointcreds


github.com/aws/aws-sdk-go/aws/defaults


github.com/aws/aws-sdk-go/aws/session


github.com/aws/aws-sdk-go/private/protocol/restxml


github.com/aws/aws-sdk-go/service/route53


golang.org/x/time/rate


github.com/cloudflare/cloudflare-go


github.com/ethereum/go-ethereum/p2p/dnsdisc


github.com/ethereum/go-ethereum/cmd/devp2p


github.com/ethereum/go-ethereum/eth/tracers


github.com/ethereum/go-ethereum/eth


github.com/ethereum/go-ethereum/les


github.com/ethereum/go-ethereum/core/asm


github.com/ethereum/go-ethereum/cmd/evm/internal/compiler


github.com/ethereum/go-ethereum/core/vm/runtime


github.com/ethereum/go-ethereum/tests


github.com/ethereum/go-ethereum/ethstats


github.com/naoina/go-stringutil


github.com/naoina/toml/ast


github.com/naoina/toml


github.com/ethereum/go-ethereum/cmd/utils


github.com/ethereum/go-ethereum/cmd/abigen


github.com/ethereum/go-ethereum/cmd/bootnode


github.com/ethereum/go-ethereum/cmd/checkpoint-admin


github.com/ethereum/go-ethereum/cmd/clef


github.com/ethereum/go-ethereum/cmd/ethkey


github.com/ethereum/go-ethereum/cmd/evm


github.com/ethereum/go-ethereum/cmd/faucet


github.com/ethereum/go-ethereum/cmd/geth


github.com/docker/docker/pkg/reexec


github.com/ethereum/go-ethereum/p2p/simulations/pipes


github.com/ethereum/go-ethereum/p2p/simulations/adapters


github.com/julienschmidt/httprouter


github.com/ethereum/go-ethereum/p2p/simulations


github.com/ethereum/go-ethereum/cmd/p2psim


golang.org/x/crypto/ed25519/internal/edwards25519


golang.org/x/crypto/ed25519


golang.org/x/crypto/internal/subtle


golang.org/x/crypto/internal/chacha20


golang.org/x/crypto/poly1305


golang.org/x/crypto/ssh


github.com/ethereum/go-ethereum/cmd/puppeth


github.com/ethereum/go-ethereum/cmd/rlpdump


github.com/ethereum/go-ethereum/whisper/mailserver


github.com/ethereum/go-ethereum/cmd/wnode


github.com/ethereum/go-ethereum/crypto/bn256/google


github.com/ethereum/go-ethereum/ethdb/dbtest


github.com/ethereum/go-ethereum/internal/cmdtest


github.com/ethereum/go-ethereum/internal/guide


github.com/ethereum/go-ethereum/internal/testlog


github.com/ethereum/go-ethereum/metrics/librato


github.com/ethereum/go-ethereum/whisper/shhclient


github.com/ethereum/go-ethereum/mobile


github.com/ethereum/go-ethereum/p2p/simulations/examples


github.com/ethereum/go-ethereum/p2p/testing


github.com/ethereum/go-ethereum/tests/fuzzers/keystore


github.com/ethereum/go-ethereum/tests/fuzzers/rlp


github.com/ethereum/go-ethereum/tests/fuzzers/trie


github.com/ethereum/go-ethereum/tests/fuzzers/whisperv6


travis_time:end:2012b373:start=1580744118241327000,finish=1580744270939952000,duration=152698625000,event=script
[0K[32;1mThe command "go run build/ci.go install" exited with 0.[0m


travis_time:start:005fd59e
[0K$ go run build/ci.go test -coverage $TEST_PACKAGES


>>> /Users/travis/.gimme/versions/go1.13.7.darwin.amd64/bin/go test -ldflags -X main.gitCommit=4cc89a5a32bd3623a065765637d5c08641e2a251 -X main.gitDate=20200203 -s -p 1 -timeout 5m -covermode=atomic -cover ./...


go: downloading github.com/stretchr/testify v1.4.0


go: extracting github.com/stretchr/testify v1.4.0


go: downloading gopkg.in/yaml.v2 v2.2.2


go: downloading github.com/pmezard/go-difflib v1.0.0


go: extracting gopkg.in/yaml.v2 v2.2.2


go: extracting github.com/pmezard/go-difflib v1.0.0


go: finding github.com/stretchr/testify v1.4.0


go: finding github.com/pmezard/go-difflib v1.0.0


go: finding gopkg.in/yaml.v2 v2.2.2


?   	github.com/ethereum/go-ethereum	[no test files]


ok  	github.com/ethereum/go-ethereum/accounts	0.035s	coverage: 30.8% of statements


ok  	github.com/ethereum/go-ethereum/accounts/abi	0.070s	coverage: 88.9% of statements


ok  	github.com/ethereum/go-ethereum/accounts/abi/bind	7.111s	coverage: 53.2% of statements


ok  	github.com/ethereum/go-ethereum/accounts/abi/bind/backends	0.116s	coverage: 64.7% of statements


?   	github.com/ethereum/go-ethereum/accounts/external	[no test files]


ok  	github.com/ethereum/go-ethereum/accounts/keystore	21.268s	coverage: 76.7% of statements


?   	github.com/ethereum/go-ethereum/accounts/scwallet	[no test files]


?   	github.com/ethereum/go-ethereum/accounts/usbwallet	[no test files]


?   	github.com/ethereum/go-ethereum/accounts/usbwallet/trezor	[no test files]


?   	github.com/ethereum/go-ethereum/cmd/abidump	[no test files]


?   	github.com/ethereum/go-ethereum/cmd/abigen	[no test files]


?   	github.com/ethereum/go-ethereum/cmd/bootnode	[no test files]


?   	github.com/ethereum/go-ethereum/cmd/checkpoint-admin	[no test files]


?   	github.com/ethereum/go-ethereum/cmd/clef	[no test files]


ok  	github.com/ethereum/go-ethereum/cmd/devp2p	0.062s	coverage: 11.0% of statements


ok  	github.com/ethereum/go-ethereum/cmd/ethkey	2.736s	coverage: 2.0% of statements


?   	github.com/ethereum/go-ethereum/cmd/evm	[no test files]


?   	github.com/ethereum/go-ethereum/cmd/evm/internal/compiler	[no test files]


?   	github.com/ethereum/go-ethereum/cmd/faucet	[no test files]


ok  	github.com/ethereum/go-ethereum/cmd/geth	19.854s	coverage: 1.6% of statements


?   	github.com/ethereum/go-ethereum/cmd/p2psim	[no test files]


ok  	github.com/ethereum/go-ethereum/cmd/puppeth	0.059s	coverage: 8.6% of statements


?   	github.com/ethereum/go-ethereum/cmd/rlpdump	[no test files]


ok  	github.com/ethereum/go-ethereum/cmd/utils	0.062s	coverage: 2.3% of statements


?   	github.com/ethereum/go-ethereum/cmd/wnode	[no test files]


ok  	github.com/ethereum/go-ethereum/common	0.010s	coverage: 39.3% of statements


ok  	github.com/ethereum/go-ethereum/common/bitutil	0.010s	coverage: 95.7% of statements


ok  	github.com/ethereum/go-ethereum/common/compiler	0.041s	coverage: 0.0% of statements


ok  	github.com/ethereum/go-ethereum/common/fdlimit	0.008s	coverage: 76.2% of statements


ok  	github.com/ethereum/go-ethereum/common/hexutil	0.010s	coverage: 80.9% of statements


ok  	github.com/ethereum/go-ethereum/common/math	0.009s	coverage: 92.4% of statements


ok  	github.com/ethereum/go-ethereum/common/mclock	0.009s	coverage: 86.6% of statements


ok  	github.com/ethereum/go-ethereum/common/prque	1.298s	coverage: 74.0% of statements


?   	github.com/ethereum/go-ethereum/consensus	[no test files]


ok  	github.com/ethereum/go-ethereum/consensus/clique	0.156s	coverage: 52.5% of statements


ok  	github.com/ethereum/go-ethereum/consensus/ethash	13.144s	coverage: 64.2% of statements


?   	github.com/ethereum/go-ethereum/consensus/misc	[no test files]


ok  	github.com/ethereum/go-ethereum/console	2.711s	coverage: 41.2% of statements


ok  	github.com/ethereum/go-ethereum/contracts/checkpointoracle	0.938s	coverage: 0.0% of statements


?   	github.com/ethereum/go-ethereum/contracts/checkpointoracle/contract	[no test files]


ok  	github.com/ethereum/go-ethereum/core	33.908s	coverage: 73.2% of statements


ok  	github.com/ethereum/go-ethereum/core/asm	0.036s	coverage: 72.6% of statements


ok  	github.com/ethereum/go-ethereum/core/bloombits	4.593s	coverage: 95.5% of statements


ok  	github.com/ethereum/go-ethereum/core/forkid	0.048s	coverage: 85.9% of statements


ok  	github.com/ethereum/go-ethereum/core/rawdb	18.593s	coverage: 48.2% of statements


ok  	github.com/ethereum/go-ethereum/core/state	12.435s	coverage: 76.9% of statements


ok  	github.com/ethereum/go-ethereum/core/types	0.358s	coverage: 50.1% of statements


ok  	github.com/ethereum/go-ethereum/core/vm	0.391s	coverage: 40.3% of statements


ok  	github.com/ethereum/go-ethereum/core/vm/runtime	0.048s	coverage: 76.7% of statements


ok  	github.com/ethereum/go-ethereum/crypto	0.122s	coverage: 80.5% of statements


ok  	github.com/ethereum/go-ethereum/crypto/blake2b	0.070s	coverage: 90.3% of statements


?   	github.com/ethereum/go-ethereum/crypto/bn256	[no test files]


ok  	github.com/ethereum/go-ethereum/crypto/bn256/cloudflare	0.146s	coverage: 81.3% of statements


ok  	github.com/ethereum/go-ethereum/crypto/bn256/google	0.746s	coverage: 91.6% of statements


ok  	github.com/ethereum/go-ethereum/crypto/ecies	0.089s	coverage: 75.9% of statements


ok  	github.com/ethereum/go-ethereum/crypto/secp256k1	1.382s	coverage: 30.6% of statements


ok  	github.com/ethereum/go-ethereum/eth	24.341s	coverage: 29.0% of statements


ok  	github.com/ethereum/go-ethereum/eth/downloader	113.361s	coverage: 78.3% of statements


ok  	github.com/ethereum/go-ethereum/eth/fetcher	13.721s	coverage: 89.7% of statements


ok  	github.com/ethereum/go-ethereum/eth/filters	3.235s	coverage: 53.8% of statements


?   	github.com/ethereum/go-ethereum/eth/gasprice	[no test files]


ok  	github.com/ethereum/go-ethereum/eth/tracers	0.323s	coverage: 75.6% of statements


?   	github.com/ethereum/go-ethereum/eth/tracers/internal/tracers	[no test files]


ok  	github.com/ethereum/go-ethereum/ethclient	0.177s	coverage: 14.0% of statements


?   	github.com/ethereum/go-ethereum/ethdb	[no test files]


?   	github.com/ethereum/go-ethereum/ethdb/dbtest	[no test files]


ok  	github.com/ethereum/go-ethereum/ethdb/leveldb	0.031s	coverage: 15.1% of statements


ok  	github.com/ethereum/go-ethereum/ethdb/memorydb	0.010s	coverage: 81.6% of statements


?   	github.com/ethereum/go-ethereum/ethstats	[no test files]


ok  	github.com/ethereum/go-ethereum/event	0.645s	coverage: 94.3% of statements


ok  	github.com/ethereum/go-ethereum/graphql	0.057s	coverage: 2.1% of statements


?   	github.com/ethereum/go-ethereum/internal/build	[no test files]


?   	github.com/ethereum/go-ethereum/internal/cmdtest	[no test files]


?   	github.com/ethereum/go-ethereum/internal/debug	[no test files]


?   	github.com/ethereum/go-ethereum/internal/ethapi	[no test files]


ok  	github.com/ethereum/go-ethereum/internal/guide	17.174s	coverage: [no statements]


ok  	github.com/ethereum/go-ethereum/internal/jsre	0.167s	coverage: 48.9% of statements


?   	github.com/ethereum/go-ethereum/internal/jsre/deps	[no test files]


?   	github.com/ethereum/go-ethereum/internal/testlog	[no test files]


?   	github.com/ethereum/go-ethereum/internal/web3ext	[no test files]


ok  	github.com/ethereum/go-ethereum/les	64.128s	coverage: 51.4% of statements


?   	github.com/ethereum/go-ethereum/les/checkpointoracle	[no test files]


ok  	github.com/ethereum/go-ethereum/les/flowcontrol	13.878s	coverage: 37.9% of statements


ok  	github.com/ethereum/go-ethereum/light	1.084s	coverage: 38.0% of statements


?   	github.com/ethereum/go-ethereum/log	[no test files]


ok  	github.com/ethereum/go-ethereum/metrics	6.903s	coverage: 49.5% of statements


?   	github.com/ethereum/go-ethereum/metrics/exp	[no test files]


?   	github.com/ethereum/go-ethereum/metrics/influxdb	[no test files]


?   	github.com/ethereum/go-ethereum/metrics/librato	[no test files]


?   	github.com/ethereum/go-ethereum/metrics/prometheus	[no test files]


ok  	github.com/ethereum/go-ethereum/miner	12.365s	coverage: 67.3% of statements


ok  	github.com/ethereum/go-ethereum/mobile	0.109s	coverage: 15.2% of statements


ok  	github.com/ethereum/go-ethereum/node	1.366s	coverage: 43.0% of statements


ok  	github.com/ethereum/go-ethereum/p2p	0.774s	coverage: 74.4% of statements


ok  	github.com/ethereum/go-ethereum/p2p/discover	86.181s	coverage: 77.0% of statements


ok  	github.com/ethereum/go-ethereum/p2p/discv5	9.641s	coverage: 46.0% of statements


ok  	github.com/ethereum/go-ethereum/p2p/dnsdisc	1.002s	coverage: 86.7% of statements


ok  	github.com/ethereum/go-ethereum/p2p/enode	2.785s	coverage: 81.3% of statements


ok  	github.com/ethereum/go-ethereum/p2p/enr	0.022s	coverage: 62.3% of statements


ok  	github.com/ethereum/go-ethereum/p2p/nat	2.688s	coverage: 20.3% of statements


ok  	github.com/ethereum/go-ethereum/p2p/netutil	0.019s	coverage: 84.1% of statements


ok  	github.com/ethereum/go-ethereum/p2p/simulations	4.481s	coverage: 69.0% of statements


ok  	github.com/ethereum/go-ethereum/p2p/simulations/adapters	0.070s	coverage: 0.2% of statements


?   	github.com/ethereum/go-ethereum/p2p/simulations/examples	[no test files]


?   	github.com/ethereum/go-ethereum/p2p/simulations/pipes	[no test files]


?   	github.com/ethereum/go-ethereum/p2p/testing	[no test files]


ok  	github.com/ethereum/go-ethereum/params	0.035s	coverage: 49.6% of statements


ok  	github.com/ethereum/go-ethereum/rlp	0.022s	coverage: 96.6% of statements


--- FAIL: TestClientCancelIPC (1.90s)


    client_test.go:193: no error for call with 288.353755ms wait time


FAIL


coverage: 76.7% of statements


FAIL	github.com/ethereum/go-ethereum/rpc	9.719s


ok  	github.com/ethereum/go-ethereum/signer/core	5.380s	coverage: 42.0% of statements


ok  	github.com/ethereum/go-ethereum/signer/fourbyte	4.780s	coverage: 46.9% of statements


ok  	github.com/ethereum/go-ethereum/signer/rules	0.215s	coverage: 78.6% of statements


?   	github.com/ethereum/go-ethereum/signer/rules/deps	[no test files]


ok  	github.com/ethereum/go-ethereum/signer/storage	0.059s	coverage: 52.3% of statements


ok  	github.com/ethereum/go-ethereum/tests	137.484s	coverage: 68.5% of statements


?   	github.com/ethereum/go-ethereum/tests/fuzzers/keystore	[no test files]


?   	github.com/ethereum/go-ethereum/tests/fuzzers/rlp	[no test files]


?   	github.com/ethereum/go-ethereum/tests/fuzzers/trie	[no test files]


?   	github.com/ethereum/go-ethereum/tests/fuzzers/whisperv6	[no test files]


ok  	github.com/ethereum/go-ethereum/trie	4.967s	coverage: 71.2% of statements


ok  	github.com/ethereum/go-ethereum/whisper/mailserver	0.539s	coverage: 66.7% of statements


?   	github.com/ethereum/go-ethereum/whisper/shhclient	[no test files]


ok  	github.com/ethereum/go-ethereum/whisper/whisperv6	20.438s	coverage: 64.5% of statements


FAIL


util.go:45: exit status 1


exit status 1


travis_time:end:005fd59e:start=1580744270954245000,finish=1580745251228443000,duration=980274198000,event=script
[0K[31;1mThe command "go run build/ci.go test -coverage $TEST_PACKAGES" exited with 1.[0m








Done. Your build exited with 1.


