travis_fold:start:worker_info
[0K[33;1mWorker information[0m
hostname: c6033809-5230-4831-b2f2-a63355e7db63@1.worker-org-6bc68c5dcd-c8tk9.macstadium-prod-2
version: v6.2.0 https://github.com/travis-ci/worker/tree/5e5476e01646095f48eec13196fdb3faf8f5cbf7
instance: 6d9e3704-96e0-41e7-ac0f-a952f069ad77 travis-ci-macos10.14-xcode11.3-1576638729 (via amqp)
startup: 1m22.032361847s
travis_fold:end:worker_info
[0Ktravis_time:start:29ce2682
[0Ktravis_time:end:29ce2682:start=1580807204801847000,finish=1580807205464409000,duration=662562000,event=no_world_writable_dirs
[0Ktravis_time:start:0158b8de
[0Ktravis_time:end:0158b8de:start=1580807205473532000,finish=1580807205488446000,duration=14914000,event=setup_filter
[0Ktravis_time:start:265bf6fb
[0Ktravis_time:end:265bf6fb:start=1580807205503141000,finish=1580807205513827000,duration=10686000,event=check_unsupported
[0Ktravis_time:start:07d78876
[0Ktravis_fold:start:system_info
[0K[33;1mBuild system information[0m


Build language: go


Build id: 645851311


Job id: 645851316


Runtime kernel version: 18.5.0


travis-build version: 3a1b46413


[34m[1mBuild image provisioning date and time[0m


Wed Dec 18 06:34:24 GMT 2019


[34m[1mOperating System Details[0m


ProductName:	Mac OS X


ProductVersion:	10.14.4


BuildVersion:	18E226


[34m[1mGit version[0m


git version 2.24.1


[34m[1mbash version[0m


GNU bash, version 3.2.57(1)-release (x86_64-apple-darwin18)


Copyright (C) 2007 Free Software Foundation, Inc.


[34m[1mGCC version[0m


Apple clang version 11.0.0 (clang-1100.0.33.16)


Target: x86_64-apple-darwin18.5.0


Thread model: posix


InstalledDir: /Applications/Xcode-11.3.app/Contents/Developer/Toolchains/XcodeDefault.xctoolchain/usr/bin


[34m[1mLLVM version[0m


Apple clang version 11.0.0 (clang-1100.0.33.16)


Target: x86_64-apple-darwin18.5.0


Thread model: posix


InstalledDir: /Applications/Xcode-11.3.app/Contents/Developer/Toolchains/XcodeDefault.xctoolchain/usr/bin


[34m[1mPre-installed Ruby versions[0m


ruby-2.6.4


[34m[1mPre-installed Node.js versions[0m


v10.17.0


v10.18.0


v12.13.0


v12.14.0


v13.0.1


v4.9.1


v6.17.1


v8.16.2


v8.17.0


[34m[1mmvn -version[0m


Apache Maven 3.6.3 (cecedd343002696d0abb50b32b541b8a6ba2883f)


Maven home: /usr/local/Cellar/maven/3.6.3/libexec


Java version: 13.0.1, vendor: Oracle Corporation, runtime: /Library/Java/JavaVirtualMachines/openjdk-13.0.1.jdk/Contents/Home


Default locale: en_US, platform encoding: UTF-8


OS name: "mac os x", version: "10.14.4", arch: "x86_64", family: "mac"


travis_fold:end:system_info
[0K


travis_time:end:07d78876:start=1580807205530251000,finish=1580807205565519000,duration=35268000,event=show_system_info
[0Ktravis_time:start:063d9964
[0Ktravis_time:end:063d9964:start=1580807205582866000,finish=1580807205590937000,duration=8071000,event=rm_riak_source
[0Ktravis_time:start:1399285b
[0Ktravis_time:end:1399285b:start=1580807205600068000,finish=1580807205607818000,duration=7750000,event=fix_rwky_redis
[0Ktravis_time:start:14616d2c
[0Ktravis_time:end:14616d2c:start=1580807205618678000,finish=1580807206091252000,duration=472574000,event=wait_for_network
[0Ktravis_time:start:13896b5c
[0Ktravis_time:end:13896b5c:start=1580807206108742000,finish=1580807206123463000,duration=14721000,event=update_apt_keys
[0Ktravis_time:start:1b23ee7a
[0Ktravis_time:end:1b23ee7a:start=1580807206144430000,finish=1580807206177100000,duration=32670000,event=fix_hhvm_source
[0Ktravis_time:start:01ecc894
[0Ktravis_time:end:01ecc894:start=1580807206189745000,finish=1580807206206878000,duration=17133000,event=update_mongo_arch
[0Ktravis_time:start:02c3bc05
[0Ktravis_time:end:02c3bc05:start=1580807206227201000,finish=1580807206248142000,duration=20941000,event=fix_sudo_enabled_trusty
[0Ktravis_time:start:07784840
[0Ktravis_time:end:07784840:start=1580807206267570000,finish=1580807206277499000,duration=9929000,event=update_glibc
[0Ktravis_time:start:11e9c2d2
[0Ktravis_time:end:11e9c2d2:start=1580807206291052000,finish=1580807206349666000,duration=58614000,event=clean_up_path
[0Ktravis_time:start:02c28dc0
[0Ktravis_time:end:02c28dc0:start=1580807206360321000,finish=1580807206412258000,duration=51937000,event=fix_resolv_conf
[0Ktravis_time:start:08a84a6e
[0Ktravis_time:end:08a84a6e:start=1580807206428376000,finish=1580807206486334000,duration=57958000,event=fix_etc_hosts
[0Ktravis_time:start:10e48f50
[0Ktravis_time:end:10e48f50:start=1580807206499668000,finish=1580807206508883000,duration=9215000,event=fix_mvn_settings_xml
[0Ktravis_time:start:008115a4
[0Ktravis_time:end:008115a4:start=1580807206520814000,finish=1580807206578711000,duration=57897000,event=no_ipv6_localhost
[0Ktravis_time:start:24ee8118
[0Ktravis_time:end:24ee8118:start=1580807206595707000,finish=1580807206605872000,duration=10165000,event=fix_etc_mavenrc
[0Ktravis_time:start:07aa66ec
[0Ktravis_time:end:07aa66ec:start=1580807206619826000,finish=1580807207147200000,duration=527374000,event=fix_wwdr_certificate
[0Ktravis_time:start:1380f120
[0Ktravis_time:end:1380f120:start=1580807207158238000,finish=1580807207359195000,duration=200957000,event=put_localhost_first
[0Ktravis_time:start:32ecaad0
[0Ktravis_time:end:32ecaad0:start=1580807207370659000,finish=1580807207378024000,duration=7365000,event=home_paths
[0Ktravis_time:start:0e1dab7e
[0Ktravis_time:end:0e1dab7e:start=1580807207387004000,finish=1580807207404280000,duration=17276000,event=disable_initramfs
[0Ktravis_time:start:176ae9f0
[0Ktravis_time:end:176ae9f0:start=1580807207414407000,finish=1580807207439892000,duration=25485000,event=disable_ssh_roaming
[0Ktravis_time:start:230eb096
[0Ktravis_time:end:230eb096:start=1580807207449376000,finish=1580807207456739000,duration=7363000,event=debug_tools
[0Ktravis_time:start:056bd658
[0K


travis_time:end:056bd658:start=1580807207467645000,finish=1580807211396048000,duration=3928403000,event=uninstall_oclint
[0Ktravis_time:start:28120700
[0Ktravis_time:end:28120700:start=1580807211407846000,finish=1580807212438408000,duration=1030562000,event=rvm_use
[0Ktravis_time:start:185d420c
[0Ktravis_time:end:185d420c:start=1580807212451950000,finish=1580807212508726000,duration=56776000,event=rm_etc_boto_cfg
[0Ktravis_time:start:0380dca8
[0Ktravis_time:end:0380dca8:start=1580807212518612000,finish=1580807212526365000,duration=7753000,event=rm_oraclejdk8_symlink
[0Ktravis_time:start:2b3a4e12
[0Ktravis_time:end:2b3a4e12:start=1580807212537983000,finish=1580807212551965000,duration=13982000,event=enable_i386
[0Ktravis_time:start:0c34c79a
[0Ktravis_time:end:0c34c79a:start=1580807212561799000,finish=1580807212574245000,duration=12446000,event=update_rubygems
[0Ktravis_time:start:1287ec2c
[0Ktravis_time:end:1287ec2c:start=1580807212584413000,finish=1580807212598522000,duration=14109000,event=ensure_path_components
[0Ktravis_time:start:1d024250
[0Ktravis_time:end:1d024250:start=1580807212610801000,finish=1580807212619100000,duration=8299000,event=redefine_curl
[0Ktravis_time:start:0358378e
[0Ktravis_time:end:0358378e:start=1580807212629439000,finish=1580807212832820000,duration=203381000,event=nonblock_pipe
[0Ktravis_time:start:08cd5ae8
[0Ktravis_time:end:08cd5ae8:start=1580807212843385000,finish=1580807212852033000,duration=8648000,event=apt_get_update
[0Ktravis_time:start:099e4930
[0Ktravis_time:end:099e4930:start=1580807212861744000,finish=1580807212869733000,duration=7989000,event=deprecate_xcode_64
[0Ktravis_time:start:12e9b125
[0Ktravis_time:end:12e9b125:start=1580807212879535000,finish=1580807212891135000,duration=11600000,event=update_heroku
[0Ktravis_time:start:1abbcf07
[0Ktravis_time:end:1abbcf07:start=1580807212902183000,finish=1580807212910032000,duration=7849000,event=shell_session_update
[0Ktravis_time:start:00e20ec0
[0Ktravis_time:end:00e20ec0:start=1580807212922918000,finish=1580807212930867000,duration=7949000,event=maven_central_mirror
[0Ktravis_time:start:048aa21c
[0Ktravis_time:end:048aa21c:start=1580807212940571000,finish=1580807212948842000,duration=8271000,event=maven_https
[0Ktravis_time:start:07a49438
[0Ktravis_time:end:07a49438:start=1580807212959995000,finish=1580807212967791000,duration=7796000,event=fix_ps4
[0KUpdating gimme


travis_time:start:01b37bfc
[0K


travis_fold:start:git.checkout
[0Ktravis_time:start:032bc3e0
[0K$ git clone --depth=50 --branch=master https://github.com/ethereum/go-ethereum.git ethereum/go-ethereum


Cloning into 'ethereum/go-ethereum'...


Updating files:  92% (1124/1219)
Updating files:  93% (1134/1219)
Updating files:  94% (1146/1219)
Updating files:  95% (1159/1219)
Updating files:  96% (1171/1219)
Updating files:  97% (1183/1219)
Updating files:  98% (1195/1219)
Updating files:  99% (1207/1219)
Updating files: 100% (1219/1219)
Updating files: 100% (1219/1219), done.


travis_time:end:032bc3e0:start=1580807233600367000,finish=1580807236436219000,duration=2835852000,event=checkout
[0K$ cd ethereum/go-ethereum


$ git checkout -qf 33791dbeb51ce910983d15dda53fd83c05be9bb3


travis_fold:end:git.checkout
[0K


travis_fold:start:git.submodule
[0Ktravis_time:start:0064563f
[0K$ git submodule update --init --recursive


Submodule 'tests' (https://github.com/ethereum/tests) registered for path 'tests/testdata'


Cloning into '/Users/travis/build/ethereum/go-ethereum/tests/testdata'...


Submodule path 'tests/testdata': checked out 'b5eb9900ee2147b40d3e681fe86efa4fd693959a'


travis_time:end:0064563f:start=1580807236813692000,finish=1580807295122712000,duration=58309020000,event=checkout
[0Ktravis_fold:end:git.submodule
[0Ktravis_time:end:0064563f:start=1580807236813692000,finish=1580807295130508000,duration=58316816000,event=checkout
[0K$ travis_export_go 1.13.x github.com/ethereum/go-ethereum


travis_time:start:04903a52
[0K


[33;1mSetting environment variables from repository settings[0m


$ export IOS_SIGNING_KEY=[secure]


$ export LINUX_SIGNING_KEY=[secure]


$ export OSX_SIGNING_KEY=[secure]


$ export ANDROID_SIGNING_KEY=[secure]


$ export AZURE_BLOBSTORE_TOKEN=[secure]


$ export ANDROID_SONATYPE_USERNAME=[secure]


$ export ANDROID_SONATYPE_PASSWORD=[secure]


$ export COCOAPODS_TRUNK_TOKEN=[secure]


$ export PPA_SIGNING_KEY=[secure]


$ export PPA_SSH_KEY=[secure]





travis_time:end:04903a52:start=1580807295152712000,finish=1580807295194827000,duration=42115000,event=env
[0Ktravis_time:start:0bf09a5a
[0K$ travis_setup_go


go version go1.13.7 darwin/amd64


$ export GOPATH="/Users/travis/gopath"


$ export PATH="/Users/travis/gopath/bin:/Users/travis/.gimme/versions/go1.13.7.darwin.amd64/bin:/Users/travis/bin:/Users/travis/.rvm/gems/ruby-2.6.4/bin:/Users/travis/.rvm/gems/ruby-2.6.4@global/bin:/Users/travis/.rvm/rubies/ruby-2.6.4/bin:/Users/travis/.rvm/bin:/Users/travis/bin:/Users/travis/.local/bin:/Users/travis/.nvm/versions/node/v13.0.1/bin:/usr/local/bin:/usr/bin:/bin:/usr/sbin:/sbin:/opt/X11/bin"


$ export GO111MODULE="auto"


travis_time:end:0bf09a5a:start=1580807295205455000,finish=1580807381841973000,duration=86636518000,event=
[0K$ gimme version


v1.5.3


$ go version


go version go1.13.7 darwin/amd64


travis_fold:start:go.env
[0K$ go env


GO111MODULE="auto"


GOARCH="amd64"


GOBIN=""


GOCACHE="/Users/travis/Library/Caches/go-build"


GOENV="/Users/travis/Library/Application Support/go/env"


GOEXE=""


GOFLAGS=""


GOHOSTARCH="amd64"


GOHOSTOS="darwin"


GONOPROXY=""


GONOSUMDB=""


GOOS="darwin"


GOPATH="/Users/travis/gopath"


GOPRIVATE=""


GOPROXY="https://proxy.golang.org,direct"


GOROOT="/Users/travis/.gimme/versions/go1.13.7.darwin.amd64"


GOSUMDB="sum.golang.org"


GOTMPDIR=""


GOTOOLDIR="/Users/travis/.gimme/versions/go1.13.7.darwin.amd64/pkg/tool/darwin_amd64"


GCCGO="gccgo"


AR="ar"


CC="clang"


CXX="clang++"


CGO_ENABLED="1"


GOMOD="/Users/travis/gopath/src/github.com/ethereum/go-ethereum/go.mod"


CGO_CFLAGS="-g -O2"


CGO_CPPFLAGS=""


CGO_CXXFLAGS="-g -O2"


CGO_FFLAGS="-g -O2"


CGO_LDFLAGS="-g -O2"


PKG_CONFIG="pkg-config"


GOGCCFLAGS="-fPIC -m64 -pthread -fno-caret-diagnostics -Qunused-arguments -fmessage-length=0 -fdebug-prefix-map=/var/folders/17/5mc7816d3mndxjqgplq6057w0000gn/T/go-build766793838=/tmp/go-build -gno-record-gcc-switches -fno-common"


travis_fold:end:go.env
[0Ktravis_fold:start:install
[0Ktravis_time:start:1a0e3e48
[0K$ travis_install_go_dependencies 1.13.x -v


Makefile detected


travis_time:end:1a0e3e48:start=1580807382396098000,finish=1580807382408440000,duration=12342000,event=install
[0Ktravis_fold:end:install
[0Ktravis_time:start:10f760e2
[0K$ echo "Increase the maximum number of open file descriptors on macOS"


Increase the maximum number of open file descriptors on macOS


travis_time:end:10f760e2:start=1580807382420028000,finish=1580807382430616000,duration=10588000,event=script
[0K[32;1mThe command "echo "Increase the maximum number of open file descriptors on macOS"" exited with 0.[0m


travis_time:start:10711493
[0K$ NOFILE=20480


travis_time:end:10711493:start=1580807382442443000,finish=1580807382450723000,duration=8280000,event=script
[0K[32;1mThe command "NOFILE=20480" exited with 0.[0m


travis_time:start:1f4d5b90
[0K$ sudo sysctl -w kern.maxfiles=$NOFILE


kern.maxfiles: 12288 -> 20480


travis_time:end:1f4d5b90:start=1580807382461809000,finish=1580807382525382000,duration=63573000,event=script
[0K[32;1mThe command "sudo sysctl -w kern.maxfiles=$NOFILE" exited with 0.[0m


travis_time:start:066133c0
[0K$ sudo sysctl -w kern.maxfilesperproc=$NOFILE


kern.maxfilesperproc: 10240 -> 20480


travis_time:end:066133c0:start=1580807382535549000,finish=1580807382588154000,duration=52605000,event=script
[0K[32;1mThe command "sudo sysctl -w kern.maxfilesperproc=$NOFILE" exited with 0.[0m


travis_time:start:01564f2c
[0K$ sudo launchctl limit maxfiles $NOFILE $NOFILE


travis_time:end:01564f2c:start=1580807382599082000,finish=1580807382652610000,duration=53528000,event=script
[0K[32;1mThe command "sudo launchctl limit maxfiles $NOFILE $NOFILE" exited with 0.[0m


travis_time:start:14bc36f3
[0K$ sudo launchctl limit maxfiles


	maxfiles    20480          20480          


travis_time:end:14bc36f3:start=1580807382663905000,finish=1580807382715471000,duration=51566000,event=script
[0K[32;1mThe command "sudo launchctl limit maxfiles" exited with 0.[0m


travis_time:start:02506e91
[0K$ ulimit -S -n $NOFILE


travis_time:end:02506e91:start=1580807382728413000,finish=1580807382737245000,duration=8832000,event=script
[0K[32;1mThe command "ulimit -S -n $NOFILE" exited with 0.[0m


travis_time:start:26bcc128
[0K$ ulimit -n


20480


travis_time:end:26bcc128:start=1580807382749960000,finish=1580807382757922000,duration=7962000,event=script
[0K[32;1mThe command "ulimit -n" exited with 0.[0m


travis_time:start:087c07bc
[0K$ unset -f cd


travis_time:end:087c07bc:start=1580807382770957000,finish=1580807382779978000,duration=9021000,event=script
[0K[32;1mThe command "unset -f cd" exited with 0.[0m


travis_time:start:39c2304c
[0K$ go run build/ci.go install


go: downloading golang.org/x/crypto v0.0.0-20190308221718-c2843e01d9a2


go: downloading github.com/cespare/cp v0.1.0


go: extracting github.com/cespare/cp v0.1.0


go: downloading github.com/Azure/azure-storage-blob-go v0.7.0


go: extracting golang.org/x/crypto v0.0.0-20190308221718-c2843e01d9a2


go: extracting github.com/Azure/azure-storage-blob-go v0.7.0


go: downloading github.com/Azure/azure-pipeline-go v0.2.2


go: extracting github.com/Azure/azure-pipeline-go v0.2.2


go: downloading github.com/mattn/go-ieproxy v0.0.0-20190702010315-6dee0af9227d


go: extracting github.com/mattn/go-ieproxy v0.0.0-20190702010315-6dee0af9227d


go: finding github.com/cespare/cp v0.1.0


go: finding github.com/Azure/azure-storage-blob-go v0.7.0


go: finding github.com/Azure/azure-pipeline-go v0.2.2


go: finding github.com/mattn/go-ieproxy v0.0.0-20190702010315-6dee0af9227d


go: finding golang.org/x/crypto v0.0.0-20190308221718-c2843e01d9a2


>>> /Users/travis/.gimme/versions/go1.13.7.darwin.amd64/bin/go install -ldflags -X main.gitCommit=33791dbeb51ce910983d15dda53fd83c05be9bb3 -X main.gitDate=20200204 -s -v ./...


go: downloading github.com/huin/goupnp v0.0.0-20161224104101-679507af18f3


go: downloading github.com/status-im/keycard-go v0.0.0-20190316090335-8537d3370df4


go: downloading github.com/syndtr/goleveldb v1.0.1-0.20190923125748-758128399b1d


go: downloading github.com/gballet/go-libpcsclite v0.0.0-20190607065134-2772fd86a8ff


go: downloading github.com/hashicorp/golang-lru v0.0.0-20160813221303-0a025b7e63ad


go: downloading github.com/wsddn/go-ecdh v0.0.0-20161211032359-48726bab9208


go: downloading github.com/golang/protobuf v1.3.2-0.20190517061210-b285ee9cfc6c


go: downloading github.com/aws/aws-sdk-go v1.25.48


go: downloading github.com/VictoriaMetrics/fastcache v1.5.3


go: extracting github.com/hashicorp/golang-lru v0.0.0-20160813221303-0a025b7e63ad


go: extracting github.com/syndtr/goleveldb v1.0.1-0.20190923125748-758128399b1d


go: extracting github.com/huin/goupnp v0.0.0-20161224104101-679507af18f3


go: extracting github.com/VictoriaMetrics/fastcache v1.5.3


go: extracting github.com/gballet/go-libpcsclite v0.0.0-20190607065134-2772fd86a8ff


go: extracting github.com/status-im/keycard-go v0.0.0-20190316090335-8537d3370df4


go: extracting github.com/wsddn/go-ecdh v0.0.0-20161211032359-48726bab9208


go: downloading golang.org/x/sys v0.0.0-20190712062909-fae7ac547cb7


go: downloading golang.org/x/net v0.0.0-20190628185345-da137c7871d7


go: extracting github.com/golang/protobuf v1.3.2-0.20190517061210-b285ee9cfc6c


go: downloading github.com/olekukonko/tablewriter v0.0.2-0.20190409134802-7e037d187b0c


go: extracting github.com/olekukonko/tablewriter v0.0.2-0.20190409134802-7e037d187b0c


go: downloading github.com/cloudflare/cloudflare-go v0.10.2-0.20190916151808-a80f83b9add9


go: extracting golang.org/x/sys v0.0.0-20190712062909-fae7ac547cb7


go: downloading golang.org/x/text v0.3.2


go: downloading github.com/edsrzf/mmap-go v0.0.0-20160512033002-935e0e8a636c


go: extracting golang.org/x/net v0.0.0-20190628185345-da137c7871d7


go: extracting github.com/cloudflare/cloudflare-go v0.10.2-0.20190916151808-a80f83b9add9


go: extracting github.com/edsrzf/mmap-go v0.0.0-20160512033002-935e0e8a636c


go: downloading github.com/prometheus/tsdb v0.6.2-0.20190402121629-4f204dcbc150


go: downloading github.com/fatih/color v1.3.0


go: downloading github.com/aristanetworks/goarista v0.0.0-20170210015632-ea17b1a17847


go: extracting github.com/aristanetworks/goarista v0.0.0-20170210015632-ea17b1a17847


go: extracting github.com/fatih/color v1.3.0


go: extracting github.com/prometheus/tsdb v0.6.2-0.20190402121629-4f204dcbc150


go: downloading github.com/deckarep/golang-set v0.0.0-20180603214616-504e848d77ea


go: extracting github.com/deckarep/golang-set v0.0.0-20180603214616-504e848d77ea


go: downloading github.com/pborman/uuid v0.0.0-20170112150404-1b00554d8222


go: extracting golang.org/x/text v0.3.2


go: extracting github.com/pborman/uuid v0.0.0-20170112150404-1b00554d8222


go: downloading gopkg.in/olebedev/go-duktape.v3 v3.0.0-20190213234257-ec84240a7772


go: downloading golang.org/x/sync v0.0.0-20181108010431-42b317875d0f


go: extracting golang.org/x/sync v0.0.0-20181108010431-42b317875d0f


go: extracting gopkg.in/olebedev/go-duktape.v3 v3.0.0-20190213234257-ec84240a7772


go: extracting github.com/aws/aws-sdk-go v1.25.48


go: downloading github.com/influxdata/influxdb v1.2.3-0.20180221223340-01288bdb0883


go: downloading github.com/[secure]/usb v0.0.0-20190919080040-51dc0efba356


go: extracting github.com/[secure]/usb v0.0.0-20190919080040-51dc0efba356


go: extracting github.com/influxdata/influxdb v1.2.3-0.20180221223340-01288bdb0883


go: downloading github.com/peterh/liner v1.1.1-0.20190123174540-a2c9a5303de7


go: downloading github.com/docker/docker v1.4.2-0.20180625184442-8e610b2b55bf


go: extracting github.com/peterh/liner v1.1.1-0.20190123174540-a2c9a5303de7


go: downloading github.com/golang/snappy v0.0.1


go: downloading github.com/jackpal/go-nat-pmp v1.0.2-0.20160603034137-1fa385a6f458


go: extracting github.com/golang/snappy v0.0.1


go: extracting github.com/jackpal/go-nat-pmp v1.0.2-0.20160603034137-1fa385a6f458


go: downloading github.com/cespare/xxhash v1.1.0


go: extracting github.com/cespare/xxhash v1.1.0


go: extracting github.com/docker/docker v1.4.2-0.20180625184442-8e610b2b55bf


go: downloading github.com/mattn/go-isatty v0.0.5-0.20180830101745-3fb116b82035


go: extracting github.com/mattn/go-isatty v0.0.5-0.20180830101745-3fb116b82035


go: downloading github.com/cespare/xxhash/v2 v2.1.1


go: extracting github.com/cespare/xxhash/v2 v2.1.1


go: downloading github.com/pkg/errors v0.8.1


go: downloading github.com/go-stack/stack v1.8.0


go: extracting github.com/pkg/errors v0.8.1


go: extracting github.com/go-stack/stack v1.8.0


go: downloading golang.org/x/time v0.0.0-20190308202827-9d24e82272b4


go: downloading github.com/mattn/go-runewidth v0.0.4


go: extracting golang.org/x/time v0.0.0-20190308202827-9d24e82272b4


go: extracting github.com/mattn/go-runewidth v0.0.4


go: downloading gopkg.in/urfave/cli.v1 v1.20.0


go: downloading github.com/rjeczalik/notify v0.9.1


go: extracting gopkg.in/urfave/cli.v1 v1.20.0


go: extracting github.com/rjeczalik/notify v0.9.1


go: downloading github.com/graph-gophers/graphql-go v0.0.0-20191115155744-f33e81362277


go: downloading github.com/gorilla/websocket v1.4.1-0.20190629185528-ae1634f6a989


go: extracting github.com/graph-gophers/graphql-go v0.0.0-20191115155744-f33e81362277


go: extracting github.com/gorilla/websocket v1.4.1-0.20190629185528-ae1634f6a989


go: downloading github.com/rs/cors v0.0.0-20160617231935-a62a804a8a00


go: extracting github.com/rs/cors v0.0.0-20160617231935-a62a804a8a00


go: downloading github.com/naoina/toml v0.1.2-0.20170918210437-9fafd6967416


go: extracting github.com/naoina/toml v0.1.2-0.20170918210437-9fafd6967416


go: downloading github.com/rs/xhandler v0.0.0-20160618193221-ed27b6fd6521


go: downloading github.com/fjl/memsize v0.0.0-20180418122429-ca190fb6ffbc


go: downloading github.com/davecgh/go-spew v1.1.1


go: downloading github.com/steakknife/bloomfilter v0.0.0-20180922174646-6819c0d2a570


go: extracting github.com/rs/xhandler v0.0.0-20160618193221-ed27b6fd6521


go: extracting github.com/davecgh/go-spew v1.1.1


go: extracting github.com/fjl/memsize v0.0.0-20180418122429-ca190fb6ffbc


go: extracting github.com/steakknife/bloomfilter v0.0.0-20180922174646-6819c0d2a570


go: downloading github.com/julienschmidt/httprouter v1.1.1-0.20170430222011-975b5c4c7c21


go: downloading github.com/mattn/go-colorable v0.1.0


go: extracting github.com/julienschmidt/httprouter v1.1.1-0.20170430222011-975b5c4c7c21


go: extracting github.com/mattn/go-colorable v0.1.0


go: downloading github.com/elastic/gosigar v0.8.1-0.20180330100440-37f05ff46ffa


go: downloading github.com/naoina/go-stringutil v0.1.0


go: downloading github.com/tyler-smith/go-bip39 v1.0.1-0.20181017060643-dbb3b84ba2ef


go: downloading github.com/opentracing/opentracing-go v1.1.0


go: extracting github.com/elastic/gosigar v0.8.1-0.20180330100440-37f05ff46ffa


go: extracting github.com/tyler-smith/go-bip39 v1.0.1-0.20181017060643-dbb3b84ba2ef


go: extracting github.com/naoina/go-stringutil v0.1.0


go: extracting github.com/opentracing/opentracing-go v1.1.0


go: downloading github.com/dop251/goja v0.0.0-20200106141417-aaec0e7bde29


go: downloading github.com/steakknife/hamming v0.0.0-20180906055917-c99c65617cd3


go: extracting github.com/steakknife/hamming v0.0.0-20180906055917-c99c65617cd3


go: extracting github.com/dop251/goja v0.0.0-20200106141417-aaec0e7bde29


go: downloading github.com/dlclark/regexp2 v1.2.0


go: downloading github.com/go-sourcemap/sourcemap v2.1.2+incompatible


go: extracting github.com/go-sourcemap/sourcemap v2.1.2+incompatible


go: extracting github.com/dlclark/regexp2 v1.2.0


go: downloading github.com/jmespath/go-jmespath v0.0.0-20180206201540-c2b33e8439af


go: extracting github.com/jmespath/go-jmespath v0.0.0-20180206201540-c2b33e8439af


go: finding github.com/golang/protobuf v1.3.2-0.20190517061210-b285ee9cfc6c


go: finding github.com/aristanetworks/goarista v0.0.0-20170210015632-ea17b1a17847


go: finding github.com/deckarep/golang-set v0.0.0-20180603214616-504e848d77ea


go: finding github.com/davecgh/go-spew v1.1.1


go: finding github.com/go-stack/stack v1.8.0


go: finding gopkg.in/urfave/cli.v1 v1.20.0


go: finding github.com/edsrzf/mmap-go v0.0.0-20160512033002-935e0e8a636c


go: finding github.com/aws/aws-sdk-go v1.25.48


go: finding github.com/[secure]/usb v0.0.0-20190919080040-51dc0efba356


go: finding github.com/VictoriaMetrics/fastcache v1.5.3


go: finding github.com/pborman/uuid v0.0.0-20170112150404-1b00554d8222


go: finding github.com/huin/goupnp v0.0.0-20161224104101-679507af18f3


go: finding github.com/elastic/gosigar v0.8.1-0.20180330100440-37f05ff46ffa


go: finding github.com/dop251/goja v0.0.0-20200106141417-aaec0e7bde29


go: finding github.com/cloudflare/cloudflare-go v0.10.2-0.20190916151808-a80f83b9add9


go: finding github.com/gballet/go-libpcsclite v0.0.0-20190607065134-2772fd86a8ff


go: finding github.com/rjeczalik/notify v0.9.1


go: finding github.com/cespare/xxhash/v2 v2.1.1


go: finding github.com/jackpal/go-nat-pmp v1.0.2-0.20160603034137-1fa385a6f458


go: finding github.com/status-im/keycard-go v0.0.0-20190316090335-8537d3370df4


go: finding github.com/golang/snappy v0.0.1


go: finding github.com/wsddn/go-ecdh v0.0.0-20161211032359-48726bab9208


go: finding github.com/hashicorp/golang-lru v0.0.0-20160813221303-0a025b7e63ad


go: finding golang.org/x/sys v0.0.0-20190712062909-fae7ac547cb7


go: finding github.com/dlclark/regexp2 v1.2.0


go: finding golang.org/x/text v0.3.2


go: finding github.com/syndtr/goleveldb v1.0.1-0.20190923125748-758128399b1d


go: finding github.com/gorilla/websocket v1.4.1-0.20190629185528-ae1634f6a989


go: finding github.com/steakknife/bloomfilter v0.0.0-20180922174646-6819c0d2a570


go: finding github.com/olekukonko/tablewriter v0.0.2-0.20190409134802-7e037d187b0c


go: finding github.com/jmespath/go-jmespath v0.0.0-20180206201540-c2b33e8439af


go: finding github.com/pkg/errors v0.8.1


go: finding github.com/rs/cors v0.0.0-20160617231935-a62a804a8a00


go: finding github.com/prometheus/tsdb v0.6.2-0.20190402121629-4f204dcbc150


go: finding golang.org/x/net v0.0.0-20190628185345-da137c7871d7


go: finding github.com/mattn/go-colorable v0.1.0


go: finding golang.org/x/time v0.0.0-20190308202827-9d24e82272b4


go: finding github.com/rs/xhandler v0.0.0-20160618193221-ed27b6fd6521


go: finding github.com/peterh/liner v1.1.1-0.20190123174540-a2c9a5303de7


go: finding github.com/go-sourcemap/sourcemap v2.1.2+incompatible


go: finding github.com/docker/docker v1.4.2-0.20180625184442-8e610b2b55bf


go: finding github.com/fatih/color v1.3.0


go: finding github.com/mattn/go-isatty v0.0.5-0.20180830101745-3fb116b82035


go: finding github.com/mattn/go-runewidth v0.0.4


go: finding github.com/fjl/memsize v0.0.0-20180418122429-ca190fb6ffbc


go: finding github.com/tyler-smith/go-bip39 v1.0.1-0.20181017060643-dbb3b84ba2ef


go: finding github.com/julienschmidt/httprouter v1.1.1-0.20170430222011-975b5c4c7c21


go: finding github.com/steakknife/hamming v0.0.0-20180906055917-c99c65617cd3


go: finding github.com/influxdata/influxdb v1.2.3-0.20180221223340-01288bdb0883


go: finding github.com/naoina/toml v0.1.2-0.20170918210437-9fafd6967416


go: finding github.com/graph-gophers/graphql-go v0.0.0-20191115155744-f33e81362277


go: finding github.com/naoina/go-stringutil v0.1.0


go: finding golang.org/x/sync v0.0.0-20181108010431-42b317875d0f


go: finding gopkg.in/olebedev/go-duktape.v3 v3.0.0-20190213234257-ec84240a7772


go: finding github.com/opentracing/opentracing-go v1.1.0


golang.org/x/crypto/curve25519


github.com/cespare/xxhash/v2


github.com/golang/snappy


github.com/aristanetworks/goarista/monotime


github.com/VictoriaMetrics/fastcache


github.com/ethereum/go-ethereum/common/mclock


github.com/ethereum/go-ethereum/common/prque


github.com/ethereum/go-ethereum/ethdb


github.com/go-stack/stack


golang.org/x/sys/unix


github.com/ethereum/go-ethereum/log


github.com/steakknife/hamming


github.com/steakknife/bloomfilter


github.com/ethereum/go-ethereum/event


github.com/elastic/gosigar


github.com/ethereum/go-ethereum/accounts/abi


github.com/davecgh/go-spew/spew


github.com/deckarep/golang-set


github.com/pborman/uuid


github.com/rjeczalik/notify


github.com/ethereum/go-ethereum/metrics


github.com/ethereum/go-ethereum/trie


github.com/ethereum/go-ethereum/core/types


github.com/ethereum/go-ethereum


github.com/ethereum/go-ethereum/accounts


golang.org/x/crypto/pbkdf2


golang.org/x/crypto/scrypt


github.com/gballet/go-libpcsclite


github.com/status-im/keycard-go/derivationpath


github.com/wsddn/go-ecdh


golang.org/x/text/transform


golang.org/x/text/unicode/norm


github.com/ethereum/go-ethereum/accounts/scwallet


github.com/hashicorp/golang-lru/simplelru


github.com/hashicorp/golang-lru


github.com/ethereum/go-ethereum/core/state


github.com/ethereum/go-ethereum/p2p/netutil


github.com/gorilla/websocket


golang.org/x/net/context


github.com/rs/xhandler


github.com/rs/cors


github.com/ethereum/go-ethereum/rpc


github.com/ethereum/go-ethereum/accounts/keystore


github.com/ethereum/go-ethereum/consensus/misc


github.com/ethereum/go-ethereum/consensus


github.com/edsrzf/mmap-go


github.com/ethereum/go-ethereum/common/bitutil


github.com/ethereum/go-ethereum/consensus/clique


github.com/ethereum/go-ethereum/consensus/ethash


github.com/syndtr/goleveldb/leveldb/util


github.com/syndtr/goleveldb/leveldb/cache


github.com/syndtr/goleveldb/leveldb/comparer


github.com/syndtr/goleveldb/leveldb/storage


github.com/syndtr/goleveldb/leveldb/filter


github.com/syndtr/goleveldb/leveldb/opt


github.com/ethereum/go-ethereum/ethdb/memorydb


github.com/mattn/go-runewidth


github.com/olekukonko/tablewriter


github.com/syndtr/goleveldb/leveldb/errors


github.com/syndtr/goleveldb/leveldb/iterator


github.com/syndtr/goleveldb/leveldb/journal


github.com/pkg/errors


github.com/syndtr/goleveldb/leveldb/memdb


github.com/syndtr/goleveldb/leveldb/table


github.com/prometheus/tsdb/fileutil


golang.org/x/sys/cpu


github.com/ethereum/go-ethereum/crypto/blake2b


github.com/syndtr/goleveldb/leveldb


github.com/ethereum/go-ethereum/crypto/bn256/cloudflare


github.com/ethereum/go-ethereum/crypto/bn256


golang.org/x/crypto/ripemd160


github.com/ethereum/go-ethereum/core/vm


github.com/ethereum/go-ethereum/ethdb/leveldb


github.com/ethereum/go-ethereum/core/bloombits


github.com/ethereum/go-ethereum/core/rawdb


github.com/ethereum/go-ethereum/crypto/ecies


github.com/ethereum/go-ethereum/p2p/enr


github.com/ethereum/go-ethereum/p2p/enode


github.com/ethereum/go-ethereum/core


github.com/ethereum/go-ethereum/p2p/discover


github.com/ethereum/go-ethereum/p2p/discv5


github.com/huin/goupnp/httpu


github.com/huin/goupnp/scpd


github.com/huin/goupnp/soap


github.com/huin/goupnp/ssdp


golang.org/x/net/html/atom


github.com/ethereum/go-ethereum/eth/downloader


golang.org/x/net/html


golang.org/x/text/encoding/internal/identifier


golang.org/x/text/encoding


golang.org/x/text/internal/utf8internal


golang.org/x/text/encoding/internal


golang.org/x/text/runes


golang.org/x/text/encoding/charmap


golang.org/x/text/encoding/japanese


golang.org/x/text/encoding/korean


golang.org/x/text/encoding/simplifiedchinese


golang.org/x/text/encoding/traditionalchinese


golang.org/x/text/encoding/unicode


golang.org/x/text/internal/tag


golang.org/x/text/internal/language


github.com/jackpal/go-nat-pmp


github.com/tyler-smith/go-bip39/wordlists


golang.org/x/text/internal/language/compact


github.com/tyler-smith/go-bip39


golang.org/x/text/language


github.com/golang/protobuf/proto


golang.org/x/text/encoding/htmlindex


golang.org/x/net/html/charset


github.com/huin/goupnp


github.com/huin/goupnp/dcps/internetgateway1


github.com/huin/goupnp/dcps/internetgateway2


github.com/ethereum/go-ethereum/p2p/nat


github.com/ethereum/go-ethereum/p2p


github.com/golang/protobuf/protoc-gen-go/descriptor


github.com/ethereum/go-ethereum/internal/ethapi


github.com/ethereum/go-ethereum/accounts/usbwallet/trezor


github.com/[secure]/usb


github.com/ethereum/go-ethereum/signer/storage


golang.org/x/crypto/ssh/terminal


github.com/ethereum/go-ethereum/eth/filters


github.com/ethereum/go-ethereum/common/fdlimit


github.com/ethereum/go-ethereum/core/forkid


github.com/ethereum/go-ethereum/eth/fetcher


github.com/ethereum/go-ethereum/eth/gasprice


github.com/ethereum/go-ethereum/eth/tracers/internal/tracers


gopkg.in/olebedev/go-duktape.v3


github.com/ethereum/go-ethereum/accounts/usbwallet


github.com/ethereum/go-ethereum/signer/core


github.com/ethereum/go-ethereum/accounts/external


github.com/ethereum/go-ethereum/accounts/abi/bind


github.com/ethereum/go-ethereum/accounts/abi/bind/backends


github.com/ethereum/go-ethereum/signer/fourbyte


github.com/ethereum/go-ethereum/cmd/abidump


github.com/ethereum/go-ethereum/miner


github.com/ethereum/go-ethereum/metrics/prometheus


github.com/ethereum/go-ethereum/metrics/exp


github.com/fjl/memsize


github.com/fjl/memsize/memsizeui


github.com/mattn/go-isatty


github.com/mattn/go-colorable


gopkg.in/urfave/cli.v1


github.com/ethereum/go-ethereum/internal/debug


github.com/ethereum/go-ethereum/node


github.com/ethereum/go-ethereum/contracts/checkpointoracle/contract


github.com/ethereum/go-ethereum/contracts/checkpointoracle


github.com/ethereum/go-ethereum/les/checkpointoracle


github.com/ethereum/go-ethereum/les/flowcontrol


github.com/ethereum/go-ethereum/light


github.com/graph-gophers/graphql-go/errors


github.com/graph-gophers/graphql-go/internal/common


github.com/graph-gophers/graphql-go/internal/schema


github.com/graph-gophers/graphql-go/internal/exec/packer


github.com/graph-gophers/graphql-go/introspection


github.com/graph-gophers/graphql-go/internal/exec/resolvable


github.com/graph-gophers/graphql-go/internal/query


github.com/graph-gophers/graphql-go/internal/exec/selected


github.com/graph-gophers/graphql-go/log


github.com/opentracing/opentracing-go/log


github.com/opentracing/opentracing-go


github.com/opentracing/opentracing-go/ext


github.com/graph-gophers/graphql-go/trace


github.com/graph-gophers/graphql-go/internal/exec


github.com/graph-gophers/graphql-go/internal/validation


github.com/graph-gophers/graphql-go


github.com/graph-gophers/graphql-go/relay


github.com/ethereum/go-ethereum/graphql


github.com/influxdata/influxdb/pkg/escape


github.com/influxdata/influxdb/models


github.com/influxdata/influxdb/client


github.com/ethereum/go-ethereum/metrics/influxdb


golang.org/x/sync/syncmap


github.com/ethereum/go-ethereum/whisper/whisperv6


github.com/ethereum/go-ethereum/common/compiler


github.com/ethereum/go-ethereum/ethclient


github.com/dlclark/regexp2/syntax


github.com/dlclark/regexp2


github.com/dop251/goja/file


github.com/dop251/goja/token


github.com/go-sourcemap/sourcemap/internal/base64vlq


github.com/go-sourcemap/sourcemap


github.com/dop251/goja/ast


github.com/dop251/goja/parser


golang.org/x/text/internal


golang.org/x/text/cases


golang.org/x/text/internal/colltab


golang.org/x/text/collate


github.com/dop251/goja


github.com/fatih/color


github.com/ethereum/go-ethereum/internal/jsre


github.com/ethereum/go-ethereum/internal/jsre/deps


github.com/ethereum/go-ethereum/internal/web3ext


github.com/peterh/liner


github.com/ethereum/go-ethereum/console


github.com/ethereum/go-ethereum/signer/rules/deps


github.com/ethereum/go-ethereum/signer/rules


github.com/aws/aws-sdk-go/aws/awserr


github.com/aws/aws-sdk-go/internal/ini


github.com/aws/aws-sdk-go/internal/shareddefaults


github.com/aws/aws-sdk-go/aws/credentials


github.com/aws/aws-sdk-go/aws/endpoints


github.com/aws/aws-sdk-go/internal/sdkio


github.com/aws/aws-sdk-go/aws


github.com/aws/aws-sdk-go/aws/client/metadata


github.com/jmespath/go-jmespath


github.com/aws/aws-sdk-go/aws/awsutil


github.com/aws/aws-sdk-go/aws/request


github.com/aws/aws-sdk-go/internal/sdkrand


github.com/aws/aws-sdk-go/aws/client


github.com/aws/aws-sdk-go/aws/corehandlers


github.com/aws/aws-sdk-go/aws/credentials/processcreds


github.com/aws/aws-sdk-go/internal/sdkmath


github.com/aws/aws-sdk-go/private/protocol


github.com/aws/aws-sdk-go/private/protocol/rest


github.com/aws/aws-sdk-go/aws/signer/v4


github.com/aws/aws-sdk-go/private/protocol/query/queryutil


github.com/aws/aws-sdk-go/private/protocol/xml/xmlutil


github.com/aws/aws-sdk-go/private/protocol/query


github.com/aws/aws-sdk-go/service/sts


github.com/aws/aws-sdk-go/service/sts/stsiface


github.com/aws/aws-sdk-go/aws/credentials/stscreds


github.com/aws/aws-sdk-go/aws/csm


github.com/aws/aws-sdk-go/internal/sdkuri


github.com/aws/aws-sdk-go/aws/ec2metadata


github.com/aws/aws-sdk-go/aws/credentials/ec2rolecreds


github.com/aws/aws-sdk-go/private/protocol/json/jsonutil


github.com/aws/aws-sdk-go/aws/credentials/endpointcreds


github.com/aws/aws-sdk-go/aws/defaults


github.com/aws/aws-sdk-go/aws/session


github.com/aws/aws-sdk-go/private/protocol/restxml


github.com/aws/aws-sdk-go/service/route53


golang.org/x/time/rate


github.com/cloudflare/cloudflare-go


github.com/ethereum/go-ethereum/p2p/dnsdisc


github.com/ethereum/go-ethereum/cmd/devp2p


github.com/ethereum/go-ethereum/core/asm


github.com/ethereum/go-ethereum/cmd/evm/internal/compiler


github.com/ethereum/go-ethereum/core/vm/runtime


github.com/ethereum/go-ethereum/tests


github.com/naoina/go-stringutil


github.com/naoina/toml/ast


github.com/naoina/toml


github.com/docker/docker/pkg/reexec


github.com/ethereum/go-ethereum/p2p/simulations/pipes


github.com/ethereum/go-ethereum/p2p/simulations/adapters


github.com/julienschmidt/httprouter


github.com/ethereum/go-ethereum/p2p/simulations


github.com/ethereum/go-ethereum/eth/tracers


github.com/ethereum/go-ethereum/cmd/p2psim


github.com/ethereum/go-ethereum/eth


github.com/ethereum/go-ethereum/les


github.com/ethereum/go-ethereum/ethstats


github.com/ethereum/go-ethereum/cmd/utils


github.com/ethereum/go-ethereum/cmd/abigen


github.com/ethereum/go-ethereum/cmd/bootnode


github.com/ethereum/go-ethereum/cmd/checkpoint-admin


github.com/ethereum/go-ethereum/cmd/clef


github.com/ethereum/go-ethereum/cmd/ethkey


github.com/ethereum/go-ethereum/cmd/evm


github.com/ethereum/go-ethereum/cmd/faucet


github.com/ethereum/go-ethereum/cmd/geth


golang.org/x/crypto/ed25519/internal/edwards25519


golang.org/x/crypto/ed25519


golang.org/x/crypto/internal/subtle


golang.org/x/crypto/internal/chacha20


golang.org/x/crypto/poly1305


golang.org/x/crypto/ssh


github.com/ethereum/go-ethereum/cmd/puppeth


github.com/ethereum/go-ethereum/cmd/rlpdump


github.com/ethereum/go-ethereum/whisper/mailserver


github.com/ethereum/go-ethereum/cmd/wnode


github.com/ethereum/go-ethereum/crypto/bn256/google


github.com/ethereum/go-ethereum/ethdb/dbtest


github.com/ethereum/go-ethereum/internal/cmdtest


github.com/ethereum/go-ethereum/internal/guide


github.com/ethereum/go-ethereum/internal/testlog


github.com/ethereum/go-ethereum/metrics/librato


github.com/ethereum/go-ethereum/whisper/shhclient


github.com/ethereum/go-ethereum/mobile


github.com/ethereum/go-ethereum/p2p/simulations/examples


github.com/ethereum/go-ethereum/p2p/testing


github.com/ethereum/go-ethereum/tests/fuzzers/keystore


github.com/ethereum/go-ethereum/tests/fuzzers/rlp


github.com/ethereum/go-ethereum/tests/fuzzers/trie


github.com/ethereum/go-ethereum/tests/fuzzers/whisperv6


travis_time:end:39c2304c:start=1580807382791802000,finish=1580807511076517000,duration=128284715000,event=script
[0K[32;1mThe command "go run build/ci.go install" exited with 0.[0m


travis_time:start:1eecd240
[0K$ go run build/ci.go test -coverage $TEST_PACKAGES


>>> /Users/travis/.gimme/versions/go1.13.7.darwin.amd64/bin/go test -ldflags -X main.gitCommit=33791dbeb51ce910983d15dda53fd83c05be9bb3 -X main.gitDate=20200204 -s -p 1 -timeout 5m -covermode=atomic -cover ./...


go: downloading github.com/stretchr/testify v1.4.0


go: extracting github.com/stretchr/testify v1.4.0


go: downloading github.com/pmezard/go-difflib v1.0.0


go: downloading gopkg.in/yaml.v2 v2.2.2


go: extracting github.com/pmezard/go-difflib v1.0.0


go: extracting gopkg.in/yaml.v2 v2.2.2


go: finding github.com/stretchr/testify v1.4.0


go: finding github.com/pmezard/go-difflib v1.0.0


go: finding gopkg.in/yaml.v2 v2.2.2


?   	github.com/ethereum/go-ethereum	[no test files]


ok  	github.com/ethereum/go-ethereum/accounts	0.034s	coverage: 30.8% of statements


ok  	github.com/ethereum/go-ethereum/accounts/abi	0.069s	coverage: 88.9% of statements


ok  	github.com/ethereum/go-ethereum/accounts/abi/bind	6.141s	coverage: 53.2% of statements


ok  	github.com/ethereum/go-ethereum/accounts/abi/bind/backends	0.098s	coverage: 64.7% of statements


?   	github.com/ethereum/go-ethereum/accounts/external	[no test files]


ok  	github.com/ethereum/go-ethereum/accounts/keystore	21.678s	coverage: 76.6% of statements


?   	github.com/ethereum/go-ethereum/accounts/scwallet	[no test files]


?   	github.com/ethereum/go-ethereum/accounts/usbwallet	[no test files]


?   	github.com/ethereum/go-ethereum/accounts/usbwallet/trezor	[no test files]


?   	github.com/ethereum/go-ethereum/cmd/abidump	[no test files]


?   	github.com/ethereum/go-ethereum/cmd/abigen	[no test files]


?   	github.com/ethereum/go-ethereum/cmd/bootnode	[no test files]


?   	github.com/ethereum/go-ethereum/cmd/checkpoint-admin	[no test files]


?   	github.com/ethereum/go-ethereum/cmd/clef	[no test files]


ok  	github.com/ethereum/go-ethereum/cmd/devp2p	0.057s	coverage: 11.0% of statements


ok  	github.com/ethereum/go-ethereum/cmd/ethkey	2.773s	coverage: 2.0% of statements


?   	github.com/ethereum/go-ethereum/cmd/evm	[no test files]


?   	github.com/ethereum/go-ethereum/cmd/evm/internal/compiler	[no test files]


?   	github.com/ethereum/go-ethereum/cmd/faucet	[no test files]


--- FAIL: TestConsoleWelcome (6.74s)


    test_cmd.go:250: (stderr) INFO [02-04|09:13:31.232] Bumping default cache on mainnet         provided=1024 updated=4096


    test_cmd.go:250: (stderr) WARN [02-04|09:13:31.232] Sanitizing cache to Go's GC limits       provided=4096 updated=1365


    test_cmd.go:250: (stderr) INFO [02-04|09:13:31.234] Maximum peer count                       ETH=0 LES=0 total=0


    test_cmd.go:250: (stderr) INFO [02-04|09:13:31.261] Starting peer-to-peer node               instance=Geth/v1.9.11-unstable/darwin-amd64/go1.13.7


    test_cmd.go:250: (stderr) INFO [02-04|09:13:31.261] Allocated trie memory caches             clean=341.00MiB dirty=341.00MiB


    test_cmd.go:250: (stderr) INFO [02-04|09:13:31.262] Allocated cache and file handles         database=/var/folders/17/5mc7816d3mndxjqgplq6057w0000gn/T/geth-test225310903/geth/chaindata cache=682.00MiB handles=5120


    test_cmd.go:231: killing the child process (timeout)


    test_cmd.go:112: not enough output, got until ◊:


        ---------------- (stdout text)


        


        ---------------- (expected text)


        ◊Welcome to the Geth JavaScript console!


        


        instance: Geth/v1.9.11-unstable/darwin-amd64/go1.13.7


        coinbase: 0x8605cdbbdb6d264aa742e77020dcbc58fcdce182


        at block: 0 (Thu Jan 01 1970 00:00:00 GMT+0000 (GMT))


         datadir: /var/folders/17/5mc7816d3mndxjqgplq6057w0000gn/T/geth-test225310903


         modules: admin:1.0 debug:1.0 eth:1.0 ethash:1.0 miner:1.0 net:1.0 personal:1.0 rpc:1.0 shh:1.0 txpool:1.0 web3:1.0


        


        > 


        


FAIL


coverage: 1.6% of statements


FAIL	github.com/ethereum/go-ethereum/cmd/geth	19.458s


?   	github.com/ethereum/go-ethereum/cmd/p2psim	[no test files]


ok  	github.com/ethereum/go-ethereum/cmd/puppeth	0.053s	coverage: 8.6% of statements


?   	github.com/ethereum/go-ethereum/cmd/rlpdump	[no test files]


ok  	github.com/ethereum/go-ethereum/cmd/utils	0.061s	coverage: 2.3% of statements


?   	github.com/ethereum/go-ethereum/cmd/wnode	[no test files]


ok  	github.com/ethereum/go-ethereum/common	0.010s	coverage: 39.3% of statements


ok  	github.com/ethereum/go-ethereum/common/bitutil	0.010s	coverage: 95.7% of statements


ok  	github.com/ethereum/go-ethereum/common/compiler	0.009s	coverage: 0.0% of statements


ok  	github.com/ethereum/go-ethereum/common/fdlimit	0.008s	coverage: 76.2% of statements


ok  	github.com/ethereum/go-ethereum/common/hexutil	0.010s	coverage: 80.9% of statements


ok  	github.com/ethereum/go-ethereum/common/math	0.009s	coverage: 92.4% of statements


ok  	github.com/ethereum/go-ethereum/common/mclock	0.010s	coverage: 86.6% of statements


ok  	github.com/ethereum/go-ethereum/common/prque	1.315s	coverage: 74.0% of statements


?   	github.com/ethereum/go-ethereum/consensus	[no test files]


ok  	github.com/ethereum/go-ethereum/consensus/clique	0.154s	coverage: 52.5% of statements


ok  	github.com/ethereum/go-ethereum/consensus/ethash	12.756s	coverage: 64.2% of statements


?   	github.com/ethereum/go-ethereum/consensus/misc	[no test files]


ok  	github.com/ethereum/go-ethereum/console	1.836s	coverage: 40.3% of statements


ok  	github.com/ethereum/go-ethereum/contracts/checkpointoracle	0.963s	coverage: 0.0% of statements


?   	github.com/ethereum/go-ethereum/contracts/checkpointoracle/contract	[no test files]


ok  	github.com/ethereum/go-ethereum/core	40.358s	coverage: 73.1% of statements


ok  	github.com/ethereum/go-ethereum/core/asm	0.036s	coverage: 72.6% of statements


ok  	github.com/ethereum/go-ethereum/core/bloombits	4.427s	coverage: 95.5% of statements


ok  	github.com/ethereum/go-ethereum/core/forkid	0.046s	coverage: 85.9% of statements


ok  	github.com/ethereum/go-ethereum/core/rawdb	8.784s	coverage: 48.2% of statements


ok  	github.com/ethereum/go-ethereum/core/state	12.095s	coverage: 76.9% of statements


ok  	github.com/ethereum/go-ethereum/core/types	0.337s	coverage: 50.1% of statements


ok  	github.com/ethereum/go-ethereum/core/vm	0.350s	coverage: 40.3% of statements


ok  	github.com/ethereum/go-ethereum/core/vm/runtime	0.048s	coverage: 76.7% of statements


ok  	github.com/ethereum/go-ethereum/crypto	0.085s	coverage: 80.5% of statements


ok  	github.com/ethereum/go-ethereum/crypto/blake2b	0.064s	coverage: 90.3% of statements


?   	github.com/ethereum/go-ethereum/crypto/bn256	[no test files]


ok  	github.com/ethereum/go-ethereum/crypto/bn256/cloudflare	0.152s	coverage: 81.3% of statements


ok  	github.com/ethereum/go-ethereum/crypto/bn256/google	0.675s	coverage: 91.6% of statements


ok  	github.com/ethereum/go-ethereum/crypto/ecies	0.045s	coverage: 75.9% of statements


ok  	github.com/ethereum/go-ethereum/crypto/secp256k1	1.362s	coverage: 30.6% of statements


ok  	github.com/ethereum/go-ethereum/eth	25.027s	coverage: 29.0% of statements


ok  	github.com/ethereum/go-ethereum/eth/downloader	115.899s	coverage: 78.3% of statements


ok  	github.com/ethereum/go-ethereum/eth/fetcher	13.484s	coverage: 90.1% of statements


ok  	github.com/ethereum/go-ethereum/eth/filters	2.891s	coverage: 53.8% of statements


?   	github.com/ethereum/go-ethereum/eth/gasprice	[no test files]


ok  	github.com/ethereum/go-ethereum/eth/tracers	0.390s	coverage: 78.8% of statements


?   	github.com/ethereum/go-ethereum/eth/tracers/internal/tracers	[no test files]


ok  	github.com/ethereum/go-ethereum/ethclient	0.190s	coverage: 14.0% of statements


?   	github.com/ethereum/go-ethereum/ethdb	[no test files]


?   	github.com/ethereum/go-ethereum/ethdb/dbtest	[no test files]


ok  	github.com/ethereum/go-ethereum/ethdb/leveldb	0.035s	coverage: 15.1% of statements


ok  	github.com/ethereum/go-ethereum/ethdb/memorydb	0.009s	coverage: 81.6% of statements


?   	github.com/ethereum/go-ethereum/ethstats	[no test files]


ok  	github.com/ethereum/go-ethereum/event	1.013s	coverage: 94.3% of statements


ok  	github.com/ethereum/go-ethereum/graphql	0.056s	coverage: 2.1% of statements


?   	github.com/ethereum/go-ethereum/internal/build	[no test files]


?   	github.com/ethereum/go-ethereum/internal/cmdtest	[no test files]


?   	github.com/ethereum/go-ethereum/internal/debug	[no test files]


?   	github.com/ethereum/go-ethereum/internal/ethapi	[no test files]


ok  	github.com/ethereum/go-ethereum/internal/guide	17.062s	coverage: [no statements]


ok  	github.com/ethereum/go-ethereum/internal/jsre	0.201s	coverage: 48.9% of statements


?   	github.com/ethereum/go-ethereum/internal/jsre/deps	[no test files]


?   	github.com/ethereum/go-ethereum/internal/testlog	[no test files]


?   	github.com/ethereum/go-ethereum/internal/web3ext	[no test files]


panic: runtime error: invalid memory address or nil pointer dereference


[signal SIGSEGV: segmentation violation code=0x1 addr=0x0 pc=0x48a1f8f]





goroutine 5493107 [running]:


github.com/ethereum/go-ethereum/les.(*serverHandler).broadcastHeaders(0xc001b09310)


	/Users/travis/gopath/src/github.com/ethereum/go-ethereum/les/server_handler.go:906 +0xcf


created by github.com/ethereum/go-ethereum/les.(*serverHandler).start


	/Users/travis/gopath/src/github.com/ethereum/go-ethereum/les/server_handler.go:93 +0x6c


FAIL	github.com/ethereum/go-ethereum/les	22.468s


?   	github.com/ethereum/go-ethereum/les/checkpointoracle	[no test files]


ok  	github.com/ethereum/go-ethereum/les/flowcontrol	14.051s	coverage: 37.9% of statements


ok  	github.com/ethereum/go-ethereum/light	1.031s	coverage: 38.0% of statements


?   	github.com/ethereum/go-ethereum/log	[no test files]


ok  	github.com/ethereum/go-ethereum/metrics	7.966s	coverage: 49.5% of statements


?   	github.com/ethereum/go-ethereum/metrics/exp	[no test files]


?   	github.com/ethereum/go-ethereum/metrics/influxdb	[no test files]


?   	github.com/ethereum/go-ethereum/metrics/librato	[no test files]


?   	github.com/ethereum/go-ethereum/metrics/prometheus	[no test files]


ok  	github.com/ethereum/go-ethereum/miner	12.766s	coverage: 66.5% of statements


ok  	github.com/ethereum/go-ethereum/mobile	0.145s	coverage: 15.2% of statements


ok  	github.com/ethereum/go-ethereum/node	1.170s	coverage: 43.0% of statements


ok  	github.com/ethereum/go-ethereum/p2p	0.728s	coverage: 74.6% of statements


ok  	github.com/ethereum/go-ethereum/p2p/discover	78.138s	coverage: 77.1% of statements


ok  	github.com/ethereum/go-ethereum/p2p/discv5	9.246s	coverage: 46.0% of statements


ok  	github.com/ethereum/go-ethereum/p2p/dnsdisc	0.987s	coverage: 86.7% of statements


ok  	github.com/ethereum/go-ethereum/p2p/enode	2.509s	coverage: 81.3% of statements


ok  	github.com/ethereum/go-ethereum/p2p/enr	0.022s	coverage: 62.3% of statements


ok  	github.com/ethereum/go-ethereum/p2p/nat	2.778s	coverage: 20.3% of statements


ok  	github.com/ethereum/go-ethereum/p2p/netutil	0.019s	coverage: 84.1% of statements


--- FAIL: TestHTTPNodeRPC (10.01s)


    http_test.go:588: context deadline exceeded


FAIL


coverage: 69.2% of statements


FAIL	github.com/ethereum/go-ethereum/p2p/simulations	14.444s


ok  	github.com/ethereum/go-ethereum/p2p/simulations/adapters	0.066s	coverage: 0.2% of statements


?   	github.com/ethereum/go-ethereum/p2p/simulations/examples	[no test files]


?   	github.com/ethereum/go-ethereum/p2p/simulations/pipes	[no test files]


?   	github.com/ethereum/go-ethereum/p2p/testing	[no test files]


ok  	github.com/ethereum/go-ethereum/params	0.033s	coverage: 49.6% of statements


ok  	github.com/ethereum/go-ethereum/rlp	0.025s	coverage: 96.6% of statements


ok  	github.com/ethereum/go-ethereum/rpc	10.056s	coverage: 77.2% of statements


ok  	github.com/ethereum/go-ethereum/signer/core	4.987s	coverage: 42.0% of statements


ok  	github.com/ethereum/go-ethereum/signer/fourbyte	4.090s	coverage: 46.9% of statements


ok  	github.com/ethereum/go-ethereum/signer/rules	0.212s	coverage: 78.6% of statements


?   	github.com/ethereum/go-ethereum/signer/rules/deps	[no test files]


ok  	github.com/ethereum/go-ethereum/signer/storage	0.027s	coverage: 52.3% of statements


ok  	github.com/ethereum/go-ethereum/tests	130.315s	coverage: 68.5% of statements


?   	github.com/ethereum/go-ethereum/tests/fuzzers/keystore	[no test files]


?   	github.com/ethereum/go-ethereum/tests/fuzzers/rlp	[no test files]


?   	github.com/ethereum/go-ethereum/tests/fuzzers/trie	[no test files]


?   	github.com/ethereum/go-ethereum/tests/fuzzers/whisperv6	[no test files]


ok  	github.com/ethereum/go-ethereum/trie	4.282s	coverage: 71.3% of statements


ok  	github.com/ethereum/go-ethereum/whisper/mailserver	0.401s	coverage: 66.7% of statements


?   	github.com/ethereum/go-ethereum/whisper/shhclient	[no test files]


ok  	github.com/ethereum/go-ethereum/whisper/whisperv6	19.453s	coverage: 64.5% of statements


FAIL


util.go:45: exit status 1


exit status 1


travis_time:end:1eecd240:start=1580807511093713000,finish=1580808399061416000,duration=887967703000,event=script
[0K[31;1mThe command "go run build/ci.go test -coverage $TEST_PACKAGES" exited with 1.[0m








Done. Your build exited with 1.


