travis_fold:start:worker_info
[0K[33;1mWorker information[0m
hostname: b26aab30-6328-41c4-8085-f1530545f402@1.worker-org-7f6cdc984-msckg.macstadium-prod-1
version: v6.2.0 https://github.com/travis-ci/worker/tree/5e5476e01646095f48eec13196fdb3faf8f5cbf7
instance: eff4ab33-3470-4b66-9f7c-b945177d3db3 travis-ci-macos10.14-xcode11.3-1576638729 (via amqp)
startup: 1m10.829128538s
travis_fold:end:worker_info
[0Ktravis_time:start:0730c533
[0Ktravis_time:end:0730c533:start=1580818425515514000,finish=1580818426164809000,duration=649295000,event=no_world_writable_dirs
[0Ktravis_time:start:1dc01ccc
[0Ktravis_time:end:1dc01ccc:start=1580818426173257000,finish=1580818426192089000,duration=18832000,event=setup_filter
[0Ktravis_time:start:0543feaf
[0Ktravis_time:end:0543feaf:start=1580818426202650000,finish=1580818426209416000,duration=6766000,event=check_unsupported
[0Ktravis_time:start:012c87e4
[0Ktravis_fold:start:system_info
[0K[33;1mBuild system information[0m


Build language: go


Build id: 645915807


Job id: 645915812


Runtime kernel version: 18.5.0


travis-build version: 3a1b46413


[34m[1mBuild image provisioning date and time[0m


Wed Dec 18 06:34:24 GMT 2019


[34m[1mOperating System Details[0m


ProductName:	Mac OS X


ProductVersion:	10.14.4


BuildVersion:	18E226


[34m[1mGit version[0m


git version 2.24.1


[34m[1mbash version[0m


GNU bash, version 3.2.57(1)-release (x86_64-apple-darwin18)


Copyright (C) 2007 Free Software Foundation, Inc.


[34m[1mGCC version[0m


Apple clang version 11.0.0 (clang-1100.0.33.16)


Target: x86_64-apple-darwin18.5.0


Thread model: posix


InstalledDir: /Applications/Xcode-11.3.app/Contents/Developer/Toolchains/XcodeDefault.xctoolchain/usr/bin


[34m[1mLLVM version[0m


Apple clang version 11.0.0 (clang-1100.0.33.16)


Target: x86_64-apple-darwin18.5.0


Thread model: posix


InstalledDir: /Applications/Xcode-11.3.app/Contents/Developer/Toolchains/XcodeDefault.xctoolchain/usr/bin


[34m[1mPre-installed Ruby versions[0m


ruby-2.6.4


[34m[1mPre-installed Node.js versions[0m


v10.17.0


v10.18.0


v12.13.0


v12.14.0


v13.0.1


v4.9.1


v6.17.1


v8.16.2


v8.17.0


[34m[1mmvn -version[0m


Apache Maven 3.6.3 (cecedd343002696d0abb50b32b541b8a6ba2883f)


Maven home: /usr/local/Cellar/maven/3.6.3/libexec


Java version: 13.0.1, vendor: Oracle Corporation, runtime: /Library/Java/JavaVirtualMachines/openjdk-13.0.1.jdk/Contents/Home


Default locale: en_US, platform encoding: UTF-8


OS name: "mac os x", version: "10.14.4", arch: "x86_64", family: "mac"


travis_fold:end:system_info
[0K


travis_time:end:012c87e4:start=1580818426217688000,finish=1580818426237835000,duration=20147000,event=show_system_info
[0Ktravis_time:start:0f77c638
[0Ktravis_time:end:0f77c638:start=1580818426247370000,finish=1580818426272007000,duration=24637000,event=rm_riak_source
[0Ktravis_time:start:102682ce
[0Ktravis_time:end:102682ce:start=1580818426280555000,finish=1580818426287922000,duration=7367000,event=fix_rwky_redis
[0Ktravis_time:start:1bfd2e46
[0Ktravis_time:end:1bfd2e46:start=1580818426296511000,finish=1580818426782195000,duration=485684000,event=wait_for_network
[0Ktravis_time:start:13bc5ed5
[0Ktravis_time:end:13bc5ed5:start=1580818426792782000,finish=1580818426800303000,duration=7521000,event=update_apt_keys
[0Ktravis_time:start:1cd40c38
[0Ktravis_time:end:1cd40c38:start=1580818426811026000,finish=1580818426819604000,duration=8578000,event=fix_hhvm_source
[0Ktravis_time:start:02f00a1a
[0Ktravis_time:end:02f00a1a:start=1580818426831073000,finish=1580818426838691000,duration=7618000,event=update_mongo_arch
[0Ktravis_time:start:027466bc
[0Ktravis_time:end:027466bc:start=1580818426848232000,finish=1580818426860133000,duration=11901000,event=fix_sudo_enabled_trusty
[0Ktravis_time:start:07424c0a
[0Ktravis_time:end:07424c0a:start=1580818426868900000,finish=1580818426877915000,duration=9015000,event=update_glibc
[0Ktravis_time:start:1331dd6d
[0Ktravis_time:end:1331dd6d:start=1580818426887535000,finish=1580818426948264000,duration=60729000,event=clean_up_path
[0Ktravis_time:start:0376d2ec
[0Ktravis_time:end:0376d2ec:start=1580818426959467000,finish=1580818427012617000,duration=53150000,event=fix_resolv_conf
[0Ktravis_time:start:34ab008b
[0Ktravis_time:end:34ab008b:start=1580818427023577000,finish=1580818427077851000,duration=54274000,event=fix_etc_hosts
[0Ktravis_time:start:000086b5
[0Ktravis_time:end:000086b5:start=1580818427087547000,finish=1580818427094797000,duration=7250000,event=fix_mvn_settings_xml
[0Ktravis_time:start:19ad46e7
[0Ktravis_time:end:19ad46e7:start=1580818427103704000,finish=1580818427159154000,duration=55450000,event=no_ipv6_localhost
[0Ktravis_time:start:055a2680
[0Ktravis_time:end:055a2680:start=1580818427169973000,finish=1580818427177755000,duration=7782000,event=fix_etc_mavenrc
[0Ktravis_time:start:310472fb
[0Ktravis_time:end:310472fb:start=1580818427188734000,finish=1580818427618923000,duration=430189000,event=fix_wwdr_certificate
[0Ktravis_time:start:143c39b2
[0Ktravis_time:end:143c39b2:start=1580818427630213000,finish=1580818427820285000,duration=190072000,event=put_localhost_first
[0Ktravis_time:start:018032fa
[0Ktravis_time:end:018032fa:start=1580818427831518000,finish=1580818427839046000,duration=7528000,event=home_paths
[0Ktravis_time:start:088d68bd
[0Ktravis_time:end:088d68bd:start=1580818427859113000,finish=1580818427884620000,duration=25507000,event=disable_initramfs
[0Ktravis_time:start:140074b6
[0Ktravis_time:end:140074b6:start=1580818427901090000,finish=1580818427933405000,duration=32315000,event=disable_ssh_roaming
[0Ktravis_time:start:02e6c6aa
[0Ktravis_time:end:02e6c6aa:start=1580818427942840000,finish=1580818427950022000,duration=7182000,event=debug_tools
[0Ktravis_time:start:03a1dc44
[0K


travis_time:end:03a1dc44:start=1580818427959361000,finish=1580818431703397000,duration=3744036000,event=uninstall_oclint
[0Ktravis_time:start:005ce6fe
[0Ktravis_time:end:005ce6fe:start=1580818431715121000,finish=1580818432853288000,duration=1138167000,event=rvm_use
[0Ktravis_time:start:1939c58d
[0Ktravis_time:end:1939c58d:start=1580818432865282000,finish=1580818432919016000,duration=53734000,event=rm_etc_boto_cfg
[0Ktravis_time:start:03b8d69f
[0Ktravis_time:end:03b8d69f:start=1580818432929432000,finish=1580818432937136000,duration=7704000,event=rm_oraclejdk8_symlink
[0Ktravis_time:start:2c49bbc4
[0Ktravis_time:end:2c49bbc4:start=1580818432947870000,finish=1580818432961152000,duration=13282000,event=enable_i386
[0Ktravis_time:start:0ca02138
[0Ktravis_time:end:0ca02138:start=1580818432971936000,finish=1580818432983737000,duration=11801000,event=update_rubygems
[0Ktravis_time:start:130c9d40
[0Ktravis_time:end:130c9d40:start=1580818432993934000,finish=1580818433007804000,duration=13870000,event=ensure_path_components
[0Ktravis_time:start:0166e6df
[0Ktravis_time:end:0166e6df:start=1580818433017527000,finish=1580818433025300000,duration=7773000,event=redefine_curl
[0Ktravis_time:start:2727c0dc
[0Ktravis_time:end:2727c0dc:start=1580818433034900000,finish=1580818433202208000,duration=167308000,event=nonblock_pipe
[0Ktravis_time:start:068a41b3
[0Ktravis_time:end:068a41b3:start=1580818433213691000,finish=1580818433222060000,duration=8369000,event=apt_get_update
[0Ktravis_time:start:0ea45d9a
[0Ktravis_time:end:0ea45d9a:start=1580818433232519000,finish=1580818433240059000,duration=7540000,event=deprecate_xcode_64
[0Ktravis_time:start:1355ac36
[0Ktravis_time:end:1355ac36:start=1580818433249486000,finish=1580818433261310000,duration=11824000,event=update_heroku
[0Ktravis_time:start:1cc417d8
[0Ktravis_time:end:1cc417d8:start=1580818433271089000,finish=1580818433278991000,duration=7902000,event=shell_session_update
[0Ktravis_time:start:02654740
[0Ktravis_time:end:02654740:start=1580818433289166000,finish=1580818433296907000,duration=7741000,event=maven_central_mirror
[0Ktravis_time:start:044d7f33
[0Ktravis_time:end:044d7f33:start=1580818433307398000,finish=1580818433314988000,duration=7590000,event=maven_https
[0Ktravis_time:start:0bd69eee
[0Ktravis_time:end:0bd69eee:start=1580818433325564000,finish=1580818433333272000,duration=7708000,event=fix_ps4
[0KUpdating gimme


travis_time:start:0173c27a
[0K


travis_fold:start:git.checkout
[0Ktravis_time:start:0460e1f5
[0K$ git clone --depth=50 --branch=master https://github.com/ethereum/go-ethereum.git ethereum/go-ethereum


Cloning into 'ethereum/go-ethereum'...


Updating files:  70% (855/1219)
Updating files:  71% (866/1219)
Updating files:  72% (878/1219)
Updating files:  73% (890/1219)
Updating files:  74% (903/1219)
Updating files:  75% (915/1219)
Updating files:  76% (927/1219)
Updating files:  77% (939/1219)
Updating files:  78% (951/1219)
Updating files:  79% (964/1219)
Updating files:  80% (976/1219)
Updating files:  81% (988/1219)
Updating files:  82% (1000/1219)
Updating files:  83% (1012/1219)
Updating files:  84% (1024/1219)
Updating files:  85% (1037/1219)
Updating files:  86% (1049/1219)
Updating files:  87% (1061/1219)
Updating files:  88% (1073/1219)
Updating files:  89% (1085/1219)
Updating files:  90% (1098/1219)
Updating files:  91% (1110/1219)
Updating files:  92% (1122/1219)
Updating files:  93% (1134/1219)
Updating files:  94% (1146/1219)
Updating files:  95% (1159/1219)
Updating files:  96% (1171/1219)
Updating files:  97% (1183/1219)
Updating files:  98% (1195/1219)
Updating files:  99% (1207/1219)
Updating files: 100% (1219/1219)
Updating files: 100% (1219/1219), done.


travis_time:end:0460e1f5:start=1580818453620968000,finish=1580818456870491000,duration=3249523000,event=checkout
[0K$ cd ethereum/go-ethereum


$ git checkout -qf a1313b5b1e9713e7e10f5ef29b7981c9c49d688b


travis_fold:end:git.checkout
[0K


travis_fold:start:git.submodule
[0Ktravis_time:start:20653b30
[0K$ git submodule update --init --recursive


Submodule 'tests' (https://github.com/ethereum/tests) registered for path 'tests/testdata'


Cloning into '/Users/travis/build/ethereum/go-ethereum/tests/testdata'...


Submodule path 'tests/testdata': checked out 'b5eb9900ee2147b40d3e681fe86efa4fd693959a'


travis_time:end:20653b30:start=1580818457330312000,finish=1580818523044020000,duration=65713708000,event=checkout
[0Ktravis_fold:end:git.submodule
[0Ktravis_time:end:20653b30:start=1580818457330312000,finish=1580818523054153000,duration=65723841000,event=checkout
[0K$ travis_export_go 1.13.x github.com/ethereum/go-ethereum


travis_time:start:05d97c3b
[0K


[33;1mSetting environment variables from repository settings[0m


$ export IOS_SIGNING_KEY=[secure]


$ export LINUX_SIGNING_KEY=[secure]


$ export OSX_SIGNING_KEY=[secure]


$ export ANDROID_SIGNING_KEY=[secure]


$ export AZURE_BLOBSTORE_TOKEN=[secure]


$ export ANDROID_SONATYPE_USERNAME=[secure]


$ export ANDROID_SONATYPE_PASSWORD=[secure]


$ export COCOAPODS_TRUNK_TOKEN=[secure]


$ export PPA_SIGNING_KEY=[secure]


$ export PPA_SSH_KEY=[secure]





travis_time:end:05d97c3b:start=1580818523082023000,finish=1580818523120681000,duration=38658000,event=env
[0Ktravis_time:start:00671f68
[0K$ travis_setup_go


go version go1.13.7 darwin/amd64


$ export GOPATH="/Users/travis/gopath"


$ export PATH="/Users/travis/gopath/bin:/Users/travis/.gimme/versions/go1.13.7.darwin.amd64/bin:/Users/travis/bin:/Users/travis/.rvm/gems/ruby-2.6.4/bin:/Users/travis/.rvm/gems/ruby-2.6.4@global/bin:/Users/travis/.rvm/rubies/ruby-2.6.4/bin:/Users/travis/.rvm/bin:/Users/travis/bin:/Users/travis/.local/bin:/Users/travis/.nvm/versions/node/v13.0.1/bin:/usr/local/bin:/usr/bin:/bin:/usr/sbin:/sbin:/opt/X11/bin"


$ export GO111MODULE="auto"


travis_time:end:00671f68:start=1580818523132406000,finish=1580818614626418000,duration=91494012000,event=
[0K$ gimme version


v1.5.3


$ go version


go version go1.13.7 darwin/amd64


travis_fold:start:go.env
[0K$ go env


GO111MODULE="auto"


GOARCH="amd64"


GOBIN=""


GOCACHE="/Users/travis/Library/Caches/go-build"


GOENV="/Users/travis/Library/Application Support/go/env"


GOEXE=""


GOFLAGS=""


GOHOSTARCH="amd64"


GOHOSTOS="darwin"


GONOPROXY=""


GONOSUMDB=""


GOOS="darwin"


GOPATH="/Users/travis/gopath"


GOPRIVATE=""


GOPROXY="https://proxy.golang.org,direct"


GOROOT="/Users/travis/.gimme/versions/go1.13.7.darwin.amd64"


GOSUMDB="sum.golang.org"


GOTMPDIR=""


GOTOOLDIR="/Users/travis/.gimme/versions/go1.13.7.darwin.amd64/pkg/tool/darwin_amd64"


GCCGO="gccgo"


AR="ar"


CC="clang"


CXX="clang++"


CGO_ENABLED="1"


GOMOD="/Users/travis/gopath/src/github.com/ethereum/go-ethereum/go.mod"


CGO_CFLAGS="-g -O2"


CGO_CPPFLAGS=""


CGO_CXXFLAGS="-g -O2"


CGO_FFLAGS="-g -O2"


CGO_LDFLAGS="-g -O2"


PKG_CONFIG="pkg-config"


GOGCCFLAGS="-fPIC -m64 -pthread -fno-caret-diagnostics -Qunused-arguments -fmessage-length=0 -fdebug-prefix-map=/var/folders/17/5mc7816d3mndxjqgplq6057w0000gn/T/go-build918995150=/tmp/go-build -gno-record-gcc-switches -fno-common"


travis_fold:end:go.env
[0Ktravis_fold:start:install
[0Ktravis_time:start:03f03c4b
[0K$ travis_install_go_dependencies 1.13.x -v


Makefile detected


travis_time:end:03f03c4b:start=1580818615168733000,finish=1580818615186956000,duration=18223000,event=install
[0Ktravis_fold:end:install
[0Ktravis_time:start:0fccfb90
[0K$ echo "Increase the maximum number of open file descriptors on macOS"


Increase the maximum number of open file descriptors on macOS


travis_time:end:0fccfb90:start=1580818615200602000,finish=1580818615210886000,duration=10284000,event=script
[0K[32;1mThe command "echo "Increase the maximum number of open file descriptors on macOS"" exited with 0.[0m


travis_time:start:0b770bf9
[0K$ NOFILE=20480


travis_time:end:0b770bf9:start=1580818615223013000,finish=1580818615231925000,duration=8912000,event=script
[0K[32;1mThe command "NOFILE=20480" exited with 0.[0m


travis_time:start:1c6296f8
[0K$ sudo sysctl -w kern.maxfiles=$NOFILE


kern.maxfiles: 12288 -> 20480


travis_time:end:1c6296f8:start=1580818615243374000,finish=1580818615312552000,duration=69178000,event=script
[0K[32;1mThe command "sudo sysctl -w kern.maxfiles=$NOFILE" exited with 0.[0m


travis_time:start:04791720
[0K$ sudo sysctl -w kern.maxfilesperproc=$NOFILE


kern.maxfilesperproc: 10240 -> 20480


travis_time:end:04791720:start=1580818615333654000,finish=1580818615391909000,duration=58255000,event=script
[0K[32;1mThe command "sudo sysctl -w kern.maxfilesperproc=$NOFILE" exited with 0.[0m


travis_time:start:037238dc
[0K$ sudo launchctl limit maxfiles $NOFILE $NOFILE


travis_time:end:037238dc:start=1580818615418266000,finish=1580818615478148000,duration=59882000,event=script
[0K[32;1mThe command "sudo launchctl limit maxfiles $NOFILE $NOFILE" exited with 0.[0m


travis_time:start:10606151
[0K$ sudo launchctl limit maxfiles


	maxfiles    20480          20480          


travis_time:end:10606151:start=1580818615489612000,finish=1580818615543191000,duration=53579000,event=script
[0K[32;1mThe command "sudo launchctl limit maxfiles" exited with 0.[0m


travis_time:start:15f0c0e7
[0K$ ulimit -S -n $NOFILE


travis_time:end:15f0c0e7:start=1580818615556607000,finish=1580818615570928000,duration=14321000,event=script
[0K[32;1mThe command "ulimit -S -n $NOFILE" exited with 0.[0m


travis_time:start:2046d780
[0K$ ulimit -n


20480


travis_time:end:2046d780:start=1580818615594907000,finish=1580818615607207000,duration=12300000,event=script
[0K[32;1mThe command "ulimit -n" exited with 0.[0m


travis_time:start:03627acc
[0K$ unset -f cd


travis_time:end:03627acc:start=1580818615630386000,finish=1580818615643246000,duration=12860000,event=script
[0K[32;1mThe command "unset -f cd" exited with 0.[0m


travis_time:start:071e675e
[0K$ go run build/ci.go install


go: downloading github.com/cespare/cp v0.1.0


go: downloading github.com/Azure/azure-storage-blob-go v0.7.0


go: extracting github.com/cespare/cp v0.1.0


go: downloading golang.org/x/crypto v0.0.0-20190308221718-c2843e01d9a2


go: extracting github.com/Azure/azure-storage-blob-go v0.7.0


go: extracting golang.org/x/crypto v0.0.0-20190308221718-c2843e01d9a2


go: downloading github.com/Azure/azure-pipeline-go v0.2.2


go: extracting github.com/Azure/azure-pipeline-go v0.2.2


go: downloading github.com/mattn/go-ieproxy v0.0.0-20190702010315-6dee0af9227d


go: extracting github.com/mattn/go-ieproxy v0.0.0-20190702010315-6dee0af9227d


go: finding github.com/cespare/cp v0.1.0


go: finding github.com/Azure/azure-storage-blob-go v0.7.0


go: finding github.com/Azure/azure-pipeline-go v0.2.2


go: finding github.com/mattn/go-ieproxy v0.0.0-20190702010315-6dee0af9227d


go: finding golang.org/x/crypto v0.0.0-20190308221718-c2843e01d9a2


>>> /Users/travis/.gimme/versions/go1.13.7.darwin.amd64/bin/go install -ldflags -X main.gitCommit=a1313b5b1e9713e7e10f5ef29b7981c9c49d688b -X main.gitDate=20200204 -s -v ./...


go: downloading golang.org/x/sync v0.0.0-20181108010431-42b317875d0f


go: downloading github.com/golang/snappy v0.0.1


go: downloading github.com/aws/aws-sdk-go v1.25.48


go: downloading github.com/olekukonko/tablewriter v0.0.2-0.20190409134802-7e037d187b0c


go: downloading github.com/syndtr/goleveldb v1.0.1-0.20190923125748-758128399b1d


go: downloading github.com/aristanetworks/goarista v0.0.0-20170210015632-ea17b1a17847


go: downloading github.com/deckarep/golang-set v0.0.0-20180603214616-504e848d77ea


go: extracting github.com/aristanetworks/goarista v0.0.0-20170210015632-ea17b1a17847


go: extracting github.com/golang/snappy v0.0.1


go: extracting github.com/olekukonko/tablewriter v0.0.2-0.20190409134802-7e037d187b0c


go: extracting golang.org/x/sync v0.0.0-20181108010431-42b317875d0f


go: extracting github.com/deckarep/golang-set v0.0.0-20180603214616-504e848d77ea


go: extracting github.com/syndtr/goleveldb v1.0.1-0.20190923125748-758128399b1d


go: downloading github.com/influxdata/influxdb v1.2.3-0.20180221223340-01288bdb0883


go: downloading github.com/dop251/goja v0.0.0-20200106141417-aaec0e7bde29


go: downloading golang.org/x/text v0.3.2


go: downloading github.com/steakknife/bloomfilter v0.0.0-20180922174646-6819c0d2a570


go: extracting github.com/dop251/goja v0.0.0-20200106141417-aaec0e7bde29


go: extracting github.com/steakknife/bloomfilter v0.0.0-20180922174646-6819c0d2a570


go: downloading github.com/VictoriaMetrics/fastcache v1.5.3


go: downloading github.com/naoina/toml v0.1.2-0.20170918210437-9fafd6967416


go: downloading github.com/[secure]/usb v0.0.0-20190919080040-51dc0efba356


go: downloading golang.org/x/sys v0.0.0-20190712062909-fae7ac547cb7


go: extracting github.com/VictoriaMetrics/fastcache v1.5.3


go: downloading github.com/peterh/liner v1.1.1-0.20190123174540-a2c9a5303de7


go: extracting github.com/[secure]/usb v0.0.0-20190919080040-51dc0efba356


go: downloading gopkg.in/urfave/cli.v1 v1.20.0


go: extracting github.com/naoina/toml v0.1.2-0.20170918210437-9fafd6967416


go: downloading gopkg.in/olebedev/go-duktape.v3 v3.0.0-20190213234257-ec84240a7772


go: downloading github.com/mattn/go-runewidth v0.0.4


go: extracting gopkg.in/urfave/cli.v1 v1.20.0


go: extracting github.com/peterh/liner v1.1.1-0.20190123174540-a2c9a5303de7


go: extracting github.com/mattn/go-runewidth v0.0.4


go: downloading github.com/wsddn/go-ecdh v0.0.0-20161211032359-48726bab9208


go: downloading github.com/fjl/memsize v0.0.0-20180418122429-ca190fb6ffbc


go: extracting github.com/wsddn/go-ecdh v0.0.0-20161211032359-48726bab9208


go: downloading github.com/huin/goupnp v0.0.0-20161224104101-679507af18f3


go: extracting golang.org/x/sys v0.0.0-20190712062909-fae7ac547cb7


go: extracting gopkg.in/olebedev/go-duktape.v3 v3.0.0-20190213234257-ec84240a7772


go: extracting github.com/huin/goupnp v0.0.0-20161224104101-679507af18f3


go: extracting github.com/influxdata/influxdb v1.2.3-0.20180221223340-01288bdb0883


go: extracting github.com/fjl/memsize v0.0.0-20180418122429-ca190fb6ffbc


go: downloading github.com/hashicorp/golang-lru v0.0.0-20160813221303-0a025b7e63ad


go: extracting github.com/hashicorp/golang-lru v0.0.0-20160813221303-0a025b7e63ad


go: downloading github.com/naoina/go-stringutil v0.1.0


go: downloading github.com/graph-gophers/graphql-go v0.0.0-20191115155744-f33e81362277


go: downloading github.com/rjeczalik/notify v0.9.1


go: extracting github.com/naoina/go-stringutil v0.1.0


go: downloading github.com/gorilla/websocket v1.4.1-0.20190629185528-ae1634f6a989


go: extracting github.com/graph-gophers/graphql-go v0.0.0-20191115155744-f33e81362277


go: extracting github.com/rjeczalik/notify v0.9.1


go: extracting golang.org/x/text v0.3.2


go: extracting github.com/gorilla/websocket v1.4.1-0.20190629185528-ae1634f6a989


go: downloading github.com/docker/docker v1.4.2-0.20180625184442-8e610b2b55bf


go: downloading github.com/opentracing/opentracing-go v1.1.0


go: downloading github.com/golang/protobuf v1.3.2-0.20190517061210-b285ee9cfc6c


go: extracting github.com/opentracing/opentracing-go v1.1.0


go: downloading github.com/cespare/xxhash v1.1.0


go: extracting github.com/golang/protobuf v1.3.2-0.20190517061210-b285ee9cfc6c


go: extracting github.com/cespare/xxhash v1.1.0


go: downloading github.com/cespare/xxhash/v2 v2.1.1


go: extracting github.com/cespare/xxhash/v2 v2.1.1


go: downloading github.com/davecgh/go-spew v1.1.1


go: extracting github.com/davecgh/go-spew v1.1.1


go: downloading github.com/gballet/go-libpcsclite v0.0.0-20190607065134-2772fd86a8ff


go: extracting github.com/docker/docker v1.4.2-0.20180625184442-8e610b2b55bf


go: extracting github.com/gballet/go-libpcsclite v0.0.0-20190607065134-2772fd86a8ff


go: extracting github.com/aws/aws-sdk-go v1.25.48


go: downloading github.com/julienschmidt/httprouter v1.1.1-0.20170430222011-975b5c4c7c21


go: extracting github.com/julienschmidt/httprouter v1.1.1-0.20170430222011-975b5c4c7c21


go: downloading github.com/mattn/go-isatty v0.0.5-0.20180830101745-3fb116b82035


go: extracting github.com/mattn/go-isatty v0.0.5-0.20180830101745-3fb116b82035


go: downloading github.com/mattn/go-colorable v0.1.0


go: extracting github.com/mattn/go-colorable v0.1.0


go: downloading github.com/status-im/keycard-go v0.0.0-20190316090335-8537d3370df4


go: extracting github.com/status-im/keycard-go v0.0.0-20190316090335-8537d3370df4


go: downloading github.com/jackpal/go-nat-pmp v1.0.2-0.20160603034137-1fa385a6f458


go: extracting github.com/jackpal/go-nat-pmp v1.0.2-0.20160603034137-1fa385a6f458


go: downloading github.com/pborman/uuid v0.0.0-20170112150404-1b00554d8222


go: extracting github.com/pborman/uuid v0.0.0-20170112150404-1b00554d8222


go: downloading github.com/prometheus/tsdb v0.6.2-0.20190402121629-4f204dcbc150


go: downloading github.com/steakknife/hamming v0.0.0-20180906055917-c99c65617cd3


go: downloading github.com/cloudflare/cloudflare-go v0.10.2-0.20190916151808-a80f83b9add9


go: downloading github.com/edsrzf/mmap-go v0.0.0-20160512033002-935e0e8a636c


go: downloading github.com/elastic/gosigar v0.8.1-0.20180330100440-37f05ff46ffa


go: extracting github.com/steakknife/hamming v0.0.0-20180906055917-c99c65617cd3


go: extracting github.com/elastic/gosigar v0.8.1-0.20180330100440-37f05ff46ffa


go: downloading github.com/go-sourcemap/sourcemap v2.1.2+incompatible


go: extracting github.com/edsrzf/mmap-go v0.0.0-20160512033002-935e0e8a636c


go: extracting github.com/cloudflare/cloudflare-go v0.10.2-0.20190916151808-a80f83b9add9


go: extracting github.com/go-sourcemap/sourcemap v2.1.2+incompatible


go: downloading github.com/rs/cors v0.0.0-20160617231935-a62a804a8a00


go: extracting github.com/prometheus/tsdb v0.6.2-0.20190402121629-4f204dcbc150


go: downloading github.com/fatih/color v1.3.0


go: extracting github.com/rs/cors v0.0.0-20160617231935-a62a804a8a00


go: extracting github.com/fatih/color v1.3.0


go: downloading golang.org/x/time v0.0.0-20190308202827-9d24e82272b4


go: downloading github.com/rs/xhandler v0.0.0-20160618193221-ed27b6fd6521


go: downloading github.com/tyler-smith/go-bip39 v1.0.1-0.20181017060643-dbb3b84ba2ef


go: extracting golang.org/x/time v0.0.0-20190308202827-9d24e82272b4


go: extracting github.com/rs/xhandler v0.0.0-20160618193221-ed27b6fd6521


go: downloading github.com/go-stack/stack v1.8.0


go: extracting github.com/tyler-smith/go-bip39 v1.0.1-0.20181017060643-dbb3b84ba2ef


go: downloading github.com/pkg/errors v0.8.1


go: downloading github.com/dlclark/regexp2 v1.2.0


go: extracting github.com/go-stack/stack v1.8.0


go: downloading golang.org/x/net v0.0.0-20190628185345-da137c7871d7


go: extracting github.com/pkg/errors v0.8.1


go: extracting github.com/dlclark/regexp2 v1.2.0


go: extracting golang.org/x/net v0.0.0-20190628185345-da137c7871d7


go: downloading github.com/jmespath/go-jmespath v0.0.0-20180206201540-c2b33e8439af


go: extracting github.com/jmespath/go-jmespath v0.0.0-20180206201540-c2b33e8439af


go: finding github.com/golang/protobuf v1.3.2-0.20190517061210-b285ee9cfc6c


go: finding github.com/aristanetworks/goarista v0.0.0-20170210015632-ea17b1a17847


go: finding github.com/deckarep/golang-set v0.0.0-20180603214616-504e848d77ea


go: finding github.com/davecgh/go-spew v1.1.1


go: finding github.com/go-stack/stack v1.8.0


go: finding gopkg.in/urfave/cli.v1 v1.20.0


go: finding github.com/edsrzf/mmap-go v0.0.0-20160512033002-935e0e8a636c


go: finding github.com/aws/aws-sdk-go v1.25.48


go: finding github.com/VictoriaMetrics/fastcache v1.5.3


go: finding github.com/[secure]/usb v0.0.0-20190919080040-51dc0efba356


go: finding github.com/huin/goupnp v0.0.0-20161224104101-679507af18f3


go: finding github.com/pborman/uuid v0.0.0-20170112150404-1b00554d8222


go: finding github.com/elastic/gosigar v0.8.1-0.20180330100440-37f05ff46ffa


go: finding github.com/dop251/goja v0.0.0-20200106141417-aaec0e7bde29


go: finding github.com/cloudflare/cloudflare-go v0.10.2-0.20190916151808-a80f83b9add9


go: finding github.com/gballet/go-libpcsclite v0.0.0-20190607065134-2772fd86a8ff


go: finding github.com/rjeczalik/notify v0.9.1


go: finding github.com/cespare/xxhash/v2 v2.1.1


go: finding github.com/jackpal/go-nat-pmp v1.0.2-0.20160603034137-1fa385a6f458


go: finding github.com/status-im/keycard-go v0.0.0-20190316090335-8537d3370df4


go: finding github.com/golang/snappy v0.0.1


go: finding github.com/wsddn/go-ecdh v0.0.0-20161211032359-48726bab9208


go: finding github.com/hashicorp/golang-lru v0.0.0-20160813221303-0a025b7e63ad


go: finding github.com/dlclark/regexp2 v1.2.0


go: finding golang.org/x/sys v0.0.0-20190712062909-fae7ac547cb7


go: finding golang.org/x/text v0.3.2


go: finding github.com/syndtr/goleveldb v1.0.1-0.20190923125748-758128399b1d


go: finding github.com/steakknife/bloomfilter v0.0.0-20180922174646-6819c0d2a570


go: finding github.com/olekukonko/tablewriter v0.0.2-0.20190409134802-7e037d187b0c


go: finding github.com/gorilla/websocket v1.4.1-0.20190629185528-ae1634f6a989


go: finding golang.org/x/net v0.0.0-20190628185345-da137c7871d7


go: finding github.com/jmespath/go-jmespath v0.0.0-20180206201540-c2b33e8439af


go: finding github.com/pkg/errors v0.8.1


go: finding github.com/rs/cors v0.0.0-20160617231935-a62a804a8a00


go: finding github.com/prometheus/tsdb v0.6.2-0.20190402121629-4f204dcbc150


go: finding github.com/mattn/go-colorable v0.1.0


go: finding golang.org/x/time v0.0.0-20190308202827-9d24e82272b4


go: finding github.com/rs/xhandler v0.0.0-20160618193221-ed27b6fd6521


go: finding github.com/peterh/liner v1.1.1-0.20190123174540-a2c9a5303de7


go: finding github.com/go-sourcemap/sourcemap v2.1.2+incompatible


go: finding github.com/docker/docker v1.4.2-0.20180625184442-8e610b2b55bf


go: finding github.com/fatih/color v1.3.0


go: finding github.com/mattn/go-isatty v0.0.5-0.20180830101745-3fb116b82035


go: finding github.com/mattn/go-runewidth v0.0.4


go: finding github.com/fjl/memsize v0.0.0-20180418122429-ca190fb6ffbc


go: finding github.com/tyler-smith/go-bip39 v1.0.1-0.20181017060643-dbb3b84ba2ef


go: finding github.com/steakknife/hamming v0.0.0-20180906055917-c99c65617cd3


go: finding github.com/julienschmidt/httprouter v1.1.1-0.20170430222011-975b5c4c7c21


go: finding github.com/influxdata/influxdb v1.2.3-0.20180221223340-01288bdb0883


go: finding github.com/graph-gophers/graphql-go v0.0.0-20191115155744-f33e81362277


go: finding github.com/naoina/toml v0.1.2-0.20170918210437-9fafd6967416


go: finding golang.org/x/sync v0.0.0-20181108010431-42b317875d0f


go: finding github.com/naoina/go-stringutil v0.1.0


go: finding gopkg.in/olebedev/go-duktape.v3 v3.0.0-20190213234257-ec84240a7772


go: finding github.com/opentracing/opentracing-go v1.1.0


golang.org/x/crypto/curve25519


github.com/cespare/xxhash/v2


github.com/golang/snappy


github.com/aristanetworks/goarista/monotime


github.com/ethereum/go-ethereum/common/mclock


github.com/VictoriaMetrics/fastcache


github.com/ethereum/go-ethereum/common/prque


github.com/ethereum/go-ethereum/ethdb


github.com/go-stack/stack


golang.org/x/sys/unix


github.com/ethereum/go-ethereum/log


github.com/steakknife/hamming


github.com/steakknife/bloomfilter


github.com/ethereum/go-ethereum/event


github.com/elastic/gosigar


github.com/ethereum/go-ethereum/accounts/abi


github.com/davecgh/go-spew/spew


github.com/deckarep/golang-set


github.com/pborman/uuid


github.com/rjeczalik/notify


github.com/ethereum/go-ethereum/metrics


github.com/ethereum/go-ethereum/trie


github.com/ethereum/go-ethereum/core/types


github.com/ethereum/go-ethereum


github.com/ethereum/go-ethereum/accounts


golang.org/x/crypto/pbkdf2


golang.org/x/crypto/scrypt


github.com/gballet/go-libpcsclite


github.com/status-im/keycard-go/derivationpath


github.com/wsddn/go-ecdh


golang.org/x/text/transform


golang.org/x/text/unicode/norm


github.com/ethereum/go-ethereum/accounts/scwallet


github.com/hashicorp/golang-lru/simplelru


github.com/hashicorp/golang-lru


github.com/ethereum/go-ethereum/core/state


github.com/ethereum/go-ethereum/p2p/netutil


github.com/gorilla/websocket


golang.org/x/net/context


github.com/rs/xhandler


github.com/rs/cors


github.com/ethereum/go-ethereum/rpc


github.com/ethereum/go-ethereum/consensus


github.com/ethereum/go-ethereum/consensus/misc


github.com/ethereum/go-ethereum/consensus/clique


github.com/edsrzf/mmap-go


github.com/ethereum/go-ethereum/accounts/keystore


github.com/ethereum/go-ethereum/common/bitutil


github.com/ethereum/go-ethereum/consensus/ethash


github.com/syndtr/goleveldb/leveldb/util


github.com/syndtr/goleveldb/leveldb/comparer


github.com/syndtr/goleveldb/leveldb/storage


github.com/syndtr/goleveldb/leveldb/cache


github.com/syndtr/goleveldb/leveldb/filter


github.com/syndtr/goleveldb/leveldb/opt


github.com/ethereum/go-ethereum/ethdb/memorydb


github.com/syndtr/goleveldb/leveldb/errors


github.com/syndtr/goleveldb/leveldb/iterator


github.com/syndtr/goleveldb/leveldb/journal


github.com/mattn/go-runewidth


github.com/syndtr/goleveldb/leveldb/memdb


github.com/syndtr/goleveldb/leveldb/table


github.com/olekukonko/tablewriter


github.com/pkg/errors


github.com/prometheus/tsdb/fileutil


github.com/syndtr/goleveldb/leveldb


golang.org/x/sys/cpu


github.com/ethereum/go-ethereum/crypto/blake2b


github.com/ethereum/go-ethereum/crypto/bn256/cloudflare


github.com/ethereum/go-ethereum/crypto/bn256


golang.org/x/crypto/ripemd160


github.com/ethereum/go-ethereum/core/vm


github.com/ethereum/go-ethereum/ethdb/leveldb


github.com/ethereum/go-ethereum/core/rawdb


github.com/ethereum/go-ethereum/core/bloombits


github.com/ethereum/go-ethereum/crypto/ecies


github.com/ethereum/go-ethereum/p2p/enr


github.com/ethereum/go-ethereum/p2p/enode


github.com/ethereum/go-ethereum/core


github.com/ethereum/go-ethereum/p2p/discover


github.com/ethereum/go-ethereum/p2p/discv5


github.com/huin/goupnp/httpu


github.com/huin/goupnp/scpd


github.com/huin/goupnp/soap


github.com/huin/goupnp/ssdp


golang.org/x/net/html/atom


github.com/ethereum/go-ethereum/eth/downloader


golang.org/x/net/html


golang.org/x/text/encoding/internal/identifier


golang.org/x/text/internal/utf8internal


golang.org/x/text/encoding


golang.org/x/text/runes


golang.org/x/text/internal/tag


golang.org/x/text/encoding/internal


golang.org/x/text/internal/language


golang.org/x/text/encoding/charmap


golang.org/x/text/encoding/japanese


golang.org/x/text/encoding/korean


golang.org/x/text/encoding/simplifiedchinese


golang.org/x/text/encoding/traditionalchinese


golang.org/x/text/encoding/unicode


golang.org/x/text/internal/language/compact


github.com/jackpal/go-nat-pmp


golang.org/x/text/language


github.com/tyler-smith/go-bip39/wordlists


github.com/tyler-smith/go-bip39


github.com/golang/protobuf/proto


golang.org/x/text/encoding/htmlindex


golang.org/x/net/html/charset


github.com/huin/goupnp


github.com/huin/goupnp/dcps/internetgateway1


github.com/huin/goupnp/dcps/internetgateway2


github.com/ethereum/go-ethereum/p2p/nat


github.com/ethereum/go-ethereum/p2p


github.com/golang/protobuf/protoc-gen-go/descriptor


github.com/ethereum/go-ethereum/accounts/usbwallet/trezor


github.com/ethereum/go-ethereum/internal/ethapi


github.com/[secure]/usb


github.com/ethereum/go-ethereum/signer/storage


golang.org/x/crypto/ssh/terminal


github.com/ethereum/go-ethereum/eth/filters


github.com/ethereum/go-ethereum/common/fdlimit


github.com/ethereum/go-ethereum/core/forkid


github.com/ethereum/go-ethereum/eth/fetcher


github.com/ethereum/go-ethereum/eth/gasprice


github.com/ethereum/go-ethereum/eth/tracers/internal/tracers


gopkg.in/olebedev/go-duktape.v3


github.com/ethereum/go-ethereum/accounts/usbwallet


github.com/ethereum/go-ethereum/signer/core


github.com/ethereum/go-ethereum/accounts/external


github.com/ethereum/go-ethereum/accounts/abi/bind


github.com/ethereum/go-ethereum/accounts/abi/bind/backends


github.com/ethereum/go-ethereum/signer/fourbyte


github.com/ethereum/go-ethereum/cmd/abidump


github.com/ethereum/go-ethereum/miner


github.com/ethereum/go-ethereum/metrics/prometheus


github.com/ethereum/go-ethereum/metrics/exp


github.com/fjl/memsize


github.com/fjl/memsize/memsizeui


github.com/mattn/go-isatty


github.com/mattn/go-colorable


gopkg.in/urfave/cli.v1


github.com/ethereum/go-ethereum/internal/debug


github.com/ethereum/go-ethereum/node


github.com/ethereum/go-ethereum/contracts/checkpointoracle/contract


github.com/ethereum/go-ethereum/contracts/checkpointoracle


github.com/ethereum/go-ethereum/les/checkpointoracle


github.com/ethereum/go-ethereum/les/flowcontrol


github.com/ethereum/go-ethereum/light


github.com/graph-gophers/graphql-go/errors


github.com/graph-gophers/graphql-go/internal/common


github.com/graph-gophers/graphql-go/internal/schema


github.com/graph-gophers/graphql-go/internal/exec/packer


github.com/graph-gophers/graphql-go/introspection


github.com/graph-gophers/graphql-go/internal/exec/resolvable


github.com/graph-gophers/graphql-go/internal/query


github.com/graph-gophers/graphql-go/internal/exec/selected


github.com/graph-gophers/graphql-go/log


github.com/opentracing/opentracing-go/log


github.com/opentracing/opentracing-go


github.com/opentracing/opentracing-go/ext


github.com/graph-gophers/graphql-go/trace


github.com/graph-gophers/graphql-go/internal/exec


github.com/graph-gophers/graphql-go/internal/validation


github.com/graph-gophers/graphql-go


github.com/graph-gophers/graphql-go/relay


github.com/ethereum/go-ethereum/graphql


github.com/influxdata/influxdb/pkg/escape


github.com/influxdata/influxdb/models


github.com/influxdata/influxdb/client


github.com/ethereum/go-ethereum/metrics/influxdb


golang.org/x/sync/syncmap


github.com/ethereum/go-ethereum/whisper/whisperv6


github.com/ethereum/go-ethereum/common/compiler


github.com/ethereum/go-ethereum/ethclient


github.com/dlclark/regexp2/syntax


github.com/dlclark/regexp2


github.com/dop251/goja/file


github.com/dop251/goja/token


github.com/go-sourcemap/sourcemap/internal/base64vlq


github.com/go-sourcemap/sourcemap


github.com/dop251/goja/ast


github.com/dop251/goja/parser


golang.org/x/text/internal


golang.org/x/text/cases


golang.org/x/text/internal/colltab


golang.org/x/text/collate


github.com/dop251/goja


github.com/fatih/color


github.com/ethereum/go-ethereum/internal/jsre


github.com/ethereum/go-ethereum/internal/jsre/deps


github.com/ethereum/go-ethereum/internal/web3ext


github.com/peterh/liner


github.com/ethereum/go-ethereum/console


github.com/ethereum/go-ethereum/signer/rules/deps


github.com/ethereum/go-ethereum/signer/rules


github.com/aws/aws-sdk-go/aws/awserr


github.com/aws/aws-sdk-go/internal/ini


github.com/aws/aws-sdk-go/internal/shareddefaults


github.com/aws/aws-sdk-go/aws/credentials


github.com/aws/aws-sdk-go/aws/endpoints


github.com/aws/aws-sdk-go/internal/sdkio


github.com/aws/aws-sdk-go/aws


github.com/aws/aws-sdk-go/aws/client/metadata


github.com/jmespath/go-jmespath


github.com/aws/aws-sdk-go/aws/awsutil


github.com/aws/aws-sdk-go/aws/request


github.com/aws/aws-sdk-go/internal/sdkrand


github.com/aws/aws-sdk-go/aws/client


github.com/aws/aws-sdk-go/aws/corehandlers


github.com/aws/aws-sdk-go/aws/credentials/processcreds


github.com/aws/aws-sdk-go/internal/sdkmath


github.com/aws/aws-sdk-go/private/protocol


github.com/aws/aws-sdk-go/private/protocol/rest


github.com/aws/aws-sdk-go/aws/signer/v4


github.com/aws/aws-sdk-go/private/protocol/query/queryutil


github.com/aws/aws-sdk-go/private/protocol/xml/xmlutil


github.com/aws/aws-sdk-go/private/protocol/query


github.com/aws/aws-sdk-go/service/sts


github.com/aws/aws-sdk-go/service/sts/stsiface


github.com/aws/aws-sdk-go/aws/credentials/stscreds


github.com/aws/aws-sdk-go/aws/csm


github.com/aws/aws-sdk-go/internal/sdkuri


github.com/aws/aws-sdk-go/aws/ec2metadata


github.com/aws/aws-sdk-go/aws/credentials/ec2rolecreds


github.com/aws/aws-sdk-go/private/protocol/json/jsonutil


github.com/aws/aws-sdk-go/aws/credentials/endpointcreds


github.com/aws/aws-sdk-go/aws/defaults


github.com/aws/aws-sdk-go/aws/session


github.com/aws/aws-sdk-go/private/protocol/restxml


github.com/aws/aws-sdk-go/service/route53


golang.org/x/time/rate


github.com/cloudflare/cloudflare-go


github.com/ethereum/go-ethereum/p2p/dnsdisc


github.com/ethereum/go-ethereum/cmd/devp2p


github.com/ethereum/go-ethereum/core/asm


github.com/ethereum/go-ethereum/cmd/evm/internal/compiler


github.com/ethereum/go-ethereum/core/vm/runtime


github.com/ethereum/go-ethereum/tests


github.com/naoina/go-stringutil


github.com/naoina/toml/ast


github.com/naoina/toml


github.com/docker/docker/pkg/reexec


github.com/ethereum/go-ethereum/p2p/simulations/pipes


github.com/ethereum/go-ethereum/p2p/simulations/adapters


github.com/ethereum/go-ethereum/eth/tracers


github.com/ethereum/go-ethereum/eth


github.com/julienschmidt/httprouter


github.com/ethereum/go-ethereum/p2p/simulations


github.com/ethereum/go-ethereum/cmd/p2psim


github.com/ethereum/go-ethereum/les


github.com/ethereum/go-ethereum/ethstats


github.com/ethereum/go-ethereum/cmd/utils


github.com/ethereum/go-ethereum/cmd/abigen


github.com/ethereum/go-ethereum/cmd/bootnode


github.com/ethereum/go-ethereum/cmd/checkpoint-admin


github.com/ethereum/go-ethereum/cmd/clef


github.com/ethereum/go-ethereum/cmd/ethkey


github.com/ethereum/go-ethereum/cmd/evm


github.com/ethereum/go-ethereum/cmd/faucet


github.com/ethereum/go-ethereum/cmd/geth


golang.org/x/crypto/ed25519/internal/edwards25519


golang.org/x/crypto/ed25519


golang.org/x/crypto/internal/subtle


golang.org/x/crypto/internal/chacha20


golang.org/x/crypto/poly1305


golang.org/x/crypto/ssh


github.com/ethereum/go-ethereum/cmd/puppeth


github.com/ethereum/go-ethereum/cmd/rlpdump


github.com/ethereum/go-ethereum/whisper/mailserver


github.com/ethereum/go-ethereum/crypto/bn256/google


github.com/ethereum/go-ethereum/cmd/wnode


github.com/ethereum/go-ethereum/ethdb/dbtest


github.com/ethereum/go-ethereum/internal/cmdtest


github.com/ethereum/go-ethereum/internal/guide


github.com/ethereum/go-ethereum/internal/testlog


github.com/ethereum/go-ethereum/metrics/librato


github.com/ethereum/go-ethereum/whisper/shhclient


github.com/ethereum/go-ethereum/mobile


github.com/ethereum/go-ethereum/p2p/simulations/examples


github.com/ethereum/go-ethereum/p2p/testing


github.com/ethereum/go-ethereum/tests/fuzzers/keystore


github.com/ethereum/go-ethereum/tests/fuzzers/rlp


github.com/ethereum/go-ethereum/tests/fuzzers/trie


github.com/ethereum/go-ethereum/tests/fuzzers/whisperv6


travis_time:end:071e675e:start=1580818615664647000,finish=1580818754340630000,duration=138675983000,event=script
[0K[32;1mThe command "go run build/ci.go install" exited with 0.[0m


travis_time:start:2ceee3ca
[0K$ go run build/ci.go test -coverage $TEST_PACKAGES


>>> /Users/travis/.gimme/versions/go1.13.7.darwin.amd64/bin/go test -ldflags -X main.gitCommit=a1313b5b1e9713e7e10f5ef29b7981c9c49d688b -X main.gitDate=20200204 -s -p 1 -timeout 5m -covermode=atomic -cover ./...


go: downloading github.com/stretchr/testify v1.4.0


go: extracting github.com/stretchr/testify v1.4.0


go: downloading gopkg.in/yaml.v2 v2.2.2


go: downloading github.com/pmezard/go-difflib v1.0.0


go: extracting gopkg.in/yaml.v2 v2.2.2


go: extracting github.com/pmezard/go-difflib v1.0.0


go: finding github.com/stretchr/testify v1.4.0


go: finding github.com/pmezard/go-difflib v1.0.0


go: finding gopkg.in/yaml.v2 v2.2.2


?   	github.com/ethereum/go-ethereum	[no test files]


ok  	github.com/ethereum/go-ethereum/accounts	0.036s	coverage: 30.8% of statements


ok  	github.com/ethereum/go-ethereum/accounts/abi	0.097s	coverage: 88.9% of statements


ok  	github.com/ethereum/go-ethereum/accounts/abi/bind	6.536s	coverage: 53.2% of statements


ok  	github.com/ethereum/go-ethereum/accounts/abi/bind/backends	0.096s	coverage: 64.7% of statements


?   	github.com/ethereum/go-ethereum/accounts/external	[no test files]


ok  	github.com/ethereum/go-ethereum/accounts/keystore	21.667s	coverage: 76.7% of statements


?   	github.com/ethereum/go-ethereum/accounts/scwallet	[no test files]


?   	github.com/ethereum/go-ethereum/accounts/usbwallet	[no test files]


?   	github.com/ethereum/go-ethereum/accounts/usbwallet/trezor	[no test files]


?   	github.com/ethereum/go-ethereum/cmd/abidump	[no test files]


?   	github.com/ethereum/go-ethereum/cmd/abigen	[no test files]


?   	github.com/ethereum/go-ethereum/cmd/bootnode	[no test files]


?   	github.com/ethereum/go-ethereum/cmd/checkpoint-admin	[no test files]


?   	github.com/ethereum/go-ethereum/cmd/clef	[no test files]


ok  	github.com/ethereum/go-ethereum/cmd/devp2p	0.062s	coverage: 11.0% of statements


ok  	github.com/ethereum/go-ethereum/cmd/ethkey	2.647s	coverage: 2.0% of statements


?   	github.com/ethereum/go-ethereum/cmd/evm	[no test files]


?   	github.com/ethereum/go-ethereum/cmd/evm/internal/compiler	[no test files]


?   	github.com/ethereum/go-ethereum/cmd/faucet	[no test files]


ok  	github.com/ethereum/go-ethereum/cmd/geth	14.835s	coverage: 1.6% of statements


?   	github.com/ethereum/go-ethereum/cmd/p2psim	[no test files]


ok  	github.com/ethereum/go-ethereum/cmd/puppeth	0.058s	coverage: 8.6% of statements


?   	github.com/ethereum/go-ethereum/cmd/rlpdump	[no test files]


ok  	github.com/ethereum/go-ethereum/cmd/utils	0.064s	coverage: 2.3% of statements


?   	github.com/ethereum/go-ethereum/cmd/wnode	[no test files]


ok  	github.com/ethereum/go-ethereum/common	0.009s	coverage: 39.3% of statements


ok  	github.com/ethereum/go-ethereum/common/bitutil	0.010s	coverage: 95.7% of statements


ok  	github.com/ethereum/go-ethereum/common/compiler	0.009s	coverage: 0.0% of statements


ok  	github.com/ethereum/go-ethereum/common/fdlimit	0.008s	coverage: 76.2% of statements


ok  	github.com/ethereum/go-ethereum/common/hexutil	0.009s	coverage: 80.9% of statements


ok  	github.com/ethereum/go-ethereum/common/math	0.009s	coverage: 92.4% of statements


ok  	github.com/ethereum/go-ethereum/common/mclock	0.008s	coverage: 86.6% of statements


ok  	github.com/ethereum/go-ethereum/common/prque	1.234s	coverage: 74.0% of statements


?   	github.com/ethereum/go-ethereum/consensus	[no test files]


ok  	github.com/ethereum/go-ethereum/consensus/clique	0.157s	coverage: 52.5% of statements


ok  	github.com/ethereum/go-ethereum/consensus/ethash	13.541s	coverage: 64.2% of statements


?   	github.com/ethereum/go-ethereum/consensus/misc	[no test files]


ok  	github.com/ethereum/go-ethereum/console	2.239s	coverage: 41.2% of statements


ok  	github.com/ethereum/go-ethereum/contracts/checkpointoracle	1.157s	coverage: 0.0% of statements


?   	github.com/ethereum/go-ethereum/contracts/checkpointoracle/contract	[no test files]


ok  	github.com/ethereum/go-ethereum/core	34.811s	coverage: 73.3% of statements


ok  	github.com/ethereum/go-ethereum/core/asm	0.035s	coverage: 72.6% of statements


ok  	github.com/ethereum/go-ethereum/core/bloombits	4.771s	coverage: 95.5% of statements


ok  	github.com/ethereum/go-ethereum/core/forkid	0.047s	coverage: 85.9% of statements


ok  	github.com/ethereum/go-ethereum/core/rawdb	10.280s	coverage: 48.2% of statements


ok  	github.com/ethereum/go-ethereum/core/state	11.615s	coverage: 76.9% of statements


ok  	github.com/ethereum/go-ethereum/core/types	0.347s	coverage: 50.1% of statements


ok  	github.com/ethereum/go-ethereum/core/vm	0.355s	coverage: 40.3% of statements


ok  	github.com/ethereum/go-ethereum/core/vm/runtime	0.050s	coverage: 78.6% of statements


ok  	github.com/ethereum/go-ethereum/crypto	0.106s	coverage: 80.5% of statements


ok  	github.com/ethereum/go-ethereum/crypto/blake2b	0.062s	coverage: 90.3% of statements


?   	github.com/ethereum/go-ethereum/crypto/bn256	[no test files]


ok  	github.com/ethereum/go-ethereum/crypto/bn256/cloudflare	0.132s	coverage: 81.3% of statements


ok  	github.com/ethereum/go-ethereum/crypto/bn256/google	0.656s	coverage: 91.6% of statements


ok  	github.com/ethereum/go-ethereum/crypto/ecies	0.045s	coverage: 75.9% of statements


ok  	github.com/ethereum/go-ethereum/crypto/secp256k1	1.397s	coverage: 30.6% of statements


ok  	github.com/ethereum/go-ethereum/eth	21.916s	coverage: 29.0% of statements


ok  	github.com/ethereum/go-ethereum/eth/downloader	111.483s	coverage: 78.3% of statements


ok  	github.com/ethereum/go-ethereum/eth/fetcher	13.197s	coverage: 89.7% of statements


ok  	github.com/ethereum/go-ethereum/eth/filters	2.877s	coverage: 53.8% of statements


?   	github.com/ethereum/go-ethereum/eth/gasprice	[no test files]


ok  	github.com/ethereum/go-ethereum/eth/tracers	0.318s	coverage: 78.8% of statements


?   	github.com/ethereum/go-ethereum/eth/tracers/internal/tracers	[no test files]


ok  	github.com/ethereum/go-ethereum/ethclient	0.192s	coverage: 14.0% of statements


?   	github.com/ethereum/go-ethereum/ethdb	[no test files]


?   	github.com/ethereum/go-ethereum/ethdb/dbtest	[no test files]


ok  	github.com/ethereum/go-ethereum/ethdb/leveldb	0.036s	coverage: 15.1% of statements


ok  	github.com/ethereum/go-ethereum/ethdb/memorydb	0.009s	coverage: 81.6% of statements


?   	github.com/ethereum/go-ethereum/ethstats	[no test files]


ok  	github.com/ethereum/go-ethereum/event	0.981s	coverage: 94.3% of statements


ok  	github.com/ethereum/go-ethereum/graphql	0.057s	coverage: 2.1% of statements


?   	github.com/ethereum/go-ethereum/internal/build	[no test files]


?   	github.com/ethereum/go-ethereum/internal/cmdtest	[no test files]


?   	github.com/ethereum/go-ethereum/internal/debug	[no test files]


?   	github.com/ethereum/go-ethereum/internal/ethapi	[no test files]


ok  	github.com/ethereum/go-ethereum/internal/guide	17.493s	coverage: [no statements]


ok  	github.com/ethereum/go-ethereum/internal/jsre	0.234s	coverage: 48.9% of statements


?   	github.com/ethereum/go-ethereum/internal/jsre/deps	[no test files]


?   	github.com/ethereum/go-ethereum/internal/testlog	[no test files]


?   	github.com/ethereum/go-ethereum/internal/web3ext	[no test files]


panic: runtime error: invalid memory address or nil pointer dereference


[signal SIGSEGV: segmentation violation code=0x1 addr=0x0 pc=0x48a1c4f]





goroutine 10224508 [running]:


github.com/ethereum/go-ethereum/les.(*serverHandler).broadcastHeaders(0xc001062a00)


	/Users/travis/gopath/src/github.com/ethereum/go-ethereum/les/server_handler.go:906 +0xcf


created by github.com/ethereum/go-ethereum/les.(*serverHandler).start


	/Users/travis/gopath/src/github.com/ethereum/go-ethereum/les/server_handler.go:93 +0x6c


FAIL	github.com/ethereum/go-ethereum/les	25.570s


?   	github.com/ethereum/go-ethereum/les/checkpointoracle	[no test files]


ok  	github.com/ethereum/go-ethereum/les/flowcontrol	13.171s	coverage: 37.9% of statements


ok  	github.com/ethereum/go-ethereum/light	1.128s	coverage: 38.0% of statements


?   	github.com/ethereum/go-ethereum/log	[no test files]


ok  	github.com/ethereum/go-ethereum/metrics	7.171s	coverage: 49.5% of statements


?   	github.com/ethereum/go-ethereum/metrics/exp	[no test files]


?   	github.com/ethereum/go-ethereum/metrics/influxdb	[no test files]


?   	github.com/ethereum/go-ethereum/metrics/librato	[no test files]


?   	github.com/ethereum/go-ethereum/metrics/prometheus	[no test files]


ok  	github.com/ethereum/go-ethereum/miner	13.880s	coverage: 67.1% of statements


ok  	github.com/ethereum/go-ethereum/mobile	0.108s	coverage: 15.2% of statements


ok  	github.com/ethereum/go-ethereum/node	1.142s	coverage: 43.0% of statements


ok  	github.com/ethereum/go-ethereum/p2p	0.749s	coverage: 74.1% of statements


ok  	github.com/ethereum/go-ethereum/p2p/discover	70.745s	coverage: 76.2% of statements


ok  	github.com/ethereum/go-ethereum/p2p/discv5	8.770s	coverage: 46.1% of statements


ok  	github.com/ethereum/go-ethereum/p2p/dnsdisc	0.990s	coverage: 86.7% of statements


ok  	github.com/ethereum/go-ethereum/p2p/enode	2.641s	coverage: 81.3% of statements


ok  	github.com/ethereum/go-ethereum/p2p/enr	0.021s	coverage: 62.3% of statements


ok  	github.com/ethereum/go-ethereum/p2p/nat	2.650s	coverage: 20.3% of statements


ok  	github.com/ethereum/go-ethereum/p2p/netutil	0.018s	coverage: 84.1% of statements


ok  	github.com/ethereum/go-ethereum/p2p/simulations	4.102s	coverage: 69.5% of statements


ok  	github.com/ethereum/go-ethereum/p2p/simulations/adapters	0.066s	coverage: 0.2% of statements


?   	github.com/ethereum/go-ethereum/p2p/simulations/examples	[no test files]


?   	github.com/ethereum/go-ethereum/p2p/simulations/pipes	[no test files]


?   	github.com/ethereum/go-ethereum/p2p/testing	[no test files]


ok  	github.com/ethereum/go-ethereum/params	0.032s	coverage: 49.6% of statements


ok  	github.com/ethereum/go-ethereum/rlp	0.026s	coverage: 96.6% of statements


--- FAIL: TestClientCancelIPC (1.85s)


    client_test.go:193: no error for call with 275.117731ms wait time


    client_test.go:193: no error for call with 288.353755ms wait time


FAIL


coverage: 76.9% of statements


FAIL	github.com/ethereum/go-ethereum/rpc	10.770s


ok  	github.com/ethereum/go-ethereum/signer/core	5.336s	coverage: 42.0% of statements


ok  	github.com/ethereum/go-ethereum/signer/fourbyte	4.321s	coverage: 46.9% of statements


ok  	github.com/ethereum/go-ethereum/signer/rules	0.216s	coverage: 78.6% of statements


?   	github.com/ethereum/go-ethereum/signer/rules/deps	[no test files]


ok  	github.com/ethereum/go-ethereum/signer/storage	0.029s	coverage: 52.3% of statements


ok  	github.com/ethereum/go-ethereum/tests	128.945s	coverage: 68.5% of statements


?   	github.com/ethereum/go-ethereum/tests/fuzzers/keystore	[no test files]


?   	github.com/ethereum/go-ethereum/tests/fuzzers/rlp	[no test files]


?   	github.com/ethereum/go-ethereum/tests/fuzzers/trie	[no test files]


?   	github.com/ethereum/go-ethereum/tests/fuzzers/whisperv6	[no test files]


ok  	github.com/ethereum/go-ethereum/trie	4.389s	coverage: 71.3% of statements


ok  	github.com/ethereum/go-ethereum/whisper/mailserver	0.409s	coverage: 66.7% of statements


?   	github.com/ethereum/go-ethereum/whisper/shhclient	[no test files]


ok  	github.com/ethereum/go-ethereum/whisper/whisperv6	20.314s	coverage: 65.1% of statements


FAIL


util.go:45: exit status 1


exit status 1


travis_time:end:2ceee3ca:start=1580818754356115000,finish=1580819629629915000,duration=875273800000,event=script
[0K[31;1mThe command "go run build/ci.go test -coverage $TEST_PACKAGES" exited with 1.[0m








Done. Your build exited with 1.


