travis_fold:start:worker_info
[0K[33;1mWorker information[0m
hostname: d7a2f0e5-5e38-46d1-92c1-66d4dbe26cb9@1.worker-org-6bc68c5dcd-2t24f.macstadium-prod-2
version: v6.2.0 https://github.com/travis-ci/worker/tree/5e5476e01646095f48eec13196fdb3faf8f5cbf7
instance: e056f784-9de9-45f2-a0fd-c28690be880d travis-ci-macos10.14-xcode11.3.1-1579134749 (via amqp)
startup: 1m23.666059318s
travis_fold:end:worker_info
[0Ktravis_time:start:0b3cb38c
[0Ktravis_time:end:0b3cb38c:start=1581435864140416000,finish=1581435865017839000,duration=877423000,event=no_world_writable_dirs
[0Ktravis_time:start:2dad3253
[0Ktravis_time:end:2dad3253:start=1581435865028663000,finish=1581435865039233000,duration=10570000,event=setup_filter
[0Ktravis_time:start:0dc00df5
[0Ktravis_time:end:0dc00df5:start=1581435865055643000,finish=1581435865064483000,duration=8840000,event=check_unsupported
[0Ktravis_time:start:09294dc4
[0Ktravis_fold:start:system_info
[0K[33;1mBuild system information[0m


Build language: go


Build id: 648968655


Job id: 648968660


Runtime kernel version: 18.5.0


travis-build version: 08047b878


[34m[1mBuild image provisioning date and time[0m


Thu Jan 16 03:40:22 GMT 2020


[34m[1mOperating System Details[0m


ProductName:	Mac OS X


ProductVersion:	10.14.4


BuildVersion:	18E226


[34m[1mGit version[0m


git version 2.25.0


[34m[1mbash version[0m


GNU bash, version 3.2.57(1)-release (x86_64-apple-darwin18)


Copyright (C) 2007 Free Software Foundation, Inc.


[34m[1mGCC version[0m


Apple clang version 11.0.0 (clang-1100.0.33.17)


Target: x86_64-apple-darwin18.5.0


Thread model: posix


InstalledDir: /Applications/Xcode-11.3.1.app/Contents/Developer/Toolchains/XcodeDefault.xctoolchain/usr/bin


[34m[1mLLVM version[0m


Apple clang version 11.0.0 (clang-1100.0.33.17)


Target: x86_64-apple-darwin18.5.0


Thread model: posix


InstalledDir: /Applications/Xcode-11.3.1.app/Contents/Developer/Toolchains/XcodeDefault.xctoolchain/usr/bin


[34m[1mPre-installed Ruby versions[0m


ruby-2.6.4


[34m[1mPre-installed Node.js versions[0m


v10.18.1


v12.14.1


v13.6.0


v4.9.1


v6.17.1


v8.17.0


[34m[1mmvn -version[0m


Apache Maven 3.6.3 (cecedd343002696d0abb50b32b541b8a6ba2883f)


Maven home: /usr/local/Cellar/maven/3.6.3/libexec


Java version: 13.0.1, vendor: Oracle Corporation, runtime: /Library/Java/JavaVirtualMachines/openjdk-13.0.1.jdk/Contents/Home


Default locale: en_US, platform encoding: UTF-8


OS name: "mac os x", version: "10.14.4", arch: "x86_64", family: "mac"


travis_fold:end:system_info
[0K


travis_time:end:09294dc4:start=1581435865074553000,finish=1581435865094755000,duration=20202000,event=show_system_info
[0Ktravis_time:start:1d796789
[0Ktravis_time:end:1d796789:start=1581435865103887000,finish=1581435865112300000,duration=8413000,event=rm_riak_source
[0Ktravis_time:start:04735148
[0Ktravis_time:end:04735148:start=1581435865122650000,finish=1581435865134716000,duration=12066000,event=fix_rwky_redis
[0Ktravis_time:start:2e986906
[0Ktravis_time:end:2e986906:start=1581435865150279000,finish=1581435865597691000,duration=447412000,event=wait_for_network
[0Ktravis_time:start:17f34680
[0Ktravis_time:end:17f34680:start=1581435865608814000,finish=1581435865617305000,duration=8491000,event=update_apt_keys
[0Ktravis_time:start:026bbee4
[0Ktravis_time:end:026bbee4:start=1581435865626801000,finish=1581435865639531000,duration=12730000,event=fix_hhvm_source
[0Ktravis_time:start:272e2a8e
[0Ktravis_time:end:272e2a8e:start=1581435865651409000,finish=1581435865660654000,duration=9245000,event=update_mongo_arch
[0Ktravis_time:start:08741345
[0Ktravis_time:end:08741345:start=1581435865671280000,finish=1581435865685440000,duration=14160000,event=fix_sudo_enabled_trusty
[0Ktravis_time:start:0dd38c06
[0Ktravis_time:end:0dd38c06:start=1581435865695973000,finish=1581435865703946000,duration=7973000,event=update_glibc
[0Ktravis_time:start:0a499828
[0Ktravis_time:end:0a499828:start=1581435865713365000,finish=1581435867699846000,duration=1986481000,event=clean_up_path
[0Ktravis_time:start:25d62ab2
[0Ktravis_time:end:25d62ab2:start=1581435867708872000,finish=1581435867858140000,duration=149268000,event=fix_resolv_conf
[0Ktravis_time:start:04d09f12
[0Ktravis_time:end:04d09f12:start=1581435867868564000,finish=1581435868022621000,duration=154057000,event=fix_etc_hosts
[0Ktravis_time:start:12782b65
[0Ktravis_time:end:12782b65:start=1581435868035813000,finish=1581435868043756000,duration=7943000,event=fix_mvn_settings_xml
[0Ktravis_time:start:1757afb6
[0Ktravis_time:end:1757afb6:start=1581435868054474000,finish=1581435868269536000,duration=215062000,event=no_ipv6_localhost
[0Ktravis_time:start:02b050b4
[0Ktravis_time:end:02b050b4:start=1581435868278923000,finish=1581435868287059000,duration=8136000,event=fix_etc_mavenrc
[0Ktravis_time:start:05a6d1c7
[0Ktravis_time:end:05a6d1c7:start=1581435868296561000,finish=1581435872305023000,duration=4008462000,event=fix_wwdr_certificate
[0Ktravis_time:start:1a1b6bf8
[0Ktravis_time:end:1a1b6bf8:start=1581435872314624000,finish=1581435872569881000,duration=255257000,event=put_localhost_first
[0Ktravis_time:start:01b22418
[0Ktravis_time:end:01b22418:start=1581435872579068000,finish=1581435872586165000,duration=7097000,event=home_paths
[0Ktravis_time:start:2545ad8d
[0Ktravis_time:end:2545ad8d:start=1581435872595004000,finish=1581435872609694000,duration=14690000,event=disable_initramfs
[0Ktravis_time:start:3424283e
[0Ktravis_time:end:3424283e:start=1581435872619995000,finish=1581435872644458000,duration=24463000,event=disable_ssh_roaming
[0Ktravis_time:start:001b2fd2
[0Ktravis_time:end:001b2fd2:start=1581435872653191000,finish=1581435872660262000,duration=7071000,event=debug_tools
[0Ktravis_time:start:192859ac
[0K


travis_time:end:192859ac:start=1581435872669074000,finish=1581435876647459000,duration=3978385000,event=uninstall_oclint
[0Ktravis_time:start:00850d10
[0Ktravis_time:end:00850d10:start=1581435876657516000,finish=1581435877879371000,duration=1221855000,event=rvm_use
[0Ktravis_time:start:02872929
[0Ktravis_time:end:02872929:start=1581435877892006000,finish=1581435877951161000,duration=59155000,event=rm_etc_boto_cfg
[0Ktravis_time:start:10320ce4
[0Ktravis_time:end:10320ce4:start=1581435877961463000,finish=1581435877970074000,duration=8611000,event=rm_oraclejdk8_symlink
[0Ktravis_time:start:0dee8715
[0Ktravis_time:end:0dee8715:start=1581435877980769000,finish=1581435877996539000,duration=15770000,event=enable_i386
[0Ktravis_time:start:213fc2f3
[0Ktravis_time:end:213fc2f3:start=1581435878007764000,finish=1581435878020743000,duration=12979000,event=update_rubygems
[0Ktravis_time:start:076bbf01
[0Ktravis_time:end:076bbf01:start=1581435878030777000,finish=1581435878046408000,duration=15631000,event=ensure_path_components
[0Ktravis_time:start:0ef05446
[0Ktravis_time:end:0ef05446:start=1581435878056660000,finish=1581435878065149000,duration=8489000,event=redefine_curl
[0Ktravis_time:start:0049cdd9
[0Ktravis_time:end:0049cdd9:start=1581435878076643000,finish=1581435878237417000,duration=160774000,event=nonblock_pipe
[0Ktravis_time:start:02c94e7c
[0Ktravis_time:end:02c94e7c:start=1581435878252640000,finish=1581435878262488000,duration=9848000,event=apt_get_update
[0Ktravis_time:start:286789f9
[0Ktravis_time:end:286789f9:start=1581435878273026000,finish=1581435878281569000,duration=8543000,event=deprecate_xcode_64
[0Ktravis_time:start:09326ea0
[0Ktravis_time:end:09326ea0:start=1581435878293334000,finish=1581435878305335000,duration=12001000,event=update_heroku
[0Ktravis_time:start:0ecbf72e
[0Ktravis_time:end:0ecbf72e:start=1581435878316945000,finish=1581435878325038000,duration=8093000,event=shell_session_update
[0Ktravis_time:start:093efd4c
[0Ktravis_time:end:093efd4c:start=1581435878334874000,finish=1581435878342630000,duration=7756000,event=maven_central_mirror
[0Ktravis_time:start:1b0d826b
[0Ktravis_time:end:1b0d826b:start=1581435878352327000,finish=1581435878359964000,duration=7637000,event=maven_https
[0Ktravis_time:start:0304f8dc
[0Ktravis_time:end:0304f8dc:start=1581435878370612000,finish=1581435878378020000,duration=7408000,event=fix_ps4
[0KUpdating gimme


travis_time:start:021af840
[0K


travis_fold:start:git.checkout
[0Ktravis_time:start:0c8eb808
[0K$ git clone --depth=50 --branch=master https://github.com/ethereum/go-ethereum.git ethereum/go-ethereum


Cloning into 'ethereum/go-ethereum'...


Updating files:  41% (504/1219)
Updating files:  42% (512/1219)
Updating files:  43% (525/1219)
Updating files:  44% (537/1219)
Updating files:  45% (549/1219)
Updating files:  46% (561/1219)
Updating files:  47% (573/1219)
Updating files:  48% (586/1219)
Updating files:  49% (598/1219)
Updating files:  50% (610/1219)
Updating files:  51% (622/1219)
Updating files:  52% (634/1219)
Updating files:  53% (647/1219)
Updating files:  54% (659/1219)
Updating files:  55% (671/1219)
Updating files:  56% (683/1219)
Updating files:  57% (695/1219)
Updating files:  58% (708/1219)
Updating files:  59% (720/1219)
Updating files:  60% (732/1219)
Updating files:  61% (744/1219)
Updating files:  62% (756/1219)
Updating files:  63% (768/1219)
Updating files:  64% (781/1219)
Updating files:  65% (793/1219)
Updating files:  66% (805/1219)
Updating files:  67% (817/1219)
Updating files:  68% (829/1219)
Updating files:  69% (842/1219)
Updating files:  70% (854/1219)
Updating files:  71% (866/1219)
Updating files:  72% (878/1219)
Updating files:  73% (890/1219)
Updating files:  74% (903/1219)
Updating files:  75% (915/1219)
Updating files:  76% (927/1219)
Updating files:  77% (939/1219)
Updating files:  78% (951/1219)
Updating files:  79% (964/1219)
Updating files:  80% (976/1219)
Updating files:  81% (988/1219)
Updating files:  82% (1000/1219)
Updating files:  83% (1012/1219)
Updating files:  84% (1024/1219)
Updating files:  84% (1028/1219)
Updating files:  85% (1037/1219)
Updating files:  86% (1049/1219)
Updating files:  87% (1061/1219)
Updating files:  88% (1073/1219)
Updating files:  89% (1085/1219)
Updating files:  90% (1098/1219)
Updating files:  91% (1110/1219)
Updating files:  92% (1122/1219)
Updating files:  93% (1134/1219)
Updating files:  94% (1146/1219)
Updating files:  95% (1159/1219)
Updating files:  96% (1171/1219)
Updating files:  97% (1183/1219)
Updating files:  98% (1195/1219)
Updating files:  99% (1207/1219)
Updating files: 100% (1219/1219)
Updating files: 100% (1219/1219), done.


travis_time:end:0c8eb808:start=1581435916092206000,finish=1581435920433528000,duration=4341322000,event=checkout
[0K$ cd ethereum/go-ethereum


$ git checkout -qf c22fdec3c7c48bc5076cb85b92a55a68951db167


travis_fold:end:git.checkout
[0K


travis_fold:start:git.submodule
[0Ktravis_time:start:0248f5a4
[0K$ git submodule update --init --recursive


Submodule 'tests' (https://github.com/ethereum/tests) registered for path 'tests/testdata'


Cloning into '/Users/travis/build/ethereum/go-ethereum/tests/testdata'...


Submodule path 'tests/testdata': checked out 'b5eb9900ee2147b40d3e681fe86efa4fd693959a'


travis_time:end:0248f5a4:start=1581435920810143000,finish=1581436041310585000,duration=120500442000,event=checkout
[0Ktravis_fold:end:git.submodule
[0Ktravis_time:end:0248f5a4:start=1581435920810143000,finish=1581436041318545000,duration=120508402000,event=checkout
[0K$ travis_export_go 1.13.x github.com/ethereum/go-ethereum


travis_time:start:00b1d8f3
[0K


[33;1mSetting environment variables from repository settings[0m


$ export IOS_SIGNING_KEY=[secure]


$ export LINUX_SIGNING_KEY=[secure]


$ export OSX_SIGNING_KEY=[secure]


$ export ANDROID_SIGNING_KEY=[secure]


$ export AZURE_BLOBSTORE_TOKEN=[secure]


$ export ANDROID_SONATYPE_USERNAME=[secure]


$ export ANDROID_SONATYPE_PASSWORD=[secure]


$ export COCOAPODS_TRUNK_TOKEN=[secure]


$ export PPA_SIGNING_KEY=[secure]


$ export PPA_SSH_KEY=[secure]





travis_time:end:00b1d8f3:start=1581436041350747000,finish=1581436041388345000,duration=37598000,event=env
[0Ktravis_time:start:04149240
[0K$ travis_setup_go


go version go1.13.7 darwin/amd64


$ export GOPATH="/Users/travis/gopath"


$ export PATH="/Users/travis/gopath/bin:/Users/travis/.gimme/versions/go1.13.7.darwin.amd64/bin:/Users/travis/bin:/Users/travis/.rvm/gems/ruby-2.6.4/bin:/Users/travis/.rvm/gems/ruby-2.6.4@global/bin:/Users/travis/.rvm/rubies/ruby-2.6.4/bin:/Users/travis/.rvm/bin:/Users/travis/bin:/Users/travis/.local/bin:/Users/travis/.nvm/versions/node/v13.6.0/bin:/usr/local/bin:/usr/bin:/bin:/usr/sbin:/sbin:/opt/X11/bin"


$ export GO111MODULE="auto"


travis_time:end:04149240:start=1581436041398546000,finish=1581436225407711000,duration=184009165000,event=
[0K$ gimme version


v1.5.3


$ go version


go version go1.13.7 darwin/amd64


travis_fold:start:go.env
[0K$ go env


GO111MODULE="auto"


GOARCH="amd64"


GOBIN=""


GOCACHE="/Users/travis/Library/Caches/go-build"


GOENV="/Users/travis/Library/Application Support/go/env"


GOEXE=""


GOFLAGS=""


GOHOSTARCH="amd64"


GOHOSTOS="darwin"


GONOPROXY=""


GONOSUMDB=""


GOOS="darwin"


GOPATH="/Users/travis/gopath"


GOPRIVATE=""


GOPROXY="https://proxy.golang.org,direct"


GOROOT="/Users/travis/.gimme/versions/go1.13.7.darwin.amd64"


GOSUMDB="sum.golang.org"


GOTMPDIR=""


GOTOOLDIR="/Users/travis/.gimme/versions/go1.13.7.darwin.amd64/pkg/tool/darwin_amd64"


GCCGO="gccgo"


AR="ar"


CC="clang"


CXX="clang++"


CGO_ENABLED="1"


GOMOD="/Users/travis/gopath/src/github.com/ethereum/go-ethereum/go.mod"


CGO_CFLAGS="-g -O2"


CGO_CPPFLAGS=""


CGO_CXXFLAGS="-g -O2"


CGO_FFLAGS="-g -O2"


CGO_LDFLAGS="-g -O2"


PKG_CONFIG="pkg-config"


GOGCCFLAGS="-fPIC -m64 -pthread -fno-caret-diagnostics -Qunused-arguments -fmessage-length=0 -fdebug-prefix-map=/var/folders/17/5mc7816d3mndxjqgplq6057w0000gn/T/go-build729926651=/tmp/go-build -gno-record-gcc-switches -fno-common"


travis_fold:end:go.env
[0Ktravis_fold:start:install
[0Ktravis_time:start:1c215300
[0K$ travis_install_go_dependencies 1.13.x -v


Makefile detected


travis_time:end:1c215300:start=1581436225961503000,finish=1581436225977524000,duration=16021000,event=install
[0Ktravis_fold:end:install
[0Ktravis_time:start:15d58ab4
[0K$ echo "Increase the maximum number of open file descriptors on macOS"


Increase the maximum number of open file descriptors on macOS


travis_time:end:15d58ab4:start=1581436225990497000,finish=1581436225998673000,duration=8176000,event=script
[0K[32;1mThe command "echo "Increase the maximum number of open file descriptors on macOS"" exited with 0.[0m


travis_time:start:1e2ddc8a
[0K$ NOFILE=20480


travis_time:end:1e2ddc8a:start=1581436226012682000,finish=1581436226021735000,duration=9053000,event=script
[0K[32;1mThe command "NOFILE=20480" exited with 0.[0m


travis_time:start:02172c66
[0K$ sudo sysctl -w kern.maxfiles=$NOFILE


kern.maxfiles: 12288 -> 20480


travis_time:end:02172c66:start=1581436226032516000,finish=1581436226126922000,duration=94406000,event=script
[0K[32;1mThe command "sudo sysctl -w kern.maxfiles=$NOFILE" exited with 0.[0m


travis_time:start:08ed5668
[0K$ sudo sysctl -w kern.maxfilesperproc=$NOFILE


kern.maxfilesperproc: 10240 -> 20480


travis_time:end:08ed5668:start=1581436226148569000,finish=1581436226210980000,duration=62411000,event=script
[0K[32;1mThe command "sudo sysctl -w kern.maxfilesperproc=$NOFILE" exited with 0.[0m


travis_time:start:0dcc60cb
[0K$ sudo launchctl limit maxfiles $NOFILE $NOFILE


travis_time:end:0dcc60cb:start=1581436226223940000,finish=1581436226296339000,duration=72399000,event=script
[0K[32;1mThe command "sudo launchctl limit maxfiles $NOFILE $NOFILE" exited with 0.[0m


travis_time:start:1b3a97c6
[0K$ sudo launchctl limit maxfiles


	maxfiles    20480          20480          


travis_time:end:1b3a97c6:start=1581436226311273000,finish=1581436226382276000,duration=71003000,event=script
[0K[32;1mThe command "sudo launchctl limit maxfiles" exited with 0.[0m


travis_time:start:04262136
[0K$ ulimit -S -n $NOFILE


travis_time:end:04262136:start=1581436226400098000,finish=1581436226412252000,duration=12154000,event=script
[0K[32;1mThe command "ulimit -S -n $NOFILE" exited with 0.[0m


travis_time:start:00b6fcac
[0K$ ulimit -n


20480


travis_time:end:00b6fcac:start=1581436226436988000,finish=1581436226447344000,duration=10356000,event=script
[0K[32;1mThe command "ulimit -n" exited with 0.[0m


travis_time:start:0d234981
[0K$ unset -f cd


travis_time:end:0d234981:start=1581436226470081000,finish=1581436226483982000,duration=13901000,event=script
[0K[32;1mThe command "unset -f cd" exited with 0.[0m


travis_time:start:16f593ba
[0K$ go run build/ci.go install


go: downloading github.com/cespare/cp v0.1.0


go: downloading github.com/Azure/azure-storage-blob-go v0.7.0


go: downloading golang.org/x/crypto v0.0.0-20190308221718-c2843e01d9a2


go: extracting github.com/cespare/cp v0.1.0


go: extracting github.com/Azure/azure-storage-blob-go v0.7.0


go: extracting golang.org/x/crypto v0.0.0-20190308221718-c2843e01d9a2


go: downloading github.com/Azure/azure-pipeline-go v0.2.2


go: extracting github.com/Azure/azure-pipeline-go v0.2.2


go: downloading github.com/mattn/go-ieproxy v0.0.0-20190702010315-6dee0af9227d


go: extracting github.com/mattn/go-ieproxy v0.0.0-20190702010315-6dee0af9227d


go: finding github.com/cespare/cp v0.1.0


go: finding github.com/Azure/azure-storage-blob-go v0.7.0


go: finding github.com/Azure/azure-pipeline-go v0.2.2


go: finding github.com/mattn/go-ieproxy v0.0.0-20190702010315-6dee0af9227d


go: finding golang.org/x/crypto v0.0.0-20190308221718-c2843e01d9a2


>>> /Users/travis/.gimme/versions/go1.13.7.darwin.amd64/bin/go install -ldflags -X main.gitCommit=c22fdec3c7c48bc5076cb85b92a55a68951db167 -X main.gitDate=20200211 -s -v ./...


go: downloading github.com/hashicorp/golang-lru v0.0.0-20160813221303-0a025b7e63ad


go: downloading github.com/syndtr/goleveldb v1.0.1-0.20190923125748-758128399b1d


go: downloading github.com/graph-gophers/graphql-go v0.0.0-20191115155744-f33e81362277


go: downloading github.com/golang/snappy v0.0.1


go: downloading github.com/golang/protobuf v1.3.2-0.20190517061210-b285ee9cfc6c


go: downloading github.com/wsddn/go-ecdh v0.0.0-20161211032359-48726bab9208


go: downloading github.com/gorilla/websocket v1.4.1-0.20190629185528-ae1634f6a989


go: downloading github.com/fatih/color v1.3.0


go: downloading golang.org/x/text v0.3.2


go: extracting github.com/hashicorp/golang-lru v0.0.0-20160813221303-0a025b7e63ad


go: extracting github.com/fatih/color v1.3.0


go: extracting github.com/wsddn/go-ecdh v0.0.0-20161211032359-48726bab9208


go: extracting github.com/golang/snappy v0.0.1


go: extracting github.com/gorilla/websocket v1.4.1-0.20190629185528-ae1634f6a989


go: extracting github.com/golang/protobuf v1.3.2-0.20190517061210-b285ee9cfc6c


go: extracting github.com/graph-gophers/graphql-go v0.0.0-20191115155744-f33e81362277


go: extracting github.com/syndtr/goleveldb v1.0.1-0.20190923125748-758128399b1d


go: downloading github.com/jackpal/go-nat-pmp v1.0.2-0.20160603034137-1fa385a6f458


go: downloading github.com/status-im/keycard-go v0.0.0-20190316090335-8537d3370df4


go: extracting github.com/jackpal/go-nat-pmp v1.0.2-0.20160603034137-1fa385a6f458


go: downloading github.com/elastic/gosigar v0.8.1-0.20180330100440-37f05ff46ffa


go: extracting github.com/status-im/keycard-go v0.0.0-20190316090335-8537d3370df4


go: extracting github.com/elastic/gosigar v0.8.1-0.20180330100440-37f05ff46ffa


go: extracting golang.org/x/text v0.3.2


go: downloading github.com/davecgh/go-spew v1.1.1


go: extracting github.com/davecgh/go-spew v1.1.1


go: downloading golang.org/x/sync v0.0.0-20181108010431-42b317875d0f


go: downloading github.com/mattn/go-colorable v0.1.0


go: downloading github.com/naoina/toml v0.1.2-0.20170918210437-9fafd6967416


go: downloading github.com/aws/aws-sdk-go v1.25.48


go: extracting github.com/mattn/go-colorable v0.1.0


go: extracting golang.org/x/sync v0.0.0-20181108010431-42b317875d0f


go: extracting github.com/naoina/toml v0.1.2-0.20170918210437-9fafd6967416


go: downloading gopkg.in/olebedev/go-duktape.v3 v3.0.0-20190213234257-ec84240a7772


go: extracting gopkg.in/olebedev/go-duktape.v3 v3.0.0-20190213234257-ec84240a7772


go: downloading github.com/[secure]/usb v0.0.0-20190919080040-51dc0efba356


go: downloading github.com/mattn/go-isatty v0.0.5-0.20180830101745-3fb116b82035


go: extracting github.com/[secure]/usb v0.0.0-20190919080040-51dc0efba356


go: extracting github.com/mattn/go-isatty v0.0.5-0.20180830101745-3fb116b82035


go: downloading golang.org/x/sys v0.0.0-20190712062909-fae7ac547cb7


go: downloading github.com/rjeczalik/notify v0.9.1


go: downloading github.com/deckarep/golang-set v0.0.0-20180603214616-504e848d77ea


go: downloading golang.org/x/time v0.0.0-20190308202827-9d24e82272b4


go: downloading github.com/go-stack/stack v1.8.0


go: extracting golang.org/x/time v0.0.0-20190308202827-9d24e82272b4


go: extracting github.com/rjeczalik/notify v0.9.1


go: downloading github.com/huin/goupnp v0.0.0-20161224104101-679507af18f3


go: extracting github.com/deckarep/golang-set v0.0.0-20180603214616-504e848d77ea


go: extracting github.com/go-stack/stack v1.8.0


go: downloading github.com/dop251/goja v0.0.0-20200106141417-aaec0e7bde29


go: extracting golang.org/x/sys v0.0.0-20190712062909-fae7ac547cb7


go: extracting github.com/huin/goupnp v0.0.0-20161224104101-679507af18f3


go: extracting github.com/dop251/goja v0.0.0-20200106141417-aaec0e7bde29


go: downloading github.com/aristanetworks/goarista v0.0.0-20170210015632-ea17b1a17847


go: downloading github.com/docker/docker v1.4.2-0.20180625184442-8e610b2b55bf


go: downloading github.com/edsrzf/mmap-go v0.0.0-20160512033002-935e0e8a636c


go: extracting github.com/aristanetworks/goarista v0.0.0-20170210015632-ea17b1a17847


go: downloading github.com/olekukonko/tablewriter v0.0.2-0.20190409134802-7e037d187b0c


go: extracting github.com/edsrzf/mmap-go v0.0.0-20160512033002-935e0e8a636c


go: downloading github.com/fjl/memsize v0.0.0-20180418122429-ca190fb6ffbc


go: extracting github.com/olekukonko/tablewriter v0.0.2-0.20190409134802-7e037d187b0c


go: downloading github.com/prometheus/tsdb v0.6.2-0.20190402121629-4f204dcbc150


go: extracting github.com/fjl/memsize v0.0.0-20180418122429-ca190fb6ffbc


go: extracting github.com/aws/aws-sdk-go v1.25.48


go: extracting github.com/docker/docker v1.4.2-0.20180625184442-8e610b2b55bf


go: extracting github.com/prometheus/tsdb v0.6.2-0.20190402121629-4f204dcbc150


go: downloading github.com/julienschmidt/httprouter v1.1.1-0.20170430222011-975b5c4c7c21


go: extracting github.com/julienschmidt/httprouter v1.1.1-0.20170430222011-975b5c4c7c21


go: downloading gopkg.in/urfave/cli.v1 v1.20.0


go: downloading github.com/mattn/go-runewidth v0.0.4


go: extracting gopkg.in/urfave/cli.v1 v1.20.0


go: extracting github.com/mattn/go-runewidth v0.0.4


go: downloading github.com/pborman/uuid v0.0.0-20170112150404-1b00554d8222


go: extracting github.com/pborman/uuid v0.0.0-20170112150404-1b00554d8222


go: downloading github.com/influxdata/influxdb v1.2.3-0.20180221223340-01288bdb0883


go: downloading github.com/dlclark/regexp2 v1.2.0


go: extracting github.com/influxdata/influxdb v1.2.3-0.20180221223340-01288bdb0883


go: extracting github.com/dlclark/regexp2 v1.2.0


go: downloading github.com/VictoriaMetrics/fastcache v1.5.3


go: downloading github.com/steakknife/bloomfilter v0.0.0-20180922174646-6819c0d2a570


go: downloading github.com/go-sourcemap/sourcemap v2.1.2+incompatible


go: extracting github.com/go-sourcemap/sourcemap v2.1.2+incompatible


go: extracting github.com/steakknife/bloomfilter v0.0.0-20180922174646-6819c0d2a570


go: extracting github.com/VictoriaMetrics/fastcache v1.5.3


go: downloading github.com/rs/cors v0.0.0-20160617231935-a62a804a8a00


go: downloading github.com/pkg/errors v0.8.1


go: extracting github.com/rs/cors v0.0.0-20160617231935-a62a804a8a00


go: extracting github.com/pkg/errors v0.8.1


go: downloading github.com/tyler-smith/go-bip39 v1.0.1-0.20181017060643-dbb3b84ba2ef


go: downloading github.com/cespare/xxhash v1.1.0


go: downloading golang.org/x/net v0.0.0-20190628185345-da137c7871d7


go: extracting github.com/tyler-smith/go-bip39 v1.0.1-0.20181017060643-dbb3b84ba2ef


go: downloading github.com/naoina/go-stringutil v0.1.0


go: extracting github.com/cespare/xxhash v1.1.0


go: extracting golang.org/x/net v0.0.0-20190628185345-da137c7871d7


go: downloading github.com/steakknife/hamming v0.0.0-20180906055917-c99c65617cd3


go: extracting github.com/naoina/go-stringutil v0.1.0


go: downloading github.com/cespare/xxhash/v2 v2.1.1


go: extracting github.com/steakknife/hamming v0.0.0-20180906055917-c99c65617cd3


go: downloading github.com/rs/xhandler v0.0.0-20160618193221-ed27b6fd6521


go: extracting github.com/cespare/xxhash/v2 v2.1.1


go: extracting github.com/rs/xhandler v0.0.0-20160618193221-ed27b6fd6521


go: downloading github.com/peterh/liner v1.1.1-0.20190123174540-a2c9a5303de7


go: downloading github.com/gballet/go-libpcsclite v0.0.0-20190607065134-2772fd86a8ff


go: downloading github.com/cloudflare/cloudflare-go v0.10.2-0.20190916151808-a80f83b9add9


go: extracting github.com/peterh/liner v1.1.1-0.20190123174540-a2c9a5303de7


go: extracting github.com/gballet/go-libpcsclite v0.0.0-20190607065134-2772fd86a8ff


go: extracting github.com/cloudflare/cloudflare-go v0.10.2-0.20190916151808-a80f83b9add9


go: downloading github.com/opentracing/opentracing-go v1.1.0


go: extracting github.com/opentracing/opentracing-go v1.1.0


go: downloading github.com/jmespath/go-jmespath v0.0.0-20180206201540-c2b33e8439af


go: extracting github.com/jmespath/go-jmespath v0.0.0-20180206201540-c2b33e8439af


go: finding github.com/golang/protobuf v1.3.2-0.20190517061210-b285ee9cfc6c


go: finding github.com/aristanetworks/goarista v0.0.0-20170210015632-ea17b1a17847


go: finding github.com/deckarep/golang-set v0.0.0-20180603214616-504e848d77ea


go: finding github.com/davecgh/go-spew v1.1.1


go: finding github.com/go-stack/stack v1.8.0


go: finding gopkg.in/urfave/cli.v1 v1.20.0


go: finding github.com/edsrzf/mmap-go v0.0.0-20160512033002-935e0e8a636c


go: finding github.com/aws/aws-sdk-go v1.25.48


go: finding github.com/VictoriaMetrics/fastcache v1.5.3


go: finding github.com/[secure]/usb v0.0.0-20190919080040-51dc0efba356


go: finding github.com/pborman/uuid v0.0.0-20170112150404-1b00554d8222


go: finding github.com/huin/goupnp v0.0.0-20161224104101-679507af18f3


go: finding github.com/elastic/gosigar v0.8.1-0.20180330100440-37f05ff46ffa


go: finding github.com/dop251/goja v0.0.0-20200106141417-aaec0e7bde29


go: finding github.com/cloudflare/cloudflare-go v0.10.2-0.20190916151808-a80f83b9add9


go: finding github.com/gballet/go-libpcsclite v0.0.0-20190607065134-2772fd86a8ff


go: finding github.com/rjeczalik/notify v0.9.1


go: finding github.com/cespare/xxhash/v2 v2.1.1


go: finding github.com/jackpal/go-nat-pmp v1.0.2-0.20160603034137-1fa385a6f458


go: finding github.com/status-im/keycard-go v0.0.0-20190316090335-8537d3370df4


go: finding github.com/golang/snappy v0.0.1


go: finding github.com/wsddn/go-ecdh v0.0.0-20161211032359-48726bab9208


go: finding github.com/hashicorp/golang-lru v0.0.0-20160813221303-0a025b7e63ad


go: finding github.com/dlclark/regexp2 v1.2.0


go: finding golang.org/x/sys v0.0.0-20190712062909-fae7ac547cb7


go: finding golang.org/x/text v0.3.2


go: finding github.com/syndtr/goleveldb v1.0.1-0.20190923125748-758128399b1d


go: finding github.com/steakknife/bloomfilter v0.0.0-20180922174646-6819c0d2a570


go: finding github.com/olekukonko/tablewriter v0.0.2-0.20190409134802-7e037d187b0c


go: finding github.com/gorilla/websocket v1.4.1-0.20190629185528-ae1634f6a989


go: finding github.com/jmespath/go-jmespath v0.0.0-20180206201540-c2b33e8439af


go: finding github.com/pkg/errors v0.8.1


go: finding github.com/prometheus/tsdb v0.6.2-0.20190402121629-4f204dcbc150


go: finding github.com/rs/cors v0.0.0-20160617231935-a62a804a8a00


go: finding golang.org/x/net v0.0.0-20190628185345-da137c7871d7


go: finding github.com/mattn/go-colorable v0.1.0


go: finding golang.org/x/time v0.0.0-20190308202827-9d24e82272b4


go: finding github.com/rs/xhandler v0.0.0-20160618193221-ed27b6fd6521


go: finding github.com/peterh/liner v1.1.1-0.20190123174540-a2c9a5303de7


go: finding github.com/go-sourcemap/sourcemap v2.1.2+incompatible


go: finding github.com/docker/docker v1.4.2-0.20180625184442-8e610b2b55bf


go: finding github.com/mattn/go-isatty v0.0.5-0.20180830101745-3fb116b82035


go: finding github.com/fatih/color v1.3.0


go: finding github.com/mattn/go-runewidth v0.0.4


go: finding github.com/fjl/memsize v0.0.0-20180418122429-ca190fb6ffbc


go: finding github.com/tyler-smith/go-bip39 v1.0.1-0.20181017060643-dbb3b84ba2ef


go: finding github.com/steakknife/hamming v0.0.0-20180906055917-c99c65617cd3


go: finding github.com/julienschmidt/httprouter v1.1.1-0.20170430222011-975b5c4c7c21


go: finding github.com/influxdata/influxdb v1.2.3-0.20180221223340-01288bdb0883


go: finding github.com/naoina/toml v0.1.2-0.20170918210437-9fafd6967416


go: finding github.com/graph-gophers/graphql-go v0.0.0-20191115155744-f33e81362277


go: finding github.com/naoina/go-stringutil v0.1.0


go: finding golang.org/x/sync v0.0.0-20181108010431-42b317875d0f


go: finding gopkg.in/olebedev/go-duktape.v3 v3.0.0-20190213234257-ec84240a7772


go: finding github.com/opentracing/opentracing-go v1.1.0


golang.org/x/crypto/curve25519


github.com/cespare/xxhash/v2


github.com/golang/snappy


github.com/aristanetworks/goarista/monotime


github.com/ethereum/go-ethereum/common/mclock


github.com/VictoriaMetrics/fastcache


github.com/ethereum/go-ethereum/common/prque


github.com/ethereum/go-ethereum/ethdb


github.com/go-stack/stack


golang.org/x/sys/unix


github.com/ethereum/go-ethereum/log


github.com/steakknife/hamming


github.com/steakknife/bloomfilter


github.com/elastic/gosigar


github.com/ethereum/go-ethereum/event


github.com/ethereum/go-ethereum/accounts/abi


github.com/davecgh/go-spew/spew


github.com/deckarep/golang-set


github.com/pborman/uuid


github.com/rjeczalik/notify


github.com/ethereum/go-ethereum/metrics


github.com/ethereum/go-ethereum/trie


github.com/ethereum/go-ethereum/core/types


github.com/ethereum/go-ethereum


github.com/ethereum/go-ethereum/accounts


golang.org/x/crypto/pbkdf2


golang.org/x/crypto/scrypt


github.com/gballet/go-libpcsclite


github.com/status-im/keycard-go/derivationpath


github.com/wsddn/go-ecdh


golang.org/x/text/transform


golang.org/x/text/unicode/norm


github.com/ethereum/go-ethereum/accounts/scwallet


github.com/hashicorp/golang-lru/simplelru


github.com/hashicorp/golang-lru


github.com/ethereum/go-ethereum/core/state


github.com/ethereum/go-ethereum/p2p/netutil


github.com/gorilla/websocket


golang.org/x/net/context


github.com/rs/xhandler


github.com/rs/cors


github.com/ethereum/go-ethereum/rpc


github.com/ethereum/go-ethereum/consensus


github.com/ethereum/go-ethereum/consensus/misc


github.com/ethereum/go-ethereum/consensus/clique


github.com/edsrzf/mmap-go


github.com/ethereum/go-ethereum/common/bitutil


github.com/ethereum/go-ethereum/consensus/ethash


github.com/ethereum/go-ethereum/accounts/keystore


github.com/syndtr/goleveldb/leveldb/util


github.com/syndtr/goleveldb/leveldb/comparer


github.com/syndtr/goleveldb/leveldb/storage


github.com/syndtr/goleveldb/leveldb/cache


github.com/syndtr/goleveldb/leveldb/filter


github.com/syndtr/goleveldb/leveldb/opt


github.com/ethereum/go-ethereum/ethdb/memorydb


github.com/syndtr/goleveldb/leveldb/errors


github.com/syndtr/goleveldb/leveldb/iterator


github.com/syndtr/goleveldb/leveldb/journal


github.com/mattn/go-runewidth


github.com/syndtr/goleveldb/leveldb/memdb


github.com/syndtr/goleveldb/leveldb/table


github.com/olekukonko/tablewriter


github.com/pkg/errors


github.com/prometheus/tsdb/fileutil


github.com/syndtr/goleveldb/leveldb


golang.org/x/sys/cpu


github.com/ethereum/go-ethereum/crypto/blake2b


github.com/ethereum/go-ethereum/crypto/bn256/cloudflare


github.com/ethereum/go-ethereum/crypto/bn256


golang.org/x/crypto/ripemd160


github.com/ethereum/go-ethereum/core/vm


github.com/ethereum/go-ethereum/ethdb/leveldb


github.com/ethereum/go-ethereum/core/rawdb


github.com/ethereum/go-ethereum/core/bloombits


github.com/ethereum/go-ethereum/crypto/ecies


github.com/ethereum/go-ethereum/p2p/enr


github.com/ethereum/go-ethereum/p2p/enode


github.com/ethereum/go-ethereum/core


github.com/ethereum/go-ethereum/p2p/discover


github.com/ethereum/go-ethereum/p2p/discv5


github.com/huin/goupnp/httpu


github.com/huin/goupnp/scpd


github.com/huin/goupnp/soap


github.com/ethereum/go-ethereum/eth/downloader


github.com/huin/goupnp/ssdp


golang.org/x/net/html/atom


golang.org/x/net/html


golang.org/x/text/encoding/internal/identifier


golang.org/x/text/encoding


golang.org/x/text/encoding/internal


golang.org/x/text/internal/utf8internal


golang.org/x/text/runes


golang.org/x/text/encoding/charmap


golang.org/x/text/encoding/japanese


golang.org/x/text/encoding/korean


golang.org/x/text/encoding/simplifiedchinese


golang.org/x/text/encoding/traditionalchinese


golang.org/x/text/encoding/unicode


golang.org/x/text/internal/tag


golang.org/x/text/internal/language


github.com/jackpal/go-nat-pmp


github.com/tyler-smith/go-bip39/wordlists


github.com/tyler-smith/go-bip39


github.com/golang/protobuf/proto


golang.org/x/text/internal/language/compact


golang.org/x/text/language


golang.org/x/text/encoding/htmlindex


golang.org/x/net/html/charset


github.com/huin/goupnp


github.com/huin/goupnp/dcps/internetgateway1


github.com/huin/goupnp/dcps/internetgateway2


github.com/ethereum/go-ethereum/p2p/nat


github.com/golang/protobuf/protoc-gen-go/descriptor


github.com/ethereum/go-ethereum/p2p


github.com/ethereum/go-ethereum/accounts/usbwallet/trezor


github.com/ethereum/go-ethereum/internal/ethapi


github.com/[secure]/usb


github.com/ethereum/go-ethereum/signer/storage


golang.org/x/crypto/ssh/terminal


github.com/ethereum/go-ethereum/eth/filters


github.com/ethereum/go-ethereum/common/fdlimit


github.com/ethereum/go-ethereum/core/forkid


github.com/ethereum/go-ethereum/eth/fetcher


github.com/ethereum/go-ethereum/eth/gasprice


github.com/ethereum/go-ethereum/eth/tracers/internal/tracers


gopkg.in/olebedev/go-duktape.v3


github.com/ethereum/go-ethereum/accounts/usbwallet


github.com/ethereum/go-ethereum/signer/core


github.com/ethereum/go-ethereum/accounts/external


github.com/ethereum/go-ethereum/accounts/abi/bind


github.com/ethereum/go-ethereum/accounts/abi/bind/backends


github.com/ethereum/go-ethereum/signer/fourbyte


github.com/ethereum/go-ethereum/cmd/abidump


github.com/ethereum/go-ethereum/miner


github.com/ethereum/go-ethereum/metrics/prometheus


github.com/ethereum/go-ethereum/metrics/exp


github.com/fjl/memsize


github.com/fjl/memsize/memsizeui


github.com/mattn/go-isatty


github.com/mattn/go-colorable


gopkg.in/urfave/cli.v1


github.com/ethereum/go-ethereum/internal/debug


github.com/ethereum/go-ethereum/node


github.com/ethereum/go-ethereum/contracts/checkpointoracle/contract


github.com/ethereum/go-ethereum/contracts/checkpointoracle


github.com/ethereum/go-ethereum/les/checkpointoracle


github.com/ethereum/go-ethereum/les/flowcontrol


github.com/ethereum/go-ethereum/light


github.com/graph-gophers/graphql-go/errors


github.com/graph-gophers/graphql-go/internal/common


github.com/graph-gophers/graphql-go/internal/schema


github.com/graph-gophers/graphql-go/internal/exec/packer


github.com/graph-gophers/graphql-go/introspection


github.com/graph-gophers/graphql-go/internal/exec/resolvable


github.com/graph-gophers/graphql-go/internal/query


github.com/graph-gophers/graphql-go/internal/exec/selected


github.com/graph-gophers/graphql-go/log


github.com/opentracing/opentracing-go/log


github.com/opentracing/opentracing-go


github.com/opentracing/opentracing-go/ext


github.com/graph-gophers/graphql-go/trace


github.com/graph-gophers/graphql-go/internal/exec


github.com/graph-gophers/graphql-go/internal/validation


github.com/graph-gophers/graphql-go


github.com/graph-gophers/graphql-go/relay


github.com/ethereum/go-ethereum/graphql


github.com/influxdata/influxdb/pkg/escape


github.com/influxdata/influxdb/models


github.com/influxdata/influxdb/client


github.com/ethereum/go-ethereum/metrics/influxdb


golang.org/x/sync/syncmap


github.com/ethereum/go-ethereum/whisper/whisperv6


github.com/ethereum/go-ethereum/common/compiler


github.com/ethereum/go-ethereum/ethclient


github.com/dlclark/regexp2/syntax


github.com/dlclark/regexp2


github.com/dop251/goja/file


github.com/dop251/goja/token


github.com/go-sourcemap/sourcemap/internal/base64vlq


github.com/go-sourcemap/sourcemap


github.com/dop251/goja/ast


github.com/dop251/goja/parser


golang.org/x/text/internal


golang.org/x/text/cases


golang.org/x/text/internal/colltab


golang.org/x/text/collate


github.com/dop251/goja


github.com/fatih/color


github.com/ethereum/go-ethereum/internal/jsre


github.com/ethereum/go-ethereum/internal/jsre/deps


github.com/ethereum/go-ethereum/internal/web3ext


github.com/peterh/liner


github.com/ethereum/go-ethereum/console


github.com/ethereum/go-ethereum/signer/rules/deps


github.com/ethereum/go-ethereum/signer/rules


github.com/aws/aws-sdk-go/aws/awserr


github.com/aws/aws-sdk-go/internal/ini


github.com/aws/aws-sdk-go/internal/shareddefaults


github.com/aws/aws-sdk-go/aws/credentials


github.com/aws/aws-sdk-go/aws/endpoints


github.com/aws/aws-sdk-go/internal/sdkio


github.com/aws/aws-sdk-go/aws


github.com/aws/aws-sdk-go/aws/client/metadata


github.com/jmespath/go-jmespath


github.com/aws/aws-sdk-go/aws/awsutil


github.com/aws/aws-sdk-go/aws/request


github.com/aws/aws-sdk-go/internal/sdkrand


github.com/aws/aws-sdk-go/aws/client


github.com/aws/aws-sdk-go/aws/corehandlers


github.com/aws/aws-sdk-go/aws/credentials/processcreds


github.com/aws/aws-sdk-go/internal/sdkmath


github.com/aws/aws-sdk-go/private/protocol


github.com/aws/aws-sdk-go/private/protocol/rest


github.com/aws/aws-sdk-go/aws/signer/v4


github.com/aws/aws-sdk-go/private/protocol/query/queryutil


github.com/aws/aws-sdk-go/private/protocol/xml/xmlutil


github.com/aws/aws-sdk-go/private/protocol/query


github.com/aws/aws-sdk-go/service/sts


github.com/aws/aws-sdk-go/service/sts/stsiface


github.com/aws/aws-sdk-go/aws/credentials/stscreds


github.com/aws/aws-sdk-go/aws/csm


github.com/aws/aws-sdk-go/internal/sdkuri


github.com/aws/aws-sdk-go/aws/ec2metadata


github.com/aws/aws-sdk-go/aws/credentials/ec2rolecreds


github.com/aws/aws-sdk-go/private/protocol/json/jsonutil


github.com/aws/aws-sdk-go/aws/credentials/endpointcreds


github.com/aws/aws-sdk-go/aws/defaults


github.com/aws/aws-sdk-go/aws/session


github.com/aws/aws-sdk-go/private/protocol/restxml


github.com/aws/aws-sdk-go/service/route53


golang.org/x/time/rate


github.com/cloudflare/cloudflare-go


github.com/ethereum/go-ethereum/p2p/dnsdisc


github.com/ethereum/go-ethereum/cmd/devp2p


github.com/ethereum/go-ethereum/eth/tracers


github.com/ethereum/go-ethereum/eth


github.com/ethereum/go-ethereum/les


github.com/ethereum/go-ethereum/core/asm


github.com/ethereum/go-ethereum/ethstats


github.com/ethereum/go-ethereum/cmd/evm/internal/compiler


github.com/ethereum/go-ethereum/cmd/utils


github.com/ethereum/go-ethereum/core/vm/runtime


github.com/ethereum/go-ethereum/tests


github.com/ethereum/go-ethereum/cmd/abigen


github.com/ethereum/go-ethereum/cmd/bootnode


github.com/ethereum/go-ethereum/cmd/checkpoint-admin


github.com/ethereum/go-ethereum/cmd/clef


github.com/ethereum/go-ethereum/cmd/ethkey


github.com/ethereum/go-ethereum/cmd/evm


github.com/ethereum/go-ethereum/cmd/faucet


github.com/naoina/go-stringutil


github.com/naoina/toml/ast


github.com/naoina/toml


github.com/ethereum/go-ethereum/cmd/geth


github.com/docker/docker/pkg/reexec


github.com/ethereum/go-ethereum/p2p/simulations/pipes


github.com/ethereum/go-ethereum/p2p/simulations/adapters


github.com/julienschmidt/httprouter


github.com/ethereum/go-ethereum/p2p/simulations


github.com/ethereum/go-ethereum/cmd/p2psim


golang.org/x/crypto/ed25519/internal/edwards25519


golang.org/x/crypto/ed25519


golang.org/x/crypto/internal/subtle


golang.org/x/crypto/internal/chacha20


golang.org/x/crypto/poly1305


golang.org/x/crypto/ssh


github.com/ethereum/go-ethereum/cmd/puppeth


github.com/ethereum/go-ethereum/cmd/rlpdump


github.com/ethereum/go-ethereum/whisper/mailserver


github.com/ethereum/go-ethereum/cmd/wnode


github.com/ethereum/go-ethereum/crypto/bn256/google


github.com/ethereum/go-ethereum/ethdb/dbtest


github.com/ethereum/go-ethereum/internal/cmdtest


github.com/ethereum/go-ethereum/internal/guide


github.com/ethereum/go-ethereum/internal/testlog


github.com/ethereum/go-ethereum/metrics/librato


github.com/ethereum/go-ethereum/whisper/shhclient


github.com/ethereum/go-ethereum/mobile


github.com/ethereum/go-ethereum/p2p/simulations/examples


github.com/ethereum/go-ethereum/p2p/testing


github.com/ethereum/go-ethereum/tests/fuzzers/keystore


github.com/ethereum/go-ethereum/tests/fuzzers/rlp


github.com/ethereum/go-ethereum/tests/fuzzers/trie


github.com/ethereum/go-ethereum/tests/fuzzers/whisperv6


travis_time:end:16f593ba:start=1581436226495886000,finish=1581436437817542000,duration=211321656000,event=script
[0K[32;1mThe command "go run build/ci.go install" exited with 0.[0m


travis_time:start:056df2ac
[0K$ go run build/ci.go test -coverage $TEST_PACKAGES


>>> /Users/travis/.gimme/versions/go1.13.7.darwin.amd64/bin/go test -ldflags -X main.gitCommit=c22fdec3c7c48bc5076cb85b92a55a68951db167 -X main.gitDate=20200211 -s -p 1 -timeout 5m -covermode=atomic -cover ./...


go: downloading github.com/stretchr/testify v1.4.0


go: extracting github.com/stretchr/testify v1.4.0


go: downloading gopkg.in/yaml.v2 v2.2.2


go: downloading github.com/pmezard/go-difflib v1.0.0


go: extracting github.com/pmezard/go-difflib v1.0.0


go: extracting gopkg.in/yaml.v2 v2.2.2


go: finding github.com/stretchr/testify v1.4.0


go: finding github.com/pmezard/go-difflib v1.0.0


go: finding gopkg.in/yaml.v2 v2.2.2


?   	github.com/ethereum/go-ethereum	[no test files]


ok  	github.com/ethereum/go-ethereum/accounts	0.037s	coverage: 30.8% of statements


ok  	github.com/ethereum/go-ethereum/accounts/abi	0.074s	coverage: 88.9% of statements


ok  	github.com/ethereum/go-ethereum/accounts/abi/bind	7.117s	coverage: 53.2% of statements


ok  	github.com/ethereum/go-ethereum/accounts/abi/bind/backends	0.098s	coverage: 64.7% of statements


?   	github.com/ethereum/go-ethereum/accounts/external	[no test files]


ok  	github.com/ethereum/go-ethereum/accounts/keystore	20.936s	coverage: 76.7% of statements


?   	github.com/ethereum/go-ethereum/accounts/scwallet	[no test files]


?   	github.com/ethereum/go-ethereum/accounts/usbwallet	[no test files]


?   	github.com/ethereum/go-ethereum/accounts/usbwallet/trezor	[no test files]


?   	github.com/ethereum/go-ethereum/cmd/abidump	[no test files]


?   	github.com/ethereum/go-ethereum/cmd/abigen	[no test files]


?   	github.com/ethereum/go-ethereum/cmd/bootnode	[no test files]


?   	github.com/ethereum/go-ethereum/cmd/checkpoint-admin	[no test files]


?   	github.com/ethereum/go-ethereum/cmd/clef	[no test files]


ok  	github.com/ethereum/go-ethereum/cmd/devp2p	0.063s	coverage: 10.3% of statements


ok  	github.com/ethereum/go-ethereum/cmd/ethkey	2.861s	coverage: 2.0% of statements


?   	github.com/ethereum/go-ethereum/cmd/evm	[no test files]


?   	github.com/ethereum/go-ethereum/cmd/evm/internal/compiler	[no test files]


?   	github.com/ethereum/go-ethereum/cmd/faucet	[no test files]


--- FAIL: TestUnlockFlagAmbiguous (5.77s)


    test_cmd.go:250: (stderr) INFO [02-11|15:55:54.031] Maximum peer count                       ETH=0 LES=0 total=0


    test_cmd.go:250: (stderr) INFO [02-11|15:55:54.076] Starting peer-to-peer node               instance=Geth/v1.9.11-unstable/darwin-amd64/go1.13.7


    test_cmd.go:250: (stderr) INFO [02-11|15:55:54.076] Allocated trie memory caches             clean=256.00MiB dirty=256.00MiB


    test_cmd.go:250: (stderr) INFO [02-11|15:55:54.076] Allocated cache and file handles         database=/var/folders/17/5mc7816d3mndxjqgplq6057w0000gn/T/geth-test498158507/geth/chaindata cache=512.00MiB handles=5120


    test_cmd.go:250: (stderr) INFO [02-11|15:55:54.420] Opened ancient database                  database=/var/folders/17/5mc7816d3mndxjqgplq6057w0000gn/T/geth-test498158507/geth/chaindata/ancient


    test_cmd.go:250: (stderr) INFO [02-11|15:55:54.420] Writing default main-net genesis block 


    test_cmd.go:250: (stderr) INFO [02-11|15:55:54.910] Persisted trie from memory database      nodes=12356 size=1.78MiB time=95.886064ms gcnodes=0 gcsize=0.00B gctime=0s livenodes=1 livesize=0.00B


    test_cmd.go:250: (stderr) INFO [02-11|15:55:54.911] Initialised chain configuration          config="{ChainID: 1 Homestead: 1150000 DAO: 1920000 DAOSupport: true EIP150: 2463000 EIP155: 2675000 EIP158: 2675000 Byzantium: 4370000 Constantinople: 7280000 Petersburg: 7280000 Istanbul: 9069000, Muir Glacier: 9200000, Engine: ethash}"


    test_cmd.go:250: (stderr) INFO [02-11|15:55:54.911] Disk storage enabled for ethash caches   dir=/var/folders/17/5mc7816d3mndxjqgplq6057w0000gn/T/geth-test498158507/geth/ethash count=3


    test_cmd.go:250: (stderr) INFO [02-11|15:55:54.911] Disk storage enabled for ethash DAGs     dir=/Users/travis/Library/Ethash count=2


    test_cmd.go:250: (stderr) INFO [02-11|15:55:54.911] Initialising Ethereum protocol           versions="[64 63]" network=1 dbversion=<nil>


    test_cmd.go:250: (stderr) WARN [02-11|15:55:54.911] Upgrade blockchain database version      from=<nil> to=7


    test_cmd.go:250: (stderr) INFO [02-11|15:55:54.911] Loaded most recent local header          number=0 hash=d4e567…cb8fa3 td=17179869184 age=50y10mo3d


    test_cmd.go:250: (stderr) INFO [02-11|15:55:54.911] Loaded most recent local full block      number=0 hash=d4e567…cb8fa3 td=17179869184 age=50y10mo3d


    test_cmd.go:250: (stderr) INFO [02-11|15:55:54.911] Loaded most recent local fast block      number=0 hash=d4e567…cb8fa3 td=17179869184 age=50y10mo3d


    test_cmd.go:250: (stderr) INFO [02-11|15:55:54.912] Regenerated local transaction journal    transactions=0 accounts=0


    test_cmd.go:250: (stderr) INFO [02-11|15:55:54.939] Allocated fast sync bloom                size=512.00MiB


    test_cmd.go:250: (stderr) INFO [02-11|15:55:55.117] Initialized fast sync bloom              items=12356 errorrate=0.000 elapsed=176.826ms


    test_cmd.go:231: killing the child process (timeout)


    test_cmd.go:112: not enough output, got until ◊:


        ---------------- (stdout text)


        


        ---------------- (expected text)


        ◊Unlocking account f466859ead1932d743d622cb74fc058882e8648a | Attempt 1/3


        !! Unsupported terminal, password will be echoed.


        Password: 


        Multiple key files exist for address f466859ead1932d743d622cb74fc058882e8648a:


           keystore:///Users/travis/gopath/src/github.com/ethereum/go-ethereum/accounts/keystore/testdata/dupes/1


           keystore:///Users/travis/gopath/src/github.com/ethereum/go-ethereum/accounts/keystore/testdata/dupes/2


        Testing your password against all of them...


        Your password unlocked keystore:///Users/travis/gopath/src/github.com/ethereum/go-ethereum/accounts/keystore/testdata/dupes/1


        In order to avoid this warning, you need to remove the following duplicate key files:


           keystore:///Users/travis/gopath/src/github.com/ethereum/go-ethereum/accounts/keystore/testdata/dupes/2


        


FAIL


coverage: 1.6% of statements


FAIL	github.com/ethereum/go-ethereum/cmd/geth	24.737s


?   	github.com/ethereum/go-ethereum/cmd/p2psim	[no test files]


ok  	github.com/ethereum/go-ethereum/cmd/puppeth	0.061s	coverage: 8.6% of statements


?   	github.com/ethereum/go-ethereum/cmd/rlpdump	[no test files]


ok  	github.com/ethereum/go-ethereum/cmd/utils	0.063s	coverage: 2.3% of statements


?   	github.com/ethereum/go-ethereum/cmd/wnode	[no test files]


ok  	github.com/ethereum/go-ethereum/common	0.010s	coverage: 39.3% of statements


ok  	github.com/ethereum/go-ethereum/common/bitutil	0.010s	coverage: 95.7% of statements


ok  	github.com/ethereum/go-ethereum/common/compiler	0.057s	coverage: 0.0% of statements


ok  	github.com/ethereum/go-ethereum/common/fdlimit	0.010s	coverage: 76.2% of statements


ok  	github.com/ethereum/go-ethereum/common/hexutil	0.012s	coverage: 80.9% of statements


ok  	github.com/ethereum/go-ethereum/common/math	0.009s	coverage: 92.4% of statements


ok  	github.com/ethereum/go-ethereum/common/mclock	0.010s	coverage: 79.6% of statements


ok  	github.com/ethereum/go-ethereum/common/prque	1.324s	coverage: 74.0% of statements


?   	github.com/ethereum/go-ethereum/consensus	[no test files]


ok  	github.com/ethereum/go-ethereum/consensus/clique	0.168s	coverage: 52.5% of statements


ok  	github.com/ethereum/go-ethereum/consensus/ethash	21.703s	coverage: 64.2% of statements


?   	github.com/ethereum/go-ethereum/consensus/misc	[no test files]


ok  	github.com/ethereum/go-ethereum/console	2.852s	coverage: 41.2% of statements


ok  	github.com/ethereum/go-ethereum/contracts/checkpointoracle	1.091s	coverage: 0.0% of statements


?   	github.com/ethereum/go-ethereum/contracts/checkpointoracle/contract	[no test files]


ok  	github.com/ethereum/go-ethereum/core	37.913s	coverage: 73.1% of statements


ok  	github.com/ethereum/go-ethereum/core/asm	0.048s	coverage: 72.6% of statements


ok  	github.com/ethereum/go-ethereum/core/bloombits	4.611s	coverage: 95.5% of statements


ok  	github.com/ethereum/go-ethereum/core/forkid	0.053s	coverage: 85.9% of statements


ok  	github.com/ethereum/go-ethereum/core/rawdb	22.774s	coverage: 48.2% of statements


ok  	github.com/ethereum/go-ethereum/core/state	12.399s	coverage: 76.9% of statements


ok  	github.com/ethereum/go-ethereum/core/types	0.351s	coverage: 50.1% of statements


ok  	github.com/ethereum/go-ethereum/core/vm	0.371s	coverage: 40.3% of statements


ok  	github.com/ethereum/go-ethereum/core/vm/runtime	0.049s	coverage: 78.6% of statements


ok  	github.com/ethereum/go-ethereum/crypto	0.121s	coverage: 80.5% of statements


ok  	github.com/ethereum/go-ethereum/crypto/blake2b	0.066s	coverage: 90.3% of statements


?   	github.com/ethereum/go-ethereum/crypto/bn256	[no test files]


ok  	github.com/ethereum/go-ethereum/crypto/bn256/cloudflare	0.134s	coverage: 81.3% of statements


ok  	github.com/ethereum/go-ethereum/crypto/bn256/google	0.669s	coverage: 91.6% of statements


ok  	github.com/ethereum/go-ethereum/crypto/ecies	0.044s	coverage: 75.9% of statements


ok  	github.com/ethereum/go-ethereum/crypto/secp256k1	1.410s	coverage: 30.6% of statements


ok  	github.com/ethereum/go-ethereum/eth	21.793s	coverage: 29.0% of statements


ok  	github.com/ethereum/go-ethereum/eth/downloader	116.431s	coverage: 78.2% of statements


ok  	github.com/ethereum/go-ethereum/eth/fetcher	14.688s	coverage: 90.1% of statements


ok  	github.com/ethereum/go-ethereum/eth/filters	2.912s	coverage: 53.8% of statements


?   	github.com/ethereum/go-ethereum/eth/gasprice	[no test files]


ok  	github.com/ethereum/go-ethereum/eth/tracers	0.448s	coverage: 78.8% of statements


?   	github.com/ethereum/go-ethereum/eth/tracers/internal/tracers	[no test files]


ok  	github.com/ethereum/go-ethereum/ethclient	0.228s	coverage: 14.0% of statements


?   	github.com/ethereum/go-ethereum/ethdb	[no test files]


?   	github.com/ethereum/go-ethereum/ethdb/dbtest	[no test files]


ok  	github.com/ethereum/go-ethereum/ethdb/leveldb	0.037s	coverage: 15.1% of statements


ok  	github.com/ethereum/go-ethereum/ethdb/memorydb	0.013s	coverage: 81.6% of statements


?   	github.com/ethereum/go-ethereum/ethstats	[no test files]


ok  	github.com/ethereum/go-ethereum/event	0.933s	coverage: 94.3% of statements


ok  	github.com/ethereum/go-ethereum/graphql	0.063s	coverage: 2.0% of statements


?   	github.com/ethereum/go-ethereum/internal/build	[no test files]


?   	github.com/ethereum/go-ethereum/internal/cmdtest	[no test files]


?   	github.com/ethereum/go-ethereum/internal/debug	[no test files]


?   	github.com/ethereum/go-ethereum/internal/ethapi	[no test files]


ok  	github.com/ethereum/go-ethereum/internal/guide	18.242s	coverage: [no statements]


ok  	github.com/ethereum/go-ethereum/internal/jsre	0.160s	coverage: 48.9% of statements


?   	github.com/ethereum/go-ethereum/internal/jsre/deps	[no test files]


?   	github.com/ethereum/go-ethereum/internal/testlog	[no test files]


?   	github.com/ethereum/go-ethereum/internal/web3ext	[no test files]


--- FAIL: TestReceiptsAccessLes3 (0.45s)


    request_test.go:90: Failed to sync the chain with server, head: 0


FAIL


coverage: 51.5% of statements


FAIL	github.com/ethereum/go-ethereum/les	84.380s


?   	github.com/ethereum/go-ethereum/les/checkpointoracle	[no test files]


ok  	github.com/ethereum/go-ethereum/les/flowcontrol	15.674s	coverage: 37.9% of statements


ok  	github.com/ethereum/go-ethereum/light	1.290s	coverage: 38.0% of statements


?   	github.com/ethereum/go-ethereum/log	[no test files]


--- FAIL: TestTimerFunc (0.16s)


    timer_test.go:51: tm.Max(): 35e6 > 161261000 || 161261000 > 145e6


FAIL


coverage: 49.5% of statements


FAIL	github.com/ethereum/go-ethereum/metrics	7.606s


?   	github.com/ethereum/go-ethereum/metrics/exp	[no test files]


?   	github.com/ethereum/go-ethereum/metrics/influxdb	[no test files]


?   	github.com/ethereum/go-ethereum/metrics/librato	[no test files]


?   	github.com/ethereum/go-ethereum/metrics/prometheus	[no test files]


ok  	github.com/ethereum/go-ethereum/miner	9.813s	coverage: 66.2% of statements


ok  	github.com/ethereum/go-ethereum/mobile	0.172s	coverage: 15.2% of statements


ok  	github.com/ethereum/go-ethereum/node	1.649s	coverage: 43.0% of statements


ok  	github.com/ethereum/go-ethereum/p2p	0.962s	coverage: 74.6% of statements


ok  	github.com/ethereum/go-ethereum/p2p/discover	88.595s	coverage: 77.1% of statements


ok  	github.com/ethereum/go-ethereum/p2p/discv5	9.453s	coverage: 46.0% of statements


ok  	github.com/ethereum/go-ethereum/p2p/dnsdisc	1.055s	coverage: 86.7% of statements


ok  	github.com/ethereum/go-ethereum/p2p/enode	2.939s	coverage: 81.5% of statements


ok  	github.com/ethereum/go-ethereum/p2p/enr	0.021s	coverage: 62.3% of statements


ok  	github.com/ethereum/go-ethereum/p2p/nat	2.635s	coverage: 20.3% of statements


ok  	github.com/ethereum/go-ethereum/p2p/netutil	0.020s	coverage: 84.1% of statements


ok  	github.com/ethereum/go-ethereum/p2p/simulations	4.764s	coverage: 69.0% of statements


ok  	github.com/ethereum/go-ethereum/p2p/simulations/adapters	0.070s	coverage: 0.2% of statements


?   	github.com/ethereum/go-ethereum/p2p/simulations/examples	[no test files]


?   	github.com/ethereum/go-ethereum/p2p/simulations/pipes	[no test files]


?   	github.com/ethereum/go-ethereum/p2p/testing	[no test files]


ok  	github.com/ethereum/go-ethereum/params	0.033s	coverage: 49.6% of statements


ok  	github.com/ethereum/go-ethereum/rlp	0.025s	coverage: 96.6% of statements


ok  	github.com/ethereum/go-ethereum/rpc	9.687s	coverage: 76.7% of statements


ok  	github.com/ethereum/go-ethereum/signer/core	5.342s	coverage: 42.0% of statements


ok  	github.com/ethereum/go-ethereum/signer/fourbyte	4.474s	coverage: 46.9% of statements


ok  	github.com/ethereum/go-ethereum/signer/rules	0.242s	coverage: 78.6% of statements


?   	github.com/ethereum/go-ethereum/signer/rules/deps	[no test files]


ok  	github.com/ethereum/go-ethereum/signer/storage	0.040s	coverage: 52.3% of statements


ok  	github.com/ethereum/go-ethereum/tests	130.769s	coverage: 68.5% of statements


?   	github.com/ethereum/go-ethereum/tests/fuzzers/keystore	[no test files]


?   	github.com/ethereum/go-ethereum/tests/fuzzers/rlp	[no test files]


?   	github.com/ethereum/go-ethereum/tests/fuzzers/trie	[no test files]


?   	github.com/ethereum/go-ethereum/tests/fuzzers/whisperv6	[no test files]


ok  	github.com/ethereum/go-ethereum/trie	4.592s	coverage: 71.6% of statements


ok  	github.com/ethereum/go-ethereum/whisper/mailserver	0.406s	coverage: 66.7% of statements


?   	github.com/ethereum/go-ethereum/whisper/shhclient	[no test files]


ok  	github.com/ethereum/go-ethereum/whisper/whisperv6	19.965s	coverage: 64.5% of statements


FAIL


util.go:45: exit status 1


exit status 1


travis_time:end:056df2ac:start=1581436437828764000,finish=1581437474599298000,duration=1036770534000,event=script
[0K[31;1mThe command "go run build/ci.go test -coverage $TEST_PACKAGES" exited with 1.[0m








Done. Your build exited with 1.


