travis_fold:start:worker_info
[0K[33;1mWorker information[0m
hostname: 73ae8036-10fa-4b9e-90db-46d77e5d90d1@1.worker-org-6bc68c5dcd-c8tk9.macstadium-prod-2
version: v6.2.0 https://github.com/travis-ci/worker/tree/5e5476e01646095f48eec13196fdb3faf8f5cbf7
instance: 12139e83-f32d-49a5-b948-6be0c1dc8aea travis-ci-macos10.14-xcode11.3.1-1579134749 (via amqp)
startup: 1m27.338324606s
travis_fold:end:worker_info
[0Ktravis_time:start:266b708a
[0Ktravis_time:end:266b708a:start=1581437232099534000,finish=1581437232903537000,duration=804003000,event=no_world_writable_dirs
[0Ktravis_time:start:197abeb2
[0Ktravis_time:end:197abeb2:start=1581437232914118000,finish=1581437232924552000,duration=10434000,event=setup_filter
[0Ktravis_time:start:0351eeda
[0Ktravis_time:end:0351eeda:start=1581437232947074000,finish=1581437232956359000,duration=9285000,event=check_unsupported
[0Ktravis_time:start:2c7e77c6
[0Ktravis_fold:start:system_info
[0K[33;1mBuild system information[0m


Build language: go


Build id: 648973957


Job id: 648973962


Runtime kernel version: 18.5.0


travis-build version: 08047b878


[34m[1mBuild image provisioning date and time[0m


Thu Jan 16 03:40:22 GMT 2020


[34m[1mOperating System Details[0m


ProductName:	Mac OS X


ProductVersion:	10.14.4


BuildVersion:	18E226


[34m[1mGit version[0m


git version 2.25.0


[34m[1mbash version[0m


GNU bash, version 3.2.57(1)-release (x86_64-apple-darwin18)


Copyright (C) 2007 Free Software Foundation, Inc.


[34m[1mGCC version[0m


Apple clang version 11.0.0 (clang-1100.0.33.17)


Target: x86_64-apple-darwin18.5.0


Thread model: posix


InstalledDir: /Applications/Xcode-11.3.1.app/Contents/Developer/Toolchains/XcodeDefault.xctoolchain/usr/bin


[34m[1mLLVM version[0m


Apple clang version 11.0.0 (clang-1100.0.33.17)


Target: x86_64-apple-darwin18.5.0


Thread model: posix


InstalledDir: /Applications/Xcode-11.3.1.app/Contents/Developer/Toolchains/XcodeDefault.xctoolchain/usr/bin


[34m[1mPre-installed Ruby versions[0m


ruby-2.6.4


[34m[1mPre-installed Node.js versions[0m


v10.18.1


v12.14.1


v13.6.0


v4.9.1


v6.17.1


v8.17.0


[34m[1mmvn -version[0m


Apache Maven 3.6.3 (cecedd343002696d0abb50b32b541b8a6ba2883f)


Maven home: /usr/local/Cellar/maven/3.6.3/libexec


Java version: 13.0.1, vendor: Oracle Corporation, runtime: /Library/Java/JavaVirtualMachines/openjdk-13.0.1.jdk/Contents/Home


Default locale: en_US, platform encoding: UTF-8


OS name: "mac os x", version: "10.14.4", arch: "x86_64", family: "mac"


travis_fold:end:system_info
[0K


travis_time:end:2c7e77c6:start=1581437232966805000,finish=1581437232991925000,duration=25120000,event=show_system_info
[0Ktravis_time:start:0c2d0530
[0Ktravis_time:end:0c2d0530:start=1581437233008714000,finish=1581437233021115000,duration=12401000,event=rm_riak_source
[0Ktravis_time:start:12935b08
[0Ktravis_time:end:12935b08:start=1581437233032007000,finish=1581437233042050000,duration=10043000,event=fix_rwky_redis
[0Ktravis_time:start:15d4b5c7
[0Ktravis_time:end:15d4b5c7:start=1581437233055556000,finish=1581437233482732000,duration=427176000,event=wait_for_network
[0Ktravis_time:start:070c6938
[0Ktravis_time:end:070c6938:start=1581437233492740000,finish=1581437233501555000,duration=8815000,event=update_apt_keys
[0Ktravis_time:start:0b628f51
[0Ktravis_time:end:0b628f51:start=1581437233511102000,finish=1581437233520885000,duration=9783000,event=fix_hhvm_source
[0Ktravis_time:start:1312a976
[0Ktravis_time:end:1312a976:start=1581437233530608000,finish=1581437233539603000,duration=8995000,event=update_mongo_arch
[0Ktravis_time:start:1715a588
[0Ktravis_time:end:1715a588:start=1581437233548650000,finish=1581437233562040000,duration=13390000,event=fix_sudo_enabled_trusty
[0Ktravis_time:start:02dcd4ba
[0Ktravis_time:end:02dcd4ba:start=1581437233572142000,finish=1581437233580464000,duration=8322000,event=update_glibc
[0Ktravis_time:start:01018260
[0Ktravis_time:end:01018260:start=1581437233589933000,finish=1581437235993147000,duration=2403214000,event=clean_up_path
[0Ktravis_time:start:151a38f0
[0Ktravis_time:end:151a38f0:start=1581437236004967000,finish=1581437236188734000,duration=183767000,event=fix_resolv_conf
[0Ktravis_time:start:033d1f28
[0Ktravis_time:end:033d1f28:start=1581437236198445000,finish=1581437236391359000,duration=192914000,event=fix_etc_hosts
[0Ktravis_time:start:08f4df6a
[0Ktravis_time:end:08f4df6a:start=1581437236402010000,finish=1581437236410981000,duration=8971000,event=fix_mvn_settings_xml
[0Ktravis_time:start:007346be
[0Ktravis_time:end:007346be:start=1581437236421011000,finish=1581437236635673000,duration=214662000,event=no_ipv6_localhost
[0Ktravis_time:start:18966f26
[0Ktravis_time:end:18966f26:start=1581437236645561000,finish=1581437236653687000,duration=8126000,event=fix_etc_mavenrc
[0Ktravis_time:start:02b789fd
[0Ktravis_time:end:02b789fd:start=1581437236663662000,finish=1581437238399666000,duration=1736004000,event=fix_wwdr_certificate
[0Ktravis_time:start:37356cd5
[0Ktravis_time:end:37356cd5:start=1581437238409633000,finish=1581437238674755000,duration=265122000,event=put_localhost_first
[0Ktravis_time:start:0b5b7a5e
[0Ktravis_time:end:0b5b7a5e:start=1581437238686598000,finish=1581437238694667000,duration=8069000,event=home_paths
[0Ktravis_time:start:0b05ed6c
[0Ktravis_time:end:0b05ed6c:start=1581437238704366000,finish=1581437238721020000,duration=16654000,event=disable_initramfs
[0Ktravis_time:start:16be6f34
[0Ktravis_time:end:16be6f34:start=1581437238732325000,finish=1581437238758532000,duration=26207000,event=disable_ssh_roaming
[0Ktravis_time:start:03025fc4
[0Ktravis_time:end:03025fc4:start=1581437238768859000,finish=1581437238777313000,duration=8454000,event=debug_tools
[0Ktravis_time:start:05849152
[0K


travis_time:end:05849152:start=1581437238787201000,finish=1581437242542179000,duration=3754978000,event=uninstall_oclint
[0Ktravis_time:start:052fc77d
[0Ktravis_time:end:052fc77d:start=1581437242551780000,finish=1581437243763494000,duration=1211714000,event=rvm_use
[0Ktravis_time:start:0176f790
[0Ktravis_time:end:0176f790:start=1581437243778076000,finish=1581437243848460000,duration=70384000,event=rm_etc_boto_cfg
[0Ktravis_time:start:271afe7a
[0Ktravis_time:end:271afe7a:start=1581437243861134000,finish=1581437243870187000,duration=9053000,event=rm_oraclejdk8_symlink
[0Ktravis_time:start:0824bdc8
[0Ktravis_time:end:0824bdc8:start=1581437243880833000,finish=1581437243895992000,duration=15159000,event=enable_i386
[0Ktravis_time:start:070844ca
[0Ktravis_time:end:070844ca:start=1581437243907530000,finish=1581437243921262000,duration=13732000,event=update_rubygems
[0Ktravis_time:start:0f2b3697
[0Ktravis_time:end:0f2b3697:start=1581437243934233000,finish=1581437243949954000,duration=15721000,event=ensure_path_components
[0Ktravis_time:start:0171c89c
[0Ktravis_time:end:0171c89c:start=1581437243963202000,finish=1581437243971972000,duration=8770000,event=redefine_curl
[0Ktravis_time:start:00c0fe5b
[0Ktravis_time:end:00c0fe5b:start=1581437243985202000,finish=1581437244143863000,duration=158661000,event=nonblock_pipe
[0Ktravis_time:start:0b315c9e
[0Ktravis_time:end:0b315c9e:start=1581437244155482000,finish=1581437244164934000,duration=9452000,event=apt_get_update
[0Ktravis_time:start:10129b20
[0Ktravis_time:end:10129b20:start=1581437244175594000,finish=1581437244184146000,duration=8552000,event=deprecate_xcode_64
[0Ktravis_time:start:168a43e5
[0Ktravis_time:end:168a43e5:start=1581437244197890000,finish=1581437244210742000,duration=12852000,event=update_heroku
[0Ktravis_time:start:010299f4
[0Ktravis_time:end:010299f4:start=1581437244223836000,finish=1581437244232636000,duration=8800000,event=shell_session_update
[0Ktravis_time:start:019bd19e
[0Ktravis_time:end:019bd19e:start=1581437244243065000,finish=1581437244251739000,duration=8674000,event=maven_central_mirror
[0Ktravis_time:start:09546c54
[0Ktravis_time:end:09546c54:start=1581437244263261000,finish=1581437244272380000,duration=9119000,event=maven_https
[0Ktravis_time:start:099ae5ca
[0Ktravis_time:end:099ae5ca:start=1581437244285292000,finish=1581437244294276000,duration=8984000,event=fix_ps4
[0KUpdating gimme


travis_time:start:0d1843af
[0K


travis_fold:start:git.checkout
[0Ktravis_time:start:1647022e
[0K$ git clone --depth=50 --branch=master https://github.com/ethereum/go-ethereum.git ethereum/go-ethereum


Cloning into 'ethereum/go-ethereum'...


Updating files:  44% (538/1219)
Updating files:  45% (549/1219)
Updating files:  46% (561/1219)
Updating files:  47% (573/1219)
Updating files:  48% (586/1219)
Updating files:  49% (598/1219)
Updating files:  50% (610/1219)
Updating files:  51% (622/1219)
Updating files:  52% (634/1219)
Updating files:  53% (647/1219)
Updating files:  54% (659/1219)
Updating files:  55% (671/1219)
Updating files:  56% (683/1219)
Updating files:  57% (695/1219)
Updating files:  58% (708/1219)
Updating files:  59% (720/1219)
Updating files:  60% (732/1219)
Updating files:  61% (744/1219)
Updating files:  62% (756/1219)
Updating files:  63% (768/1219)
Updating files:  64% (781/1219)
Updating files:  65% (793/1219)
Updating files:  66% (805/1219)
Updating files:  67% (817/1219)
Updating files:  68% (829/1219)
Updating files:  69% (842/1219)
Updating files:  70% (854/1219)
Updating files:  71% (866/1219)
Updating files:  72% (878/1219)
Updating files:  73% (890/1219)
Updating files:  74% (903/1219)
Updating files:  75% (915/1219)
Updating files:  76% (927/1219)
Updating files:  77% (939/1219)
Updating files:  78% (951/1219)
Updating files:  79% (964/1219)
Updating files:  80% (976/1219)
Updating files:  81% (988/1219)
Updating files:  82% (1000/1219)
Updating files:  83% (1012/1219)
Updating files:  84% (1024/1219)
Updating files:  85% (1037/1219)
Updating files:  86% (1049/1219)
Updating files:  87% (1061/1219)
Updating files:  88% (1073/1219)
Updating files:  89% (1085/1219)
Updating files:  90% (1098/1219)
Updating files:  91% (1110/1219)
Updating files:  92% (1122/1219)
Updating files:  92% (1123/1219)
Updating files:  93% (1134/1219)
Updating files:  94% (1146/1219)
Updating files:  95% (1159/1219)
Updating files:  96% (1171/1219)
Updating files:  97% (1183/1219)
Updating files:  98% (1195/1219)
Updating files:  99% (1207/1219)
Updating files: 100% (1219/1219)
Updating files: 100% (1219/1219), done.


travis_time:end:1647022e:start=1581437276442069000,finish=1581437280955862000,duration=4513793000,event=checkout
[0K$ cd ethereum/go-ethereum


$ git checkout -qf 8045504abf64a865be4b1dbc780b796a9f5d11cc


travis_fold:end:git.checkout
[0K


travis_fold:start:git.submodule
[0Ktravis_time:start:0650b22f
[0K$ git submodule update --init --recursive


Submodule 'tests' (https://github.com/ethereum/tests) registered for path 'tests/testdata'


Cloning into '/Users/travis/build/ethereum/go-ethereum/tests/testdata'...


Submodule path 'tests/testdata': checked out 'b5eb9900ee2147b40d3e681fe86efa4fd693959a'


travis_time:end:0650b22f:start=1581437281383841000,finish=1581437397878545000,duration=116494704000,event=checkout
[0Ktravis_fold:end:git.submodule
[0Ktravis_time:end:0650b22f:start=1581437281383841000,finish=1581437397891602000,duration=116507761000,event=checkout
[0K$ travis_export_go 1.13.x github.com/ethereum/go-ethereum


travis_time:start:1d9f53cc
[0K


[33;1mSetting environment variables from repository settings[0m


$ export IOS_SIGNING_KEY=[secure]


$ export LINUX_SIGNING_KEY=[secure]


$ export OSX_SIGNING_KEY=[secure]


$ export ANDROID_SIGNING_KEY=[secure]


$ export AZURE_BLOBSTORE_TOKEN=[secure]


$ export ANDROID_SONATYPE_USERNAME=[secure]


$ export ANDROID_SONATYPE_PASSWORD=[secure]


$ export COCOAPODS_TRUNK_TOKEN=[secure]


$ export PPA_SIGNING_KEY=[secure]


$ export PPA_SSH_KEY=[secure]





travis_time:end:1d9f53cc:start=1581437397915714000,finish=1581437397955196000,duration=39482000,event=env
[0Ktravis_time:start:2a900546
[0K$ travis_setup_go


go version go1.13.7 darwin/amd64


$ export GOPATH="/Users/travis/gopath"


$ export PATH="/Users/travis/gopath/bin:/Users/travis/.gimme/versions/go1.13.7.darwin.amd64/bin:/Users/travis/bin:/Users/travis/.rvm/gems/ruby-2.6.4/bin:/Users/travis/.rvm/gems/ruby-2.6.4@global/bin:/Users/travis/.rvm/rubies/ruby-2.6.4/bin:/Users/travis/.rvm/bin:/Users/travis/bin:/Users/travis/.local/bin:/Users/travis/.nvm/versions/node/v13.6.0/bin:/usr/local/bin:/usr/bin:/bin:/usr/sbin:/sbin:/opt/X11/bin"


$ export GO111MODULE="auto"


travis_time:end:2a900546:start=1581437397967479000,finish=1581437557596433000,duration=159628954000,event=
[0K$ gimme version


v1.5.3


$ go version


go version go1.13.7 darwin/amd64


travis_fold:start:go.env
[0K$ go env


GO111MODULE="auto"


GOARCH="amd64"


GOBIN=""


GOCACHE="/Users/travis/Library/Caches/go-build"


GOENV="/Users/travis/Library/Application Support/go/env"


GOEXE=""


GOFLAGS=""


GOHOSTARCH="amd64"


GOHOSTOS="darwin"


GONOPROXY=""


GONOSUMDB=""


GOOS="darwin"


GOPATH="/Users/travis/gopath"


GOPRIVATE=""


GOPROXY="https://proxy.golang.org,direct"


GOROOT="/Users/travis/.gimme/versions/go1.13.7.darwin.amd64"


GOSUMDB="sum.golang.org"


GOTMPDIR=""


GOTOOLDIR="/Users/travis/.gimme/versions/go1.13.7.darwin.amd64/pkg/tool/darwin_amd64"


GCCGO="gccgo"


AR="ar"


CC="clang"


CXX="clang++"


CGO_ENABLED="1"


GOMOD="/Users/travis/gopath/src/github.com/ethereum/go-ethereum/go.mod"


CGO_CFLAGS="-g -O2"


CGO_CPPFLAGS=""


CGO_CXXFLAGS="-g -O2"


CGO_FFLAGS="-g -O2"


CGO_LDFLAGS="-g -O2"


PKG_CONFIG="pkg-config"


GOGCCFLAGS="-fPIC -m64 -pthread -fno-caret-diagnostics -Qunused-arguments -fmessage-length=0 -fdebug-prefix-map=/var/folders/17/5mc7816d3mndxjqgplq6057w0000gn/T/go-build163645211=/tmp/go-build -gno-record-gcc-switches -fno-common"


travis_fold:end:go.env
[0Ktravis_fold:start:install
[0Ktravis_time:start:16297f07
[0K$ travis_install_go_dependencies 1.13.x -v


Makefile detected


travis_time:end:16297f07:start=1581437558435226000,finish=1581437558458856000,duration=23630000,event=install
[0Ktravis_fold:end:install
[0Ktravis_time:start:011e731f
[0K$ echo "Increase the maximum number of open file descriptors on macOS"


Increase the maximum number of open file descriptors on macOS


travis_time:end:011e731f:start=1581437558471278000,finish=1581437558481541000,duration=10263000,event=script
[0K[32;1mThe command "echo "Increase the maximum number of open file descriptors on macOS"" exited with 0.[0m


travis_time:start:2252232c
[0K$ NOFILE=20480


travis_time:end:2252232c:start=1581437558498150000,finish=1581437558507545000,duration=9395000,event=script
[0K[32;1mThe command "NOFILE=20480" exited with 0.[0m


travis_time:start:05f931f9
[0K$ sudo sysctl -w kern.maxfiles=$NOFILE


kern.maxfiles: 12288 -> 20480


travis_time:end:05f931f9:start=1581437558519467000,finish=1581437558593241000,duration=73774000,event=script
[0K[32;1mThe command "sudo sysctl -w kern.maxfiles=$NOFILE" exited with 0.[0m


travis_time:start:03faf74f
[0K$ sudo sysctl -w kern.maxfilesperproc=$NOFILE


kern.maxfilesperproc: 10240 -> 20480


travis_time:end:03faf74f:start=1581437558606745000,finish=1581437558660693000,duration=53948000,event=script
[0K[32;1mThe command "sudo sysctl -w kern.maxfilesperproc=$NOFILE" exited with 0.[0m


travis_time:start:12e7fcd5
[0K$ sudo launchctl limit maxfiles $NOFILE $NOFILE


travis_time:end:12e7fcd5:start=1581437558672440000,finish=1581437558732026000,duration=59586000,event=script
[0K[32;1mThe command "sudo launchctl limit maxfiles $NOFILE $NOFILE" exited with 0.[0m


travis_time:start:0029c28b
[0K$ sudo launchctl limit maxfiles


	maxfiles    20480          20480          


travis_time:end:0029c28b:start=1581437558745604000,finish=1581437558805096000,duration=59492000,event=script
[0K[32;1mThe command "sudo launchctl limit maxfiles" exited with 0.[0m


travis_time:start:005795c2
[0K$ ulimit -S -n $NOFILE


travis_time:end:005795c2:start=1581437558818953000,finish=1581437558828359000,duration=9406000,event=script
[0K[32;1mThe command "ulimit -S -n $NOFILE" exited with 0.[0m


travis_time:start:06c9c71f
[0K$ ulimit -n


20480


travis_time:end:06c9c71f:start=1581437558841192000,finish=1581437558858395000,duration=17203000,event=script
[0K[32;1mThe command "ulimit -n" exited with 0.[0m


travis_time:start:0a34bbc0
[0K$ unset -f cd


travis_time:end:0a34bbc0:start=1581437558884134000,finish=1581437558896886000,duration=12752000,event=script
[0K[32;1mThe command "unset -f cd" exited with 0.[0m


travis_time:start:1053dd70
[0K$ go run build/ci.go install


go: downloading github.com/cespare/cp v0.1.0


go: extracting github.com/cespare/cp v0.1.0


go: downloading golang.org/x/crypto v0.0.0-20190308221718-c2843e01d9a2


go: downloading github.com/Azure/azure-storage-blob-go v0.7.0


go: extracting github.com/Azure/azure-storage-blob-go v0.7.0


go: extracting golang.org/x/crypto v0.0.0-20190308221718-c2843e01d9a2


go: downloading github.com/Azure/azure-pipeline-go v0.2.2


go: extracting github.com/Azure/azure-pipeline-go v0.2.2


go: downloading github.com/mattn/go-ieproxy v0.0.0-20190702010315-6dee0af9227d


go: extracting github.com/mattn/go-ieproxy v0.0.0-20190702010315-6dee0af9227d


go: finding github.com/cespare/cp v0.1.0


go: finding github.com/Azure/azure-storage-blob-go v0.7.0


go: finding github.com/Azure/azure-pipeline-go v0.2.2


go: finding github.com/mattn/go-ieproxy v0.0.0-20190702010315-6dee0af9227d


go: finding golang.org/x/crypto v0.0.0-20190308221718-c2843e01d9a2


>>> /Users/travis/.gimme/versions/go1.13.7.darwin.amd64/bin/go install -ldflags -X main.gitCommit=8045504abf64a865be4b1dbc780b796a9f5d11cc -X main.gitDate=20200211 -s -v ./...


go: downloading github.com/gballet/go-libpcsclite v0.0.0-20190607065134-2772fd86a8ff


go: downloading github.com/syndtr/goleveldb v1.0.1-0.20190923125748-758128399b1d


go: downloading golang.org/x/time v0.0.0-20190308202827-9d24e82272b4


go: downloading github.com/aristanetworks/goarista v0.0.0-20170210015632-ea17b1a17847


go: downloading github.com/docker/docker v1.4.2-0.20180625184442-8e610b2b55bf


go: downloading github.com/huin/goupnp v0.0.0-20161224104101-679507af18f3


go: downloading github.com/jackpal/go-nat-pmp v1.0.2-0.20160603034137-1fa385a6f458


go: downloading github.com/hashicorp/golang-lru v0.0.0-20160813221303-0a025b7e63ad


go: downloading github.com/golang/snappy v0.0.1


go: extracting github.com/gballet/go-libpcsclite v0.0.0-20190607065134-2772fd86a8ff


go: extracting golang.org/x/time v0.0.0-20190308202827-9d24e82272b4


go: extracting github.com/golang/snappy v0.0.1


go: extracting github.com/jackpal/go-nat-pmp v1.0.2-0.20160603034137-1fa385a6f458


go: extracting github.com/aristanetworks/goarista v0.0.0-20170210015632-ea17b1a17847


go: extracting github.com/hashicorp/golang-lru v0.0.0-20160813221303-0a025b7e63ad


go: extracting github.com/huin/goupnp v0.0.0-20161224104101-679507af18f3


go: extracting github.com/syndtr/goleveldb v1.0.1-0.20190923125748-758128399b1d


go: downloading github.com/dop251/goja v0.0.0-20200106141417-aaec0e7bde29


go: downloading github.com/mattn/go-isatty v0.0.5-0.20180830101745-3fb116b82035


go: downloading github.com/gorilla/websocket v1.4.1-0.20190629185528-ae1634f6a989


go: extracting github.com/dop251/goja v0.0.0-20200106141417-aaec0e7bde29


go: downloading github.com/fatih/color v1.3.0


go: extracting github.com/mattn/go-isatty v0.0.5-0.20180830101745-3fb116b82035


go: downloading github.com/davecgh/go-spew v1.1.1


go: extracting github.com/gorilla/websocket v1.4.1-0.20190629185528-ae1634f6a989


go: downloading github.com/status-im/keycard-go v0.0.0-20190316090335-8537d3370df4


go: extracting github.com/fatih/color v1.3.0


go: downloading golang.org/x/sync v0.0.0-20181108010431-42b317875d0f


go: downloading github.com/mattn/go-colorable v0.1.0


go: extracting github.com/davecgh/go-spew v1.1.1


go: extracting github.com/status-im/keycard-go v0.0.0-20190316090335-8537d3370df4


go: extracting github.com/mattn/go-colorable v0.1.0


go: downloading github.com/edsrzf/mmap-go v0.0.0-20160512033002-935e0e8a636c


go: downloading github.com/wsddn/go-ecdh v0.0.0-20161211032359-48726bab9208


go: extracting golang.org/x/sync v0.0.0-20181108010431-42b317875d0f


go: downloading github.com/go-stack/stack v1.8.0


go: extracting github.com/edsrzf/mmap-go v0.0.0-20160512033002-935e0e8a636c


go: downloading github.com/rs/cors v0.0.0-20160617231935-a62a804a8a00


go: extracting github.com/wsddn/go-ecdh v0.0.0-20161211032359-48726bab9208


go: extracting github.com/docker/docker v1.4.2-0.20180625184442-8e610b2b55bf


go: downloading github.com/rjeczalik/notify v0.9.1


go: downloading github.com/cloudflare/cloudflare-go v0.10.2-0.20190916151808-a80f83b9add9


go: downloading github.com/elastic/gosigar v0.8.1-0.20180330100440-37f05ff46ffa


go: downloading github.com/influxdata/influxdb v1.2.3-0.20180221223340-01288bdb0883


go: downloading github.com/aws/aws-sdk-go v1.25.48


go: extracting github.com/go-stack/stack v1.8.0


go: downloading gopkg.in/urfave/cli.v1 v1.20.0


go: downloading github.com/prometheus/tsdb v0.6.2-0.20190402121629-4f204dcbc150


go: extracting github.com/rjeczalik/notify v0.9.1


go: downloading golang.org/x/net v0.0.0-20190628185345-da137c7871d7


go: extracting github.com/cloudflare/cloudflare-go v0.10.2-0.20190916151808-a80f83b9add9


go: extracting github.com/rs/cors v0.0.0-20160617231935-a62a804a8a00


go: extracting github.com/elastic/gosigar v0.8.1-0.20180330100440-37f05ff46ffa


go: downloading github.com/julienschmidt/httprouter v1.1.1-0.20170430222011-975b5c4c7c21


go: downloading golang.org/x/text v0.3.2


go: extracting gopkg.in/urfave/cli.v1 v1.20.0


go: extracting github.com/julienschmidt/httprouter v1.1.1-0.20170430222011-975b5c4c7c21


go: extracting github.com/prometheus/tsdb v0.6.2-0.20190402121629-4f204dcbc150


go: extracting github.com/influxdata/influxdb v1.2.3-0.20180221223340-01288bdb0883


go: extracting golang.org/x/net v0.0.0-20190628185345-da137c7871d7


go: downloading github.com/fjl/memsize v0.0.0-20180418122429-ca190fb6ffbc


go: extracting github.com/fjl/memsize v0.0.0-20180418122429-ca190fb6ffbc


go: downloading github.com/pborman/uuid v0.0.0-20170112150404-1b00554d8222


go: downloading github.com/olekukonko/tablewriter v0.0.2-0.20190409134802-7e037d187b0c


go: extracting github.com/pborman/uuid v0.0.0-20170112150404-1b00554d8222


go: extracting github.com/olekukonko/tablewriter v0.0.2-0.20190409134802-7e037d187b0c


go: downloading github.com/pkg/errors v0.8.1


go: downloading github.com/dlclark/regexp2 v1.2.0


go: downloading github.com/deckarep/golang-set v0.0.0-20180603214616-504e848d77ea


go: extracting github.com/pkg/errors v0.8.1


go: extracting golang.org/x/text v0.3.2


go: extracting github.com/deckarep/golang-set v0.0.0-20180603214616-504e848d77ea


go: extracting github.com/dlclark/regexp2 v1.2.0


go: downloading github.com/tyler-smith/go-bip39 v1.0.1-0.20181017060643-dbb3b84ba2ef


go: extracting github.com/tyler-smith/go-bip39 v1.0.1-0.20181017060643-dbb3b84ba2ef


go: downloading github.com/golang/protobuf v1.3.2-0.20190517061210-b285ee9cfc6c


go: extracting github.com/golang/protobuf v1.3.2-0.20190517061210-b285ee9cfc6c


go: extracting github.com/aws/aws-sdk-go v1.25.48


go: downloading golang.org/x/sys v0.0.0-20190712062909-fae7ac547cb7


go: extracting golang.org/x/sys v0.0.0-20190712062909-fae7ac547cb7


go: downloading github.com/rs/xhandler v0.0.0-20160618193221-ed27b6fd6521


go: extracting github.com/rs/xhandler v0.0.0-20160618193221-ed27b6fd6521


go: downloading github.com/VictoriaMetrics/fastcache v1.5.3


go: downloading github.com/steakknife/bloomfilter v0.0.0-20180922174646-6819c0d2a570


go: downloading github.com/mattn/go-runewidth v0.0.4


go: downloading github.com/naoina/toml v0.1.2-0.20170918210437-9fafd6967416


go: extracting github.com/steakknife/bloomfilter v0.0.0-20180922174646-6819c0d2a570


go: extracting github.com/mattn/go-runewidth v0.0.4


go: extracting github.com/VictoriaMetrics/fastcache v1.5.3


go: extracting github.com/naoina/toml v0.1.2-0.20170918210437-9fafd6967416


go: downloading github.com/go-sourcemap/sourcemap v2.1.2+incompatible


go: downloading github.com/steakknife/hamming v0.0.0-20180906055917-c99c65617cd3


go: downloading github.com/peterh/liner v1.1.1-0.20190123174540-a2c9a5303de7


go: extracting github.com/go-sourcemap/sourcemap v2.1.2+incompatible


go: extracting github.com/steakknife/hamming v0.0.0-20180906055917-c99c65617cd3


go: extracting github.com/peterh/liner v1.1.1-0.20190123174540-a2c9a5303de7


go: downloading github.com/graph-gophers/graphql-go v0.0.0-20191115155744-f33e81362277


go: extracting github.com/graph-gophers/graphql-go v0.0.0-20191115155744-f33e81362277


go: downloading gopkg.in/olebedev/go-duktape.v3 v3.0.0-20190213234257-ec84240a7772


go: extracting gopkg.in/olebedev/go-duktape.v3 v3.0.0-20190213234257-ec84240a7772


go: downloading github.com/cespare/xxhash v1.1.0


go: extracting github.com/cespare/xxhash v1.1.0


go: downloading github.com/cespare/xxhash/v2 v2.1.1


go: extracting github.com/cespare/xxhash/v2 v2.1.1


go: downloading github.com/naoina/go-stringutil v0.1.0


go: downloading github.com/opentracing/opentracing-go v1.1.0


go: extracting github.com/naoina/go-stringutil v0.1.0


go: downloading github.com/[secure]/usb v0.0.0-20190919080040-51dc0efba356


go: extracting github.com/opentracing/opentracing-go v1.1.0


go: extracting github.com/[secure]/usb v0.0.0-20190919080040-51dc0efba356


go: downloading github.com/jmespath/go-jmespath v0.0.0-20180206201540-c2b33e8439af


go: extracting github.com/jmespath/go-jmespath v0.0.0-20180206201540-c2b33e8439af


go: finding github.com/golang/protobuf v1.3.2-0.20190517061210-b285ee9cfc6c


go: finding github.com/aristanetworks/goarista v0.0.0-20170210015632-ea17b1a17847


go: finding github.com/deckarep/golang-set v0.0.0-20180603214616-504e848d77ea


go: finding github.com/davecgh/go-spew v1.1.1


go: finding github.com/go-stack/stack v1.8.0


go: finding gopkg.in/urfave/cli.v1 v1.20.0


go: finding github.com/edsrzf/mmap-go v0.0.0-20160512033002-935e0e8a636c


go: finding github.com/aws/aws-sdk-go v1.25.48


go: finding github.com/VictoriaMetrics/fastcache v1.5.3


go: finding github.com/[secure]/usb v0.0.0-20190919080040-51dc0efba356


go: finding github.com/pborman/uuid v0.0.0-20170112150404-1b00554d8222


go: finding github.com/huin/goupnp v0.0.0-20161224104101-679507af18f3


go: finding github.com/elastic/gosigar v0.8.1-0.20180330100440-37f05ff46ffa


go: finding github.com/dop251/goja v0.0.0-20200106141417-aaec0e7bde29


go: finding github.com/cloudflare/cloudflare-go v0.10.2-0.20190916151808-a80f83b9add9


go: finding github.com/gballet/go-libpcsclite v0.0.0-20190607065134-2772fd86a8ff


go: finding github.com/rjeczalik/notify v0.9.1


go: finding github.com/cespare/xxhash/v2 v2.1.1


go: finding github.com/jackpal/go-nat-pmp v1.0.2-0.20160603034137-1fa385a6f458


go: finding github.com/status-im/keycard-go v0.0.0-20190316090335-8537d3370df4


go: finding github.com/golang/snappy v0.0.1


go: finding github.com/wsddn/go-ecdh v0.0.0-20161211032359-48726bab9208


go: finding github.com/hashicorp/golang-lru v0.0.0-20160813221303-0a025b7e63ad


go: finding golang.org/x/sys v0.0.0-20190712062909-fae7ac547cb7


go: finding golang.org/x/text v0.3.2


go: finding github.com/dlclark/regexp2 v1.2.0


go: finding github.com/syndtr/goleveldb v1.0.1-0.20190923125748-758128399b1d


go: finding github.com/steakknife/bloomfilter v0.0.0-20180922174646-6819c0d2a570


go: finding github.com/olekukonko/tablewriter v0.0.2-0.20190409134802-7e037d187b0c


go: finding github.com/pkg/errors v0.8.1


go: finding github.com/gorilla/websocket v1.4.1-0.20190629185528-ae1634f6a989


go: finding github.com/jmespath/go-jmespath v0.0.0-20180206201540-c2b33e8439af


go: finding golang.org/x/time v0.0.0-20190308202827-9d24e82272b4


go: finding github.com/prometheus/tsdb v0.6.2-0.20190402121629-4f204dcbc150


go: finding github.com/rs/cors v0.0.0-20160617231935-a62a804a8a00


go: finding golang.org/x/net v0.0.0-20190628185345-da137c7871d7


go: finding github.com/mattn/go-colorable v0.1.0


go: finding github.com/rs/xhandler v0.0.0-20160618193221-ed27b6fd6521


go: finding github.com/peterh/liner v1.1.1-0.20190123174540-a2c9a5303de7


go: finding github.com/go-sourcemap/sourcemap v2.1.2+incompatible


go: finding github.com/docker/docker v1.4.2-0.20180625184442-8e610b2b55bf


go: finding github.com/fatih/color v1.3.0


go: finding github.com/mattn/go-runewidth v0.0.4


go: finding github.com/mattn/go-isatty v0.0.5-0.20180830101745-3fb116b82035


go: finding github.com/fjl/memsize v0.0.0-20180418122429-ca190fb6ffbc


go: finding github.com/tyler-smith/go-bip39 v1.0.1-0.20181017060643-dbb3b84ba2ef


go: finding github.com/steakknife/hamming v0.0.0-20180906055917-c99c65617cd3


go: finding github.com/julienschmidt/httprouter v1.1.1-0.20170430222011-975b5c4c7c21


go: finding github.com/influxdata/influxdb v1.2.3-0.20180221223340-01288bdb0883


go: finding github.com/naoina/toml v0.1.2-0.20170918210437-9fafd6967416


go: finding github.com/graph-gophers/graphql-go v0.0.0-20191115155744-f33e81362277


go: finding github.com/naoina/go-stringutil v0.1.0


go: finding golang.org/x/sync v0.0.0-20181108010431-42b317875d0f


go: finding gopkg.in/olebedev/go-duktape.v3 v3.0.0-20190213234257-ec84240a7772


go: finding github.com/opentracing/opentracing-go v1.1.0


golang.org/x/crypto/curve25519


github.com/cespare/xxhash/v2


github.com/golang/snappy


github.com/aristanetworks/goarista/monotime


github.com/VictoriaMetrics/fastcache


github.com/ethereum/go-ethereum/common/mclock


github.com/ethereum/go-ethereum/common/prque


github.com/ethereum/go-ethereum/ethdb


github.com/go-stack/stack


golang.org/x/sys/unix


github.com/ethereum/go-ethereum/log


github.com/steakknife/hamming


github.com/steakknife/bloomfilter


github.com/ethereum/go-ethereum/event


github.com/elastic/gosigar


github.com/ethereum/go-ethereum/accounts/abi


github.com/davecgh/go-spew/spew


github.com/deckarep/golang-set


github.com/pborman/uuid


github.com/rjeczalik/notify


github.com/ethereum/go-ethereum/metrics


github.com/ethereum/go-ethereum/trie


github.com/ethereum/go-ethereum/core/types


github.com/ethereum/go-ethereum


github.com/ethereum/go-ethereum/accounts


golang.org/x/crypto/pbkdf2


golang.org/x/crypto/scrypt


github.com/gballet/go-libpcsclite


github.com/status-im/keycard-go/derivationpath


github.com/wsddn/go-ecdh


golang.org/x/text/transform


golang.org/x/text/unicode/norm


github.com/ethereum/go-ethereum/accounts/scwallet


github.com/hashicorp/golang-lru/simplelru


github.com/hashicorp/golang-lru


github.com/ethereum/go-ethereum/core/state


github.com/ethereum/go-ethereum/p2p/netutil


github.com/gorilla/websocket


golang.org/x/net/context


github.com/rs/xhandler


github.com/rs/cors


github.com/ethereum/go-ethereum/rpc


github.com/ethereum/go-ethereum/consensus


github.com/ethereum/go-ethereum/consensus/misc


github.com/ethereum/go-ethereum/consensus/clique


github.com/edsrzf/mmap-go


github.com/ethereum/go-ethereum/accounts/keystore


github.com/ethereum/go-ethereum/common/bitutil


github.com/ethereum/go-ethereum/consensus/ethash


github.com/syndtr/goleveldb/leveldb/util


github.com/syndtr/goleveldb/leveldb/cache


github.com/syndtr/goleveldb/leveldb/comparer


github.com/syndtr/goleveldb/leveldb/storage


github.com/syndtr/goleveldb/leveldb/filter


github.com/syndtr/goleveldb/leveldb/opt


github.com/ethereum/go-ethereum/ethdb/memorydb


github.com/mattn/go-runewidth


github.com/olekukonko/tablewriter


github.com/syndtr/goleveldb/leveldb/errors


github.com/syndtr/goleveldb/leveldb/iterator


github.com/syndtr/goleveldb/leveldb/journal


github.com/pkg/errors


github.com/syndtr/goleveldb/leveldb/memdb


github.com/syndtr/goleveldb/leveldb/table


github.com/prometheus/tsdb/fileutil


golang.org/x/sys/cpu


github.com/syndtr/goleveldb/leveldb


github.com/ethereum/go-ethereum/crypto/blake2b


github.com/ethereum/go-ethereum/crypto/bn256/cloudflare


github.com/ethereum/go-ethereum/crypto/bn256


golang.org/x/crypto/ripemd160


github.com/ethereum/go-ethereum/core/vm


github.com/ethereum/go-ethereum/ethdb/leveldb


github.com/ethereum/go-ethereum/core/rawdb


github.com/ethereum/go-ethereum/core/bloombits


github.com/ethereum/go-ethereum/crypto/ecies


github.com/ethereum/go-ethereum/p2p/enr


github.com/ethereum/go-ethereum/p2p/enode


github.com/ethereum/go-ethereum/core


github.com/ethereum/go-ethereum/p2p/discover


github.com/ethereum/go-ethereum/p2p/discv5


github.com/huin/goupnp/httpu


github.com/huin/goupnp/scpd


github.com/huin/goupnp/soap


github.com/ethereum/go-ethereum/eth/downloader


github.com/huin/goupnp/ssdp


golang.org/x/net/html/atom


golang.org/x/net/html


golang.org/x/text/encoding/internal/identifier


golang.org/x/text/encoding


golang.org/x/text/internal/utf8internal


golang.org/x/text/runes


golang.org/x/text/encoding/internal


golang.org/x/text/encoding/charmap


golang.org/x/text/encoding/japanese


golang.org/x/text/encoding/korean


golang.org/x/text/encoding/simplifiedchinese


golang.org/x/text/encoding/traditionalchinese


golang.org/x/text/encoding/unicode


golang.org/x/text/internal/tag


golang.org/x/text/internal/language


github.com/jackpal/go-nat-pmp


github.com/tyler-smith/go-bip39/wordlists


github.com/tyler-smith/go-bip39


github.com/golang/protobuf/proto


golang.org/x/text/internal/language/compact


golang.org/x/text/language


golang.org/x/text/encoding/htmlindex


golang.org/x/net/html/charset


github.com/huin/goupnp


github.com/huin/goupnp/dcps/internetgateway1


github.com/huin/goupnp/dcps/internetgateway2


github.com/ethereum/go-ethereum/p2p/nat


github.com/ethereum/go-ethereum/p2p


github.com/golang/protobuf/protoc-gen-go/descriptor


github.com/ethereum/go-ethereum/accounts/usbwallet/trezor


github.com/ethereum/go-ethereum/internal/ethapi


github.com/[secure]/usb


github.com/ethereum/go-ethereum/signer/storage


golang.org/x/crypto/ssh/terminal


github.com/ethereum/go-ethereum/eth/filters


github.com/ethereum/go-ethereum/common/fdlimit


github.com/ethereum/go-ethereum/core/forkid


github.com/ethereum/go-ethereum/eth/fetcher


github.com/ethereum/go-ethereum/eth/gasprice


github.com/ethereum/go-ethereum/eth/tracers/internal/tracers


gopkg.in/olebedev/go-duktape.v3


github.com/ethereum/go-ethereum/accounts/usbwallet


github.com/ethereum/go-ethereum/signer/core


github.com/ethereum/go-ethereum/accounts/external


github.com/ethereum/go-ethereum/accounts/abi/bind


github.com/ethereum/go-ethereum/accounts/abi/bind/backends


github.com/ethereum/go-ethereum/signer/fourbyte


github.com/ethereum/go-ethereum/cmd/abidump


github.com/ethereum/go-ethereum/miner


github.com/ethereum/go-ethereum/metrics/prometheus


github.com/ethereum/go-ethereum/metrics/exp


github.com/fjl/memsize


github.com/fjl/memsize/memsizeui


github.com/mattn/go-isatty


github.com/mattn/go-colorable


gopkg.in/urfave/cli.v1


github.com/ethereum/go-ethereum/internal/debug


github.com/ethereum/go-ethereum/node


github.com/ethereum/go-ethereum/contracts/checkpointoracle/contract


github.com/ethereum/go-ethereum/contracts/checkpointoracle


github.com/ethereum/go-ethereum/les/checkpointoracle


github.com/ethereum/go-ethereum/les/flowcontrol


github.com/ethereum/go-ethereum/light


github.com/graph-gophers/graphql-go/errors


github.com/graph-gophers/graphql-go/internal/common


github.com/graph-gophers/graphql-go/internal/schema


github.com/graph-gophers/graphql-go/internal/exec/packer


github.com/graph-gophers/graphql-go/introspection


github.com/graph-gophers/graphql-go/internal/exec/resolvable


github.com/graph-gophers/graphql-go/internal/query


github.com/graph-gophers/graphql-go/internal/exec/selected


github.com/graph-gophers/graphql-go/log


github.com/opentracing/opentracing-go/log


github.com/opentracing/opentracing-go


github.com/opentracing/opentracing-go/ext


github.com/graph-gophers/graphql-go/trace


github.com/graph-gophers/graphql-go/internal/exec


github.com/graph-gophers/graphql-go/internal/validation


github.com/graph-gophers/graphql-go


github.com/graph-gophers/graphql-go/relay


github.com/ethereum/go-ethereum/graphql


github.com/influxdata/influxdb/pkg/escape


github.com/influxdata/influxdb/models


github.com/influxdata/influxdb/client


github.com/ethereum/go-ethereum/metrics/influxdb


golang.org/x/sync/syncmap


github.com/ethereum/go-ethereum/whisper/whisperv6


github.com/ethereum/go-ethereum/common/compiler


github.com/ethereum/go-ethereum/ethclient


github.com/dlclark/regexp2/syntax


github.com/dlclark/regexp2


github.com/dop251/goja/file


github.com/dop251/goja/token


github.com/go-sourcemap/sourcemap/internal/base64vlq


github.com/go-sourcemap/sourcemap


github.com/dop251/goja/ast


github.com/dop251/goja/parser


golang.org/x/text/internal


golang.org/x/text/cases


golang.org/x/text/internal/colltab


golang.org/x/text/collate


github.com/dop251/goja


github.com/fatih/color


github.com/ethereum/go-ethereum/internal/jsre


github.com/ethereum/go-ethereum/internal/jsre/deps


github.com/ethereum/go-ethereum/internal/web3ext


github.com/peterh/liner


github.com/ethereum/go-ethereum/console


github.com/ethereum/go-ethereum/signer/rules/deps


github.com/ethereum/go-ethereum/signer/rules


github.com/aws/aws-sdk-go/aws/awserr


github.com/aws/aws-sdk-go/internal/ini


github.com/aws/aws-sdk-go/internal/shareddefaults


github.com/aws/aws-sdk-go/aws/credentials


github.com/aws/aws-sdk-go/aws/endpoints


github.com/aws/aws-sdk-go/internal/sdkio


github.com/aws/aws-sdk-go/aws


github.com/aws/aws-sdk-go/aws/client/metadata


github.com/jmespath/go-jmespath


github.com/aws/aws-sdk-go/aws/awsutil


github.com/aws/aws-sdk-go/aws/request


github.com/aws/aws-sdk-go/internal/sdkrand


github.com/aws/aws-sdk-go/aws/client


github.com/aws/aws-sdk-go/aws/corehandlers


github.com/aws/aws-sdk-go/aws/credentials/processcreds


github.com/aws/aws-sdk-go/internal/sdkmath


github.com/aws/aws-sdk-go/private/protocol


github.com/aws/aws-sdk-go/private/protocol/rest


github.com/aws/aws-sdk-go/aws/signer/v4


github.com/aws/aws-sdk-go/private/protocol/query/queryutil


github.com/aws/aws-sdk-go/private/protocol/xml/xmlutil


github.com/aws/aws-sdk-go/private/protocol/query


github.com/aws/aws-sdk-go/service/sts


github.com/aws/aws-sdk-go/service/sts/stsiface


github.com/aws/aws-sdk-go/aws/credentials/stscreds


github.com/aws/aws-sdk-go/aws/csm


github.com/aws/aws-sdk-go/internal/sdkuri


github.com/aws/aws-sdk-go/aws/ec2metadata


github.com/aws/aws-sdk-go/aws/credentials/ec2rolecreds


github.com/aws/aws-sdk-go/private/protocol/json/jsonutil


github.com/aws/aws-sdk-go/aws/credentials/endpointcreds


github.com/aws/aws-sdk-go/aws/defaults


github.com/aws/aws-sdk-go/aws/session


github.com/aws/aws-sdk-go/private/protocol/restxml


github.com/aws/aws-sdk-go/service/route53


golang.org/x/time/rate


github.com/cloudflare/cloudflare-go


github.com/ethereum/go-ethereum/p2p/dnsdisc


github.com/ethereum/go-ethereum/cmd/devp2p


github.com/ethereum/go-ethereum/core/asm


github.com/ethereum/go-ethereum/cmd/evm/internal/compiler


github.com/ethereum/go-ethereum/core/vm/runtime


github.com/ethereum/go-ethereum/tests


github.com/naoina/go-stringutil


github.com/naoina/toml/ast


github.com/naoina/toml


github.com/ethereum/go-ethereum/eth/tracers


github.com/ethereum/go-ethereum/eth


github.com/docker/docker/pkg/reexec


github.com/ethereum/go-ethereum/p2p/simulations/pipes


github.com/ethereum/go-ethereum/p2p/simulations/adapters


github.com/julienschmidt/httprouter


github.com/ethereum/go-ethereum/p2p/simulations


github.com/ethereum/go-ethereum/cmd/p2psim


github.com/ethereum/go-ethereum/les


github.com/ethereum/go-ethereum/ethstats


github.com/ethereum/go-ethereum/cmd/utils


github.com/ethereum/go-ethereum/cmd/abigen


github.com/ethereum/go-ethereum/cmd/bootnode


github.com/ethereum/go-ethereum/cmd/checkpoint-admin


github.com/ethereum/go-ethereum/cmd/clef


github.com/ethereum/go-ethereum/cmd/ethkey


github.com/ethereum/go-ethereum/cmd/evm


github.com/ethereum/go-ethereum/cmd/faucet


github.com/ethereum/go-ethereum/cmd/geth


golang.org/x/crypto/ed25519/internal/edwards25519


golang.org/x/crypto/ed25519


golang.org/x/crypto/internal/subtle


golang.org/x/crypto/internal/chacha20


golang.org/x/crypto/poly1305


golang.org/x/crypto/ssh


github.com/ethereum/go-ethereum/cmd/puppeth


github.com/ethereum/go-ethereum/cmd/rlpdump


github.com/ethereum/go-ethereum/whisper/mailserver


github.com/ethereum/go-ethereum/cmd/wnode


github.com/ethereum/go-ethereum/crypto/bn256/google


github.com/ethereum/go-ethereum/ethdb/dbtest


github.com/ethereum/go-ethereum/internal/cmdtest


github.com/ethereum/go-ethereum/internal/guide


github.com/ethereum/go-ethereum/internal/testlog


github.com/ethereum/go-ethereum/metrics/librato


github.com/ethereum/go-ethereum/whisper/shhclient


github.com/ethereum/go-ethereum/mobile


github.com/ethereum/go-ethereum/p2p/simulations/examples


github.com/ethereum/go-ethereum/p2p/testing


github.com/ethereum/go-ethereum/tests/fuzzers/keystore


github.com/ethereum/go-ethereum/tests/fuzzers/rlp


github.com/ethereum/go-ethereum/tests/fuzzers/trie


github.com/ethereum/go-ethereum/tests/fuzzers/whisperv6


travis_time:end:1053dd70:start=1581437558913316000,finish=1581437708995419000,duration=150082103000,event=script
[0K[32;1mThe command "go run build/ci.go install" exited with 0.[0m


travis_time:start:11de2c17
[0K$ go run build/ci.go test -coverage $TEST_PACKAGES


>>> /Users/travis/.gimme/versions/go1.13.7.darwin.amd64/bin/go test -ldflags -X main.gitCommit=8045504abf64a865be4b1dbc780b796a9f5d11cc -X main.gitDate=20200211 -s -p 1 -timeout 5m -covermode=atomic -cover ./...


go: downloading github.com/stretchr/testify v1.4.0


go: extracting github.com/stretchr/testify v1.4.0


go: downloading gopkg.in/yaml.v2 v2.2.2


go: downloading github.com/pmezard/go-difflib v1.0.0


go: extracting github.com/pmezard/go-difflib v1.0.0


go: extracting gopkg.in/yaml.v2 v2.2.2


go: finding github.com/stretchr/testify v1.4.0


go: finding github.com/pmezard/go-difflib v1.0.0


go: finding gopkg.in/yaml.v2 v2.2.2


?   	github.com/ethereum/go-ethereum	[no test files]


ok  	github.com/ethereum/go-ethereum/accounts	0.035s	coverage: 30.8% of statements


ok  	github.com/ethereum/go-ethereum/accounts/abi	0.069s	coverage: 88.9% of statements


ok  	github.com/ethereum/go-ethereum/accounts/abi/bind	6.858s	coverage: 53.2% of statements


ok  	github.com/ethereum/go-ethereum/accounts/abi/bind/backends	0.094s	coverage: 64.7% of statements


?   	github.com/ethereum/go-ethereum/accounts/external	[no test files]


ok  	github.com/ethereum/go-ethereum/accounts/keystore	20.614s	coverage: 76.7% of statements


?   	github.com/ethereum/go-ethereum/accounts/scwallet	[no test files]


?   	github.com/ethereum/go-ethereum/accounts/usbwallet	[no test files]


?   	github.com/ethereum/go-ethereum/accounts/usbwallet/trezor	[no test files]


?   	github.com/ethereum/go-ethereum/cmd/abidump	[no test files]


?   	github.com/ethereum/go-ethereum/cmd/abigen	[no test files]


?   	github.com/ethereum/go-ethereum/cmd/bootnode	[no test files]


?   	github.com/ethereum/go-ethereum/cmd/checkpoint-admin	[no test files]


?   	github.com/ethereum/go-ethereum/cmd/clef	[no test files]


ok  	github.com/ethereum/go-ethereum/cmd/devp2p	0.058s	coverage: 10.3% of statements


ok  	github.com/ethereum/go-ethereum/cmd/ethkey	2.752s	coverage: 2.0% of statements


?   	github.com/ethereum/go-ethereum/cmd/evm	[no test files]


?   	github.com/ethereum/go-ethereum/cmd/evm/internal/compiler	[no test files]


?   	github.com/ethereum/go-ethereum/cmd/faucet	[no test files]


--- FAIL: TestWSAttachWelcome (3.95s)


    test_cmd.go:250: (stderr) INFO [02-11|16:17:03.108] Bumping default cache on mainnet         provided=1024 updated=4096


    test_cmd.go:250: (stderr) WARN [02-11|16:17:03.109] Sanitizing cache to Go's GC limits       provided=4096 updated=1365


    test_cmd.go:250: (stderr) INFO [02-11|16:17:03.110] Maximum peer count                       ETH=0 LES=0 total=0


    test_cmd.go:250: (stderr) INFO [02-11|16:17:03.132] Starting peer-to-peer node               instance=Geth/v1.9.11-unstable/darwin-amd64/go1.13.7


    test_cmd.go:250: (stderr) INFO [02-11|16:17:03.133] Allocated trie memory caches             clean=341.00MiB dirty=341.00MiB


    test_cmd.go:250: (stderr) INFO [02-11|16:17:03.133] Allocated cache and file handles         database=/var/folders/17/5mc7816d3mndxjqgplq6057w0000gn/T/geth-test025877205/geth/chaindata cache=682.00MiB handles=5120


    run_test.go:122: endpoint ws://127.0.0.1:32159 did not open within 3s


FAIL


coverage: 1.6% of statements


FAIL	github.com/ethereum/go-ethereum/cmd/geth	19.241s


?   	github.com/ethereum/go-ethereum/cmd/p2psim	[no test files]


ok  	github.com/ethereum/go-ethereum/cmd/puppeth	0.056s	coverage: 8.6% of statements


?   	github.com/ethereum/go-ethereum/cmd/rlpdump	[no test files]


ok  	github.com/ethereum/go-ethereum/cmd/utils	0.063s	coverage: 2.3% of statements


?   	github.com/ethereum/go-ethereum/cmd/wnode	[no test files]


ok  	github.com/ethereum/go-ethereum/common	0.010s	coverage: 39.3% of statements


ok  	github.com/ethereum/go-ethereum/common/bitutil	0.010s	coverage: 95.7% of statements


ok  	github.com/ethereum/go-ethereum/common/compiler	0.050s	coverage: 0.0% of statements


ok  	github.com/ethereum/go-ethereum/common/fdlimit	0.008s	coverage: 76.2% of statements


ok  	github.com/ethereum/go-ethereum/common/hexutil	0.009s	coverage: 80.9% of statements


ok  	github.com/ethereum/go-ethereum/common/math	0.009s	coverage: 92.4% of statements


ok  	github.com/ethereum/go-ethereum/common/mclock	0.008s	coverage: 79.6% of statements


ok  	github.com/ethereum/go-ethereum/common/prque	1.301s	coverage: 74.0% of statements


?   	github.com/ethereum/go-ethereum/consensus	[no test files]


ok  	github.com/ethereum/go-ethereum/consensus/clique	0.155s	coverage: 52.5% of statements


ok  	github.com/ethereum/go-ethereum/consensus/ethash	16.195s	coverage: 64.2% of statements


?   	github.com/ethereum/go-ethereum/consensus/misc	[no test files]


ok  	github.com/ethereum/go-ethereum/console	2.323s	coverage: 41.2% of statements


ok  	github.com/ethereum/go-ethereum/contracts/checkpointoracle	0.942s	coverage: 0.0% of statements


?   	github.com/ethereum/go-ethereum/contracts/checkpointoracle/contract	[no test files]


ok  	github.com/ethereum/go-ethereum/core	35.635s	coverage: 73.3% of statements


ok  	github.com/ethereum/go-ethereum/core/asm	0.036s	coverage: 72.6% of statements


ok  	github.com/ethereum/go-ethereum/core/bloombits	4.524s	coverage: 95.5% of statements


ok  	github.com/ethereum/go-ethereum/core/forkid	0.110s	coverage: 85.9% of statements


ok  	github.com/ethereum/go-ethereum/core/rawdb	10.821s	coverage: 48.2% of statements


ok  	github.com/ethereum/go-ethereum/core/state	12.333s	coverage: 76.9% of statements


ok  	github.com/ethereum/go-ethereum/core/types	0.344s	coverage: 50.1% of statements


ok  	github.com/ethereum/go-ethereum/core/vm	0.340s	coverage: 40.3% of statements


ok  	github.com/ethereum/go-ethereum/core/vm/runtime	0.048s	coverage: 78.6% of statements


ok  	github.com/ethereum/go-ethereum/crypto	0.091s	coverage: 80.5% of statements


ok  	github.com/ethereum/go-ethereum/crypto/blake2b	0.062s	coverage: 90.3% of statements


?   	github.com/ethereum/go-ethereum/crypto/bn256	[no test files]


ok  	github.com/ethereum/go-ethereum/crypto/bn256/cloudflare	0.162s	coverage: 81.3% of statements


ok  	github.com/ethereum/go-ethereum/crypto/bn256/google	0.710s	coverage: 91.6% of statements


ok  	github.com/ethereum/go-ethereum/crypto/ecies	0.045s	coverage: 75.9% of statements


ok  	github.com/ethereum/go-ethereum/crypto/secp256k1	1.369s	coverage: 30.6% of statements


ok  	github.com/ethereum/go-ethereum/eth	21.858s	coverage: 29.0% of statements


ok  	github.com/ethereum/go-ethereum/eth/downloader	113.466s	coverage: 78.3% of statements


ok  	github.com/ethereum/go-ethereum/eth/fetcher	13.610s	coverage: 90.1% of statements


ok  	github.com/ethereum/go-ethereum/eth/filters	3.129s	coverage: 53.8% of statements


?   	github.com/ethereum/go-ethereum/eth/gasprice	[no test files]


ok  	github.com/ethereum/go-ethereum/eth/tracers	0.402s	coverage: 78.8% of statements


?   	github.com/ethereum/go-ethereum/eth/tracers/internal/tracers	[no test files]


ok  	github.com/ethereum/go-ethereum/ethclient	0.204s	coverage: 14.0% of statements


?   	github.com/ethereum/go-ethereum/ethdb	[no test files]


?   	github.com/ethereum/go-ethereum/ethdb/dbtest	[no test files]


ok  	github.com/ethereum/go-ethereum/ethdb/leveldb	0.036s	coverage: 15.1% of statements


ok  	github.com/ethereum/go-ethereum/ethdb/memorydb	0.010s	coverage: 81.6% of statements


?   	github.com/ethereum/go-ethereum/ethstats	[no test files]


ok  	github.com/ethereum/go-ethereum/event	0.902s	coverage: 94.3% of statements


ok  	github.com/ethereum/go-ethereum/graphql	0.065s	coverage: 2.0% of statements


?   	github.com/ethereum/go-ethereum/internal/build	[no test files]


?   	github.com/ethereum/go-ethereum/internal/cmdtest	[no test files]


?   	github.com/ethereum/go-ethereum/internal/debug	[no test files]


?   	github.com/ethereum/go-ethereum/internal/ethapi	[no test files]


ok  	github.com/ethereum/go-ethereum/internal/guide	17.148s	coverage: [no statements]


ok  	github.com/ethereum/go-ethereum/internal/jsre	0.160s	coverage: 48.9% of statements


?   	github.com/ethereum/go-ethereum/internal/jsre/deps	[no test files]


?   	github.com/ethereum/go-ethereum/internal/testlog	[no test files]


?   	github.com/ethereum/go-ethereum/internal/web3ext	[no test files]


--- FAIL: TestOdrContractCallLes2 (0.33s)


    odr_test.go:194: Failed to sync the chain with server, head: 0


FAIL


coverage: 51.5% of statements


FAIL	github.com/ethereum/go-ethereum/les	70.984s


?   	github.com/ethereum/go-ethereum/les/checkpointoracle	[no test files]


ok  	github.com/ethereum/go-ethereum/les/flowcontrol	13.849s	coverage: 37.9% of statements


ok  	github.com/ethereum/go-ethereum/light	1.140s	coverage: 38.0% of statements


?   	github.com/ethereum/go-ethereum/log	[no test files]


ok  	github.com/ethereum/go-ethereum/metrics	7.206s	coverage: 49.5% of statements


?   	github.com/ethereum/go-ethereum/metrics/exp	[no test files]


?   	github.com/ethereum/go-ethereum/metrics/influxdb	[no test files]


?   	github.com/ethereum/go-ethereum/metrics/librato	[no test files]


?   	github.com/ethereum/go-ethereum/metrics/prometheus	[no test files]


ok  	github.com/ethereum/go-ethereum/miner	12.151s	coverage: 67.3% of statements


ok  	github.com/ethereum/go-ethereum/mobile	0.101s	coverage: 15.2% of statements


ok  	github.com/ethereum/go-ethereum/node	3.571s	coverage: 43.0% of statements


ok  	github.com/ethereum/go-ethereum/p2p	0.732s	coverage: 74.4% of statements


ok  	github.com/ethereum/go-ethereum/p2p/discover	76.035s	coverage: 76.2% of statements


ok  	github.com/ethereum/go-ethereum/p2p/discv5	9.513s	coverage: 46.1% of statements


ok  	github.com/ethereum/go-ethereum/p2p/dnsdisc	1.047s	coverage: 86.7% of statements


ok  	github.com/ethereum/go-ethereum/p2p/enode	3.965s	coverage: 81.3% of statements


ok  	github.com/ethereum/go-ethereum/p2p/enr	0.022s	coverage: 62.3% of statements


ok  	github.com/ethereum/go-ethereum/p2p/nat	2.854s	coverage: 20.3% of statements


ok  	github.com/ethereum/go-ethereum/p2p/netutil	0.020s	coverage: 84.1% of statements


ok  	github.com/ethereum/go-ethereum/p2p/simulations	4.039s	coverage: 69.3% of statements


ok  	github.com/ethereum/go-ethereum/p2p/simulations/adapters	0.073s	coverage: 0.2% of statements


?   	github.com/ethereum/go-ethereum/p2p/simulations/examples	[no test files]


?   	github.com/ethereum/go-ethereum/p2p/simulations/pipes	[no test files]


?   	github.com/ethereum/go-ethereum/p2p/testing	[no test files]


ok  	github.com/ethereum/go-ethereum/params	0.094s	coverage: 49.6% of statements


ok  	github.com/ethereum/go-ethereum/rlp	0.021s	coverage: 96.6% of statements


ok  	github.com/ethereum/go-ethereum/rpc	10.233s	coverage: 77.0% of statements


ok  	github.com/ethereum/go-ethereum/signer/core	5.378s	coverage: 42.0% of statements


ok  	github.com/ethereum/go-ethereum/signer/fourbyte	4.478s	coverage: 46.9% of statements


ok  	github.com/ethereum/go-ethereum/signer/rules	0.231s	coverage: 78.6% of statements


?   	github.com/ethereum/go-ethereum/signer/rules/deps	[no test files]


ok  	github.com/ethereum/go-ethereum/signer/storage	0.033s	coverage: 52.3% of statements


ok  	github.com/ethereum/go-ethereum/tests	135.579s	coverage: 68.5% of statements


?   	github.com/ethereum/go-ethereum/tests/fuzzers/keystore	[no test files]


?   	github.com/ethereum/go-ethereum/tests/fuzzers/rlp	[no test files]


?   	github.com/ethereum/go-ethereum/tests/fuzzers/trie	[no test files]


?   	github.com/ethereum/go-ethereum/tests/fuzzers/whisperv6	[no test files]


ok  	github.com/ethereum/go-ethereum/trie	4.535s	coverage: 71.4% of statements


ok  	github.com/ethereum/go-ethereum/whisper/mailserver	0.495s	coverage: 66.7% of statements


?   	github.com/ethereum/go-ethereum/whisper/shhclient	[no test files]


ok  	github.com/ethereum/go-ethereum/whisper/whisperv6	21.348s	coverage: 64.5% of statements


FAIL


util.go:45: exit status 1


exit status 1


travis_time:end:11de2c17:start=1581437709008279000,finish=1581438681149133000,duration=972140854000,event=script
[0K[31;1mThe command "go run build/ci.go test -coverage $TEST_PACKAGES" exited with 1.[0m








Done. Your build exited with 1.


