travis_fold:start:worker_info
[0K[33;1mWorker information[0m
hostname: b59d8a7b-3c23-4606-a9d5-04c86dfd7bd3@1.worker-org-7f6cdc984-6vd8v.macstadium-prod-1
version: v6.2.0 https://github.com/travis-ci/worker/tree/5e5476e01646095f48eec13196fdb3faf8f5cbf7
instance: 364f4561-5f53-4938-80d6-06207fead665 travis-ci-macos10.14-xcode11.3.1-1579134749 (via amqp)
startup: 1m6.121351913s
travis_fold:end:worker_info
[0Ktravis_time:start:1afe694a
[0Ktravis_time:end:1afe694a:start=1581518321204745000,finish=1581518321942419000,duration=737674000,event=no_world_writable_dirs
[0Ktravis_time:start:09c022e6
[0Ktravis_time:end:09c022e6:start=1581518321953079000,finish=1581518321973424000,duration=20345000,event=setup_filter
[0Ktravis_time:start:15ce3348
[0Ktravis_time:end:15ce3348:start=1581518321985237000,finish=1581518321993137000,duration=7900000,event=check_unsupported
[0Ktravis_time:start:00c79ca4
[0Ktravis_fold:start:system_info
[0K[33;1mBuild system information[0m


Build language: go


Build id: 649473903


Job id: 649473909


Runtime kernel version: 18.5.0


travis-build version: 08047b878


[34m[1mBuild image provisioning date and time[0m


Thu Jan 16 03:40:22 GMT 2020


[34m[1mOperating System Details[0m


ProductName:	Mac OS X


ProductVersion:	10.14.4


BuildVersion:	18E226


[34m[1mGit version[0m


git version 2.25.0


[34m[1mbash version[0m


GNU bash, version 3.2.57(1)-release (x86_64-apple-darwin18)


Copyright (C) 2007 Free Software Foundation, Inc.


[34m[1mGCC version[0m


Apple clang version 11.0.0 (clang-1100.0.33.17)


Target: x86_64-apple-darwin18.5.0


Thread model: posix


InstalledDir: /Applications/Xcode-11.3.1.app/Contents/Developer/Toolchains/XcodeDefault.xctoolchain/usr/bin


[34m[1mLLVM version[0m


Apple clang version 11.0.0 (clang-1100.0.33.17)


Target: x86_64-apple-darwin18.5.0


Thread model: posix


InstalledDir: /Applications/Xcode-11.3.1.app/Contents/Developer/Toolchains/XcodeDefault.xctoolchain/usr/bin


[34m[1mPre-installed Ruby versions[0m


ruby-2.6.4


[34m[1mPre-installed Node.js versions[0m


v10.18.1


v12.14.1


v13.6.0


v4.9.1


v6.17.1


v8.17.0


[34m[1mmvn -version[0m


Apache Maven 3.6.3 (cecedd343002696d0abb50b32b541b8a6ba2883f)


Maven home: /usr/local/Cellar/maven/3.6.3/libexec


Java version: 13.0.1, vendor: Oracle Corporation, runtime: /Library/Java/JavaVirtualMachines/openjdk-13.0.1.jdk/Contents/Home


Default locale: en_US, platform encoding: UTF-8


OS name: "mac os x", version: "10.14.4", arch: "x86_64", family: "mac"


travis_fold:end:system_info
[0K


travis_time:end:00c79ca4:start=1581518322002941000,finish=1581518322027823000,duration=24882000,event=show_system_info
[0Ktravis_time:start:05fbe466
[0Ktravis_time:end:05fbe466:start=1581518322049177000,finish=1581518322057851000,duration=8674000,event=rm_riak_source
[0Ktravis_time:start:02102d6a
[0Ktravis_time:end:02102d6a:start=1581518322067143000,finish=1581518322075416000,duration=8273000,event=fix_rwky_redis
[0Ktravis_time:start:0fc6ee98
[0Ktravis_time:end:0fc6ee98:start=1581518322086562000,finish=1581518322475079000,duration=388517000,event=wait_for_network
[0Ktravis_time:start:04554f57
[0Ktravis_time:end:04554f57:start=1581518322486848000,finish=1581518322496715000,duration=9867000,event=update_apt_keys
[0Ktravis_time:start:2e52d5e0
[0Ktravis_time:end:2e52d5e0:start=1581518322510144000,finish=1581518322525919000,duration=15775000,event=fix_hhvm_source
[0Ktravis_time:start:0e40fd60
[0Ktravis_time:end:0e40fd60:start=1581518322539658000,finish=1581518322548980000,duration=9322000,event=update_mongo_arch
[0Ktravis_time:start:17caa3dd
[0Ktravis_time:end:17caa3dd:start=1581518322560857000,finish=1581518322577895000,duration=17038000,event=fix_sudo_enabled_trusty
[0Ktravis_time:start:27003792
[0Ktravis_time:end:27003792:start=1581518322592750000,finish=1581518322605010000,duration=12260000,event=update_glibc
[0Ktravis_time:start:31e18dc8
[0Ktravis_time:end:31e18dc8:start=1581518322631929000,finish=1581518322739037000,duration=107108000,event=clean_up_path
[0Ktravis_time:start:147154ee
[0Ktravis_time:end:147154ee:start=1581518322749904000,finish=1581518322841114000,duration=91210000,event=fix_resolv_conf
[0Ktravis_time:start:1f636646
[0Ktravis_time:end:1f636646:start=1581518322853943000,finish=1581518322922157000,duration=68214000,event=fix_etc_hosts
[0Ktravis_time:start:0073bd2e
[0Ktravis_time:end:0073bd2e:start=1581518322935032000,finish=1581518322943956000,duration=8924000,event=fix_mvn_settings_xml
[0Ktravis_time:start:0a36d13c
[0Ktravis_time:end:0a36d13c:start=1581518322961761000,finish=1581518323105264000,duration=143503000,event=no_ipv6_localhost
[0Ktravis_time:start:14e92f60
[0Ktravis_time:end:14e92f60:start=1581518323121038000,finish=1581518323130115000,duration=9077000,event=fix_etc_mavenrc
[0Ktravis_time:start:1a2613d0
[0Ktravis_time:end:1a2613d0:start=1581518323144498000,finish=1581518330266650000,duration=7122152000,event=fix_wwdr_certificate
[0Ktravis_time:start:0ea9eec8
[0Ktravis_time:end:0ea9eec8:start=1581518330278078000,finish=1581518330504722000,duration=226644000,event=put_localhost_first
[0Ktravis_time:start:006a8ed6
[0Ktravis_time:end:006a8ed6:start=1581518330517722000,finish=1581518330527273000,duration=9551000,event=home_paths
[0Ktravis_time:start:0c2217c4
[0Ktravis_time:end:0c2217c4:start=1581518330538895000,finish=1581518330560034000,duration=21139000,event=disable_initramfs
[0Ktravis_time:start:15b99268
[0Ktravis_time:end:15b99268:start=1581518330573097000,finish=1581518330603361000,duration=30264000,event=disable_ssh_roaming
[0Ktravis_time:start:21a72ed6
[0Ktravis_time:end:21a72ed6:start=1581518330618504000,finish=1581518330627929000,duration=9425000,event=debug_tools
[0Ktravis_time:start:0626c342
[0K


travis_time:end:0626c342:start=1581518330640832000,finish=1581518334236214000,duration=3595382000,event=uninstall_oclint
[0Ktravis_time:start:2665af10
[0Ktravis_time:end:2665af10:start=1581518334249033000,finish=1581518335419511000,duration=1170478000,event=rvm_use
[0Ktravis_time:start:12e925ac
[0Ktravis_time:end:12e925ac:start=1581518335433170000,finish=1581518335490061000,duration=56891000,event=rm_etc_boto_cfg
[0Ktravis_time:start:004195c8
[0Ktravis_time:end:004195c8:start=1581518335500968000,finish=1581518335510084000,duration=9116000,event=rm_oraclejdk8_symlink
[0Ktravis_time:start:26354692
[0Ktravis_time:end:26354692:start=1581518335523650000,finish=1581518335539328000,duration=15678000,event=enable_i386
[0Ktravis_time:start:0964deb8
[0Ktravis_time:end:0964deb8:start=1581518335552441000,finish=1581518335567216000,duration=14775000,event=update_rubygems
[0Ktravis_time:start:0fef520c
[0Ktravis_time:end:0fef520c:start=1581518335578389000,finish=1581518335594331000,duration=15942000,event=ensure_path_components
[0Ktravis_time:start:1ab3d630
[0Ktravis_time:end:1ab3d630:start=1581518335607983000,finish=1581518335617339000,duration=9356000,event=redefine_curl
[0Ktravis_time:start:032c0ace
[0Ktravis_time:end:032c0ace:start=1581518335628692000,finish=1581518335778759000,duration=150067000,event=nonblock_pipe
[0Ktravis_time:start:08eb7a50
[0Ktravis_time:end:08eb7a50:start=1581518335791423000,finish=1581518335801646000,duration=10223000,event=apt_get_update
[0Ktravis_time:start:00df70d8
[0Ktravis_time:end:00df70d8:start=1581518335814672000,finish=1581518335823992000,duration=9320000,event=deprecate_xcode_64
[0Ktravis_time:start:136483bc
[0Ktravis_time:end:136483bc:start=1581518335835404000,finish=1581518335849266000,duration=13862000,event=update_heroku
[0Ktravis_time:start:1b6deeb7
[0Ktravis_time:end:1b6deeb7:start=1581518335860552000,finish=1581518335869879000,duration=9327000,event=shell_session_update
[0Ktravis_time:start:03b6aecc
[0Ktravis_time:end:03b6aecc:start=1581518335881218000,finish=1581518335891110000,duration=9892000,event=maven_central_mirror
[0Ktravis_time:start:2bbfca68
[0Ktravis_time:end:2bbfca68:start=1581518335902560000,finish=1581518335911264000,duration=8704000,event=maven_https
[0Ktravis_time:start:0ad58b09
[0Ktravis_time:end:0ad58b09:start=1581518335925622000,finish=1581518335936760000,duration=11138000,event=fix_ps4
[0KUpdating gimme


travis_time:start:19c7525a
[0K


travis_fold:start:git.checkout
[0Ktravis_time:start:02373b58
[0K$ git clone --depth=50 --branch=master https://github.com/ethereum/go-ethereum.git ethereum/go-ethereum


Cloning into 'ethereum/go-ethereum'...


travis_time:end:02373b58:start=1581518349850667000,finish=1581518352603899000,duration=2753232000,event=checkout
[0K$ cd ethereum/go-ethereum


$ git checkout -qf 5f2002bbcc1ad21818d9b08badea84acac6d0481


travis_fold:end:git.checkout
[0K


travis_fold:start:git.submodule
[0Ktravis_time:start:144d533d
[0K$ git submodule update --init --recursive


Submodule 'tests' (https://github.com/ethereum/tests) registered for path 'tests/testdata'


Cloning into '/Users/travis/build/ethereum/go-ethereum/tests/testdata'...


Submodule path 'tests/testdata': checked out 'b5eb9900ee2147b40d3e681fe86efa4fd693959a'


travis_time:end:144d533d:start=1581518353155926000,finish=1581518406281616000,duration=53125690000,event=checkout
[0Ktravis_fold:end:git.submodule
[0Ktravis_time:end:144d533d:start=1581518353155926000,finish=1581518406291256000,duration=53135330000,event=checkout
[0K$ travis_export_go 1.13.x github.com/ethereum/go-ethereum


travis_time:start:1575aac9
[0K


[33;1mSetting environment variables from repository settings[0m


$ export IOS_SIGNING_KEY=[secure]


$ export LINUX_SIGNING_KEY=[secure]


$ export OSX_SIGNING_KEY=[secure]


$ export ANDROID_SIGNING_KEY=[secure]


$ export AZURE_BLOBSTORE_TOKEN=[secure]


$ export ANDROID_SONATYPE_USERNAME=[secure]


$ export ANDROID_SONATYPE_PASSWORD=[secure]


$ export COCOAPODS_TRUNK_TOKEN=[secure]


$ export PPA_SIGNING_KEY=[secure]


$ export PPA_SSH_KEY=[secure]





travis_time:end:1575aac9:start=1581518406321088000,finish=1581518406366317000,duration=45229000,event=env
[0Ktravis_time:start:20b79c38
[0K$ travis_setup_go


go version go1.13.7 darwin/amd64


$ export GOPATH="/Users/travis/gopath"


$ export PATH="/Users/travis/gopath/bin:/Users/travis/.gimme/versions/go1.13.7.darwin.amd64/bin:/Users/travis/bin:/Users/travis/.rvm/gems/ruby-2.6.4/bin:/Users/travis/.rvm/gems/ruby-2.6.4@global/bin:/Users/travis/.rvm/rubies/ruby-2.6.4/bin:/Users/travis/.rvm/bin:/Users/travis/bin:/Users/travis/.local/bin:/Users/travis/.nvm/versions/node/v13.6.0/bin:/usr/local/bin:/usr/bin:/bin:/usr/sbin:/sbin:/opt/X11/bin"


$ export GO111MODULE="auto"


travis_time:end:20b79c38:start=1581518406378215000,finish=1581518483813193000,duration=77434978000,event=
[0K$ gimme version


v1.5.3


$ go version


go version go1.13.7 darwin/amd64


travis_fold:start:go.env
[0K$ go env


GO111MODULE="auto"


GOARCH="amd64"


GOBIN=""


GOCACHE="/Users/travis/Library/Caches/go-build"


GOENV="/Users/travis/Library/Application Support/go/env"


GOEXE=""


GOFLAGS=""


GOHOSTARCH="amd64"


GOHOSTOS="darwin"


GONOPROXY=""


GONOSUMDB=""


GOOS="darwin"


GOPATH="/Users/travis/gopath"


GOPRIVATE=""


GOPROXY="https://proxy.golang.org,direct"


GOROOT="/Users/travis/.gimme/versions/go1.13.7.darwin.amd64"


GOSUMDB="sum.golang.org"


GOTMPDIR=""


GOTOOLDIR="/Users/travis/.gimme/versions/go1.13.7.darwin.amd64/pkg/tool/darwin_amd64"


GCCGO="gccgo"


AR="ar"


CC="clang"


CXX="clang++"


CGO_ENABLED="1"


GOMOD="/Users/travis/gopath/src/github.com/ethereum/go-ethereum/go.mod"


CGO_CFLAGS="-g -O2"


CGO_CPPFLAGS=""


CGO_CXXFLAGS="-g -O2"


CGO_FFLAGS="-g -O2"


CGO_LDFLAGS="-g -O2"


PKG_CONFIG="pkg-config"


GOGCCFLAGS="-fPIC -m64 -pthread -fno-caret-diagnostics -Qunused-arguments -fmessage-length=0 -fdebug-prefix-map=/var/folders/17/5mc7816d3mndxjqgplq6057w0000gn/T/go-build923304158=/tmp/go-build -gno-record-gcc-switches -fno-common"


travis_fold:end:go.env
[0Ktravis_fold:start:install
[0Ktravis_time:start:1e1350d8
[0K$ travis_install_go_dependencies 1.13.x -v


Makefile detected


travis_time:end:1e1350d8:start=1581518484372850000,finish=1581518484388932000,duration=16082000,event=install
[0Ktravis_fold:end:install
[0Ktravis_time:start:00d718ed
[0K$ echo "Increase the maximum number of open file descriptors on macOS"


Increase the maximum number of open file descriptors on macOS


travis_time:end:00d718ed:start=1581518484402144000,finish=1581518484414094000,duration=11950000,event=script
[0K[32;1mThe command "echo "Increase the maximum number of open file descriptors on macOS"" exited with 0.[0m


travis_time:start:24f26baa
[0K$ NOFILE=20480


travis_time:end:24f26baa:start=1581518484427299000,finish=1581518484437233000,duration=9934000,event=script
[0K[32;1mThe command "NOFILE=20480" exited with 0.[0m


travis_time:start:0759fdb0
[0K$ sudo sysctl -w kern.maxfiles=$NOFILE


kern.maxfiles: 12288 -> 20480


travis_time:end:0759fdb0:start=1581518484451903000,finish=1581518484528531000,duration=76628000,event=script
[0K[32;1mThe command "sudo sysctl -w kern.maxfiles=$NOFILE" exited with 0.[0m


travis_time:start:03aa6c85
[0K$ sudo sysctl -w kern.maxfilesperproc=$NOFILE


kern.maxfilesperproc: 10240 -> 20480


travis_time:end:03aa6c85:start=1581518484543446000,finish=1581518484598851000,duration=55405000,event=script
[0K[32;1mThe command "sudo sysctl -w kern.maxfilesperproc=$NOFILE" exited with 0.[0m


travis_time:start:169b50bc
[0K$ sudo launchctl limit maxfiles $NOFILE $NOFILE


travis_time:end:169b50bc:start=1581518484613708000,finish=1581518484670556000,duration=56848000,event=script
[0K[32;1mThe command "sudo launchctl limit maxfiles $NOFILE $NOFILE" exited with 0.[0m


travis_time:start:02f26ce6
[0K$ sudo launchctl limit maxfiles


	maxfiles    20480          20480          


travis_time:end:02f26ce6:start=1581518484684478000,finish=1581518484740714000,duration=56236000,event=script
[0K[32;1mThe command "sudo launchctl limit maxfiles" exited with 0.[0m


travis_time:start:2d054940
[0K$ ulimit -S -n $NOFILE


travis_time:end:2d054940:start=1581518484752870000,finish=1581518484762324000,duration=9454000,event=script
[0K[32;1mThe command "ulimit -S -n $NOFILE" exited with 0.[0m


travis_time:start:0b8f66e0
[0K$ ulimit -n


20480


travis_time:end:0b8f66e0:start=1581518484774528000,finish=1581518484785945000,duration=11417000,event=script
[0K[32;1mThe command "ulimit -n" exited with 0.[0m


travis_time:start:01ca4c80
[0K$ unset -f cd


travis_time:end:01ca4c80:start=1581518484807093000,finish=1581518484818749000,duration=11656000,event=script
[0K[32;1mThe command "unset -f cd" exited with 0.[0m


travis_time:start:16c210e0
[0K$ go run build/ci.go install


go: downloading github.com/cespare/cp v0.1.0


go: downloading golang.org/x/crypto v0.0.0-20190308221718-c2843e01d9a2


go: extracting github.com/cespare/cp v0.1.0


go: extracting golang.org/x/crypto v0.0.0-20190308221718-c2843e01d9a2


go: downloading github.com/Azure/azure-storage-blob-go v0.7.0


go: extracting github.com/Azure/azure-storage-blob-go v0.7.0


go: downloading github.com/Azure/azure-pipeline-go v0.2.2


go: extracting github.com/Azure/azure-pipeline-go v0.2.2


go: downloading github.com/mattn/go-ieproxy v0.0.0-20190702010315-6dee0af9227d


go: extracting github.com/mattn/go-ieproxy v0.0.0-20190702010315-6dee0af9227d


go: finding github.com/cespare/cp v0.1.0


go: finding github.com/Azure/azure-storage-blob-go v0.7.0


go: finding github.com/Azure/azure-pipeline-go v0.2.2


go: finding github.com/mattn/go-ieproxy v0.0.0-20190702010315-6dee0af9227d


go: finding golang.org/x/crypto v0.0.0-20190308221718-c2843e01d9a2


>>> /Users/travis/.gimme/versions/go1.13.7.darwin.amd64/bin/go install -ldflags -X main.gitCommit=5f2002bbcc1ad21818d9b08badea84acac6d0481 -X main.gitDate=20200212 -s -v ./...


go: downloading github.com/aws/aws-sdk-go v1.25.48


go: downloading github.com/golang/snappy v0.0.1


go: downloading gopkg.in/urfave/cli.v1 v1.20.0


go: downloading github.com/influxdata/influxdb v1.2.3-0.20180221223340-01288bdb0883


go: downloading golang.org/x/sync v0.0.0-20181108010431-42b317875d0f


go: downloading github.com/syndtr/goleveldb v1.0.1-0.20190923125748-758128399b1d


go: downloading golang.org/x/sys v0.0.0-20190712062909-fae7ac547cb7


go: extracting github.com/syndtr/goleveldb v1.0.1-0.20190923125748-758128399b1d


go: extracting golang.org/x/sync v0.0.0-20181108010431-42b317875d0f


go: extracting github.com/golang/snappy v0.0.1


go: extracting gopkg.in/urfave/cli.v1 v1.20.0


go: downloading github.com/jackpal/go-nat-pmp v1.0.2-0.20160603034137-1fa385a6f458


go: downloading github.com/tyler-smith/go-bip39 v1.0.1-0.20181017060643-dbb3b84ba2ef


go: extracting github.com/jackpal/go-nat-pmp v1.0.2-0.20160603034137-1fa385a6f458


go: downloading github.com/mattn/go-isatty v0.0.5-0.20180830101745-3fb116b82035


go: extracting github.com/tyler-smith/go-bip39 v1.0.1-0.20181017060643-dbb3b84ba2ef


go: downloading github.com/aristanetworks/goarista v0.0.0-20170210015632-ea17b1a17847


go: downloading github.com/huin/goupnp v0.0.0-20161224104101-679507af18f3


go: extracting github.com/mattn/go-isatty v0.0.5-0.20180830101745-3fb116b82035


go: extracting github.com/influxdata/influxdb v1.2.3-0.20180221223340-01288bdb0883


go: downloading github.com/go-stack/stack v1.8.0


go: extracting github.com/huin/goupnp v0.0.0-20161224104101-679507af18f3


go: extracting github.com/aristanetworks/goarista v0.0.0-20170210015632-ea17b1a17847


go: downloading github.com/rjeczalik/notify v0.9.1


go: downloading github.com/pborman/uuid v0.0.0-20170112150404-1b00554d8222


go: extracting golang.org/x/sys v0.0.0-20190712062909-fae7ac547cb7


go: extracting github.com/go-stack/stack v1.8.0


go: extracting github.com/pborman/uuid v0.0.0-20170112150404-1b00554d8222


go: extracting github.com/rjeczalik/notify v0.9.1


go: downloading github.com/edsrzf/mmap-go v0.0.0-20160512033002-935e0e8a636c


go: downloading github.com/VictoriaMetrics/fastcache v1.5.3


go: extracting github.com/edsrzf/mmap-go v0.0.0-20160512033002-935e0e8a636c


go: extracting github.com/VictoriaMetrics/fastcache v1.5.3


go: downloading github.com/mattn/go-colorable v0.1.0


go: downloading github.com/deckarep/golang-set v0.0.0-20180603214616-504e848d77ea


go: extracting github.com/mattn/go-colorable v0.1.0


go: extracting github.com/deckarep/golang-set v0.0.0-20180603214616-504e848d77ea


go: downloading github.com/gorilla/websocket v1.4.1-0.20190629185528-ae1634f6a989


go: downloading github.com/fjl/memsize v0.0.0-20180418122429-ca190fb6ffbc


go: downloading github.com/peterh/liner v1.1.1-0.20190123174540-a2c9a5303de7


go: extracting github.com/fjl/memsize v0.0.0-20180418122429-ca190fb6ffbc


go: extracting github.com/gorilla/websocket v1.4.1-0.20190629185528-ae1634f6a989


go: downloading github.com/rs/cors v0.0.0-20160617231935-a62a804a8a00


go: downloading github.com/hashicorp/golang-lru v0.0.0-20160813221303-0a025b7e63ad


go: extracting github.com/rs/cors v0.0.0-20160617231935-a62a804a8a00


go: extracting github.com/peterh/liner v1.1.1-0.20190123174540-a2c9a5303de7


go: downloading github.com/olekukonko/tablewriter v0.0.2-0.20190409134802-7e037d187b0c


go: extracting github.com/hashicorp/golang-lru v0.0.0-20160813221303-0a025b7e63ad


go: downloading github.com/golang/protobuf v1.3.2-0.20190517061210-b285ee9cfc6c


go: extracting github.com/olekukonko/tablewriter v0.0.2-0.20190409134802-7e037d187b0c


go: downloading golang.org/x/net v0.0.0-20190628185345-da137c7871d7


go: downloading github.com/dop251/goja v0.0.0-20200106141417-aaec0e7bde29


go: downloading github.com/davecgh/go-spew v1.1.1


go: downloading github.com/mattn/go-runewidth v0.0.4


go: extracting github.com/davecgh/go-spew v1.1.1


go: extracting github.com/dop251/goja v0.0.0-20200106141417-aaec0e7bde29


go: extracting github.com/golang/protobuf v1.3.2-0.20190517061210-b285ee9cfc6c


go: extracting github.com/mattn/go-runewidth v0.0.4


go: extracting golang.org/x/net v0.0.0-20190628185345-da137c7871d7


go: downloading github.com/fatih/color v1.3.0


go: downloading github.com/julienschmidt/httprouter v1.1.1-0.20170430222011-975b5c4c7c21


go: extracting github.com/fatih/color v1.3.0


go: downloading github.com/docker/docker v1.4.2-0.20180625184442-8e610b2b55bf


go: extracting github.com/julienschmidt/httprouter v1.1.1-0.20170430222011-975b5c4c7c21


go: downloading gopkg.in/olebedev/go-duktape.v3 v3.0.0-20190213234257-ec84240a7772


go: downloading golang.org/x/text v0.3.2


go: downloading github.com/gballet/go-libpcsclite v0.0.0-20190607065134-2772fd86a8ff


go: extracting github.com/gballet/go-libpcsclite v0.0.0-20190607065134-2772fd86a8ff


go: downloading github.com/rs/xhandler v0.0.0-20160618193221-ed27b6fd6521


go: extracting gopkg.in/olebedev/go-duktape.v3 v3.0.0-20190213234257-ec84240a7772


go: extracting github.com/rs/xhandler v0.0.0-20160618193221-ed27b6fd6521


go: downloading github.com/wsddn/go-ecdh v0.0.0-20161211032359-48726bab9208


go: extracting github.com/wsddn/go-ecdh v0.0.0-20161211032359-48726bab9208


go: downloading github.com/dlclark/regexp2 v1.2.0


go: extracting github.com/docker/docker v1.4.2-0.20180625184442-8e610b2b55bf


go: downloading github.com/status-im/keycard-go v0.0.0-20190316090335-8537d3370df4


go: extracting github.com/status-im/keycard-go v0.0.0-20190316090335-8537d3370df4


go: downloading github.com/cespare/xxhash v1.1.0


go: extracting github.com/dlclark/regexp2 v1.2.0


go: extracting github.com/cespare/xxhash v1.1.0


go: downloading github.com/cespare/xxhash/v2 v2.1.1


go: extracting github.com/cespare/xxhash/v2 v2.1.1


go: downloading github.com/elastic/gosigar v0.8.1-0.20180330100440-37f05ff46ffa


go: extracting github.com/elastic/gosigar v0.8.1-0.20180330100440-37f05ff46ffa


go: extracting golang.org/x/text v0.3.2


go: downloading github.com/graph-gophers/graphql-go v0.0.0-20191115155744-f33e81362277


go: extracting github.com/aws/aws-sdk-go v1.25.48


go: extracting github.com/graph-gophers/graphql-go v0.0.0-20191115155744-f33e81362277


go: downloading golang.org/x/time v0.0.0-20190308202827-9d24e82272b4


go: extracting golang.org/x/time v0.0.0-20190308202827-9d24e82272b4


go: downloading github.com/go-sourcemap/sourcemap v2.1.2+incompatible


go: extracting github.com/go-sourcemap/sourcemap v2.1.2+incompatible


go: downloading github.com/naoina/toml v0.1.2-0.20170918210437-9fafd6967416


go: extracting github.com/naoina/toml v0.1.2-0.20170918210437-9fafd6967416


go: downloading github.com/[secure]/usb v0.0.0-20190919080040-51dc0efba356


go: extracting github.com/[secure]/usb v0.0.0-20190919080040-51dc0efba356


go: downloading github.com/naoina/go-stringutil v0.1.0


go: downloading github.com/prometheus/tsdb v0.6.2-0.20190402121629-4f204dcbc150


go: downloading github.com/steakknife/bloomfilter v0.0.0-20180922174646-6819c0d2a570


go: downloading github.com/cloudflare/cloudflare-go v0.10.2-0.20190916151808-a80f83b9add9


go: extracting github.com/naoina/go-stringutil v0.1.0


go: downloading github.com/opentracing/opentracing-go v1.1.0


go: extracting github.com/steakknife/bloomfilter v0.0.0-20180922174646-6819c0d2a570


go: extracting github.com/cloudflare/cloudflare-go v0.10.2-0.20190916151808-a80f83b9add9


go: extracting github.com/opentracing/opentracing-go v1.1.0


go: downloading github.com/steakknife/hamming v0.0.0-20180906055917-c99c65617cd3


go: extracting github.com/prometheus/tsdb v0.6.2-0.20190402121629-4f204dcbc150


go: extracting github.com/steakknife/hamming v0.0.0-20180906055917-c99c65617cd3


go: downloading github.com/pkg/errors v0.8.1


go: extracting github.com/pkg/errors v0.8.1


go: downloading github.com/jmespath/go-jmespath v0.0.0-20180206201540-c2b33e8439af


go: extracting github.com/jmespath/go-jmespath v0.0.0-20180206201540-c2b33e8439af


go: finding github.com/golang/protobuf v1.3.2-0.20190517061210-b285ee9cfc6c


go: finding github.com/aristanetworks/goarista v0.0.0-20170210015632-ea17b1a17847


go: finding github.com/deckarep/golang-set v0.0.0-20180603214616-504e848d77ea


go: finding github.com/davecgh/go-spew v1.1.1


go: finding github.com/go-stack/stack v1.8.0


go: finding gopkg.in/urfave/cli.v1 v1.20.0


go: finding github.com/edsrzf/mmap-go v0.0.0-20160512033002-935e0e8a636c


go: finding github.com/aws/aws-sdk-go v1.25.48


go: finding github.com/VictoriaMetrics/fastcache v1.5.3


go: finding github.com/[secure]/usb v0.0.0-20190919080040-51dc0efba356


go: finding github.com/pborman/uuid v0.0.0-20170112150404-1b00554d8222


go: finding github.com/huin/goupnp v0.0.0-20161224104101-679507af18f3


go: finding github.com/elastic/gosigar v0.8.1-0.20180330100440-37f05ff46ffa


go: finding github.com/dop251/goja v0.0.0-20200106141417-aaec0e7bde29


go: finding github.com/cloudflare/cloudflare-go v0.10.2-0.20190916151808-a80f83b9add9


go: finding github.com/gballet/go-libpcsclite v0.0.0-20190607065134-2772fd86a8ff


go: finding github.com/rjeczalik/notify v0.9.1


go: finding github.com/cespare/xxhash/v2 v2.1.1


go: finding github.com/status-im/keycard-go v0.0.0-20190316090335-8537d3370df4


go: finding github.com/jackpal/go-nat-pmp v1.0.2-0.20160603034137-1fa385a6f458


go: finding github.com/golang/snappy v0.0.1


go: finding github.com/wsddn/go-ecdh v0.0.0-20161211032359-48726bab9208


go: finding github.com/hashicorp/golang-lru v0.0.0-20160813221303-0a025b7e63ad


go: finding golang.org/x/text v0.3.2


go: finding github.com/syndtr/goleveldb v1.0.1-0.20190923125748-758128399b1d


go: finding golang.org/x/sys v0.0.0-20190712062909-fae7ac547cb7


go: finding github.com/dlclark/regexp2 v1.2.0


go: finding github.com/steakknife/bloomfilter v0.0.0-20180922174646-6819c0d2a570


go: finding github.com/olekukonko/tablewriter v0.0.2-0.20190409134802-7e037d187b0c


go: finding github.com/gorilla/websocket v1.4.1-0.20190629185528-ae1634f6a989


go: finding github.com/pkg/errors v0.8.1


go: finding github.com/prometheus/tsdb v0.6.2-0.20190402121629-4f204dcbc150


go: finding github.com/rs/cors v0.0.0-20160617231935-a62a804a8a00


go: finding golang.org/x/net v0.0.0-20190628185345-da137c7871d7


go: finding github.com/jmespath/go-jmespath v0.0.0-20180206201540-c2b33e8439af


go: finding golang.org/x/time v0.0.0-20190308202827-9d24e82272b4


go: finding github.com/mattn/go-colorable v0.1.0


go: finding github.com/rs/xhandler v0.0.0-20160618193221-ed27b6fd6521


go: finding github.com/peterh/liner v1.1.1-0.20190123174540-a2c9a5303de7


go: finding github.com/go-sourcemap/sourcemap v2.1.2+incompatible


go: finding github.com/mattn/go-runewidth v0.0.4


go: finding github.com/docker/docker v1.4.2-0.20180625184442-8e610b2b55bf


go: finding github.com/fatih/color v1.3.0


go: finding github.com/mattn/go-isatty v0.0.5-0.20180830101745-3fb116b82035


go: finding github.com/fjl/memsize v0.0.0-20180418122429-ca190fb6ffbc


go: finding github.com/tyler-smith/go-bip39 v1.0.1-0.20181017060643-dbb3b84ba2ef


go: finding github.com/julienschmidt/httprouter v1.1.1-0.20170430222011-975b5c4c7c21


go: finding github.com/steakknife/hamming v0.0.0-20180906055917-c99c65617cd3


go: finding github.com/influxdata/influxdb v1.2.3-0.20180221223340-01288bdb0883


go: finding github.com/naoina/toml v0.1.2-0.20170918210437-9fafd6967416


go: finding github.com/graph-gophers/graphql-go v0.0.0-20191115155744-f33e81362277


go: finding github.com/naoina/go-stringutil v0.1.0


go: finding golang.org/x/sync v0.0.0-20181108010431-42b317875d0f


go: finding gopkg.in/olebedev/go-duktape.v3 v3.0.0-20190213234257-ec84240a7772


go: finding github.com/opentracing/opentracing-go v1.1.0


github.com/cespare/xxhash/v2


github.com/golang/snappy


github.com/aristanetworks/goarista/monotime


github.com/ethereum/go-ethereum/common/mclock


github.com/VictoriaMetrics/fastcache


github.com/ethereum/go-ethereum/common/prque


github.com/ethereum/go-ethereum/ethdb


github.com/go-stack/stack


golang.org/x/sys/unix


github.com/ethereum/go-ethereum/log


github.com/steakknife/hamming


github.com/steakknife/bloomfilter


github.com/ethereum/go-ethereum/event


github.com/elastic/gosigar


github.com/ethereum/go-ethereum/accounts/abi


github.com/davecgh/go-spew/spew


github.com/deckarep/golang-set


github.com/pborman/uuid


github.com/rjeczalik/notify


github.com/ethereum/go-ethereum/metrics


github.com/ethereum/go-ethereum/trie


github.com/ethereum/go-ethereum/core/types


github.com/ethereum/go-ethereum


github.com/ethereum/go-ethereum/accounts


golang.org/x/crypto/pbkdf2


golang.org/x/crypto/scrypt


github.com/gballet/go-libpcsclite


github.com/status-im/keycard-go/derivationpath


golang.org/x/crypto/curve25519


github.com/wsddn/go-ecdh


golang.org/x/text/transform


golang.org/x/text/unicode/norm


github.com/ethereum/go-ethereum/accounts/scwallet


github.com/hashicorp/golang-lru/simplelru


github.com/hashicorp/golang-lru


github.com/ethereum/go-ethereum/core/state


github.com/ethereum/go-ethereum/p2p/netutil


github.com/gorilla/websocket


golang.org/x/net/context


github.com/rs/xhandler


github.com/rs/cors


github.com/ethereum/go-ethereum/rpc


github.com/ethereum/go-ethereum/accounts/keystore


github.com/ethereum/go-ethereum/consensus


github.com/ethereum/go-ethereum/consensus/misc


github.com/ethereum/go-ethereum/consensus/clique


github.com/edsrzf/mmap-go


github.com/ethereum/go-ethereum/common/bitutil


github.com/syndtr/goleveldb/leveldb/util


github.com/ethereum/go-ethereum/consensus/ethash


github.com/syndtr/goleveldb/leveldb/cache


github.com/syndtr/goleveldb/leveldb/comparer


github.com/syndtr/goleveldb/leveldb/storage


github.com/syndtr/goleveldb/leveldb/filter


github.com/syndtr/goleveldb/leveldb/errors


github.com/syndtr/goleveldb/leveldb/opt


github.com/syndtr/goleveldb/leveldb/iterator


github.com/syndtr/goleveldb/leveldb/journal


github.com/ethereum/go-ethereum/ethdb/memorydb


github.com/mattn/go-runewidth


github.com/syndtr/goleveldb/leveldb/memdb


github.com/syndtr/goleveldb/leveldb/table


github.com/olekukonko/tablewriter


github.com/pkg/errors


github.com/prometheus/tsdb/fileutil


github.com/syndtr/goleveldb/leveldb


golang.org/x/sys/cpu


github.com/ethereum/go-ethereum/crypto/blake2b


github.com/ethereum/go-ethereum/crypto/bn256/cloudflare


github.com/ethereum/go-ethereum/crypto/bn256


golang.org/x/crypto/ripemd160


github.com/ethereum/go-ethereum/core/vm


github.com/ethereum/go-ethereum/ethdb/leveldb


github.com/ethereum/go-ethereum/core/rawdb


github.com/ethereum/go-ethereum/core/bloombits


github.com/ethereum/go-ethereum/crypto/ecies


github.com/ethereum/go-ethereum/p2p/enr


github.com/ethereum/go-ethereum/p2p/enode


github.com/ethereum/go-ethereum/core


github.com/ethereum/go-ethereum/p2p/discover


github.com/ethereum/go-ethereum/p2p/discv5


github.com/huin/goupnp/httpu


github.com/huin/goupnp/scpd


github.com/huin/goupnp/soap


github.com/ethereum/go-ethereum/eth/downloader


github.com/huin/goupnp/ssdp


golang.org/x/net/html/atom


golang.org/x/net/html


golang.org/x/text/encoding/internal/identifier


golang.org/x/text/internal/utf8internal


golang.org/x/text/encoding


golang.org/x/text/runes


golang.org/x/text/encoding/internal


golang.org/x/text/encoding/charmap


golang.org/x/text/encoding/japanese


golang.org/x/text/encoding/korean


golang.org/x/text/encoding/simplifiedchinese


golang.org/x/text/encoding/traditionalchinese


golang.org/x/text/encoding/unicode


golang.org/x/text/internal/tag


github.com/jackpal/go-nat-pmp


golang.org/x/text/internal/language


github.com/tyler-smith/go-bip39/wordlists


github.com/tyler-smith/go-bip39


github.com/golang/protobuf/proto


golang.org/x/text/internal/language/compact


golang.org/x/text/language


golang.org/x/text/encoding/htmlindex


golang.org/x/net/html/charset


github.com/huin/goupnp


github.com/huin/goupnp/dcps/internetgateway1


github.com/huin/goupnp/dcps/internetgateway2


github.com/golang/protobuf/protoc-gen-go/descriptor


github.com/ethereum/go-ethereum/p2p/nat


github.com/ethereum/go-ethereum/p2p


github.com/ethereum/go-ethereum/accounts/usbwallet/trezor


github.com/[secure]/usb


github.com/ethereum/go-ethereum/internal/ethapi


github.com/ethereum/go-ethereum/signer/storage


golang.org/x/crypto/ssh/terminal


github.com/ethereum/go-ethereum/eth/filters


github.com/ethereum/go-ethereum/common/fdlimit


github.com/ethereum/go-ethereum/core/forkid


github.com/ethereum/go-ethereum/eth/fetcher


github.com/ethereum/go-ethereum/eth/gasprice


github.com/ethereum/go-ethereum/eth/tracers/internal/tracers


gopkg.in/olebedev/go-duktape.v3


github.com/ethereum/go-ethereum/accounts/usbwallet


github.com/ethereum/go-ethereum/signer/core


github.com/ethereum/go-ethereum/accounts/external


github.com/ethereum/go-ethereum/accounts/abi/bind


github.com/ethereum/go-ethereum/accounts/abi/bind/backends


github.com/ethereum/go-ethereum/signer/fourbyte


github.com/ethereum/go-ethereum/cmd/abidump


github.com/ethereum/go-ethereum/miner


github.com/ethereum/go-ethereum/metrics/prometheus


github.com/ethereum/go-ethereum/metrics/exp


github.com/fjl/memsize


github.com/fjl/memsize/memsizeui


github.com/mattn/go-isatty


github.com/mattn/go-colorable


gopkg.in/urfave/cli.v1


github.com/ethereum/go-ethereum/internal/debug


github.com/ethereum/go-ethereum/node


github.com/ethereum/go-ethereum/contracts/checkpointoracle/contract


github.com/ethereum/go-ethereum/contracts/checkpointoracle


github.com/ethereum/go-ethereum/les/checkpointoracle


github.com/ethereum/go-ethereum/les/flowcontrol


github.com/ethereum/go-ethereum/light


github.com/graph-gophers/graphql-go/errors


github.com/graph-gophers/graphql-go/internal/common


github.com/graph-gophers/graphql-go/internal/schema


github.com/graph-gophers/graphql-go/internal/exec/packer


github.com/graph-gophers/graphql-go/introspection


github.com/graph-gophers/graphql-go/internal/exec/resolvable


github.com/graph-gophers/graphql-go/internal/query


github.com/graph-gophers/graphql-go/internal/exec/selected


github.com/graph-gophers/graphql-go/log


github.com/opentracing/opentracing-go/log


github.com/opentracing/opentracing-go


github.com/opentracing/opentracing-go/ext


github.com/graph-gophers/graphql-go/trace


github.com/graph-gophers/graphql-go/internal/exec


github.com/graph-gophers/graphql-go/internal/validation


github.com/graph-gophers/graphql-go


github.com/graph-gophers/graphql-go/relay


github.com/ethereum/go-ethereum/graphql


github.com/influxdata/influxdb/pkg/escape


github.com/influxdata/influxdb/models


github.com/influxdata/influxdb/client


github.com/ethereum/go-ethereum/metrics/influxdb


golang.org/x/sync/syncmap


github.com/ethereum/go-ethereum/whisper/whisperv6


github.com/ethereum/go-ethereum/common/compiler


github.com/ethereum/go-ethereum/ethclient


github.com/dlclark/regexp2/syntax


github.com/dlclark/regexp2


github.com/dop251/goja/file


github.com/dop251/goja/token


github.com/go-sourcemap/sourcemap/internal/base64vlq


github.com/go-sourcemap/sourcemap


github.com/dop251/goja/ast


github.com/dop251/goja/parser


golang.org/x/text/internal


golang.org/x/text/cases


golang.org/x/text/internal/colltab


golang.org/x/text/collate


github.com/dop251/goja


github.com/fatih/color


github.com/ethereum/go-ethereum/internal/jsre


github.com/ethereum/go-ethereum/internal/jsre/deps


github.com/ethereum/go-ethereum/internal/web3ext


github.com/peterh/liner


github.com/ethereum/go-ethereum/console


github.com/ethereum/go-ethereum/signer/rules/deps


github.com/ethereum/go-ethereum/signer/rules


github.com/aws/aws-sdk-go/aws/awserr


github.com/aws/aws-sdk-go/internal/ini


github.com/aws/aws-sdk-go/internal/shareddefaults


github.com/aws/aws-sdk-go/aws/credentials


github.com/aws/aws-sdk-go/aws/endpoints


github.com/aws/aws-sdk-go/internal/sdkio


github.com/aws/aws-sdk-go/aws


github.com/aws/aws-sdk-go/aws/client/metadata


github.com/jmespath/go-jmespath


github.com/aws/aws-sdk-go/aws/awsutil


github.com/aws/aws-sdk-go/aws/request


github.com/aws/aws-sdk-go/internal/sdkrand


github.com/aws/aws-sdk-go/aws/client


github.com/aws/aws-sdk-go/aws/corehandlers


github.com/aws/aws-sdk-go/aws/credentials/processcreds


github.com/aws/aws-sdk-go/internal/sdkmath


github.com/aws/aws-sdk-go/private/protocol


github.com/aws/aws-sdk-go/private/protocol/rest


github.com/aws/aws-sdk-go/aws/signer/v4


github.com/aws/aws-sdk-go/private/protocol/query/queryutil


github.com/aws/aws-sdk-go/private/protocol/xml/xmlutil


github.com/aws/aws-sdk-go/private/protocol/query


github.com/aws/aws-sdk-go/service/sts


github.com/aws/aws-sdk-go/service/sts/stsiface


github.com/aws/aws-sdk-go/aws/credentials/stscreds


github.com/aws/aws-sdk-go/aws/csm


github.com/aws/aws-sdk-go/internal/sdkuri


github.com/aws/aws-sdk-go/aws/ec2metadata


github.com/aws/aws-sdk-go/aws/credentials/ec2rolecreds


github.com/aws/aws-sdk-go/private/protocol/json/jsonutil


github.com/aws/aws-sdk-go/aws/credentials/endpointcreds


github.com/aws/aws-sdk-go/aws/defaults


github.com/aws/aws-sdk-go/aws/session


github.com/aws/aws-sdk-go/private/protocol/restxml


github.com/aws/aws-sdk-go/service/route53


golang.org/x/time/rate


github.com/cloudflare/cloudflare-go


github.com/ethereum/go-ethereum/p2p/dnsdisc


github.com/ethereum/go-ethereum/cmd/devp2p


github.com/ethereum/go-ethereum/core/asm


github.com/ethereum/go-ethereum/cmd/evm/internal/compiler


github.com/ethereum/go-ethereum/core/vm/runtime


github.com/ethereum/go-ethereum/tests


github.com/naoina/go-stringutil


github.com/naoina/toml/ast


github.com/naoina/toml


github.com/docker/docker/pkg/reexec


github.com/ethereum/go-ethereum/p2p/simulations/pipes


github.com/ethereum/go-ethereum/p2p/simulations/adapters


github.com/julienschmidt/httprouter


github.com/ethereum/go-ethereum/p2p/simulations


github.com/ethereum/go-ethereum/cmd/p2psim


github.com/ethereum/go-ethereum/eth/tracers


github.com/ethereum/go-ethereum/eth


github.com/ethereum/go-ethereum/les


github.com/ethereum/go-ethereum/ethstats


github.com/ethereum/go-ethereum/cmd/utils


github.com/ethereum/go-ethereum/cmd/abigen


github.com/ethereum/go-ethereum/cmd/bootnode


github.com/ethereum/go-ethereum/cmd/checkpoint-admin


github.com/ethereum/go-ethereum/cmd/clef


github.com/ethereum/go-ethereum/cmd/ethkey


github.com/ethereum/go-ethereum/cmd/evm


github.com/ethereum/go-ethereum/cmd/faucet


github.com/ethereum/go-ethereum/cmd/geth


golang.org/x/crypto/ed25519/internal/edwards25519


golang.org/x/crypto/ed25519


golang.org/x/crypto/internal/subtle


golang.org/x/crypto/internal/chacha20


golang.org/x/crypto/poly1305


golang.org/x/crypto/ssh


github.com/ethereum/go-ethereum/cmd/puppeth


github.com/ethereum/go-ethereum/cmd/rlpdump


github.com/ethereum/go-ethereum/whisper/mailserver


github.com/ethereum/go-ethereum/cmd/wnode


github.com/ethereum/go-ethereum/crypto/bn256/google


github.com/ethereum/go-ethereum/ethdb/dbtest


github.com/ethereum/go-ethereum/internal/cmdtest


github.com/ethereum/go-ethereum/internal/guide


github.com/ethereum/go-ethereum/internal/testlog


github.com/ethereum/go-ethereum/metrics/librato


github.com/ethereum/go-ethereum/whisper/shhclient


github.com/ethereum/go-ethereum/mobile


github.com/ethereum/go-ethereum/p2p/simulations/examples


github.com/ethereum/go-ethereum/p2p/testing


github.com/ethereum/go-ethereum/tests/fuzzers/keystore


github.com/ethereum/go-ethereum/tests/fuzzers/rlp


github.com/ethereum/go-ethereum/tests/fuzzers/trie


github.com/ethereum/go-ethereum/tests/fuzzers/whisperv6


travis_time:end:16c210e0:start=1581518484831600000,finish=1581518611780924000,duration=126949324000,event=script
[0K[32;1mThe command "go run build/ci.go install" exited with 0.[0m


travis_time:start:249221f2
[0K$ go run build/ci.go test -coverage $TEST_PACKAGES


>>> /Users/travis/.gimme/versions/go1.13.7.darwin.amd64/bin/go test -ldflags -X main.gitCommit=5f2002bbcc1ad21818d9b08badea84acac6d0481 -X main.gitDate=20200212 -s -p 1 -timeout 5m -covermode=atomic -cover ./...


go: downloading github.com/stretchr/testify v1.4.0


go: extracting github.com/stretchr/testify v1.4.0


go: downloading gopkg.in/yaml.v2 v2.2.2


go: downloading github.com/pmezard/go-difflib v1.0.0


go: extracting github.com/pmezard/go-difflib v1.0.0


go: extracting gopkg.in/yaml.v2 v2.2.2


go: finding github.com/stretchr/testify v1.4.0


go: finding github.com/pmezard/go-difflib v1.0.0


go: finding gopkg.in/yaml.v2 v2.2.2


?   	github.com/ethereum/go-ethereum	[no test files]


ok  	github.com/ethereum/go-ethereum/accounts	0.041s	coverage: 30.6% of statements


ok  	github.com/ethereum/go-ethereum/accounts/abi	0.071s	coverage: 88.9% of statements


ok  	github.com/ethereum/go-ethereum/accounts/abi/bind	5.690s	coverage: 53.2% of statements


ok  	github.com/ethereum/go-ethereum/accounts/abi/bind/backends	0.095s	coverage: 64.1% of statements


?   	github.com/ethereum/go-ethereum/accounts/external	[no test files]


ok  	github.com/ethereum/go-ethereum/accounts/keystore	21.244s	coverage: 76.6% of statements


?   	github.com/ethereum/go-ethereum/accounts/scwallet	[no test files]


?   	github.com/ethereum/go-ethereum/accounts/usbwallet	[no test files]


?   	github.com/ethereum/go-ethereum/accounts/usbwallet/trezor	[no test files]


?   	github.com/ethereum/go-ethereum/cmd/abidump	[no test files]


?   	github.com/ethereum/go-ethereum/cmd/abigen	[no test files]


?   	github.com/ethereum/go-ethereum/cmd/bootnode	[no test files]


?   	github.com/ethereum/go-ethereum/cmd/checkpoint-admin	[no test files]


?   	github.com/ethereum/go-ethereum/cmd/clef	[no test files]


ok  	github.com/ethereum/go-ethereum/cmd/devp2p	0.061s	coverage: 10.3% of statements


ok  	github.com/ethereum/go-ethereum/cmd/ethkey	2.806s	coverage: 2.0% of statements


?   	github.com/ethereum/go-ethereum/cmd/evm	[no test files]


?   	github.com/ethereum/go-ethereum/cmd/evm/internal/compiler	[no test files]


?   	github.com/ethereum/go-ethereum/cmd/faucet	[no test files]


ok  	github.com/ethereum/go-ethereum/cmd/geth	13.575s	coverage: 1.6% of statements


?   	github.com/ethereum/go-ethereum/cmd/p2psim	[no test files]


ok  	github.com/ethereum/go-ethereum/cmd/puppeth	0.058s	coverage: 8.6% of statements


?   	github.com/ethereum/go-ethereum/cmd/rlpdump	[no test files]


ok  	github.com/ethereum/go-ethereum/cmd/utils	0.067s	coverage: 2.3% of statements


?   	github.com/ethereum/go-ethereum/cmd/wnode	[no test files]


ok  	github.com/ethereum/go-ethereum/common	0.010s	coverage: 39.3% of statements


ok  	github.com/ethereum/go-ethereum/common/bitutil	0.010s	coverage: 95.7% of statements


ok  	github.com/ethereum/go-ethereum/common/compiler	0.009s	coverage: 0.0% of statements


ok  	github.com/ethereum/go-ethereum/common/fdlimit	0.093s	coverage: 76.2% of statements


ok  	github.com/ethereum/go-ethereum/common/hexutil	0.009s	coverage: 80.9% of statements


ok  	github.com/ethereum/go-ethereum/common/math	0.010s	coverage: 92.4% of statements


ok  	github.com/ethereum/go-ethereum/common/mclock	0.009s	coverage: 79.6% of statements


ok  	github.com/ethereum/go-ethereum/common/prque	1.259s	coverage: 74.0% of statements


?   	github.com/ethereum/go-ethereum/consensus	[no test files]


ok  	github.com/ethereum/go-ethereum/consensus/clique	0.218s	coverage: 52.5% of statements


ok  	github.com/ethereum/go-ethereum/consensus/ethash	12.674s	coverage: 64.2% of statements


?   	github.com/ethereum/go-ethereum/consensus/misc	[no test files]


ok  	github.com/ethereum/go-ethereum/console	1.527s	coverage: 40.3% of statements


ok  	github.com/ethereum/go-ethereum/contracts/checkpointoracle	1.035s	coverage: 0.0% of statements


?   	github.com/ethereum/go-ethereum/contracts/checkpointoracle/contract	[no test files]


ok  	github.com/ethereum/go-ethereum/core	37.900s	coverage: 73.1% of statements


ok  	github.com/ethereum/go-ethereum/core/asm	0.036s	coverage: 72.6% of statements


ok  	github.com/ethereum/go-ethereum/core/bloombits	4.410s	coverage: 95.5% of statements


ok  	github.com/ethereum/go-ethereum/core/forkid	0.048s	coverage: 85.9% of statements


ok  	github.com/ethereum/go-ethereum/core/rawdb	6.716s	coverage: 48.2% of statements


ok  	github.com/ethereum/go-ethereum/core/state	12.205s	coverage: 76.9% of statements


ok  	github.com/ethereum/go-ethereum/core/types	0.330s	coverage: 50.1% of statements


ok  	github.com/ethereum/go-ethereum/core/vm	0.330s	coverage: 40.3% of statements


ok  	github.com/ethereum/go-ethereum/core/vm/runtime	0.057s	coverage: 78.6% of statements


ok  	github.com/ethereum/go-ethereum/crypto	0.087s	coverage: 80.5% of statements


ok  	github.com/ethereum/go-ethereum/crypto/blake2b	0.065s	coverage: 90.3% of statements


?   	github.com/ethereum/go-ethereum/crypto/bn256	[no test files]


ok  	github.com/ethereum/go-ethereum/crypto/bn256/cloudflare	0.133s	coverage: 81.3% of statements


ok  	github.com/ethereum/go-ethereum/crypto/bn256/google	0.697s	coverage: 91.6% of statements


ok  	github.com/ethereum/go-ethereum/crypto/ecies	0.046s	coverage: 75.9% of statements


ok  	github.com/ethereum/go-ethereum/crypto/secp256k1	1.393s	coverage: 30.6% of statements


--- FAIL: TestCheckpointChallenge (3.87s)


    --- FAIL: TestCheckpointChallenge/sync_fast_checkpoint_true_timeout_true_empty_false_match_true (0.39s)


        handler_test.go:542: peer count mismatch: have 1, want 0


FAIL


coverage: 29.0% of statements


FAIL	github.com/ethereum/go-ethereum/eth	21.686s


ok  	github.com/ethereum/go-ethereum/eth/downloader	116.893s	coverage: 78.2% of statements


ok  	github.com/ethereum/go-ethereum/eth/fetcher	13.606s	coverage: 90.1% of statements


ok  	github.com/ethereum/go-ethereum/eth/filters	3.053s	coverage: 53.8% of statements


?   	github.com/ethereum/go-ethereum/eth/gasprice	[no test files]


ok  	github.com/ethereum/go-ethereum/eth/tracers	0.327s	coverage: 78.8% of statements


?   	github.com/ethereum/go-ethereum/eth/tracers/internal/tracers	[no test files]


ok  	github.com/ethereum/go-ethereum/ethclient	0.173s	coverage: 14.0% of statements


?   	github.com/ethereum/go-ethereum/ethdb	[no test files]


?   	github.com/ethereum/go-ethereum/ethdb/dbtest	[no test files]


ok  	github.com/ethereum/go-ethereum/ethdb/leveldb	0.034s	coverage: 15.1% of statements


ok  	github.com/ethereum/go-ethereum/ethdb/memorydb	0.010s	coverage: 81.6% of statements


?   	github.com/ethereum/go-ethereum/ethstats	[no test files]


ok  	github.com/ethereum/go-ethereum/event	0.933s	coverage: 94.3% of statements


ok  	github.com/ethereum/go-ethereum/graphql	0.058s	coverage: 2.0% of statements


?   	github.com/ethereum/go-ethereum/internal/build	[no test files]


?   	github.com/ethereum/go-ethereum/internal/cmdtest	[no test files]


?   	github.com/ethereum/go-ethereum/internal/debug	[no test files]


?   	github.com/ethereum/go-ethereum/internal/ethapi	[no test files]


ok  	github.com/ethereum/go-ethereum/internal/guide	17.229s	coverage: [no statements]


ok  	github.com/ethereum/go-ethereum/internal/jsre	0.242s	coverage: 48.9% of statements


?   	github.com/ethereum/go-ethereum/internal/jsre/deps	[no test files]


?   	github.com/ethereum/go-ethereum/internal/testlog	[no test files]


?   	github.com/ethereum/go-ethereum/internal/web3ext	[no test files]


--- FAIL: TestBlockAccessLes3 (0.34s)


    request_test.go:90: Failed to sync the chain with server, head: 0


FAIL


coverage: 51.5% of statements


FAIL	github.com/ethereum/go-ethereum/les	81.346s


?   	github.com/ethereum/go-ethereum/les/checkpointoracle	[no test files]


ok  	github.com/ethereum/go-ethereum/les/flowcontrol	13.970s	coverage: 37.9% of statements


ok  	github.com/ethereum/go-ethereum/light	1.057s	coverage: 38.0% of statements


?   	github.com/ethereum/go-ethereum/log	[no test files]


ok  	github.com/ethereum/go-ethereum/metrics	7.746s	coverage: 49.5% of statements


?   	github.com/ethereum/go-ethereum/metrics/exp	[no test files]


?   	github.com/ethereum/go-ethereum/metrics/influxdb	[no test files]


?   	github.com/ethereum/go-ethereum/metrics/librato	[no test files]


?   	github.com/ethereum/go-ethereum/metrics/prometheus	[no test files]


ok  	github.com/ethereum/go-ethereum/miner	12.921s	coverage: 65.6% of statements


ok  	github.com/ethereum/go-ethereum/mobile	0.115s	coverage: 15.2% of statements


ok  	github.com/ethereum/go-ethereum/node	1.259s	coverage: 43.0% of statements


ok  	github.com/ethereum/go-ethereum/p2p	0.745s	coverage: 74.7% of statements


ok  	github.com/ethereum/go-ethereum/p2p/discover	85.608s	coverage: 77.1% of statements


ok  	github.com/ethereum/go-ethereum/p2p/discv5	9.814s	coverage: 46.0% of statements


ok  	github.com/ethereum/go-ethereum/p2p/dnsdisc	1.016s	coverage: 86.7% of statements


ok  	github.com/ethereum/go-ethereum/p2p/enode	2.799s	coverage: 81.3% of statements


ok  	github.com/ethereum/go-ethereum/p2p/enr	0.024s	coverage: 62.3% of statements


ok  	github.com/ethereum/go-ethereum/p2p/nat	2.845s	coverage: 20.3% of statements


ok  	github.com/ethereum/go-ethereum/p2p/netutil	0.019s	coverage: 84.1% of statements


ok  	github.com/ethereum/go-ethereum/p2p/simulations	4.275s	coverage: 69.2% of statements


ok  	github.com/ethereum/go-ethereum/p2p/simulations/adapters	0.074s	coverage: 0.2% of statements


?   	github.com/ethereum/go-ethereum/p2p/simulations/examples	[no test files]


?   	github.com/ethereum/go-ethereum/p2p/simulations/pipes	[no test files]


?   	github.com/ethereum/go-ethereum/p2p/testing	[no test files]


ok  	github.com/ethereum/go-ethereum/params	0.036s	coverage: 49.6% of statements


ok  	github.com/ethereum/go-ethereum/rlp	0.026s	coverage: 96.6% of statements


ok  	github.com/ethereum/go-ethereum/rpc	9.151s	coverage: 77.0% of statements


ok  	github.com/ethereum/go-ethereum/signer/core	5.401s	coverage: 42.0% of statements


ok  	github.com/ethereum/go-ethereum/signer/fourbyte	4.785s	coverage: 46.9% of statements


ok  	github.com/ethereum/go-ethereum/signer/rules	0.215s	coverage: 78.6% of statements


?   	github.com/ethereum/go-ethereum/signer/rules/deps	[no test files]


ok  	github.com/ethereum/go-ethereum/signer/storage	0.029s	coverage: 52.3% of statements


ok  	github.com/ethereum/go-ethereum/tests	135.423s	coverage: 68.5% of statements


?   	github.com/ethereum/go-ethereum/tests/fuzzers/keystore	[no test files]


?   	github.com/ethereum/go-ethereum/tests/fuzzers/rlp	[no test files]


?   	github.com/ethereum/go-ethereum/tests/fuzzers/trie	[no test files]


?   	github.com/ethereum/go-ethereum/tests/fuzzers/whisperv6	[no test files]


ok  	github.com/ethereum/go-ethereum/trie	4.335s	coverage: 71.6% of statements


ok  	github.com/ethereum/go-ethereum/whisper/mailserver	0.456s	coverage: 66.7% of statements


?   	github.com/ethereum/go-ethereum/whisper/shhclient	[no test files]


ok  	github.com/ethereum/go-ethereum/whisper/whisperv6	19.968s	coverage: 65.1% of statements


FAIL


util.go:45: exit status 1


exit status 1


travis_time:end:249221f2:start=1581518611794575000,finish=1581519555002336000,duration=943207761000,event=script
[0K[31;1mThe command "go run build/ci.go test -coverage $TEST_PACKAGES" exited with 1.[0m








Done. Your build exited with 1.


