travis_fold:start:worker_info
[0K[33;1mWorker information[0m
hostname: a0ccbd63-3436-4bb2-894a-e909abb52f01@1.worker-org-db8cd8d97-48jpj.gce-production-1
version: v6.2.8 https://github.com/travis-ci/worker/tree/6d3048d96b26562be21fa1a8b8144f4c4cecd083
instance: travis-job-17e1c51e-9a90-4239-bb2c-9666e577daea travis-ci-sardonyx-xenial-1553530528-f909ac5 (via amqp)
startup: 6.646195091s
travis_fold:end:worker_info
[0Ktravis_time:start:08c945f7
[0Ktravis_time:end:08c945f7:start=1581601727701554723,finish=1581601727852420815,duration=150866092,event=no_world_writable_dirs
[0Ktravis_time:start:04398a10
[0Ktravis_time:end:04398a10:start=1581601727855446823,finish=1581601727859859329,duration=4412506,event=setup_filter
[0Ktravis_time:start:0bfe7e40
[0Ktravis_time:end:0bfe7e40:start=1581601727865985132,finish=1581601727873414312,duration=7429180,event=agent
[0Ktravis_time:start:1c003d58
[0Ktravis_time:end:1c003d58:start=1581601727876221163,finish=1581601727878129535,duration=1908372,event=check_unsupported
[0Ktravis_time:start:10d72784
[0Ktravis_fold:start:system_info
[0K[33;1mBuild system information[0m

Build language: go

Build group: stable

Build dist: xenial

Build id: 649957912

Job id: 649957916

Runtime kernel version: 4.15.0-1028-gcp

travis-build version: 08047b878

[34m[1mBuild image provisioning date and time[0m

Mon Mar 25 16:43:24 UTC 2019

[34m[1mOperating System Details[0m

Distributor ID:	Ubuntu

Description:	Ubuntu 16.04.6 LTS

Release:	16.04

Codename:	xenial

[34m[1mSystemd Version[0m

systemd 229

[34m[1mCookbooks Version[0m

42e42e4 https://github.com/travis-ci/travis-cookbooks/tree/42e42e4

[34m[1mgit version[0m

git version 2.21.0

[34m[1mbash version[0m

GNU bash, version 4.3.48(1)-release (x86_64-pc-linux-gnu)

[34m[1mgcc version[0m

gcc (Ubuntu 5.4.0-6ubuntu1~16.04.11) 5.4.0 20160609

[34m[1mdocker version[0m

Client:

 Version:           18.06.0-ce

 API version:       1.38

 Go version:        go1.10.3

 Git commit:        0ffa825

 Built:             Wed Jul 18 19:11:02 2018

 OS/Arch:           linux/amd64

 Experimental:      false



Server:

 Engine:

  Version:          18.06.0-ce

  API version:      1.38 (minimum version 1.12)

  Go version:       go1.10.3

  Git commit:       0ffa825

  Built:            Wed Jul 18 19:09:05 2018

  OS/Arch:          linux/amd64

  Experimental:     false

[34m[1mclang version[0m

clang version 7.0.0 (tags/RELEASE_700/final)

[34m[1mjq version[0m

jq-1.5

[34m[1mbats version[0m

Bats 0.4.0

[34m[1mshellcheck version[0m

0.6.0

[34m[1mshfmt version[0m

v2.6.3

[34m[1mccache version[0m

3.2.4

[34m[1mcmake version[0m

cmake version 3.12.4

[34m[1mheroku version[0m

heroku/7.22.7 linux-x64 node-v11.10.1

[34m[1mimagemagick version[0m

Version: ImageMagick 6.8.9-9 Q16 x86_64 2018-09-28 http://www.imagemagick.org

[34m[1mmd5deep version[0m

4.4

[34m[1mmercurial version[0m

version 4.8

[34m[1mmysql version[0m

mysql  Ver 14.14 Distrib 5.7.25, for Linux (x86_64) using  EditLine wrapper

[34m[1mopenssl version[0m

OpenSSL 1.0.2g  1 Mar 2016

[34m[1mpacker version[0m

1.3.3

[34m[1mpostgresql client version[0m

psql (PostgreSQL) 10.7 (Ubuntu 10.7-1.pgdg16.04+1)

[34m[1mragel version[0m

Ragel State Machine Compiler version 6.8 Feb 2013

[34m[1msudo version[0m

1.8.16

[34m[1mgzip version[0m

gzip 1.6

[34m[1mzip version[0m

Zip 3.0

[34m[1mvim version[0m

VIM - Vi IMproved 7.4 (2013 Aug 10, compiled Nov 24 2016 16:44:48)

[34m[1miptables version[0m

iptables v1.6.0

[34m[1mcurl version[0m

curl 7.47.0 (x86_64-pc-linux-gnu) libcurl/7.47.0 GnuTLS/3.4.10 zlib/1.2.8 libidn/1.32 librtmp/2.3

[34m[1mwget version[0m

GNU Wget 1.17.1 built on linux-gnu.

[34m[1mrsync version[0m

rsync  version 3.1.1  protocol version 31

[34m[1mgimme version[0m

v1.5.3

[34m[1mnvm version[0m

0.34.0

[34m[1mperlbrew version[0m

/home/travis/perl5/perlbrew/bin/perlbrew  - App::perlbrew/0.86

[34m[1mphpenv version[0m

rbenv 1.1.2

[34m[1mrvm version[0m

rvm 1.29.7 (latest) by Michal Papis, Piotr Kuczynski, Wayne E. Seguin [https://rvm.io]

[34m[1mdefault ruby version[0m

ruby 2.5.3p105 (2018-10-18 revision 65156) [x86_64-linux]

[34m[1mCouchDB version[0m

couchdb 1.6.1

[34m[1mElasticSearch version[0m

5.5.0

[34m[1mInstalled Firefox version[0m

firefox 63.0.1

[34m[1mMongoDB version[0m

MongoDB 4.0.7

[34m[1mPhantomJS version[0m

2.1.1

[34m[1mPre-installed PostgreSQL versions[0m

9.4.21

9.5.16

9.6.12

[34m[1mRedis version[0m

redis-server 5.0.4

[34m[1mPre-installed Go versions[0m

1.11.1

[34m[1mmvn version[0m

Apache Maven 3.6.0 (97c98ec64a1fdfee7767ce5ffb20918da4f719f3; 2018-10-24T18:41:47Z)

[34m[1mgradle version[0m

Gradle 4.10.2!

[34m[1mlein version[0m

Leiningen 2.9.1 on Java 11.0.2 OpenJDK 64-Bit Server VM

[34m[1mPre-installed Node.js versions[0m

v10.15.3

v11.0.0

v4.9.1

v6.17.0

v8.12.0

v8.15.1

v8.9

[34m[1mphpenv versions[0m

  system

  5.6

  5.6.40

  7.1

  7.1.27

  7.2

* 7.2.15 (set by /home/travis/.phpenv/version)

  hhvm

  hhvm-stable

[34m[1mcomposer --version[0m

Composer version 1.8.4 2019-02-11 10:52:10

[34m[1mPre-installed Ruby versions[0m

ruby-2.3.8

ruby-2.4.5

ruby-2.5.3

travis_fold:end:system_info
[0K

travis_time:end:10d72784:start=1581601727880629742,finish=1581601727893380839,duration=12751097,event=show_system_info
[0Ktravis_time:start:19ee1e3d
[0Ktravis_time:end:19ee1e3d:start=1581601727897362073,finish=1581601727949894876,duration=52532803,event=rm_riak_source
[0Ktravis_time:start:02543e7a
[0Ktravis_time:end:02543e7a:start=1581601727953655154,finish=1581601727960342756,duration=6687602,event=fix_rwky_redis
[0Ktravis_time:start:2b928be0
[0Ktravis_time:end:2b928be0:start=1581601727963325104,finish=1581601728306534084,duration=343208980,event=wait_for_network
[0Ktravis_time:start:0083ec1b
[0Ktravis_time:end:0083ec1b:start=1581601728311748176,finish=1581601728513332831,duration=201584655,event=update_apt_keys
[0Ktravis_time:start:0f2d246c
[0Ktravis_time:end:0f2d246c:start=1581601728518372238,finish=1581601728574675019,duration=56302781,event=fix_hhvm_source
[0Ktravis_time:start:05d3ee38
[0Ktravis_time:end:05d3ee38:start=1581601728579874945,finish=1581601728582429104,duration=2554159,event=update_mongo_arch
[0Ktravis_time:start:1f4c18d1
[0Ktravis_time:end:1f4c18d1:start=1581601728587120169,finish=1581601728629198379,duration=42078210,event=fix_sudo_enabled_trusty
[0Ktravis_time:start:04a75277
[0Ktravis_time:end:04a75277:start=1581601728633738016,finish=1581601728636132062,duration=2394046,event=update_glibc
[0Ktravis_time:start:07feaeab
[0Ktravis_time:end:07feaeab:start=1581601728640475841,finish=1581601728648738657,duration=8262816,event=clean_up_path
[0Ktravis_time:start:050f46f6
[0Ktravis_time:end:050f46f6:start=1581601728652572082,finish=1581601728661277897,duration=8705815,event=fix_resolv_conf
[0Ktravis_time:start:06736df0
[0Ktravis_time:end:06736df0:start=1581601728666246338,finish=1581601728676182458,duration=9936120,event=fix_etc_hosts
[0Ktravis_time:start:2b95867e
[0Ktravis_time:end:2b95867e:start=1581601728681115559,finish=1581601728690543894,duration=9428335,event=fix_mvn_settings_xml
[0Ktravis_time:start:02ccec98
[0Ktravis_time:end:02ccec98:start=1581601728696057584,finish=1581601728706511584,duration=10454000,event=no_ipv6_localhost
[0Ktravis_time:start:37589723
[0Ktravis_time:end:37589723:start=1581601728713176251,finish=1581601728716412654,duration=3236403,event=fix_etc_mavenrc
[0Ktravis_time:start:128885ce
[0Ktravis_time:end:128885ce:start=1581601728721244551,finish=1581601728725511186,duration=4266635,event=fix_wwdr_certificate
[0Ktravis_time:start:0041a2e0
[0Ktravis_time:end:0041a2e0:start=1581601728729577773,finish=1581601728758155884,duration=28578111,event=put_localhost_first
[0Ktravis_time:start:01768cda
[0Ktravis_time:end:01768cda:start=1581601728762846899,finish=1581601728767116503,duration=4269604,event=home_paths
[0Ktravis_time:start:06d0172a
[0Ktravis_time:end:06d0172a:start=1581601728772296360,finish=1581601728784789854,duration=12493494,event=disable_initramfs
[0Ktravis_time:start:10233dd1
[0Ktravis_time:end:10233dd1:start=1581601728790260591,finish=1581601729035097959,duration=244837368,event=disable_ssh_roaming
[0Ktravis_time:start:006a4230
[0Ktravis_time:end:006a4230:start=1581601729041009638,finish=1581601729043447571,duration=2437933,event=debug_tools
[0Ktravis_time:start:052552a7
[0Ktravis_time:end:052552a7:start=1581601729046917062,finish=1581601729050594665,duration=3677603,event=uninstall_oclint
[0Ktravis_time:start:044b1cf0
[0Ktravis_time:end:044b1cf0:start=1581601729060330862,finish=1581601729064459930,duration=4129068,event=rvm_use
[0Ktravis_time:start:1d2f53be
[0Ktravis_time:end:1d2f53be:start=1581601729068046120,finish=1581601729075419598,duration=7373478,event=rm_etc_boto_cfg
[0Ktravis_time:start:0758aa8e
[0Ktravis_time:end:0758aa8e:start=1581601729080311813,finish=1581601729083163605,duration=2851792,event=rm_oraclejdk8_symlink
[0Ktravis_time:start:2eda14f1
[0Ktravis_time:end:2eda14f1:start=1581601729091832279,finish=1581601729193049098,duration=101216819,event=enable_i386
[0Ktravis_time:start:0260f6c9
[0Ktravis_time:end:0260f6c9:start=1581601729198519966,finish=1581601729205742835,duration=7222869,event=update_rubygems
[0Ktravis_time:start:0000b70c
[0Ktravis_time:end:0000b70c:start=1581601729214478060,finish=1581601730009538320,duration=795060260,event=ensure_path_components
[0Ktravis_time:start:29637684
[0Ktravis_time:end:29637684:start=1581601730019967676,finish=1581601730022655175,duration=2687499,event=redefine_curl
[0Ktravis_time:start:06715c02
[0Ktravis_time:end:06715c02:start=1581601730026307606,finish=1581601730120252030,duration=93944424,event=nonblock_pipe
[0Ktravis_time:start:0a2eba28
[0Ktravis_time:end:0a2eba28:start=1581601730126343095,finish=1581601736159119420,duration=6032776325,event=apt_get_update
[0Ktravis_time:start:12cf5e78
[0Ktravis_time:end:12cf5e78:start=1581601736164240776,finish=1581601736167417574,duration=3176798,event=deprecate_xcode_64
[0Ktravis_time:start:16d09ad3
[0Ktravis_time:end:16d09ad3:start=1581601736174018465,finish=1581601738685799899,duration=2511781434,event=update_heroku
[0Ktravis_time:start:10659bb2
[0Ktravis_time:end:10659bb2:start=1581601738691757829,finish=1581601738694715014,duration=2957185,event=shell_session_update
[0Ktravis_time:start:1f24f560
[0Ktravis_fold:start:docker_mtu
[0Ktravis_fold:end:docker_mtu
[0Ktravis_time:end:1f24f560:start=1581601738700605868,finish=1581601740892838575,duration=2192232707,event=set_docker_mtu
[0Ktravis_time:start:018d9cea
[0Ktravis_fold:start:resolvconf
[0Ktravis_fold:end:resolvconf
[0Ktravis_time:end:018d9cea:start=1581601740899095097,finish=1581601740962416215,duration=63321118,event=resolvconf
[0Ktravis_time:start:00176bd1
[0Ktravis_time:end:00176bd1:start=1581601740975879984,finish=1581601741112098362,duration=136218378,event=maven_central_mirror
[0Ktravis_time:start:0407e2ae
[0Ktravis_time:end:0407e2ae:start=1581601741116625604,finish=1581601741214155135,duration=97529531,event=maven_https
[0Ktravis_time:start:09350d50
[0Ktravis_time:end:09350d50:start=1581601741219092249,finish=1581601741221929144,duration=2836895,event=fix_ps4
[0KUpdating gimme

travis_time:start:15eb0668
[0K

travis_fold:start:git.checkout
[0Ktravis_time:start:05b56087
[0K$ git clone --depth=50 --branch=master https://github.com/ethereum/go-ethereum.git ethereum/go-ethereum

Cloning into 'ethereum/go-ethereum'...

travis_time:end:05b56087:start=1581601746065588853,finish=1581601747952601735,duration=1887012882,event=checkout
[0K$ cd ethereum/go-ethereum

$ git checkout -qf 38d1b0cba277db17129a4870158115c5a428cffc

travis_fold:end:git.checkout
[0K

travis_fold:start:git.submodule
[0Ktravis_time:start:00d68f5e
[0K$ git submodule update --init --recursive

Submodule 'tests' (https://github.com/ethereum/tests) registered for path 'tests/testdata'

Cloning into '/home/travis/build/ethereum/go-ethereum/tests/testdata'...

Submodule path 'tests/testdata': checked out 'b5eb9900ee2147b40d3e681fe86efa4fd693959a'

travis_time:end:00d68f5e:start=1581601748446800504,finish=1581601795884856319,duration=47438055815,event=checkout
[0Ktravis_fold:end:git.submodule
[0Ktravis_time:end:00d68f5e:start=1581601748446800504,finish=1581601795893865451,duration=47447064947,event=checkout
[0K$ travis_export_go 1.13.x github.com/ethereum/go-ethereum

travis_time:start:236baa5a
[0K

[33;1mSetting environment variables from repository settings[0m

$ export IOS_SIGNING_KEY=[secure]

$ export LINUX_SIGNING_KEY=[secure]

$ export OSX_SIGNING_KEY=[secure]

$ export ANDROID_SIGNING_KEY=[secure]

$ export AZURE_BLOBSTORE_TOKEN=[secure]

$ export ANDROID_SONATYPE_USERNAME=[secure]

$ export ANDROID_SONATYPE_PASSWORD=[secure]

$ export COCOAPODS_TRUNK_TOKEN=[secure]

$ export PPA_SIGNING_KEY=[secure]

$ export PPA_SSH_KEY=[secure]



travis_time:end:236baa5a:start=1581601795908099167,finish=1581601795942534560,duration=34435393,event=env
[0Ktravis_time:start:0129fd38
[0K$ travis_setup_go

go version go1.13.8 linux/amd64

$ export GOPATH="/home/travis/gopath"

$ export PATH="/home/travis/gopath/bin:/home/travis/.gimme/versions/go1.13.8.linux.amd64/bin:/home/travis/bin:/home/travis/bin:/home/travis/.local/bin:/usr/local/lib/jvm/openjdk11/bin:/opt/pyenv/shims:/home/travis/.phpenv/shims:/home/travis/perl5/perlbrew/bin:/home/travis/.nvm/versions/node/v8.12.0/bin:/home/travis/.rvm/gems/ruby-2.5.3/bin:/home/travis/.rvm/gems/ruby-2.5.3@global/bin:/home/travis/.rvm/rubies/ruby-2.5.3/bin:/home/travis/gopath/bin:/home/travis/.gimme/versions/go1.11.1.linux.amd64/bin:/usr/local/maven-3.6.0/bin:/usr/local/cmake-3.12.4/bin:/usr/local/clang-7.0.0/bin:/usr/local/sbin:/usr/local/bin:/usr/sbin:/usr/bin:/sbin:/bin:/snap/bin:/home/travis/.rvm/bin:/home/travis/.phpenv/bin:/opt/pyenv/bin:/home/travis/.yarn/bin"

$ export GO111MODULE="auto"

travis_time:end:0129fd38:start=1581601795949086821,finish=1581601836575103294,duration=40626016473,event=
[0K$ gimme version

v1.5.3

$ go version

go version go1.13.8 linux/amd64

travis_fold:start:go.env
[0K$ go env

GO111MODULE="auto"

GOARCH="amd64"

GOBIN=""

GOCACHE="/home/travis/.cache/go-build"

GOENV="/home/travis/.config/go/env"

GOEXE=""

GOFLAGS=""

GOHOSTARCH="amd64"

GOHOSTOS="linux"

GONOPROXY=""

GONOSUMDB=""

GOOS="linux"

GOPATH="/home/travis/gopath"

GOPRIVATE=""

GOPROXY="https://proxy.golang.org,direct"

GOROOT="/home/travis/.gimme/versions/go1.13.8.linux.amd64"

GOSUMDB="sum.golang.org"

GOTMPDIR=""

GOTOOLDIR="/home/travis/.gimme/versions/go1.13.8.linux.amd64/pkg/tool/linux_amd64"

GCCGO="gccgo"

AR="ar"

CC="gcc"

CXX="g++"

CGO_ENABLED="1"

GOMOD="/home/travis/gopath/src/github.com/ethereum/go-ethereum/go.mod"

CGO_CFLAGS="-g -O2"

CGO_CPPFLAGS=""

CGO_CXXFLAGS="-g -O2"

CGO_FFLAGS="-g -O2"

CGO_LDFLAGS="-g -O2"

PKG_CONFIG="pkg-config"

GOGCCFLAGS="-fPIC -m64 -pthread -fmessage-length=0 -fdebug-prefix-map=/tmp/go-build686432628=/tmp/go-build -gno-record-gcc-switches"

travis_fold:end:go.env
[0Ktravis_fold:start:install
[0Ktravis_time:start:077da107
[0K$ travis_install_go_dependencies 1.13.x -v

Makefile detected

travis_time:end:077da107:start=1581601837768813039,finish=1581601837772274402,duration=3461363,event=install
[0Ktravis_fold:end:install
[0Ktravis_time:start:2411df20
[0K$ go run build/ci.go install

go: downloading github.com/cespare/cp v0.1.0

go: downloading golang.org/x/crypto v0.0.0-20190308221718-c2843e01d9a2

go: downloading github.com/Azure/azure-storage-blob-go v0.7.0

go: extracting github.com/cespare/cp v0.1.0

go: extracting github.com/Azure/azure-storage-blob-go v0.7.0

go: downloading github.com/Azure/azure-pipeline-go v0.2.2

go: extracting golang.org/x/crypto v0.0.0-20190308221718-c2843e01d9a2

go: extracting github.com/Azure/azure-pipeline-go v0.2.2

go: downloading github.com/mattn/go-ieproxy v0.0.0-20190702010315-6dee0af9227d

go: extracting github.com/mattn/go-ieproxy v0.0.0-20190702010315-6dee0af9227d

go: finding github.com/cespare/cp v0.1.0

go: finding github.com/Azure/azure-storage-blob-go v0.7.0

go: finding github.com/Azure/azure-pipeline-go v0.2.2

go: finding github.com/mattn/go-ieproxy v0.0.0-20190702010315-6dee0af9227d

go: finding golang.org/x/crypto v0.0.0-20190308221718-c2843e01d9a2

>>> /home/travis/.gimme/versions/go1.13.8.linux.amd64/bin/go install -ldflags -X main.gitCommit=38d1b0cba277db17129a4870158115c5a428cffc -X main.gitDate=20200213 -v ./...

go: downloading github.com/gorilla/websocket v1.4.1-0.20190629185528-ae1634f6a989

go: downloading github.com/julienschmidt/httprouter v1.1.1-0.20170430222011-975b5c4c7c21

go: downloading gopkg.in/urfave/cli.v1 v1.20.0

go: downloading github.com/jackpal/go-nat-pmp v1.0.2-0.20160603034137-1fa385a6f458

go: downloading golang.org/x/sys v0.0.0-20190712062909-fae7ac547cb7

go: downloading github.com/syndtr/goleveldb v1.0.1-0.20190923125748-758128399b1d

go: downloading github.com/status-im/keycard-go v0.0.0-20190316090335-8537d3370df4

go: downloading github.com/huin/goupnp v0.0.0-20161224104101-679507af18f3

go: downloading github.com/edsrzf/mmap-go v0.0.0-20160512033002-935e0e8a636c

go: extracting github.com/status-im/keycard-go v0.0.0-20190316090335-8537d3370df4

go: extracting github.com/huin/goupnp v0.0.0-20161224104101-679507af18f3

go: downloading golang.org/x/text v0.3.2

go: downloading github.com/fjl/memsize v0.0.0-20180418122429-ca190fb6ffbc

go: extracting gopkg.in/urfave/cli.v1 v1.20.0

go: extracting github.com/fjl/memsize v0.0.0-20180418122429-ca190fb6ffbc

go: extracting github.com/edsrzf/mmap-go v0.0.0-20160512033002-935e0e8a636c

go: downloading github.com/pborman/uuid v0.0.0-20170112150404-1b00554d8222

go: extracting github.com/jackpal/go-nat-pmp v1.0.2-0.20160603034137-1fa385a6f458

go: downloading github.com/hashicorp/golang-lru v0.0.0-20160813221303-0a025b7e63ad

go: extracting github.com/julienschmidt/httprouter v1.1.1-0.20170430222011-975b5c4c7c21

go: extracting github.com/syndtr/goleveldb v1.0.1-0.20190923125748-758128399b1d

go: downloading github.com/VictoriaMetrics/fastcache v1.5.3

go: extracting github.com/gorilla/websocket v1.4.1-0.20190629185528-ae1634f6a989

go: downloading github.com/prometheus/tsdb v0.6.2-0.20190402121629-4f204dcbc150

go: extracting github.com/hashicorp/golang-lru v0.0.0-20160813221303-0a025b7e63ad

go: downloading github.com/graph-gophers/graphql-go v0.0.0-20191115155744-f33e81362277

go: downloading github.com/golang/protobuf v1.3.2-0.20190517061210-b285ee9cfc6c

go: downloading github.com/deckarep/golang-set v0.0.0-20180603214616-504e848d77ea

go: extracting github.com/VictoriaMetrics/fastcache v1.5.3

go: downloading github.com/golang/snappy v0.0.1

go: extracting github.com/pborman/uuid v0.0.0-20170112150404-1b00554d8222

go: downloading github.com/wsddn/go-ecdh v0.0.0-20161211032359-48726bab9208

go: downloading github.com/dop251/goja v0.0.0-20200106141417-aaec0e7bde29

go: extracting github.com/graph-gophers/graphql-go v0.0.0-20191115155744-f33e81362277

go: extracting github.com/golang/snappy v0.0.1

go: downloading github.com/steakknife/bloomfilter v0.0.0-20180922174646-6819c0d2a570

go: downloading golang.org/x/time v0.0.0-20190308202827-9d24e82272b4

go: downloading github.com/cespare/xxhash v1.1.0

go: extracting golang.org/x/time v0.0.0-20190308202827-9d24e82272b4

go: extracting github.com/steakknife/bloomfilter v0.0.0-20180922174646-6819c0d2a570

go: extracting github.com/wsddn/go-ecdh v0.0.0-20161211032359-48726bab9208

go: downloading github.com/aws/aws-sdk-go v1.25.48

go: extracting github.com/deckarep/golang-set v0.0.0-20180603214616-504e848d77ea

go: downloading github.com/elastic/gosigar v0.8.1-0.20180330100440-37f05ff46ffa

go: extracting github.com/cespare/xxhash v1.1.0

go: downloading gopkg.in/olebedev/go-duktape.v3 v3.0.0-20190213234257-ec84240a7772

go: extracting golang.org/x/sys v0.0.0-20190712062909-fae7ac547cb7

go: downloading github.com/cespare/xxhash/v2 v2.1.1

go: extracting github.com/dop251/goja v0.0.0-20200106141417-aaec0e7bde29

go: downloading github.com/influxdata/influxdb v1.2.3-0.20180221223340-01288bdb0883

go: extracting github.com/golang/protobuf v1.3.2-0.20190517061210-b285ee9cfc6c

go: extracting github.com/cespare/xxhash/v2 v2.1.1

go: downloading github.com/cloudflare/cloudflare-go v0.10.2-0.20190916151808-a80f83b9add9

go: downloading github.com/aristanetworks/goarista v0.0.0-20170210015632-ea17b1a17847

go: downloading github.com/go-sourcemap/sourcemap v2.1.2+incompatible

go: extracting github.com/elastic/gosigar v0.8.1-0.20180330100440-37f05ff46ffa

go: downloading github.com/gballet/go-libpcsclite v0.0.0-20190607065134-2772fd86a8ff

go: extracting github.com/go-sourcemap/sourcemap v2.1.2+incompatible

go: downloading golang.org/x/sync v0.0.0-20181108010431-42b317875d0f

go: extracting github.com/aristanetworks/goarista v0.0.0-20170210015632-ea17b1a17847

go: extracting github.com/cloudflare/cloudflare-go v0.10.2-0.20190916151808-a80f83b9add9

go: downloading github.com/docker/docker v1.4.2-0.20180625184442-8e610b2b55bf

go: extracting golang.org/x/sync v0.0.0-20181108010431-42b317875d0f

go: extracting github.com/gballet/go-libpcsclite v0.0.0-20190607065134-2772fd86a8ff

go: downloading github.com/mattn/go-isatty v0.0.5-0.20180830101745-3fb116b82035

go: extracting github.com/influxdata/influxdb v1.2.3-0.20180221223340-01288bdb0883

go: extracting github.com/prometheus/tsdb v0.6.2-0.20190402121629-4f204dcbc150

go: extracting github.com/mattn/go-isatty v0.0.5-0.20180830101745-3fb116b82035

go: downloading github.com/steakknife/hamming v0.0.0-20180906055917-c99c65617cd3

go: extracting gopkg.in/olebedev/go-duktape.v3 v3.0.0-20190213234257-ec84240a7772

go: downloading github.com/[secure]/usb v0.0.0-20190919080040-51dc0efba356

go: extracting golang.org/x/text v0.3.2

go: extracting github.com/steakknife/hamming v0.0.0-20180906055917-c99c65617cd3

go: downloading github.com/mattn/go-colorable v0.1.0

go: downloading github.com/rjeczalik/notify v0.9.1

go: extracting github.com/[secure]/usb v0.0.0-20190919080040-51dc0efba356

go: downloading github.com/fatih/color v1.3.0

go: downloading github.com/pkg/errors v0.8.1

go: downloading github.com/opentracing/opentracing-go v1.1.0

go: extracting github.com/pkg/errors v0.8.1

go: downloading github.com/go-stack/stack v1.8.0

go: extracting github.com/docker/docker v1.4.2-0.20180625184442-8e610b2b55bf

go: extracting github.com/fatih/color v1.3.0

go: extracting github.com/mattn/go-colorable v0.1.0

go: extracting github.com/opentracing/opentracing-go v1.1.0

go: extracting github.com/rjeczalik/notify v0.9.1

go: downloading github.com/dlclark/regexp2 v1.2.0

go: downloading github.com/davecgh/go-spew v1.1.1

go: downloading github.com/naoina/toml v0.1.2-0.20170918210437-9fafd6967416

go: extracting github.com/go-stack/stack v1.8.0

go: downloading github.com/rs/cors v0.0.0-20160617231935-a62a804a8a00

go: downloading github.com/tyler-smith/go-bip39 v1.0.1-0.20181017060643-dbb3b84ba2ef

go: extracting github.com/rs/cors v0.0.0-20160617231935-a62a804a8a00

go: downloading golang.org/x/net v0.0.0-20190628185345-da137c7871d7

go: extracting github.com/davecgh/go-spew v1.1.1

go: downloading github.com/rs/xhandler v0.0.0-20160618193221-ed27b6fd6521

go: extracting github.com/naoina/toml v0.1.2-0.20170918210437-9fafd6967416

go: extracting github.com/tyler-smith/go-bip39 v1.0.1-0.20181017060643-dbb3b84ba2ef

go: extracting github.com/dlclark/regexp2 v1.2.0

go: downloading github.com/peterh/liner v1.1.1-0.20190123174540-a2c9a5303de7

go: downloading github.com/olekukonko/tablewriter v0.0.2-0.20190409134802-7e037d187b0c

go: extracting github.com/rs/xhandler v0.0.0-20160618193221-ed27b6fd6521

go: downloading github.com/naoina/go-stringutil v0.1.0

go: extracting github.com/peterh/liner v1.1.1-0.20190123174540-a2c9a5303de7

go: extracting github.com/naoina/go-stringutil v0.1.0

go: downloading github.com/mattn/go-runewidth v0.0.4

go: extracting github.com/olekukonko/tablewriter v0.0.2-0.20190409134802-7e037d187b0c

go: extracting github.com/mattn/go-runewidth v0.0.4

go: extracting golang.org/x/net v0.0.0-20190628185345-da137c7871d7

go: extracting github.com/aws/aws-sdk-go v1.25.48

go: downloading github.com/jmespath/go-jmespath v0.0.0-20180206201540-c2b33e8439af

go: extracting github.com/jmespath/go-jmespath v0.0.0-20180206201540-c2b33e8439af

go: finding github.com/golang/protobuf v1.3.2-0.20190517061210-b285ee9cfc6c

go: finding github.com/aristanetworks/goarista v0.0.0-20170210015632-ea17b1a17847

go: finding github.com/deckarep/golang-set v0.0.0-20180603214616-504e848d77ea

go: finding github.com/davecgh/go-spew v1.1.1

go: finding github.com/go-stack/stack v1.8.0

go: finding gopkg.in/urfave/cli.v1 v1.20.0

go: finding github.com/edsrzf/mmap-go v0.0.0-20160512033002-935e0e8a636c

go: finding github.com/aws/aws-sdk-go v1.25.48

go: finding github.com/VictoriaMetrics/fastcache v1.5.3

go: finding github.com/[secure]/usb v0.0.0-20190919080040-51dc0efba356

go: finding github.com/pborman/uuid v0.0.0-20170112150404-1b00554d8222

go: finding github.com/huin/goupnp v0.0.0-20161224104101-679507af18f3

go: finding github.com/elastic/gosigar v0.8.1-0.20180330100440-37f05ff46ffa

go: finding github.com/dop251/goja v0.0.0-20200106141417-aaec0e7bde29

go: finding github.com/cloudflare/cloudflare-go v0.10.2-0.20190916151808-a80f83b9add9

go: finding github.com/gballet/go-libpcsclite v0.0.0-20190607065134-2772fd86a8ff

go: finding github.com/rjeczalik/notify v0.9.1

go: finding github.com/cespare/xxhash/v2 v2.1.1

go: finding github.com/jackpal/go-nat-pmp v1.0.2-0.20160603034137-1fa385a6f458

go: finding github.com/status-im/keycard-go v0.0.0-20190316090335-8537d3370df4

go: finding github.com/golang/snappy v0.0.1

go: finding github.com/wsddn/go-ecdh v0.0.0-20161211032359-48726bab9208

go: finding github.com/hashicorp/golang-lru v0.0.0-20160813221303-0a025b7e63ad

go: finding golang.org/x/sys v0.0.0-20190712062909-fae7ac547cb7

go: finding github.com/dlclark/regexp2 v1.2.0

go: finding golang.org/x/text v0.3.2

go: finding github.com/syndtr/goleveldb v1.0.1-0.20190923125748-758128399b1d

go: finding github.com/steakknife/bloomfilter v0.0.0-20180922174646-6819c0d2a570

go: finding github.com/olekukonko/tablewriter v0.0.2-0.20190409134802-7e037d187b0c

go: finding github.com/gorilla/websocket v1.4.1-0.20190629185528-ae1634f6a989

go: finding github.com/jmespath/go-jmespath v0.0.0-20180206201540-c2b33e8439af

go: finding github.com/pkg/errors v0.8.1

go: finding github.com/rs/cors v0.0.0-20160617231935-a62a804a8a00

go: finding github.com/prometheus/tsdb v0.6.2-0.20190402121629-4f204dcbc150

go: finding golang.org/x/net v0.0.0-20190628185345-da137c7871d7

go: finding github.com/mattn/go-colorable v0.1.0

go: finding golang.org/x/time v0.0.0-20190308202827-9d24e82272b4

go: finding github.com/rs/xhandler v0.0.0-20160618193221-ed27b6fd6521

go: finding github.com/peterh/liner v1.1.1-0.20190123174540-a2c9a5303de7

go: finding github.com/go-sourcemap/sourcemap v2.1.2+incompatible

go: finding github.com/docker/docker v1.4.2-0.20180625184442-8e610b2b55bf

go: finding github.com/fatih/color v1.3.0

go: finding github.com/mattn/go-isatty v0.0.5-0.20180830101745-3fb116b82035

go: finding github.com/mattn/go-runewidth v0.0.4

go: finding github.com/fjl/memsize v0.0.0-20180418122429-ca190fb6ffbc

go: finding github.com/tyler-smith/go-bip39 v1.0.1-0.20181017060643-dbb3b84ba2ef

go: finding github.com/julienschmidt/httprouter v1.1.1-0.20170430222011-975b5c4c7c21

go: finding github.com/steakknife/hamming v0.0.0-20180906055917-c99c65617cd3

go: finding github.com/influxdata/influxdb v1.2.3-0.20180221223340-01288bdb0883

go: finding github.com/naoina/toml v0.1.2-0.20170918210437-9fafd6967416

go: finding github.com/graph-gophers/graphql-go v0.0.0-20191115155744-f33e81362277

go: finding golang.org/x/sync v0.0.0-20181108010431-42b317875d0f

go: finding github.com/naoina/go-stringutil v0.1.0

go: finding gopkg.in/olebedev/go-duktape.v3 v3.0.0-20190213234257-ec84240a7772

go: finding github.com/opentracing/opentracing-go v1.1.0

github.com/cespare/xxhash/v2

github.com/golang/snappy

github.com/aristanetworks/goarista/monotime

github.com/VictoriaMetrics/fastcache

github.com/ethereum/go-ethereum/common/mclock

github.com/ethereum/go-ethereum/common/prque

github.com/ethereum/go-ethereum/ethdb

github.com/go-stack/stack

golang.org/x/sys/unix

github.com/ethereum/go-ethereum/log

github.com/steakknife/hamming

github.com/steakknife/bloomfilter

github.com/ethereum/go-ethereum/event

github.com/ethereum/go-ethereum/accounts/abi

github.com/elastic/gosigar

github.com/ethereum/go-ethereum/metrics

github.com/davecgh/go-spew/spew

github.com/deckarep/golang-set

github.com/pborman/uuid

github.com/rjeczalik/notify

github.com/ethereum/go-ethereum/trie

golang.org/x/crypto/pbkdf2

golang.org/x/crypto/scrypt

github.com/gballet/go-libpcsclite

github.com/status-im/keycard-go/derivationpath

golang.org/x/crypto/curve25519

github.com/ethereum/go-ethereum/core/types

github.com/wsddn/go-ecdh

golang.org/x/text/transform

golang.org/x/text/unicode/norm

github.com/ethereum/go-ethereum

github.com/ethereum/go-ethereum/accounts

github.com/ethereum/go-ethereum/accounts/keystore

github.com/ethereum/go-ethereum/accounts/scwallet

github.com/hashicorp/golang-lru/simplelru

github.com/ethereum/go-ethereum/p2p/netutil

github.com/hashicorp/golang-lru

github.com/ethereum/go-ethereum/core/state

github.com/gorilla/websocket

golang.org/x/net/context

github.com/rs/xhandler

github.com/ethereum/go-ethereum/consensus/misc

github.com/rs/cors

github.com/edsrzf/mmap-go

github.com/ethereum/go-ethereum/common/bitutil

github.com/ethereum/go-ethereum/rpc

github.com/syndtr/goleveldb/leveldb/util

github.com/syndtr/goleveldb/leveldb/cache

github.com/syndtr/goleveldb/leveldb/comparer

github.com/syndtr/goleveldb/leveldb/storage

github.com/syndtr/goleveldb/leveldb/errors

github.com/syndtr/goleveldb/leveldb/filter

github.com/syndtr/goleveldb/leveldb/iterator

github.com/syndtr/goleveldb/leveldb/journal

github.com/syndtr/goleveldb/leveldb/memdb

github.com/syndtr/goleveldb/leveldb/opt

github.com/syndtr/goleveldb/leveldb/table

github.com/ethereum/go-ethereum/consensus

github.com/ethereum/go-ethereum/consensus/clique

github.com/ethereum/go-ethereum/consensus/ethash

github.com/syndtr/goleveldb/leveldb

github.com/ethereum/go-ethereum/ethdb/memorydb

github.com/mattn/go-runewidth

github.com/olekukonko/tablewriter

github.com/pkg/errors

github.com/prometheus/tsdb/fileutil

golang.org/x/sys/cpu

github.com/ethereum/go-ethereum/crypto/blake2b

github.com/ethereum/go-ethereum/ethdb/leveldb

github.com/ethereum/go-ethereum/crypto/bn256/cloudflare

github.com/ethereum/go-ethereum/core/rawdb

github.com/ethereum/go-ethereum/crypto/bn256

golang.org/x/crypto/ripemd160

github.com/ethereum/go-ethereum/core/vm

github.com/ethereum/go-ethereum/core/bloombits

github.com/ethereum/go-ethereum/crypto/ecies

github.com/ethereum/go-ethereum/p2p/enr

github.com/ethereum/go-ethereum/p2p/enode

github.com/ethereum/go-ethereum/p2p/discover

github.com/ethereum/go-ethereum/core

github.com/ethereum/go-ethereum/p2p/discv5

github.com/huin/goupnp/httpu

github.com/huin/goupnp/scpd

github.com/huin/goupnp/soap

github.com/huin/goupnp/ssdp

golang.org/x/net/html/atom

golang.org/x/net/html

github.com/ethereum/go-ethereum/eth/downloader

golang.org/x/text/encoding/internal/identifier

golang.org/x/text/encoding

golang.org/x/text/encoding/internal

golang.org/x/text/internal/utf8internal

golang.org/x/text/encoding/charmap

golang.org/x/text/encoding/japanese

golang.org/x/text/encoding/korean

golang.org/x/text/encoding/simplifiedchinese

golang.org/x/text/encoding/traditionalchinese

golang.org/x/text/runes

golang.org/x/text/encoding/unicode

golang.org/x/text/internal/tag

github.com/jackpal/go-nat-pmp

golang.org/x/text/internal/language

github.com/tyler-smith/go-bip39/wordlists

github.com/tyler-smith/go-bip39

github.com/golang/protobuf/proto

golang.org/x/text/internal/language/compact

golang.org/x/text/language

golang.org/x/text/encoding/htmlindex

golang.org/x/net/html/charset

github.com/huin/goupnp

github.com/huin/goupnp/dcps/internetgateway1

github.com/huin/goupnp/dcps/internetgateway2

github.com/golang/protobuf/protoc-gen-go/descriptor

github.com/ethereum/go-ethereum/p2p/nat

github.com/ethereum/go-ethereum/p2p

github.com/ethereum/go-ethereum/accounts/usbwallet/trezor

github.com/[secure]/usb

github.com/ethereum/go-ethereum/internal/ethapi

github.com/ethereum/go-ethereum/signer/storage

golang.org/x/crypto/ssh/terminal

github.com/ethereum/go-ethereum/eth/filters

github.com/ethereum/go-ethereum/common/fdlimit

github.com/ethereum/go-ethereum/core/forkid

github.com/ethereum/go-ethereum/eth/fetcher

github.com/ethereum/go-ethereum/eth/gasprice

github.com/ethereum/go-ethereum/eth/tracers/internal/tracers

gopkg.in/olebedev/go-duktape.v3

github.com/ethereum/go-ethereum/accounts/usbwallet

github.com/ethereum/go-ethereum/signer/core

github.com/ethereum/go-ethereum/accounts/external

github.com/ethereum/go-ethereum/accounts/abi/bind

github.com/ethereum/go-ethereum/accounts/abi/bind/backends

github.com/ethereum/go-ethereum/signer/fourbyte

github.com/ethereum/go-ethereum/cmd/abidump

github.com/ethereum/go-ethereum/miner

github.com/ethereum/go-ethereum/metrics/prometheus

github.com/ethereum/go-ethereum/metrics/exp

github.com/fjl/memsize

github.com/fjl/memsize/memsizeui

github.com/mattn/go-isatty

github.com/mattn/go-colorable

gopkg.in/urfave/cli.v1

github.com/ethereum/go-ethereum/internal/debug

github.com/ethereum/go-ethereum/node

golang.org/x/time/rate

github.com/ethereum/go-ethereum/p2p/dnsdisc

github.com/ethereum/go-ethereum/contracts/checkpointoracle/contract

github.com/ethereum/go-ethereum/contracts/checkpointoracle

github.com/ethereum/go-ethereum/les/checkpointoracle

github.com/ethereum/go-ethereum/les/flowcontrol

github.com/ethereum/go-ethereum/light

github.com/graph-gophers/graphql-go/errors

github.com/graph-gophers/graphql-go/internal/common

github.com/graph-gophers/graphql-go/internal/schema

github.com/graph-gophers/graphql-go/internal/exec/packer

github.com/graph-gophers/graphql-go/introspection

github.com/graph-gophers/graphql-go/internal/exec/resolvable

github.com/graph-gophers/graphql-go/internal/query

github.com/graph-gophers/graphql-go/internal/exec/selected

github.com/graph-gophers/graphql-go/log

github.com/opentracing/opentracing-go/log

github.com/opentracing/opentracing-go

github.com/opentracing/opentracing-go/ext

github.com/graph-gophers/graphql-go/trace

github.com/graph-gophers/graphql-go/internal/exec

github.com/graph-gophers/graphql-go/internal/validation

github.com/graph-gophers/graphql-go

github.com/graph-gophers/graphql-go/relay

github.com/ethereum/go-ethereum/graphql

github.com/influxdata/influxdb/pkg/escape

github.com/influxdata/influxdb/models

github.com/influxdata/influxdb/client

github.com/ethereum/go-ethereum/metrics/influxdb

golang.org/x/sync/syncmap

github.com/ethereum/go-ethereum/whisper/whisperv6

github.com/ethereum/go-ethereum/common/compiler

github.com/ethereum/go-ethereum/ethclient

github.com/dlclark/regexp2/syntax

github.com/dlclark/regexp2

github.com/dop251/goja/file

github.com/dop251/goja/token

github.com/go-sourcemap/sourcemap/internal/base64vlq

github.com/go-sourcemap/sourcemap

github.com/dop251/goja/ast

github.com/dop251/goja/parser

golang.org/x/text/internal

golang.org/x/text/cases

golang.org/x/text/internal/colltab

golang.org/x/text/collate

github.com/dop251/goja

github.com/fatih/color

github.com/ethereum/go-ethereum/internal/jsre

github.com/ethereum/go-ethereum/internal/jsre/deps

github.com/ethereum/go-ethereum/internal/web3ext

github.com/peterh/liner

github.com/ethereum/go-ethereum/console

github.com/ethereum/go-ethereum/signer/rules/deps

github.com/ethereum/go-ethereum/signer/rules

github.com/aws/aws-sdk-go/aws/awserr

github.com/aws/aws-sdk-go/internal/ini

github.com/aws/aws-sdk-go/internal/shareddefaults

github.com/aws/aws-sdk-go/aws/credentials

github.com/aws/aws-sdk-go/aws/endpoints

github.com/ethereum/go-ethereum/eth/tracers

github.com/ethereum/go-ethereum/eth

github.com/ethereum/go-ethereum/les

github.com/aws/aws-sdk-go/internal/sdkio

github.com/aws/aws-sdk-go/aws

github.com/aws/aws-sdk-go/aws/client/metadata

github.com/jmespath/go-jmespath

github.com/aws/aws-sdk-go/aws/awsutil

github.com/aws/aws-sdk-go/aws/request

github.com/aws/aws-sdk-go/internal/sdkrand

github.com/aws/aws-sdk-go/aws/client

github.com/ethereum/go-ethereum/ethstats

github.com/aws/aws-sdk-go/aws/corehandlers

github.com/aws/aws-sdk-go/aws/credentials/processcreds

github.com/ethereum/go-ethereum/cmd/utils

github.com/aws/aws-sdk-go/internal/sdkmath

github.com/aws/aws-sdk-go/private/protocol

github.com/aws/aws-sdk-go/private/protocol/rest

github.com/aws/aws-sdk-go/aws/signer/v4

github.com/ethereum/go-ethereum/cmd/abigen

github.com/ethereum/go-ethereum/cmd/bootnode

github.com/ethereum/go-ethereum/cmd/checkpoint-admin

github.com/ethereum/go-ethereum/cmd/clef

github.com/aws/aws-sdk-go/private/protocol/query/queryutil

github.com/aws/aws-sdk-go/private/protocol/xml/xmlutil

github.com/aws/aws-sdk-go/private/protocol/query

github.com/aws/aws-sdk-go/service/sts

github.com/aws/aws-sdk-go/service/sts/stsiface

github.com/aws/aws-sdk-go/aws/credentials/stscreds

github.com/aws/aws-sdk-go/aws/csm

github.com/aws/aws-sdk-go/internal/sdkuri

github.com/aws/aws-sdk-go/aws/ec2metadata

github.com/aws/aws-sdk-go/private/protocol/json/jsonutil

github.com/aws/aws-sdk-go/aws/credentials/ec2rolecreds

github.com/aws/aws-sdk-go/private/protocol/restxml

github.com/aws/aws-sdk-go/aws/credentials/endpointcreds

github.com/aws/aws-sdk-go/service/route53

github.com/aws/aws-sdk-go/aws/defaults

github.com/aws/aws-sdk-go/aws/session

github.com/cloudflare/cloudflare-go

github.com/ethereum/go-ethereum/cmd/ethkey

github.com/ethereum/go-ethereum/cmd/devp2p

github.com/ethereum/go-ethereum/core/asm

github.com/ethereum/go-ethereum/cmd/evm/internal/compiler

github.com/ethereum/go-ethereum/core/vm/runtime

github.com/ethereum/go-ethereum/tests

github.com/ethereum/go-ethereum/cmd/evm

github.com/ethereum/go-ethereum/cmd/faucet

github.com/naoina/go-stringutil

github.com/naoina/toml/ast

github.com/naoina/toml

github.com/ethereum/go-ethereum/cmd/geth

github.com/docker/docker/pkg/reexec

github.com/ethereum/go-ethereum/p2p/simulations/pipes

github.com/ethereum/go-ethereum/p2p/simulations/adapters

github.com/julienschmidt/httprouter

github.com/ethereum/go-ethereum/p2p/simulations

github.com/ethereum/go-ethereum/cmd/p2psim

golang.org/x/crypto/ed25519/internal/edwards25519

golang.org/x/crypto/ed25519

golang.org/x/crypto/internal/subtle

golang.org/x/crypto/internal/chacha20

golang.org/x/crypto/poly1305

golang.org/x/crypto/ssh

github.com/ethereum/go-ethereum/cmd/rlpdump

github.com/ethereum/go-ethereum/cmd/puppeth

github.com/ethereum/go-ethereum/whisper/mailserver

github.com/ethereum/go-ethereum/cmd/wnode

github.com/ethereum/go-ethereum/crypto/bn256/google

github.com/ethereum/go-ethereum/ethdb/dbtest

github.com/ethereum/go-ethereum/internal/cmdtest

github.com/ethereum/go-ethereum/internal/guide

github.com/ethereum/go-ethereum/internal/testlog

github.com/ethereum/go-ethereum/metrics/librato

github.com/ethereum/go-ethereum/whisper/shhclient

github.com/ethereum/go-ethereum/mobile

github.com/ethereum/go-ethereum/p2p/simulations/examples

github.com/ethereum/go-ethereum/p2p/testing

github.com/ethereum/go-ethereum/tests/fuzzers/keystore

github.com/ethereum/go-ethereum/tests/fuzzers/rlp

github.com/ethereum/go-ethereum/tests/fuzzers/trie

github.com/ethereum/go-ethereum/tests/fuzzers/txfetcher

github.com/ethereum/go-ethereum/tests/fuzzers/whisperv6

travis_time:end:2411df20:start=1581601837777014351,finish=1581601971187625843,duration=133410611492,event=script
[0K[32;1mThe command "go run build/ci.go install" exited with 0.[0m

travis_time:start:177709aa
[0K$ go run build/ci.go test -coverage $TEST_PACKAGES

>>> /home/travis/.gimme/versions/go1.13.8.linux.amd64/bin/go test -ldflags -X main.gitCommit=38d1b0cba277db17129a4870158115c5a428cffc -X main.gitDate=20200213 -p 1 -timeout 5m -covermode=atomic -cover ./...

go: downloading github.com/stretchr/testify v1.4.0

go: extracting github.com/stretchr/testify v1.4.0

go: downloading gopkg.in/yaml.v2 v2.2.2

go: downloading github.com/pmezard/go-difflib v1.0.0

go: extracting github.com/pmezard/go-difflib v1.0.0

go: extracting gopkg.in/yaml.v2 v2.2.2

go: finding github.com/stretchr/testify v1.4.0

go: finding github.com/pmezard/go-difflib v1.0.0

go: finding gopkg.in/yaml.v2 v2.2.2

?   	github.com/ethereum/go-ethereum	[no test files]

ok  	github.com/ethereum/go-ethereum/accounts	0.026s	coverage: 30.6% of statements

ok  	github.com/ethereum/go-ethereum/accounts/abi	0.038s	coverage: 88.9% of statements

ok  	github.com/ethereum/go-ethereum/accounts/abi/bind	3.720s	coverage: 53.2% of statements

ok  	github.com/ethereum/go-ethereum/accounts/abi/bind/backends	0.075s	coverage: 64.1% of statements

?   	github.com/ethereum/go-ethereum/accounts/external	[no test files]

ok  	github.com/ethereum/go-ethereum/accounts/keystore	18.991s	coverage: 76.3% of statements

?   	github.com/ethereum/go-ethereum/accounts/scwallet	[no test files]

?   	github.com/ethereum/go-ethereum/accounts/usbwallet	[no test files]

?   	github.com/ethereum/go-ethereum/accounts/usbwallet/trezor	[no test files]

?   	github.com/ethereum/go-ethereum/cmd/abidump	[no test files]

?   	github.com/ethereum/go-ethereum/cmd/abigen	[no test files]

?   	github.com/ethereum/go-ethereum/cmd/bootnode	[no test files]

?   	github.com/ethereum/go-ethereum/cmd/checkpoint-admin	[no test files]

?   	github.com/ethereum/go-ethereum/cmd/clef	[no test files]

ok  	github.com/ethereum/go-ethereum/cmd/devp2p	0.030s	coverage: 10.3% of statements

ok  	github.com/ethereum/go-ethereum/cmd/ethkey	1.614s	coverage: 2.0% of statements

?   	github.com/ethereum/go-ethereum/cmd/evm	[no test files]

?   	github.com/ethereum/go-ethereum/cmd/evm/internal/compiler	[no test files]

?   	github.com/ethereum/go-ethereum/cmd/faucet	[no test files]

ok  	github.com/ethereum/go-ethereum/cmd/geth	7.688s	coverage: 1.6% of statements

?   	github.com/ethereum/go-ethereum/cmd/p2psim	[no test files]

ok  	github.com/ethereum/go-ethereum/cmd/puppeth	0.025s	coverage: 8.6% of statements

?   	github.com/ethereum/go-ethereum/cmd/rlpdump	[no test files]

ok  	github.com/ethereum/go-ethereum/cmd/utils	0.030s	coverage: 2.3% of statements

?   	github.com/ethereum/go-ethereum/cmd/wnode	[no test files]

ok  	github.com/ethereum/go-ethereum/common	0.003s	coverage: 39.3% of statements

ok  	github.com/ethereum/go-ethereum/common/bitutil	0.004s	coverage: 95.7% of statements

ok  	github.com/ethereum/go-ethereum/common/compiler	0.003s	coverage: 0.0% of statements

ok  	github.com/ethereum/go-ethereum/common/fdlimit	0.002s	coverage: 73.7% of statements

ok  	github.com/ethereum/go-ethereum/common/hexutil	0.002s	coverage: 80.9% of statements

ok  	github.com/ethereum/go-ethereum/common/math	0.002s	coverage: 92.4% of statements

ok  	github.com/ethereum/go-ethereum/common/mclock	0.002s	coverage: 79.6% of statements

ok  	github.com/ethereum/go-ethereum/common/prque	0.963s	coverage: 74.0% of statements

?   	github.com/ethereum/go-ethereum/consensus	[no test files]

ok  	github.com/ethereum/go-ethereum/consensus/clique	0.123s	coverage: 52.5% of statements

ok  	github.com/ethereum/go-ethereum/consensus/ethash	9.424s	coverage: 63.7% of statements

?   	github.com/ethereum/go-ethereum/consensus/misc	[no test files]

ok  	github.com/ethereum/go-ethereum/console	0.610s	coverage: 40.3% of statements

ok  	github.com/ethereum/go-ethereum/contracts/checkpointoracle	0.737s	coverage: 0.0% of statements

?   	github.com/ethereum/go-ethereum/contracts/checkpointoracle/contract	[no test files]

ok  	github.com/ethereum/go-ethereum/core	23.261s	coverage: 73.1% of statements

ok  	github.com/ethereum/go-ethereum/core/asm	0.022s	coverage: 72.6% of statements

ok  	github.com/ethereum/go-ethereum/core/bloombits	2.756s	coverage: 95.5% of statements

ok  	github.com/ethereum/go-ethereum/core/forkid	0.022s	coverage: 85.9% of statements

ok  	github.com/ethereum/go-ethereum/core/rawdb	0.995s	coverage: 48.2% of statements

ok  	github.com/ethereum/go-ethereum/core/state	7.878s	coverage: 76.9% of statements

ok  	github.com/ethereum/go-ethereum/core/types	0.250s	coverage: 50.1% of statements

ok  	github.com/ethereum/go-ethereum/core/vm	0.187s	coverage: 40.3% of statements

ok  	github.com/ethereum/go-ethereum/core/vm/runtime	0.024s	coverage: 78.6% of statements

ok  	github.com/ethereum/go-ethereum/crypto	0.056s	coverage: 80.5% of statements

ok  	github.com/ethereum/go-ethereum/crypto/blake2b	0.063s	coverage: 90.6% of statements

?   	github.com/ethereum/go-ethereum/crypto/bn256	[no test files]

ok  	github.com/ethereum/go-ethereum/crypto/bn256/cloudflare	0.079s	coverage: 81.3% of statements

ok  	github.com/ethereum/go-ethereum/crypto/bn256/google	0.521s	coverage: 91.6% of statements

ok  	github.com/ethereum/go-ethereum/crypto/ecies	0.030s	coverage: 75.9% of statements

ok  	github.com/ethereum/go-ethereum/crypto/secp256k1	1.132s	coverage: 30.6% of statements

ok  	github.com/ethereum/go-ethereum/eth	45.807s	coverage: 34.6% of statements

ok  	github.com/ethereum/go-ethereum/eth/downloader	99.859s	coverage: 78.5% of statements

ok  	github.com/ethereum/go-ethereum/eth/fetcher	10.913s	coverage: 91.4% of statements

ok  	github.com/ethereum/go-ethereum/eth/filters	2.402s	coverage: 53.8% of statements

?   	github.com/ethereum/go-ethereum/eth/gasprice	[no test files]

ok  	github.com/ethereum/go-ethereum/eth/tracers	0.246s	coverage: 78.8% of statements

?   	github.com/ethereum/go-ethereum/eth/tracers/internal/tracers	[no test files]

ok  	github.com/ethereum/go-ethereum/ethclient	0.056s	coverage: 14.0% of statements

?   	github.com/ethereum/go-ethereum/ethdb	[no test files]

?   	github.com/ethereum/go-ethereum/ethdb/dbtest	[no test files]

ok  	github.com/ethereum/go-ethereum/ethdb/leveldb	0.018s	coverage: 15.1% of statements

ok  	github.com/ethereum/go-ethereum/ethdb/memorydb	0.003s	coverage: 81.6% of statements

?   	github.com/ethereum/go-ethereum/ethstats	[no test files]

ok  	github.com/ethereum/go-ethereum/event	0.588s	coverage: 94.3% of statements

ok  	github.com/ethereum/go-ethereum/graphql	0.028s	coverage: 2.0% of statements

?   	github.com/ethereum/go-ethereum/internal/build	[no test files]

?   	github.com/ethereum/go-ethereum/internal/cmdtest	[no test files]

?   	github.com/ethereum/go-ethereum/internal/debug	[no test files]

?   	github.com/ethereum/go-ethereum/internal/ethapi	[no test files]

ok  	github.com/ethereum/go-ethereum/internal/guide	11.790s	coverage: [no statements]

ok  	github.com/ethereum/go-ethereum/internal/jsre	0.107s	coverage: 48.9% of statements

?   	github.com/ethereum/go-ethereum/internal/jsre/deps	[no test files]

?   	github.com/ethereum/go-ethereum/internal/testlog	[no test files]

?   	github.com/ethereum/go-ethereum/internal/web3ext	[no test files]

panic: runtime error: invalid memory address or nil pointer dereference

[signal SIGSEGV: segmentation violation code=0x1 addr=0x0 pc=0xcc89af]



goroutine 4535958 [running]:

github.com/ethereum/go-ethereum/les.(*serverHandler).broadcastHeaders(0xc0019a9d10)

	/home/travis/gopath/src/github.com/ethereum/go-ethereum/les/server_handler.go:907 +0xcf

created by github.com/ethereum/go-ethereum/les.(*serverHandler).start

	/home/travis/gopath/src/github.com/ethereum/go-ethereum/les/server_handler.go:93 +0x6c

FAIL	github.com/ethereum/go-ethereum/les	16.235s

?   	github.com/ethereum/go-ethereum/les/checkpointoracle	[no test files]

ok  	github.com/ethereum/go-ethereum/les/flowcontrol	10.458s	coverage: 37.9% of statements

ok  	github.com/ethereum/go-ethereum/light	0.760s	coverage: 38.0% of statements

?   	github.com/ethereum/go-ethereum/log	[no test files]

ok  	github.com/ethereum/go-ethereum/metrics	5.364s	coverage: 48.6% of statements

?   	github.com/ethereum/go-ethereum/metrics/exp	[no test files]

?   	github.com/ethereum/go-ethereum/metrics/influxdb	[no test files]

?   	github.com/ethereum/go-ethereum/metrics/librato	[no test files]

?   	github.com/ethereum/go-ethereum/metrics/prometheus	[no test files]

ok  	github.com/ethereum/go-ethereum/miner	11.955s	coverage: 66.7% of statements

ok  	github.com/ethereum/go-ethereum/mobile	0.032s	coverage: 15.2% of statements

ok  	github.com/ethereum/go-ethereum/node	0.665s	coverage: 43.0% of statements

ok  	github.com/ethereum/go-ethereum/p2p	2.332s	coverage: 76.4% of statements

ok  	github.com/ethereum/go-ethereum/p2p/discover	71.128s	coverage: 76.2% of statements

ok  	github.com/ethereum/go-ethereum/p2p/discv5	8.063s	coverage: 46.0% of statements

ok  	github.com/ethereum/go-ethereum/p2p/dnsdisc	0.820s	coverage: 86.7% of statements

ok  	github.com/ethereum/go-ethereum/p2p/enode	1.548s	coverage: 81.3% of statements

ok  	github.com/ethereum/go-ethereum/p2p/enr	0.004s	coverage: 62.3% of statements

ok  	github.com/ethereum/go-ethereum/p2p/nat	2.607s	coverage: 20.3% of statements

ok  	github.com/ethereum/go-ethereum/p2p/netutil	0.010s	coverage: 84.1% of statements

ok  	github.com/ethereum/go-ethereum/p2p/simulations	2.568s	coverage: 69.0% of statements

ok  	github.com/ethereum/go-ethereum/p2p/simulations/adapters	0.036s	coverage: 0.2% of statements

?   	github.com/ethereum/go-ethereum/p2p/simulations/examples	[no test files]

?   	github.com/ethereum/go-ethereum/p2p/simulations/pipes	[no test files]

?   	github.com/ethereum/go-ethereum/p2p/testing	[no test files]

ok  	github.com/ethereum/go-ethereum/params	0.020s	coverage: 49.6% of statements

ok  	github.com/ethereum/go-ethereum/rlp	0.010s	coverage: 96.6% of statements

ok  	github.com/ethereum/go-ethereum/rpc	7.416s	coverage: 77.1% of statements

ok  	github.com/ethereum/go-ethereum/signer/core	3.750s	coverage: 42.0% of statements

ok  	github.com/ethereum/go-ethereum/signer/fourbyte	2.719s	coverage: 46.9% of statements

ok  	github.com/ethereum/go-ethereum/signer/rules	0.166s	coverage: 78.6% of statements

?   	github.com/ethereum/go-ethereum/signer/rules/deps	[no test files]

ok  	github.com/ethereum/go-ethereum/signer/storage	0.005s	coverage: 52.3% of statements

ok  	github.com/ethereum/go-ethereum/tests	125.723s	coverage: 68.5% of statements

?   	github.com/ethereum/go-ethereum/tests/fuzzers/keystore	[no test files]

?   	github.com/ethereum/go-ethereum/tests/fuzzers/rlp	[no test files]

?   	github.com/ethereum/go-ethereum/tests/fuzzers/trie	[no test files]

?   	github.com/ethereum/go-ethereum/tests/fuzzers/txfetcher	[no test files]

?   	github.com/ethereum/go-ethereum/tests/fuzzers/whisperv6	[no test files]

ok  	github.com/ethereum/go-ethereum/trie	3.275s	coverage: 71.6% of statements

ok  	github.com/ethereum/go-ethereum/whisper/mailserver	0.152s	coverage: 66.7% of statements

?   	github.com/ethereum/go-ethereum/whisper/shhclient	[no test files]

ok  	github.com/ethereum/go-ethereum/whisper/whisperv6	17.686s	coverage: 64.5% of statements

FAIL

util.go:45: exit status 1

exit status 1

travis_time:end:177709aa:start=1581601971194202576,finish=1581602649473256197,duration=678279053621,event=script
[0K[31;1mThe command "go run build/ci.go test -coverage $TEST_PACKAGES" exited with 1.[0m





Done. Your build exited with 1.

